Sim,F_true,Nu0_true,Nu0_est,T_true,T_est,Theta,Loglik
1,0.3,0.1,0.09006566021496182,0.1,0.07376938623266817,9470.134378637948,-269.0692955644191
2,0.3,0.1,0.10019893837888297,0.1,0.0775313004826099,9250.533752404435,-269.4758062475198
3,0.3,0.1,0.08648547522112278,0.1,0.07351214184238007,9529.949432886266,-268.8196160547724
4,0.3,0.1,0.0889539959495996,0.1,0.07490885989627555,9503.235332626566,-275.16903645526565
5,0.3,0.1,0.08449507331499093,0.1,0.07676031135277965,9730.573311167642,-273.51853700106324
6,0.3,0.1,0.09029573097141086,0.1,0.06993558525506077,9308.95687465206,-270.61272724767673
7,0.3,0.1,0.08494422103763295,0.1,0.06161746088963648,9245.925144895113,-273.5343216589479
8,0.3,0.1,0.08416833255853028,0.1,0.07383019933821942,9624.665025349617,-263.8989929006141
9,0.3,0.1,0.0900321940278632,0.1,0.07092312508900003,9345.489087578442,-276.918430701377
10,0.3,0.1,0.09554040439535354,0.1,0.07569163405349179,9359.038966532542,-275.62305561871324
11,0.3,0.1,0.08410688840901427,0.1,0.07497980200570313,9679.246154623406,-270.920574461588
12,0.3,0.1,0.08851779739631047,0.1,0.07174131247928432,9453.118710821767,-267.92773661342324
13,0.3,0.1,0.09328008004301357,0.1,0.07658148540606889,9454.700997416006,-273.2561979198691
14,0.3,0.1,0.08735314099258527,0.1,0.06855925981355233,9380.330174009545,-267.773989831382
15,0.3,0.1,0.08467677506529503,0.1,0.0743222162603646,9649.63519219342,-270.34965289526895
16,0.3,0.1,0.10041824441224732,0.1,0.07411623165315841,9279.79164018559,-269.34537007985284
17,0.3,0.1,0.08408340944235432,0.1,0.06853059652749234,9586.507249888842,-261.8285964148913
18,0.3,0.1,0.08796761220887823,0.1,0.07451695544562696,9433.88867694869,-276.30672901983576
19,0.3,0.1,0.09318813460519537,0.1,0.06891656208709894,9270.286997784035,-260.67712502944175
20,0.3,0.1,0.09934152916809906,0.1,0.07473458449134558,9296.984689287892,-266.37734523109054
1,0.3,0.1,0.13992327118513315,0.2,0.18303197410227134,8599.983802198709,-281.5044708924879
2,0.3,0.1,0.1499132398737325,0.2,0.18364168973800207,8313.285797422903,-276.44909537522403
3,0.3,0.1,0.13940223921002665,0.2,0.1855190235565586,8574.113520672077,-279.6445495966093
4,0.3,0.1,0.13183345871393798,0.2,0.1831739644743394,8598.451202982773,-265.316000973761
5,0.3,0.1,0.15422352820728505,0.2,0.1929047288575695,8354.289433041828,-279.1285882964985
6,0.3,0.1,0.14694699474731787,0.2,0.1849743244347068,8486.857649731815,-275.97507668503306
7,0.3,0.1,0.14921363243865104,0.2,0.19672594205876642,8510.54724616177,-261.7927384234953
8,0.3,0.1,0.14965300239719956,0.2,0.19570348091374462,8433.98195244884,-264.26308290420627
9,0.3,0.1,0.11898957386926849,0.2,0.17111735053326432,8820.852373129223,-280.37364791465836
10,0.3,0.1,0.15675711214350302,0.2,0.19142545600868663,8288.034330571558,-283.4220681239939
11,0.3,0.1,0.1460592946450508,0.2,0.19452883909788432,8457.796165931979,-279.04416625171996
12,0.3,0.1,0.1358122303080815,0.2,0.1907367825994937,8679.167903786016,-273.9812298416846
13,0.3,0.1,0.1615887309505264,0.2,0.18641265944189028,8208.822770667144,-278.6458701404083
14,0.3,0.1,0.1428416849737747,0.2,0.18484081457129586,8448.127438466825,-276.6902188656319
15,0.3,0.1,0.14314603144465207,0.2,0.18456580664282526,8579.242168936868,-273.3777786313467
16,0.3,0.1,0.12827633336720592,0.2,0.19281248307740972,8734.862695993555,-275.10699922881906
17,0.3,0.1,0.14585475104211768,0.2,0.1885692125939951,8471.608659318621,-271.76723451463727
18,0.3,0.1,0.14436911774395714,0.2,0.19324652680772264,8557.509058177264,-271.9260939278861
19,0.3,0.1,0.1532267369604218,0.2,0.17750141747370513,8282.350459951705,-276.197127158639
20,0.3,0.1,0.14297400324171805,0.2,0.1994578295892766,8685.713039411125,-274.34092500141276
1,0.3,0.1,0.1783994159698777,0.3,0.3508855674625103,8047.222011767958,-260.19243670599235
2,0.3,0.1,0.1633454327122045,0.3,0.31266382984129826,8134.6002726351135,-250.32536524370062
3,0.3,0.1,0.2370026498402627,0.3,0.39962510282616104,7475.5572372281795,-247.08422038543097
4,0.3,0.1,0.22941306917525803,0.3,0.39227648214557936,7603.031327915211,-254.04760757294605
5,0.3,0.1,0.20201863304900028,0.3,0.3652982199360811,7824.747081048335,-255.9082995700844
6,0.3,0.1,0.19867434334537734,0.3,0.35554062534641145,7814.284117493132,-256.479648812296
7,0.3,0.1,0.23714905108948045,0.3,0.38944726586355766,7431.704747195204,-259.83074300175474
8,0.3,0.1,0.2014414075718828,0.3,0.3473537160096687,7784.912099711908,-257.58242573336986
9,0.3,0.1,0.1923587113254616,0.3,0.3316108053215365,7798.794538206103,-262.4275180548158
10,0.3,0.1,0.1737146060257285,0.3,0.35044598366258123,8074.40479829259,-258.4117666569555
11,0.3,0.1,0.21633887657240047,0.3,0.37767975653718117,7545.094201463219,-255.49541554356767
12,0.3,0.1,0.24664596901775238,0.3,0.38538677352328643,7318.000625203622,-252.88416231773078
13,0.3,0.1,0.21346623778204013,0.3,0.3596951150346418,7668.146272008215,-256.9348709712293
14,0.3,0.1,0.18924820452714824,0.3,0.33651363327683403,7773.288704448687,-262.73225174860363
15,0.3,0.1,0.2049559296805163,0.3,0.35006906751519645,7739.671129044259,-252.09179517124346
16,0.3,0.1,0.20817325280625393,0.3,0.3603012295820297,7686.809969533176,-250.56326348813025
17,0.3,0.1,0.20623754194657723,0.3,0.3806126619058038,7751.224664091087,-250.85609481663653
18,0.3,0.1,0.17186938618865855,0.3,0.33097132114319683,8041.640855999966,-247.17450170264476
19,0.3,0.1,0.21750511784159243,0.3,0.36629099968463025,7617.830185882603,-256.32051784458326
20,0.3,0.1,0.19300424150202258,0.3,0.3656904383908541,7884.708757738046,-251.6718106274394
1,0.3,0.25,0.16461809409046757,0.1,0.050379320903367775,9729.172569424745,-264.9930236488078
2,0.3,0.25,0.17763669551919029,0.1,0.05229728654917064,9666.401908559254,-256.69277059320507
3,0.3,0.25,0.17466466647508927,0.1,0.052448475459640334,9702.60848041916,-254.41455989997644
4,0.3,0.25,0.18111645292953713,0.1,0.053963774799002606,9699.886268599013,-253.9873889242706
5,0.3,0.25,0.1437748322086855,0.1,0.03328063719395524,9445.797661277764,-258.7899223645883
6,0.3,0.25,0.1663691685733374,0.1,0.05130431569139867,9712.771288380793,-259.2107423893108
7,0.3,0.25,0.1502715471123606,0.1,0.035498871428439084,9542.50393293952,-251.70460900410058
8,0.3,0.25,0.16338906468995626,0.1,0.04733528673269846,9680.76347644157,-249.89907216279516
9,0.3,0.25,0.1516507212957654,0.1,0.035888550729992204,9515.401195214607,-261.5601999099839
10,0.3,0.25,0.16692111253106556,0.1,0.04406459657218863,9567.091247442619,-255.7727145960299
11,0.3,0.25,0.17249364877653806,0.1,0.045765862359816833,9553.51547644647,-258.89202379710264
12,0.3,0.25,0.18164450220419143,0.1,0.04773220786433092,9598.674651382218,-253.0525820964723
13,0.3,0.25,0.18616782459056178,0.1,0.05806586233935134,9716.59972115201,-250.97060517783086
14,0.3,0.25,0.17115990480199333,0.1,0.0534061945475102,9783.560735710851,-251.71095164855967
15,0.3,0.25,0.1692715987964565,0.1,0.04760668661978119,9677.58009412303,-262.7670637627825
16,0.3,0.25,0.15513924937562437,0.1,0.0513831315661084,9813.257099712555,-249.02360356473423
17,0.3,0.25,0.17058540677271467,0.1,0.0459052151147369,9592.785907909272,-261.132219670038
18,0.3,0.25,0.150444822244973,0.1,0.037042100303796746,9524.972815585905,-253.77496496342178
19,0.3,0.25,0.16713338537065273,0.1,0.04575298580898159,9652.171450221545,-258.523155108527
20,0.3,0.25,0.16477192623178336,0.1,0.04833802507672733,9684.826939088236,-247.88015078986916
1,0.3,0.25,0.24014783739377316,0.2,0.1475372091920305,9519.930498070782,-278.2912763187778
2,0.3,0.25,0.23680266768192876,0.2,0.11713897618137846,9317.605570418698,-292.38445848769186
3,0.3,0.25,4.583277944805642,0.2,3.3009699647266366,5585.570007220851,-271.52718717732944
4,0.3,0.25,6.689502488327997,0.2,9.847581992489273,6256.522546905224,-246.8888116378189
5,0.3,0.25,0.25267802490459074,0.2,0.13354090303094002,9262.083250275664,-283.2032592589684
6,0.3,0.25,2.837340307923677,0.2,5.088732653841269,6398.8089986689865,-250.5141239036327
7,0.3,0.25,0.2629362453610536,0.2,0.12693429869797185,9259.698653138748,-288.2273637215286
8,0.3,0.25,0.25711882019527366,0.2,0.13139174631073697,9192.350080469982,-282.7675934466414
9,0.3,0.25,0.2586209981100089,0.2,0.1466565088845494,9397.466520506707,-286.67906578494535
10,0.3,0.25,0.2570263217935157,0.2,0.11512422517679392,8999.155950695515,-280.55005597372747
11,0.3,0.25,0.25137691341237567,0.2,0.14790626852673275,9465.015922388395,-274.35919483275825
12,0.3,0.25,0.2348477348996579,0.2,0.12403604547322973,9383.057925753343,-286.62306184359977
13,0.3,0.25,3.766511862146552,0.2,6.38777439648026,6268.7272020288165,-264.8913641246039
14,0.3,0.25,0.27410006488609573,0.2,0.12391384889200205,9087.905001639023,-283.9603351131311
15,0.3,0.25,0.2578327003888722,0.2,0.12271415206837441,9186.503187862421,-285.9370980009404
16,0.3,0.25,5.18661351288036,0.2,8.340158495232107,6273.5189458821815,-265.5592542606237
17,0.3,0.25,0.26919247722575257,0.2,0.13330157411389873,9197.634933313733,-286.48399002987344
18,0.3,0.25,0.27214982930278675,0.2,0.1339431168270457,9211.168663931949,-290.81574289985065
19,0.3,0.25,0.24481398500856083,0.2,0.12413841217469129,9262.754799264609,-288.513711452536
20,0.3,0.25,0.2692205294291182,0.2,0.12388890270677506,9056.963055297048,-283.40059155285564
1,0.3,0.25,0.37024112129675113,0.3,0.24509413104923908,8663.192559718702,-290.24501646443696
2,0.3,0.25,0.3579528346102621,0.3,0.20636185448614705,8676.283366044121,-282.2999675345493
3,0.3,0.25,0.3098607477027309,0.3,0.23473969403747647,8997.026944228475,-283.80544891551574
4,0.3,0.25,0.3400681370829617,0.3,0.23347482988753124,8648.343605979226,-280.5763923239084
5,0.3,0.25,0.3316959335017893,0.3,0.2377298082819042,8832.314802620202,-286.93639374429927
6,0.3,0.25,3.733985211097575,0.3,9.594070417672254,6403.2687263119005,-276.44219884996096
7,0.3,0.25,0.4047488593909303,0.3,0.2810811010300794,8580.841243078074,-291.7391518746298
8,0.3,0.25,0.3507767029535106,0.3,0.21770635241735595,8680.203025727238,-281.41461158230913
9,0.3,0.25,0.38937704432992115,0.3,0.19055717119893417,8421.651117711364,-293.4410049411184
10,0.3,0.25,0.29130406378369833,0.3,0.23946049094462862,9040.009607213475,-275.1737351692876
11,0.3,0.25,0.38022679306293267,0.3,0.23594241289021795,8597.331340471139,-271.4969926384873
12,0.3,0.25,0.39725249675050534,0.3,0.2341825399289781,8501.913168303856,-287.3965106853658
13,0.3,0.25,0.34957366681028923,0.3,0.23791695674079907,8762.920343416434,-273.8734603272753
14,0.3,0.25,0.38914306682885874,0.3,0.2028187310469279,8480.823005111792,-282.4505979530919
15,0.3,0.25,0.3164520233510194,0.3,0.2405539510819201,8851.427144085495,-290.25055239519145
16,0.3,0.25,0.36569644774420695,0.3,0.24135968442356162,8717.684358393908,-282.59806751644294
17,0.3,0.25,0.34112235643590433,0.3,0.24018494186158865,8859.87254422499,-296.23547595607545
18,0.3,0.25,0.3069461329014389,0.3,0.24314454607096136,9072.208263983955,-278.6934334916457
19,0.3,0.25,0.33392291024949977,0.3,0.2297950033115103,8850.617136903902,-284.41143954402855
20,0.3,0.25,0.2973488939455194,0.3,0.2460733707318807,9069.272055341298,-295.156398895195
1,0.3,0.5,0.22641714493966614,0.1,0.024607840547111303,9776.67751069586,-237.41899174448668
2,0.3,0.5,0.22452000450635345,0.1,0.025500481154141448,9863.727869268898,-233.37330416140867
3,0.3,0.5,0.21583679751510565,0.1,0.016822478280964805,9566.70032281074,-232.58345659038798
4,0.3,0.5,0.17163136312280214,0.1,0.014331387226748047,9583.206291543032,-232.85847529719763
5,0.3,0.5,0.21375434855218076,0.1,0.019078176071782162,9671.870541038641,-239.36421072385542
6,0.3,0.5,0.24138362981388586,0.1,0.024693091195286447,9740.47035260726,-238.53278724393067
7,0.3,0.5,0.1497506850322499,0.1,0.012485340996850721,9704.848147859053,-232.18256007689968
8,0.3,0.5,0.14188523255616078,0.1,0.013547886938508216,9690.58651553768,-231.87401111324914
9,0.3,0.5,0.19949508113875905,0.1,0.020098165353201053,9734.868834768386,-240.68744840787406
10,0.3,0.5,0.2525300972480431,0.1,0.02822663886897344,9805.861903018053,-242.83496679542986
11,0.3,0.5,0.1958035512700397,0.1,0.017045394213852913,9632.650122306573,-234.55921561635614
12,0.3,0.5,0.21420481187307933,0.1,0.018685947912313764,9607.012817946985,-241.034700264942
13,0.3,0.5,0.15743195642892915,0.1,0.014704112820946358,9760.963772495154,-237.53962119678204
14,0.3,0.5,0.1659914783926474,0.1,0.015930511566900764,9760.839386568041,-235.63387643947453
15,0.3,0.5,0.11033511875695282,0.1,0.008503121232210224,9579.506867166303,-238.80170184455847
16,0.3,0.5,0.17602551498825192,0.1,0.015480541436223813,9659.980890039236,-230.54704618747837
17,0.3,0.5,0.17288044717151624,0.1,0.01599729252978239,9768.991045089157,-235.80978896698923
18,0.3,0.5,0.22951031874074138,0.1,0.02352373798948028,9715.801199539897,-230.81317528315776
19,0.3,0.5,0.2536527897814224,0.1,0.024001324465958176,9737.402418424672,-230.91052847991466
20,0.3,0.5,0.20524307542023162,0.1,0.021774638956920188,9711.707880595812,-236.5864002370272
1,0.3,0.5,0.18162048740231432,0.2,0.010581478871135074,9104.216236097918,-262.2390484726751
2,0.3,0.5,0.32893602213021267,0.2,0.04314298035516608,9434.690893405355,-261.6187323861302
3,0.3,0.5,0.244487886833694,0.2,0.023595499158869614,9390.173394787507,-271.44556397700717
4,0.3,0.5,0.32886054137292525,0.2,0.04288141952357844,9506.744651838633,-259.2005287010778
5,0.3,0.5,0.3509614923069231,0.2,0.04332622761723553,9444.5938452334,-258.4828861980078
6,0.3,0.5,0.33675930478850563,0.2,0.04480394662651803,9494.386997722744,-263.6634355561715
7,0.3,0.5,0.3463554131175818,0.2,0.03215496732326772,9242.725425892373,-260.83532735157837
8,0.3,0.5,0.2792420295841963,0.2,0.029924840228515926,9406.492264522065,-259.0351609396174
9,0.3,0.5,0.28713645156739154,0.2,0.03226058460180343,9482.209828966907,-265.0630578001683
10,0.3,0.5,0.3712427163649044,0.2,0.04191290111849366,9305.679211977018,-258.43136017438496
11,0.3,0.5,0.3750114866796831,0.2,0.03945411898284426,9241.494664059192,-262.12183078678333
12,0.3,0.5,0.24289630515879776,0.2,0.02069960681241558,9366.491447197015,-260.68877139337235
13,0.3,0.5,0.26083050147689285,0.2,0.023772277335413955,9384.161482594947,-264.3311985617589
14,0.3,0.5,0.31434482337310354,0.2,0.032774227570212304,9434.370345876672,-266.26857772063454
15,0.3,0.5,0.2968590631785097,0.2,0.023898211372524802,9314.916037877809,-266.3106366841397
16,0.3,0.5,0.29076348901383536,0.2,0.02732773437937737,9367.74116568443,-263.48774352601924
17,0.3,0.5,0.3096076160679805,0.2,0.03554586932476428,9422.789229975473,-264.9729202002977
18,0.3,0.5,0.2959671708419354,0.2,0.024231209239450515,9285.88670149033,-259.7500348554196
19,0.3,0.5,0.28749159294037,0.2,0.028522970542149605,9443.709437658357,-259.3400209607695
20,0.3,0.5,0.32750961445069066,0.2,0.033425215941219576,9393.2480927615,-260.1836224644011
1,0.3,0.5,0.17205202793076077,0.3,0.009382117923500015,8898.799174732652,-280.73764726370655
2,0.3,0.5,0.03176886822257369,0.3,0.0016006869471670482,8826.456271798772,-275.21151773245424
3,0.3,0.5,0.0360850146242057,0.3,0.002021327104131548,8877.716969076262,-264.68501292213
4,0.3,0.5,0.3245473051155234,0.3,0.015497299379226698,8836.23357631046,-259.82389013446345
5,0.3,0.5,0.037746292609360146,0.3,0.001962741080193507,9000.321492757952,-284.25331808588453
6,0.3,0.5,0.319909597461948,0.3,0.014711655647980583,8891.066806877232,-276.0592607254134
7,0.3,0.5,0.29213865715688975,0.3,0.01724527881499308,8988.502608899584,-270.6404094255405
8,0.3,0.5,0.34140282659697363,0.3,0.02069070612996933,8929.367706876652,-269.7299443666425
9,0.3,0.5,0.4516221742208986,0.3,0.03165486452829742,8878.56425184905,-274.70148328449363
10,0.3,0.5,0.05117074142759431,0.3,0.0027123009134089,8935.09989394083,-272.86518211543023
11,0.3,0.5,0.4418585600497916,0.3,0.10194997863587026,9469.50927701704,-281.44009408668785
12,0.3,0.5,0.19941851736165878,0.3,0.009788287460055665,8907.4516066119,-273.79017565537424
13,0.3,0.5,0.5238753809632767,0.3,0.15125648020505653,9257.654968175488,-275.6109969374978
14,0.3,0.5,0.3197010089666829,0.3,0.021217857994963125,9058.02766503243,-276.9487920404441
15,0.3,0.5,0.4633279777995252,0.3,0.09770853782405106,9306.621158617847,-282.0616819301125
16,0.3,0.5,0.33515878239085684,0.3,0.016746202099723592,8898.74170329817,-281.21231609152164
17,0.3,0.5,0.45911489664849703,0.3,0.038571369946506694,8948.176178157499,-277.1365011243961
18,0.3,0.5,0.43483144221083064,0.3,0.09184606750946964,9464.52888178945,-269.0998910812351
19,0.3,0.5,0.4275385894898904,0.3,0.05939445306079643,9207.087848853853,-273.3768318627467
20,0.3,0.5,0.186208510518212,0.3,0.010338728469748728,9037.323372269755,-273.7483625852125
