Sim,F_true,Nu0_true,Nu0_est,T_true,T_est,M21_true,M21_est,Theta,Loglik
1,0.3,0.1,0.0931958059132938,0.1,0.08983989190506526,0.5,0.3858211701961371,9920.664179105108,-5458.137143291893
2,0.3,0.1,0.09680710567750855,0.1,0.09475570544125203,0.5,0.33216370804002326,9907.133247661928,-5475.869217024608
3,0.3,0.1,0.09395797993515646,0.1,0.09236337050773538,0.5,0.4434018188992755,9966.53355503101,-5438.023136596829
4,0.3,0.1,0.09984928717842134,0.1,0.09777496110959723,0.5,0.5226763785854305,9993.058348854705,-5494.850866566475
5,0.3,0.1,0.09550662598381347,0.1,0.09165692734371363,0.5,0.3859630089169104,9904.004671007897,-5472.662563553917
6,0.3,0.1,0.10548643614350182,0.1,0.1042309555402195,0.5,0.4135022497194541,9874.934380264975,-5482.944076177375
7,0.3,0.1,0.09291018417203119,0.1,0.09327702103340887,0.5,0.42640549430124974,10054.635772667954,-5471.8956139551165
8,0.3,0.1,0.09578284769757757,0.1,0.09401034617992479,0.5,0.43839588762928905,9931.751042076039,-5456.606809171649
9,0.3,0.1,0.09517111493061647,0.1,0.09441457943807026,0.5,0.4691584041515676,10020.745014267708,-5479.637096489453
10,0.3,0.1,0.09296054981805729,0.1,0.09250071466126303,0.5,0.39613487773484873,9952.666615317983,-5488.09911460548
11,0.3,0.1,0.0957319931451231,0.1,0.09351243240776164,0.5,0.4714719515171447,10022.05554086846,-5441.245338584726
12,0.3,0.1,0.09445671445309825,0.1,0.09507038428497175,0.5,0.3627040537603897,10015.578438204826,-5444.33518109612
13,0.3,0.1,0.1031385917005457,0.1,0.10501001046382173,0.5,0.5237583554063872,9932.811075982147,-5481.785081505665
14,0.3,0.1,0.09459547316518127,0.1,0.09574662133778969,0.5,0.4208989925311679,9944.966482779064,-5471.658827473457
15,0.3,0.1,0.09598931839078782,0.1,0.09466539849047113,0.5,0.49346285126113254,9998.837357575941,-5475.086698430396
16,0.3,0.1,0.0937496182374102,0.1,0.09510811143403414,0.5,0.4921777979388612,10029.617936371495,-5465.234133306147
17,0.3,0.1,0.0978986877474826,0.1,0.09743316766183863,0.5,0.4521845056382887,9943.92997422658,-5465.437860283724
18,0.3,0.1,0.09155628393703596,0.1,0.09323631055424393,0.5,0.5568555244710462,9957.896720937757,-5459.853665336708
19,0.3,0.1,0.096551362678839,0.1,0.09544677328059213,0.5,0.48344249361975994,9988.813150287064,-5464.95097650249
20,0.3,0.1,0.09598798808120736,0.1,0.09324961758574131,0.5,0.39298207376133387,10073.803232889028,-5454.018319059662
1,0.3,0.1,0.09526589952731546,0.1,0.09015473908453395,1.0,0.8570965253990537,10014.867277240975,-5542.762877896155
2,0.3,0.1,0.0942469895580764,0.1,0.09251418683568044,1.0,0.9808860130394433,10092.354800398874,-5591.328892264477
3,0.3,0.1,0.09361601570409478,0.1,0.09489337160605331,1.0,1.0461010179211523,10043.33017518089,-5590.077952397114
4,0.3,0.1,0.09775529269755308,0.1,0.09681514440618122,1.0,0.8754482097456795,9935.8926675871,-5572.8160632709
5,0.3,0.1,0.09540801901736529,0.1,0.09207802963306919,1.0,0.8568981956175066,10034.49874157754,-5598.165482733829
6,0.3,0.1,0.10110693582929499,0.1,0.10068403892297714,1.0,0.8968152824151213,9999.333759973088,-5555.793306524793
7,0.3,0.1,0.09780714474226765,0.1,0.09796205074842287,1.0,0.8904855112518957,9959.97924962252,-5571.187842594945
8,0.3,0.1,0.09338571173819778,0.1,0.09363442118024375,1.0,0.9224910118921292,10042.149172348,-5544.340086182027
9,0.3,0.1,0.09844012908890941,0.1,0.09605305571798872,1.0,0.9064154727996385,9976.823302640963,-5589.050765870079
10,0.3,0.1,0.09616628797723338,0.1,0.09471964533569698,1.0,0.7696375626312354,10032.72685234053,-5547.998946713818
11,0.3,0.1,0.09871704970214568,0.1,0.09628777801369827,1.0,0.8638736068576457,9903.681551116568,-5544.167653191531
12,0.3,0.1,0.09484935441409283,0.1,0.09254192732105931,1.0,0.9733840312476847,10070.817709335264,-5563.416156569036
13,0.3,0.1,0.09586042694803279,0.1,0.09283895263833236,1.0,0.8964776206266967,10049.031831038052,-5592.31052477137
14,0.3,0.1,0.09585205248445508,0.1,0.09560257634197553,1.0,0.9116826879275094,9982.708534882366,-5584.51240974495
15,0.3,0.1,0.09740486475496644,0.1,0.0952947556558379,1.0,0.8591944308196374,10052.032705725249,-5566.413156545193
16,0.3,0.1,0.09679647172961617,0.1,0.09513320859219324,1.0,0.8383709991059853,10069.844781638258,-5570.8754642248805
17,0.3,0.1,0.09718527039187294,0.1,0.09456806868196269,1.0,0.8859267693352845,9917.13990160389,-5540.978138094811
18,0.3,0.1,0.09277354395608159,0.1,0.09313510801525014,1.0,0.8846612877732426,10084.715843140251,-5579.47298616395
19,0.3,0.1,0.09797469142823473,0.1,0.09622864267650083,1.0,0.8965493745216756,9951.828243167092,-5578.467847964607
20,0.3,0.1,0.08059727021220117,0.1,0.08150941307050627,1.0,1.0902937610687427,10105.728450157967,-5589.079790942391
1,0.3,0.1,0.09515871176354257,0.1,0.09231508547877884,1.5,1.2794678637871035,10137.768124050248,-5681.247664855075
2,0.3,0.1,0.10049750224435554,0.1,0.10334506205053003,1.5,1.548165125212223,9938.537241890237,-5623.094315002736
3,0.3,0.1,0.09472692379063913,0.1,0.09162206424144358,1.5,1.345099090950096,10008.956809930989,-5642.418583374196
4,0.3,0.1,0.09590778966843728,0.1,0.09308144981019853,1.5,1.4030120937717898,10050.047453362375,-5646.404124075719
5,0.3,0.1,0.09696331834275175,0.1,0.09191343367222637,1.5,1.4677525184078861,10051.14544997869,-5650.136193364713
6,0.3,0.1,0.09234049817838805,0.1,0.09111482189406983,1.5,1.4132972474732106,10082.343755600667,-5666.689088067556
7,0.3,0.1,0.08817632532377766,0.1,0.08336330289502505,1.5,1.2637941465101525,10155.399981179493,-5644.999413123325
8,0.3,0.1,0.09474793126374448,0.1,0.09462017704960941,1.5,1.4638059462674362,10035.101904019964,-5664.033197173438
9,0.3,0.1,0.09477248683129502,0.1,0.09392387249845423,1.5,1.3655852055081228,10069.223860291624,-5643.144733111534
10,0.3,0.1,0.10306471453146687,0.1,0.09765126511000456,1.5,1.2677425420853514,9762.424731293715,-5636.2392881613905
11,0.3,0.1,0.09623626301499336,0.1,0.09621690511782577,1.5,1.3309407371428723,10015.77709950775,-5632.647352808814
12,0.3,0.1,0.09627248601541528,0.1,0.09719211862832648,1.5,1.5107466112055967,9956.27340717249,-5632.4793846194225
13,0.3,0.1,0.09203186886977804,0.1,0.0906651496488981,1.5,1.270893279112837,10055.348642658346,-5610.157542305542
14,0.3,0.1,0.09662874546735783,0.1,0.09463143593292345,1.5,1.4334845712949627,10010.300113495257,-5658.3921769783965
15,0.3,0.1,0.09785731578161411,0.1,0.09711644338651793,1.5,1.3484453584613996,10011.919071064438,-5653.936610991481
16,0.3,0.1,0.09665461969428632,0.1,0.09497233669168466,1.5,1.3495468946209837,10046.517289571235,-5621.335516044283
17,0.3,0.1,0.09729170042902671,0.1,0.09596819401800051,1.5,1.3916711029110431,9992.935923859992,-5619.89918099329
18,0.3,0.1,0.09651890900820552,0.1,0.0973803464383129,1.5,1.4338002364017746,9965.201814020573,-5646.031637719653
19,0.3,0.1,0.09499973901148571,0.1,0.09619620544186808,1.5,1.4581003713672045,10036.6467351387,-5642.832406052279
20,0.3,0.1,0.09765143249582262,0.1,0.09626405257304871,1.5,1.301970958570197,9968.664479884044,-5649.759214096773
1,0.3,0.1,0.09243276391774151,0.2,0.1919729572825565,0.5,0.5471604574844895,9976.597159024393,-4650.099343936807
2,0.3,0.1,0.09207447461025854,0.2,0.18267002083388456,0.5,0.4518962602156316,10066.168340292517,-4666.717191794889
3,0.3,0.1,0.09535884176777122,0.2,0.18591585341033526,0.5,0.4448867572788697,10048.036116651632,-4658.334322167306
4,0.3,0.1,0.09125660048678237,0.2,0.1819026653362677,0.5,0.5173760297809143,9991.195901600151,-4651.1242574057
5,0.3,0.1,0.09470807070958592,0.2,0.21280377789299337,0.5,0.6795424401708612,9962.189279085427,-4666.473923544392
6,0.3,0.1,0.09802715521383532,0.2,0.19134327193717268,0.5,0.43247588263996767,9948.237481310118,-4640.235844821911
7,0.3,0.1,0.09869352833563717,0.2,0.18944249136124222,0.5,0.37139528281280937,9981.269934834507,-4687.889402629958
8,0.3,0.1,0.09635295945786894,0.2,0.18757574194311305,0.5,0.43196870880316224,10019.469033217893,-4636.904533400731
9,0.3,0.1,0.09361722586793128,0.2,0.1831521339155584,0.5,0.43159269863268057,9933.227730282992,-4627.968623234235
10,0.3,0.1,0.09775157952099804,0.2,0.19973414191190395,0.5,0.4713090947676632,9960.870706442363,-4635.740242237755
11,0.3,0.1,0.09643983122033674,0.2,0.19296225025914743,0.5,0.44974997292357954,9994.441956178362,-4645.184119501334
12,0.3,0.1,0.09863841017023316,0.2,0.1944754785594919,0.5,0.5098611980533503,9977.310372150685,-4648.95747795664
13,0.3,0.1,0.09283253856980851,0.2,0.18487838269116083,0.5,0.4628275613341578,9988.237174137132,-4666.194443575036
14,0.3,0.1,0.09526071862846597,0.2,0.18861263723020244,0.5,0.4703924735614394,10018.927126738085,-4676.624032666335
15,0.3,0.1,0.09786350430881924,0.2,0.19629908170598348,0.5,0.4988634844383224,9972.19500464051,-4641.763558152519
16,0.3,0.1,0.09431870492433052,0.2,0.19518576713459795,0.5,0.4903922848426461,9997.643144742202,-4645.121741936782
17,0.3,0.1,0.09725215310625436,0.2,0.1908543428361174,0.5,0.46337605111371033,9999.935641630133,-4657.7250665973115
18,0.3,0.1,0.09840093081706108,0.2,0.19321375634243093,0.5,0.41531546423220855,9992.18403158856,-4656.336978173022
19,0.3,0.1,0.09689371010640768,0.2,0.19671322735756222,0.5,0.41826765340169436,10055.012596015711,-4671.012203466645
20,0.3,0.1,0.09879096480614898,0.2,0.19669138102020847,0.5,0.44428478246211434,9961.8357388103,-4664.743783993266
1,0.3,0.1,0.09356082201530196,0.2,0.18419815390714886,1.0,0.9291561192967654,10009.065626077356,-5009.899663313345
2,0.3,0.1,0.10043473721732643,0.2,0.19289276233737213,1.0,0.8834293251974652,9955.425696629027,-5018.156724922295
3,0.3,0.1,0.09317439060415722,0.2,0.20507753455497346,1.0,1.0864500505568462,9932.23883066673,-5038.7082679003815
4,0.3,0.1,0.09439221512031765,0.2,0.19303356068482036,1.0,0.9181179400664751,9971.060689246948,-5016.910087565382
5,0.3,0.1,0.10469248655493694,0.2,0.17251712515059947,1.0,0.7677784817382256,10021.83347808644,-5057.797696701326
6,0.3,0.1,0.10143060292496267,0.2,0.19651238282116656,1.0,0.8801616282661148,9958.736048849263,-5026.306586187293
7,0.3,0.1,0.09804656125697978,0.2,0.192594186405067,1.0,0.9322262345521759,9996.950939612178,-5030.895389806698
8,0.3,0.1,0.09861810417443467,0.2,0.20329254408491634,1.0,1.0278140756595604,9961.895801694995,-4992.136368562116
9,0.3,0.1,0.09996019714918362,0.2,0.2082927278561403,1.0,1.0044612898981193,9898.34522617827,-5013.42028545458
10,0.3,0.1,0.09577733549491839,0.2,0.21045981850481835,1.0,1.05425416893337,9970.976850061155,-5019.804393415143
11,0.3,0.1,0.09898577539392193,0.2,0.18843061142626116,1.0,0.9234418508089948,9971.23757090903,-5002.130979842999
12,0.3,0.1,0.09758049595755017,0.2,0.19056079696665554,1.0,0.861345640910289,10059.71384437993,-5000.011173681463
13,0.3,0.1,0.09415191472982935,0.2,0.19358541969706253,1.0,0.9741796460277427,10000.226322960085,-4999.542811496645
14,0.3,0.1,0.1040545734703642,0.2,0.21261402527805107,1.0,0.8959744320191837,9891.14689019877,-5010.1889679766045
15,0.3,0.1,0.09764395413786994,0.2,0.2132433162551614,1.0,1.0399888099094443,9956.212295886084,-5028.120761716231
16,0.3,0.1,0.09623032820625148,0.2,0.2007329908998489,1.0,1.0306195585948914,9990.839333030406,-5011.307273953917
17,0.3,0.1,0.09942607009415397,0.2,0.19722847245820713,1.0,0.9479271252313634,10015.344818416976,-4980.882568000492
18,0.3,0.1,0.09128417880147736,0.2,0.1966993550527901,1.0,1.0813886766821705,9960.418750293822,-5027.570663943332
19,0.3,0.1,0.1001255833888133,0.2,0.20467229123254174,1.0,0.9721307022972918,9928.169071473498,-5035.237027595616
20,0.3,0.1,0.09344274424333632,0.2,0.18804017875721274,1.0,0.9520032007451176,10058.407027466292,-5011.41650143062
1,0.3,0.1,0.09238874056416763,0.2,0.17751440073202848,1.5,1.4060976500095712,10028.662869685615,-5267.917054015787
2,0.3,0.1,0.09941267692017777,0.2,0.20737352428929487,1.5,1.4987313359738936,9877.78481993313,-5244.539341497464
3,0.3,0.1,0.09897616407262122,0.2,0.1931660740670988,1.5,1.4090392385889332,9994.21424232237,-5249.876667935403
4,0.3,0.1,0.09156438097919829,0.2,0.19280197784541248,1.5,1.529934196352979,10015.396659954693,-5255.339859865575
5,0.3,0.1,0.10008136117470952,0.2,0.2055472754469137,1.5,1.4667583069755965,9929.239640902726,-5250.038255288249
6,0.3,0.1,0.09385839882638418,0.2,0.18782108926303281,1.5,1.4560794848153957,10011.565238357398,-5282.469099729933
7,0.3,0.1,0.0922418514831772,0.2,0.1635631603572183,1.5,1.3164608227580719,10054.942555024758,-5263.893929983879
8,0.3,0.1,0.09791876764279414,0.2,0.19170497821842064,1.5,1.394328286385058,10039.193752279329,-5247.748444845908
9,0.3,0.1,0.10109245680824211,0.2,0.18518305516804698,1.5,1.361868550027967,9994.346447733058,-5273.577080491051
10,0.3,0.1,0.0963089660268375,0.2,0.1808625966433243,1.5,1.4141145860240023,10027.765368331618,-5246.2381737441765
11,0.3,0.1,0.09674166703611117,0.2,0.1946637755522689,1.5,1.438940199673129,9976.581074209194,-5231.631772855226
12,0.3,0.1,0.10114128044963976,0.2,0.18338126824527157,1.5,1.3112875627471852,9932.810326775294,-5243.360233553289
13,0.3,0.1,0.0986570831088098,0.2,0.19852670704598002,1.5,1.444612098330706,9980.669828516939,-5247.8829070993415
14,0.3,0.1,0.09336590725212211,0.2,0.191556708518595,1.5,1.460008457597449,9981.745574885774,-5251.9602367323005
15,0.3,0.1,0.1063030889872898,0.2,0.2046188297345912,1.5,1.3432757036666954,9883.237008012858,-5265.295884390018
16,0.3,0.1,0.09736959542063775,0.2,0.18936605498886844,1.5,1.3988998777775559,10017.607793961317,-5279.936186808369
17,0.3,0.1,0.09805840869700594,0.2,0.19042280263344513,1.5,1.4034689106644134,9986.325279464323,-5285.337394953457
18,0.3,0.1,0.09707827987264141,0.2,0.18398470758151508,1.5,1.3910051148168798,10004.026424004418,-5280.010737614417
19,0.3,0.1,0.09237307478239358,0.2,0.21641151384399773,1.5,1.8170204997314543,9969.345507759566,-5242.063870439694
20,0.3,0.1,0.09561621686051812,0.2,0.1987603755962899,1.5,1.527671427767621,9910.010081707016,-5261.90789237912
1,0.3,0.1,0.09079766266204956,0.3,0.29079365244272226,0.5,0.5278868177930455,9992.96238197492,-4115.256841692002
2,0.3,0.1,0.09297970863735605,0.3,0.31544304216068514,0.5,0.6055065383361361,9938.332678388799,-4152.608512653842
3,0.3,0.1,0.09658323483212099,0.3,0.3104483458868297,0.5,0.4730783826640906,9954.301771982779,-4149.268018151874
4,0.3,0.1,0.092585732103341,0.3,0.2849219070050589,0.5,0.469695013289559,10050.071243628714,-4072.3427587726983
5,0.3,0.1,0.09244450575440186,0.3,0.29389128176237,0.5,0.5562498201197108,10048.906369810893,-4122.795507185553
6,0.3,0.1,0.09507864850101015,0.3,0.29134188309390385,0.5,0.4658959318039009,9945.94927790604,-4152.610765387046
7,0.3,0.1,0.0998619312704208,0.3,0.28598087029813357,0.5,0.46198377893686965,9982.161721758066,-4149.097918700263
8,0.3,0.1,0.09512928688510464,0.3,0.28145132832900516,0.5,0.5279986802722841,9973.434787599032,-4155.471987082346
9,0.3,0.1,0.09473646315704443,0.3,0.2940977781478262,0.5,0.46045751728836193,9900.493011556695,-4132.340241215306
10,0.3,0.1,0.09781818710320977,0.3,0.28936560385672194,0.5,0.42002831424655696,9977.440534973402,-4154.543664972105
11,0.3,0.1,0.0966876466089871,0.3,0.30230679843382646,0.5,0.4914157756276634,10013.586307060918,-4100.970885490411
12,0.3,0.1,0.09473456403751433,0.3,0.30215335348832884,0.5,0.4821735130377988,10013.250722063993,-4137.427804437094
13,0.3,0.1,0.09961104315596866,0.3,0.28843299764381103,0.5,0.4427270201657351,10009.750995837063,-4137.899986814959
14,0.3,0.1,0.09398769419784864,0.3,0.29509243996134393,0.5,0.5355373156437736,10003.883238668412,-4167.672928975511
15,0.3,0.1,0.09942931194154314,0.3,0.3060354721925431,0.5,0.4692577747908535,9978.399718692395,-4137.004005901057
16,0.3,0.1,0.10305381179607852,0.3,0.282470221592372,0.5,0.3436344169290981,10028.32848669197,-4149.5889688559
17,0.3,0.1,0.09635336082982078,0.3,0.29326189455846113,0.5,0.49982231710936,10009.867569440323,-4146.493946516104
18,0.3,0.1,0.0909750753077031,0.3,0.2915361228301401,0.5,0.5129226630299173,10047.063696815041,-4141.581446984208
19,0.3,0.1,0.09400699804307563,0.3,0.29612598403966284,0.5,0.4651327017389623,9974.807342825308,-4077.7292709380863
20,0.3,0.1,0.0962087169408309,0.3,0.3033202738559617,0.5,0.551911809695752,10042.73083543505,-4108.850442960982
1,0.3,0.1,0.09341789967763768,0.3,0.2862711608529442,1.0,1.0060235949244825,10041.556520495062,-4759.482090350502
2,0.3,0.1,0.09603714585485036,0.3,0.2844979773425196,1.0,0.9821325064856662,10012.883978162232,-4765.256329471193
3,0.3,0.1,0.09810542669817872,0.3,0.28660418967158346,1.0,0.9624298609535612,10003.800815991608,-4746.960603450603
4,0.3,0.1,0.10291568347201636,0.3,0.27278248440799285,1.0,0.8614984006317152,10020.40762712336,-4737.738761605918
5,0.3,0.1,0.09301529506747483,0.3,0.30191966260801145,1.0,1.0907946875847028,9911.042236547584,-4723.108465009436
6,0.3,0.1,0.10077110515300572,0.3,0.32141736645817537,1.0,0.9694216061358355,9885.799368421358,-4730.995189818829
7,0.3,0.1,0.09817989983441665,0.3,0.2991660713089529,1.0,0.9304520171481238,10068.218596083856,-4697.192548558537
8,0.3,0.1,0.09599900629530356,0.3,0.2857786088476355,1.0,0.9633911967930332,9925.88297330072,-4695.518711461849
9,0.3,0.1,0.10518020029532486,0.3,0.29860679287279435,1.0,0.8671460347249147,9969.73038162333,-4723.487565108924
10,0.3,0.1,0.08813905797518372,0.3,0.28540229052190297,1.0,1.1136174878617389,10076.356047171963,-4757.370389974416
11,0.3,0.1,0.09484066246169436,0.3,0.29661828626411146,1.0,0.9363429438307574,10042.233286338314,-4746.168110880678
12,0.3,0.1,0.09533316918601957,0.3,0.2896865522667827,1.0,0.9353411546545466,9997.252606989925,-4726.639757913985
13,0.3,0.1,0.09613434859307227,0.3,0.29937076922896816,1.0,1.0488492611010805,10005.681841560023,-4768.773922572471
14,0.3,0.1,0.09586489002823172,0.3,0.2915644791404339,1.0,0.9994133723557477,10007.663216491306,-4738.810757453146
15,0.3,0.1,0.0938322781188697,0.3,0.29811818605910895,1.0,1.032108531260578,10045.156008311227,-4759.979609112461
16,0.3,0.1,0.09403804893151567,0.3,0.29040264446361713,1.0,1.0568106054531556,10030.904610542411,-4717.013640652362
17,0.3,0.1,0.09204917182536093,0.3,0.3051321262017954,1.0,1.1069621543594317,9995.976145042598,-4754.162614648079
18,0.3,0.1,0.09214240523659123,0.3,0.2862719641602023,1.0,1.1034591280239925,10052.186412209316,-4748.427906805833
19,0.3,0.1,0.09860224563420655,0.3,0.2862791634317505,1.0,0.9123060693816867,9941.005881331123,-4715.704886679586
20,0.3,0.1,0.09726016491039492,0.3,0.30199625351044973,1.0,0.9991340376103249,9879.056530991389,-4767.584139632025
1,0.3,0.1,0.09303074055380131,0.3,0.2654921287210346,1.5,1.4964897081744912,10067.056214190421,-5087.438418645666
2,0.3,0.1,0.09883488780643943,0.3,0.3231653431861616,1.5,1.4551030637693412,9827.35436612002,-5122.111012003625
3,0.3,0.1,0.0947541608244534,0.3,0.29761586214171576,1.5,1.518313304263773,10000.781658063483,-5105.248554865515
4,0.3,0.1,0.10043563992022966,0.3,0.28228387241459413,1.5,1.4149998914486375,9989.213383742901,-5118.566824163696
5,0.3,0.1,0.09726205466547053,0.3,0.2861007746751467,1.5,1.456560292944403,9979.781551541924,-5098.870831981043
6,0.3,0.1,0.09409000956495914,0.3,0.2853926652670643,1.5,1.49627765749156,10034.181952288938,-5133.337990755304
7,0.3,0.1,0.09854859633296652,0.3,0.28680663885932295,1.5,1.5016387241442806,9981.213030493547,-5145.111842921964
8,0.3,0.1,0.09952148302804947,0.3,0.27579354133732303,1.5,1.3811555739227026,10031.414102709137,-5094.592547331105
9,0.3,0.1,0.095304389790964,0.3,0.3338929210265075,1.5,1.5279258288930224,10031.222675461542,-5131.984719632477
10,0.3,0.1,0.09491940590524586,0.3,0.29266635672298674,1.5,1.4779980503086307,9994.14437773406,-5107.766927938746
11,0.3,0.1,0.09420207193685469,0.3,0.28606884564886004,1.5,1.5751006978774098,9991.547947320192,-5104.798299933957
12,0.3,0.1,0.09707753119906143,0.3,0.2791787831030317,1.5,1.4412354318215952,9961.653538039707,-5124.866889817376
13,0.3,0.1,0.09991183347086373,0.3,0.2791488370639072,1.5,1.334922574484884,9973.314506608614,-5085.686482444535
14,0.3,0.1,0.10418914148857765,0.3,0.2824985973309746,1.5,1.3791792850824303,9909.913709165952,-5120.017915393219
15,0.3,0.1,0.09808238092958459,0.3,0.28510793273286705,1.5,1.4589289171014457,10027.344549817692,-5100.249978529938
16,0.3,0.1,0.08720037135315144,0.3,0.285030584643801,1.5,1.7422068576542673,10048.513876621773,-5109.0978754190555
17,0.3,0.1,0.08620078509087582,0.3,0.3157140809113015,1.5,1.7379027046129345,9974.518893899669,-5128.675773620142
18,0.3,0.1,0.09236724172394868,0.3,0.29281619245608037,1.5,1.5363914697390244,10106.210617200086,-5118.183053606861
19,0.3,0.1,0.09648562992590248,0.3,0.2781157126471522,1.5,1.3871985403291662,9987.929172300415,-5105.569203172364
20,0.3,0.1,0.10839652802141711,0.3,0.3030712745183762,1.5,1.2750923515016108,9916.233766000534,-5104.0683984037405
1,0.3,0.25,0.2304684018159311,0.1,0.09459864121133248,0.5,0.514830880510621,10112.245378317672,-5876.480965745806
2,0.3,0.25,0.23810936144569547,0.1,0.09804638593510347,0.5,0.419573592978355,9956.068330490496,-5861.940727421868
3,0.3,0.25,0.24249779130565166,0.1,0.09444464807147808,0.5,0.3745540894968278,9987.59338907843,-5881.296723641863
4,0.3,0.25,0.22969920738125527,0.1,0.09208114011709874,0.5,0.35552882128723046,9979.69233929827,-5848.816112397862
5,0.3,0.25,0.22318390482691108,0.1,0.08768381989867521,0.5,0.20240462890127084,10056.43191583482,-5907.242572344201
6,0.3,0.25,0.22608160619213472,0.1,0.09167910278214728,0.5,0.3729174314922371,10045.687417489695,-5882.148491044108
7,0.3,0.25,0.21186386078668507,0.1,0.09051086239160724,0.5,0.5479168674595839,10105.385128111002,-5878.015831568564
8,0.3,0.25,0.24555795089496327,0.1,0.09977777312909875,0.5,0.3879062176515795,9977.744744121743,-5885.650265895114
9,0.3,0.25,0.236960705585455,0.1,0.09539709813098277,0.5,0.3719827960172977,9918.800553774125,-5878.5599434123305
10,0.3,0.25,0.21848520996886409,0.1,0.09051897509011314,0.5,0.47309310030407536,10047.121324135982,-5905.896723216163
11,0.3,0.25,0.22981230064978275,0.1,0.09655649089256232,0.5,0.5177999704776319,9986.784202404759,-5854.330426861781
12,0.3,0.25,0.21897771897096205,0.1,0.08963638943398339,0.5,0.38843320866401493,10097.86108114053,-5875.3821134033915
13,0.3,0.25,0.23225616458468876,0.1,0.09472654750434735,0.5,0.39686484407621575,10034.091638909133,-5889.285817782513
14,0.3,0.25,0.21772598424575715,0.1,0.08910044105448049,0.5,0.3801426696615008,10083.080769337677,-5864.35216518238
15,0.3,0.25,0.2348511787759562,0.1,0.09761714165931021,0.5,0.5849647719846656,10024.648208387567,-5862.784950757645
16,0.3,0.25,0.22572783193015644,0.1,0.08912996619416881,0.5,0.25245233730532823,10012.935615926915,-5892.5900660634525
17,0.3,0.25,0.22786907585444777,0.1,0.09054323109321412,0.5,0.3520089547481377,9986.723763772885,-5860.042476587416
18,0.3,0.25,0.22942616707246374,0.1,0.09407951289839428,0.5,0.3979379699230968,10011.013457737035,-5879.526504292529
19,0.3,0.25,0.23305130458608406,0.1,0.09521527590020157,0.5,0.39594255923610244,10040.41733789521,-5884.853249387818
20,0.3,0.25,0.2322280853152565,0.1,0.09603232677819712,0.5,0.5183546057891582,10029.851267841632,-5869.072255961762
1,0.3,0.25,0.23417975038439443,0.1,0.09416925377856653,1.0,0.8719051674982012,9981.655104246023,-5878.0440549568975
2,0.3,0.25,0.22938737797650716,0.1,0.095079181664955,1.0,0.8675897843290711,9967.459487243765,-5869.033982657131
3,0.3,0.25,0.2485445143555215,0.1,0.10106324153754913,1.0,0.9710074568371166,9944.85028977029,-5866.260037227101
4,0.3,0.25,0.23493774084448066,0.1,0.09173391602574961,1.0,0.8576319193304635,10011.202632317596,-5873.965604742926
5,0.3,0.25,0.22402287923506617,0.1,0.09205086310342325,1.0,0.8473844273178803,10106.986241033075,-5886.386932357422
6,0.3,0.25,0.2547933501960813,0.1,0.10243684693884757,1.0,0.9043284827671624,9902.069507645392,-5881.235450395054
7,0.3,0.25,0.23684038732243776,0.1,0.09214166185707443,1.0,0.7487382447206852,9941.725506608233,-5877.163852071083
8,0.3,0.25,0.23263278374262714,0.1,0.09574375958967787,1.0,0.7751519288002341,9962.469740258688,-5884.181356452673
9,0.3,0.25,0.23523188393900693,0.1,0.09432935477563172,1.0,0.7855713071180404,9962.096036819577,-5871.813501674633
10,0.3,0.25,0.2335015907359381,0.1,0.09315124170834803,1.0,0.8527233198751597,10069.70467917222,-5895.90012056729
11,0.3,0.25,0.21696674104952698,0.1,0.0871332758685626,1.0,0.8106593072307458,10124.408664501798,-5884.0011141567375
12,0.3,0.25,0.24599670960252387,0.1,0.09762780784129067,1.0,0.6795530620038478,9945.65537535291,-5909.254972749417
13,0.3,0.25,0.23755551982779707,0.1,0.09588902035425043,1.0,0.9773317072202068,9945.33116581831,-5863.981195259927
14,0.3,0.25,0.22956113060281572,0.1,0.09399083094052388,1.0,0.9708258324530707,10001.234930955634,-5883.097356055097
15,0.3,0.25,0.23625756605197482,0.1,0.09365160318631374,1.0,0.8945285599828057,9971.894041280875,-5881.6089159638905
16,0.3,0.25,0.22786525302867913,0.1,0.08951098937119079,1.0,0.7453558012483615,10072.702980805863,-5890.502416708912
17,0.3,0.25,0.22737350261180223,0.1,0.0923937681190607,1.0,0.9929675107248106,10101.232886460668,-5881.035348760361
18,0.3,0.25,0.23263156996225737,0.1,0.09413523075090413,1.0,0.9469897686774881,10057.248270832599,-5866.762506883013
19,0.3,0.25,0.2321703979086227,0.1,0.08939672940039743,1.0,0.7460742240113285,10018.458739816142,-5903.79012848309
20,0.3,0.25,0.22553251255459555,0.1,0.09268212276452277,1.0,0.7048468835593487,10058.216008577705,-5880.62917552002
1,0.3,0.25,0.22531798460477248,0.1,0.0903724668137324,1.5,1.3292784342899924,10168.373307197073,-5911.908234188329
2,0.3,0.25,0.2363483247094104,0.1,0.09384097312737058,1.5,1.4077803758586278,10005.858536474,-5913.10462272408
3,0.3,0.25,0.24880261769642317,0.1,0.09905280407045437,1.5,1.2334091015527073,10008.680664507512,-5856.413899884146
4,0.3,0.25,0.23851201859563054,0.1,0.0922185612409681,1.5,1.1828138195584874,10026.852500666262,-5896.329457272398
5,0.3,0.25,0.243200496291599,0.1,0.09338940388374026,1.5,1.2290736091697974,9889.216259343022,-5879.189052286647
6,0.3,0.25,0.22962261955287255,0.1,0.09120153740304503,1.5,1.2979972164805902,10061.956021916718,-5881.987211448992
7,0.3,0.25,0.23304247521166924,0.1,0.09375207118808095,1.5,1.397688858305697,10047.970079721526,-5891.010108360291
8,0.3,0.25,0.23631800527671815,0.1,0.09566057917857375,1.5,1.3615300365963279,9959.130402766064,-5876.294619146765
9,0.3,0.25,0.24617887893596066,0.1,0.09628798628188323,1.5,1.2290553544232101,9965.883810910376,-5877.9088086009415
10,0.3,0.25,0.23545968471846224,0.1,0.09152721943341553,1.5,1.1112622865986332,10007.371696934862,-5853.981393484224
11,0.3,0.25,0.2268953732463473,0.1,0.09341161909228823,1.5,1.263052619414737,9986.17304986831,-5901.726126437255
12,0.3,0.25,0.23228919413304677,0.1,0.09530866232031604,1.5,1.4637010869720894,9969.23970553974,-5871.6018422826455
13,0.3,0.25,0.2279797995544174,0.1,0.09012818106489494,1.5,1.450438613639882,9921.299522539042,-5870.88403363068
14,0.3,0.25,0.23235663248215854,0.1,0.09428592512385446,1.5,1.3083848853852456,9936.65685516761,-5899.477472126252
15,0.3,0.25,0.22905344548152612,0.1,0.09122219222223489,1.5,1.3127605156902595,10028.757061398492,-5887.238061257543
16,0.3,0.25,0.2221927692997146,0.1,0.0915941035713805,1.5,1.5498802246255916,10044.171220274622,-5891.253527343935
17,0.3,0.25,0.23471434444720501,0.1,0.09420661227645943,1.5,1.228990888600543,10082.828938188646,-5890.468139168739
18,0.3,0.25,0.24885221086461204,0.1,0.10011532656737052,1.5,1.4787783374992487,9848.499168809014,-5896.137877370809
19,0.3,0.25,0.2301952713162657,0.1,0.08938196347218763,1.5,1.3486850967261528,9992.526861507815,-5893.554165488548
20,0.3,0.25,0.23699320334522486,0.1,0.0942475016065766,1.5,1.2642938712351686,10006.247523554674,-5878.101973451783
1,0.3,0.25,0.2478451927567719,0.2,0.19703054156694785,0.5,0.4618484473665742,9984.674232960777,-5772.537951634287
2,0.3,0.25,0.2436820519449892,0.2,0.18916596016202683,0.5,0.41333216411984863,10042.229033539987,-5812.277190727269
3,0.3,0.25,0.23857097775332864,0.2,0.19203009172617524,0.5,0.47091208051793565,9974.840674640865,-5801.529031119853
4,0.3,0.25,0.22981366624607968,0.2,0.19280076700334828,0.5,0.5299572733791378,10016.280256746713,-5759.393592275101
5,0.3,0.25,0.23070050019555136,0.2,0.1832274710581493,0.5,0.4869264383266197,10038.083149695745,-5792.728667678908
6,0.3,0.25,0.24202367915725853,0.2,0.19509151830287588,0.5,0.5431157306896197,9923.649786830683,-5777.153365398741
7,0.3,0.25,0.23374351903559976,0.2,0.18842401620575802,0.5,0.4635767649524852,10004.390530887309,-5766.665389872354
8,0.3,0.25,0.24162088841132842,0.2,0.19208344064264982,0.5,0.40559207636441413,10025.653549459535,-5787.090425883617
9,0.3,0.25,0.23025971775123097,0.2,0.18378224175816993,0.5,0.41390441705835695,10108.227148266113,-5787.0070725052865
10,0.3,0.25,0.24455394046851886,0.2,0.19998761651283148,0.5,0.44496706814345144,9947.568922761178,-5782.350882434441
11,0.3,0.25,0.22934326668754218,0.2,0.1865246259335599,0.5,0.4460813502792476,10032.805399098374,-5801.42864860485
12,0.3,0.25,0.24644493038776902,0.2,0.19786279979268992,0.5,0.43501743370298973,9954.656433751585,-5801.729332203997
13,0.3,0.25,0.2369541116860944,0.2,0.18840683706749653,0.5,0.41464488044009473,9999.705628702932,-5790.510329597338
14,0.3,0.25,0.24447415188084348,0.2,0.19316522908635372,0.5,0.4215489912701481,9952.066359798111,-5729.4731091754975
15,0.3,0.25,0.23723345836766835,0.2,0.18249812970384335,0.5,0.4327477362425657,10070.253253659843,-5773.763131839365
16,0.3,0.25,0.2436635631336613,0.2,0.18492081643921657,0.5,0.3638115941978226,10062.962549505966,-5775.029608280429
17,0.3,0.25,0.24164759601370397,0.2,0.19174932436939077,0.5,0.4787550257309394,9960.788739199284,-5777.842932367349
18,0.3,0.25,0.2443968368604579,0.2,0.19336979098889673,0.5,0.4891157426061973,9935.627216927825,-5788.741494506459
19,0.3,0.25,0.23701138932950097,0.2,0.18441206329148527,0.5,0.38893818205986685,10048.987698725947,-5797.960394986103
20,0.3,0.25,0.23439445363149003,0.2,0.18878745457960758,0.5,0.4581753436505569,10048.54973682641,-5739.8691743667205
1,0.3,0.25,0.24774298195938496,0.2,0.1871538684619939,1.0,0.894596042318522,9977.205869643567,-5888.271445573113
2,0.3,0.25,0.24675949359236765,0.2,0.20210258275938192,1.0,1.0456775753603105,9942.74410504405,-5903.892013847035
3,0.3,0.25,0.23853211951281578,0.2,0.18950028281703443,1.0,0.9744918543213276,9964.430017865629,-5897.311661774733
4,0.3,0.25,0.23165870744545208,0.2,0.1879081980706236,1.0,0.9507602316250556,10001.905981769407,-5881.098715606442
5,0.3,0.25,0.23756389596602367,0.2,0.19115599067369213,1.0,0.9594089200450271,10012.600579556176,-5896.423445219514
6,0.3,0.25,0.23522606976955762,0.2,0.19653520112885653,1.0,1.0362188396661578,10015.852366410516,-5907.670512143506
7,0.3,0.25,0.2384256761569899,0.2,0.19027073239998638,1.0,0.9942025839979158,10008.72656794122,-5909.994119215704
8,0.3,0.25,0.23369966131950695,0.2,0.18921660505843677,1.0,0.9257408257308394,10036.3476472039,-5872.147912890381
9,0.3,0.25,0.2590507967364254,0.2,0.2036175535566957,1.0,0.8643694659164702,9896.934651409621,-5900.334906827617
10,0.3,0.25,0.23627444839975925,0.2,0.1877048587045314,1.0,0.9175740030723619,10012.915427969552,-5881.683864724584
11,0.3,0.25,0.23949197743494738,0.2,0.19586089287358677,1.0,1.0421257368242989,9975.347825406616,-5921.179318027315
12,0.3,0.25,0.23292664397892682,0.2,0.20326812776705092,1.0,1.1625054169312092,9945.725089344018,-5912.96749066167
13,0.3,0.25,0.23410126402977033,0.2,0.1779383855441864,1.0,0.8963911818426604,9954.953019607387,-5905.538126299947
14,0.3,0.25,0.25807421464309627,0.2,0.21167143720129883,1.0,0.8589755931423193,9899.73995521199,-5902.004566812559
15,0.3,0.25,0.23387541999052272,0.2,0.19179393337711195,1.0,0.9486436103798245,10065.990083211387,-5879.973085192602
16,0.3,0.25,0.23648625297995307,0.2,0.18450533257273408,1.0,0.9104139824932171,10005.512034257346,-5874.357782778787
17,0.3,0.25,0.23934619510723878,0.2,0.19183816996853062,1.0,0.9524748228584229,10068.151022876846,-5903.459154615091
18,0.3,0.25,0.23005236293792963,0.2,0.1831672412566781,1.0,0.8862493332074345,10086.914331594891,-5894.012201325297
19,0.3,0.25,0.24063174985634622,0.2,0.17935775412550486,1.0,0.8409630633178733,9999.662619724668,-5912.439710022776
20,0.3,0.25,0.23458010375919117,0.2,0.1748205135504777,1.0,0.8528521341162407,10075.269363520632,-5897.891347951767
1,0.3,0.25,0.24303603477363417,0.2,0.19477379342734932,1.5,1.4309414257074144,9964.312187616946,-5981.647450070586
2,0.3,0.25,0.22880050609543817,0.2,0.18792474883287755,1.5,1.6169664965283281,9938.22771865044,-5943.976612109187
3,0.3,0.25,0.23385487842032732,0.2,0.1929716790412579,1.5,1.526239166861983,10030.196543712582,-5970.202620268761
4,0.3,0.25,0.23808222469196008,0.2,0.18121358037575222,1.5,1.3551475876726164,10092.359556037985,-5979.4651829930435
5,0.3,0.25,0.25000700362480743,0.2,0.20277862453912995,1.5,1.3812245271163253,9879.520718449901,-5969.877507228901
6,0.3,0.25,0.23818611818369032,0.2,0.1846250407577774,1.5,1.3693379406624542,10085.708666759798,-5942.3011180467665
7,0.3,0.25,0.24026372821448203,0.2,0.19276214398274213,1.5,1.4347460181307294,9990.646068820555,-5975.960148395538
8,0.3,0.25,0.2287293946060567,0.2,0.18845573193708828,1.5,1.5472618577938173,10016.659650463254,-5944.8879081403165
9,0.3,0.25,0.22909727806312988,0.2,0.19254677942153403,1.5,1.5844044280071752,10033.620287928577,-5926.393002790028
10,0.3,0.25,0.2370059896757568,0.2,0.19264237064317213,1.5,1.5246060263885426,9986.915194911262,-5974.4983430536195
11,0.3,0.25,0.2337282783905625,0.2,0.1870515553314747,1.5,1.4706947868215423,10012.298322082434,-5972.06555341801
12,0.3,0.25,0.24154883737895919,0.2,0.19789500105463365,1.5,1.5001418719325743,9952.535444254918,-5963.582712510051
13,0.3,0.25,0.2352396611593589,0.2,0.18628927746801316,1.5,1.4386661903673905,9965.733233667752,-5933.3820968586215
14,0.3,0.25,0.23763541978034103,0.2,0.1867970233956658,1.5,1.3886074747215673,9949.253544077259,-5949.036675526162
15,0.3,0.25,0.2345281018090497,0.2,0.18550065914353,1.5,1.4015157037247985,9946.274071303791,-5974.073765399666
16,0.3,0.25,0.24046638660886469,0.2,0.1839159935377892,1.5,1.3702065274662383,10011.870772935385,-5964.9198460579155
17,0.3,0.25,0.23176416655021462,0.2,0.16219339345264264,1.5,1.2601943525140236,10217.780343306715,-5986.744754785382
18,0.3,0.25,0.2339886146499145,0.2,0.19052816966803554,1.5,1.5547347620454726,10000.84738677073,-5956.538473536124
19,0.3,0.25,0.2442623345435088,0.2,0.173527382661267,1.5,1.2736057679754687,9963.40433179289,-5943.864724443051
20,0.3,0.25,0.24512530604924704,0.2,0.19013727936027544,1.5,1.3798212391301568,9959.200959107135,-5941.342377887572
1,0.3,0.25,0.2442868838318369,0.3,0.29205318591570223,0.5,0.3997961081599101,9954.732070549195,-5530.371141911415
2,0.3,0.25,0.23084380020814008,0.3,0.2736120439551467,0.5,0.46970805621545586,10093.422524873069,-5501.365149429754
3,0.3,0.25,0.23332354620352116,0.3,0.2705729018684726,0.5,0.472660191334608,10092.516995152844,-5511.825735409519
4,0.3,0.25,0.23834572629772868,0.3,0.27867796938790634,0.5,0.47036514456517525,10024.194650093043,-5506.737920644444
5,0.3,0.25,0.24782432982131766,0.3,0.27539051480434945,0.5,0.42427399684744876,10003.163873179137,-5533.154784102473
6,0.3,0.25,0.2355570830553637,0.3,0.2908098505110471,0.5,0.493163450259961,10094.553153307857,-5511.280895211476
7,0.3,0.25,0.2404182072568315,0.3,0.283577989022754,0.5,0.4513698096248239,9980.93674405011,-5540.514384435255
8,0.3,0.25,0.2432863414568487,0.3,0.283445926777144,0.5,0.4559222791461331,9978.72506373411,-5496.200123728591
9,0.3,0.25,0.23783549571941612,0.3,0.28674664479310163,0.5,0.4825584457828005,9988.741614434577,-5513.258424387115
10,0.3,0.25,0.23627127300396095,0.3,0.27854536995253465,0.5,0.4757947119509753,9998.859977691749,-5542.46948964218
11,0.3,0.25,0.24538696516190384,0.3,0.28536489567367673,0.5,0.44748272675651135,9968.276993165651,-5538.1324603242865
12,0.3,0.25,0.2412193939821732,0.3,0.29158502765127337,0.5,0.4627482924611857,9947.862150288907,-5508.335230848079
13,0.3,0.25,0.23528907612553981,0.3,0.2802448868066788,0.5,0.46796902882546476,10069.750712790175,-5491.8281867234855
14,0.3,0.25,0.242723808759731,0.3,0.29260506953252324,0.5,0.4917361489231855,9921.8406088452,-5521.826027592902
15,0.3,0.25,0.25000127741993866,0.3,0.30044487991445923,0.5,0.4666040244388528,9946.973724114008,-5539.018893738512
16,0.3,0.25,0.24119734809465337,0.3,0.29747821065017194,0.5,0.5323377318181243,9912.378603791449,-5530.266967249566
17,0.3,0.25,0.24792337534610537,0.3,0.28863861258594864,0.5,0.45561790521239887,9990.56353543894,-5504.22474881231
18,0.3,0.25,0.24966133642130242,0.3,0.2922678061963243,0.5,0.4374873585519746,9928.233408985096,-5514.044937386507
19,0.3,0.25,0.24073962478204364,0.3,0.296184029407483,0.5,0.5235833662192536,10011.232972002674,-5477.827836380153
20,0.3,0.25,0.2470052580190106,0.3,0.2960022876268483,0.5,0.470429051073247,9894.26995498474,-5538.085611477125
1,0.3,0.25,0.2425407184497402,0.3,0.27614014138454757,1.0,0.9239212917872943,9966.40504152851,-5772.665494814872
2,0.3,0.25,0.24426606005998558,0.3,0.30281640488731837,1.0,1.0298564514034472,10009.28779279845,-5772.528156882576
3,0.3,0.25,0.23327936131126417,0.3,0.31653871670264155,1.0,1.187909621028115,9965.875342027493,-5766.989429355966
4,0.3,0.25,0.239752268649225,0.3,0.32498169895009876,1.0,1.078879477755369,9899.885341436173,-5735.654612144761
5,0.3,0.25,0.2444612653903077,0.3,0.27620902439505646,1.0,0.9013359112408292,9953.080353001145,-5755.479024164029
6,0.3,0.25,0.24530971621660946,0.3,0.2878052776352071,1.0,0.9270106946957185,9947.506658893479,-5760.719812931397
7,0.3,0.25,0.22732080564705706,0.3,0.2838879094604523,1.0,1.0115808211946098,10088.0301982264,-5761.617911364297
8,0.3,0.25,0.2408678195464544,0.3,0.2974641839794658,1.0,0.9636576311713047,10045.895855064015,-5777.173902090554
9,0.3,0.25,0.22962555595673664,0.3,0.28147297192805915,1.0,1.0022775892481044,10059.16186279036,-5778.432537803498
10,0.3,0.25,0.2403448318602081,0.3,0.2739810003357093,1.0,0.9220472598025529,10148.820052958421,-5783.2214199834225
11,0.3,0.25,0.23406468072048353,0.3,0.2815186901425901,1.0,0.9558460884677374,10034.743823459336,-5741.971501727696
12,0.3,0.25,0.2523541972479457,0.3,0.2733076017269725,1.0,0.8365333184536129,9960.230333045181,-5748.433626352662
13,0.3,0.25,0.24237497250114312,0.3,0.28947980531524137,1.0,0.9360444406322147,9949.9742735582,-5754.026385825019
14,0.3,0.25,0.24303106971546606,0.3,0.2829792635036856,1.0,0.9362943381018757,9934.044905215145,-5768.0019115322575
15,0.3,0.25,0.24230806655114154,0.3,0.2895714100468981,1.0,0.9395117567970108,10012.759855743105,-5749.510920531203
16,0.3,0.25,0.24434625941127297,0.3,0.26963964095312326,1.0,0.8991743381254895,10044.184173754158,-5737.989362214801
17,0.3,0.25,0.236203096108739,0.3,0.2869930888715001,1.0,0.9715278981599832,10051.052270541857,-5760.676767502174
18,0.3,0.25,0.2576747544085815,0.3,0.29648856442963806,1.0,0.8619039900302381,9875.062041157813,-5759.377269973338
19,0.3,0.25,0.2325519127614537,0.3,0.2833884145182187,1.0,0.9978564104162954,10039.122419629211,-5755.930677309971
20,0.3,0.25,0.24066503714029872,0.3,0.2967705816549579,1.0,0.9711970200846665,10015.214302928844,-5726.0149290548925
1,0.3,0.25,0.23707518167551192,0.3,0.3133294762127987,1.5,1.6335787415805605,9972.472308744304,-5920.561414085363
2,0.3,0.25,0.24913336798738922,0.3,0.2935458958234868,1.5,1.4634616559637081,9982.842737585474,-5870.396991051258
3,0.3,0.25,0.2355086161220184,0.3,0.28147301179656137,1.5,1.523155308584459,9964.948210262422,-5903.052428158023
4,0.3,0.25,0.2423466731179024,0.3,0.2833644906592493,1.5,1.4558998469310809,9976.416164681592,-5895.86618341372
5,0.3,0.25,0.23284373701938232,0.3,0.29054989977359014,1.5,1.5230478440250108,10036.815675793961,-5877.21360444797
6,0.3,0.25,0.24561600962827776,0.3,0.2932757865504942,1.5,1.467870949934335,9946.497674390032,-5914.505706144288
7,0.3,0.25,0.24074338148930582,0.3,0.2805255115261047,1.5,1.4453489608740946,10013.6642531794,-5914.284159053777
8,0.3,0.25,0.23897109615144813,0.3,0.3181534565905326,1.5,1.5545514653491943,9973.294252789494,-5900.042030600078
9,0.3,0.25,0.236688147808318,0.3,0.30729900791252696,1.5,1.669955146730269,9987.28898803152,-5926.751299950927
10,0.3,0.25,0.23911741160866262,0.3,0.28150931120572487,1.5,1.4569923922842454,9994.08677029948,-5908.059877403274
11,0.3,0.25,0.2428431494950265,0.3,0.2817768155477661,1.5,1.4291661565262324,9945.306419051856,-5879.215404173524
12,0.3,0.25,0.23828147347118087,0.3,0.28515611830031456,1.5,1.4864969217921333,10031.516622731539,-5913.314469505187
13,0.3,0.25,0.24120150661035913,0.3,0.28272218875116434,1.5,1.432188769316597,9988.606319244294,-5880.219108508119
14,0.3,0.25,0.23730811483597197,0.3,0.27831902729093916,1.5,1.4505809258136786,9977.789583613112,-5920.0163524771415
15,0.3,0.25,0.24342188488254965,0.3,0.287384386760372,1.5,1.390820837913768,9970.315088959338,-5910.164940754246
16,0.3,0.25,0.24613665603792845,0.3,0.3082280968158695,1.5,1.5007531631550477,9922.309296072579,-5906.3880548029865
17,0.3,0.25,0.23223770475312336,0.3,0.2790460946953673,1.5,1.5554906318905428,10054.07614826988,-5883.500775006167
18,0.3,0.25,0.23701040081400002,0.3,0.302057025212358,1.5,1.5464049659210477,9874.078658536459,-5888.542757531553
19,0.3,0.25,0.2438109929338599,0.3,0.2614673218199357,1.5,1.3551372197955616,10090.192887604433,-5866.496209872543
20,0.3,0.25,0.21861180013959725,0.3,0.2771148449668927,1.5,1.6234390936915908,10156.481445662805,-5915.826763666364
1,0.3,0.5,0.4520336972062025,0.1,0.09517906011538799,0.5,0.48372141258181,9964.212238231665,-5664.06030276737
2,0.3,0.5,0.4547314767159974,0.1,0.09146191159074468,0.5,0.3156026783873186,10034.246118485717,-5686.925996393092
3,0.3,0.5,0.4486492641167237,0.1,0.09510154092203287,0.5,0.46518873483921497,10061.66117103074,-5678.869226006814
4,0.3,0.5,0.4604731337435419,0.1,0.09236938363954929,0.5,0.3551887567998686,10003.08483083631,-5700.045330463381
5,0.3,0.5,0.4302127911231672,0.1,0.09245349907850954,0.5,0.4660070797344227,10169.774352968438,-5685.595671649902
6,0.3,0.5,0.43535874517051254,0.1,0.09381389472055038,0.5,0.481014792321507,10033.990394015525,-5686.872432107794
7,0.3,0.5,0.45760619901500454,0.1,0.0971786081509481,0.5,0.46559882544357695,10030.231586343118,-5716.126003196659
8,0.3,0.5,0.457757079085082,0.1,0.09582540439564696,0.5,0.45238794555395623,10084.107948667208,-5682.793537589892
9,0.3,0.5,0.43796996008643235,0.1,0.09510141553759767,0.5,0.5825651836666349,10013.210163645785,-5690.825184703467
10,0.3,0.5,0.4627007101620278,0.1,0.0936191515279053,0.5,0.2859396023765039,9965.148307857287,-5664.275712067565
11,0.3,0.5,0.46529237456913214,0.1,0.09814164721594125,0.5,0.2653576062474274,9952.309363652614,-5697.669818138725
12,0.3,0.5,0.44391714369747076,0.1,0.09110149596001685,0.5,0.3751060313696648,10076.918656186414,-5679.487589094141
13,0.3,0.5,0.43596262325221097,0.1,0.09092411615033202,0.5,0.39294676903567816,10053.164754636833,-5664.720648198832
14,0.3,0.5,0.46211337143707826,0.1,0.09427179102026881,0.5,0.3409518101586591,9955.623208758687,-5693.26383581868
15,0.3,0.5,0.45729407818691964,0.1,0.09658274460703109,0.5,0.38862436466774003,10035.825175830598,-5686.6138030955535
16,0.3,0.5,0.44808765855181226,0.1,0.09581279021041596,0.5,0.43871694998893224,10022.724029551528,-5710.873603524434
17,0.3,0.5,0.4656300274599737,0.1,0.09532173503769005,0.5,0.3247362913974838,10026.880583172338,-5670.123216246988
18,0.3,0.5,0.45870288333441683,0.1,0.09587686474273617,0.5,0.4347858863789217,9965.494088192905,-5651.266103142498
19,0.3,0.5,0.4414561970033525,0.1,0.09245171508745445,0.5,0.4692919131331367,10065.883748432976,-5686.505987933642
20,0.3,0.5,0.45968425544313934,0.1,0.09786030494124191,0.5,0.5255498777768854,9916.915152788695,-5704.332822797995
1,0.3,0.5,0.4476367110428435,0.1,0.09187598998882933,1.0,0.7952830975869848,10013.728079814522,-5633.936864504067
2,0.3,0.5,0.4598163146859895,0.1,0.09710788889519599,1.0,0.8509008856969272,9960.110867130214,-5658.103345867486
3,0.3,0.5,0.42249636043368755,0.1,0.09086262150666927,1.0,0.938203926136686,10154.193792064538,-5646.557219994444
4,0.3,0.5,0.47624271340983726,0.1,0.09647656227196537,1.0,0.7970346955169529,9953.216285725768,-5667.836491814254
5,0.3,0.5,0.43199853921679726,0.1,0.09167241979357686,1.0,0.9238798450211739,10092.017777963696,-5649.256101467809
6,0.3,0.5,0.43721011509484914,0.1,0.0910307200890089,1.0,0.8213545560929161,10144.106924575455,-5628.3898276203745
7,0.3,0.5,0.45569033237804435,0.1,0.09538024409679798,1.0,0.8513481486173257,10033.797313505558,-5643.757194592692
8,0.3,0.5,0.4557244297913518,0.1,0.08808438457860919,1.0,0.5129055947413825,10046.202783098392,-5666.799147025928
9,0.3,0.5,0.4626935693569077,0.1,0.09222247985436206,1.0,0.7659838153849365,9975.419918422493,-5671.097795021315
10,0.3,0.5,0.4380124911655897,0.1,0.09168043842128748,1.0,0.996815655247301,10111.111405607071,-5658.8668035954925
11,0.3,0.5,0.4593381961018246,0.1,0.09544120186076345,1.0,0.8372150140857471,10003.354608178654,-5636.379506436266
12,0.3,0.5,0.44676003434108563,0.1,0.09388296874789506,1.0,0.930202325300568,10035.225167993263,-5644.327237692474
13,0.3,0.5,0.45932638143948806,0.1,0.09565303128431167,1.0,0.8206036878613593,9976.122763661486,-5657.007350116004
14,0.3,0.5,0.4457266933560911,0.1,0.09448386051309043,1.0,0.8501724424610222,9999.324063234466,-5650.509916786759
15,0.3,0.5,0.4586289343259955,0.1,0.09050845883216478,1.0,0.6338924884406716,10107.830293688998,-5643.601410857355
16,0.3,0.5,0.4641963148804482,0.1,0.09492578814645394,1.0,1.0252737013379807,9972.075354954724,-5680.710229374508
17,0.3,0.5,0.4748714437320641,0.1,0.09744155916999336,1.0,0.8703444299012255,9974.236960087717,-5689.382942812013
18,0.3,0.5,0.4684312308310879,0.1,0.09296180215098065,1.0,0.6851483432146717,9974.299542749768,-5614.485336106238
19,0.3,0.5,0.45499736741812546,0.1,0.09566483452100956,1.0,1.0198344456688775,10024.118598943596,-5610.858906654919
20,0.3,0.5,0.4362844490560658,0.1,0.09471741634876131,1.0,1.0276005463040492,10059.3427352309,-5632.321418225687
1,0.3,0.5,0.44559646204736697,0.1,0.09051838153980983,1.5,1.261893240005366,10100.100218459089,-5621.899816781108
2,0.3,0.5,0.41223991855882364,0.1,0.08906722176574168,1.5,1.6315981855116326,10127.469868129489,-5623.917639049031
3,0.3,0.5,0.45774289321710265,0.1,0.09155697819559264,1.5,1.109298575032329,9989.595420311472,-5596.190782062895
4,0.3,0.5,0.4653702761529249,0.1,0.09340661733729765,1.5,1.183495812348785,9961.868674234907,-5614.307840113206
5,0.3,0.5,0.46327163496673707,0.1,0.09585802544346039,1.5,1.2754354501643268,9984.284415583244,-5620.439868586458
6,0.3,0.5,0.45618651516647246,0.1,0.09307509583640412,1.5,1.4625020054386033,10002.967599000824,-5604.333739248525
7,0.3,0.5,0.44511878654453246,0.1,0.09500261067897897,1.5,1.411080785890567,10067.220651193966,-5608.292314446649
8,0.3,0.5,0.4461826646350232,0.1,0.0916945457112922,1.5,1.1826480036734786,10134.860951380408,-5627.374576161428
9,0.3,0.5,0.4566199100185831,0.1,0.09629476748415865,1.5,1.3985293640460739,9939.889321229999,-5609.536322197389
10,0.3,0.5,0.45495495122361357,0.1,0.09342322004369617,1.5,1.2540503123419735,9960.625014739111,-5648.316454301774
11,0.3,0.5,0.4579200027249919,0.1,0.09696221092275888,1.5,1.4737254946730793,10001.116256788215,-5643.941827087522
12,0.3,0.5,0.45260478970235707,0.1,0.09405465224705291,1.5,1.3859616544008453,10087.106973852106,-5627.392171435691
13,0.3,0.5,0.4679644954407922,0.1,0.09449777405533409,1.5,1.115598186529201,9981.218985023788,-5599.5227814837945
14,0.3,0.5,0.4483166084424242,0.1,0.09378125887882496,1.5,1.3457097056649772,10024.459614049938,-5615.48914895319
15,0.3,0.5,0.4720224345824289,0.1,0.09488379689746436,1.5,1.0247379723745447,9918.332941723147,-5615.908237056976
16,0.3,0.5,0.4610842814336906,0.1,0.09424509426155048,1.5,1.2827406794431073,9979.798554611083,-5624.63284621588
17,0.3,0.5,0.4157858989165319,0.1,0.08562885537065662,1.5,1.3550956175424542,10216.823862274447,-5629.023206250275
18,0.3,0.5,0.45163285485409277,0.1,0.08900575095228903,1.5,0.9710157452895216,10047.312294529835,-5604.930626066522
19,0.3,0.5,0.43281409517319697,0.1,0.08858163407152633,1.5,1.1598177174772593,10111.207019990428,-5582.926899015913
20,0.3,0.5,0.4692799669999786,0.1,0.09333534638129394,1.5,1.1217431426246272,9942.949815309108,-5620.087656901596
1,0.3,0.5,0.4813764739176504,0.2,0.2010598023495542,0.5,0.5175661540328066,9952.970838944908,-6048.1565680263175
2,0.3,0.5,0.48544438259577893,0.2,0.19818926568529438,0.5,0.46236533974522426,9892.994588449279,-6041.112565875201
3,0.3,0.5,0.4603290395842702,0.2,0.19394669390683705,0.5,0.5415082987137013,9975.077397131678,-5983.427546474051
4,0.3,0.5,0.46975431605833895,0.2,0.1879788388154759,0.5,0.39149373137118576,9971.197178767727,-6045.27430027417
5,0.3,0.5,0.4513222480309541,0.2,0.18387455904243413,0.5,0.4122431909079065,10081.159751611223,-6035.823625780869
6,0.3,0.5,0.47351432498686785,0.2,0.19259614301323677,0.5,0.4939883248756246,9952.282175936849,-6012.182978063414
7,0.3,0.5,0.46882630282307336,0.2,0.18795995665593723,0.5,0.43965811277911715,9941.027947517232,-6019.426374528293
8,0.3,0.5,0.4734498936271905,0.2,0.19413460612072753,0.5,0.44257222014024333,9992.437776710907,-6007.911478579636
9,0.3,0.5,0.47273179683965666,0.2,0.19150169689794774,0.5,0.43300740879090255,10040.6920583883,-6014.1318063798535
10,0.3,0.5,0.46703085759414276,0.2,0.1911330505009074,0.5,0.5058690502698808,10026.0326978037,-6011.932042422932
11,0.3,0.5,0.45224624823930254,0.2,0.18651099764281037,0.5,0.4717639660044833,10117.914761493279,-6036.9215706734785
12,0.3,0.5,0.47847773905860025,0.2,0.19845661885673674,0.5,0.43061986002111463,9923.076802549906,-6010.107783291206
13,0.3,0.5,0.4656255005711534,0.2,0.19572206413005483,0.5,0.47554040233853717,9987.74388325292,-6038.386679947143
14,0.3,0.5,0.4631124608811443,0.2,0.1887362288980877,0.5,0.43833005133220926,10046.650919399428,-6009.168019979037
15,0.3,0.5,0.46893414789633137,0.2,0.1902186848596985,0.5,0.448078797176781,9991.603922670656,-5991.626556368564
16,0.3,0.5,0.47693375750955297,0.2,0.19214614026184626,0.5,0.40826776435054607,9946.160037756794,-6018.116101712823
17,0.3,0.5,0.4596366269547291,0.2,0.19029946549519658,0.5,0.4397579651314986,10050.90892755145,-6009.862010674902
18,0.3,0.5,0.4702809504327933,0.2,0.1942986347832254,0.5,0.4809495926299064,10010.017066321121,-5998.965917376325
19,0.3,0.5,0.47365837540974776,0.2,0.19047627988194235,0.5,0.41594176406057876,9932.031212070277,-6033.320235634868
20,0.3,0.5,0.4638730727615228,0.2,0.19439809395696642,0.5,0.5960990769396682,10022.518607502372,-6052.067881412867
1,0.3,0.5,0.46722332648287185,0.2,0.18910719358589415,1.0,0.8682884829553681,10011.648800601904,-6023.285926319106
2,0.3,0.5,0.4608455626523064,0.2,0.19705731712212743,1.0,1.0332954032771569,9988.009876075983,-6046.316126742007
3,0.3,0.5,0.45962816549307667,0.2,0.18622928620947388,1.0,0.9439456009203325,10098.706890169591,-6040.818790465228
4,0.3,0.5,0.4791445569992962,0.2,0.18935693849954846,1.0,0.9063062473456459,9923.237646325866,-6048.30592263499
5,0.3,0.5,0.4686368365074498,0.2,0.18885085733354287,1.0,0.9401090370528135,9974.242174213721,-6042.730479676124
6,0.3,0.5,0.47640615991919155,0.2,0.1766873629431224,1.0,0.7589834975118216,10073.484479537168,-6015.53919100131
7,0.3,0.5,0.4753270307419914,0.2,0.18654411191571527,1.0,0.8549571968069613,10045.099516032202,-6037.729521464045
8,0.3,0.5,0.47449188818831617,0.2,0.17869814291037878,1.0,0.7556897953748352,10082.706007796114,-6015.838677183883
9,0.3,0.5,0.4707622232161743,0.2,0.19131121153153532,1.0,0.9097208108389608,10015.833675572921,-6005.613533840929
10,0.3,0.5,0.46159140853898,0.2,0.1867734110224409,1.0,0.9040617985551799,9975.69414628393,-6034.024164457793
11,0.3,0.5,0.466919600696288,0.2,0.1857714286405789,1.0,0.8576178115296879,10042.144189654227,-6049.351655888067
12,0.3,0.5,0.4634964666275742,0.2,0.18534740586139403,1.0,0.9331992414952734,10084.175448686456,-6039.266763585005
13,0.3,0.5,0.4666596043375145,0.2,0.20120605793884935,1.0,1.102761432394695,9940.461608259639,-6032.394410782788
14,0.3,0.5,0.4765492050933648,0.2,0.19304824180052121,1.0,0.9033487023929171,9932.184646645179,-6015.089835926103
15,0.3,0.5,0.4599814985512558,0.2,0.18128510616059734,1.0,0.9405072484351814,10089.145091577093,-5998.0094827607045
16,0.3,0.5,0.4544000649949704,0.2,0.19146433924203843,1.0,1.0126065606491998,10011.838499251224,-6026.6181676006545
17,0.3,0.5,0.4854735050698,0.2,0.20176569801841177,1.0,1.0378773151353942,9940.283253244634,-6056.390490236181
18,0.3,0.5,0.4664234773454385,0.2,0.1913404919902825,1.0,0.9585766196255344,9983.76623510209,-6058.628684078896
19,0.3,0.5,0.46075062584084714,0.2,0.18865641588428572,1.0,0.9172067874361961,9989.223292346982,-6020.230101664807
20,0.3,0.5,0.4620632634721742,0.2,0.1886463445321203,1.0,0.9232418497515316,9981.631316509212,-6007.366187026762
1,0.3,0.5,0.46483935092955936,0.2,0.18640887476934997,1.5,1.4064762496029943,10023.898438016262,-6013.982853532178
2,0.3,0.5,0.4610865944309511,0.2,0.19376312237458332,1.5,1.4627709695865592,10005.131167653704,-6031.477861921423
3,0.3,0.5,0.48908488038331305,0.2,0.18772441174676577,1.5,1.2470605912798685,9908.209048878956,-5997.722778957972
4,0.3,0.5,0.4694162783453515,0.2,0.1882470560923605,1.5,1.4144771281478599,10018.651326586245,-5995.941487351058
5,0.3,0.5,0.47016365578170083,0.2,0.19544347127236322,1.5,1.5215492080508264,9908.775808102317,-5997.580335804498
6,0.3,0.5,0.4551486261592813,0.2,0.18559337425306546,1.5,1.4545943716188914,10072.035713447398,-6027.557403457568
7,0.3,0.5,0.463645263685575,0.2,0.1877176820066527,1.5,1.4120693781633018,10037.532341697839,-5997.696201465807
8,0.3,0.5,0.48370464590939366,0.2,0.1937218423384371,1.5,1.389200388831603,9958.85956501375,-6013.097662769706
9,0.3,0.5,0.47398407996873965,0.2,0.20389994011135212,1.5,1.6110929738273359,9913.321049965247,-6028.439457840881
10,0.3,0.5,0.45820077840817725,0.2,0.18356535363175602,1.5,1.3468014082861117,10078.458118872331,-6038.143655319723
11,0.3,0.5,0.4536371153916629,0.2,0.1931310412918753,1.5,1.5808796790625739,10038.826508737524,-6028.060215226644
12,0.3,0.5,0.46663891292679177,0.2,0.1887701269061769,1.5,1.379380641045018,10115.4772674568,-6016.975479313294
13,0.3,0.5,0.47742237254054415,0.2,0.1835712737271529,1.5,1.2771434434458837,9991.26679574063,-5979.0547424875
14,0.3,0.5,0.47054173768499413,0.2,0.17865286590800397,1.5,1.286064952906566,10023.920624091395,-5997.9048119490235
15,0.3,0.5,0.48554300080010554,0.2,0.19615331142808703,1.5,1.3423912335820463,9888.654917798409,-6022.595032714906
16,0.3,0.5,0.47350400092287287,0.2,0.20593238241637676,1.5,1.6341894622907716,9879.134446289045,-6018.641400531898
17,0.3,0.5,0.46529461065022376,0.2,0.18605872076972388,1.5,1.4730476711896,10055.445222659173,-6039.8478797860735
18,0.3,0.5,0.4588566690637002,0.2,0.18483166497804693,1.5,1.4075249504348113,10096.722030712504,-5980.210911448901
19,0.3,0.5,0.47762167711598275,0.2,0.18712889214077383,1.5,1.280736849986954,9969.37530317712,-6017.693039099084
20,0.3,0.5,0.46097538759581913,0.2,0.19549585885614745,1.5,1.5034478149667811,9975.490392277565,-6020.05875836142
1,0.3,0.5,0.47859729343633683,0.3,0.2902081919521085,0.5,0.5244675177008257,10007.91903052724,-6023.139832695016
2,0.3,0.5,0.4754712450600317,0.3,0.28120753940105436,0.5,0.4297202922251803,10079.631340842381,-5994.561773444779
3,0.3,0.5,0.4763880343971798,0.3,0.2909291191412144,0.5,0.4910138676629698,9973.047302580648,-5992.929341458108
4,0.3,0.5,0.47054611889749437,0.3,0.29206642398887583,0.5,0.46379081621853135,9987.485562999298,-6001.399147171989
5,0.3,0.5,0.4803487056862223,0.3,0.2907684995596542,0.5,0.4613250094301563,9908.82516041218,-6003.397764723735
6,0.3,0.5,0.46392227448176077,0.3,0.2909903343585451,0.5,0.47952978338596924,10060.372990093456,-5962.287119220766
7,0.3,0.5,0.49632413173541207,0.3,0.28470017781462464,0.5,0.3986401554357202,9948.971747719745,-6008.9488900750075
8,0.3,0.5,0.46525129217351424,0.3,0.282204181873259,0.5,0.4481667708649916,10114.055323362189,-5973.6033999351885
9,0.3,0.5,0.46068022333714265,0.3,0.28029246412642855,0.5,0.48078420585870585,10109.145846208687,-5995.73839244981
10,0.3,0.5,0.4717375405006337,0.3,0.29287704549815075,0.5,0.5141491798757616,10011.939699097322,-6009.704098115292
11,0.3,0.5,0.4797173979016114,0.3,0.2744443133031048,0.5,0.39592396889446796,10042.807876905448,-5957.601849031087
12,0.3,0.5,0.4693383877361606,0.3,0.2852527907391867,0.5,0.46532483896669163,10106.991498648818,-5977.237947717922
13,0.3,0.5,0.4678239157038943,0.3,0.28833318272692987,0.5,0.4783722306301367,9982.99375207941,-5996.9300392277355
14,0.3,0.5,0.46310481773881484,0.3,0.29224104450580063,0.5,0.49489186820672254,9980.20730819809,-6002.568605402015
15,0.3,0.5,0.4882695705898686,0.3,0.2945680146053928,0.5,0.4757466609890614,9926.734600277217,-5985.230452310571
16,0.3,0.5,0.4681217466257597,0.3,0.2851093380027044,0.5,0.48412959428566854,10042.192345453537,-5973.871899848325
17,0.3,0.5,0.46134802055364815,0.3,0.2757255345866889,0.5,0.4308274383765517,10118.258439291621,-5959.517146440334
18,0.3,0.5,0.4765085689751841,0.3,0.28720027762936123,0.5,0.4717564187022641,10000.03958610209,-6016.617351050003
19,0.3,0.5,0.48228075560768524,0.3,0.30121267709556593,0.5,0.474287559257279,9927.852673031186,-5981.403768917477
20,0.3,0.5,0.46824994757669697,0.3,0.2939501421146669,0.5,0.5254073470322758,10001.062876668828,-5974.098644209909
1,0.3,0.5,0.48583204062682905,0.3,0.28008689938017634,1.0,0.9013094756885961,9950.647042282855,-6034.266467710277
2,0.3,0.5,0.4824599350767132,0.3,0.27597835890866795,1.0,0.8822708993865427,9954.363303676542,-6049.399624992912
3,0.3,0.5,0.47201962307666895,0.3,0.2920410001587571,1.0,0.9302971599813602,9988.219424886454,-6085.411158891669
4,0.3,0.5,0.47671783518949984,0.3,0.2860834146675708,1.0,0.937017825319795,9950.87592338248,-6053.6053376839745
5,0.3,0.5,0.4716364420692806,0.3,0.2852887605412834,1.0,0.9183277384105437,10058.915150622426,-6042.667872858565
6,0.3,0.5,0.4722603434251055,0.3,0.2902163167400908,1.0,1.0013848379744312,10008.51785391549,-6075.473581450267
7,0.3,0.5,0.47821700440351017,0.3,0.2906522654471213,1.0,0.94097636493145,9907.388116812042,-6031.213962525905
8,0.3,0.5,0.48933474775974484,0.3,0.29822406235924964,1.0,0.8866885635439294,9908.634978111588,-6092.687154687073
9,0.3,0.5,0.4777781276223637,0.3,0.29712794991678987,1.0,1.047368725473013,9933.022371782352,-6074.493768498633
10,0.3,0.5,0.484089167953655,0.3,0.2805763927124269,1.0,0.8537300627223346,9963.220962142592,-6062.92239801727
11,0.3,0.5,0.47851767998996286,0.3,0.29618481921376005,1.0,0.9625757866893857,9963.74183113441,-6090.487593969433
12,0.3,0.5,0.47723480856401174,0.3,0.29028130842887173,1.0,0.9653257309500247,9998.780402770204,-6075.853821645929
13,0.3,0.5,0.4664113242821111,0.3,0.285498470724192,1.0,0.9681378827105576,10076.577436049753,-6059.775980878663
14,0.3,0.5,0.4634222918525832,0.3,0.29264645813899065,1.0,1.0148833052937032,10001.944587105805,-6074.823613320465
15,0.3,0.5,0.46521784134013094,0.3,0.26670258558046356,1.0,0.8800799873182181,10107.33805650601,-6080.6647683833735
16,0.3,0.5,0.4664459462305764,0.3,0.30393429569309094,1.0,1.0783648335369338,9946.32101957159,-6072.5246116167855
17,0.3,0.5,0.48295354373817173,0.3,0.2771776605033625,1.0,0.9288597975104661,10091.487914953806,-6076.157917914965
18,0.3,0.5,0.4676730510830456,0.3,0.2744617666553509,1.0,0.9306829203800887,10079.6666402266,-6026.944225211018
19,0.3,0.5,0.4811811227775241,0.3,0.2846823848378859,1.0,1.057124554396844,10034.534211386985,-6073.2045099731
20,0.3,0.5,0.47647204110944363,0.3,0.28870578497790034,1.0,0.9436757993571864,9969.572377616438,-6078.5293294160665
1,0.3,0.5,0.47363731332676484,0.3,0.2913725198474561,1.5,1.4721272444225686,9941.248294189883,-6064.412977033393
2,0.3,0.5,0.49331425188828937,0.3,0.28294767886186684,1.5,1.392789597382614,9990.399876116398,-6088.4886350061115
3,0.3,0.5,0.46679784622672144,0.3,0.28863797296644633,1.5,1.517644025707708,9983.334457695764,-6087.3551883720975
4,0.3,0.5,0.4444948489695584,0.3,0.32234809639663586,1.5,1.8213570021787315,10017.37355044607,-6108.858284757189
5,0.3,0.5,0.48166562199087887,0.3,0.2963309564997923,1.5,1.4900398376004251,9947.015969825903,-6097.355761079536
6,0.3,0.5,0.4643224447301389,0.3,0.2942600126615408,1.5,1.4944048863291417,9994.701518898306,-6084.2567315376555
7,0.3,0.5,0.4639484765391072,0.3,0.28899918399107644,1.5,1.4544029594473293,10016.656270610174,-6086.173502209861
8,0.3,0.5,0.4752007706274313,0.3,0.2821644649623012,1.5,1.4469794397951474,10068.43776093402,-6114.295556958844
9,0.3,0.5,0.44840593322446437,0.3,0.283592051259859,1.5,1.5955783503806922,10065.038083272831,-6099.772658013216
10,0.3,0.5,0.46308009231029096,0.3,0.28813135239990334,1.5,1.610425237671332,10021.770631995118,-6091.757549122196
11,0.3,0.5,0.4576613102677584,0.3,0.2891203717578653,1.5,1.592085336990098,10068.196449171191,-6110.072445592098
12,0.3,0.5,0.4648923505804428,0.3,0.28067881871809847,1.5,1.4901315395468493,10026.47751701383,-6091.086583359792
13,0.3,0.5,0.486300709866506,0.3,0.28158842542155005,1.5,1.3941873908954285,10018.79128852187,-6098.253756812292
14,0.3,0.5,0.4705457367860878,0.3,0.28273270795541455,1.5,1.4656748642793989,9975.286881686661,-6103.679197403944
15,0.3,0.5,0.4673053874722126,0.3,0.2811111660468369,1.5,1.4835010064161536,10000.528211806955,-6114.453442355262
16,0.3,0.5,0.4665769189431137,0.3,0.29539466030874834,1.5,1.5011293872330498,10059.095099968976,-6107.351372708112
17,0.3,0.5,0.4577870864119219,0.3,0.277852479230972,1.5,1.511897150925159,10060.459119518096,-6126.577915331294
18,0.3,0.5,0.4745006029997829,0.3,0.27928478772535126,1.5,1.4126339621214126,9988.595618274692,-6049.352353257661
19,0.3,0.5,0.49446196556702504,0.3,0.2672749623313082,1.5,1.3555726266597599,9918.462809329569,-6106.361650878282
20,0.3,0.5,0.49537096753802623,0.3,0.2769482942103056,1.5,1.3438433247284338,9940.663344559041,-6117.9204059962285
