Sim,F_true,Nu2_true,Nu2_est,T_true,T_est,M21_true,M21_est,Theta,Loglik
1,0.2,0.1,0.0896071202865886,0.1,0.08741666853897435,0.5,0.4086094676504335,10066.560736447345,-5456.534736869207
2,0.2,0.1,0.09850586212288148,0.1,0.0963404284588618,0.5,0.379480628157253,10021.491926290111,-5479.677221119723
3,0.2,0.1,0.09546420675870497,0.1,0.0951511771513313,0.5,0.42297432464351775,10005.823742174603,-5473.596670418482
4,0.2,0.1,0.0969199271805714,0.1,0.09774435092383217,0.5,0.5100552498081916,10009.081638020429,-5467.935847779176
5,0.2,0.1,0.09884092239854671,0.1,0.09471734754499476,0.5,0.3432329365435918,9999.795614693232,-5479.0186770034725
6,0.2,0.1,0.09532187440591916,0.1,0.09314553462067886,0.5,0.488259594516835,10073.665416512787,-5472.170628492202
7,0.2,0.1,0.09119175052304632,0.1,0.08934011638122205,0.5,0.44258109388067773,10035.570882728076,-5469.855855446967
8,0.2,0.1,0.09249404450584532,0.1,0.09172661275851748,0.5,0.4282217160548458,10058.018436464461,-5442.542281750224
9,0.2,0.1,0.09390725508032725,0.1,0.09627118970685282,0.5,0.519895686430712,9988.021265790772,-5469.435958005342
10,0.2,0.1,0.09451591219158592,0.1,0.0911459395576445,0.5,0.371120755509072,10038.46058269391,-5482.457381073974
11,0.2,0.1,0.09390145208010901,0.1,0.09487441981300455,0.5,0.44446277709876997,10015.493166173796,-5482.839083999566
12,0.2,0.1,0.09334006484984357,0.1,0.09396197084888483,0.5,0.4946561268323509,10039.343778121896,-5474.990270235217
13,0.2,0.1,0.10283294192785325,0.1,0.09755037577945119,0.5,0.34035988029830705,9916.61187964083,-5467.940193115499
14,0.2,0.1,0.09979548923829344,0.1,0.09741239218114252,0.5,0.4265879554979515,10015.136371397673,-5467.77355994804
15,0.2,0.1,0.09178087448088751,0.1,0.09291245146345502,0.5,0.4814067799472828,10087.778475877087,-5469.594930278858
16,0.2,0.1,0.09619815067086414,0.1,0.09635547422950043,0.5,0.3554726025359524,10010.355688195958,-5412.8802657028955
17,0.2,0.1,0.09886900292511315,0.1,0.0968894419889911,0.5,0.360219061300848,9995.975943777157,-5447.342123645412
18,0.2,0.1,0.10057360114854194,0.1,0.09833306299183923,0.5,0.34463740620593303,9887.202364643983,-5460.6275899351085
19,0.2,0.1,0.08971585978240904,0.1,0.08964799537264094,0.5,0.4895536938915565,10096.464232589211,-5465.222862639135
20,0.2,0.1,0.09916434980674234,0.1,0.09749272924241503,0.5,0.4860379595005735,9949.687394735463,-5445.764814538032
1,0.2,0.1,0.09715192572961077,0.1,0.09686390569079328,1.0,0.851761203663877,9951.80766050402,-5543.905481298519
2,0.2,0.1,0.09045572639084956,0.1,0.08678696723563074,1.0,0.9332179833795143,10073.824774934472,-5554.0840864589445
3,0.2,0.1,0.09505878160563935,0.1,0.0953059591124851,1.0,1.0473862703895447,9940.92106518877,-5577.295571001001
4,0.2,0.1,0.09914638230768824,0.1,0.09923442397948845,1.0,0.89147671590273,9987.789061658903,-5540.532061746697
5,0.2,0.1,0.10704868839888448,0.1,0.10160059156766811,1.0,0.9505635531187435,9878.615135361102,-5572.603768136343
6,0.2,0.1,0.09715143339816751,0.1,0.0940829488506018,1.0,0.8829127444808301,9974.694647577193,-5559.893066527791
7,0.2,0.1,0.09060142472128178,0.1,0.08764666018298377,1.0,0.9264245519671028,9998.474362890718,-5563.352398678044
8,0.2,0.1,0.09916145073323246,0.1,0.10420335362262204,1.0,1.1253738514010458,9985.942919762856,-5550.570922894702
9,0.2,0.1,0.09980913573540438,0.1,0.10222273400295648,1.0,0.9591283037149533,9968.369330834224,-5536.7946246583315
10,0.2,0.1,0.09790795115336867,0.1,0.09770801243464844,1.0,0.9889075053667813,9981.581849028033,-5538.606706094177
11,0.2,0.1,0.09177358960100165,0.1,0.09101725358710552,1.0,0.8861211300828632,9984.040784728855,-5548.239620182815
12,0.2,0.1,0.0990589813373924,0.1,0.100269039653891,1.0,0.894759375405689,9956.738466884342,-5582.025972768091
13,0.2,0.1,0.09786785816702404,0.1,0.09711628798119243,1.0,1.0352805178287041,10025.8753613397,-5566.191172048495
14,0.2,0.1,0.10096344816465316,0.1,0.09608860640757931,1.0,0.8402173874125383,9966.224514770785,-5557.7184835505595
15,0.2,0.1,0.09460320908145814,0.1,0.09224551392103007,1.0,0.8708340663889336,10005.567255573753,-5550.3126647865265
16,0.2,0.1,0.09505769313879214,0.1,0.09560338192830568,1.0,1.0703498185695022,9994.781544920257,-5565.690375465605
17,0.2,0.1,0.09724955684258513,0.1,0.09738131893926046,1.0,1.002939240069611,9944.56044707457,-5543.320809599976
18,0.2,0.1,0.0952451293823142,0.1,0.0923592439742158,1.0,0.9686808668808047,9991.85629761198,-5548.574605972382
19,0.2,0.1,0.09518982377220968,0.1,0.09628381129881303,1.0,1.0869874222909153,10023.765743035638,-5561.390591842195
20,0.2,0.1,0.09368712445455435,0.1,0.09494048999201167,1.0,1.0295828561558897,9997.970541163606,-5531.312537024345
1,0.2,0.1,0.1041382869935197,0.1,0.1056408062045441,1.5,1.402465863447937,9963.798284974142,-5632.636037423188
2,0.2,0.1,0.09511621417396685,0.1,0.09537879750161139,1.5,1.4207243867233907,10018.014748150934,-5600.561593415119
3,0.2,0.1,0.10074428617677716,0.1,0.0977294468525437,1.5,1.3898592824415692,9992.364997515684,-5666.409377334503
4,0.2,0.1,0.0990389656542416,0.1,0.09510203226885264,1.5,1.3226736079690677,9988.698827546137,-5641.134277498965
5,0.2,0.1,0.0935737535032958,0.1,0.09261993350338199,1.5,1.4865630318622924,10053.460225766205,-5633.062696649239
6,0.2,0.1,0.09645436317228992,0.1,0.09417084236640835,1.5,1.367353929658106,9981.343101676204,-5644.6775052622
7,0.2,0.1,0.0938384244374656,0.1,0.09797868181147379,1.5,1.7742742265218234,10034.152383546545,-5638.212647356962
8,0.2,0.1,0.0896634340497899,0.1,0.09111246901623499,1.5,1.4007551824346667,10078.542559474956,-5576.225449513426
9,0.2,0.1,0.09992896526383463,0.1,0.09725487095938151,1.5,1.3673146548497155,9949.591357355996,-5633.944026541136
10,0.2,0.1,0.09846392580991359,0.1,0.09718439986350041,1.5,1.409729140665286,9996.930179425419,-5630.117712326967
11,0.2,0.1,0.09575578811111812,0.1,0.09591748238700828,1.5,1.4262774205192086,10012.480355084137,-5621.875328843014
12,0.2,0.1,0.09356498426905886,0.1,0.09408945894653974,1.5,1.525097610480657,9998.671691387626,-5629.389575945402
13,0.2,0.1,0.0944321781244694,0.1,0.08860260685476187,1.5,1.3028855678633184,10109.222114126438,-5628.800457933668
14,0.2,0.1,0.09759035684206961,0.1,0.09340853470289887,1.5,1.358035602345425,9998.268367239565,-5633.684507319211
15,0.2,0.1,0.1023315012898577,0.1,0.102407712093677,1.5,1.4693792848166047,9951.636384110274,-5649.371990422942
16,0.2,0.1,0.0972146409227127,0.1,0.0980781600508466,1.5,1.5468444232306964,9981.033205484739,-5645.339901713234
17,0.2,0.1,0.09768963684600186,0.1,0.10244279373526755,1.5,1.5306104574385406,9988.998424267254,-5650.304126982755
18,0.2,0.1,0.09621896701529883,0.1,0.09176790984537998,1.5,1.3754868540945957,10067.959163931706,-5609.482984463761
19,0.2,0.1,0.09222631677466082,0.1,0.0922440932874432,1.5,1.4761835235377982,10062.957156130473,-5639.278115056167
20,0.2,0.1,0.09637073774430463,0.1,0.09497391651496705,1.5,1.3898357732638273,10029.549956598852,-5648.063804740262
1,0.2,0.1,0.10031540318965793,0.2,0.19607846486043434,0.5,0.4232144563724894,9907.47499185121,-4630.413345198
2,0.2,0.1,0.10141580424677489,0.2,0.19594709722627807,0.5,0.4438576623291541,9861.741814066683,-4635.607941565355
3,0.2,0.1,0.09787469396100103,0.2,0.2030040563326497,0.5,0.5469254558911688,9954.966497797413,-4651.822291050952
4,0.2,0.1,0.09345573286934808,0.2,0.18988010593757154,0.5,0.5631212571903862,10045.636142698506,-4665.19442667887
5,0.2,0.1,0.10885781919630581,0.2,0.22512779440305064,0.5,0.4792576352773834,9885.054930327267,-4655.403939300888
6,0.2,0.1,0.0989188832593109,0.2,0.1932863494440039,0.5,0.39220483618917534,10000.794978133967,-4660.266795020735
7,0.2,0.1,0.10673247388922899,0.2,0.21491600042238923,0.5,0.4261607825453268,9871.743273558965,-4645.4325737353865
8,0.2,0.1,0.09521122661695955,0.2,0.1888204855364638,0.5,0.4517605441165691,10001.98983951306,-4652.779238474266
9,0.2,0.1,0.09546285784419313,0.2,0.192361065138215,0.5,0.5255132392670064,9937.72645422992,-4658.878662174381
10,0.2,0.1,0.09219740292655035,0.2,0.18788632474587744,0.5,0.4906485761242115,10023.063851565881,-4633.357737075476
11,0.2,0.1,0.09822617694323865,0.2,0.1960056924985418,0.5,0.43785163412626954,9987.948833851198,-4627.756964717919
12,0.2,0.1,0.0947821543252361,0.2,0.19127665799772872,0.5,0.4719079040492191,10034.244694155745,-4688.922099190117
13,0.2,0.1,0.10030602028964986,0.2,0.20520018594653694,0.5,0.49494930411176813,9914.920605219602,-4659.98280838635
14,0.2,0.1,0.0985873795857905,0.2,0.19817946499894906,0.5,0.5058284679456316,9909.997257689576,-4657.783253126518
15,0.2,0.1,0.09793498639890225,0.2,0.19879395734202518,0.5,0.4869737435646212,9996.450412452088,-4663.8738315281225
16,0.2,0.1,0.09478850275952014,0.2,0.1950502155062585,0.5,0.48091733138888854,9973.849417540378,-4612.194228806997
17,0.2,0.1,0.09852413214583187,0.2,0.1966410951646111,0.5,0.43766140916977403,10009.650586723898,-4642.774836945735
18,0.2,0.1,0.10077865828917067,0.2,0.19821145550281943,0.5,0.470390466107394,9996.826119268533,-4660.924803466466
19,0.2,0.1,0.0996893891301603,0.2,0.201842361626296,0.5,0.4594872964769111,9941.200462044477,-4645.94903145602
20,0.2,0.1,0.10133056822492836,0.2,0.2059038620725392,0.5,0.4722012033646604,9934.511257173584,-4662.356341996652
1,0.2,0.1,0.09588723373026076,0.2,0.19006646892782678,1.0,0.968689839880066,10107.589659794712,-4980.891663029772
2,0.2,0.1,0.09537547197792662,0.2,0.19421961285262274,1.0,0.9991365422459055,10036.096825401397,-4995.008724393096
3,0.2,0.1,0.09748225017404265,0.2,0.18418092812841946,1.0,0.8853538650886197,10050.128708230875,-5030.138077383918
4,0.2,0.1,0.08782996595019114,0.2,0.1976782690543165,1.0,1.207574774093869,10070.18411668178,-4999.770648266392
5,0.2,0.1,0.09325799967913853,0.2,0.19842181611223764,1.0,1.1160793973589862,10050.070737891121,-5004.880870474875
6,0.2,0.1,0.09756731044295368,0.2,0.1788595302729189,1.0,0.9130274987371994,10009.70668848629,-4992.1232608867585
7,0.2,0.1,0.09601961927893406,0.2,0.19445292277142587,1.0,0.9776472157977136,10059.908173625789,-5001.780309926182
8,0.2,0.1,0.0987865474715584,0.2,0.20406560968327925,1.0,1.0100053339747779,9972.324899146432,-4999.557111966218
9,0.2,0.1,0.0975855880069466,0.2,0.1974238372046005,1.0,1.0097932659179405,9983.54523704301,-5010.036207184838
10,0.2,0.1,0.10055644050917434,0.2,0.1865887407705313,1.0,0.916377764208325,10025.368471122425,-5011.9476949031505
11,0.2,0.1,0.096239507835248,0.2,0.20481444213063194,1.0,1.0343449223454748,9907.291659966771,-4972.696025854952
12,0.2,0.1,0.09589945370252431,0.2,0.18575354015561074,1.0,0.9445553814131254,10066.641449432931,-5033.023136682401
13,0.2,0.1,0.09512144414627867,0.2,0.18753303712509994,1.0,0.9945737926300096,10007.480189880258,-5026.326290574442
14,0.2,0.1,0.0940706200515251,0.2,0.1963461327156884,1.0,1.057108355201602,10061.822108662269,-5047.347895937963
15,0.2,0.1,0.09876571391976516,0.2,0.19950566124856656,1.0,0.9657379417428902,9992.852059665685,-5010.064687727776
16,0.2,0.1,0.0953330949641129,0.2,0.18764742312853366,1.0,1.0045374276665908,10083.57631072429,-5001.558515794113
17,0.2,0.1,0.09629480799227462,0.2,0.19339811357568149,1.0,0.9036114211611648,9972.333444690097,-4990.4604705652855
18,0.2,0.1,0.09673715513834909,0.2,0.17737135648351932,1.0,0.9074138337960992,9967.803293692878,-4992.619475472708
19,0.2,0.1,0.09697243722393041,0.2,0.19309845949609766,1.0,0.9604511994376037,9931.470277679708,-5005.905675132699
20,0.2,0.1,0.10402379398346097,0.2,0.19817967215693735,1.0,0.8967467032098994,9887.626697376889,-4997.234095948047
1,0.2,0.1,0.09435956186617062,0.2,0.19679464320309847,1.5,1.6008198621095697,9937.748744111283,-5216.565833087236
2,0.2,0.1,0.10069111803516453,0.2,0.22914405903189816,1.5,1.6360612166031065,9962.84207989637,-5263.843736957634
3,0.2,0.1,0.09675675959743617,0.2,0.18986463553800406,1.5,1.4980257518607611,9976.646632745258,-5227.6219887695115
4,0.2,0.1,0.10203510185454873,0.2,0.18584718169138928,1.5,1.2639100886985102,10013.296808373841,-5247.3008107289215
5,0.2,0.1,0.09220691626933297,0.2,0.18073517779860296,1.5,1.4768979468021664,10093.99297083447,-5242.179057251615
6,0.2,0.1,0.10056773018488166,0.2,0.19003215018062097,1.5,1.3578241892546137,10065.342819492364,-5254.34645525817
7,0.2,0.1,0.09994157643796187,0.2,0.19158436611216445,1.5,1.4018919311894162,9951.080961712452,-5232.906179347905
8,0.2,0.1,0.09807042472747071,0.2,0.19207313707163529,1.5,1.4361153377231697,10003.864812056117,-5237.281525043284
9,0.2,0.1,0.09311747292637473,0.2,0.20276093009765106,1.5,1.6442610573352106,9999.022754391093,-5250.876805312428
10,0.2,0.1,0.10003732263837015,0.2,0.19162499650155507,1.5,1.3830571856501788,9938.100598974295,-5222.175063227265
11,0.2,0.1,0.10751191677481621,0.2,0.2185227571035799,1.5,1.4086226120534886,9903.575162450683,-5240.904852909387
12,0.2,0.1,0.09840874272040667,0.2,0.2040099257469146,1.5,1.52825296048822,9957.858211873616,-5259.731664668836
13,0.2,0.1,0.09866914804323404,0.2,0.1932515229830607,1.5,1.355979612045461,10058.277675396683,-5248.527176348402
14,0.2,0.1,0.10089355254759917,0.2,0.18549333802655715,1.5,1.3780796134337698,9920.527848920152,-5247.59085555238
15,0.2,0.1,0.09940985994270798,0.2,0.20664127217135841,1.5,1.5026253447449334,9902.189004095391,-5242.222995884842
16,0.2,0.1,0.10196114543262018,0.2,0.18555989460936248,1.5,1.307823608248161,9971.346959989753,-5261.47621390113
17,0.2,0.1,0.09660877227855472,0.2,0.1886701345002615,1.5,1.4440218860424177,10051.350371940087,-5228.97235179338
18,0.2,0.1,0.0957465001638885,0.2,0.19535788536565857,1.5,1.503078752084322,10004.788649692091,-5252.255331250637
19,0.2,0.1,0.11082448518272654,0.2,0.19241806830111344,1.5,1.2498599667915025,9806.279089890753,-5224.175667123711
20,0.2,0.1,0.09388897929743732,0.2,0.19848190246477995,1.5,1.629567370092594,10024.651962137163,-5199.301446560491
1,0.2,0.1,0.09486372946221197,0.3,0.2891421459562055,0.5,0.46360069828047623,10038.41749216482,-4144.9632771551915
2,0.2,0.1,0.09933204311891564,0.3,0.3029801437190435,0.5,0.5011971318710285,9967.298339243927,-4095.5704134549533
3,0.2,0.1,0.09741345310907902,0.3,0.2953392775494473,0.5,0.4639014921581141,9982.710051688382,-4108.595001271073
4,0.2,0.1,0.09690007305487244,0.3,0.296382719936156,0.5,0.5071827048924432,9965.395556516974,-4128.602325943149
5,0.2,0.1,0.10401880960865985,0.3,0.3030434035840642,0.5,0.4494989565365405,9883.729005111367,-4121.284891436271
6,0.2,0.1,0.09530977589207751,0.3,0.29211928459163905,0.5,0.4908057740077575,9978.58073671249,-4100.484437734824
7,0.2,0.1,0.0956158994631101,0.3,0.2886136310898082,0.5,0.48041369572787274,10006.778733445788,-4144.179663723609
8,0.2,0.1,0.09512955957959371,0.3,0.30026137892431404,0.5,0.5417287757929093,10024.141482535242,-4147.3771297615185
9,0.2,0.1,0.09840715927908888,0.3,0.27444618435214074,0.5,0.4424284662711292,10034.514454222317,-4130.4060298698405
10,0.2,0.1,0.09140311279435637,0.3,0.28898792881557517,0.5,0.473012724522785,10009.982735518955,-4137.939604282876
11,0.2,0.1,0.09883759733321222,0.3,0.307579385615405,0.5,0.5126511970757393,9908.46063896662,-4094.1526204302972
12,0.2,0.1,0.099458589356537,0.3,0.2907140490232194,0.5,0.43547574705162284,9989.212826419387,-4130.15566403291
13,0.2,0.1,0.09844011825079967,0.3,0.2847407534904746,0.5,0.45063367922783915,9917.191077565652,-4121.326742606844
14,0.2,0.1,0.09957369261301487,0.3,0.30764999282507194,0.5,0.5135258952215298,10044.103431425576,-4118.496455602152
15,0.2,0.1,0.09580062611078992,0.3,0.29871170854351997,0.5,0.5880349843608964,9991.891233896,-4141.167579912108
16,0.2,0.1,0.1012904544586013,0.3,0.28766264338474656,0.5,0.44465442842510833,9972.317489084298,-4110.882962168234
17,0.2,0.1,0.09746480175931738,0.3,0.30376654848047335,0.5,0.4996038184315909,9910.320241033573,-4152.450074728826
18,0.2,0.1,0.09451699103100797,0.3,0.3201425739344781,0.5,0.5960183503824791,9947.142536669779,-4105.388915541236
19,0.2,0.1,0.0941941761682063,0.3,0.27218337669971954,0.5,0.5056828026700171,10054.193491651547,-4135.437326455411
20,0.2,0.1,0.09583486553528442,0.3,0.28953493889074605,0.5,0.5092430625133129,9965.027663183859,-4115.867456201595
1,0.2,0.1,0.096721003568416,0.3,0.2847707260803505,1.0,1.030959477022438,10014.94387150442,-4762.384404018472
2,0.2,0.1,0.09149014623573515,0.3,0.29190493218154095,1.0,1.0261378565182657,9955.05329201245,-4737.025089120069
3,0.2,0.1,0.1023773962619274,0.3,0.3199876852599181,1.0,0.9621606545441603,9978.89754788697,-4730.4694788693205
4,0.2,0.1,0.0984240146773345,0.3,0.34648185911115575,1.0,1.0333092101326489,9911.306394871406,-4713.174402052515
5,0.2,0.1,0.09985178875485862,0.3,0.2880584400958426,1.0,0.956772066126984,9934.598773271724,-4739.768084067888
6,0.2,0.1,0.10272654623227542,0.3,0.31342727538735726,1.0,0.9813010094174545,9893.607438415387,-4715.677840220234
7,0.2,0.1,0.09779120867035607,0.3,0.29582033357532717,1.0,1.056407770607655,9971.041403835696,-4729.574643180181
8,0.2,0.1,0.09787298623751219,0.3,0.2964673806730393,1.0,0.9526843976690721,9949.157970890052,-4728.369213848398
9,0.2,0.1,0.09726843644972621,0.3,0.3109085684859346,1.0,1.0346713105079737,9978.648110433052,-4742.727502056531
10,0.2,0.1,0.09633911340733788,0.3,0.2974048093621933,1.0,0.9926301819508575,10014.050626573195,-4714.380498261391
11,0.2,0.1,0.10073436845236441,0.3,0.31724695692527255,1.0,0.989545137716223,9972.749321424153,-4721.500934847926
12,0.2,0.1,0.09233536838070429,0.3,0.2837605037986689,1.0,1.0322229445095787,10017.919385634956,-4727.089469907771
13,0.2,0.1,0.09820350840189512,0.3,0.2558261280555512,1.0,0.9026893888181265,10099.189030997477,-4730.250112393902
14,0.2,0.1,0.09885826179442642,0.3,0.3165516403844611,1.0,1.0061878298715254,10027.224434258602,-4717.0542526222525
15,0.2,0.1,0.09756535857801374,0.3,0.2882602323536872,1.0,0.9787493211137527,9953.916976287957,-4728.509438432954
16,0.2,0.1,0.09443224963584462,0.3,0.2864308326868444,1.0,1.0141624588476557,10023.57102551788,-4746.001815647471
17,0.2,0.1,0.1047348348260974,0.3,0.3012775401305363,1.0,0.988324756956268,9952.459142537024,-4762.0888535197155
18,0.2,0.1,0.09312127252502937,0.3,0.2975769486333159,1.0,0.9694466487016572,9928.858967715843,-4699.0890182859275
19,0.2,0.1,0.09458331573910231,0.3,0.28890006380978733,1.0,0.9905106846007885,10069.705788076557,-4741.932438419041
20,0.2,0.1,0.08961259812886477,0.3,0.28642565165000144,1.0,1.0937739908410147,10158.705984069775,-4725.9162973300245
1,0.2,0.1,0.09899565368237744,0.3,0.29487789745263315,1.5,1.4675087213721416,10004.899615499562,-5070.003881315488
2,0.2,0.1,0.09192228110727599,0.3,0.30109221760044513,1.5,1.6371192801760313,10040.897884846632,-5104.330145766502
3,0.2,0.1,0.09476888083567324,0.3,0.2878697491909104,1.5,1.5268259445062877,10079.595907846711,-5104.445223076873
4,0.2,0.1,0.0992892798618347,0.3,0.2813507064958284,1.5,1.4318825721598305,9998.027099766068,-5107.60696087193
5,0.2,0.1,0.09783113391499869,0.3,0.2740479031997318,1.5,1.5290895737927854,10012.91234495236,-5089.170575509555
6,0.2,0.1,0.10061247243348084,0.3,0.2840594592586833,1.5,1.4215326389778014,9923.558496416455,-5102.897305755201
7,0.2,0.1,0.10055776757308253,0.3,0.3197529590747623,1.5,1.427884534372504,9874.009936874481,-5112.538781045376
8,0.2,0.1,0.11212372167132263,0.3,0.318240832504373,1.5,1.2878157270582244,9776.817538277492,-5054.043544408313
9,0.2,0.1,0.09740757062957771,0.3,0.2968824104092988,1.5,1.5281423732489365,9973.70339039119,-5090.674740515029
10,0.2,0.1,0.10110133451388088,0.3,0.3033899797352433,1.5,1.4350671769538152,9884.843462179415,-5108.161428020974
11,0.2,0.1,0.10031885034476089,0.3,0.33004371553157186,1.5,1.4670086266819806,9922.016348094772,-5095.888348540465
12,0.2,0.1,0.09643646737641368,0.3,0.30387193412801194,1.5,1.507876558507189,9982.393134713864,-5093.137971694355
13,0.2,0.1,0.09428431387478614,0.3,0.29899741105021,1.5,1.566321215665993,10017.184911974078,-5066.477944147133
14,0.2,0.1,0.10285960726701578,0.3,0.26793007537148855,1.5,1.3558529183295727,10053.655806651037,-5059.022035753969
15,0.2,0.1,0.10124779729534078,0.3,0.29380047675956594,1.5,1.4432803362849254,9992.760282454597,-5084.035265972316
16,0.2,0.1,0.09752904620565728,0.3,0.30186015130057364,1.5,1.4806049851415921,9976.876981593306,-5079.821742832496
17,0.2,0.1,0.10259990687246674,0.3,0.27274212043950985,1.5,1.3416171174661613,10026.544133110488,-5098.945630829956
18,0.2,0.1,0.09508033464786657,0.3,0.284301875003435,1.5,1.5653865974499497,10123.469521713665,-5087.835836179596
19,0.2,0.1,0.09296448610411724,0.3,0.2825300264865417,1.5,1.5715923610879663,9989.70179338899,-5102.612988132538
20,0.2,0.1,0.09737729136725722,0.3,0.29343034651103583,1.5,1.4754382827827754,10014.221404190477,-5080.9189767633425
1,0.2,0.25,0.22773593849147336,0.1,0.09358492312349122,0.5,0.41172470186836585,10064.04399585096,-5852.786823137354
2,0.2,0.25,0.23420721521052054,0.1,0.09544214629807458,0.5,0.47186912251510643,10115.183491978602,-5885.292037874753
3,0.2,0.25,0.22938418851399223,0.1,0.09230868390681994,0.5,0.4103076480359367,10134.215115011035,-5862.474818934761
4,0.2,0.25,0.26909594914642065,0.1,0.10912515722006934,0.5,0.448688995052689,9751.259083073763,-5855.574336058839
5,0.2,0.25,0.23014232293679712,0.1,0.08902308009037992,0.5,0.36400428204992336,10053.767863645264,-5862.082612035117
6,0.2,0.25,0.2327408879041062,0.1,0.09696700841305714,0.5,0.503566449447435,9989.796824691352,-5867.868483385262
7,0.2,0.25,0.22444650492848237,0.1,0.08971175837398136,0.5,0.4070102233108386,10131.159932892122,-5865.663634249147
8,0.2,0.25,0.23447014014784492,0.1,0.09534936817441915,0.5,0.40279832607334204,10111.269890930218,-5876.861341789387
9,0.2,0.25,0.24365877056049082,0.1,0.09857805800334085,0.5,0.5295791772905685,9954.445155116933,-5828.696949915238
10,0.2,0.25,0.24867193568057283,0.1,0.09947840984652986,0.5,0.3796865943546612,9983.784173162814,-5848.676284387452
11,0.2,0.25,0.2371357301644478,0.1,0.0935883954445812,0.5,0.3845604153814637,9943.830365375423,-5832.150221349348
12,0.2,0.25,0.2304452862159413,0.1,0.09548032039302588,0.5,0.46701510676432867,10007.977544411993,-5858.638851450183
13,0.2,0.25,0.2402404033751867,0.1,0.09727381488876741,0.5,0.5474187646132412,9913.262731952993,-5831.793309029766
14,0.2,0.25,0.23820931666577036,0.1,0.09698658179760489,0.5,0.4350867807175923,9979.992464437704,-5859.54393325848
15,0.2,0.25,0.23486083523575133,0.1,0.09813267454703915,0.5,0.49977420843601833,10057.321033256425,-5868.051362259554
16,0.2,0.25,0.2373727296652917,0.1,0.09667827857069651,0.5,0.3891082829174846,10080.259464931378,-5846.260935421751
17,0.2,0.25,0.24164131792269378,0.1,0.0962437829429143,0.5,0.3979070100081665,10008.93708820195,-5827.7951140192745
18,0.2,0.25,0.2459125662904273,0.1,0.09862725167202745,0.5,0.5439424028822177,9952.802302084983,-5872.778747628154
19,0.2,0.25,0.23495685688640114,0.1,0.09590760329481375,0.5,0.4883064959642192,9981.873887529666,-5848.299823860554
20,0.2,0.25,0.23240538007487443,0.1,0.09470454165644715,0.5,0.5964669405865787,10034.424651480176,-5864.138863019247
1,0.2,0.25,0.2398626481034667,0.1,0.09592830271167983,1.0,0.8871429763192804,10048.798918181981,-5839.531428250793
2,0.2,0.25,0.24190767630916854,0.1,0.09648987618172274,1.0,0.9764313328127066,9959.897586965992,-5883.2044699080225
3,0.2,0.25,0.24088134890986312,0.1,0.09383952524452153,1.0,0.7983913386632359,9957.068474597096,-5881.623585154477
4,0.2,0.25,0.2381628201911221,0.1,0.10000570354401407,1.0,1.0045185663246,10050.161170523803,-5887.317012120651
5,0.2,0.25,0.2311252546451909,0.1,0.09678596088020605,1.0,1.0065923667587273,9996.704925473887,-5835.9742799534215
6,0.2,0.25,0.23636047163292456,0.1,0.09532226906756615,1.0,0.9207220709014878,10017.552146576898,-5873.284692437641
7,0.2,0.25,0.2482887754775379,0.1,0.09468260925258323,1.0,0.7109687921706764,9982.488081955446,-5860.124727901805
8,0.2,0.25,0.2378782051677768,0.1,0.09691834673730779,1.0,0.8906301152639868,10050.607861334627,-5860.515746499266
9,0.2,0.25,0.2338438263395929,0.1,0.09317427857985892,1.0,0.8824958104758418,10055.74008197714,-5852.330083590102
10,0.2,0.25,0.23248501143561212,0.1,0.09347761446353353,1.0,0.9780200682993515,10053.967133755881,-5844.442644293627
11,0.2,0.25,0.22651833764139678,0.1,0.096564559228548,1.0,1.0873246752098609,10039.170915658273,-5845.483143330946
12,0.2,0.25,0.24187468856031424,0.1,0.09342458931159353,1.0,0.8599340081398923,9989.428356210148,-5862.102669674134
13,0.2,0.25,0.2338819420057437,0.1,0.09251980619242113,1.0,0.8623240934817191,10074.496912398066,-5885.59182578567
14,0.2,0.25,0.24089720262923978,0.1,0.09744533705426428,1.0,0.8738657699475391,10000.401576310958,-5857.084812869794
15,0.2,0.25,0.2258375726561855,0.1,0.0887238794755716,1.0,0.7927599914298086,10131.720853894174,-5887.057829144307
16,0.2,0.25,0.24285241074460415,0.1,0.0961911607413036,1.0,0.7890802184841677,10093.285907364032,-5872.146549576486
17,0.2,0.25,0.24009751816873212,0.1,0.09726499431807815,1.0,0.9276599788657843,9881.92181010835,-5863.060767793252
18,0.2,0.25,0.2372562269907903,0.1,0.09904240257132584,1.0,0.9994794086434912,9970.660082424241,-5855.483987106265
19,0.2,0.25,0.24034130825344946,0.1,0.09820275048649836,1.0,0.9734852030714523,10074.962203850342,-5834.502657564222
20,0.2,0.25,0.2401542905350683,0.1,0.09777302895273876,1.0,1.1325795749612746,10037.395954037405,-5854.3850450723585
1,0.2,0.25,0.24118475509066079,0.1,0.09807246978084272,1.5,1.442566110789237,10074.091072484589,-5881.484708371148
2,0.2,0.25,0.23720113427350087,0.1,0.09567636443510051,1.5,1.5365697917209802,10077.074231559473,-5836.409017180191
3,0.2,0.25,0.22990556796906841,0.1,0.09360664371108864,1.5,1.4077424863903754,10061.190051864269,-5845.545202086486
4,0.2,0.25,0.23374778740001959,0.1,0.09150354299386354,1.5,1.307511485789244,9997.056830829157,-5870.871180131915
5,0.2,0.25,0.2302004524003835,0.1,0.0927810325167661,1.5,1.3748384958298847,10042.247396175968,-5874.947457994782
6,0.2,0.25,0.2428136157509205,0.1,0.09625100163981895,1.5,1.3686621686664058,9969.328599150822,-5869.271705736452
7,0.2,0.25,0.24007954496753492,0.1,0.095001501744405,1.5,1.3064710579238765,9967.613544555279,-5876.919566886814
8,0.2,0.25,0.24577889878851167,0.1,0.10117826840946804,1.5,1.4820704615356026,9973.559479110454,-5849.167798573575
9,0.2,0.25,0.2251236652029174,0.1,0.09105047646836605,1.5,1.4020370656928463,10067.233884938918,-5860.3294537356405
10,0.2,0.25,0.24987338852807306,0.1,0.09713688553913159,1.5,1.229374410588893,9927.169146059474,-5862.643921037486
11,0.2,0.25,0.22616734155555748,0.1,0.09183659524525398,1.5,1.452877904530584,10018.330436733539,-5850.801440195503
12,0.2,0.25,0.23242267807202074,0.1,0.09583382296131085,1.5,1.4470764730307468,10071.564112999216,-5857.545790546025
13,0.2,0.25,0.22174388613045187,0.1,0.08777885844797097,1.5,1.1564867211133725,10102.182035060576,-5857.465414089601
14,0.2,0.25,0.2324322376414795,0.1,0.09185750794887457,1.5,1.3584446358420892,10045.63209171282,-5867.749307149101
15,0.2,0.25,0.23402626934807058,0.1,0.09450344509120906,1.5,1.4942302836247707,10008.258317297614,-5878.338848653677
16,0.2,0.25,0.23690574770901726,0.1,0.09555113405505157,1.5,1.3637326830591114,9991.400213240446,-5854.816128174802
17,0.2,0.25,0.24898441915706024,0.1,0.09865048562942771,1.5,1.1696458197097337,9866.37616060067,-5861.762531152193
18,0.2,0.25,0.22557445801155576,0.1,0.09095662415677618,1.5,1.4051122724589427,10082.206721304838,-5847.122329448135
19,0.2,0.25,0.24894366105060983,0.1,0.10268169409452568,1.5,1.5680196277861396,9975.232277874504,-5810.133137250601
20,0.2,0.25,0.24366224278160215,0.1,0.09688822402646506,1.5,1.335890645794266,9910.854349064844,-5899.046335639194
1,0.2,0.25,0.23150082489598162,0.2,0.1907951475504825,0.5,0.49451501708758167,10059.591595200214,-5759.697138688074
2,0.2,0.25,0.233119690177177,0.2,0.18698361853752232,0.5,0.4611934600912126,10043.3141114386,-5767.348305651968
3,0.2,0.25,0.2346629220466235,0.2,0.19426373177663345,0.5,0.48058924347199855,10032.626395307023,-5777.852896967244
4,0.2,0.25,0.24424506553384306,0.2,0.20060983860435133,0.5,0.4572336354161828,9998.807450228835,-5728.246484191777
5,0.2,0.25,0.2319892168202359,0.2,0.1872646124852992,0.5,0.49066299445370626,10041.254674730071,-5733.061646961483
6,0.2,0.25,0.24263336320769704,0.2,0.19827235169395538,0.5,0.4511384172127444,9999.788830446474,-5713.581331856805
7,0.2,0.25,0.2470007034808599,0.2,0.1988521671597443,0.5,0.4626691059441649,9944.455348106563,-5728.979484035212
8,0.2,0.25,0.24919247810119183,0.2,0.19991114320077027,0.5,0.47596458573599865,9931.788801260867,-5746.262546117198
9,0.2,0.25,0.24540036088833211,0.2,0.18561793674513188,0.5,0.3781933476964463,9951.47312206279,-5741.911290280776
10,0.2,0.25,0.2362721675308917,0.2,0.19268840469115708,0.5,0.46726270032984646,10028.335761481085,-5762.182002724961
11,0.2,0.25,0.24075576226694909,0.2,0.19160314794865355,0.5,0.4940353606349775,9986.10447115324,-5776.575993128649
12,0.2,0.25,0.2471440827478812,0.2,0.1893810622875987,0.5,0.3984987098907418,9995.010001042585,-5750.959447112467
13,0.2,0.25,0.24278150996682898,0.2,0.19346549002263974,0.5,0.4499806317586402,9962.5850038418,-5775.221109061524
14,0.2,0.25,0.240330637051008,0.2,0.19518392913124086,0.5,0.4839221711263102,10011.659149260588,-5759.029260134161
15,0.2,0.25,0.2445274818457565,0.2,0.19396029024358863,0.5,0.4339138591280763,9972.33643639494,-5754.303079425
16,0.2,0.25,0.23247142966959533,0.2,0.187366542153773,0.5,0.45155210459112016,10119.972381340878,-5769.193552379096
17,0.2,0.25,0.24475206407385616,0.2,0.19607723448933329,0.5,0.4478553517798217,9991.10189894148,-5761.172099803323
18,0.2,0.25,0.23859771310349345,0.2,0.1890367762158431,0.5,0.5162643160197056,10020.774610066106,-5760.787315598545
19,0.2,0.25,0.23869148728125272,0.2,0.189004490971164,0.5,0.4637563987119341,10060.601265807547,-5760.874086106809
20,0.2,0.25,0.23398685934182617,0.2,0.18807233735264686,0.5,0.4643605382419608,10045.732873546533,-5765.873854266464
1,0.2,0.25,0.23765889756567526,0.2,0.1832304866538039,1.0,0.9017771662452462,10050.867408109956,-5876.382751103128
2,0.2,0.25,0.24802225614271461,0.2,0.19403459449199595,1.0,0.9255899107314571,9926.932987847083,-5829.245382909478
3,0.2,0.25,0.24393336913538016,0.2,0.17785406299246423,1.0,0.8873717689869823,10013.276200354,-5891.0351651043275
4,0.2,0.25,0.2410822858711271,0.2,0.19851114316241147,1.0,0.9809324367732788,9988.347470094111,-5880.054160560323
5,0.2,0.25,0.24766517702065208,0.2,0.20824931417875175,1.0,1.1317268136645668,9947.447437796794,-5867.777841148321
6,0.2,0.25,0.24212243306767237,0.2,0.18940629488833985,1.0,0.890419182757883,10045.855859076517,-5870.569736245823
7,0.2,0.25,0.2361517119955288,0.2,0.18954441964216162,1.0,0.9983930884934894,10016.093650677354,-5848.851401276348
8,0.2,0.25,0.22767883267777228,0.2,0.18663899538192882,1.0,1.0488485652241197,10059.297440641118,-5887.489012829805
9,0.2,0.25,0.2375493905170232,0.2,0.19796991533714706,1.0,1.0959850074011863,10046.693915362335,-5876.050055863312
10,0.2,0.25,0.2435823844565345,0.2,0.19139580717724372,1.0,0.974724621780418,9997.405458322803,-5872.433123200373
11,0.2,0.25,0.23880457684952278,0.2,0.19681730376878964,1.0,1.0319901999922143,10071.342375750193,-5896.506747371468
12,0.2,0.25,0.2429818220576551,0.2,0.19511147902128675,1.0,0.9588404398742362,9985.255219715677,-5888.636976291495
13,0.2,0.25,0.2362905327619729,0.2,0.1897417819148148,1.0,0.9620255902489255,10024.40975021962,-5898.3239427796925
14,0.2,0.25,0.24650430419781083,0.2,0.19796315402319284,1.0,0.94793111220958,9984.61624043976,-5848.915204086401
15,0.2,0.25,0.24198464871163491,0.2,0.19230894605668641,1.0,0.9463985254786087,10040.930769262637,-5878.91766225818
16,0.2,0.25,0.24276070982072204,0.2,0.19466848712892748,1.0,0.961556159514939,10029.67954868386,-5882.12631112252
17,0.2,0.25,0.2533496743283247,0.2,0.20891870670322954,1.0,1.0719632576772555,9914.926674723118,-5896.510293192001
18,0.2,0.25,0.24230376644671117,0.2,0.18975554311656426,1.0,0.8573117087498532,10050.047465464846,-5883.075512589467
19,0.2,0.25,0.2503390134652412,0.2,0.2019597047278767,1.0,0.9347543678805096,9843.501723346126,-5866.13759969679
20,0.2,0.25,0.24449692975196613,0.2,0.17990600812866622,1.0,0.8522393104825787,10058.384665189413,-5877.057871009016
1,0.2,0.25,0.23910707995607614,0.2,0.19422391838893777,1.5,1.5568665186727877,10007.91034155308,-5924.025329888535
2,0.2,0.25,0.24886072009780097,0.2,0.18796145080257293,1.5,1.3140291254689325,9941.170758302254,-5889.335072918776
3,0.2,0.25,0.24372256711191442,0.2,0.18941271650470504,1.5,1.4270622115259648,10040.413739524081,-5929.715598552602
4,0.2,0.25,0.2372480133979167,0.2,0.19044997853254425,1.5,1.5787622209014045,10043.502068815844,-5943.548665777279
5,0.2,0.25,0.245681553857361,0.2,0.19679657254834232,1.5,1.4112110100291408,9868.911789798502,-5929.622263452037
6,0.2,0.25,0.24757498331296626,0.2,0.19267854827123143,1.5,1.4020462564650733,9877.753517092291,-5942.293629224076
7,0.2,0.25,0.237255015902032,0.2,0.19170607672882803,1.5,1.5571219808222416,10043.297278825172,-5943.4604421530175
8,0.2,0.25,0.24168012425388305,0.2,0.19227526180877527,1.5,1.500556228618855,10000.878859134345,-5949.2905051215075
9,0.2,0.25,0.2405085250656445,0.2,0.18879530951145618,1.5,1.4399644675225869,9939.931443406973,-5938.839368195337
10,0.2,0.25,0.2509546754056655,0.2,0.19438493583917268,1.5,1.371838002806944,9925.004310100046,-5925.666524461287
11,0.2,0.25,0.24545907206554915,0.2,0.1863833292365719,1.5,1.302687950125642,10119.658250331173,-5938.885265681677
12,0.2,0.25,0.24593382537290268,0.2,0.19539470790582902,1.5,1.4886053064650064,10022.697502795183,-5952.559201080833
13,0.2,0.25,0.24448213265188495,0.2,0.19037660358761269,1.5,1.4626846210171667,10023.957460093767,-5961.721989648726
14,0.2,0.25,0.2515559147640983,0.2,0.19062056560282017,1.5,1.3004793289913883,9936.370003511933,-5926.126826906725
15,0.2,0.25,0.2366952920350403,0.2,0.1849565649872396,1.5,1.5322835877541463,10069.951579715998,-5937.130049833952
16,0.2,0.25,0.24385339846271972,0.2,0.1943185496986989,1.5,1.4187971582431218,10001.700363117176,-5915.035884941902
17,0.2,0.25,0.23884407243151082,0.2,0.1963053380854544,1.5,1.5188115051828301,9983.739303564758,-5943.799319844167
18,0.2,0.25,0.24561285844805117,0.2,0.19688024598502088,1.5,1.4187320844422886,9907.942600757015,-5926.461811813339
19,0.2,0.25,0.2475153750341109,0.2,0.18733737146087423,1.5,1.3671579976814228,10011.3304009893,-5939.987304178399
20,0.2,0.25,0.23773009909592605,0.2,0.19498011432352105,1.5,1.4977852992933058,9939.147842680757,-5933.92854009929
1,0.2,0.25,0.24491728775603927,0.3,0.30264273555961785,0.5,0.5285136338408484,9982.622094685676,-5471.973529104656
2,0.2,0.25,0.24510021355901074,0.3,0.2857576558861709,0.5,0.4548626965281915,10018.178012864937,-5525.891954695766
3,0.2,0.25,0.2403879920712371,0.3,0.28963248322895074,0.5,0.45710155047418705,10047.52073079488,-5507.6013865750865
4,0.2,0.25,0.24755799721202795,0.3,0.29004138072277075,0.5,0.47126405760872325,9921.300182553801,-5511.074960791408
5,0.2,0.25,0.24316173788109216,0.3,0.29470912796824894,0.5,0.484837805385466,10055.206329087317,-5510.915978197211
6,0.2,0.25,0.2590973304719679,0.3,0.31334157416105934,0.5,0.49334452373530874,9822.063084302135,-5469.348638159769
7,0.2,0.25,0.2283128706296596,0.3,0.2765083337328327,0.5,0.5055091188019135,10178.182008332882,-5516.4344187305705
8,0.2,0.25,0.2556601229560539,0.3,0.2820237932648372,0.5,0.3916087658012787,9903.04573483769,-5495.934087834313
9,0.2,0.25,0.24489404153423544,0.3,0.2943147374305004,0.5,0.47819532565878536,9968.475995966073,-5509.63621263976
10,0.2,0.25,0.24675542319964833,0.3,0.29820668093355085,0.5,0.46633800933195135,10023.753514142743,-5485.298786028162
11,0.2,0.25,0.25483975849190477,0.3,0.29403964317735826,0.5,0.4435647213033765,9895.359078096248,-5488.501257679154
12,0.2,0.25,0.246580611131248,0.3,0.3030118044069706,0.5,0.5361540256281586,9937.29187929312,-5510.430736853026
13,0.2,0.25,0.24390959938114404,0.3,0.2898949184724952,0.5,0.47100964395155337,9931.54523749097,-5482.555732868284
14,0.2,0.25,0.23963387992437382,0.3,0.29011393958899495,0.5,0.4857709849846354,10045.755350974403,-5486.744262153488
15,0.2,0.25,0.24702599199540795,0.3,0.29387691619881606,0.5,0.47687417761793033,9963.402897698095,-5494.130666423263
16,0.2,0.25,0.2449675497984846,0.3,0.29763146599071105,0.5,0.46018711813997176,9939.351437630357,-5510.738461973646
17,0.2,0.25,0.24214791751765732,0.3,0.2889595402868678,0.5,0.5186861189654601,10003.496090210621,-5522.475837407189
18,0.2,0.25,0.24605830540200624,0.3,0.30074565117065466,0.5,0.46386854331627597,10023.704817996611,-5492.303902425757
19,0.2,0.25,0.23689325292509011,0.3,0.28661766210759326,0.5,0.4552705410558193,10121.141626498118,-5504.599490060317
20,0.2,0.25,0.24495891465711533,0.3,0.2932641271860681,0.5,0.4800810242338415,9987.112605438837,-5484.060301662168
1,0.2,0.25,0.24509820027129517,0.3,0.2903903999975234,1.0,0.948850684952137,10016.72277937311,-5745.277502376739
2,0.2,0.25,0.22839268669511972,0.3,0.27657330806017594,1.0,1.0448521015683514,10148.224468934197,-5718.073478770952
3,0.2,0.25,0.24516845957348168,0.3,0.29992969023624955,1.0,1.0623276628003404,9935.402473191636,-5719.608912445497
4,0.2,0.25,0.2338386866291212,0.3,0.28046231929896587,1.0,1.0014832570894694,10073.994349677167,-5738.171430136825
5,0.2,0.25,0.24291475431212553,0.3,0.29151209884125984,1.0,0.9756231224105015,10044.091759709614,-5706.238263633056
6,0.2,0.25,0.25169164203089917,0.3,0.3013631975346831,1.0,0.9274772364395785,9934.033984945567,-5683.325599404086
7,0.2,0.25,0.25085176713670954,0.3,0.31299012062438,1.0,1.0432040284172137,9934.228734037704,-5742.8174710600715
8,0.2,0.25,0.24252621512552922,0.3,0.27435958213924044,1.0,0.9129670015854214,10045.329401019639,-5730.020276128137
9,0.2,0.25,0.2411676113365174,0.3,0.2841370974442795,1.0,0.9515501291117102,9965.928425304652,-5700.0412596047
10,0.2,0.25,0.2514809431893094,0.3,0.2816592212558972,1.0,0.894538588565067,10037.897615211108,-5721.286773192016
11,0.2,0.25,0.23611531253865783,0.3,0.28671916438006995,1.0,1.0560874005152512,10053.941545330945,-5694.357224679302
12,0.2,0.25,0.23484163244535938,0.3,0.2889549343693194,1.0,0.9883895461873856,10006.530530778666,-5712.169491525185
13,0.2,0.25,0.24658757717841207,0.3,0.2937736958236279,1.0,0.9811382788057399,9960.795574702686,-5733.815738530139
14,0.2,0.25,0.24178895159507507,0.3,0.3161978766177106,1.0,1.0073014196520187,9907.022534479833,-5679.06956075111
15,0.2,0.25,0.2360474146549188,0.3,0.28844229561305096,1.0,1.0258247491417376,10000.626022841305,-5743.273470772301
16,0.2,0.25,0.24028995898651861,0.3,0.2790302533586066,1.0,0.962985323496684,10059.161971238627,-5730.19990535758
17,0.2,0.25,0.24355653780505934,0.3,0.30271306601103387,1.0,1.0066474608056908,9990.778329770848,-5720.173862881084
18,0.2,0.25,0.24362174943941767,0.3,0.2987178998309193,1.0,1.0104691597189175,9940.950058444583,-5734.968959515854
19,0.2,0.25,0.24269048836868465,0.3,0.2870671223099014,1.0,0.9553430807217099,10043.270875475604,-5703.620061917446
20,0.2,0.25,0.2454030006495528,0.3,0.29922722744779034,1.0,0.9760629428587151,9959.329971852081,-5750.153775147077
1,0.2,0.25,0.2518201647058711,0.3,0.3010052198988071,1.5,1.4073495471077409,9999.647250673921,-5872.31342001102
2,0.2,0.25,0.24821117074658103,0.3,0.2983482197243215,1.5,1.5182152583559323,9970.683191177435,-5877.741996449469
3,0.2,0.25,0.24124049085329732,0.3,0.2761696796586089,1.5,1.524261567805876,10037.083384892701,-5866.503324874486
4,0.2,0.25,0.24713257077449677,0.3,0.3003131978534452,1.5,1.4573791474687703,9933.514334377114,-5851.552660438605
5,0.2,0.25,0.23121540415896866,0.3,0.30535940658937044,1.5,1.7046382369761104,10018.256175789184,-5857.837425813121
6,0.2,0.25,0.24409230513020752,0.3,0.26562129330593004,1.5,1.3637349503638136,10037.834359449758,-5868.8525080735035
7,0.2,0.25,0.25233679606733533,0.3,0.3013223201655674,1.5,1.4495452739877246,9952.880410406722,-5867.254951782617
8,0.2,0.25,0.26799802806420925,0.3,0.31960707241565817,1.5,1.3257109271964862,9835.796155350203,-5828.414823598963
9,0.2,0.25,0.24414785475012252,0.3,0.31174316516556666,1.5,1.5996990054209912,9949.142575859792,-5865.358304041145
10,0.2,0.25,0.25044044006662364,0.3,0.2953362210072532,1.5,1.4330310407986562,10003.574588256759,-5889.2216592988625
11,0.2,0.25,0.2421771298209157,0.3,0.2672033907197555,1.5,1.4405029379885927,10095.797685512614,-5868.141604766174
12,0.2,0.25,0.243688338091742,0.3,0.3063364825137977,1.5,1.600608001204171,9873.312845470473,-5887.950985150086
13,0.2,0.25,0.22836519417831003,0.3,0.27962750975061046,1.5,1.4804136127414744,10168.626560041432,-5898.457826016694
14,0.2,0.25,0.23086285143475624,0.3,0.3210538767369612,1.5,1.7729271735478718,10019.882685356597,-5901.937039466149
15,0.2,0.25,0.24458066463864972,0.3,0.29402405643145324,1.5,1.465233306773849,9965.555283605137,-5871.754354112789
16,0.2,0.25,0.23713322984883256,0.3,0.2814051373640763,1.5,1.4709163243419894,10105.276827978776,-5830.406915014266
17,0.2,0.25,0.24452953586888465,0.3,0.28818110042227424,1.5,1.442334294161279,10087.544773414258,-5854.026496613961
18,0.2,0.25,0.2434497505558759,0.3,0.27313038819918184,1.5,1.4602265266722727,10053.768785108297,-5886.824143907517
19,0.2,0.25,0.24851277494255886,0.3,0.2883419750298565,1.5,1.4636741755304765,9921.4463670188,-5883.034539923236
20,0.2,0.25,0.23832533151120422,0.3,0.28776356111300533,1.5,1.4776975274876685,10033.547577696485,-5862.7715145646125
1,0.2,0.5,0.4738376695870044,0.1,0.09784935922603745,0.5,0.4019499835712062,10027.024055576616,-5638.749585907726
2,0.2,0.5,0.4753761189810111,0.1,0.09689838267431482,0.5,0.33046138641122497,10063.482938684667,-5668.427686872828
3,0.2,0.5,0.469923960613793,0.1,0.09382486307621779,0.5,0.2604775244836724,10013.065953013605,-5634.593837403898
4,0.2,0.5,0.45990131758345304,0.1,0.09598716414410563,0.5,0.42609138516625156,9972.431921661479,-5639.767980510924
5,0.2,0.5,0.46573137292469363,0.1,0.0979849627000294,0.5,0.5429617254242891,10008.042027962132,-5634.182638912727
6,0.2,0.5,0.4783216801599905,0.1,0.09609709592785078,0.5,0.2540611781808948,10078.590083843888,-5630.898336023335
7,0.2,0.5,0.467929743172212,0.1,0.09642411114482549,0.5,0.4452486606569575,10062.234808653011,-5644.872082411241
8,0.2,0.5,0.4719520405035122,0.1,0.09954962268615296,0.5,0.46476486934876327,9957.910601511561,-5666.61417927808
9,0.2,0.5,0.478446731023196,0.1,0.09773791161115147,0.5,0.3875573517684669,9934.636691992668,-5635.890515779976
10,0.2,0.5,0.4225747923173347,0.1,0.09135959424769063,0.5,0.6095187825950384,10079.618570837702,-5646.822907612077
11,0.2,0.5,0.4559133559168719,0.1,0.0930608647508574,0.5,0.3213388743396747,10162.262016699322,-5652.654275717138
12,0.2,0.5,0.4463176866830242,0.1,0.09418128537611753,0.5,0.7428969419192905,10077.438015411062,-5645.707966362743
13,0.2,0.5,0.46773361062479385,0.1,0.09794863932396025,0.5,0.7047732384148907,9961.11905208622,-5653.317865110519
14,0.2,0.5,0.4613550555034934,0.1,0.09303974018696863,0.5,0.35512079256711976,10041.834686664135,-5652.993833843604
15,0.2,0.5,0.4726655658000114,0.1,0.09812047157423301,0.5,0.3877666113909785,10068.629930523428,-5628.637471282662
16,0.2,0.5,0.4520325818415992,0.1,0.0951072708140297,0.5,0.46901419665296845,10136.421203995425,-5636.189453024217
17,0.2,0.5,0.4641079653088151,0.1,0.09486872129776472,0.5,0.44871406068531555,10063.478849797944,-5636.948925913461
18,0.2,0.5,0.46405394011816176,0.1,0.09695500603901716,0.5,0.4814155315681885,10023.419352614981,-5649.822332212836
19,0.2,0.5,0.4705356154660713,0.1,0.09845267392817517,0.5,0.7007482323313715,9935.9803756323,-5667.397102946812
20,0.2,0.5,0.46705712392684273,0.1,0.0970671639935157,0.5,0.47777007240356334,9990.101506028359,-5625.365481670997
1,0.2,0.5,0.46451177297633434,0.1,0.09836688462852129,1.0,0.9865758124235899,10017.96867373453,-5570.357232340807
2,0.2,0.5,0.47958785131531095,0.1,0.09790415000613695,1.0,0.9661772718359526,9971.334576076073,-5579.185935329286
3,0.2,0.5,0.4645113614022015,0.1,0.0962555019417163,1.0,1.0452630275557548,10063.663355264105,-5627.243007318215
4,0.2,0.5,0.48143255364096255,0.1,0.09452725758953856,1.0,0.7377494268608484,9987.187250053095,-5619.027070791319
5,0.2,0.5,0.45615673356399117,0.1,0.09779831514825531,1.0,1.2321204992788533,10056.125404417728,-5626.233631656225
6,0.2,0.5,0.4437870418436689,0.1,0.09312018697248402,1.0,0.9152771779643425,10095.86847715666,-5608.515410862919
7,0.2,0.5,0.47243874915155315,0.1,0.09423810126144187,1.0,0.6798248528455546,10047.879557734701,-5590.590618690334
8,0.2,0.5,0.46545269334106576,0.1,0.09638844205684717,1.0,0.9078492224025604,10008.21975676595,-5597.605764185316
9,0.2,0.5,0.46409418573068917,0.1,0.10021901885631945,1.0,0.8918345222019648,9980.732816347649,-5639.478940596936
10,0.2,0.5,0.4712565817692654,0.1,0.09890126441725447,1.0,0.8518932489255076,10003.651595068575,-5600.635955923253
11,0.2,0.5,0.4710592150526199,0.1,0.0973167385462639,1.0,0.9108791742220832,10039.914160359423,-5574.564760051391
12,0.2,0.5,0.4796591284933726,0.1,0.09754593487063541,1.0,0.8112835452549624,9988.992742967885,-5625.493709599112
13,0.2,0.5,0.45315121994176105,0.1,0.09637055679573787,1.0,1.2155292524033237,9975.28185672757,-5603.50515130965
14,0.2,0.5,0.4422278038304485,0.1,0.09046370371479763,1.0,0.8662259769715006,10115.67006806744,-5581.1854450446435
15,0.2,0.5,0.4775931611831386,0.1,0.09624662212518528,1.0,0.7276614284763382,9981.305544674531,-5638.491269446041
16,0.2,0.5,0.4631019119885293,0.1,0.09187756105289085,1.0,0.7427497565765194,10049.819718579176,-5642.527600555531
17,0.2,0.5,0.4561670665579947,0.1,0.09593571268436069,1.0,0.9575950363945487,10083.032572593138,-5611.365361861199
18,0.2,0.5,0.4673324914168393,0.1,0.09534473691968647,1.0,0.9307292741806314,9970.124183375983,-5617.917018667093
19,0.2,0.5,0.4661761899254085,0.1,0.09679385988374184,1.0,1.0677292348466252,10049.424434030863,-5577.711832313476
20,0.2,0.5,0.46707665364875767,0.1,0.0998519741373404,1.0,1.1258467279234032,9980.074109804298,-5607.670352646082
1,0.2,0.5,0.47427546184168223,0.1,0.09573135976185844,1.5,1.2392447279003929,10050.041109023963,-5596.825265399553
2,0.2,0.5,0.45525696593864307,0.1,0.09115308570046662,1.5,1.4342110168878095,10059.143615062401,-5560.879237360814
3,0.2,0.5,0.46592035513063956,0.1,0.09619811418425352,1.5,1.5956071592606054,10013.376693068913,-5575.343666363629
4,0.2,0.5,0.4671809134535427,0.1,0.09456474738084909,1.5,1.5732546843189585,10006.296567074662,-5567.405842115071
5,0.2,0.5,0.5019802825017968,0.1,0.10520521192521631,1.5,1.377630200837188,9818.275737315089,-5604.542466528656
6,0.2,0.5,0.48243188145219407,0.1,0.09876886032505568,1.5,1.2539256532327405,9974.836907357654,-5580.185552276216
7,0.2,0.5,0.4579368875613422,0.1,0.08857557274456801,1.5,1.0057713690120018,10105.828075882459,-5581.737623194844
8,0.2,0.5,0.46697721558769334,0.1,0.09373281687123271,1.5,1.2296064405145832,10041.60275408225,-5583.223571084973
9,0.2,0.5,0.46755520419598584,0.1,0.09327200877781416,1.5,1.2869585938668415,10027.216125278788,-5564.964139218264
10,0.2,0.5,0.4591494770620483,0.1,0.0927242941642287,1.5,1.3180041182817368,10064.826399679043,-5540.430613091689
11,0.2,0.5,0.4616206373829781,0.1,0.09814914115829947,1.5,1.6208097613129238,10018.451650069714,-5564.069887008089
12,0.2,0.5,0.46798191753971624,0.1,0.09425658775026625,1.5,1.287303324246771,10009.200056045942,-5599.07710936709
13,0.2,0.5,0.45482110737298226,0.1,0.09765156913285303,1.5,1.4191449651253047,10067.200932322507,-5598.796334891933
14,0.2,0.5,0.4474359120368686,0.1,0.0885153981443698,1.5,1.1999844485395454,10125.8469071882,-5569.832690738827
15,0.2,0.5,0.46556880495525826,0.1,0.10199305739489842,1.5,1.5069841462565363,9922.469116937827,-5594.322138893371
16,0.2,0.5,0.4696022875334105,0.1,0.09447256779411746,1.5,1.3138055975847631,10034.531363480015,-5554.90854686285
17,0.2,0.5,0.4672834164359138,0.1,0.09655763854182454,1.5,1.3386362924992758,10058.79457646599,-5565.474187070034
18,0.2,0.5,0.46388655340207136,0.1,0.09562204520399187,1.5,1.410974668093581,9962.435466784555,-5581.984041250812
19,0.2,0.5,0.4854447108130904,0.1,0.09729393996252024,1.5,1.3138287794908508,9940.57931653835,-5554.34963728502
20,0.2,0.5,0.4581540454198817,0.1,0.09763938651661003,1.5,1.803613660385972,10021.598258252763,-5589.042510781319
1,0.2,0.5,0.4833243010359748,0.2,0.19608287062241062,0.5,0.4531442122395173,10105.004054654657,-5996.963145367937
2,0.2,0.5,0.47888325728349,0.2,0.19657395642629683,0.5,0.48715132974138764,9978.111546593549,-5975.664180164898
3,0.2,0.5,0.48647226567863006,0.2,0.1988793777834113,0.5,0.4874035836054495,9902.930761561236,-5945.724285252197
4,0.2,0.5,0.4873940346862682,0.2,0.19684791128961873,0.5,0.5480585440960399,9989.805849774624,-5983.310907474821
5,0.2,0.5,0.46009664276679374,0.2,0.1909255851800208,0.5,0.4666662580236878,10035.806029445877,-5978.28357517051
6,0.2,0.5,0.4519867542669188,0.2,0.18531998103752134,0.5,0.5353552047892534,10122.445539164753,-5974.451510738543
7,0.2,0.5,0.4768195087393299,0.2,0.19782220751536486,0.5,0.5083510491579677,10070.373389360886,-5978.53266995793
8,0.2,0.5,0.4833830707387742,0.2,0.19298673720578252,0.5,0.41839474662053755,10068.266603513372,-5978.4884668053255
9,0.2,0.5,0.48409737855029766,0.2,0.19162161405127004,0.5,0.45986935051061256,10052.350623794382,-5977.536630709165
10,0.2,0.5,0.48379939764671953,0.2,0.19241453242501005,0.5,0.4211389071573704,9961.553201131946,-5983.199936493755
11,0.2,0.5,0.47917155200737105,0.2,0.19171867166528625,0.5,0.4154611865968527,9968.66910113916,-5979.016215165908
12,0.2,0.5,0.48354603687433056,0.2,0.1967310021101394,0.5,0.46131628153989657,9937.624713754858,-5958.54730112429
13,0.2,0.5,0.4752449185434996,0.2,0.18630075544585056,0.5,0.4646604771000898,10052.066496777137,-5966.099472511496
14,0.2,0.5,0.4948440006590052,0.2,0.18048571806714112,0.5,0.3446741836485424,10024.81703381936,-5996.446632023814
15,0.2,0.5,0.4792098240029694,0.2,0.19723731059196697,0.5,0.4687205327760747,9985.857239963674,-5943.7785388164375
16,0.2,0.5,0.4794219481156477,0.2,0.1938742105717068,0.5,0.560233044347574,9942.394770885121,-5937.759036044597
17,0.2,0.5,0.481270374400677,0.2,0.19353101304942383,0.5,0.4333737424430456,9904.557504986487,-5962.940713326817
18,0.2,0.5,0.484793501887952,0.2,0.19779537900752445,0.5,0.4721103464032423,9996.579166920008,-5967.994802942991
19,0.2,0.5,0.4715671448144126,0.2,0.19636445053988777,0.5,0.4498541225576469,9919.204720877628,-5943.75070261007
20,0.2,0.5,0.4874577982224013,0.2,0.1981224247099279,0.5,0.43447554133641636,10039.235056685697,-6006.30128993158
1,0.2,0.5,0.48776797201451266,0.2,0.20265478028950001,1.0,1.0143452311435952,9953.948663069888,-6016.862246798418
2,0.2,0.5,0.49947354966649143,0.2,0.1983538586159578,1.0,0.8912823045521743,9999.596257197833,-5988.647020648884
3,0.2,0.5,0.5003979432119844,0.2,0.19157982164333426,1.0,0.8695516637814813,9956.6666791989,-5954.464132730671
4,0.2,0.5,0.48307627047011886,0.2,0.19383322267232228,1.0,0.9268273233889733,9989.524782904207,-5905.707331628282
5,0.2,0.5,0.47849226283645524,0.2,0.19068590680816808,1.0,0.9071627843037808,10046.144934450316,-5977.2534698831605
6,0.2,0.5,0.47605015707618153,0.2,0.190128321767126,1.0,0.8908736702762414,10029.276071173594,-5989.932836395057
7,0.2,0.5,0.4816951523928749,0.2,0.19433060126879353,1.0,0.8779596933123066,9938.07493557923,-5977.253582118714
8,0.2,0.5,0.49399662416233836,0.2,0.19795553129156918,1.0,1.0661486873229022,9893.657236700037,-5991.107873403547
9,0.2,0.5,0.46383454911239796,0.2,0.19571917983231574,1.0,1.0604274256987078,10083.192645004994,-5970.412572735108
10,0.2,0.5,0.4828108278750435,0.2,0.19108931217589245,1.0,0.9722308167036542,9950.037351628713,-5954.1697599820145
11,0.2,0.5,0.47226765836904283,0.2,0.19332988251447755,1.0,0.9862477545816255,10041.210837416233,-5952.683548740775
12,0.2,0.5,0.48295771039739915,0.2,0.19196104068313657,1.0,0.9330991467464181,9983.618531082926,-5984.484999274829
13,0.2,0.5,0.4751640200163933,0.2,0.19554070442719754,1.0,1.0060461780847705,10003.999296181088,-6000.96096507912
14,0.2,0.5,0.4806111808478744,0.2,0.19642055906282616,1.0,0.9693024239361844,9938.561422915956,-5973.321803300838
15,0.2,0.5,0.4744367293211926,0.2,0.19005668065742481,1.0,0.967434309199469,10020.538219387354,-5953.133763478691
16,0.2,0.5,0.4756321052303835,0.2,0.1963028344399802,1.0,1.0339135866163573,10004.306319437064,-5968.732674735208
17,0.2,0.5,0.48414955149704636,0.2,0.1929680403844295,1.0,0.8773323140101469,10000.806172524683,-5973.485485535705
18,0.2,0.5,0.49899164703249793,0.2,0.20795636072988974,1.0,0.9953353631919658,9913.240326045014,-5994.126616395293
19,0.2,0.5,0.5133823661243326,0.2,0.20050396986146327,1.0,0.9138290145989467,9890.59589994315,-6007.356447311064
20,0.2,0.5,0.47986601884841806,0.2,0.19502396008627004,1.0,1.0237560499878808,9934.528799753587,-5993.45120260008
1,0.2,0.5,0.48518649811885056,0.2,0.19583258646992635,1.5,1.4543492084728271,10047.16648627075,-5979.547246215327
2,0.2,0.5,0.484664968455491,0.2,0.19648492460883812,1.5,1.4936732111402533,9936.175464121505,-5982.08163859842
3,0.2,0.5,0.48091473084491,0.2,0.1885335062043725,1.5,1.4535558195259515,10064.149210122881,-5937.706548091754
4,0.2,0.5,0.48343389466867864,0.2,0.19703118561158697,1.5,1.5094315265226663,9954.729354254123,-5945.854955317662
5,0.2,0.5,0.47887977890669875,0.2,0.2088173857077095,1.5,1.6015912612987648,9903.275156903159,-5956.516193267866
6,0.2,0.5,0.5140712443835108,0.2,0.18939030105025165,1.5,1.2531542830434848,9925.33923813857,-5961.316010415949
7,0.2,0.5,0.48381479993437326,0.2,0.20034998148143196,1.5,1.5042185980534404,9974.194204643709,-5970.442235371764
8,0.2,0.5,0.4683355915375029,0.2,0.19383464693414737,1.5,1.47186990516079,10092.670161971126,-5961.407925526675
9,0.2,0.5,0.4873046609561981,0.2,0.19569385784959892,1.5,1.4222541505966957,9939.973564402222,-5956.412145134245
10,0.2,0.5,0.48507808298168614,0.2,0.19347846210595362,1.5,1.4496478676633113,9957.426634204829,-5969.803045874091
11,0.2,0.5,0.47974226288152044,0.2,0.17574781154383046,1.5,1.2439445367576096,10132.369618320537,-5965.391207883727
12,0.2,0.5,0.4895637523398602,0.2,0.20304361026761059,1.5,1.5141177058113267,10003.268019859463,-5948.565484460944
13,0.2,0.5,0.4874976396892862,0.2,0.19059029893462862,1.5,1.3309792456348577,9983.222475833016,-5939.383265150027
14,0.2,0.5,0.4812856098071655,0.2,0.19174015889301482,1.5,1.4092703790219328,10020.323206979405,-5978.7221318525735
15,0.2,0.5,0.46897927498284386,0.2,0.1956743461182466,1.5,1.6159583567242761,10026.278265105753,-5951.9687861067505
16,0.2,0.5,0.47738878742614405,0.2,0.1958624363014449,1.5,1.495805625295301,10023.171384429254,-5964.674910464177
17,0.2,0.5,0.47155642297209505,0.2,0.18076092798843404,1.5,1.3628959090838948,10027.262523374904,-5986.16205143054
18,0.2,0.5,0.4883446425239174,0.2,0.1839957002264952,1.5,1.3608183451313962,10005.038197074446,-5947.1739865951
19,0.2,0.5,0.46803641260587964,0.2,0.1877637584612489,1.5,1.4789223041227315,10069.511090612574,-5938.230731368556
20,0.2,0.5,0.48197459233343704,0.2,0.1895728077321089,1.5,1.3826132218848584,10008.48871474818,-5964.431032303461
1,0.2,0.5,0.4723197619918744,0.3,0.28651596444113653,0.5,0.4732298621549348,10059.333030206626,-5955.859373562767
2,0.2,0.5,0.4729154573546702,0.3,0.29256581991826214,0.5,0.47879471203068497,10006.597560781314,-5945.199336820214
3,0.2,0.5,0.4875155954984487,0.3,0.27364278953191884,0.5,0.4137774498504557,10053.093999697283,-5919.308080562788
4,0.2,0.5,0.48709561399041534,0.3,0.29167643429810775,0.5,0.4727142090471042,10052.93034318694,-5936.373033354324
5,0.2,0.5,0.47037442308543914,0.3,0.27368746711429,0.5,0.48796043627954383,10086.080751372274,-5973.726312611818
6,0.2,0.5,0.47183546887825284,0.3,0.29630992045477045,0.5,0.5024380414947957,9977.208008571806,-5952.537396803112
7,0.2,0.5,0.4714308094488133,0.3,0.2965808466381665,0.5,0.5373430403877008,10012.515281908567,-5911.166013319834
8,0.2,0.5,0.47890907535248967,0.3,0.2898091940879927,0.5,0.4956354935362475,9975.58356508148,-5921.016428849613
9,0.2,0.5,0.48555871564111913,0.3,0.2945573180019413,0.5,0.48656311538522856,10033.844352712305,-5955.077512561285
10,0.2,0.5,0.48414442929387874,0.3,0.2981969039661722,0.5,0.515135358973453,9927.37669043101,-5927.294438571858
11,0.2,0.5,0.46523347927192815,0.3,0.29500743968058674,0.5,0.5116088381275423,10079.179536197384,-5946.552406556193
12,0.2,0.5,0.49466264181877106,0.3,0.2919446857560314,0.5,0.4353946570615735,9973.22216539656,-5907.553885749024
13,0.2,0.5,0.48754172862029194,0.3,0.28994423018626586,0.5,0.4459590789756292,9997.384852132316,-5978.282698955782
14,0.2,0.5,0.48145435995876823,0.3,0.29236254546053625,0.5,0.4588790569403098,10056.374711877364,-5961.49757507469
15,0.2,0.5,0.47898702008919153,0.3,0.2904395269059881,0.5,0.45898716831773567,9960.84705469127,-5967.671405673858
16,0.2,0.5,0.4675585801788345,0.3,0.2782257880529445,0.5,0.47758882827164545,10009.42581765784,-5950.207001067241
17,0.2,0.5,0.471770085406168,0.3,0.29153416016629025,0.5,0.4730430115327538,10105.793076588516,-5942.8290326860615
18,0.2,0.5,0.4837768532508063,0.3,0.30073311351744647,0.5,0.5152076602385107,9974.576794544197,-5944.209726205239
19,0.2,0.5,0.4800624235476797,0.3,0.28422413489662435,0.5,0.4495176836085158,10020.027578011519,-5937.413724691002
20,0.2,0.5,0.4716773412581495,0.3,0.28858833130805245,0.5,0.48153288344564343,10103.260411338451,-5927.944124703952
1,0.2,0.5,0.46322490914011727,0.3,0.3038934845679788,1.0,1.1575674156707285,10031.1859984856,-6036.78168065144
2,0.2,0.5,0.4847962513803988,0.3,0.2885353700262525,1.0,0.9630101480238334,10042.839433113084,-6021.769198643957
3,0.2,0.5,0.48226270184802844,0.3,0.28768631875376127,1.0,0.9406704738459148,10005.410865844766,-6022.6359447976265
4,0.2,0.5,0.4725403249261273,0.3,0.2948446279892664,1.0,1.035530004633322,9980.232043433958,-6053.181761281505
5,0.2,0.5,0.5033760775223793,0.3,0.29850518077400184,1.0,0.9171775595431105,9889.562614431494,-6036.957258379304
6,0.2,0.5,0.4777805206961867,0.3,0.2883959419462193,1.0,0.9972395331448861,10081.023383567732,-6008.247801845174
7,0.2,0.5,0.4986972015028075,0.3,0.2996252133461051,1.0,0.9521347746675477,9913.70157098786,-6021.589627933741
8,0.2,0.5,0.4679875744536744,0.3,0.3021804725858201,1.0,1.0535917407859565,10013.458333369288,-6034.0306849935
9,0.2,0.5,0.48202889124717274,0.3,0.2994466471962996,1.0,1.0233500997763627,9984.829487157192,-6024.943648935243
10,0.2,0.5,0.48393414408557306,0.3,0.2888310798089491,1.0,0.977021934174854,9964.631407554783,-6037.67876490697
11,0.2,0.5,0.4786561773623155,0.3,0.3123140701830261,1.0,1.1238264979386707,9938.213786695827,-6042.752102573248
12,0.2,0.5,0.49666875795255333,0.3,0.31248684394283255,1.0,1.0093015466537862,9875.147687620894,-6028.915440945803
13,0.2,0.5,0.47885334708781535,0.3,0.29650651731736677,1.0,1.0585494565354372,9976.911346150691,-6043.264953545481
14,0.2,0.5,0.4963146865146691,0.3,0.3000466305965837,1.0,0.9335328546320201,9945.747150959622,-6044.419385897314
15,0.2,0.5,0.4877584568620846,0.3,0.27960552141461625,1.0,0.8713854232398217,9996.950310832015,-5997.786001470146
16,0.2,0.5,0.47957583110084256,0.3,0.2901483073656408,1.0,0.9546871457670819,9978.693910615628,-6017.0299416495345
17,0.2,0.5,0.48331315265035085,0.3,0.31026110301141663,1.0,1.1011470075765355,9927.119818487014,-6025.8097573746145
18,0.2,0.5,0.48260785647754323,0.3,0.29775978353517857,1.0,1.0676369849784118,9955.773864207344,-6057.772373098238
19,0.2,0.5,0.47350084504709183,0.3,0.2958383187834065,1.0,1.0195033453591318,9976.68485510161,-6009.214882592813
20,0.2,0.5,0.452503074896567,0.3,0.2756264063887727,1.0,0.9756449741468277,10190.219695508973,-6025.979205439732
1,0.2,0.5,0.4845205180370842,0.3,0.3083151868010366,1.5,1.6126094521029655,9860.280319400536,-6031.233889064048
2,0.2,0.5,0.47494130820982516,0.3,0.2862316032687018,1.5,1.4441831611578873,10055.656307779032,-6056.364701138471
3,0.2,0.5,0.48016323571174047,0.3,0.2930551792652585,1.5,1.4670311162366418,10095.980474903283,-6069.208494156524
4,0.2,0.5,0.4806413707928211,0.3,0.2866105314492443,1.5,1.4172188534054084,10003.078123047093,-6052.607837850157
5,0.2,0.5,0.47147514837544224,0.3,0.3004831258692943,1.5,1.543609456113326,10031.217027522,-6038.693195462241
6,0.2,0.5,0.48170188044826234,0.3,0.3082587844971438,1.5,1.6170388798190316,9939.96548935386,-6069.673598287765
7,0.2,0.5,0.49033312534498713,0.3,0.2778528102003686,1.5,1.4233254552231236,10061.268295233942,-6035.164060014399
8,0.2,0.5,0.47948315693754995,0.3,0.2954771399901233,1.5,1.4508599976469452,10009.786914379401,-6055.0735128476235
9,0.2,0.5,0.47865688960173086,0.3,0.29039320295859244,1.5,1.4694592783437868,10088.125403896818,-6037.139285436445
10,0.2,0.5,0.48262300870067415,0.3,0.2927319983492474,1.5,1.4897440334218164,9973.708057349486,-6038.46246674385
11,0.2,0.5,0.4759874836065404,0.3,0.29982203240241506,1.5,1.5576417263843447,10048.766855976764,-6024.258512323112
12,0.2,0.5,0.484605730975635,0.3,0.2950965334400271,1.5,1.4602002363480786,9940.911477689273,-6065.877102147032
13,0.2,0.5,0.49518608417462623,0.3,0.2947620616015723,1.5,1.347978190854692,9915.340562582174,-6023.448973102312
14,0.2,0.5,0.4792289628628374,0.3,0.27543057608523563,1.5,1.4571805403633173,10016.264457353818,-6028.664875122848
15,0.2,0.5,0.46155764072719674,0.3,0.2857253848475096,1.5,1.5783270762818171,10158.858634294405,-6064.033991063013
16,0.2,0.5,0.4698977992704415,0.3,0.27370442626459507,1.5,1.4646638736386508,10063.0191176117,-6080.138074982487
17,0.2,0.5,0.4711039986311079,0.3,0.29760538163864625,1.5,1.5667734814810412,9971.884151528859,-6026.619274337425
18,0.2,0.5,0.5062276444845842,0.3,0.3035920574666264,1.5,1.4541917465635217,9894.807552364773,-6038.993725018884
19,0.2,0.5,0.47440581829766526,0.3,0.28344542081253565,1.5,1.5113946538488783,10055.022173918369,-6037.313480310978
20,0.2,0.5,0.48568066872787197,0.3,0.2913527803327766,1.5,1.4562145838745524,9972.01981980031,-6054.030843433189
