Sim,F_true,Nu2_true,Nu2_est,T_true,T_est,M21_true,M21_est,Theta,Loglik
1,0.5,0.1,0.08397806160967546,0.1,0.0811618700280699,0.5,0.49593799363834884,10040.362122481276,-5503.976889388667
2,0.5,0.1,0.08764525134445368,0.1,0.08756178553441758,0.5,0.45667640241391055,10055.999612357104,-5552.015227417504
3,0.5,0.1,0.08891076512487234,0.1,0.08923209255635232,0.5,0.3610891057811372,10024.101121666292,-5489.578420296681
4,0.5,0.1,0.09730505200420904,0.1,0.09557138946462865,0.5,0.3438563696006781,10010.453661668264,-5524.953579979967
5,0.5,0.1,0.09108864224107523,0.1,0.08951515036586793,0.5,0.5045628865504104,10043.242496610352,-5523.596553061451
6,0.5,0.1,0.09317355534460005,0.1,0.09019862661179563,0.5,0.38687517555980866,9996.91307415347,-5498.818313361737
7,0.5,0.1,0.09104315339068396,0.1,0.091727525656777,0.5,0.4452585949774109,9960.364176927327,-5518.622668798075
8,0.5,0.1,0.08976894931324256,0.1,0.08787903674828478,0.5,0.4407019636463955,10034.298371703395,-5486.6079753008435
9,0.5,0.1,0.09046506521737907,0.1,0.08828862837541997,0.5,0.3886236557993584,9985.555035432837,-5517.848134468211
10,0.5,0.1,0.09297691894977159,0.1,0.09002376115957966,0.5,0.32392333224733033,10008.401881516233,-5515.870013350088
11,0.5,0.1,0.08942375423311782,0.1,0.09034815376349825,0.5,0.3710836357495513,9994.849517008617,-5525.642953017627
12,0.5,0.1,0.09453021553535405,0.1,0.09396944346945466,0.5,0.36067898234244433,10011.202895772538,-5487.704695399454
13,0.5,0.1,0.09154767683406312,0.1,0.09276093379287575,0.5,0.44914563253268436,9966.763717602451,-5507.961038165384
14,0.5,0.1,0.08969194767284139,0.1,0.08942378045275604,0.5,0.3994176106833605,10049.465454035653,-5534.721796381589
15,0.5,0.1,0.09026510800208308,0.1,0.08768140118311067,0.5,0.3255796810254549,10026.774691329578,-5518.969095617187
16,0.5,0.1,0.10042498297871809,0.1,0.10178525591455083,0.5,0.4113499561864783,9884.877580005237,-5506.894215506001
17,0.5,0.1,0.09301408478233475,0.1,0.09043078158720737,0.5,0.32693141780512636,9966.334146285588,-5487.774790679333
18,0.5,0.1,0.09211824791767102,0.1,0.09041369489428465,0.5,0.3565374070626301,9976.548120626176,-5506.846881254713
19,0.5,0.1,0.08792130051083799,0.1,0.08615901003429038,0.5,0.4184677720576947,10022.241673983148,-5497.1935759335865
20,0.5,0.1,0.10031500592624433,0.1,0.10283515658677549,0.5,0.3635128035428303,9912.916675358221,-5517.725228385436
1,0.5,0.1,0.09224223023235928,0.1,0.09081974958699329,1.0,0.8979555611940054,10008.74488853591,-5617.503633360785
2,0.5,0.1,0.09616042786919528,0.1,0.09446040045177603,1.0,0.8125862817089012,9942.49681667271,-5560.99029596324
3,0.5,0.1,0.08088250333408087,0.1,0.07747176110245874,1.0,0.7899719929804703,10042.215714067403,-5633.134097393165
4,0.5,0.1,0.09131103126391223,0.1,0.08895476078254898,1.0,0.7824149228970698,10022.501412237427,-5626.864592316693
5,0.5,0.1,0.09514375833969874,0.1,0.09174914162689739,1.0,0.7666166440359125,9957.942424407693,-5644.485815121395
6,0.5,0.1,0.09203822573057517,0.1,0.08727496569986906,1.0,0.7805204731372318,10051.078192215606,-5636.504082728628
7,0.5,0.1,0.09508249762973481,0.1,0.09070413582052421,1.0,0.7167986587163953,9978.994660485356,-5635.270243477727
8,0.5,0.1,0.08983471204782943,0.1,0.0893087714441228,1.0,0.8112890622062979,9981.795589669371,-5644.579068774419
9,0.5,0.1,0.09331467219817263,0.1,0.08919917477073501,1.0,0.7411519712494739,10060.432997957081,-5646.212062492723
10,0.5,0.1,0.09728078163653886,0.1,0.0953166542377354,1.0,0.7615450783732113,9925.101504704591,-5650.474256415022
11,0.5,0.1,0.09048549216503454,0.1,0.0858272709945988,1.0,0.740800284903305,10072.220172819365,-5649.249468392625
12,0.5,0.1,0.09157319717724346,0.1,0.08799211093188355,1.0,0.8337544503719311,10030.06518183202,-5631.913285301744
13,0.5,0.1,0.09432525939689028,0.1,0.09198659236888654,1.0,0.8667737186973582,9979.647652901283,-5631.1431328451245
14,0.5,0.1,0.09495936712971131,0.1,0.09388725702967922,1.0,0.8576393003979603,9958.987700495456,-5626.487965957289
15,0.5,0.1,0.09460856103368664,0.1,0.09259803020508027,1.0,0.7515167443633138,9942.852902134455,-5621.7871384469945
16,0.5,0.1,0.09521235384216174,0.1,0.09088752588527156,1.0,0.7474006623322017,10055.964286648075,-5625.567345617655
17,0.5,0.1,0.08848454888532636,0.1,0.0865860673989221,1.0,0.839967376977487,10067.722907349616,-5642.072913049795
18,0.5,0.1,0.09171831021472969,0.1,0.0899379115530998,1.0,0.7534294518335285,10023.465588119017,-5647.4649352283
19,0.5,0.1,0.08674572938946029,0.1,0.08358508662126651,1.0,0.7120345686608919,9980.833974474583,-5630.227665897433
20,0.5,0.1,0.09376874822643526,0.1,0.09226727184557562,1.0,0.8753953787496503,9988.017117858906,-5625.778636422168
1,0.5,0.1,0.08783407815910053,0.1,0.08320924922834891,1.5,1.2172001992912311,10045.298919794763,-5738.67126265329
2,0.5,0.1,0.09274658288120924,0.1,0.10106517228746634,1.5,1.7058195717467612,10025.719924075163,-5732.328816364942
3,0.5,0.1,0.0900024991852697,0.1,0.0873829288651107,1.5,1.241000018447624,10106.091418257878,-5726.979875869294
4,0.5,0.1,0.09167475065259688,0.1,0.08966493175008419,1.5,1.3601646158483824,10017.013601742055,-5728.388872544292
5,0.5,0.1,0.09357237467463875,0.1,0.0916414531091624,1.5,1.3146044358596574,10027.74648145327,-5722.499025884126
6,0.5,0.1,0.09393702384485893,0.1,0.08857472691460713,1.5,1.2365916999432043,9998.195784915217,-5712.563409489705
7,0.5,0.1,0.09208003377797962,0.1,0.09369756576421058,1.5,1.3188771551613263,10015.958437623489,-5727.717350177226
8,0.5,0.1,0.09686592400898923,0.1,0.09065943115336426,1.5,1.1499504183124014,9986.40918884303,-5716.799374098474
9,0.5,0.1,0.09361195969208076,0.1,0.08474001294324195,1.5,1.0942728812504328,9988.075664788943,-5727.643549650096
10,0.5,0.1,0.09521929132419296,0.1,0.09288145283842077,1.5,1.3142408490430615,9942.329231177793,-5718.703443347413
11,0.5,0.1,0.0985292366168844,0.1,0.09492125802942,1.5,1.1944994656203098,9987.574470010071,-5718.624056065833
12,0.5,0.1,0.1028796855240712,0.1,0.09236522332790971,1.5,1.0779353507472234,9904.833577010835,-5734.559063658917
13,0.5,0.1,0.09209031426813004,0.1,0.08496730689573208,1.5,1.1568775682253183,9973.627516783026,-5708.762750515699
14,0.5,0.1,0.09786797521031103,0.1,0.0959113339436219,1.5,1.3532576178388,10024.243366016372,-5704.157583832535
15,0.5,0.1,0.09798073554456366,0.1,0.09484841744609683,1.5,1.2865414824073704,9931.68129193337,-5732.476513447655
16,0.5,0.1,0.09356366952307721,0.1,0.0891896696639707,1.5,1.2843375063675917,9980.731697306974,-5703.211214883368
17,0.5,0.1,0.08230095236490056,0.1,0.08005653724289605,1.5,1.2000397332105794,10051.138171752647,-5733.208889147407
18,0.5,0.1,0.09288730515726254,0.1,0.09226201744032683,1.5,1.2849861148386572,9961.16286117685,-5696.162562930294
19,0.5,0.1,0.0970260050374436,0.1,0.0936052155302437,1.5,1.1742691781809795,9957.07484114504,-5708.711888077241
20,0.5,0.1,0.09556573734841699,0.1,0.09677714210023561,1.5,1.440481606547142,9898.335739775363,-5696.740147063692
1,0.5,0.1,0.09556276837335222,0.2,0.1833537628141048,0.5,0.40641554285580456,9983.494938723503,-4693.94966053919
2,0.5,0.1,0.09607342007793224,0.2,0.19062722924431585,0.5,0.4734834030589081,10017.620336793676,-4711.916475443704
3,0.5,0.1,0.09798061416249436,0.2,0.1976554787765276,0.5,0.46804174049795366,9939.78086460155,-4699.888735414087
4,0.5,0.1,0.10265999547156082,0.2,0.21491446551308083,0.5,0.4598910479611217,9756.92643521616,-4682.981668146403
5,0.5,0.1,0.09673771884826886,0.2,0.1946962916474001,0.5,0.4245923559038714,9990.100922628395,-4719.04801177471
6,0.5,0.1,0.09061857991719428,0.2,0.18631476617376355,0.5,0.4229639905023467,10051.174600589144,-4680.279354597055
7,0.5,0.1,0.0979534716724504,0.2,0.18790338870474013,0.5,0.3980320393659616,9914.3559666365,-4663.570210064053
8,0.5,0.1,0.09195027778896392,0.2,0.18497070775191224,0.5,0.504073690460952,10014.829892042284,-4717.5574606042355
9,0.5,0.1,0.09300071024335275,0.2,0.1837216084943193,0.5,0.4157687246360858,9951.421145316432,-4709.340300305047
10,0.5,0.1,0.10418870517974255,0.2,0.20454041111487903,0.5,0.39907435029355176,9874.26037877156,-4737.79455810258
11,0.5,0.1,0.09802068625935842,0.2,0.1989072728712609,0.5,0.43642867350331593,9919.4107263317,-4725.757532907044
12,0.5,0.1,0.09460794608198278,0.2,0.18740559612221788,0.5,0.41710883377574254,10024.960875409972,-4710.785606694011
13,0.5,0.1,0.09181767582615699,0.2,0.1833681116826605,0.5,0.422831899127199,10020.222050189177,-4734.358113871303
14,0.5,0.1,0.09015504397179186,0.2,0.17823429555062126,0.5,0.4667401766657908,10033.5105716717,-4677.140942828326
15,0.5,0.1,0.09588121940098424,0.2,0.182216413544226,0.5,0.4070336404573281,9942.478217010186,-4663.589663293187
16,0.5,0.1,0.08866964704812151,0.2,0.171690177192395,0.5,0.40523328243838475,10112.078951559852,-4735.341697100688
17,0.5,0.1,0.09467728075386474,0.2,0.18270633951701287,0.5,0.37453833801446995,10042.117255177389,-4745.856167608378
18,0.5,0.1,0.10027512632955146,0.2,0.20745776993627194,0.5,0.45110834982899284,9985.307065104213,-4712.472052955083
19,0.5,0.1,0.0953129381788248,0.2,0.1978511610068793,0.5,0.5251714407449406,9944.62655184383,-4699.983641442339
20,0.5,0.1,0.09105200815935696,0.2,0.17559324787750055,0.5,0.359362580654591,9998.043490217418,-4692.358182386641
1,0.5,0.1,0.09824739609211379,0.2,0.1953217846165601,1.0,0.9647470632505902,9936.217772272548,-5112.8750986593395
2,0.5,0.1,0.10113542328443133,0.2,0.20217465821621503,1.0,0.869464630892096,9955.887771759633,-5100.4469211174055
3,0.5,0.1,0.09524164867890855,0.2,0.18347245950707186,1.0,0.8457047117643512,9970.184796228797,-5106.012333363044
4,0.5,0.1,0.09340908789750925,0.2,0.18054512592497632,1.0,0.9047901724355507,9992.440427103,-5113.511548232467
5,0.5,0.1,0.09831235139640276,0.2,0.18981661653965107,1.0,0.8688554640446908,9987.545085511556,-5096.872354974499
6,0.5,0.1,0.09301559148193042,0.2,0.1797295362039491,1.0,0.9178948761583531,9998.485452104027,-5115.027097274269
7,0.5,0.1,0.09311186987570175,0.2,0.18677384878101416,1.0,0.9282365481084495,9962.320647418901,-5087.11449513801
8,0.5,0.1,0.09579468568348397,0.2,0.2014229215889785,1.0,0.9588456563390575,10009.77592744642,-5089.230633785748
9,0.5,0.1,0.09771776367116736,0.2,0.188876694233879,1.0,0.866296178105431,9937.42236270683,-5103.619013638452
10,0.5,0.1,0.09021343749258823,0.2,0.1858299725760847,1.0,1.0294325236135164,9999.168458608468,-5091.956690799667
11,0.5,0.1,0.09806975846943304,0.2,0.18655095535379773,1.0,0.805796910250302,9979.946143934563,-5118.542266827006
12,0.5,0.1,0.0885125684493238,0.2,0.17247267603984043,1.0,0.9137326115114774,10041.623876888514,-5091.323638058935
13,0.5,0.1,0.09752234686454332,0.2,0.1982454801126123,1.0,0.9593390078481238,9989.449620282494,-5113.4964826692885
14,0.5,0.1,0.09808870554479784,0.2,0.1862419003798298,1.0,0.8592094627021806,10006.41955772083,-5097.660899367222
15,0.5,0.1,0.1026405481050764,0.2,0.20081462251876792,1.0,0.7816892023005803,9924.724510043414,-5115.763319706495
16,0.5,0.1,0.08831588408169476,0.2,0.18036089268487426,1.0,0.9850594495222011,10013.372242112864,-5114.022996573971
17,0.5,0.1,0.09631571166368519,0.2,0.20336940360613845,1.0,1.0097819032909505,10001.100212694637,-5121.929658677752
18,0.5,0.1,0.09421345372424317,0.2,0.1780638011238966,1.0,0.8748846605717748,9979.240874476884,-5122.047885509479
19,0.5,0.1,0.10231243549707705,0.2,0.19729019595009661,1.0,0.8092613921689291,9889.663131406705,-5112.634332147178
20,0.5,0.1,0.09796390364988673,0.2,0.18593166788574725,1.0,0.9633943421519771,10029.074605074464,-5110.11048122234
1,0.5,0.1,0.10196308517861094,0.2,0.20380260905235456,1.5,1.320117520576749,9919.568545284663,-5349.2012692046765
2,0.5,0.1,0.09575004466591087,0.2,0.1914636130684771,1.5,1.4320223458485026,9965.260676188187,-5352.437112553442
3,0.5,0.1,0.09532607707210503,0.2,0.17155915118175952,1.5,1.195650733479349,9996.238570627076,-5347.084286713688
4,0.5,0.1,0.09810510598462821,0.2,0.18729544030077142,1.5,1.378590803737347,9998.873097466703,-5347.693954113311
5,0.5,0.1,0.09621522210508777,0.2,0.18511097668214624,1.5,1.3618564249169882,9958.384172306414,-5349.638682952729
6,0.5,0.1,0.09488041738897601,0.2,0.18187118955080236,1.5,1.3940306439886607,10022.392970257075,-5355.846950855937
7,0.5,0.1,0.09462915844634745,0.2,0.17327488751924813,1.5,1.3028685310681107,10036.244659129527,-5348.164117665192
8,0.5,0.1,0.10043957188654334,0.2,0.17992470029137847,1.5,1.229016544472438,9980.930250688985,-5353.399982971039
9,0.5,0.1,0.1029693604965017,0.2,0.18091173536563837,1.5,1.2182934727688992,9898.713586286129,-5370.3648344085805
10,0.5,0.1,0.09268558998427606,0.2,0.17377627592429437,1.5,1.3246796655777429,10034.28925020824,-5364.875667845545
11,0.5,0.1,0.09339574022932663,0.2,0.18089476083450762,1.5,1.4204644446559678,10078.083336479176,-5343.107042436785
12,0.5,0.1,0.10059583991387044,0.2,0.20783405982100864,1.5,1.367752332334768,9866.26846857871,-5356.609358158166
13,0.5,0.1,0.09818503897124387,0.2,0.18684828779464657,1.5,1.315500859878825,9956.034559221898,-5342.276707360264
14,0.5,0.1,0.10146236772657946,0.2,0.17602027262455555,1.5,1.194633659144318,9979.02243762464,-5360.2966457324055
15,0.5,0.1,0.09747021064116743,0.2,0.18211851647066085,1.5,1.29628666398562,10029.013970742788,-5331.372630865651
16,0.5,0.1,0.09819216737829152,0.2,0.16213230135200077,1.5,1.1216443005022405,9993.89197109319,-5373.013453472458
17,0.5,0.1,0.09599310612089777,0.2,0.18905534622620615,1.5,1.4330815975334914,9937.671406341033,-5382.239076912182
18,0.5,0.1,0.10103656482077247,0.2,0.19942408571642997,1.5,1.2887557303014119,9911.865646104618,-5365.463080820122
19,0.5,0.1,0.09035497807340699,0.2,0.1692681480608071,1.5,1.3097135832443256,10108.833271551175,-5356.149059897885
20,0.5,0.1,0.09453941798568485,0.2,0.17972780724929627,1.5,1.2985807958783466,10035.26836843582,-5327.924959067622
1,0.5,0.1,0.09117090822829714,0.3,0.2905702302654383,0.5,0.5390577258125728,10083.029310461978,-4188.329815665722
2,0.5,0.1,0.09176925034382417,0.3,0.2796974891580764,0.5,0.4433569118441449,10039.68978956996,-4202.123118297527
3,0.5,0.1,0.092739934018082,0.3,0.284626644205876,0.5,0.43427745332779644,10050.77365868202,-4192.114109428804
4,0.5,0.1,0.093063761535646,0.3,0.28405640814531014,0.5,0.42508455655521915,9952.645533261124,-4180.599110723484
5,0.5,0.1,0.09493562661047628,0.3,0.31253523373022885,0.5,0.5888048610042543,9909.005794794868,-4223.823615642426
6,0.5,0.1,0.0934133751199812,0.3,0.28477836740271034,0.5,0.4511885462053813,9973.003826931823,-4184.162467099942
7,0.5,0.1,0.0944375328548037,0.3,0.28318525693666313,0.5,0.45626135796446926,10056.052570722755,-4185.604019037901
8,0.5,0.1,0.09388593462562689,0.3,0.29198807730610593,0.5,0.5108995472015859,10017.637293680224,-4217.546146823653
9,0.5,0.1,0.09549597778067251,0.3,0.30477310713108674,0.5,0.5333969702276031,9901.4494095939,-4206.451018741485
10,0.5,0.1,0.09499463255147488,0.3,0.2792232148746235,0.5,0.42579669803895304,9902.079788667827,-4176.261895147892
11,0.5,0.1,0.09515582193786884,0.3,0.3153243413174132,0.5,0.5225022256639462,9973.352395816808,-4213.012267236536
12,0.5,0.1,0.09903162401404358,0.3,0.30486477642955245,0.5,0.4857565170831216,9862.82131373931,-4230.610202389293
13,0.5,0.1,0.10016683686171608,0.3,0.29506170460655545,0.5,0.40823765446711424,9909.949888586782,-4176.616764287308
14,0.5,0.1,0.09491982667286747,0.3,0.28554812231893933,0.5,0.46301902637516823,10040.459796097559,-4231.910555162422
15,0.5,0.1,0.09757191515414129,0.3,0.29515433664277874,0.5,0.45043402415280287,9894.883214111362,-4203.749574329102
16,0.5,0.1,0.09992983979783626,0.3,0.2728402182448266,0.5,0.40555621711048084,9963.128678684965,-4236.176435263426
17,0.5,0.1,0.09460902183088024,0.3,0.29487780725669616,0.5,0.46025149524458553,9998.274144081872,-4198.598758791907
18,0.5,0.1,0.0936859019881775,0.3,0.29978354059019474,0.5,0.49616694854105864,9993.90580709663,-4223.082184212824
19,0.5,0.1,0.09115941329959469,0.3,0.27021095357493247,0.5,0.4316958477528055,9981.857579986337,-4210.586500390858
20,0.5,0.1,0.09499991246506113,0.3,0.2913643201204438,0.5,0.45986840678658963,10017.039252817216,-4193.651811560086
1,0.5,0.1,0.0975089791881652,0.3,0.2900046466932891,1.0,0.9272967599362496,9951.711848158324,-4856.884788584338
2,0.5,0.1,0.09552834850826829,0.3,0.2865558446724084,1.0,0.9374936289276471,9936.317981221595,-4823.001287428882
3,0.5,0.1,0.09443439189746733,0.3,0.26816216096177825,1.0,0.9011943623693053,10021.2429560295,-4839.414389283182
4,0.5,0.1,0.09893748158856752,0.3,0.28769046305722357,1.0,0.8721836899875713,9955.74419478548,-4858.788408046699
5,0.5,0.1,0.10644008078390102,0.3,0.2862661733976007,1.0,0.798629133783649,9943.763162726853,-4845.934320610327
6,0.5,0.1,0.09444989768130828,0.3,0.2891928101879457,1.0,0.9776467094232628,10028.801244870385,-4831.318464915407
7,0.5,0.1,0.09632670512402086,0.3,0.29408003372433467,1.0,0.9599051408465367,9981.636990754278,-4819.917141030482
8,0.5,0.1,0.09247169529554944,0.3,0.280243740775479,1.0,0.9957906677137549,9980.206248383223,-4841.159521401412
9,0.5,0.1,0.09524715633429236,0.3,0.3112080208983234,1.0,0.9777003540717509,9969.493701428732,-4869.16041931738
10,0.5,0.1,0.09840894317419498,0.3,0.2896285404980631,1.0,0.929094805569531,9962.473496235605,-4843.542543441457
11,0.5,0.1,0.09055326622263526,0.3,0.29111024278487524,1.0,1.0522006917671776,9980.442933389888,-4830.118186001824
12,0.5,0.1,0.09259135407111996,0.3,0.28384503271214157,1.0,0.9306164146742667,10016.431254974039,-4851.873979614368
13,0.5,0.1,0.09865455672734716,0.3,0.26749611719747024,1.0,0.8749815995941385,9971.103411819198,-4843.0442816021805
14,0.5,0.1,0.09678061979914482,0.3,0.27669222714088126,1.0,0.9214724142675574,9976.02476534971,-4837.791589715651
15,0.5,0.1,0.09488774844206373,0.3,0.2727054724166671,1.0,0.951300115772259,9985.733165460286,-4853.976954666583
16,0.5,0.1,0.09820616643692436,0.3,0.2794976049280099,1.0,0.9042207755505716,10021.271544518218,-4843.882530177429
17,0.5,0.1,0.09147623136646375,0.3,0.2969578626839804,1.0,1.0795556762226683,10022.089900893026,-4875.492476308567
18,0.5,0.1,0.09526915785169975,0.3,0.2899767241472823,1.0,0.9501172195246405,10102.201804039309,-4851.332338844063
19,0.5,0.1,0.09691659530030851,0.3,0.3006956968050552,1.0,0.9295625475197106,9912.900902618981,-4818.322703809328
20,0.5,0.1,0.09378355524135056,0.3,0.2860277560527303,1.0,1.006287526256725,10033.800530080813,-4848.462434566933
1,0.5,0.1,0.09718180367543869,0.3,0.27908198489905556,1.5,1.3766930874803864,9996.96038439767,-5229.083938989275
2,0.5,0.1,0.08985561062879797,0.3,0.2707645254992153,1.5,1.52384190823963,9994.430871030807,-5207.35776789408
3,0.5,0.1,0.08999922986300604,0.3,0.27756489624669184,1.5,1.5445034279234668,10102.570252646527,-5189.172198390046
4,0.5,0.1,0.08784017468419118,0.3,0.2850234605534513,1.5,1.530904439551392,10020.486136355741,-5229.163527346513
5,0.5,0.1,0.0939463371780718,0.3,0.2899945112048349,1.5,1.4374678159878076,9955.5667391139,-5196.587102113037
6,0.5,0.1,0.09384995494890752,0.3,0.283979837586969,1.5,1.5353980419762079,10030.630655115696,-5198.419850543368
7,0.5,0.1,0.08965230901876323,0.3,0.2649367551059164,1.5,1.4975933876738952,10066.147011571975,-5220.75858238979
8,0.5,0.1,0.09454981318196624,0.3,0.2761856961201213,1.5,1.4430774234325272,10091.778335132032,-5203.667818363321
9,0.5,0.1,0.10051605410226058,0.3,0.25959872082511876,1.5,1.3286529859076428,9970.480156090218,-5227.950089749554
10,0.5,0.1,0.09621104446938754,0.3,0.2578409986504839,1.5,1.3507977683959296,9957.014319312753,-5204.829308179882
11,0.5,0.1,0.09095253307067137,0.3,0.2988324275494978,1.5,1.552688335060598,10013.624490725702,-5209.250772103282
12,0.5,0.1,0.09638691017507844,0.3,0.2678282383051207,1.5,1.3920678056615632,9950.077289344234,-5194.064835561842
13,0.5,0.1,0.09304649280438287,0.3,0.2874449631798911,1.5,1.514094095881247,9965.043218994822,-5174.095891860825
14,0.5,0.1,0.09179355588955382,0.3,0.3085203068158407,1.5,1.548511620874562,9968.293666477506,-5240.092274649664
15,0.5,0.1,0.09314448241003015,0.3,0.296078263829852,1.5,1.5144418796789223,10020.925004411367,-5201.822100326883
16,0.5,0.1,0.09406457161194885,0.3,0.26505951480648327,1.5,1.399525290603632,10065.53442644312,-5224.741720779958
17,0.5,0.1,0.09366218556457326,0.3,0.2659754518823901,1.5,1.384875716478446,10005.100742101899,-5239.083439874597
18,0.5,0.1,0.09749977321521643,0.3,0.29481692613735966,1.5,1.4460754862791392,10031.123308636445,-5211.315773301797
19,0.5,0.1,0.09753636351046038,0.3,0.28135671861751366,1.5,1.355073326175961,9992.276121118057,-5202.016415675178
20,0.5,0.1,0.09575061819634761,0.3,0.2849310727342667,1.5,1.442161573521007,9909.113867688307,-5246.596944830192
1,0.5,0.25,0.2137366487454302,0.1,0.09084067241122443,0.5,0.3740086947972955,10010.832983477925,-5981.2523789399
2,0.5,0.25,0.22712921236221875,0.1,0.09226528995133294,0.5,0.39580347541436967,9978.263990345748,-6010.400612174545
3,0.5,0.25,0.24584806217210242,0.1,0.09852276347607003,0.5,0.30184545991877476,9867.699047680071,-6026.340582753507
4,0.5,0.25,0.21052010361905657,0.1,0.08675951441169052,0.5,0.3480776550844981,10036.77211362436,-5920.786041468211
5,0.5,0.25,0.2334188158494756,0.1,0.09136010470673953,0.5,0.23942106015520448,9942.242778209911,-5979.677675564761
6,0.5,0.25,0.22359282988316545,0.1,0.09046414943910396,0.5,0.24952956527006673,10023.452754696375,-6002.94139380653
7,0.5,0.25,0.21601576011599727,0.1,0.08770713151418101,0.5,0.36142868389149496,10070.153731496717,-6000.093150654453
8,0.5,0.25,0.2175807603270713,0.1,0.08947424599875767,0.5,0.30702436995889293,10063.15339308955,-5987.103518503222
9,0.5,0.25,0.22510036633857336,0.1,0.08917021685228024,0.5,0.22326927943641628,10049.521464657008,-5985.526675048925
10,0.5,0.25,0.21315613059125793,0.1,0.08809157104055616,0.5,0.26680302644859943,10103.152114678931,-5963.237910135642
11,0.5,0.25,0.2241482604835684,0.1,0.08883356756312996,0.5,0.19737192236810752,10060.232090425094,-5996.594720878453
12,0.5,0.25,0.22448642685086012,0.1,0.09151409528133833,0.5,0.30100195727310874,9971.7154002695,-5954.393346460266
13,0.5,0.25,0.22511490318907548,0.1,0.09281072113841153,0.5,0.3450453285882673,9970.151625254093,-6006.298116349992
14,0.5,0.25,0.21869250871590654,0.1,0.08907995426252066,0.5,0.23317359813296482,10087.070347330944,-5965.636146813571
15,0.5,0.25,0.21703130637230061,0.1,0.08722676596998229,0.5,0.44420032008226673,10050.61628997063,-5984.232359022303
16,0.5,0.25,0.22390692520470795,0.1,0.08838918188929856,0.5,0.29378712099565435,9980.33014328639,-5996.379185815922
17,0.5,0.25,0.21944940590922618,0.1,0.08829348613688985,0.5,0.28063343750569925,10081.000939436808,-5965.492074224621
18,0.5,0.25,0.22597977351651558,0.1,0.09147877152499806,0.5,0.2624237100097537,10036.004520474853,-6005.226189326448
19,0.5,0.25,0.2228828371099186,0.1,0.0875588286099986,0.5,0.13942081558717354,10017.314554559442,-5987.066888790922
20,0.5,0.25,0.22029476310974702,0.1,0.0901544488657435,0.5,0.3765374877232741,10052.280879725633,-6001.296333649968
1,0.5,0.25,0.2167924651935871,0.1,0.08874017437979005,1.0,0.7448253780423907,10021.739368741792,-6000.4063560116065
2,0.5,0.25,0.2248992170940331,0.1,0.08349943445686175,1.0,0.38726735288800335,10056.800136612872,-5997.059122952213
3,0.5,0.25,0.20950963157146954,0.1,0.08793075135432322,1.0,0.8629211178982437,10056.571553776377,-6035.7979156931915
4,0.5,0.25,0.22371396665243312,0.1,0.09169681495217628,1.0,1.0258341778217115,10018.367988517737,-5999.479364672989
5,0.5,0.25,0.22049121703054944,0.1,0.09057422377455246,1.0,0.7949984694099681,10059.3447555994,-6010.841836984812
6,0.5,0.25,0.2212268652824153,0.1,0.08923251241752399,1.0,0.6762099476585669,10019.054246856465,-6004.568858240558
7,0.5,0.25,0.2277926223437598,0.1,0.09232869812110663,1.0,0.8529575663545237,9988.387521081808,-6035.414788049966
8,0.5,0.25,0.22295289044630992,0.1,0.0890277813685957,1.0,0.7814480944179775,10073.843096698942,-6027.80352342078
9,0.5,0.25,0.23219554090980324,0.1,0.08980870636319464,1.0,0.5117020941373888,9935.619349533146,-5981.717341107253
10,0.5,0.25,0.21273098567901244,0.1,0.08628781404852257,1.0,0.6962119053581383,9993.454752307174,-6025.892192906173
11,0.5,0.25,0.2174347115381819,0.1,0.0861841070114667,1.0,0.6243898631620693,10070.071853728492,-6015.182926806458
12,0.5,0.25,0.22990215378031353,0.1,0.09157133827847064,1.0,0.6374301845695088,9946.248620046264,-6008.341508358093
13,0.5,0.25,0.23698508312871913,0.1,0.09837075307265807,1.0,0.8052832114329356,9866.559429722967,-6003.564555900404
14,0.5,0.25,0.22946387093590534,0.1,0.0890495219897956,1.0,0.6248627146509562,10030.797018515628,-6008.899811257398
15,0.5,0.25,0.22359030407189515,0.1,0.08622369005333455,1.0,0.6086054876990649,10044.476868708032,-6026.056735513157
16,0.5,0.25,0.21941316631065869,0.1,0.08957077514737218,1.0,0.8629785930559751,10029.523644877163,-6012.889452231233
17,0.5,0.25,0.23031485433225138,0.1,0.09091393357697534,1.0,0.7328584742343733,9861.059050947031,-6010.539137090544
18,0.5,0.25,0.238995393993964,0.1,0.09679941675801361,1.0,0.7417478433592823,9922.085406761707,-6019.5052370910935
19,0.5,0.25,0.21884105251101194,0.1,0.08671221199791905,1.0,0.6015163189404642,10031.563024239356,-6024.899046569777
20,0.5,0.25,0.23262357898063396,0.1,0.09187885702263048,1.0,0.6225659169745715,10001.566538362622,-6020.446494816439
1,0.5,0.25,0.21270178314477134,0.1,0.08335551242923374,1.5,1.0897348006246186,10059.350288483565,-6014.783946587616
2,0.5,0.25,0.2157089942799378,0.1,0.0872534884813898,1.5,1.3257276536923719,10078.560895663264,-6015.768060739062
3,0.5,0.25,0.22662901230296711,0.1,0.08967685356549193,1.5,1.023984738094724,9969.693768218822,-6022.533138762408
4,0.5,0.25,0.22230780462595026,0.1,0.08744065651297796,1.5,1.181032671941458,10078.175193358373,-6022.717809116646
5,0.5,0.25,0.23786675279975486,0.1,0.09671594611332751,1.5,1.4772071322936475,9879.571342101155,-5989.262182640312
6,0.5,0.25,0.24279067641091534,0.1,0.09576277079256544,1.5,1.0650848385926073,9879.65344529961,-5988.226952820206
7,0.5,0.25,0.22509206360640227,0.1,0.09093141071698109,1.5,1.1290537328234658,9948.67696346921,-5996.9409068139885
8,0.5,0.25,0.22814849603933848,0.1,0.08946626895711272,1.5,1.2113470538076372,9964.249531245725,-6017.261826880552
9,0.5,0.25,0.2274567848890619,0.1,0.0878273993580287,1.5,0.9130124646081523,9980.764761425906,-5991.342684637786
10,0.5,0.25,0.2298229579704282,0.1,0.09167854926904899,1.5,1.3475919014397029,9948.710522012047,-6039.382882090512
11,0.5,0.25,0.2239502843745667,0.1,0.0863284075500106,1.5,0.95072306654573,9980.742748554603,-6005.901936017035
12,0.5,0.25,0.22647945044998782,0.1,0.0875771515694825,1.5,1.0343523816802604,9970.589453583874,-6023.726159249621
13,0.5,0.25,0.21775160616508507,0.1,0.08548516596124897,1.5,1.042853196156349,10115.236136665473,-6046.394186630353
14,0.5,0.25,0.21587444768411582,0.1,0.08173120536981013,1.5,0.9174515325319141,10139.73358754052,-6009.009892271473
15,0.5,0.25,0.22530853175284232,0.1,0.08547519943083251,1.5,0.761263104015791,10077.45661677009,-6035.335945942426
16,0.5,0.25,0.2171607566435927,0.1,0.0843607886370556,1.5,1.0619537824835834,10127.284152710037,-6020.554850438295
17,0.5,0.25,0.22295471829278868,0.1,0.08803293059337151,1.5,1.2697895079342028,9982.303388884095,-6016.831547061014
18,0.5,0.25,0.2258587372288678,0.1,0.0875793665331501,1.5,0.9926371705383213,10031.244370696315,-6025.800834582976
19,0.5,0.25,0.2285759055367248,0.1,0.08995686716336695,1.5,1.2112118279037432,10003.66880430639,-6011.1182805704875
20,0.5,0.25,0.2240321396161261,0.1,0.08743951135268616,1.5,0.9986221892564096,10072.285168711758,-6024.508670375624
1,0.5,0.25,0.2335041414560829,0.2,0.19054815616887227,0.5,0.45302904010533973,9942.491683539085,-5905.705801239001
2,0.5,0.25,0.22935983571027097,0.2,0.18325353620797952,0.5,0.3790121860119388,9985.91587715251,-5906.519285030613
3,0.5,0.25,0.23007950402396146,0.2,0.1795898062749121,0.5,0.3410249508391351,10025.439345971023,-5929.075676018543
4,0.5,0.25,0.2318316806051353,0.2,0.18117616327076697,0.5,0.43741026849577946,10045.323022491428,-5913.609814418265
5,0.5,0.25,0.22062712082895322,0.2,0.1783584143995923,0.5,0.4208609596061664,10054.455047213934,-5904.397781891105
6,0.5,0.25,0.22756624932661185,0.2,0.18020847191163575,0.5,0.3751551123089458,10024.021348815184,-5915.70515821451
7,0.5,0.25,0.23613687819742168,0.2,0.19078344814678316,0.5,0.41200742791434974,10093.787570814702,-5898.441853084461
8,0.5,0.25,0.24656016708644685,0.2,0.19716645217671092,0.5,0.40419389446843546,9802.900861246631,-5934.29545363396
9,0.5,0.25,0.2305185456035071,0.2,0.18331905819846736,0.5,0.4136456333581167,10033.752770709149,-5900.253525154778
10,0.5,0.25,0.23798402021204737,0.2,0.18867096139926698,0.5,0.3417381324882416,9899.259053060397,-5867.79045180438
11,0.5,0.25,0.23254125379722845,0.2,0.1859162993160298,0.5,0.43680460092807294,9904.883163324754,-5919.657719155357
12,0.5,0.25,0.2295440205857429,0.2,0.18086289996758456,0.5,0.3644748545106138,10026.53608775737,-5925.8207413248565
13,0.5,0.25,0.23933818472231183,0.2,0.18298032136331635,0.5,0.36757204490540585,10018.217549243076,-5945.582655206436
14,0.5,0.25,0.23612453523465177,0.2,0.18640031927738235,0.5,0.4300802818454194,9988.703226132835,-5903.56798546243
15,0.5,0.25,0.2355226032734091,0.2,0.1881118029998839,0.5,0.4074088843385317,9940.042329323724,-5865.4414005823855
16,0.5,0.25,0.23762560181003065,0.2,0.19075209581814342,0.5,0.3885246743069217,10026.853071277208,-5907.556235563268
17,0.5,0.25,0.2303434392000397,0.2,0.17794721827101587,0.5,0.35376361338860174,10008.77269537966,-5912.289716676107
18,0.5,0.25,0.23181946127954192,0.2,0.18057065102182182,0.5,0.3714892965384443,9996.06384659155,-5842.678431866553
19,0.5,0.25,0.23150204783083267,0.2,0.18502829195323944,0.5,0.37984331165234364,9988.578250310173,-5925.074318569008
20,0.5,0.25,0.2293917868643652,0.2,0.18543705373910774,0.5,0.42137190542413544,10021.2113223697,-5919.429089963405
1,0.5,0.25,0.23177261546172293,0.2,0.18457573023208113,1.0,0.9336760614339147,10019.031736442017,-6017.2373143613795
2,0.5,0.25,0.22756585683432137,0.2,0.18268570066983025,1.0,0.9139729655756628,9974.386042984206,-6011.199212079771
3,0.5,0.25,0.24140797567002256,0.2,0.18604129122479934,1.0,0.793036691259167,9961.098474292643,-5973.945363273599
4,0.5,0.25,0.2194264003657401,0.2,0.1767865326568118,1.0,0.9620616592256227,10046.868739315825,-6008.243739384205
5,0.5,0.25,0.2262593115800427,0.2,0.17236763875140187,1.0,0.824250452480412,10045.524791019401,-6031.33961929406
6,0.5,0.25,0.2325561533117456,0.2,0.18171638726975828,1.0,0.8860791206433972,9952.920879957117,-6035.90678189902
7,0.5,0.25,0.22109924135623596,0.2,0.17374813834161731,1.0,0.8667583267521458,10112.562404918097,-6019.622767209814
8,0.5,0.25,0.2290040243038855,0.2,0.18794841707836168,1.0,0.9128264324256389,9964.848723898236,-6049.602483156385
9,0.5,0.25,0.23078507738227522,0.2,0.1769908325811767,1.0,0.8248867001435854,9986.580585498068,-6032.884629094648
10,0.5,0.25,0.22991814587707202,0.2,0.18373496084462138,1.0,0.9265392784199408,10005.969589821289,-6055.3428797362885
11,0.5,0.25,0.2308292690720133,0.2,0.1826913258749588,1.0,0.8710957567655062,10050.045928696563,-6064.713102556843
12,0.5,0.25,0.22030329303295737,0.2,0.16963011332344793,1.0,0.8112068352339904,10099.364229999434,-6054.996685272796
13,0.5,0.25,0.23708097302258632,0.2,0.1851959181081548,1.0,0.8389238908672609,9997.60156403102,-6048.387180529281
14,0.5,0.25,0.23362659688516998,0.2,0.1864055971101212,1.0,0.9039176766446613,9909.278913105034,-6023.068045908213
15,0.5,0.25,0.23225480429353149,0.2,0.18487322141156867,1.0,0.8575276222264534,9975.542728082648,-6007.071405554723
16,0.5,0.25,0.21935778352332097,0.2,0.17035222399272051,1.0,0.7816447074971621,10085.577944707431,-6046.606370652758
17,0.5,0.25,0.22046766348500413,0.2,0.17973072368134355,1.0,0.9398832251148794,10063.638110846836,-6064.469767901321
18,0.5,0.25,0.230832096179919,0.2,0.18097126726618126,1.0,0.8681248733884354,10019.866641677389,-6062.5481970320125
19,0.5,0.25,0.228140610924786,0.2,0.1789967600756784,1.0,0.8904592276547633,10066.417108799498,-6029.689786355949
20,0.5,0.25,0.23084293966874325,0.2,0.1789373416862694,1.0,0.8340547690629038,9970.710739443404,-6054.563805963593
1,0.5,0.25,0.23883659738439317,0.2,0.17431637851725226,1.5,1.1678132973470587,9958.551512246344,-6149.51710660883
2,0.5,0.25,0.2249549347329629,0.2,0.17725172899954278,1.5,1.415713519075827,10039.25798764422,-6149.644354507551
3,0.5,0.25,0.22800814000081332,0.2,0.18592014754907324,1.5,1.3651778524321625,9989.808915329198,-6124.496242565045
4,0.5,0.25,0.22325961342140935,0.2,0.1928363980490604,1.5,1.6898516262562864,9963.88066018165,-6137.886067575505
5,0.5,0.25,0.2401917071598397,0.2,0.18241166616719154,1.5,1.2639782798184078,9946.4667189472,-6117.832782324666
6,0.5,0.25,0.23025315210515418,0.2,0.17975608737345503,1.5,1.351434543019131,10054.935633231382,-6158.021207821101
7,0.5,0.25,0.23553364101078295,0.2,0.17721591712365925,1.5,1.2863251893263408,10007.81957911391,-6133.504184512012
8,0.5,0.25,0.23484799997687367,0.2,0.18026417088047172,1.5,1.2820425770646056,9931.870795489374,-6090.737761616928
9,0.5,0.25,0.22983751899730465,0.2,0.16959772368065165,1.5,1.2120374348348206,10126.139560063326,-6146.640031239071
10,0.5,0.25,0.22840737065937303,0.2,0.1776963505755194,1.5,1.2583738947339245,9996.841457026077,-6113.389073461167
11,0.5,0.25,0.22872785891017913,0.2,0.1907840676297638,1.5,1.5567898529750368,9980.115802837636,-6143.381029775375
12,0.5,0.25,0.22591071308323127,0.2,0.1804528037914214,1.5,1.4097251928784587,10040.648268475752,-6142.288994325634
13,0.5,0.25,0.23287138677382768,0.2,0.1814623980227092,1.5,1.3898088987632666,9951.39075094359,-6127.404411803271
14,0.5,0.25,0.22292998631873173,0.2,0.18271233700841857,1.5,1.4927768687838499,10008.888080163853,-6098.761139088865
15,0.5,0.25,0.23178120530471885,0.2,0.1816262839806538,1.5,1.352983551724088,9918.795325444902,-6125.277278551231
16,0.5,0.25,0.23352335825146292,0.2,0.20235995484364938,1.5,1.5010735766021355,9884.696535227164,-6125.085556214973
17,0.5,0.25,0.23522073348311243,0.2,0.18225562430071907,1.5,1.285790241365565,10009.120073208069,-6055.620644713961
18,0.5,0.25,0.23248348058287552,0.2,0.17568357924055897,1.5,1.3113416269386569,9930.385633613727,-6133.755012298653
19,0.5,0.25,0.23347390757401418,0.2,0.18389475860189866,1.5,1.2762870034960738,9957.78288474051,-6128.79128591878
20,0.5,0.25,0.2366955441066252,0.2,0.18267473072025436,1.5,1.2800549585010388,9931.461152055905,-6099.902187261201
1,0.5,0.25,0.22848397012080893,0.3,0.2749871478778593,0.5,0.43739799043420713,10034.760633934797,-5645.524328519723
2,0.5,0.25,0.2381637154663305,0.3,0.28383087686916314,0.5,0.43518527115686517,10014.593795425335,-5661.571987597878
3,0.5,0.25,0.2340917389070936,0.3,0.28786523144922715,0.5,0.5518939572193963,10010.84501342166,-5657.5690981900825
4,0.5,0.25,0.2382967809483974,0.3,0.27779380988696056,0.5,0.42482820083986816,9992.612301244986,-5663.440211300042
5,0.5,0.25,0.23245620366740322,0.3,0.28014234539064903,0.5,0.4480408826395169,10011.494620495558,-5687.223838427252
6,0.5,0.25,0.2238742364912275,0.3,0.26444573763808044,0.5,0.44074919852095146,10047.06031494544,-5675.54927789238
7,0.5,0.25,0.2376978505986473,0.3,0.28260999378412943,0.5,0.4373920943127506,9994.058450634278,-5648.595738491832
8,0.5,0.25,0.24476165327962243,0.3,0.27711237484467,0.5,0.37768727960246484,9939.85756230427,-5662.891720337111
9,0.5,0.25,0.2403555960330664,0.3,0.28119197486063874,0.5,0.43322200242321307,10047.296603124676,-5660.934902835785
10,0.5,0.25,0.2257402882737907,0.3,0.2679241579037551,0.5,0.4358001310893543,9987.2481184233,-5651.63706808481
11,0.5,0.25,0.23421030233775866,0.3,0.2807104046722733,0.5,0.4533063763129647,10033.434836737988,-5644.470832175914
12,0.5,0.25,0.23904500699661316,0.3,0.277635758952035,0.5,0.4058536532778454,10021.136663823323,-5657.607765804127
13,0.5,0.25,0.23606021056439008,0.3,0.28493723016412337,0.5,0.4211776791655438,9978.494979069817,-5653.61821172236
14,0.5,0.25,0.22996305549074192,0.3,0.2794896020431017,0.5,0.49344683319118027,9983.55316921777,-5689.319829774735
15,0.5,0.25,0.23060210578914286,0.3,0.276334269863895,0.5,0.4241858693899263,10064.081221531173,-5667.38183783326
16,0.5,0.25,0.2217869628442672,0.3,0.2833114571320852,0.5,0.5455272222322493,10074.163957920748,-5649.982324512133
17,0.5,0.25,0.24019267346949544,0.3,0.28141607897706844,0.5,0.3917207683803317,9975.461470278771,-5656.558392329476
18,0.5,0.25,0.24000123797596162,0.3,0.28116787250872155,0.5,0.42957479192719494,9946.025578512423,-5679.970725746325
19,0.5,0.25,0.23695397660551035,0.3,0.28123328648661544,0.5,0.43026214816986075,9927.489518316608,-5672.821962011574
20,0.5,0.25,0.23464223032454212,0.3,0.2775285964963066,0.5,0.428745213983616,10039.738393515878,-5656.647768550004
1,0.5,0.25,0.230593514129993,0.3,0.27364207861602197,1.0,0.9979821606010125,10042.004827830015,-5918.8750634669805
2,0.5,0.25,0.23020029506264258,0.3,0.26819711219025216,1.0,0.946937182324024,10087.005042920313,-5927.546633564172
3,0.5,0.25,0.2471112537457461,0.3,0.29722885243772834,1.0,0.9081933898443612,9962.369755446081,-5933.79499215926
4,0.5,0.25,0.24001545835323332,0.3,0.27299360282852203,1.0,0.8884826668580034,9961.317673304742,-5908.546311051241
5,0.5,0.25,0.23759631253707691,0.3,0.2771584969303073,1.0,0.9569662289283567,9900.377561924624,-5913.187549617199
6,0.5,0.25,0.2281701048111707,0.3,0.27929668228943333,1.0,0.97523583683848,10025.183833643654,-5921.451677421707
7,0.5,0.25,0.23590312342715794,0.3,0.28363018010435076,1.0,0.8859924519255314,9929.810593200042,-5946.429695624724
8,0.5,0.25,0.22747265666533503,0.3,0.28253845930498134,1.0,0.9777698542689316,10015.190762242019,-5888.8605033781205
9,0.5,0.25,0.23869471712279866,0.3,0.2925210762016569,1.0,0.9271789823866848,9939.751337220794,-5923.607953820323
10,0.5,0.25,0.23078629280488366,0.3,0.2621683108558012,1.0,0.8888017511777057,10060.569084072871,-5935.300385900582
11,0.5,0.25,0.23728986905294688,0.3,0.27763917237436136,1.0,0.9181396647564837,9952.58440601601,-5913.873704977192
12,0.5,0.25,0.22997979841626004,0.3,0.26633965716333996,1.0,0.9384968568874271,10011.733207950992,-5882.785168331471
13,0.5,0.25,0.230800118460222,0.3,0.2654318317113338,1.0,0.8911561604135815,9973.515673489781,-5931.349720768203
14,0.5,0.25,0.2344340360944036,0.3,0.2748302791224697,1.0,0.8786869836808995,9937.582034508388,-5902.1339806381675
15,0.5,0.25,0.23538978817969358,0.3,0.27224915166103253,1.0,0.8968303084876111,10058.486640030871,-5941.921574295744
16,0.5,0.25,0.23159386813782346,0.3,0.2843576853283304,1.0,0.9772288673876812,9943.199970726264,-5940.304572547738
17,0.5,0.25,0.2349749894880096,0.3,0.29227208063869276,1.0,0.9593898846793495,9975.508264200445,-5902.807794779146
18,0.5,0.25,0.22692030644062866,0.3,0.2728074439747412,1.0,0.9199081105196909,10024.53235479725,-5926.850534758638
19,0.5,0.25,0.2360960192442747,0.3,0.2869807333183812,1.0,0.9308706643136435,10014.303264443268,-5920.602047173315
20,0.5,0.25,0.2329010020192926,0.3,0.2639192930650334,1.0,0.8923911121515192,10090.639481403365,-5938.22743207934
1,0.5,0.25,0.23044837542913305,0.3,0.2554929844900665,1.5,1.4333579149415443,10074.056335526211,-6083.021447593534
2,0.5,0.25,0.2356165289895868,0.3,0.28972405433552534,1.5,1.4531656857716557,9980.641249563545,-6092.896609991679
3,0.5,0.25,0.22222855316818924,0.3,0.2713814579655698,1.5,1.459321377259158,10098.124270616081,-6083.416166506473
4,0.5,0.25,0.22868249589759665,0.3,0.2955596620176128,1.5,1.4982471531176893,9974.502877206614,-6080.87318593352
5,0.5,0.25,0.22836780831679243,0.3,0.2614140309112946,1.5,1.3839130227777032,10113.234345734087,-6097.899198213247
6,0.5,0.25,0.22824715532791703,0.3,0.28869661568016963,1.5,1.5749330143834992,9948.507679440765,-6083.090446582221
7,0.5,0.25,0.23196634665399554,0.3,0.29119933796360253,1.5,1.4579644781444736,10028.536825877658,-6091.889682132744
8,0.5,0.25,0.2307560024706425,0.3,0.2826123224467222,1.5,1.4269594893505582,9966.470679284,-6115.563820026502
9,0.5,0.25,0.23432423166234667,0.3,0.30061087118836155,1.5,1.5680535005397813,9887.870793097509,-6090.031538746489
10,0.5,0.25,0.2473120581109077,0.3,0.3145258553368836,1.5,1.4387919357890264,9846.656710114514,-6064.828203262267
11,0.5,0.25,0.23189843014650768,0.3,0.2671373643227617,1.5,1.4079433597298217,9963.710105782124,-6077.411070789105
12,0.5,0.25,0.2337506488797757,0.3,0.26414114685458473,1.5,1.3963897514136885,9976.497461915968,-6090.102722374217
13,0.5,0.25,0.22114856241549077,0.3,0.2693996424051875,1.5,1.489977302962131,10057.281750455777,-6118.521425833077
14,0.5,0.25,0.23235698338544328,0.3,0.2730784144196033,1.5,1.451599679351809,9974.294611975136,-6098.670021492288
15,0.5,0.25,0.2435552683668867,0.3,0.27436954811001546,1.5,1.3208286410753511,9920.40659743903,-6110.175566082691
16,0.5,0.25,0.23890171881839292,0.3,0.25006247841835166,1.5,1.3176022061721235,10017.140824317768,-6103.176075272614
17,0.5,0.25,0.22538633054619847,0.3,0.2695221924346977,1.5,1.4852960009172773,10089.63713603548,-6109.323988748835
18,0.5,0.25,0.22871133852004066,0.3,0.2760989912738969,1.5,1.4233807476619784,10029.840135761971,-6027.533352863969
19,0.5,0.25,0.23876421207207144,0.3,0.26420299851675544,1.5,1.3610595107470718,9990.373083003193,-6102.848064629845
20,0.5,0.25,0.217835501932238,0.3,0.28761560896293803,1.5,1.7175662518847699,10133.418570730897,-6096.91115814656
1,0.5,0.5,0.42675717696687215,0.1,0.09021897509745826,0.5,0.19090510041809147,10005.743053005172,-5873.574580370141
2,0.5,0.5,0.42200783780433027,0.1,0.09041663683967063,0.5,0.28034615825337017,9966.600598614432,-5893.359154981529
3,0.5,0.5,0.41016461130487286,0.1,0.09007242829523258,0.5,0.4162307793069328,10138.012032887475,-5891.465696584629
4,0.5,0.5,0.43213684174618755,0.1,0.09199935184589961,0.5,0.3451638328124082,10012.895203477647,-5918.085186442444
5,0.5,0.5,0.41472734181722687,0.1,0.09025789901539152,0.5,0.3238028366911989,10059.240684045175,-5878.757363239798
6,0.5,0.5,0.4252584193171113,0.1,0.09190735114670065,0.5,0.4829807477677894,9967.46609730347,-5869.940703438031
7,0.5,0.5,0.42875862865260983,0.1,0.09165604429968646,0.5,0.23274725337749821,9950.178600004532,-5900.216596508991
8,0.5,0.5,0.4164771043526335,0.1,0.08990134855703909,0.5,0.29664439637231427,10085.92221188785,-5882.57426127926
9,0.5,0.5,0.41459147310664396,0.1,0.09069479518912107,0.5,0.3399823765299383,10050.935505097706,-5874.164181065762
10,0.5,0.5,0.4279964994553623,0.1,0.08930571197518468,0.5,0.15158166884977933,10041.418299208486,-5812.742174979075
11,0.5,0.5,0.41644098617198766,0.1,0.09215163093450353,0.5,0.29984781115259385,10030.725075136848,-5910.413072048928
12,0.5,0.5,0.4396684502474674,0.1,0.09656406556055429,0.5,0.5566841382313433,9896.627941550778,-5891.292301361291
13,0.5,0.5,0.4441345890007745,0.1,0.09254970445170325,0.5,0.3080590317434086,9897.004034008069,-5875.588338166342
14,0.5,0.5,0.43629833015147396,0.1,0.09046796582673186,0.5,0.07395650654461708,10102.773406352244,-5868.023476455104
15,0.5,0.5,0.4226533464875361,0.1,0.08928026519144736,0.5,0.2647086128470319,10086.508127353953,-5872.842525412476
16,0.5,0.5,0.4173868190663115,0.1,0.08968178574175355,0.5,0.28037372354044415,10043.333790820641,-5884.703171429845
17,0.5,0.5,0.4139064985028055,0.1,0.08992363166243239,0.5,0.32499331013494986,10147.090122586089,-5881.079887801378
18,0.5,0.5,0.4337054784047767,0.1,0.08973256663951108,0.5,0.1466074332865111,9948.994989380013,-5894.866166123049
19,0.5,0.5,0.42059751844689897,0.1,0.08879726021916476,0.5,0.24768482468709951,10086.380800664794,-5882.761122809232
20,0.5,0.5,0.42831818382900905,0.1,0.08972939017873544,0.5,0.29447185873840753,10022.283294851804,-5841.709876288254
1,0.5,0.5,0.4241796204810924,0.1,0.09245088226011808,1.0,0.8029291941372252,9987.406238610225,-5867.316379795851
2,0.5,0.5,0.42589028478058544,0.1,0.08904447434060207,1.0,0.5175109771315387,10075.148781244507,-5875.692105438034
3,0.5,0.5,0.4212653361222316,0.1,0.08754162938761653,1.0,0.5307704573202751,10065.001718675869,-5859.390455108873
4,0.5,0.5,0.44830224039707706,0.1,0.09552548577954675,1.0,0.6199714983719383,9913.352253694151,-5866.944866533668
5,0.5,0.5,0.4130870513590504,0.1,0.08729347240548603,1.0,0.5082035477348195,10091.645370061686,-5846.843784061345
6,0.5,0.5,0.43652607329396853,0.1,0.0887715032967294,1.0,0.45711341029357505,9999.400285310969,-5887.006134989193
7,0.5,0.5,0.43448770860875874,0.1,0.0915141851262691,1.0,0.5835780111538803,10015.73993375007,-5904.126434594935
8,0.5,0.5,0.4178600970387752,0.1,0.09324235388951659,1.0,1.059371114383897,9971.8863312699,-5888.722933364804
9,0.5,0.5,0.4450806111196754,0.1,0.09026913845607185,1.0,0.5012179504177564,9967.902973841652,-5875.716366223927
10,0.5,0.5,0.4432465623285888,0.1,0.09003368333145367,1.0,0.6378508233315582,9977.592757398284,-5884.810429858813
11,0.5,0.5,0.41532350564035303,0.1,0.08857062388808999,1.0,0.8461709715271617,10052.705714240969,-5866.737313218111
12,0.5,0.5,0.41417324915827675,0.1,0.08968859598692294,1.0,0.7896355790490762,10088.672084562491,-5829.442167957615
13,0.5,0.5,0.424754463676781,0.1,0.08786071838815643,1.0,0.5584868867611631,10073.205462268332,-5861.52237615949
14,0.5,0.5,0.40378434970220084,0.1,0.08555611621560479,1.0,0.5724461128253182,10126.378225115235,-5863.334075473851
15,0.5,0.5,0.42253144773259427,0.1,0.08808293594714481,1.0,0.6988110826286889,10047.570476920146,-5898.7118829776955
16,0.5,0.5,0.4302679019975625,0.1,0.08667992975566924,1.0,0.42932788761698576,10013.261180537389,-5865.48879909172
17,0.5,0.5,0.4249945435079835,0.1,0.0918469566344643,1.0,0.783311018183436,10025.568923141438,-5902.447127930698
18,0.5,0.5,0.4280224285556982,0.1,0.08894013025205098,1.0,0.5386537959691512,10051.694928205556,-5843.108971899933
19,0.5,0.5,0.40414031590804045,0.1,0.08939496524762264,1.0,1.1357840819362597,10109.040847609307,-5861.621963045314
20,0.5,0.5,0.41180224428309076,0.1,0.08774617421009706,1.0,0.7487340895460364,10045.661119515107,-5850.953913922935
1,0.5,0.5,0.4268664683371852,0.1,0.08712403145665233,1.5,0.9949006665034245,9933.88346469088,-5856.496417815961
2,0.5,0.5,0.42204997766139096,0.1,0.09091685283875843,1.5,1.3708499779283134,9995.556183733243,-5818.589305550921
3,0.5,0.5,0.4155243795586465,0.1,0.08647767562155863,1.5,0.9649546105072616,10092.254026430512,-5845.033386967653
4,0.5,0.5,0.42832857291156184,0.1,0.0862804230829957,1.5,0.7845573074468076,10034.546240172454,-5842.358966446567
5,0.5,0.5,0.4305766569288735,0.1,0.08911597935419359,1.5,0.9572900710722401,10037.523513964194,-5843.30768669626
6,0.5,0.5,0.4231515231924322,0.1,0.08433029879796453,1.5,0.7526872765403938,10052.132277774746,-5822.218916388223
7,0.5,0.5,0.433229014079365,0.1,0.0863499155027053,1.5,0.7171759565678012,9981.636605015308,-5845.014634532117
8,0.5,0.5,0.4110008528115575,0.1,0.08550890217898437,1.5,1.059611363475789,10052.989184580803,-5851.039499962745
9,0.5,0.5,0.4039037437979942,0.1,0.09115119855024324,1.5,1.2368475710336995,10111.066693326049,-5865.514482774948
10,0.5,0.5,0.4167339708068181,0.1,0.0855129273277773,1.5,0.8782864638526389,10101.47712651586,-5864.246151481181
11,0.5,0.5,0.4209139504100446,0.1,0.08833746517228615,1.5,1.045769631989285,10073.238552230176,-5848.1894895754995
12,0.5,0.5,0.40109415696135425,0.1,0.08384919017343961,1.5,1.140487042364973,10125.60834910663,-5848.983386726779
13,0.5,0.5,0.41806285051928493,0.1,0.08199964644828225,1.5,0.6836833154020829,10131.66766735672,-5816.596792531452
14,0.5,0.5,0.4195344817821858,0.1,0.08692281976176255,1.5,0.9758631923650792,10040.383867587698,-5823.175829033608
15,0.5,0.5,0.39800433482117137,0.1,0.08453521880422872,1.5,1.168412370790995,10076.236791446914,-5849.582757843536
16,0.5,0.5,0.4101473576497389,0.1,0.08705751662310063,1.5,1.092334772658839,10074.61119607769,-5867.382607110258
17,0.5,0.5,0.41362276342054594,0.1,0.08497098673888578,1.5,0.9673719586451186,10052.422922708682,-5806.418402577941
18,0.5,0.5,0.40861258166071884,0.1,0.08932713727262309,1.5,1.5948534465349413,10064.096865397847,-5863.741902814257
19,0.5,0.5,0.389946734158497,0.1,0.08768162569982214,1.5,1.2739316266369112,10140.02424427009,-5844.271781978784
20,0.5,0.5,0.42356614038114077,0.1,0.09446422735955723,1.5,1.6462775997780985,10030.537800974582,-5864.832224794316
1,0.5,0.5,0.4375345324220852,0.2,0.19046242314089273,0.5,0.39402915921375603,10016.166027495896,-6253.969695233434
2,0.5,0.5,0.45118616389982874,0.2,0.18879011061379297,0.5,0.4628801713238485,10011.833802593781,-6223.092030145564
3,0.5,0.5,0.44525245366592536,0.2,0.1831649994139928,0.5,0.3505326444696485,9937.2283164952,-6242.847681793077
4,0.5,0.5,0.4389867936272732,0.2,0.18178222267543273,0.5,0.38340473365426414,10114.336809573719,-6255.497700455142
5,0.5,0.5,0.43415718047769386,0.2,0.1816919585987467,0.5,0.4118298972568118,10116.129020346072,-6231.793164844767
6,0.5,0.5,0.4494728154723129,0.2,0.18251277197464233,0.5,0.3179918653706579,9992.828294844066,-6212.825816154488
7,0.5,0.5,0.4482917942882148,0.2,0.18972763239856744,0.5,0.45180361423730425,9969.038054033692,-6266.075487546664
8,0.5,0.5,0.44368043661660733,0.2,0.1882182794313857,0.5,0.49862699768822455,10006.776484937978,-6227.320914047042
9,0.5,0.5,0.44774015087129804,0.2,0.18478503807099034,0.5,0.3638679955120916,9998.695860311766,-6253.329992387256
10,0.5,0.5,0.44801182982446675,0.2,0.18398876851402884,0.5,0.37072755371632216,10026.112225925915,-6244.517796867771
11,0.5,0.5,0.4597970220060759,0.2,0.18951372217549373,0.5,0.4201243974972227,9850.95101923068,-6239.859277984402
12,0.5,0.5,0.43926314863397087,0.2,0.18332502275221965,0.5,0.41252751941135996,10084.15805061835,-6225.327636638322
13,0.5,0.5,0.4473943733901837,0.2,0.18482981433307555,0.5,0.38204479179725703,9999.428474641809,-6194.54234355987
14,0.5,0.5,0.45517683496364214,0.2,0.1875031294576965,0.5,0.4352142016106835,9945.383935890994,-6204.27815694102
15,0.5,0.5,0.4641393895964924,0.2,0.18547771581143158,0.5,0.38587217142298336,9971.90766195327,-6231.392442532958
16,0.5,0.5,0.4451883025925105,0.2,0.18186463369826403,0.5,0.3658706393897082,10012.272431805863,-6212.457041747992
17,0.5,0.5,0.43627386588545064,0.2,0.17632698049294554,0.5,0.3900621282467169,10124.79721860626,-6210.072863277857
18,0.5,0.5,0.4440464366689827,0.2,0.18730960048554907,0.5,0.3718590922349616,10103.570671242938,-6245.131121145132
19,0.5,0.5,0.45462754944816625,0.2,0.18645314182258446,0.5,0.37819608821211076,9948.180949794523,-6233.130931164917
20,0.5,0.5,0.4384030898661381,0.2,0.18368258183527084,0.5,0.3935846903263006,10041.99657607753,-6239.836565980469
1,0.5,0.5,0.44832783845083246,0.2,0.18880283583359728,1.0,0.9202588994465328,9947.564716108505,-6260.691635544596
2,0.5,0.5,0.44573672272702425,0.2,0.18271564200376844,1.0,0.8070031234881007,10017.680552188507,-6248.372148454527
3,0.5,0.5,0.4614452393365156,0.2,0.19903446615686285,1.0,0.9395671383315485,9927.86250387074,-6279.088469447015
4,0.5,0.5,0.4445953015411697,0.2,0.19137719838527567,1.0,1.0938738575975264,9943.192756319084,-6283.204695528169
5,0.5,0.5,0.46325695327369826,0.2,0.1882148498035725,1.0,0.877005954873303,9953.628198028791,-6316.770536832937
6,0.5,0.5,0.44980062416445926,0.2,0.1784706227040595,1.0,0.7332980165374906,9969.350139169886,-6235.177521967897
7,0.5,0.5,0.44133130683142596,0.2,0.17649038694463942,1.0,0.8921953159878782,10115.6254398188,-6285.823205115026
8,0.5,0.5,0.4452084398068396,0.2,0.18062669775071905,1.0,0.8857872197576984,9953.238269944875,-6243.088017491573
9,0.5,0.5,0.41883320791885154,0.2,0.16671170197047883,1.0,0.8376678603159028,10110.884685712554,-6298.747105681574
10,0.5,0.5,0.4543095815370644,0.2,0.1848869055087988,1.0,0.8198541948562069,9974.015874332204,-6267.85296069098
11,0.5,0.5,0.457364781162066,0.2,0.1844953456255274,1.0,0.8084536126350078,10019.954029489601,-6288.692747878222
12,0.5,0.5,0.4537506224722166,0.2,0.18793504894447688,1.0,0.9808975288102526,9956.874072020782,-6311.548579160582
13,0.5,0.5,0.4218323709313455,0.2,0.173444495221208,1.0,0.7991007490655624,10200.795925994362,-6295.861616022601
14,0.5,0.5,0.4263262077313705,0.2,0.18559031978871715,1.0,1.0478484470225888,10090.086190341797,-6287.704050704158
15,0.5,0.5,0.45585571895396376,0.2,0.17098472521368202,1.0,0.7922107011268608,10042.068288602495,-6318.6627972612905
16,0.5,0.5,0.4538691901467201,0.2,0.18631085481944704,1.0,0.9233975511404067,9951.721730824187,-6254.873751753383
17,0.5,0.5,0.43651136625726106,0.2,0.17543410001810744,1.0,0.8558859532086914,10019.219464950618,-6268.372696531174
18,0.5,0.5,0.4483331370594708,0.2,0.17826622918469903,1.0,0.8080847111509837,9955.730476233139,-6283.156293000378
19,0.5,0.5,0.4394988380670737,0.2,0.18089412641221414,1.0,0.8713682195163875,9990.829676939908,-6289.691776902706
20,0.5,0.5,0.44421415515963814,0.2,0.18149464748554253,1.0,0.8449740931245372,9976.416668279619,-6284.921047062941
1,0.5,0.5,0.43661581665553767,0.2,0.17970711336521525,1.5,1.3172476745971176,10027.807293785329,-6316.100663552471
2,0.5,0.5,0.44435103608251086,0.2,0.1822820442830263,1.5,1.406827719686289,10029.051515610894,-6299.882409916515
3,0.5,0.5,0.4443277615684018,0.2,0.19151682792433394,1.5,1.4396640084477432,10025.602210001693,-6265.7007591127785
4,0.5,0.5,0.4333678514364572,0.2,0.18182972332667247,1.5,1.387977265210446,10002.139085480329,-6277.46593118303
5,0.5,0.5,0.44023959909042343,0.2,0.18304860519592595,1.5,1.3344633283184226,9993.115603603497,-6273.153105987945
6,0.5,0.5,0.4714724933823509,0.2,0.19382501311636527,1.5,1.348585497594945,9822.487711108848,-6282.616113817275
7,0.5,0.5,0.44088117453048326,0.2,0.17999097443364334,1.5,1.3578111133204893,10059.357852240671,-6302.018751245572
8,0.5,0.5,0.4433391788799922,0.2,0.17969579913732664,1.5,1.250934800177065,10060.638431875326,-6299.848946351011
9,0.5,0.5,0.4411957907760387,0.2,0.18618624407088305,1.5,1.4230019774067624,9965.015302315496,-6286.224383081311
10,0.5,0.5,0.437273398199911,0.2,0.184386565232714,1.5,1.5325310277458282,9949.78545156069,-6262.288415588922
11,0.5,0.5,0.4572339165483206,0.2,0.19462897085583936,1.5,1.4107720598180646,9912.819914845199,-6279.242486663972
12,0.5,0.5,0.442362211785031,0.2,0.18195225753601957,1.5,1.302674820278136,10047.696924006765,-6301.489806412357
13,0.5,0.5,0.45251067905374864,0.2,0.19361451570352844,1.5,1.5284395136418452,9991.277392099983,-6257.488859590932
14,0.5,0.5,0.44052441928069563,0.2,0.1866645157619252,1.5,1.4244334633149494,10031.829309279277,-6288.455727731274
15,0.5,0.5,0.4467683883690615,0.2,0.1777622166207155,1.5,1.2213423104109487,9977.554101561213,-6263.927028408902
16,0.5,0.5,0.45171279084262456,0.2,0.18632470364474102,1.5,1.4174891217917867,9956.702185220392,-6313.852206987015
17,0.5,0.5,0.4368748625122047,0.2,0.1735544866992055,1.5,1.2373993135937678,10065.707138529599,-6254.600433183547
18,0.5,0.5,0.4415437228718064,0.2,0.18876533634525886,1.5,1.4355235701885258,10021.429942582687,-6313.241738994706
19,0.5,0.5,0.4494977476891962,0.2,0.17569050637140016,1.5,1.2411233188900987,10055.753767657472,-6276.896543778865
20,0.5,0.5,0.4391802171383896,0.2,0.17666781086789013,1.5,1.3174660817405222,10103.765473308738,-6295.621668957765
1,0.5,0.5,0.4584560930262952,0.3,0.2817596197524036,0.5,0.43777211789557574,10012.119406417356,-6224.386157161023
2,0.5,0.5,0.46200852252221264,0.3,0.26698088199306447,0.5,0.37104844435438405,10105.797213693288,-6285.786929056104
3,0.5,0.5,0.46102027090885217,0.3,0.28374082187928723,0.5,0.42065772759019515,9928.000576898954,-6220.678092271188
4,0.5,0.5,0.44072992656901916,0.3,0.2859206411456915,0.5,0.5947704722615388,9956.338202725039,-6242.311536464625
5,0.5,0.5,0.44554940062258636,0.3,0.27092062643542963,0.5,0.4356340965171875,10077.335382906082,-6229.474119969887
6,0.5,0.5,0.45031694837109726,0.3,0.2801264134034603,0.5,0.4625117670714603,9982.969328701342,-6228.276375988292
7,0.5,0.5,0.4581409752555472,0.3,0.27529451207684236,0.5,0.35675674138857005,9986.30824432848,-6243.539988419069
8,0.5,0.5,0.4388208201201731,0.3,0.26195039696210687,0.5,0.41991929548034773,10225.062446760345,-6272.872076447486
9,0.5,0.5,0.4632440201900254,0.3,0.28951670799019297,0.5,0.5047989946483051,9931.685929154104,-6216.489891252435
10,0.5,0.5,0.45380074073563703,0.3,0.27691871918044514,0.5,0.4472460753116287,10066.25153615756,-6252.1932223957465
11,0.5,0.5,0.4548555536463905,0.3,0.28249363943068606,0.5,0.43132361866980173,9981.847423333344,-6180.741087603035
12,0.5,0.5,0.4391986537320313,0.3,0.28161954217462265,0.5,0.46890065562691613,10026.707146797966,-6200.5136123641205
13,0.5,0.5,0.46394001514065386,0.3,0.2820577547592376,0.5,0.4606419921109696,9933.943616783105,-6228.6803033329525
14,0.5,0.5,0.46452707825429795,0.3,0.2721682512687371,0.5,0.3873278807640113,9968.454296444834,-6263.19541799969
15,0.5,0.5,0.46634948264952947,0.3,0.2810359688057757,0.5,0.4410119206007166,9885.051536702798,-6234.39953108468
16,0.5,0.5,0.4577681429186448,0.3,0.27308853052024207,0.5,0.40592944626593097,10003.579052102044,-6203.524613807573
17,0.5,0.5,0.4607455488042202,0.3,0.28696825952470645,0.5,0.5340896721676776,9914.474046762276,-6251.411806057813
18,0.5,0.5,0.45007235855412275,0.3,0.2788891683934433,0.5,0.4522491389170621,9980.120094929416,-6226.57070349787
19,0.5,0.5,0.4576495257079311,0.3,0.278251011719577,0.5,0.47251129710233425,9991.1367412684,-6195.980147872258
20,0.5,0.5,0.48215613844451544,0.3,0.2913640238573629,0.5,0.4242280786601451,9905.586476310278,-6212.479422997055
1,0.5,0.5,0.4486368102287523,0.3,0.2846703415914078,1.0,1.0026564660680204,10014.473107053509,-6301.565273951694
2,0.5,0.5,0.44802923379185444,0.3,0.2747013167358956,1.0,0.9359074787368099,10005.248464837081,-6323.3913936767385
3,0.5,0.5,0.4564316721104223,0.3,0.2796974029921908,1.0,0.9570285970492258,10020.201319166334,-6344.746418815232
4,0.5,0.5,0.45601759269856157,0.3,0.2695133235103618,1.0,0.8800021035528754,9989.993380660379,-6347.958854388005
5,0.5,0.5,0.4431454711226154,0.3,0.27398794160267376,1.0,0.950194568702974,10075.213682920043,-6338.065605876003
6,0.5,0.5,0.4526376098687283,0.3,0.2729075397685484,1.0,0.8964560729619716,9983.297628486793,-6350.834869173772
7,0.5,0.5,0.45950716714411094,0.3,0.2996524852736064,1.0,1.0132816882431752,9944.437360351996,-6359.248283979265
8,0.5,0.5,0.45286713731813183,0.3,0.2843951008431972,1.0,0.9624951199655799,9945.804419381826,-6343.06935737723
9,0.5,0.5,0.48737668382660904,0.3,0.2841149960581205,1.0,0.7507222607645571,9843.766619316077,-6387.255787769151
10,0.5,0.5,0.44911616063647625,0.3,0.2719180847111527,1.0,0.8920591321837942,10058.949027864563,-6335.094262148356
11,0.5,0.5,0.45657833573283063,0.3,0.26615870289253873,1.0,0.8499666953725366,9968.940725599236,-6359.49587914203
12,0.5,0.5,0.45549897730364464,0.3,0.2646317979109826,1.0,0.8780660791754743,9977.36530995577,-6354.060934182351
13,0.5,0.5,0.44588669419738597,0.3,0.2644224681871954,1.0,0.8761656408240944,10087.751274061939,-6317.149725803036
14,0.5,0.5,0.46734937611449656,0.3,0.2748214636647575,1.0,0.8943205240559468,9948.280630172361,-6332.18859334747
15,0.5,0.5,0.44705538830754055,0.3,0.28121249428397604,1.0,0.9161698761045227,10032.801907963474,-6353.581412739044
16,0.5,0.5,0.4591649000323053,0.3,0.25811553139171095,1.0,0.7609302300993965,9975.82458156399,-6363.984313177783
17,0.5,0.5,0.45748053957180107,0.3,0.30243955478871887,1.0,1.0941081946332805,9904.740682495743,-6376.080730888052
18,0.5,0.5,0.46766734098712665,0.3,0.28282293686943366,1.0,0.8852819087799022,9971.05791688365,-6360.26390448512
19,0.5,0.5,0.45876940884514195,0.3,0.2810085395336918,1.0,0.8926184385938339,9945.992754356275,-6391.822058944891
20,0.5,0.5,0.46333021704441435,0.3,0.31062025396762466,1.0,1.0342096944550392,9932.072587241231,-6349.520005182051
1,0.5,0.5,0.46053522280173703,0.3,0.279121182593312,1.5,1.3821090855771525,9931.826678513968,-6347.691691916956
2,0.5,0.5,0.458676893639347,0.3,0.2978036540769837,1.5,1.417121397107453,9980.52872054279,-6409.791160110555
3,0.5,0.5,0.4391721618134701,0.3,0.2863720483818377,1.5,1.5240060305734002,10046.712939321505,-6406.657094218306
4,0.5,0.5,0.45882711649758057,0.3,0.312227708523438,1.5,1.5191004795478986,9966.397246408511,-6422.728708305927
5,0.5,0.5,0.4585361980130564,0.3,0.29121232054839435,1.5,1.4573037143445198,9932.555821682687,-6414.389332330833
6,0.5,0.5,0.44695254266408463,0.3,0.27012793447915834,1.5,1.3743068639389378,9995.745239973046,-6385.171218861945
7,0.5,0.5,0.476202787106235,0.3,0.2802217087349449,1.5,1.333381654010786,9766.927644149342,-6386.673523222105
8,0.5,0.5,0.4688960564192505,0.3,0.2753682235548523,1.5,1.3329479203330499,9867.155942977091,-6318.866992747471
9,0.5,0.5,0.45168130395052125,0.3,0.27161546353756494,1.5,1.3757590003773863,10038.627192884793,-6363.741072648989
10,0.5,0.5,0.4473206959396828,0.3,0.26813295694468564,1.5,1.4391920503481983,10045.13014380424,-6393.701750856635
11,0.5,0.5,0.4549752656768026,0.3,0.274009603042924,1.5,1.3933827461709276,10044.303840054336,-6392.321640623228
12,0.5,0.5,0.45690143096784586,0.3,0.2778727324544842,1.5,1.4352502414535278,9916.771787526233,-6405.0977691963
13,0.5,0.5,0.4572310927352514,0.3,0.2732189469214273,1.5,1.340766733397564,9920.15824948352,-6392.195914348942
14,0.5,0.5,0.4483664915432839,0.3,0.2796469250394187,1.5,1.4272005783768353,10006.229373720436,-6371.220855720263
15,0.5,0.5,0.44368656753323543,0.3,0.27547957381662463,1.5,1.6014180059305358,10059.767881743835,-6408.940314410787
16,0.5,0.5,0.44554372656987334,0.3,0.27990315471970284,1.5,1.430495226334778,10016.772226439325,-6399.151014849946
17,0.5,0.5,0.45301785169736974,0.3,0.2912005830358307,1.5,1.5342828872754826,9969.45074696002,-6358.070986163056
18,0.5,0.5,0.4518726277608893,0.3,0.2756279297283556,1.5,1.3803439721124129,9983.034716139393,-6402.330486561299
19,0.5,0.5,0.43804440753106316,0.3,0.2912567366159806,1.5,1.5719789823954684,10005.321621026895,-6412.217625190063
20,0.5,0.5,0.45828131167187525,0.3,0.2666087113751338,1.5,1.3366564862862818,10110.591164530682,-6395.8489695943335
