Sim,F_true,Nu2_true,Nu2_est,T_true,T_est,M21_true,M21_est,Theta,Loglik
1,0.4,0.1,0.0910272183593428,0.1,0.08743858105595004,0.5,0.33708198112924975,10003.160447526932,-5489.695210285567
2,0.4,0.1,0.09674932283339419,0.1,0.09596544083029432,0.5,0.38168230878947185,9971.6591974592,-5481.029260240217
3,0.4,0.1,0.09424072239119904,0.1,0.09415131509519095,0.5,0.43970131665179246,10053.343550233472,-5499.764796495026
4,0.4,0.1,0.09981614317839183,0.1,0.09866340722235879,0.5,0.4086759428008749,9979.41571324208,-5489.380013788891
5,0.4,0.1,0.09319106322777347,0.1,0.09145207273145547,0.5,0.37564246135938306,10024.056516684648,-5458.222055757284
6,0.4,0.1,0.08793237180483218,0.1,0.08794915330742327,0.5,0.43275222781715533,10020.400088812657,-5453.1930083551615
7,0.4,0.1,0.09614175967439538,0.1,0.09184493290875016,0.5,0.3067345185867029,9990.018959304338,-5469.288306098474
8,0.4,0.1,0.09411606599292138,0.1,0.09170552692737831,0.5,0.40179587439159803,10096.313306538825,-5494.18319736418
9,0.4,0.1,0.09354656186209667,0.1,0.0945607564607193,0.5,0.37786304686301303,9961.107154492189,-5477.849386794625
10,0.4,0.1,0.09324259310791905,0.1,0.09148159459755215,0.5,0.37066780562346596,10031.001495523486,-5467.619538839135
11,0.4,0.1,0.08968680603740396,0.1,0.08744054697102102,0.5,0.41093934363580326,10048.458444968895,-5513.905184685285
12,0.4,0.1,0.09673982777432664,0.1,0.09190576109622334,0.5,0.2233405924896171,9971.031272015292,-5475.746017690877
13,0.4,0.1,0.08844330251351512,0.1,0.08539346568860934,0.5,0.39373181178894734,10042.749201799645,-5486.993042248553
14,0.4,0.1,0.09665136157389025,0.1,0.0941700192758426,0.5,0.36012958735962464,10025.186546199364,-5491.609656580607
15,0.4,0.1,0.0903706089159358,0.1,0.08985798636002555,0.5,0.3543449661996375,10004.725711000528,-5447.8845882213
16,0.4,0.1,0.09657321137827403,0.1,0.09322662657522028,0.5,0.302016759492091,10046.509235699203,-5483.387630625432
17,0.4,0.1,0.08785832995606539,0.1,0.08509802860237348,0.5,0.3271628925495223,10081.68640426124,-5488.82644868052
18,0.4,0.1,0.09360918669483187,0.1,0.09366445339461107,0.5,0.43278002007193084,10039.734953679977,-5501.095023503882
19,0.4,0.1,0.09183300644325605,0.1,0.09220867111460082,0.5,0.40185697788703534,10018.097079281111,-5471.900222848912
20,0.4,0.1,0.096553043779672,0.1,0.0949693878534153,0.5,0.4533540048535431,9923.959252890663,-5504.219857100538
1,0.4,0.1,0.0950579549017191,0.1,0.09195436672844269,1.0,0.7217564265328078,9991.497473911648,-5581.406079835499
2,0.4,0.1,0.09571208324952246,0.1,0.09379163409514324,1.0,0.9012184530809055,9904.065724964434,-5600.257309829263
3,0.4,0.1,0.09429636682898396,0.1,0.09245025313975229,1.0,0.8340202241242024,10085.617643388812,-5584.165302628206
4,0.4,0.1,0.09393260566428079,0.1,0.09249558552751946,1.0,0.8574672747389774,10106.078484690202,-5560.246673430549
5,0.4,0.1,0.09490492381221302,0.1,0.09187101461338457,1.0,0.8596065309666803,9936.396049421874,-5601.298662769269
6,0.4,0.1,0.09480886304552312,0.1,0.09311322988303515,1.0,0.9312712119490905,10037.625331621857,-5598.99836704602
7,0.4,0.1,0.09635734255070512,0.1,0.09611101255271128,1.0,0.8957300722829765,9929.192619511923,-5602.52285890977
8,0.4,0.1,0.09264966815235108,0.1,0.08763336450692348,1.0,0.9314736211552771,10050.344826488128,-5595.209128592931
9,0.4,0.1,0.09883920157667041,0.1,0.09364878859280913,1.0,0.715992134539625,9997.586612000432,-5580.918113697213
10,0.4,0.1,0.0975027724602682,0.1,0.0974933753841217,1.0,0.913992025159636,9975.384151371196,-5591.115133389353
11,0.4,0.1,0.09654754589887454,0.1,0.09320613103813685,1.0,0.7710907175191779,10010.384949067684,-5615.292840432434
12,0.4,0.1,0.09658588715032632,0.1,0.09560558837970273,1.0,0.8510080419853103,9980.001509909982,-5577.799731273792
13,0.4,0.1,0.09239950311588063,0.1,0.0898275421909022,1.0,0.8011837319492136,10046.500202730673,-5591.8249753975815
14,0.4,0.1,0.0866211430948194,0.1,0.08423713623788176,1.0,0.8206191722082002,10029.164537746221,-5596.1686486965245
15,0.4,0.1,0.09565812930481159,0.1,0.09286933610898473,1.0,0.8261949838927566,10044.620393231758,-5579.7274768040625
16,0.4,0.1,0.09299121217975957,0.1,0.09378049921096139,1.0,0.9798649192906942,10015.432563585262,-5549.196500469231
17,0.4,0.1,0.09272421713129164,0.1,0.08969244183811144,1.0,0.9184224602231913,10089.609261514588,-5593.859998483001
18,0.4,0.1,0.094579077458607,0.1,0.09201073589699318,1.0,0.8573046587959379,9958.215086653723,-5579.850830819236
19,0.4,0.1,0.10708797933483956,0.1,0.10948672772433209,1.0,0.8290404653582447,9850.86616297503,-5626.71045263956
20,0.4,0.1,0.09340061642250828,0.1,0.08812967905218268,1.0,0.7861330304937327,10018.17719153996,-5562.645213484389
1,0.4,0.1,0.0908608806740961,0.1,0.0876103113829169,1.5,1.322452614796163,10058.576000314562,-5672.129161976584
2,0.4,0.1,0.09587916938304447,0.1,0.09153866503044258,1.5,1.2473199897231297,10016.565837962942,-5660.331248034523
3,0.4,0.1,0.09434231570461589,0.1,0.09359337633122354,1.5,1.4789604308034212,9942.919019138017,-5683.807012181207
4,0.4,0.1,0.09240397036898396,0.1,0.08998396200911887,1.5,1.3118332518612579,10042.460851399259,-5673.726384801865
5,0.4,0.1,0.10944306715099594,0.1,0.10764149606369952,1.5,1.153010594026363,9828.171262803247,-5682.483465234282
6,0.4,0.1,0.09192128602836594,0.1,0.09105563600233002,1.5,1.3211141396174113,9952.178992012512,-5690.329915717824
7,0.4,0.1,0.09443816762465342,0.1,0.09255705191144281,1.5,1.3553108054175664,10075.732352973106,-5646.128764317169
8,0.4,0.1,0.09257763751108064,0.1,0.09328668850995381,1.5,1.6354019827684871,9969.358785987879,-5669.6332353521375
9,0.4,0.1,0.09774495170984718,0.1,0.09940052120708248,1.5,1.3728274510595042,9953.84413877334,-5673.6810464984
10,0.4,0.1,0.09449060167837392,0.1,0.09242937900119993,1.5,1.2105812911928748,9967.925414430776,-5679.474832910802
11,0.4,0.1,0.09144507063375092,0.1,0.0829942231656219,1.5,1.1501954460162283,10014.76442719134,-5651.282286380399
12,0.4,0.1,0.09736190710252587,0.1,0.09306477636259174,1.5,1.2462022604172722,9967.900655670966,-5668.034851084107
13,0.4,0.1,0.09836003507170664,0.1,0.09504389600254723,1.5,1.3062041082719575,9962.172728390495,-5670.861279886203
14,0.4,0.1,0.0950922696961793,0.1,0.1116773201374634,1.5,1.9142729464690056,9908.883339171301,-5678.527629433691
15,0.4,0.1,0.09062887040002421,0.1,0.08704220912319231,1.5,1.229488405097398,10069.357411174244,-5685.368569788827
16,0.4,0.1,0.09821013769617834,0.1,0.09938502300310338,1.5,1.3239694708904803,9933.915478741159,-5679.524528459528
17,0.4,0.1,0.08841690826135205,0.1,0.09257312884190926,1.5,1.729697443227098,10036.155907272632,-5651.507401598338
18,0.4,0.1,0.09961555607165327,0.1,0.09633406312555477,1.5,1.273976221866226,9927.303788720605,-5689.120012849884
19,0.4,0.1,0.09445806002963579,0.1,0.09222048003413465,1.5,1.4864625484583482,9975.899448159904,-5654.75823819033
20,0.4,0.1,0.09844794495691454,0.1,0.09494414410921415,1.5,1.280084279777067,9982.329092721,-5664.400976885357
1,0.4,0.1,0.09583230727258281,0.2,0.18565879458377482,0.5,0.40704116462003137,9970.583044679342,-4694.136967885648
2,0.4,0.1,0.0979575022828783,0.2,0.19717746763699784,0.5,0.42856874512817833,9960.602343631717,-4646.204512578968
3,0.4,0.1,0.09947697555351195,0.2,0.1946024744077919,0.5,0.4312473332998721,9924.707657057512,-4710.222918796733
4,0.4,0.1,0.09727116706297394,0.2,0.17820607155859516,0.5,0.3141335350126026,10096.519573554096,-4680.0573107207365
5,0.4,0.1,0.09597117909935703,0.2,0.1907586893906096,0.5,0.42430475034070225,9961.322318898892,-4660.720540499975
6,0.4,0.1,0.09720126428750801,0.2,0.19386903971020195,0.5,0.44365240724206895,10029.073360483595,-4654.725178906608
7,0.4,0.1,0.09604211918713673,0.2,0.19201209536778088,0.5,0.4568812695982578,9906.950122459222,-4668.068313235493
8,0.4,0.1,0.09257809016140534,0.2,0.1892212338969823,0.5,0.5212709967834499,9972.593526244797,-4695.302875711073
9,0.4,0.1,0.10086831648295452,0.2,0.19522358898028908,0.5,0.4497816416951702,9895.568550369466,-4676.270494539588
10,0.4,0.1,0.09574506050747897,0.2,0.19782402759993037,0.5,0.5463542536446865,9986.375317740334,-4688.465760476229
11,0.4,0.1,0.09784866598422419,0.2,0.19181999775005867,0.5,0.4625004390888216,9936.98696923758,-4670.201434093676
12,0.4,0.1,0.0936708330426112,0.2,0.18904749324813186,0.5,0.44268430728487546,10025.367609616918,-4708.181791814457
13,0.4,0.1,0.0905226047146621,0.2,0.17955571000010237,0.5,0.42763691819781363,10054.432816625009,-4650.767951982874
14,0.4,0.1,0.10392844961661105,0.2,0.2031902341741982,0.5,0.39374749645837465,9966.464924024745,-4681.854013253593
15,0.4,0.1,0.0966283268319049,0.2,0.19015723935075152,0.5,0.43204129941931557,9932.366628148595,-4677.7131519355635
16,0.4,0.1,0.09451340298623898,0.2,0.1879605776050036,0.5,0.46513153462875717,9948.728451899751,-4666.892676208607
17,0.4,0.1,0.09403124060246876,0.2,0.1917682647529949,0.5,0.4594995878956556,10001.423607491977,-4693.435927350715
18,0.4,0.1,0.0933719441416692,0.2,0.17929970655756625,0.5,0.428246277894088,9890.301387295925,-4673.732500487637
19,0.4,0.1,0.0918251249599442,0.2,0.18550733503985142,0.5,0.46859702578397794,10069.492188663899,-4684.7514483039695
20,0.4,0.1,0.0903499965984793,0.2,0.1822667550198018,0.5,0.42087268437367037,10065.356089835428,-4681.377527675682
1,0.4,0.1,0.09696709941844876,0.2,0.1872959192624952,1.0,0.8590732571050379,9965.95901450979,-5065.092233171386
2,0.4,0.1,0.10175939863273724,0.2,0.2026720440235896,1.0,0.8872952785756179,9852.920166191494,-5014.476001906922
3,0.4,0.1,0.09218782853364331,0.2,0.19948064735655374,1.0,1.0112451479636455,10023.888747664681,-5048.419855882852
4,0.4,0.1,0.09415527246881385,0.2,0.20243860465350766,1.0,0.9913830063467721,10003.604824681956,-5052.130776481889
5,0.4,0.1,0.09042832973348455,0.2,0.16623737467401864,1.0,0.9553134797539016,9988.84398248269,-5061.920436658103
6,0.4,0.1,0.09699845820494163,0.2,0.1855339988309416,1.0,0.9070248808164673,9978.032493729706,-5034.155347900887
7,0.4,0.1,0.09150273956567624,0.2,0.17843339762342886,1.0,0.950724571449746,9955.39598977067,-5028.626541803852
8,0.4,0.1,0.10122088954641612,0.2,0.20526033118074122,1.0,0.9558022373253896,9966.899398566471,-5024.892156529188
9,0.4,0.1,0.09679030583835169,0.2,0.18992173470056337,1.0,0.8885452012208502,10022.163217755538,-5031.315793105636
10,0.4,0.1,0.09639323846693179,0.2,0.19052081814328867,1.0,0.9065910906638684,9922.581616587977,-5013.90360559413
11,0.4,0.1,0.09084051172309329,0.2,0.17881370293693744,1.0,0.9588934411982728,10017.237093060427,-5055.925909648861
12,0.4,0.1,0.09633911148412744,0.2,0.1893487967255154,1.0,0.9543478133024471,10063.052249811335,-5009.86105234696
13,0.4,0.1,0.09332081057381586,0.2,0.18718224307320222,1.0,0.8721517917929248,10024.925057954311,-5052.70838381986
14,0.4,0.1,0.09387710064665492,0.2,0.18685735034165893,1.0,0.9175236180810077,9999.519024895815,-4990.9626122007
15,0.4,0.1,0.09501925674116715,0.2,0.19526423859531383,1.0,1.0287658660602998,10035.786273289834,-5013.115920846218
16,0.4,0.1,0.09775515297331284,0.2,0.19096183091544564,1.0,0.8564864014289603,9993.890402197185,-5033.55261129096
17,0.4,0.1,0.09563664878423168,0.2,0.2111957566538452,1.0,1.0350523110557328,9971.053391021567,-5049.778181325859
18,0.4,0.1,0.10092606567860636,0.2,0.18567459758231683,1.0,0.8243051720458419,9974.555066896115,-5038.942739691935
19,0.4,0.1,0.10242017380701457,0.2,0.18477565950073171,1.0,0.8565263703419923,9949.896656451032,-5039.346622775898
20,0.4,0.1,0.0979454344925138,0.2,0.20251864968837577,1.0,0.9184569940543934,9942.462095802399,-5062.9563294039335
1,0.4,0.1,0.09735478936257953,0.2,0.18939616956696986,1.5,1.3794071085902764,10004.87958169316,-5262.248156244986
2,0.4,0.1,0.0969281367151898,0.2,0.19065942144608816,1.5,1.382715597881409,10040.09080239576,-5289.476762325961
3,0.4,0.1,0.09840491486556466,0.2,0.18538373748616713,1.5,1.3413563058839535,9920.802762933048,-5281.339345652852
4,0.4,0.1,0.09498367822634475,0.2,0.17912042697205963,1.5,1.354401983030097,9926.817128196973,-5302.595713811119
5,0.4,0.1,0.09764138257649216,0.2,0.18165995628217574,1.5,1.268885509363192,9986.766006404863,-5291.508859483326
6,0.4,0.1,0.09473095690664263,0.2,0.19033549561355892,1.5,1.4163328642774715,9956.644160772232,-5282.787527377285
7,0.4,0.1,0.09882183654997793,0.2,0.18221555065372932,1.5,1.32093356812565,9912.028694754152,-5281.972029912958
8,0.4,0.1,0.09370143934551103,0.2,0.18811815902687354,1.5,1.5683099456505396,10020.140234099366,-5285.910504669695
9,0.4,0.1,0.10056699497724297,0.2,0.1739959261514137,1.5,1.3101670382532253,10016.512904018964,-5310.341266087789
10,0.4,0.1,0.09666122365618554,0.2,0.18609677041590367,1.5,1.338960217080989,10055.08819088719,-5302.067980873859
11,0.4,0.1,0.09413950294841442,0.2,0.19660745989442316,1.5,1.5931588521003448,9984.568805157583,-5275.223384347899
12,0.4,0.1,0.10249071398738238,0.2,0.18963025739131506,1.5,1.1994674387279682,9949.532445501438,-5300.145011035154
13,0.4,0.1,0.09774205808033443,0.2,0.18073969400894216,1.5,1.3201483648498016,9977.394987517033,-5303.549453621581
14,0.4,0.1,0.09636257805144963,0.2,0.17874489218727954,1.5,1.3151574584561652,9929.64472947683,-5276.96482161374
15,0.4,0.1,0.09672450446371719,0.2,0.1970414213824199,1.5,1.4986682094340718,9943.481077728895,-5270.755522096617
16,0.4,0.1,0.09234872391044927,0.2,0.1790943185536418,1.5,1.4885584528893536,10074.958496130339,-5298.241179134679
17,0.4,0.1,0.09695327575002124,0.2,0.18266485233633456,1.5,1.3313738392846413,9875.888087779167,-5245.646445055252
18,0.4,0.1,0.09675150993312276,0.2,0.21236580123731505,1.5,1.5849799032038405,9874.126402309123,-5286.465259127129
19,0.4,0.1,0.09765247484614777,0.2,0.19210909799358158,1.5,1.458029388903372,9996.844845959755,-5293.717327899623
20,0.4,0.1,0.0956695995834983,0.2,0.18535826520668364,1.5,1.3242543868028775,9969.178602532163,-5293.170257215781
1,0.4,0.1,0.09434244816380297,0.3,0.27395507498421734,0.5,0.4384280606027793,10048.584439032918,-4124.62998498349
2,0.4,0.1,0.09886499669915001,0.3,0.26788944102108025,0.5,0.37426646558500537,10019.19663174448,-4178.075998854931
3,0.4,0.1,0.09792697059713376,0.3,0.2969694445781376,0.5,0.4696266574611479,9965.750764598071,-4157.705398057298
4,0.4,0.1,0.09304871429161705,0.3,0.2950106670793411,0.5,0.4863198397012567,9981.78314291285,-4149.008453626322
5,0.4,0.1,0.0961023026162552,0.3,0.30573174131872394,0.5,0.48925035057261607,9961.401646289538,-4158.715159061535
6,0.4,0.1,0.09649754763566608,0.3,0.28485294495988706,0.5,0.4371726143521479,9989.990970569237,-4134.748522347059
7,0.4,0.1,0.09556347772129506,0.3,0.2918253267083513,0.5,0.5231285086813798,9941.9311483736,-4168.262445667502
8,0.4,0.1,0.09271686282505637,0.3,0.284528005504667,0.5,0.46812912475911866,9999.357302468254,-4166.516113482474
9,0.4,0.1,0.09606083552581571,0.3,0.28748213974656334,0.5,0.44259925245156784,9962.134615203437,-4168.692207181268
10,0.4,0.1,0.09282500603805091,0.3,0.2845039470301895,0.5,0.5248300520324126,9994.34213393067,-4180.105159346876
11,0.4,0.1,0.09694425094587161,0.3,0.2892977544367618,0.5,0.4657449221447189,10005.097562747223,-4175.696190295002
12,0.4,0.1,0.09310468880245808,0.3,0.2904502721852324,0.5,0.514222280060657,10047.105713440458,-4135.4385155298005
13,0.4,0.1,0.09727775750367393,0.3,0.2980703386114391,0.5,0.4549303760838809,9935.44800005446,-4127.685604502822
14,0.4,0.1,0.09430599609503189,0.3,0.3020148464662823,0.5,0.5302358674843387,10047.935166012656,-4153.112234371731
15,0.4,0.1,0.0945168167036868,0.3,0.30242912557751245,0.5,0.5652347015477831,10020.43347226329,-4187.855828701999
16,0.4,0.1,0.09338980050796833,0.3,0.2943230020455188,0.5,0.49172548379870096,10081.47533513116,-4172.985988586013
17,0.4,0.1,0.09324064715820335,0.3,0.28804786854219444,0.5,0.49264205605178457,9984.911046873647,-4184.307409038198
18,0.4,0.1,0.0945570088056041,0.3,0.2871075591974227,0.5,0.4358231076766866,10014.026469413597,-4148.383205229826
19,0.4,0.1,0.10012103009601742,0.3,0.30429769772135185,0.5,0.452072288565203,9948.880191255423,-4133.772067979674
20,0.4,0.1,0.0989069037187697,0.3,0.29688666855040335,0.5,0.48419172622408607,10014.057065402198,-4177.436160638708
1,0.4,0.1,0.0960637985543955,0.3,0.27972962399471946,1.0,0.9272848868017289,10013.240877749295,-4766.574190826853
2,0.4,0.1,0.09686242645517981,0.3,0.27549844500331583,1.0,0.9521267288610988,9972.307064781002,-4784.10924162365
3,0.4,0.1,0.09733432957786256,0.3,0.2846557876740432,1.0,0.9377568408531599,9929.17780212993,-4778.791461143543
4,0.4,0.1,0.09889056379673884,0.3,0.28326442450269534,1.0,0.9300129410250817,10033.421867335535,-4776.863122809489
5,0.4,0.1,0.09317248996071772,0.3,0.2826313644528432,1.0,1.0273021253756043,10017.281523170139,-4786.002385226773
6,0.4,0.1,0.09414322532343718,0.3,0.2653756911879619,1.0,0.9064630506183975,10008.71337413208,-4776.704173895196
7,0.4,0.1,0.10242132767588345,0.3,0.272808650344948,1.0,0.8531253132241209,9930.80135385093,-4763.823377320201
8,0.4,0.1,0.09300781283802766,0.3,0.28046703505708465,1.0,0.9925390768021213,9972.34665877745,-4746.4666339039995
9,0.4,0.1,0.10367401498946867,0.3,0.28210811186633095,1.0,0.9044705242613902,9892.232551116234,-4795.2362557435645
10,0.4,0.1,0.09629878534623772,0.3,0.26903691067513186,1.0,0.8844513699675076,9975.746235896855,-4775.491697983434
11,0.4,0.1,0.09978249736964807,0.3,0.29031744771267604,1.0,0.9429631298987677,9975.98176890842,-4779.2147662293155
12,0.4,0.1,0.09489291669201691,0.3,0.2829240537861252,1.0,0.9626314959176787,10060.900739483322,-4769.183021961669
13,0.4,0.1,0.0906597045156143,0.3,0.29115050932432823,1.0,0.9936592880786658,10018.255366236252,-4766.023893633297
14,0.4,0.1,0.09494121261027252,0.3,0.28150336926543956,1.0,0.9651486217789441,10041.966415173823,-4784.64759344138
15,0.4,0.1,0.09610437779209796,0.3,0.2945954891661371,1.0,1.0027650058526105,9981.293414485946,-4784.106898709172
16,0.4,0.1,0.09577488999963162,0.3,0.2832840377244827,1.0,0.9617492214696868,9987.156702504673,-4760.713798652427
17,0.4,0.1,0.09671312714487881,0.3,0.28549240157388905,1.0,0.9133676787600398,10091.524434052784,-4761.549863736923
18,0.4,0.1,0.09646692985102127,0.3,0.2910251223169811,1.0,0.970825811670903,9965.595953563437,-4793.203502876186
19,0.4,0.1,0.09509658354347274,0.3,0.27210872828291116,1.0,0.950253751190313,10045.646721739779,-4798.185900392665
20,0.4,0.1,0.09159808175718993,0.3,0.29317484289375023,1.0,0.9464039616191869,10031.496720793866,-4757.749462675568
1,0.4,0.1,0.09015780931539967,0.3,0.30528304121881095,1.5,1.6684413987668414,10028.153230927197,-5154.630180766093
2,0.4,0.1,0.0982782171032166,0.3,0.30108989083345766,1.5,1.4449195921521505,9952.662598963509,-5139.004521221926
3,0.4,0.1,0.09350626866003517,0.3,0.2926634255801209,1.5,1.4872102738933712,9947.878486676285,-5143.809768622626
4,0.4,0.1,0.1068890259853031,0.3,0.2718023216498828,1.5,1.2670815642214477,9908.63880436105,-5144.453300891406
5,0.4,0.1,0.09526451593593716,0.3,0.29592345156798383,1.5,1.502114642025475,9985.010084970525,-5134.259748274694
6,0.4,0.1,0.10095138208500996,0.3,0.2827580143541916,1.5,1.3829779083522271,9934.480061740067,-5136.358086675393
7,0.4,0.1,0.09258941722331343,0.3,0.3137858889894314,1.5,1.5879764352911654,9944.668903322065,-5154.652837121091
8,0.4,0.1,0.09276693794216274,0.3,0.2745660436328634,1.5,1.4309254562709006,10029.164707421263,-5151.731924211403
9,0.4,0.1,0.09440759701367744,0.3,0.28874696234018493,1.5,1.5035950077278566,9997.127581555495,-5147.610921012577
10,0.4,0.1,0.09450837327241904,0.3,0.28334514398277194,1.5,1.4792043184627754,9948.74089744128,-5160.157106060809
11,0.4,0.1,0.09739554506692144,0.3,0.31637470855186695,1.5,1.4664789158985287,9962.259865267046,-5165.245951651383
12,0.4,0.1,0.09705039164433961,0.3,0.28574185526398965,1.5,1.432105143021702,10007.307967911911,-5135.535445284603
13,0.4,0.1,0.09531809438621927,0.3,0.277732164564717,1.5,1.4355930692440946,10019.269859754957,-5156.047613819648
14,0.4,0.1,0.0956332086806064,0.3,0.28525952940121724,1.5,1.4262045439247966,10020.392145358348,-5080.332590686847
15,0.4,0.1,0.09964784149230516,0.3,0.29084700763489724,1.5,1.4279951140448113,9870.85053857604,-5160.541851995868
16,0.4,0.1,0.09696769708668274,0.3,0.24755245676913093,1.5,1.365345739817064,10007.001060727309,-5148.708237345982
17,0.4,0.1,0.0957112596511528,0.3,0.271587669278735,1.5,1.4477347831527863,10001.460501854484,-5123.412744560894
18,0.4,0.1,0.09561910237580884,0.3,0.2990870166569277,1.5,1.4763413683202842,10006.77055740495,-5125.98440183427
19,0.4,0.1,0.09429263583014072,0.3,0.2812062295322041,1.5,1.439343128659595,9965.821712126406,-5133.52684398473
20,0.4,0.1,0.10138615936997877,0.3,0.3198817633841065,1.5,1.3548425828272996,9876.506330655884,-5181.439210242903
1,0.4,0.25,0.21333409099070857,0.1,0.08571510585114359,0.5,0.2092530360651468,10101.127351311827,-5936.439455954205
2,0.4,0.25,0.2309633045207836,0.1,0.08912588275200972,0.5,0.21955594537122405,10033.027501117747,-5903.112640377877
3,0.4,0.25,0.21385998982757407,0.1,0.08740048203613976,0.5,0.42127194710618737,10042.54760068636,-5928.5736392080935
4,0.4,0.25,0.22933895543657665,0.1,0.09229261648123138,0.5,0.3094228356913184,10001.818935113139,-5912.664648255952
5,0.4,0.25,0.22378834012862683,0.1,0.0901847780946142,0.5,0.27889564442123665,10039.793895260847,-5937.568253874022
6,0.4,0.25,0.22554730779801258,0.1,0.09026853577840827,0.5,0.310832718916493,10027.873259670812,-5917.1241098953315
7,0.4,0.25,0.23263006782353216,0.1,0.09315810031864806,0.5,0.30929222887934965,10054.098194554088,-5905.562935610595
8,0.4,0.25,0.22835430813141433,0.1,0.09300404025887866,0.5,0.4658088032549568,10020.987061388545,-5905.085520526767
9,0.4,0.25,0.2308371877639468,0.1,0.09458341628955055,0.5,0.3858291237463678,10016.766742533382,-5896.50719240393
10,0.4,0.25,0.21012831550885563,0.1,0.08612368108094033,0.5,0.39129826442960025,10134.274650659492,-5927.738128475021
11,0.4,0.25,0.22102488172092422,0.1,0.09301293386376625,0.5,0.557531647000359,10018.10807629234,-5926.2877444432725
12,0.4,0.25,0.2207681076147761,0.1,0.0906752539879209,0.5,0.2477494261104671,10036.30658183633,-5917.1201611023325
13,0.4,0.25,0.21866964346999107,0.1,0.08671236465034902,0.5,0.29580577688096815,10042.193264627735,-5862.295774711443
14,0.4,0.25,0.22387242183130346,0.1,0.09437499309966875,0.5,0.5126972694677278,9991.055000311871,-5913.936619530625
15,0.4,0.25,0.2516112220481185,0.1,0.1008484826488375,0.5,0.37043549757532823,9792.8404707612,-5929.968497777076
16,0.4,0.25,0.2306243139689387,0.1,0.09339246077816232,0.5,0.34354080689254374,9997.975381671593,-5921.128088724216
17,0.4,0.25,0.23344932726070838,0.1,0.09586521202019792,0.5,0.500281638791151,10009.829591352847,-5964.843111494499
18,0.4,0.25,0.23910844407976295,0.1,0.0963898854060915,0.5,0.33009104939246325,10028.768006570463,-5931.737238005496
19,0.4,0.25,0.2513439635502197,0.1,0.10170353491530497,0.5,0.3825476194653062,9847.933864604389,-5877.767019140547
20,0.4,0.25,0.21531508508474537,0.1,0.09104997199599027,0.5,0.4030903494097378,10034.197265005098,-5946.922657926423
1,0.4,0.25,0.22915093124963457,0.1,0.09348497179658406,1.0,0.8562196434330271,9981.740945732658,-5936.46286521978
2,0.4,0.25,0.2234164422584327,0.1,0.09088641148900756,1.0,0.9337678537673599,10097.368803304978,-5918.516410223841
3,0.4,0.25,0.22836873390757265,0.1,0.08853295863167449,1.0,0.6061731758902219,10031.390953752041,-5930.287371064699
4,0.4,0.25,0.22766151700183196,0.1,0.09192088264459912,1.0,0.7920462391302165,10000.16585761354,-5908.520749003202
5,0.4,0.25,0.23563397553781845,0.1,0.09478456832600644,1.0,0.861549710436517,9925.87411946797,-5950.4093057434575
6,0.4,0.25,0.23170614581597868,0.1,0.09573696762239382,1.0,0.9149646177918874,9922.72368325451,-5933.334367138294
7,0.4,0.25,0.22367769748276542,0.1,0.08858426403208784,1.0,0.7548754235039615,10059.984330095982,-5918.641498407167
8,0.4,0.25,0.23050467853236795,0.1,0.09231340696406547,1.0,0.8045395644787989,9983.950905587557,-5957.679318446151
9,0.4,0.25,0.2245383391328541,0.1,0.09312275092307763,1.0,0.8655068521349549,10042.206123943452,-5932.367865318418
10,0.4,0.25,0.22753240454656415,0.1,0.0906605125297702,1.0,0.8034831719454855,10001.620653474429,-5928.981074537328
11,0.4,0.25,0.21290107785871396,0.1,0.08972930337436318,1.0,0.873280914617322,10106.525169482273,-5942.101840077152
12,0.4,0.25,0.23176347092639077,0.1,0.09210217348457014,1.0,0.7389308136785885,9975.330353401014,-5933.359648489054
13,0.4,0.25,0.22194175398477498,0.1,0.09253710066216383,1.0,0.9017596669426127,10055.582982705746,-5943.42499507244
14,0.4,0.25,0.22129235906366734,0.1,0.09263935601730695,1.0,1.036563483113463,10021.059326736988,-5959.0044474197075
15,0.4,0.25,0.21921172044205545,0.1,0.08594910830545856,1.0,0.6714653873903188,10148.987602399899,-5938.593935427767
16,0.4,0.25,0.2305760645052238,0.1,0.09454985271929225,1.0,0.7280244625733484,9940.99504495096,-5937.1449230440885
17,0.4,0.25,0.23662050952918945,0.1,0.09497522118152228,1.0,0.8073727294316883,9888.377806923329,-5925.124988895057
18,0.4,0.25,0.22916790142943344,0.1,0.09065292148482107,1.0,0.7487218244800251,10018.977342911963,-5892.925005028248
19,0.4,0.25,0.24322488785802537,0.1,0.09000412643302201,1.0,0.4130369903161506,10007.263664928274,-5945.987736474655
20,0.4,0.25,0.22326993619492533,0.1,0.08900300505265128,1.0,0.8223774297584973,10024.500910026572,-5923.890156232092
1,0.4,0.25,0.23162030675459028,0.1,0.09614218794881439,1.5,1.6785821194718145,9940.267331208563,-5913.162567920716
2,0.4,0.25,0.23476878622290456,0.1,0.09357233523352332,1.5,1.2402737837039344,9989.78595089656,-5941.704044021328
3,0.4,0.25,0.22716377482983313,0.1,0.08768751556086929,1.5,1.1347118230880375,10045.543693506579,-5927.598539084835
4,0.4,0.25,0.22069192184216666,0.1,0.09034871442322653,1.5,1.464050029778812,10005.402154181544,-5894.343168009693
5,0.4,0.25,0.23656037075832204,0.1,0.09654819713233793,1.5,1.2291382898681202,9972.628255897545,-5925.621605053777
6,0.4,0.25,0.2281107927010493,0.1,0.09133101501409954,1.5,1.4500708524723163,10039.380953608073,-5954.6478660843495
7,0.4,0.25,0.2270070352855441,0.1,0.09149206449389073,1.5,1.2634316392897305,10002.114070172312,-5930.0303023719225
8,0.4,0.25,0.2143164591382001,0.1,0.08699134297781567,1.5,1.2222161201417345,10147.930554279603,-5935.890421998234
9,0.4,0.25,0.23072646027935217,0.1,0.09361294203012988,1.5,1.2585159358467888,9881.799511004901,-5928.312450319234
10,0.4,0.25,0.2198292362237645,0.1,0.0863905122993437,1.5,1.1328987549066603,10068.349764527646,-5960.605231091432
11,0.4,0.25,0.23127328456889845,0.1,0.0897241930499447,1.5,1.1250590886619554,9994.859054370883,-5919.803142051762
12,0.4,0.25,0.23212216892529963,0.1,0.0952168952795233,1.5,1.5315785640363886,9994.763983385461,-5959.581136135181
13,0.4,0.25,0.23098799417116467,0.1,0.08694286878922584,1.5,0.8429467722473284,9981.942108359252,-5888.967128200088
14,0.4,0.25,0.2342347127617549,0.1,0.09266941860392236,1.5,1.1879834165842016,9973.19199709838,-5929.490806621745
15,0.4,0.25,0.22547822275454557,0.1,0.08877812275696005,1.5,1.2219965916092936,10019.903494147917,-5935.310468998045
16,0.4,0.25,0.2287355461409096,0.1,0.09023341041818712,1.5,1.1338304419067036,9964.93256832619,-5941.903031362084
17,0.4,0.25,0.23870585434492791,0.1,0.09375501990998429,1.5,1.1986924556075833,10005.923143858716,-5924.149334076888
18,0.4,0.25,0.21676417483276952,0.1,0.08494660392050984,1.5,1.1550504875446812,10139.028103130227,-5967.805051876485
19,0.4,0.25,0.22432209445296358,0.1,0.08720427616894565,1.5,1.1365674303619142,10099.783482714189,-5928.583905584466
20,0.4,0.25,0.2307496270937798,0.1,0.09161523922424591,1.5,1.326902317021129,9997.237408931815,-5921.435057216373
1,0.4,0.25,0.234955615500128,0.2,0.18542578702118304,0.5,0.43410705353299056,10005.720059012032,-5821.321818081327
2,0.4,0.25,0.22182918045898797,0.2,0.17517131706086495,0.5,0.37582847999971714,10088.283071672626,-5821.138109316433
3,0.4,0.25,0.22859834623090683,0.2,0.18231801748775292,0.5,0.4611577765020397,10003.318775969317,-5835.202549639865
4,0.4,0.25,0.227317165971064,0.2,0.1856155240299869,0.5,0.4228405892306822,10061.80906751618,-5829.264849903158
5,0.4,0.25,0.2388969071300582,0.2,0.1844508624599746,0.5,0.3812303576172125,10024.411565139513,-5834.774608346106
6,0.4,0.25,0.2341780025080675,0.2,0.19128899251856574,0.5,0.47317305291014433,9994.651172947852,-5859.265501820768
7,0.4,0.25,0.2305011926430069,0.2,0.18870864823868852,0.5,0.4731135351499589,9953.0151341509,-5794.7937277520705
8,0.4,0.25,0.2461963290437737,0.2,0.19405368089161823,0.5,0.35514845058292394,9947.740218013341,-5784.118552806326
9,0.4,0.25,0.2478123611575288,0.2,0.20127403136279445,0.5,0.4127228512429818,9922.041576275355,-5834.302812204429
10,0.4,0.25,0.22799201364029553,0.2,0.17810564360067566,0.5,0.4346374708324366,10051.863373044822,-5842.82452619186
11,0.4,0.25,0.24493289143891622,0.2,0.1920441617852223,0.5,0.39610347910653365,10027.644320872067,-5815.425637247032
12,0.4,0.25,0.2329937305266585,0.2,0.17943365909524256,0.5,0.5207893000355898,10024.412762803415,-5850.810209501056
13,0.4,0.25,0.22971594002348372,0.2,0.18002530507494813,0.5,0.40181930511221153,10026.415441047153,-5819.750186756752
14,0.4,0.25,0.23659909981317062,0.2,0.18468533193837683,0.5,0.3686298977741566,10138.785838302198,-5804.661122939602
15,0.4,0.25,0.2214467618593908,0.2,0.17771461411718464,0.5,0.4075104956218849,10091.524627061724,-5796.8578202776325
16,0.4,0.25,0.23444944327696615,0.2,0.1884721735317924,0.5,0.41396073430874397,9946.998249684088,-5846.66523369813
17,0.4,0.25,0.2357518309134503,0.2,0.18791477195699594,0.5,0.3804959952957278,10019.972448406957,-5778.457725219161
18,0.4,0.25,0.2426015191297774,0.2,0.18844901145813328,0.5,0.4293802677741973,9988.352980395915,-5816.120519879674
19,0.4,0.25,0.2293027605107528,0.2,0.18736297376506558,0.5,0.5021796781251308,9969.163976735208,-5856.615443057595
20,0.4,0.25,0.2338944132470835,0.2,0.18872835172190439,0.5,0.5227553054734785,9992.569668969534,-5823.924184447813
1,0.4,0.25,0.2389435409142423,0.2,0.18703259754404486,1.0,0.8970312049186596,9943.063690509513,-5943.1423568974915
2,0.4,0.25,0.2380802828612655,0.2,0.18723289164546986,1.0,0.9142348587590967,9969.538310304457,-5940.397312556586
3,0.4,0.25,0.2297563994392432,0.2,0.19408308716741743,1.0,1.1363243353428312,9996.472878543227,-5923.1512293286
4,0.4,0.25,0.2395007394417405,0.2,0.18600434916238956,1.0,0.8511450098669479,9994.629515177612,-5952.766013892318
5,0.4,0.25,0.2303412816790791,0.2,0.18638126672575436,1.0,0.9116893231469576,9988.244446793682,-5967.378207617816
6,0.4,0.25,0.23579312350506457,0.2,0.1867126453361905,1.0,0.8936905609344482,9979.746660294919,-5901.149008087739
7,0.4,0.25,0.2356162136436155,0.2,0.18975909297549254,1.0,1.0184654628613812,10006.973662431135,-5937.79098009827
8,0.4,0.25,0.21206510524523042,0.2,0.17487253414903015,1.0,1.1100597755128425,10102.24465904627,-5916.259141741082
9,0.4,0.25,0.2354998791680825,0.2,0.18850161168741694,1.0,0.9172463410787041,10054.140560399876,-5932.756971522958
10,0.4,0.25,0.22055280201923474,0.2,0.1939400328669509,1.0,1.214515210952879,10002.368950590475,-5962.20145609895
11,0.4,0.25,0.23088303294089754,0.2,0.19118631369415293,1.0,1.000879942181463,9944.994490148487,-5962.449473773615
12,0.4,0.25,0.23652751127359464,0.2,0.18374363290134652,1.0,0.8719555595893173,9981.218440019047,-5932.039997789813
13,0.4,0.25,0.24600541488995775,0.2,0.19536144420986667,1.0,0.9351132498405248,9964.350345625993,-5949.679123097183
14,0.4,0.25,0.2364125674365654,0.2,0.1772447081316551,1.0,0.8427782859623707,10056.462437060809,-5941.226164719181
15,0.4,0.25,0.23975774679258363,0.2,0.20781858601614428,1.0,1.133335001099708,9905.873082616874,-5962.716396404716
16,0.4,0.25,0.2357574258667521,0.2,0.179026303627805,1.0,0.8840288096928288,10068.40381485871,-5954.641074027522
17,0.4,0.25,0.23311167303670632,0.2,0.18428676159117635,1.0,0.9647332450419923,9980.39495112817,-5952.082213066602
18,0.4,0.25,0.23542039931267042,0.2,0.19198600918238087,1.0,1.043423303364247,9959.281687846222,-5925.693683521174
19,0.4,0.25,0.24132063104202622,0.2,0.18505339402929918,1.0,0.8527809420294716,9976.892207757377,-5960.701191868359
20,0.4,0.25,0.2403476233879174,0.2,0.1905507103081188,1.0,0.9271990787128089,9978.552273050074,-5922.535874397907
1,0.4,0.25,0.23414241835045962,0.2,0.18259675286159055,1.5,1.3239855007723484,10023.949598322228,-6034.31518161442
2,0.4,0.25,0.2333454260658497,0.2,0.1774170491851382,1.5,1.3442585338703168,10026.49234220874,-6052.92490306662
3,0.4,0.25,0.24984160679036002,0.2,0.1678295262470588,1.5,1.0753699419153406,10049.530046938235,-6021.775065828999
4,0.4,0.25,0.2385544841708379,0.2,0.18372485720362142,1.5,1.323805862610734,10004.61501503556,-6010.5031512874075
5,0.4,0.25,0.23520313754060795,0.2,0.18217681002585054,1.5,1.3814144016062577,10004.850627600485,-6001.151286235687
6,0.4,0.25,0.24008106226912582,0.2,0.17674447035295823,1.5,1.2569776274199453,9965.50016862386,-6050.980808519558
7,0.4,0.25,0.23294260692592514,0.2,0.18053952429116515,1.5,1.3785272972413747,9986.29266548695,-6032.744877145908
8,0.4,0.25,0.2449175752739143,0.2,0.18683934620017484,1.5,1.3757224854226728,9874.39742637595,-6037.454098991053
9,0.4,0.25,0.23678705955340454,0.2,0.17976203956924672,1.5,1.313063669201344,10040.219806384794,-6021.620740782617
10,0.4,0.25,0.24148661403325616,0.2,0.19299540559961878,1.5,1.3748384616863392,9911.40229475876,-6006.707489010549
11,0.4,0.25,0.22749632164322653,0.2,0.18064102357973771,1.5,1.3828526388611906,10066.685674993256,-6023.346773543172
12,0.4,0.25,0.23812542069787682,0.2,0.1736344839930802,1.5,1.2751690542240097,10031.856159363186,-6021.389335147787
13,0.4,0.25,0.2468415536046911,0.2,0.18362603244004433,1.5,1.2073404231378098,9986.420630059582,-6034.553134803964
14,0.4,0.25,0.23584615840682402,0.2,0.19117272227087748,1.5,1.394399837702816,10019.892724184056,-5964.755508102559
15,0.4,0.25,0.23004974994309793,0.2,0.17514161156693672,1.5,1.3202712363920144,10030.810825684042,-5989.2867516007245
16,0.4,0.25,0.2322654818276322,0.2,0.18744793452840627,1.5,1.427692430512824,9974.779390963255,-6044.931681052915
17,0.4,0.25,0.23572900169997588,0.2,0.18464382709599564,1.5,1.4240197520539495,10040.359780628945,-5965.1363380928715
18,0.4,0.25,0.23376419529723144,0.2,0.1863448797577193,1.5,1.3748250316772994,10051.050603410637,-6065.663358620684
19,0.4,0.25,0.22536807216916288,0.2,0.17277590640863508,1.5,1.3173878509661283,10115.88872541165,-6051.694448675359
20,0.4,0.25,0.24428599292859748,0.2,0.1881834938624412,1.5,1.3195506447375143,10016.364261578468,-6040.252454974596
1,0.4,0.25,0.237352099329195,0.3,0.2844019747213691,0.5,0.4715646670924276,10011.745334878777,-5605.250162806767
2,0.4,0.25,0.23849685622782635,0.3,0.27388440954570525,0.5,0.4248080723146089,10061.415269107978,-5560.392700174783
3,0.4,0.25,0.24643113718390514,0.3,0.30697166335411413,0.5,0.4769278847293544,9841.801093221071,-5575.130481594459
4,0.4,0.25,0.2352374144518066,0.3,0.2809892081455088,0.5,0.4633579658441826,10116.557873949978,-5571.344709038432
5,0.4,0.25,0.2348685049117461,0.3,0.28386974925733605,0.5,0.42126542041828025,10016.17142667036,-5550.372133513844
6,0.4,0.25,0.23119199854437264,0.3,0.2846393689512487,0.5,0.47821927654308277,10016.628225622153,-5582.542587979627
7,0.4,0.25,0.22968923125162544,0.3,0.27700829267585214,0.5,0.45326780687376383,10048.925747889652,-5560.183180464843
8,0.4,0.25,0.23725014398715527,0.3,0.27120309923797026,0.5,0.4130650486037055,10050.100072989833,-5596.727666144789
9,0.4,0.25,0.2440149152419365,0.3,0.3057579130111535,0.5,0.4849759632905741,9952.874486403833,-5561.04942542887
10,0.4,0.25,0.2348239203513523,0.3,0.28662265658529607,0.5,0.45885758518412884,10045.066337006227,-5581.761367856758
11,0.4,0.25,0.23411820767088043,0.3,0.27727712152217987,0.5,0.4618088128182399,10086.967063385868,-5574.923500733702
12,0.4,0.25,0.2497031600216951,0.3,0.29067743226853043,0.5,0.4606648354821054,9893.200165326834,-5572.4130363193635
13,0.4,0.25,0.24687210022888895,0.3,0.2932345034129774,0.5,0.42550904852672994,9957.38304960992,-5554.163271987731
14,0.4,0.25,0.24882176277382503,0.3,0.29457334096569565,0.5,0.42923812282083623,9888.716653200741,-5569.522911252159
15,0.4,0.25,0.24157231746414154,0.3,0.28853104761958726,0.5,0.4792819996016577,10065.984151605257,-5583.36357356619
16,0.4,0.25,0.2429074727500619,0.3,0.2872756754940265,0.5,0.4484419339530047,9980.21864374545,-5571.772410765844
17,0.4,0.25,0.2370232763119013,0.3,0.28416500521825616,0.5,0.4276878460130213,9990.866913558764,-5560.826226965186
18,0.4,0.25,0.21669883511740376,0.3,0.27721578738540426,0.5,0.4584625007864512,10117.275967692489,-5571.872953196507
19,0.4,0.25,0.24080730425563945,0.3,0.278296321734804,0.5,0.4411816939788654,10013.900095205498,-5567.1779890269745
20,0.4,0.25,0.23554570369587896,0.3,0.2822456869913654,0.5,0.4479959101784603,10033.287550069277,-5560.6458838610615
1,0.4,0.25,0.2356155255355755,0.3,0.2834691113725292,1.0,0.9619224392079756,10019.972266875355,-5828.496139303072
2,0.4,0.25,0.2357236025465256,0.3,0.28464928478380813,1.0,0.9344708692600988,10013.264338077637,-5794.6781672814195
3,0.4,0.25,0.2467048822710893,0.3,0.301684569658511,1.0,0.9358662737577941,9865.37932859166,-5775.838392387238
4,0.4,0.25,0.23679976538911757,0.3,0.2828226106986804,1.0,0.9165498514260028,9998.346580389209,-5814.338674133799
5,0.4,0.25,0.2384154744466071,0.3,0.28386709968306006,1.0,0.9227989849367879,9992.167285043228,-5805.502499381129
6,0.4,0.25,0.2465233104605445,0.3,0.3032950134649088,1.0,0.9193063066028996,9966.335586633735,-5809.957670485197
7,0.4,0.25,0.23747252448847384,0.3,0.2782640399230193,1.0,0.9240120500461917,10039.91598945755,-5803.1227924086525
8,0.4,0.25,0.25402572065017726,0.3,0.27666505555713206,1.0,0.8331442133406822,9922.184910238004,-5833.776650192936
9,0.4,0.25,0.22893868456204064,0.3,0.26389700517630277,1.0,0.9160607586847693,10124.682912502774,-5817.641853138524
10,0.4,0.25,0.23989253762131083,0.3,0.2988580757499753,1.0,0.9870876647118586,9908.043648268445,-5812.421182722537
11,0.4,0.25,0.24563976600406867,0.3,0.28457271970389625,1.0,0.916588574368922,9875.77073708058,-5828.992440278676
12,0.4,0.25,0.2299604400689033,0.3,0.2888661397123793,1.0,0.9984836547480198,9955.248965095876,-5829.970543253574
13,0.4,0.25,0.23660259357109584,0.3,0.2748125400048657,1.0,0.9120104327745034,9997.849193193924,-5808.514477378072
14,0.4,0.25,0.2397672575406448,0.3,0.27285153409434887,1.0,0.8918401709019499,10027.677254993156,-5781.659695382023
15,0.4,0.25,0.23977316192026793,0.3,0.2848338667986929,1.0,0.9710826711721697,10000.377062045007,-5823.371735360846
16,0.4,0.25,0.2478525837113686,0.3,0.27867150761333526,1.0,0.9240777720752336,9972.42139021882,-5822.121747807784
17,0.4,0.25,0.23233639340734455,0.3,0.28132397096570105,1.0,1.0078340302863038,10011.13592996137,-5820.307072844584
18,0.4,0.25,0.2499218422013233,0.3,0.2810636863959486,1.0,0.8854056084892474,9926.487806842311,-5826.8281625548425
19,0.4,0.25,0.22395322553435693,0.3,0.28066292343531907,1.0,1.0471499351605804,10107.604725079564,-5819.359850065551
20,0.4,0.25,0.23822085111079266,0.3,0.2775304371172527,1.0,0.9375578068928193,9985.167037251978,-5824.716150852495
1,0.4,0.25,0.24381431505897846,0.3,0.28346966139086105,1.5,1.3725692524052377,10067.154588482072,-5978.379123220009
2,0.4,0.25,0.232389568425395,0.3,0.2833003805471835,1.5,1.4701619618119994,9952.488230977126,-5949.56120948756
3,0.4,0.25,0.2471418575740276,0.3,0.29284841438486736,1.5,1.3804314961959299,9890.020645448003,-5973.840528445632
4,0.4,0.25,0.22788964056479658,0.3,0.28196324013050134,1.5,1.566725474161114,9959.90973931082,-5995.055794765694
5,0.4,0.25,0.24427509454227556,0.3,0.3093968969428266,1.5,1.511379962545669,9915.67492514614,-5981.066660083434
6,0.4,0.25,0.2243996883696507,0.3,0.29131671827616396,1.5,1.6510967168180097,10054.106621329367,-5984.516072199796
7,0.4,0.25,0.24740805016708795,0.3,0.28776225420968454,1.5,1.394570704437366,9906.724415487388,-5956.071019238563
8,0.4,0.25,0.23242952649276125,0.3,0.2786380855582704,1.5,1.456424657045386,9935.40007497305,-5933.746536028607
9,0.4,0.25,0.22389021446031276,0.3,0.29253330667925886,1.5,1.5783355985707308,10136.491601217467,-5999.2965715213595
10,0.4,0.25,0.23680837032012214,0.3,0.28259857498073854,1.5,1.44400236423852,10129.326262873063,-5968.847563700777
11,0.4,0.25,0.2443499699939681,0.3,0.26374580213177434,1.5,1.269195752796951,9989.954043016163,-5931.581211054127
12,0.4,0.25,0.23643644577645942,0.3,0.2755079667099554,1.5,1.4390850498759242,10022.141793933191,-5935.638677119459
13,0.4,0.25,0.23508141136242003,0.3,0.28233556828880313,1.5,1.3980064755024773,10017.742676956557,-5976.131296511012
14,0.4,0.25,0.23392458181532497,0.3,0.3034329158814011,1.5,1.5681116482719029,9932.065529898315,-5943.699461440511
15,0.4,0.25,0.2501450204871492,0.3,0.2634543973784701,1.5,1.2841970209218574,9965.62786969583,-5977.571108730903
16,0.4,0.25,0.2385933073016945,0.3,0.3096468931170507,1.5,1.5142001149361228,9960.270612587325,-5986.248159668423
17,0.4,0.25,0.23792255005128823,0.3,0.2877564186822323,1.5,1.4791402987194995,10016.583751156359,-5972.868079876716
18,0.4,0.25,0.2334170617361936,0.3,0.27542241889682445,1.5,1.4598535260319185,10059.513723373655,-5977.825367570851
19,0.4,0.25,0.2439467440746627,0.3,0.2753302664521023,1.5,1.405880582558942,10021.725355658473,-5962.491168807135
20,0.4,0.25,0.24452621945513725,0.3,0.2996275572790165,1.5,1.4573859141070291,9915.882772042287,-5981.082873179585
1,0.4,0.5,0.4292304240127991,0.1,0.09098694205527416,0.5,0.36014353612069494,10032.818304150425,-5754.1579267338175
2,0.4,0.5,0.42561875078449657,0.1,0.09091884895123338,0.5,0.3910028258120919,10056.94674405045,-5767.182378149691
3,0.4,0.5,0.44672408571922206,0.1,0.09344697732374418,0.5,0.3474927356607274,9987.855251102308,-5744.666409797743
4,0.4,0.5,0.43759953940772833,0.1,0.09334703133695728,0.5,0.3382810307549654,10056.426180072272,-5755.842033292103
5,0.4,0.5,0.4291211360450471,0.1,0.09767768702618942,0.5,0.7641596063989842,10029.813482653642,-5730.820498009585
6,0.4,0.5,0.4382675171168733,0.1,0.09151460249348538,0.5,0.2785362899479362,9981.254308040978,-5753.14097225658
7,0.4,0.5,0.4431971528485774,0.1,0.09278751299255442,0.5,0.21961081027946908,10101.889480874475,-5752.346177997117
8,0.4,0.5,0.47072097665906326,0.1,0.09803181115710934,0.5,0.22347615737426846,9917.917515427522,-5784.940530111355
9,0.4,0.5,0.4459087469080544,0.1,0.09253178824207682,0.5,0.20254651450512964,9987.358155832744,-5733.681574538985
10,0.4,0.5,0.44458875203110726,0.1,0.09425313632486233,0.5,0.38926752071388804,10024.34983693969,-5770.48419117163
11,0.4,0.5,0.41691549241065523,0.1,0.09322831408117326,0.5,0.6058530070174778,10059.32786610818,-5755.951584377454
12,0.4,0.5,0.4348077963016275,0.1,0.09487725076336455,0.5,0.65765396956609,9979.967195415342,-5742.4780039176785
13,0.4,0.5,0.4219493491458318,0.1,0.09076490069234758,0.5,0.3308994623042387,10084.016496991266,-5752.687335944644
14,0.4,0.5,0.4466743763486468,0.1,0.09307437595982726,0.5,0.185818330970382,9897.643198475811,-5733.623442796457
15,0.4,0.5,0.43236915881395455,0.1,0.0954341230724703,0.5,0.6029619247111075,9992.75475605635,-5757.255931879547
16,0.4,0.5,0.4291447116232144,0.1,0.09390478920273276,0.5,0.6441260718984774,10039.166255176757,-5788.52955149941
17,0.4,0.5,0.4273717022836951,0.1,0.09111375145625565,0.5,0.40426665859340205,10093.33947926178,-5747.44852239253
18,0.4,0.5,0.4272585270649964,0.1,0.08966891039123395,0.5,0.2859027391947356,10113.893428584077,-5760.950385850987
19,0.4,0.5,0.41798771488089687,0.1,0.09411224145987386,0.5,0.6865255015452055,10087.053109075903,-5754.836431374515
20,0.4,0.5,0.4368565246342136,0.1,0.09653400980438058,0.5,0.4261722618923635,10009.139065002408,-5752.118774252617
1,0.4,0.5,0.43150936479725305,0.1,0.09296147271211674,1.0,0.7856584506435498,10051.272400076517,-5728.495834475625
2,0.4,0.5,0.43155151906012057,0.1,0.09172041558408504,1.0,0.84164923012779,10068.878649874981,-5663.835831117291
3,0.4,0.5,0.43515438593813033,0.1,0.09155492870919352,1.0,0.7432409714293581,9978.595780200616,-5650.368525348603
4,0.4,0.5,0.4212496158041886,0.1,0.08980216391522045,1.0,0.8287160112871893,10028.51627712424,-5718.231786283111
5,0.4,0.5,0.43491788239494705,0.1,0.08822125973007316,1.0,0.6243645526368405,10058.470563330959,-5665.772533557136
6,0.4,0.5,0.44680510486481056,0.1,0.09388709057339714,1.0,0.7082659195844262,9892.453578350678,-5714.0193083311615
7,0.4,0.5,0.42747905812002523,0.1,0.09085469688211445,1.0,0.8676110006853415,10052.020000310382,-5728.381171563971
8,0.4,0.5,0.44720285942621696,0.1,0.09164642047954812,1.0,0.6770876118703651,9984.968113020686,-5748.09914849181
9,0.4,0.5,0.43082854448521135,0.1,0.09788398673041668,1.0,1.1881999966204224,10028.293226216503,-5732.5790648305865
10,0.4,0.5,0.4481726585477575,0.1,0.09283519329640175,1.0,0.6362699443277648,9986.564407016758,-5704.903555232431
11,0.4,0.5,0.4367608029613384,0.1,0.09041026517523482,1.0,0.7905110762575338,10013.614682223078,-5711.858546450327
12,0.4,0.5,0.43609814011881826,0.1,0.09350482888315535,1.0,0.8773623865545093,9988.418032238344,-5734.165028112817
13,0.4,0.5,0.4370196823596999,0.1,0.09278166401043586,1.0,0.7200397904369298,9983.336374257487,-5726.549417168109
14,0.4,0.5,0.4454879003241957,0.1,0.09307423161094627,1.0,0.9051991943579558,10028.83598274265,-5719.06631409649
15,0.4,0.5,0.429479649898677,0.1,0.09099302082432635,1.0,0.7417375188268531,10039.926244850338,-5722.383244057734
16,0.4,0.5,0.4289655762237847,0.1,0.0890261195380244,1.0,0.6484719567694969,10054.883422876099,-5741.2184500363455
17,0.4,0.5,0.4394490219742444,0.1,0.09690709063560754,1.0,1.0301568627666235,9989.682834349665,-5697.248972081123
18,0.4,0.5,0.41891708963670043,0.1,0.08725751420880448,1.0,0.786858525180026,10116.616451501071,-5713.64517113367
19,0.4,0.5,0.43610043247677155,0.1,0.09452845540370766,1.0,0.9859019957613343,10057.18862705464,-5673.070515155983
20,0.4,0.5,0.43276915135695265,0.1,0.091609648277022,1.0,0.9823543890143366,10075.46035849104,-5730.332550388657
1,0.4,0.5,0.44806130706150005,0.1,0.09957910733013337,1.5,1.4687731045326795,9946.03517585696,-5672.375421666937
2,0.4,0.5,0.4344801503310843,0.1,0.08986362703562623,1.5,1.1923148462091189,10069.695718888213,-5701.128041893879
3,0.4,0.5,0.44016933118162754,0.1,0.09277884461262834,1.5,1.2691966154020031,10047.499518695613,-5687.305413639543
4,0.4,0.5,0.42058986985965174,0.1,0.08477722502054438,1.5,1.041352504176864,10093.175757778994,-5708.434326057364
5,0.4,0.5,0.4310500256186898,0.1,0.09075367004625708,1.5,1.135143013347111,10081.98516357056,-5697.454165755197
6,0.4,0.5,0.4388537437056368,0.1,0.09498756055959649,1.5,1.6218937901049397,10037.568156261103,-5723.340739122888
7,0.4,0.5,0.43754223042261636,0.1,0.09153130404365076,1.5,1.19841491343228,10102.948659777932,-5710.209429607312
8,0.4,0.5,0.4283968629935613,0.1,0.0908143589244663,1.5,1.3627514746456055,10014.20253858341,-5670.599259639654
9,0.4,0.5,0.4516192788696607,0.1,0.09247427064291185,1.5,1.1450181855007284,10054.186299202722,-5691.916656612289
10,0.4,0.5,0.4200917016479219,0.1,0.09074481593590655,1.5,1.3495234432079168,10071.589274255122,-5691.654995459521
11,0.4,0.5,0.41763496158865215,0.1,0.08693711914143619,1.5,1.1182174936892437,10094.611865353712,-5714.946423709916
12,0.4,0.5,0.44502166821634587,0.1,0.09089220764680056,1.5,1.1229079363592833,9986.91911789913,-5706.696785125487
13,0.4,0.5,0.45054088019216326,0.1,0.09137702711749927,1.5,1.0782204777727218,9979.093499732171,-5678.313597282398
14,0.4,0.5,0.4578077248851725,0.1,0.09505922928834298,1.5,1.1535405621898476,9933.04278501933,-5708.814983601321
15,0.4,0.5,0.46668557442441616,0.1,0.09246693293880646,1.5,1.0286370689011406,9962.343211905225,-5679.726393447505
16,0.4,0.5,0.42163161596228294,0.1,0.08937549465944891,1.5,1.258033922098359,10048.36751143424,-5715.21949829784
17,0.4,0.5,0.4245889327370176,0.1,0.09264430574249254,1.5,1.3020705951492704,10103.600686619255,-5724.211713047507
18,0.4,0.5,0.43058698689423014,0.1,0.08910320288975092,1.5,1.3703829365727564,10075.322062712921,-5736.560015927175
19,0.4,0.5,0.4356669926431255,0.1,0.09415594750499529,1.5,1.3254306130943092,10056.369269957297,-5709.530263898862
20,0.4,0.5,0.43745131729262055,0.1,0.09168152000621511,1.5,1.3351204790003703,10001.443241452862,-5685.973323096721
1,0.4,0.5,0.45802004661134627,0.2,0.1844807599498043,0.5,0.41404566802210374,10043.021458277026,-6101.413710437177
2,0.4,0.5,0.45726075393382315,0.2,0.18953222963576724,0.5,0.4233419393437103,9998.187152628103,-6077.449549149102
3,0.4,0.5,0.4497152050623656,0.2,0.1827055645963397,0.5,0.41910763749089763,10079.328976490211,-6105.918809948549
4,0.4,0.5,0.4481323006584896,0.2,0.19453250665151336,0.5,0.5415845870084938,9961.654528718913,-6110.111324937893
5,0.4,0.5,0.46031909180314406,0.2,0.19424722504941988,0.5,0.49235914496859434,9983.551644646424,-6093.465999394706
6,0.4,0.5,0.4938179586307197,0.2,0.18752625488601846,0.5,0.3143851985076859,9863.99641556684,-6085.893647251902
7,0.4,0.5,0.46595481399996885,0.2,0.19015740445893922,0.5,0.3970074651014216,9966.890850927148,-6090.479720551515
8,0.4,0.5,0.4487905418062958,0.2,0.19163917685172668,0.5,0.4965229571408703,9959.240182652095,-6082.771083105225
9,0.4,0.5,0.45784697598708307,0.2,0.1866613706709053,0.5,0.4051329962512054,10064.936880959467,-6092.4104049423795
10,0.4,0.5,0.4550826271984351,0.2,0.18992765825890778,0.5,0.43581574201589574,10027.930119489476,-6091.924903891313
11,0.4,0.5,0.4601147877645589,0.2,0.18608735433060222,0.5,0.4004554524234589,10001.472184335975,-6108.246444871272
12,0.4,0.5,0.44019296815939263,0.2,0.18774351413753873,0.5,0.42173577251463007,10137.193944537972,-6085.08300017762
13,0.4,0.5,0.44364099653267347,0.2,0.18605645642681906,0.5,0.5049205844207657,10060.5151873171,-6101.581436034038
14,0.4,0.5,0.42927345613522616,0.2,0.1834108802268422,0.5,0.4583027774130937,10095.050270370462,-6109.982234765998
15,0.4,0.5,0.4581999953450019,0.2,0.19043171961460065,0.5,0.38104668193450686,9960.047782467169,-6076.315528489626
16,0.4,0.5,0.4668853807302488,0.2,0.18785221781942701,0.5,0.4541857835548282,9977.537526906393,-6100.642811811986
17,0.4,0.5,0.4598039858640369,0.2,0.18514589168515447,0.5,0.335078966119639,10074.91149863078,-6127.395586792454
18,0.4,0.5,0.4666500997179907,0.2,0.1961896305518711,0.5,0.5326248581797189,9890.3991187595,-6120.862905862653
19,0.4,0.5,0.4601237544419932,0.2,0.1882106364382006,0.5,0.4110152253888662,9981.489625025071,-6094.358457373297
20,0.4,0.5,0.4484623731049682,0.2,0.19642060476179984,0.5,0.5376819849451581,10040.485507570456,-6101.662626847527
1,0.4,0.5,0.45126297348605177,0.2,0.18369559767120877,1.0,0.9178227614755808,10051.916309721768,-6083.967463873736
2,0.4,0.5,0.42722283709591075,0.2,0.18115545884920534,1.0,0.9494611638070262,10115.265060718295,-6135.921731972456
3,0.4,0.5,0.4547395874185765,0.2,0.1841521438863898,1.0,0.9044838788009687,10022.214085494245,-6139.515521391134
4,0.4,0.5,0.4538638072708321,0.2,0.18580029035071205,1.0,0.8765584185657559,9981.244350857467,-6124.935602823714
5,0.4,0.5,0.46560424736775,0.2,0.18664295543417989,1.0,0.8635666625118475,10044.761609086734,-6111.257843613427
6,0.4,0.5,0.467615648076336,0.2,0.1914046350098213,1.0,0.8463160075082923,9930.027141468217,-6097.81258689525
7,0.4,0.5,0.4938229806156375,0.2,0.20837688530892037,1.0,0.8783299162017155,9816.396511805237,-6116.687620336114
8,0.4,0.5,0.45711429630807754,0.2,0.1924686151927751,1.0,0.9746889548456544,10020.70864462179,-6121.709898224033
9,0.4,0.5,0.4457176497228334,0.2,0.18677900054420327,1.0,0.944206820432711,9997.763260892567,-6069.502200404262
10,0.4,0.5,0.4535591890988885,0.2,0.19103769029548803,1.0,1.117615847938616,9980.131393294934,-6110.121258142974
11,0.4,0.5,0.4541279999781781,0.2,0.19036919148343143,1.0,0.9349976422066006,10006.321499562764,-6124.769206967741
12,0.4,0.5,0.4584257440653685,0.2,0.18837743649339497,1.0,0.890370513892528,9977.109933148296,-6135.3178976650825
13,0.4,0.5,0.4511754409825026,0.2,0.19079641184665305,1.0,0.9548150772920134,9999.012775099145,-6099.709958604035
14,0.4,0.5,0.4623486277988151,0.2,0.18599708389516786,1.0,0.8443702218841531,9946.69971034253,-6082.8199004162
15,0.4,0.5,0.4589312833281606,0.2,0.18895151965072074,1.0,0.8940019771095572,9944.37442822765,-6113.002411776732
16,0.4,0.5,0.448455925196361,0.2,0.183813496815609,1.0,0.8801804683552755,10068.250545787021,-6125.124833239019
17,0.4,0.5,0.4551428767504691,0.2,0.18796671376718804,1.0,0.883896362095781,10022.601626738195,-6120.308866193411
18,0.4,0.5,0.44719920509606836,0.2,0.18986224254668202,1.0,0.9478846874619593,10062.747929493906,-6124.340242001634
19,0.4,0.5,0.4524736876716093,0.2,0.18763672817813598,1.0,0.915938506697636,10062.184720777184,-6109.385807484465
20,0.4,0.5,0.4533640190393481,0.2,0.18400915967605255,1.0,0.8574618424624956,10039.179376594073,-6122.471973488252
1,0.4,0.5,0.4588022456864439,0.2,0.20632950713733442,1.5,1.4582221336841563,9912.748889115646,-6119.884785936467
2,0.4,0.5,0.48505437370345234,0.2,0.19323936108110015,1.5,1.3653564662442799,9813.789443864298,-6106.837665602312
3,0.4,0.5,0.4460258599171089,0.2,0.18106308888546457,1.5,1.460856616632228,9987.571104289087,-6097.184089835421
4,0.4,0.5,0.4753014072296041,0.2,0.19216598352710398,1.5,1.379468539884793,9906.56371905489,-6091.38552780305
5,0.4,0.5,0.46713882787750427,0.2,0.1815964361771018,1.5,1.2693151907951052,9999.054057419517,-6122.397574109142
6,0.4,0.5,0.4615561728096841,0.2,0.18331195727771735,1.5,1.2753267382417666,9994.244247039276,-6133.165248005607
7,0.4,0.5,0.4533624229937451,0.2,0.18518236167044919,1.5,1.4046046607421077,9970.041323606325,-6109.246958932437
8,0.4,0.5,0.4534908335075365,0.2,0.17120711818350207,1.5,1.207920579898371,10080.028483376795,-6115.420957354076
9,0.4,0.5,0.461972442779469,0.2,0.1869519312327753,1.5,1.3389861670748053,9966.272960381031,-6083.859450151327
10,0.4,0.5,0.4610122308510705,0.2,0.1853093278313496,1.5,1.3640352343950732,10021.699098546926,-6087.266716441678
11,0.4,0.5,0.466593734283782,0.2,0.1917709322844363,1.5,1.3871099638842805,9997.838006537879,-6102.520205366708
12,0.4,0.5,0.4709408166083133,0.2,0.1847708306858427,1.5,1.3182025208093735,9978.509273000049,-6134.404553399464
13,0.4,0.5,0.45534329498518544,0.2,0.18534421323918399,1.5,1.4057690485215593,9947.749520307018,-6080.192654618923
14,0.4,0.5,0.460257921266133,0.2,0.19122882632496888,1.5,1.4064153535955297,10041.261659131182,-6142.357781465384
15,0.4,0.5,0.46176692926844065,0.2,0.19008899161452836,1.5,1.4202735714652754,10003.718629045728,-6071.509147279088
16,0.4,0.5,0.4555385251794465,0.2,0.1802974379362698,1.5,1.3121365966126515,10017.543986686833,-6118.197015143205
17,0.4,0.5,0.4456660874736605,0.2,0.17676218263549398,1.5,1.3261852755721235,10105.096985895674,-6110.84061711576
18,0.4,0.5,0.47039894621376405,0.2,0.18391613595548412,1.5,1.2311005264589387,9947.341531811311,-6117.942410115995
19,0.4,0.5,0.466294032027882,0.2,0.1767252798888365,1.5,1.3254847520309982,10068.797300840082,-6106.354182564525
20,0.4,0.5,0.4585313187158316,0.2,0.18089358098736427,1.5,1.2531413255285548,10072.41461412031,-6119.164900025074
1,0.4,0.5,0.4555047716897572,0.3,0.2728482386133115,0.5,0.42383524971914927,10061.232325820749,-6065.356535942969
2,0.4,0.5,0.45709169036642666,0.3,0.27799020778209615,0.5,0.4389279763816849,10058.197203381702,-6081.991849305072
3,0.4,0.5,0.46467825506323934,0.3,0.2848235337777518,0.5,0.45141958790625947,10035.760161843149,-6064.481191368697
4,0.4,0.5,0.4639435916999506,0.3,0.27998429110747813,0.5,0.4563992854833385,10038.630825780832,-6065.409056466077
5,0.4,0.5,0.4615784760206782,0.3,0.2783574512407724,0.5,0.4851944386426355,10054.089210750235,-6064.904401332236
6,0.4,0.5,0.4656175483585816,0.3,0.2906674867378081,0.5,0.46719688358683786,9948.18562147089,-6095.022691429642
7,0.4,0.5,0.46481724418952364,0.3,0.2918318820168375,0.5,0.4980407341954187,9952.139198175602,-6096.978699371809
8,0.4,0.5,0.4698831300195368,0.3,0.28964437366514073,0.5,0.5118479122972694,9966.327538892281,-6080.664250486963
9,0.4,0.5,0.4577601365180489,0.3,0.29027821409995147,0.5,0.4696502078980947,10014.29578665881,-6070.235444268925
10,0.4,0.5,0.4632786680819644,0.3,0.2857582361300406,0.5,0.470278094434516,10005.479289234569,-6108.696112786358
11,0.4,0.5,0.4702139265938622,0.3,0.2873483473012042,0.5,0.472993488857826,9973.102944269469,-6042.429444809475
12,0.4,0.5,0.4570398723376617,0.3,0.28431144892981813,0.5,0.48904650541001804,10010.598389487108,-6083.400834830425
13,0.4,0.5,0.4599529489638505,0.3,0.28046846815682847,0.5,0.4451994005573677,10071.095262517683,-6081.9145861177185
14,0.4,0.5,0.4557121892882155,0.3,0.26803420652674836,0.5,0.40969868111104385,10077.552864476434,-6052.45240339737
15,0.4,0.5,0.45247894786965387,0.3,0.28116456844032933,0.5,0.4766416375703632,10074.165141682723,-6078.711357467375
16,0.4,0.5,0.45778623124623075,0.3,0.29079368446299747,0.5,0.4818815327477373,9932.197944593561,-6083.508551340024
17,0.4,0.5,0.4634397274879051,0.3,0.2918436988684993,0.5,0.4971448127899033,9970.608384011695,-6089.00986538669
18,0.4,0.5,0.4684570484003075,0.3,0.2831931152533581,0.5,0.43925968222377487,9955.960440935542,-6095.7768203937385
19,0.4,0.5,0.45130466460400726,0.3,0.2924713178961982,0.5,0.48685665667931727,10026.90988441262,-6050.43984067641
20,0.4,0.5,0.4711346979358027,0.3,0.28231418743301956,0.5,0.41844340571883587,9983.524738502503,-6096.8170966933685
1,0.4,0.5,0.4740760749070354,0.3,0.27943530388525456,1.0,0.9832000342271711,10015.736056333271,-6200.810380390402
2,0.4,0.5,0.4534412781804238,0.3,0.2839417813767613,1.0,0.9794445972791713,10029.603912146797,-6193.725258558581
3,0.4,0.5,0.46301618366995834,0.3,0.28083789547464366,1.0,0.9429466066452431,9977.744173957997,-6176.752732123045
4,0.4,0.5,0.4676211849605192,0.3,0.28098299582635855,1.0,0.9727293073306293,10020.801232354743,-6192.138926018166
5,0.4,0.5,0.455574080371663,0.3,0.27503577309745586,1.0,0.9145061828048299,10106.72012006063,-6162.669235189732
6,0.4,0.5,0.46300822048399076,0.3,0.27416500894987156,1.0,0.9101302833462401,9964.436693731448,-6175.1777781326
7,0.4,0.5,0.45996481725231086,0.3,0.2967052337664425,1.0,0.9873561043839838,9985.99161846627,-6164.243753421264
8,0.4,0.5,0.47927932106483434,0.3,0.3097637669194472,1.0,1.0413726550914422,9843.875467543488,-6112.530614780446
9,0.4,0.5,0.4580889246572824,0.3,0.2703064595091407,1.0,0.8490060675450516,10020.669441962807,-6147.910180569463
10,0.4,0.5,0.46771855611438873,0.3,0.2798360669927386,1.0,0.8938418444982278,10003.9869704607,-6189.995890126558
11,0.4,0.5,0.4885487263975221,0.3,0.29631962599375583,1.0,0.8497619047433316,9854.85983097657,-6181.861930005403
12,0.4,0.5,0.47103356736091573,0.3,0.28294845373515,1.0,0.929211641038367,10040.914419558789,-6128.527610646928
13,0.4,0.5,0.463494146889436,0.3,0.2866424329853596,1.0,0.9797754535149054,10010.29067486175,-6169.032933272456
14,0.4,0.5,0.46639763838447884,0.3,0.28185876829469075,1.0,0.9352732213809918,9978.940205942583,-6127.642622036552
15,0.4,0.5,0.46157966954970175,0.3,0.2900618153647489,1.0,0.9946916124287473,9949.90617636629,-6211.880415938779
16,0.4,0.5,0.4701128683602991,0.3,0.27933810052018193,1.0,0.9159692336177907,10028.09220383547,-6199.614312430906
17,0.4,0.5,0.47059990704419075,0.3,0.29219212349175283,1.0,1.021963578501655,9914.173509872393,-6170.915560158881
18,0.4,0.5,0.47341051477355867,0.3,0.2759734823089209,1.0,0.9156409325164228,9946.431306187438,-6161.869639779237
19,0.4,0.5,0.48196598310424643,0.3,0.29910957803962396,1.0,0.9311581083966713,9889.3226624633,-6205.762878587553
20,0.4,0.5,0.4672741908406457,0.3,0.2706039540215986,1.0,0.9189885229870391,9956.795177796665,-6178.395621969115
1,0.4,0.5,0.47120421731091167,0.3,0.2654955815172665,1.5,1.3085296434537845,10013.58945830367,-6167.482053135519
2,0.4,0.5,0.4642761460982101,0.3,0.27504529622218926,1.5,1.426206024482718,10059.710288305285,-6216.047285709414
3,0.4,0.5,0.4472948678767474,0.3,0.28176655806638773,1.5,1.526503756258439,10106.587700535967,-6200.095914220771
4,0.4,0.5,0.4655324810815725,0.3,0.2850868525271388,1.5,1.4669466216923046,9994.97861487526,-6159.558623292369
5,0.4,0.5,0.464270601805536,0.3,0.2850598897011281,1.5,1.4032470361527865,9916.491440581374,-6192.477472211785
6,0.4,0.5,0.46652984585512003,0.3,0.28628163722914396,1.5,1.44994876257047,9949.080577624742,-6226.697378680979
7,0.4,0.5,0.44240726978855477,0.3,0.28429830902044895,1.5,1.5399652832482258,10039.739008418783,-6192.579477999334
8,0.4,0.5,0.45299045870340743,0.3,0.3015671993694475,1.5,1.568305463022093,9997.189153324436,-6169.288994626746
9,0.4,0.5,0.4636505513957559,0.3,0.2762676560014384,1.5,1.3656938149573477,9938.475714489581,-6207.999927427867
10,0.4,0.5,0.4619456138147302,0.3,0.2883039929557062,1.5,1.4420329607628228,9946.18699806291,-6218.492848690214
11,0.4,0.5,0.45245866191985507,0.3,0.2928472157647979,1.5,1.5462138866976527,9888.963699295351,-6192.114928884922
12,0.4,0.5,0.48946755188462754,0.3,0.28095323223722196,1.5,1.3874376384930485,9907.742492942263,-6211.644756617958
13,0.4,0.5,0.4545634560882523,0.3,0.2941697040755827,1.5,1.5179240996170458,9965.671388723647,-6222.767346560048
14,0.4,0.5,0.48876891361417163,0.3,0.30316275518790764,1.5,1.4644880160914404,9811.787328629864,-6202.587542299768
15,0.4,0.5,0.4548643552029745,0.3,0.28066301503088203,1.5,1.4768661177381348,10064.691860058045,-6185.094680977949
16,0.4,0.5,0.44903784764483695,0.3,0.2722386915840825,1.5,1.4363632331194567,10112.302499284484,-6208.663161011408
17,0.4,0.5,0.4755737044955974,0.3,0.2902151359607567,1.5,1.4405939897088722,9943.71053445939,-6209.358337807735
18,0.4,0.5,0.4545790364206229,0.3,0.28284561524195356,1.5,1.5276119267599257,9957.704349106058,-6219.260801553483
19,0.4,0.5,0.44846030933910386,0.3,0.2761155634544746,1.5,1.4936788721273924,10069.187607431188,-6178.133458707052
20,0.4,0.5,0.45466792449684235,0.3,0.2928031060850546,1.5,1.5220090750132436,9987.703423716006,-6218.505391232463
