Sim,F_true,Nu2_true,Nu2_est,T_true,T_est,M21_true,M21_est,Theta,Loglik
1,0.1,0.1,0.09569098102968646,0.1,0.09555756952340726,0.5,0.44403327110740165,9984.65298074059,-5484.730382216876
2,0.1,0.1,0.09632701449690752,0.1,0.09361085621972942,0.5,0.47187604352827606,9939.6277453012,-5458.168217739121
3,0.1,0.1,0.09890775267136084,0.1,0.09878104093868689,0.5,0.513783175726583,10005.71790143764,-5440.451698916268
4,0.1,0.1,0.10043549962116828,0.1,0.09810312522577067,0.5,0.4869044120225221,10026.946394720078,-5454.968978411481
5,0.1,0.1,0.09912983611081012,0.1,0.09908482519071382,0.5,0.4737451877774188,9924.354350144757,-5469.003164912123
6,0.1,0.1,0.09787988255964883,0.1,0.09766619517138217,0.5,0.4767093805774099,9971.749888012831,-5471.061409154127
7,0.1,0.1,0.10013194899063095,0.1,0.10062194672061177,0.5,0.4475010932249787,10029.409632786628,-5485.744707298772
8,0.1,0.1,0.09664584728102145,0.1,0.09870143645349241,0.5,0.5168786050243948,10051.511890402971,-5472.238303129667
9,0.1,0.1,0.09710835707583033,0.1,0.09726834294967353,0.5,0.4870224773098957,9924.957816036625,-5457.987019926652
10,0.1,0.1,0.1031484950663963,0.1,0.10483954811848395,0.5,0.5392078897971339,9964.71203094976,-5461.262313943675
11,0.1,0.1,0.10055059848202072,0.1,0.10129617593076772,0.5,0.4659507770502347,9966.685846361976,-5411.002582996996
12,0.1,0.1,0.09774634397664096,0.1,0.09400221675708155,0.5,0.39429441204893523,9943.28909242472,-5434.216242732464
13,0.1,0.1,0.09549265199482133,0.1,0.09185008478717799,0.5,0.4381423888238338,10019.580369453444,-5461.126737198527
14,0.1,0.1,0.09561178972811177,0.1,0.0945482972773439,0.5,0.43681420182305597,10067.631155557068,-5449.880882104058
15,0.1,0.1,0.0975077971600358,0.1,0.097166974758629,0.5,0.4896686605260515,9964.306728736912,-5456.1040561114805
16,0.1,0.1,0.10005974771901291,0.1,0.09770975153197388,0.5,0.37313647459997906,9940.014529642087,-5461.773957751981
17,0.1,0.1,0.0984297192714383,0.1,0.09794966962040069,0.5,0.45609906421328134,10043.985998769638,-5454.781005548968
18,0.1,0.1,0.10365434341899465,0.1,0.09961988748014239,0.5,0.4334705842118344,9892.739172362028,-5439.132207063059
19,0.1,0.1,0.09989903541271312,0.1,0.09792915352274024,0.5,0.4247363809213384,10052.362592424412,-5450.369124549434
20,0.1,0.1,0.09383531516656421,0.1,0.09108806083357926,0.5,0.4879572842977213,10001.15037052001,-5448.355561344403
1,0.1,0.1,0.09902301541764004,0.1,0.09249291538746447,1.0,0.8468709172544673,9990.132589058912,-5561.400835847532
2,0.1,0.1,0.10082920994502802,0.1,0.09521794325687255,1.0,0.8386445480609268,9956.659479480104,-5583.535329541961
3,0.1,0.1,0.10121563985854434,0.1,0.09824997504722129,1.0,0.9239197304620022,9977.625039757162,-5576.610762568027
4,0.1,0.1,0.0984233681720671,0.1,0.10016129059100473,1.0,1.152177199789554,9971.66911087036,-5552.474320277352
5,0.1,0.1,0.08982242864826333,0.1,0.08926806414270848,1.0,0.8993255693815395,10028.253578964948,-5543.996922622358
6,0.1,0.1,0.09887720985629579,0.1,0.09768454925372971,1.0,0.9800766088009928,10013.485773320324,-5568.024514792497
7,0.1,0.1,0.09229842875916908,0.1,0.09197598343157293,1.0,1.0298171216515004,10082.25640056603,-5557.130688280906
8,0.1,0.1,0.09914748135092762,0.1,0.09474252416134932,1.0,0.7259572580807228,10035.559114168156,-5576.645304067251
9,0.1,0.1,0.09760610660568796,0.1,0.09845497249577423,1.0,1.0935920461726076,10033.888504040317,-5530.419680818401
10,0.1,0.1,0.09830496634880043,0.1,0.09569838599572093,1.0,0.93599025046245,9989.937574693644,-5552.298814007104
11,0.1,0.1,0.10754413913421275,0.1,0.10520699008412476,1.0,0.8854267137340113,9967.175659712471,-5563.1504100793645
12,0.1,0.1,0.09879693404561911,0.1,0.09714118250890012,1.0,0.9233340407215497,9955.223973667265,-5524.866612637866
13,0.1,0.1,0.10033430658008131,0.1,0.09830920407993225,1.0,0.949444319346602,9985.707886709646,-5565.847461324231
14,0.1,0.1,0.10076294999615965,0.1,0.10012707088376427,1.0,0.985285380715306,9959.732114972443,-5555.389064599412
15,0.1,0.1,0.09865991390201673,0.1,0.1054446237473092,1.0,1.1536207204288462,10022.86779181458,-5558.448778504471
16,0.1,0.1,0.10223467697610819,0.1,0.09856073886415281,1.0,0.8558342396373957,9999.982305555013,-5542.821758074621
17,0.1,0.1,0.09801637605875506,0.1,0.09369104287600641,1.0,0.953029297993264,10049.42103968774,-5570.358331498541
18,0.1,0.1,0.09812910957563428,0.1,0.09685640024802258,1.0,0.9365690825768982,10001.466297470457,-5538.109355973291
19,0.1,0.1,0.09970965227612756,0.1,0.10175003168634153,1.0,1.0112640692238843,9972.257433282546,-5555.949736537572
20,0.1,0.1,0.10296182876633198,0.1,0.09977779246072319,1.0,0.9453760307240464,9888.271297602638,-5538.01129449126
1,0.1,0.1,0.09722384980116283,0.1,0.09365471282709915,1.5,1.3458137306716749,9976.46901690237,-5634.2389801398285
2,0.1,0.1,0.09693332774493259,0.1,0.10092422818360182,1.5,1.5024025452628547,9996.806233028477,-5610.717622214852
3,0.1,0.1,0.0998119557247781,0.1,0.1007753773714986,1.5,1.5090952424752455,9976.150219576337,-5610.65679558599
4,0.1,0.1,0.0989444897847374,0.1,0.10032632596832633,1.5,1.4136583083944125,9967.37133650254,-5642.09198516072
5,0.1,0.1,0.09989881600082402,0.1,0.09893160271030484,1.5,1.5168780208321082,9974.861067610453,-5632.363688595137
6,0.1,0.1,0.10073911085520983,0.1,0.10030887529311867,1.5,1.4705844962591028,10001.44441646757,-5674.4130677920375
7,0.1,0.1,0.10041736810445277,0.1,0.09903578353339512,1.5,1.4673187783771533,9999.921283008278,-5617.2802876640735
8,0.1,0.1,0.10086390726869443,0.1,0.1031497421322076,1.5,1.5088566339421554,10007.158705035845,-5656.396034624129
9,0.1,0.1,0.09827172134258501,0.1,0.09901732320248684,1.5,1.4172936084185,10030.89011037261,-5618.6282614342235
10,0.1,0.1,0.10217205678758491,0.1,0.09980876466608574,1.5,1.4133455685429102,9994.62302661727,-5646.1108734819745
11,0.1,0.1,0.10354499756238236,0.1,0.10321341037594221,1.5,1.5453330688955793,9958.355540210156,-5639.760156544149
12,0.1,0.1,0.0959435461801773,0.1,0.09389735163349083,1.5,1.4991575991365542,9978.814821354994,-5620.986611417764
13,0.1,0.1,0.09573948875073117,0.1,0.09242154561754287,1.5,1.4178264307850434,10064.96509186103,-5620.883356154172
14,0.1,0.1,0.10117207965033467,0.1,0.10476147790452968,1.5,1.571739925869396,9895.377284477552,-5642.248331887147
15,0.1,0.1,0.0995813717785637,0.1,0.09617230837546638,1.5,1.4350989220057155,9953.705593244811,-5634.986145845808
16,0.1,0.1,0.09588633100883649,0.1,0.08953701565973456,1.5,1.335835719750048,10042.198344044744,-5582.440208124557
17,0.1,0.1,0.09970180698314522,0.1,0.10128017990599233,1.5,1.5395037911345395,10054.360536895098,-5607.690735294839
18,0.1,0.1,0.09573313873181115,0.1,0.09690132279897591,1.5,1.615162755978651,9951.421476556794,-5599.416704176424
19,0.1,0.1,0.09436556394291414,0.1,0.0949014701792044,1.5,1.4936893371330326,10039.75179449417,-5645.983738363138
20,0.1,0.1,0.0941252355044949,0.1,0.09131003823842597,1.5,1.6030276579670901,10085.60784030927,-5662.0950455813945
1,0.1,0.1,0.09820892524139314,0.2,0.1975623827086579,0.5,0.608325709380729,9990.28429681573,-4654.084549582318
2,0.1,0.1,0.0933427022938183,0.2,0.17790453948266222,0.5,0.46821670140627064,10108.750779990089,-4649.611948648983
3,0.1,0.1,0.10047527814960258,0.2,0.20085290040627243,0.5,0.4560897445289216,9944.193322750469,-4651.136076590654
4,0.1,0.1,0.10049204503477858,0.2,0.19977048477088988,0.5,0.4692791170458519,9892.95935234855,-4642.849493033228
5,0.1,0.1,0.10209082222936944,0.2,0.19366628373897563,0.5,0.45581562795504105,9960.527522364551,-4593.536137286799
6,0.1,0.1,0.09173859941662645,0.2,0.18423963567459992,0.5,0.4815750783277826,10102.667258517422,-4626.55768637485
7,0.1,0.1,0.09984672994670975,0.2,0.19560280799540908,0.5,0.5071254907946063,9962.913058629834,-4663.521536195003
8,0.1,0.1,0.09990012434794548,0.2,0.1939194803515366,0.5,0.46332248979263435,9895.596159752158,-4654.299806551638
9,0.1,0.1,0.1022040812772291,0.2,0.2083597733414326,0.5,0.4757697762341287,9965.862758566502,-4614.3652235524305
10,0.1,0.1,0.10054868277424658,0.2,0.19040480270719068,0.5,0.4751648539441723,10018.99849353515,-4641.996357842214
11,0.1,0.1,0.09888473047307061,0.2,0.19748867327088526,0.5,0.47506776714452537,9923.505191094971,-4631.134797128454
12,0.1,0.1,0.10722686553981152,0.2,0.21405985836622532,0.5,0.4597922728825947,9869.663522503193,-4667.249694289706
13,0.1,0.1,0.09862816262912395,0.2,0.19322078796492562,0.5,0.46040788512676695,9995.05272431872,-4641.679254532727
14,0.1,0.1,0.09982366935045775,0.2,0.1945364510630918,0.5,0.46380474214444384,9905.32972972303,-4660.047537100886
15,0.1,0.1,0.09487598446928693,0.2,0.19167961927349106,0.5,0.502070511898659,10024.608049702807,-4639.795162002165
16,0.1,0.1,0.09819002259560376,0.2,0.20020082335507405,0.5,0.5029356545329765,9971.632661422549,-4653.065207256064
17,0.1,0.1,0.0907367449929994,0.2,0.18216478806659944,0.5,0.5132482859428086,10036.180136420871,-4609.791186352277
18,0.1,0.1,0.09840822519514673,0.2,0.19673363852233086,0.5,0.4751120193321882,10031.671960041282,-4668.633163700359
19,0.1,0.1,0.10142762122657151,0.2,0.19221754908892547,0.5,0.44454517212180006,9993.873401133367,-4645.516091871459
20,0.1,0.1,0.09494314402171866,0.2,0.1824599062489868,0.5,0.4994798456835466,10059.317324750153,-4660.827856065474
1,0.1,0.1,0.09672499436566323,0.2,0.20268186303041819,1.0,0.9869370004454435,9944.201383720867,-5001.941211700656
2,0.1,0.1,0.10121196822235344,0.2,0.19938002826923723,1.0,0.9617728299145196,9977.745983141072,-4991.5009903781865
3,0.1,0.1,0.09253416399984528,0.2,0.18494909423332603,1.0,1.0321063283631526,10039.546187724161,-5015.695712864573
4,0.1,0.1,0.10064699628504606,0.2,0.18928830245193476,1.0,0.926244171113524,9919.71545489731,-4945.8899980065235
5,0.1,0.1,0.09978613051062223,0.2,0.19121385229599905,1.0,0.9143768248879784,10010.151282113313,-5003.681335662548
6,0.1,0.1,0.0999423012880513,0.2,0.204280057743059,1.0,0.9379378638276228,9982.282288193965,-4985.84283939224
7,0.1,0.1,0.09213238716922834,0.2,0.21256682333297489,1.0,1.1948503181667782,9946.892514946101,-4975.933640832386
8,0.1,0.1,0.10014506237681564,0.2,0.20630335585393164,1.0,1.045646555630153,9928.688826167325,-4982.309354318177
9,0.1,0.1,0.09746114524613676,0.2,0.17996852887966222,1.0,0.90227090536534,10033.233090069258,-4992.185005918118
10,0.1,0.1,0.097652330385202,0.2,0.19473049509502463,1.0,0.9462635934563551,10074.383237431157,-4997.435894576613
11,0.1,0.1,0.09505301450040327,0.2,0.18850641110963381,1.0,0.9569954955221046,10015.754056658425,-5007.342762993208
12,0.1,0.1,0.09865220777771344,0.2,0.20646384790687416,1.0,1.0322354931145568,9929.330584999565,-4994.830432859592
13,0.1,0.1,0.0961320936806301,0.2,0.194558254559978,1.0,0.991951875481893,9982.509083001845,-5013.869011841905
14,0.1,0.1,0.10108700920767544,0.2,0.20315184750287746,1.0,0.9714958095842231,9992.807809367305,-5021.279130330772
15,0.1,0.1,0.10276889132259388,0.2,0.21209700542498744,1.0,0.9633060631519753,9928.761119978046,-4982.760165720502
16,0.1,0.1,0.10370832359523222,0.2,0.20346766101395025,1.0,0.9309997054880825,9924.192783901663,-4991.699367690908
17,0.1,0.1,0.10220066021468424,0.2,0.21488280364663667,1.0,1.027585623315117,9995.841757888104,-4991.874961281444
18,0.1,0.1,0.09275916023191014,0.2,0.18935214655379493,1.0,1.0840381038863962,10086.288423881231,-4998.54673610343
19,0.1,0.1,0.09888001069533714,0.2,0.1992774356891931,1.0,0.952247593787879,10092.143777835174,-5013.001351443452
20,0.1,0.1,0.09562082938941219,0.2,0.19890463317770102,1.0,1.0314509711061208,9942.141210601598,-4980.794910062035
1,0.1,0.1,0.09698706296899667,0.2,0.18003775982563336,1.5,1.4388655751560866,9939.951715165897,-5243.882034939442
2,0.1,0.1,0.09382335881918089,0.2,0.1795750899405046,1.5,1.5368928459076092,9996.321775172797,-5264.4625837666135
3,0.1,0.1,0.09844533340725749,0.2,0.1913492015321504,1.5,1.4890305645684725,10010.23747575694,-5252.733282214547
4,0.1,0.1,0.09642299943214379,0.2,0.20061531841350833,1.5,1.5027870037810336,9967.529928087653,-5245.560664434057
5,0.1,0.1,0.09102986860758036,0.2,0.17318080832808536,1.5,1.4879754971792998,10091.308962929852,-5250.706231623494
6,0.1,0.1,0.09598321197470644,0.2,0.19413966899894916,1.5,1.543783789427052,9992.665099754142,-5205.308148781217
7,0.1,0.1,0.09236189650401154,0.2,0.20549584341273236,1.5,1.6362459863492542,9955.79059689044,-5256.077176823702
8,0.1,0.1,0.10181970357095065,0.2,0.1898155888883953,1.5,1.403971534796258,10022.86248456256,-5220.583812534263
9,0.1,0.1,0.0972760330516004,0.2,0.2005945946140207,1.5,1.5871682428959168,10055.81993313978,-5230.297500508041
10,0.1,0.1,0.09852364551590291,0.2,0.19223855326950298,1.5,1.437650909708085,10067.57261577488,-5231.036881887313
11,0.1,0.1,0.08988675066960689,0.2,0.17372361137379458,1.5,1.5289848744521237,10088.80495272642,-5271.301678960522
12,0.1,0.1,0.09945041210233592,0.2,0.20674335725968865,1.5,1.5434103141109774,9950.010593683653,-5210.1886111109
13,0.1,0.1,0.09851440034069016,0.2,0.18672526286114874,1.5,1.422122757807226,10011.94452529415,-5250.002628302144
14,0.1,0.1,0.10185924294522906,0.2,0.19547701140392332,1.5,1.4568371176004538,9976.729225799485,-5261.68556116788
15,0.1,0.1,0.09782301109235576,0.2,0.2019454900215823,1.5,1.4829306819216048,9916.717937504967,-5212.003186902291
16,0.1,0.1,0.10405195723649006,0.2,0.20262664276435174,1.5,1.3895163114890263,9947.93843264058,-5230.909547651265
17,0.1,0.1,0.10160565418803096,0.2,0.18967676872050757,1.5,1.3914508347634105,10023.906357589403,-5249.451869087576
18,0.1,0.1,0.09540436210196569,0.2,0.20134150349744157,1.5,1.554824207169897,9976.304579145622,-5233.689415734397
19,0.1,0.1,0.09203447642656401,0.2,0.1944784895862806,1.5,1.61954479941599,10016.342909917963,-5238.274850697848
20,0.1,0.1,0.09886513371315588,0.2,0.19351643360321388,1.5,1.4840451717825949,10050.487554306315,-5227.776787517581
1,0.1,0.1,0.09606970151519602,0.3,0.2843729630993207,0.5,0.4989908670441009,9938.684153463622,-4136.584727201264
2,0.1,0.1,0.09989098907790182,0.3,0.2881414962682111,0.5,0.4687330704830411,9958.055594259717,-4120.250451581472
3,0.1,0.1,0.10436603661721969,0.3,0.3455473783126277,0.5,0.4986995754093226,9863.93279208076,-4120.764079084238
4,0.1,0.1,0.09499487805545055,0.3,0.3012474012514838,0.5,0.5251882665371563,9968.51585214698,-4127.504025206925
5,0.1,0.1,0.09897946882093725,0.3,0.29704133787706194,0.5,0.480173017657518,9971.952344512456,-4119.435564127072
6,0.1,0.1,0.0949598757609853,0.3,0.3043436578427067,0.5,0.5277511367369906,9994.871878876382,-4147.716657252728
7,0.1,0.1,0.10005451868985756,0.3,0.29397072440322386,0.5,0.4630598973985156,9974.527022600578,-4102.501578685169
8,0.1,0.1,0.09613335615117738,0.3,0.2886027751954021,0.5,0.501453545082338,10004.471744214827,-4103.933339004871
9,0.1,0.1,0.09835933798950927,0.3,0.31697339835763566,0.5,0.5333731531057692,9949.393744919258,-4126.101125123276
10,0.1,0.1,0.10007572174002811,0.3,0.3220721201580032,0.5,0.4889812230326299,9933.213883507693,-4125.152205731356
11,0.1,0.1,0.09780989625397789,0.3,0.2985942087986456,0.5,0.48797029278256315,9984.763419266306,-4104.983379145376
12,0.1,0.1,0.09888158739923271,0.3,0.3003704522983354,0.5,0.49151531903926454,10086.642195895474,-4149.0832146627
13,0.1,0.1,0.09865165740038592,0.3,0.306288199474366,0.5,0.49399707616621735,9939.030852616133,-4125.729993096673
14,0.1,0.1,0.09976724582808044,0.3,0.28610560519967343,0.5,0.4791745632444471,9950.877839647745,-4114.047739871028
15,0.1,0.1,0.10563514655913907,0.3,0.28708718827097823,0.5,0.42993348610739873,10003.412775262454,-4134.609335299136
16,0.1,0.1,0.09901411874638395,0.3,0.2986834962931051,0.5,0.4790604266493786,10044.366047733984,-4151.114606069809
17,0.1,0.1,0.10290414657360412,0.3,0.31941771232398086,0.5,0.5199955523098672,9916.905877889534,-4109.750764085227
18,0.1,0.1,0.09862963642951435,0.3,0.29804995254816635,0.5,0.5029359257125117,9922.915419120869,-4117.2378537027935
19,0.1,0.1,0.09418991526751458,0.3,0.3133524033045041,0.5,0.5910121096959785,10034.876426997225,-4152.25189708805
20,0.1,0.1,0.09658819557052623,0.3,0.2886453915432301,0.5,0.45824017541126894,10097.544102819944,-4138.09871614574
1,0.1,0.1,0.09539661805057205,0.3,0.30587899988985584,1.0,1.0576531851451676,10024.46021614459,-4701.856521803243
2,0.1,0.1,0.09444058951585035,0.3,0.3040696864731937,1.0,1.109249093688382,10023.997974425562,-4722.842875692464
3,0.1,0.1,0.09692965650574131,0.3,0.2985569181807406,1.0,1.0101437544520397,10071.68134847967,-4705.404994143864
4,0.1,0.1,0.10230741539264374,0.3,0.2996072810830863,1.0,0.9469668477041492,9860.674309222688,-4735.436465388592
5,0.1,0.1,0.09909525995566766,0.3,0.29745589627763513,1.0,0.9623730937472872,9994.964128244295,-4705.010431399744
6,0.1,0.1,0.09248100742156332,0.3,0.3054822140912639,1.0,1.0464795356906784,10028.102265403613,-4709.360006569754
7,0.1,0.1,0.0977479718322847,0.3,0.3027801643945906,1.0,1.0345651554191502,9954.56348725265,-4728.740483003721
8,0.1,0.1,0.09976835065856579,0.3,0.2952274276543586,1.0,0.9576670510871199,10023.786348521162,-4713.408630051572
9,0.1,0.1,0.093799644284036,0.3,0.30707662059803126,1.0,1.1155236532645332,9998.289592200956,-4754.179554912991
10,0.1,0.1,0.09577314190880523,0.3,0.2847249079795304,1.0,0.9737256260392911,9964.741409958271,-4732.637168975024
11,0.1,0.1,0.0959262546469819,0.3,0.30254804566588767,1.0,1.0397330035612717,10006.153575266984,-4724.54134749691
12,0.1,0.1,0.09608951705984106,0.3,0.2907391666240554,1.0,0.9704543956908337,10008.470284659812,-4726.779525841049
13,0.1,0.1,0.09582514844129847,0.3,0.29601989532905487,1.0,1.0506666616222569,10007.78752352406,-4705.450532869303
14,0.1,0.1,0.10072369042947212,0.3,0.27277391357270336,1.0,0.973938148437482,9953.85306561324,-4710.907552115386
15,0.1,0.1,0.10119122854466495,0.3,0.3019984013761612,1.0,0.974453181770681,9968.824962166358,-4745.746020067787
16,0.1,0.1,0.09578804366221941,0.3,0.2872463509446251,1.0,1.0117899330138915,10064.823961058859,-4736.250455981436
17,0.1,0.1,0.11038031082188496,0.3,0.2891656152953774,1.0,0.8633461657721915,9901.245316827173,-4745.1341776909185
18,0.1,0.1,0.10268628997064909,0.3,0.2986815033835858,1.0,0.895883833682071,10035.560093281098,-4690.420873156047
19,0.1,0.1,0.09289079646363967,0.3,0.29937432966053656,1.0,1.0067644760456094,9962.475735263524,-4745.836955230756
20,0.1,0.1,0.09821356751970034,0.3,0.2865472982435192,1.0,0.9478028662335936,10004.858180464526,-4704.61692667722
1,0.1,0.1,0.09265347078107072,0.3,0.3064831410340866,1.5,1.6890363097919834,9929.160584524976,-5089.13933950132
2,0.1,0.1,0.09285253875561057,0.3,0.2905878732868454,1.5,1.629740457998766,10064.108537044009,-5084.7125772030695
3,0.1,0.1,0.09688136850939878,0.3,0.2822599871001995,1.5,1.4503365918330602,9908.040212757276,-5088.607368877574
4,0.1,0.1,0.09491783509341845,0.3,0.29102338476899314,1.5,1.5398933144155904,10073.054435721455,-5063.429701568391
5,0.1,0.1,0.09536037548004439,0.3,0.31085563332937405,1.5,1.6122405529524324,9971.870981280597,-5064.718518388819
6,0.1,0.1,0.09331054812921961,0.3,0.31747508195789764,1.5,1.6422664474131003,10023.2304712668,-5074.150447617174
7,0.1,0.1,0.09849258515358543,0.3,0.291150477780838,1.5,1.4728145488321869,10003.020059554681,-5081.9452870223995
8,0.1,0.1,0.1045920123131115,0.3,0.2812793529876039,1.5,1.3756456951569298,9934.474325441273,-5074.25980390481
9,0.1,0.1,0.09405967569037467,0.3,0.2732371830415376,1.5,1.5108278208129178,10078.063198672511,-5100.191231372151
10,0.1,0.1,0.09511335969688367,0.3,0.31435400123123475,1.5,1.6333438752407876,9959.062663834722,-5091.770294767349
11,0.1,0.1,0.09477988970556867,0.3,0.28910668284988283,1.5,1.5802252732549356,9959.225374529686,-5076.268733105174
12,0.1,0.1,0.1014234094040735,0.3,0.3062311987973171,1.5,1.4777987722331252,9946.656201408188,-5085.733811984257
13,0.1,0.1,0.09809616808266279,0.3,0.2812713606168637,1.5,1.4569234034080327,10076.51785570718,-5078.345315364646
14,0.1,0.1,0.1050202181162825,0.3,0.2910544480304914,1.5,1.4052641092297011,9968.83882570436,-5098.536223655278
15,0.1,0.1,0.1016472753278237,0.3,0.274550637352481,1.5,1.409130910146643,10075.899954453904,-5049.769582997784
16,0.1,0.1,0.09921089056928668,0.3,0.29152631745875807,1.5,1.460176119827322,10102.993174784076,-5097.982932465608
17,0.1,0.1,0.09994429654005953,0.3,0.27328769101820305,1.5,1.4442165910273048,10047.752107097076,-5102.54345058996
18,0.1,0.1,0.09485275840216736,0.3,0.29841648811337185,1.5,1.521451180162798,10033.237253998028,-5072.472454233974
19,0.1,0.1,0.09970500416896454,0.3,0.30657465547155444,1.5,1.4804211175819397,9937.897458714942,-5088.485954227734
20,0.1,0.1,0.0939902005678218,0.3,0.29904278206006757,1.5,1.5833986964009825,9971.837028293668,-5090.0888437501235
1,0.1,0.25,0.243956749504925,0.1,0.09593258263442683,0.5,0.36094435829296734,9982.156307694046,-5850.129620035348
2,0.1,0.25,0.24485076119442595,0.1,0.09999005173058487,0.5,0.46899939907290156,9844.920851914827,-5872.329000053622
3,0.1,0.25,0.24145523937660107,0.1,0.09720024809523957,0.5,0.43325561631728127,10062.18404229843,-5846.932890868756
4,0.1,0.25,0.2430209132025982,0.1,0.09674880324598076,0.5,0.47967049757844166,9975.752326905316,-5846.508298380371
5,0.1,0.25,0.2434527096147276,0.1,0.0956662864801805,0.5,0.44224152294722063,9995.552376823192,-5854.403010583386
6,0.1,0.25,0.22620472732140914,0.1,0.09266383424791673,0.5,0.5215545213244775,10049.3970383296,-5847.500704503603
7,0.1,0.25,0.2400264899081718,0.1,0.0924645733944028,0.5,0.37315515569556856,10056.91997711132,-5843.098451674417
8,0.1,0.25,0.24010430646507416,0.1,0.09500364146146403,0.5,0.4841630851603258,10041.191804084738,-5823.537015580067
9,0.1,0.25,0.2400575193397364,0.1,0.09935802709021889,0.5,0.6638212789991952,10014.482036643345,-5857.874297328703
10,0.1,0.25,0.22964284943832514,0.1,0.0941048088863979,0.5,0.42327210313520014,10055.719141365307,-5825.360100204602
11,0.1,0.25,0.22953417672862475,0.1,0.09232924674126383,0.5,0.4866674346776387,10119.367056983305,-5879.492205469893
12,0.1,0.25,0.2439326224458153,0.1,0.10064643000965783,0.5,0.48048055200746603,9960.703136531176,-5821.157241202369
13,0.1,0.25,0.2470667264532308,0.1,0.09922463124149312,0.5,0.4844824056022829,9968.431960881971,-5846.865588237543
14,0.1,0.25,0.2438376740557997,0.1,0.09886404686005593,0.5,0.4812749289533461,9954.755946400848,-5821.092934137478
15,0.1,0.25,0.24140439379350181,0.1,0.09667570102045049,0.5,0.44905507401609174,10045.435288715515,-5865.471695558988
16,0.1,0.25,0.23957913848957893,0.1,0.09705019285808637,0.5,0.4135263011596006,10095.794626940984,-5853.109326000351
17,0.1,0.25,0.2495932816537455,0.1,0.10014308499171734,0.5,0.3838104248930709,9929.807549206533,-5852.111644057017
18,0.1,0.25,0.23768997105059478,0.1,0.0968497818018571,0.5,0.6660042418692462,9996.386887989667,-5832.443376257042
19,0.1,0.25,0.24297666681138963,0.1,0.09774380876211541,0.5,0.4373514264058907,10023.57994675453,-5847.325933028692
20,0.1,0.25,0.23945568304791048,0.1,0.09489503977177736,0.5,0.4245072468379623,10038.837040306715,-5856.841955555434
1,0.1,0.25,0.23577840071596576,0.1,0.0981081557623664,1.0,1.0503018658599503,10018.027103430562,-5840.947700385099
2,0.1,0.25,0.2358005295635203,0.1,0.09380817687879417,1.0,0.8677665983443157,10132.477491571664,-5866.070985915321
3,0.1,0.25,0.24451934163632688,0.1,0.09783172209635167,1.0,1.0030992719885408,9928.640780229287,-5864.9842228555535
4,0.1,0.25,0.2545463738332215,0.1,0.10016355596668779,1.0,0.9699743053915795,10015.864183714439,-5851.354398920888
5,0.1,0.25,0.24084841486963313,0.1,0.09930444425716192,1.0,1.0716401542343903,10030.186467662614,-5851.777695251375
6,0.1,0.25,0.24246881450264593,0.1,0.09684720904218898,1.0,0.8760144643168858,9963.254767669114,-5858.559601232212
7,0.1,0.25,0.24400870628268911,0.1,0.09742995009750963,1.0,0.9481542753029685,10047.553610615892,-5880.2693382792695
8,0.1,0.25,0.2483591864684931,0.1,0.09998116904423157,1.0,0.9608261200381899,9958.717059764258,-5855.634298778524
9,0.1,0.25,0.2442003937012168,0.1,0.09701032145286814,1.0,0.9244339676307645,9981.996252475075,-5868.495005185535
10,0.1,0.25,0.2372522232447816,0.1,0.10144067820098561,1.0,1.2739150495704996,10055.682387342593,-5865.520496455076
11,0.1,0.25,0.24528650545769085,0.1,0.09783283297654424,1.0,0.9750151207517427,9995.970464477874,-5855.760882042647
12,0.1,0.25,0.2436843314919752,0.1,0.09622786521797085,1.0,0.9028104981509287,9958.2743913883,-5861.468170584481
13,0.1,0.25,0.24636838500048913,0.1,0.09810634045377226,1.0,0.9096544879761506,9945.890318963646,-5848.476810878985
14,0.1,0.25,0.24380786925416845,0.1,0.09897948480872379,1.0,1.024154037662021,9986.71449558355,-5844.687979221867
15,0.1,0.25,0.23405878892049384,0.1,0.0966235616853811,1.0,1.253414815569499,10029.187250847282,-5862.657781868616
16,0.1,0.25,0.24317879709790535,0.1,0.09640782381243969,1.0,0.8525939441956223,10022.091484986711,-5851.762153396021
17,0.1,0.25,0.24419847730150315,0.1,0.09794986512850705,1.0,0.9060934653942145,10042.991056992767,-5857.458124567722
18,0.1,0.25,0.2511455424278295,0.1,0.09866382971431346,1.0,0.8023909618322577,10031.269320849016,-5857.97347468688
19,0.1,0.25,0.24362341229009843,0.1,0.09861204790404077,1.0,0.9353662301645246,10048.436328930437,-5862.667511365559
20,0.1,0.25,0.2447935904524265,0.1,0.10081424588213739,1.0,0.9843509838920754,10063.290844244108,-5846.235250554379
1,0.1,0.25,0.2271474135675647,0.1,0.08958655077671286,1.5,1.4165750318742398,10148.183353865701,-5830.2447263794875
2,0.1,0.25,0.24260851780700712,0.1,0.09566794074962316,1.5,1.3512832920364244,9998.76889453648,-5856.437956369328
3,0.1,0.25,0.22761772351642548,0.1,0.0945280102550017,1.5,1.4316437862597118,10017.525872707227,-5829.910008836625
4,0.1,0.25,0.2519147455017996,0.1,0.10203511858422584,1.5,1.346252989162036,9913.752837575172,-5848.3838264039805
5,0.1,0.25,0.2503671139681176,0.1,0.10131607187344678,1.5,1.5475326656840311,9900.10139118642,-5860.696260410464
6,0.1,0.25,0.24288394719367334,0.1,0.09154155004922573,1.5,1.333933958585747,10067.425442890817,-5816.107986529712
7,0.1,0.25,0.24529738890360384,0.1,0.09275242293974513,1.5,1.0865508544991596,9996.917467952391,-5863.366944118214
8,0.1,0.25,0.24571856153881044,0.1,0.09570747881817808,1.5,1.3087190402487452,10039.25827417073,-5843.346267370328
9,0.1,0.25,0.24903728141103157,0.1,0.09406054379605715,1.5,1.217732205078214,9900.909535633813,-5812.30906229146
10,0.1,0.25,0.2557381451364837,0.1,0.10142133551464787,1.5,1.193020536921009,9911.7137192526,-5823.425739589997
11,0.1,0.25,0.23995130901635806,0.1,0.09588996007695484,1.5,1.354183499755663,10007.236011737605,-5831.583108865261
12,0.1,0.25,0.25013138190198825,0.1,0.10059211023085195,1.5,1.472084077809434,9880.598306710674,-5826.975552762075
13,0.1,0.25,0.23089043206321277,0.1,0.09337756040604121,1.5,1.2811173383425423,9990.105274081607,-5849.406278304297
14,0.1,0.25,0.24269241400444844,0.1,0.0975581024114383,1.5,1.4823836129077113,9940.484825233854,-5808.571027224194
15,0.1,0.25,0.24225398268895124,0.1,0.09540588316400647,1.5,1.3797886734728442,9928.751168629631,-5811.8924335185875
16,0.1,0.25,0.24425707036864008,0.1,0.0957202394981066,1.5,1.4824359275178363,9988.894114717657,-5835.75164716021
17,0.1,0.25,0.24581694381547808,0.1,0.09845779076110077,1.5,1.3900110970409032,9880.494419970424,-5825.325977665065
18,0.1,0.25,0.24666778637159265,0.1,0.09925169148817455,1.5,1.4679914963864542,9967.314852407582,-5844.5803506388565
19,0.1,0.25,0.25258974172381093,0.1,0.09984878270308203,1.5,1.3196207217058566,9978.754628122204,-5829.4538116058075
20,0.1,0.25,0.2388782421663591,0.1,0.09578349969983967,1.5,1.3758850445400659,10014.084250276768,-5844.012418332763
1,0.1,0.25,0.24976917897759715,0.2,0.2065218859372366,0.5,0.48302834128119493,9964.454658666476,-5759.334436042804
2,0.1,0.25,0.23462100961485854,0.2,0.1942865700230843,0.5,0.5082757969541292,10035.43419575471,-5781.162047936752
3,0.1,0.25,0.2394856555348803,0.2,0.19636942370357605,0.5,0.48675242657759876,10005.244288422875,-5746.306484433777
4,0.1,0.25,0.2371221702907649,0.2,0.1902498974726411,0.5,0.47544651325585796,10048.956245131014,-5744.182583730544
5,0.1,0.25,0.24631259167850636,0.2,0.1916558364203131,0.5,0.47386265543882705,9986.708958714271,-5747.658565521759
6,0.1,0.25,0.24561540580880648,0.2,0.19582421242537895,0.5,0.49957934107856883,9982.820198580463,-5789.072510216812
7,0.1,0.25,0.24703256009274013,0.2,0.19953664732755655,0.5,0.47302699229629935,9957.918180154893,-5757.384233625773
8,0.1,0.25,0.24404858691237727,0.2,0.19478421797344042,0.5,0.5072918499672394,9968.701555171629,-5742.675681901552
9,0.1,0.25,0.24573900071216875,0.2,0.19664785356262302,0.5,0.4839125657618337,9982.755279751733,-5752.920826432097
10,0.1,0.25,0.2425962911260998,0.2,0.19294668752619418,0.5,0.4685362534723007,10052.355316867634,-5724.338846115283
11,0.1,0.25,0.23977447612296068,0.2,0.19498667549867454,0.5,0.5387441942407917,9998.352880916827,-5775.444725374533
12,0.1,0.25,0.23998510132534168,0.2,0.1952200031496466,0.5,0.5422997218568661,9993.842808167776,-5737.551226235233
13,0.1,0.25,0.24581481528995933,0.2,0.19332314399896056,0.5,0.4360750310828158,9972.977756339014,-5732.06325724461
14,0.1,0.25,0.2566861787954011,0.2,0.20101512231833632,0.5,0.42251389971083286,9928.691082606418,-5772.7040315358745
15,0.1,0.25,0.24744643351330234,0.2,0.19675591836903222,0.5,0.46332755316725066,9975.571921405568,-5753.164940268178
16,0.1,0.25,0.2491771002675445,0.2,0.1986287268191746,0.5,0.449599551657297,9971.69745554249,-5756.943484666496
17,0.1,0.25,0.24838612428519835,0.2,0.2008664072925727,0.5,0.4705257078947181,9919.136623930304,-5743.278579843718
18,0.1,0.25,0.24075622213764666,0.2,0.19393811125013474,0.5,0.5154109797490877,9988.240909904802,-5750.254446070756
19,0.1,0.25,0.24068887470277164,0.2,0.20279745168611477,0.5,0.4892335138159832,10004.978628646873,-5737.40690975929
20,0.1,0.25,0.24848011171537257,0.2,0.19396729124837397,0.5,0.4653648385218684,9973.154473134216,-5760.468848917771
1,0.1,0.25,0.24681088404433354,0.2,0.19633482334780392,1.0,0.9688909932913914,10084.593706724392,-5886.143145342934
2,0.1,0.25,0.24535591005307064,0.2,0.1910760939908736,1.0,0.9644322252818007,10035.453170321025,-5827.340463415963
3,0.1,0.25,0.24475945330566773,0.2,0.19574507864349097,1.0,1.0315194618926216,9993.979535409264,-5883.754693228419
4,0.1,0.25,0.2334301507253161,0.2,0.1999407333114007,1.0,1.2248820041884074,10087.435388096483,-5833.619286734696
5,0.1,0.25,0.2331673913324772,0.2,0.18941178143250798,1.0,1.0935902103798354,10135.9770576936,-5896.03298083821
6,0.1,0.25,0.24747639213347375,0.2,0.19478060141666792,1.0,0.9967215989923579,9943.195995417835,-5842.432613006902
7,0.1,0.25,0.253509789000084,0.2,0.190922404748138,1.0,0.898100733059356,9956.872303460346,-5830.196446665696
8,0.1,0.25,0.24921763225463536,0.2,0.19871978816907968,1.0,0.9459315742437837,9986.116711505287,-5841.558945731464
9,0.1,0.25,0.24354651977086078,0.2,0.19557840543202404,1.0,0.9999596563400792,9982.109168303521,-5888.538969246867
10,0.1,0.25,0.24906184539446846,0.2,0.19823185032345145,1.0,0.9560376222671493,9915.142786644066,-5859.878071200461
11,0.1,0.25,0.2449195522400896,0.2,0.18564807373023684,1.0,0.9386729274614808,9989.037174753055,-5908.477703050932
12,0.1,0.25,0.24531863400376105,0.2,0.20573036316973073,1.0,1.085584003070383,9890.832285606411,-5869.129881796782
13,0.1,0.25,0.25558395307107357,0.2,0.20493655995894103,1.0,1.0055454933865664,9947.305039924498,-5829.815042457893
14,0.1,0.25,0.2505654965604023,0.2,0.2018108399709124,1.0,0.9991239060331463,9967.09658212995,-5823.852050483235
15,0.1,0.25,0.2575108496801923,0.2,0.2076651535290432,1.0,1.0135238661655221,9828.66263561481,-5831.22305913087
16,0.1,0.25,0.24771641719197823,0.2,0.19493683354433844,1.0,1.008275128292365,10062.624519083283,-5851.523748630307
17,0.1,0.25,0.2521747319989256,0.2,0.20130344613735207,1.0,0.9646858256681854,9989.84240629663,-5855.348091396809
18,0.1,0.25,0.23424929247588797,0.2,0.19322716540308219,1.0,1.0414241905560744,10044.805860949607,-5871.389691664261
19,0.1,0.25,0.2471550281784081,0.2,0.19342219768045638,1.0,0.8990015265453583,9984.065473841387,-5865.2161745836365
20,0.1,0.25,0.2473154826094479,0.2,0.19987929767377968,1.0,0.9943885279067142,10009.984935325385,-5876.861480678503
1,0.1,0.25,0.2467898287337654,0.2,0.20457285556765822,1.5,1.6084270590198773,9927.834316792923,-5926.42102649442
2,0.1,0.25,0.24721006186030425,0.2,0.19594347695838318,1.5,1.4757327730826675,10016.094885768478,-5907.930424292234
3,0.1,0.25,0.24040026574768922,0.2,0.18865364958589886,1.5,1.488335098141663,10073.85930417598,-5945.706747649063
4,0.1,0.25,0.24431858761888048,0.2,0.19253445594456614,1.5,1.4769514154292933,9972.356924600575,-5889.950879356218
5,0.1,0.25,0.24086217798150775,0.2,0.18893542461567814,1.5,1.4421281821760135,10082.265091641255,-5904.375523819722
6,0.1,0.25,0.24916772183328234,0.2,0.2005003878248072,1.5,1.4216802058846347,9947.353578594662,-5854.953270926046
7,0.1,0.25,0.2575379079308474,0.2,0.20863530003657657,1.5,1.529766241682366,9933.987424027953,-5924.9673792243
8,0.1,0.25,0.25168867169435755,0.2,0.19102069671105854,1.5,1.3742118279972853,10040.885413516626,-5947.58975303895
9,0.1,0.25,0.2500500585500334,0.2,0.18259720959320497,1.5,1.355251484619854,10038.804073719073,-5923.826078481954
10,0.1,0.25,0.2568057418238937,0.2,0.20180737121161146,1.5,1.4521921430186115,9876.953738758553,-5892.121118914041
11,0.1,0.25,0.2317982286138929,0.2,0.1824533745726589,1.5,1.598969980697048,10176.217836740474,-5916.426118967087
12,0.1,0.25,0.24745726239396787,0.2,0.1922400568570696,1.5,1.5176489778554956,9945.030651151821,-5894.794164032954
13,0.1,0.25,0.24846668018312754,0.2,0.1989012220756815,1.5,1.4670702949552412,10075.366137145083,-5943.883589887086
14,0.1,0.25,0.2417308034678009,0.2,0.19758403986794068,1.5,1.573679693258896,10021.258081646387,-5931.137466575963
15,0.1,0.25,0.24827803422899236,0.2,0.2015479979380329,1.5,1.5340977941849123,9975.435404687178,-5935.863694315971
16,0.1,0.25,0.24310363121464537,0.2,0.19131270229462102,1.5,1.46910067630107,10052.802801425429,-5932.908530276508
17,0.1,0.25,0.24449680666063164,0.2,0.19472791767431522,1.5,1.4598558827365378,10009.051280128731,-5931.05572688114
18,0.1,0.25,0.23514338247856365,0.2,0.18170016106837583,1.5,1.440636692289499,10126.575823068966,-5917.4159761514575
19,0.1,0.25,0.25257411591004375,0.2,0.20418574699956943,1.5,1.5014120708599172,9923.661492970174,-5860.4906895161785
20,0.1,0.25,0.23965858132121834,0.2,0.1835367004082193,1.5,1.4077394425662442,10049.435309271006,-5913.7787636957
1,0.1,0.25,0.25209286917532925,0.3,0.31827802899406527,0.5,0.5962268792237493,9945.535683806092,-5495.973281751107
2,0.1,0.25,0.24627297634379014,0.3,0.29477734917404264,0.5,0.4708746883660102,10001.35357011916,-5490.491587390357
3,0.1,0.25,0.2502202983681948,0.3,0.3014478606299694,0.5,0.47644838549189,9937.076259104344,-5446.43638832259
4,0.1,0.25,0.24970175920942603,0.3,0.2846361647320235,0.5,0.4769808186127397,9948.224065043076,-5467.316923076494
5,0.1,0.25,0.23916697648930604,0.3,0.30088887120216684,0.5,0.5094915332345074,9998.182220972163,-5496.758992043584
6,0.1,0.25,0.24398808449502263,0.3,0.285107240556435,0.5,0.49592894566815016,10047.19101368759,-5479.025754747621
7,0.1,0.25,0.24967427342767406,0.3,0.28775591976036935,0.5,0.44920043083253797,9977.846235078761,-5508.01604515662
8,0.1,0.25,0.24749725346223092,0.3,0.3086885207001195,0.5,0.49604709818657344,9928.357479498693,-5468.283613724429
9,0.1,0.25,0.23543618790816898,0.3,0.2875256727165734,0.5,0.495629674942067,10060.404155117718,-5460.5430702405465
10,0.1,0.25,0.23392882193398845,0.3,0.2854509707994209,0.5,0.5446558676959594,10046.650317116675,-5489.126147714734
11,0.1,0.25,0.2525428550771528,0.3,0.29864302351000205,0.5,0.5236967144879153,9956.449990249932,-5495.068725198236
12,0.1,0.25,0.24816853138296566,0.3,0.30428859136341113,0.5,0.5562633794924001,9910.288629355142,-5453.102482007742
13,0.1,0.25,0.24824709844826262,0.3,0.2934766971506732,0.5,0.47989494748428235,9988.87440982977,-5449.740137807565
14,0.1,0.25,0.23887668396543535,0.3,0.3060499350007398,0.5,0.4875284814342575,9993.631327611085,-5490.764885591745
15,0.1,0.25,0.25290108433790565,0.3,0.30430526555285864,0.5,0.5359857399434024,9909.943762036395,-5481.555692116029
16,0.1,0.25,0.2477322515434184,0.3,0.2871499741385547,0.5,0.45809363342221016,9990.92855856003,-5477.341212027242
17,0.1,0.25,0.25792341276962816,0.3,0.3020675754681041,0.5,0.4626825085352291,9913.974030103755,-5483.166234471855
18,0.1,0.25,0.2419982027985124,0.3,0.279174518729068,0.5,0.45202677553427256,9994.442417627179,-5460.739769223511
19,0.1,0.25,0.2541809758873248,0.3,0.2887570973415794,0.5,0.3925787418565711,9963.264332345181,-5452.14805750709
20,0.1,0.25,0.26101190083436254,0.3,0.3176349561237894,0.5,0.4950073010600299,9877.56035190059,-5486.12057513966
1,0.1,0.25,0.24535668260415716,0.3,0.3041763088837432,1.0,1.0614213978845128,10022.375592488179,-5703.054092284019
2,0.1,0.25,0.24123817392641528,0.3,0.2967835193530434,1.0,1.0069390747014813,10039.497154438965,-5722.157052183235
3,0.1,0.25,0.2422760992681233,0.3,0.291322946133003,1.0,1.0046898156686863,10061.592095320744,-5710.413876220766
4,0.1,0.25,0.23491179858794906,0.3,0.2896657956923967,1.0,1.0500526733869397,10044.776738386432,-5704.665251749025
5,0.1,0.25,0.2490540376004166,0.3,0.29965091510218633,1.0,0.9843820813828138,10030.257957174897,-5705.887668748028
6,0.1,0.25,0.24331248922077164,0.3,0.2849489397602344,1.0,0.9754962509019183,10076.73050271189,-5722.364289281752
7,0.1,0.25,0.246470964809452,0.3,0.29811979040668696,1.0,0.995680836955093,10043.580717099467,-5731.60742314675
8,0.1,0.25,0.24624545774860818,0.3,0.2914538855196831,1.0,0.960867703641174,10008.402999216132,-5735.947312800206
9,0.1,0.25,0.24409686902337532,0.3,0.29144845302812555,1.0,0.9922780230681739,9960.089614759909,-5692.844635781007
10,0.1,0.25,0.24427908380426447,0.3,0.2867140105148876,1.0,0.9656546269851343,10071.073382994477,-5727.310155842484
11,0.1,0.25,0.2461557395184401,0.3,0.28645317840478396,1.0,0.9458100999540975,9989.577123278714,-5708.364551491535
12,0.1,0.25,0.2389448209350319,0.3,0.2882283971863964,1.0,1.0174632431822712,10052.10595732632,-5723.309156107106
13,0.1,0.25,0.2500132720841212,0.3,0.32181076185430235,1.0,1.0585018545396325,9909.531092637339,-5690.224984630027
14,0.1,0.25,0.23926409652368003,0.3,0.2894204936648695,1.0,1.0535543218315206,10061.43411106335,-5693.746675173769
15,0.1,0.25,0.24994714369452953,0.3,0.29367952262328034,1.0,0.942349379233151,9961.907524415734,-5715.180463000168
16,0.1,0.25,0.25571473440125203,0.3,0.2970677352158964,1.0,0.9447822112196582,10059.143205815632,-5743.134130287664
17,0.1,0.25,0.24591263565937074,0.3,0.2894689832272927,1.0,0.9356802212055064,10011.610803038173,-5699.922749574699
18,0.1,0.25,0.24126634847913037,0.3,0.29184219296617075,1.0,1.0089346213483574,10061.240040900933,-5733.867242721584
19,0.1,0.25,0.24359727826771113,0.3,0.2957326861886156,1.0,1.0044334362506229,9977.257386846453,-5708.260898017919
20,0.1,0.25,0.24973771141865406,0.3,0.3029088917382309,1.0,1.0139359165630033,10001.44818057748,-5727.214988229292
1,0.1,0.25,0.24645555206268577,0.3,0.2908977337364047,1.5,1.4788035632423953,9895.280423543585,-5857.896285478599
2,0.1,0.25,0.2576935268968327,0.3,0.2990542593922426,1.5,1.411942219008794,9931.359395060788,-5836.8568676572
3,0.1,0.25,0.22545900381649497,0.3,0.29694277630170385,1.5,1.6828290287190406,10054.787496696403,-5873.1743009346155
4,0.1,0.25,0.2584456413999317,0.3,0.2824269665438578,1.5,1.3718189363316873,9955.369106371683,-5869.42524285776
5,0.1,0.25,0.249633570639728,0.3,0.3105246406784814,1.5,1.5723572794371137,9974.180954471372,-5847.817276328462
6,0.1,0.25,0.24708080013339015,0.3,0.28259575404057935,1.5,1.4619448722860664,10027.241118181748,-5843.161108032814
7,0.1,0.25,0.24230356541031187,0.3,0.2860915051392777,1.5,1.4601845066392025,10045.0638889045,-5859.256109140487
8,0.1,0.25,0.24922408879873345,0.3,0.30700426729288416,1.5,1.4851687046708681,9935.804667784634,-5862.496179190382
9,0.1,0.25,0.24694972532881554,0.3,0.3006514229438999,1.5,1.4602664595353587,9914.065139771137,-5832.4532702904635
10,0.1,0.25,0.23211320515841188,0.3,0.31861669791453,1.5,1.6404868581204377,10037.882784804213,-5854.466490355501
11,0.1,0.25,0.2442642324581813,0.3,0.30627843927328163,1.5,1.5569752817382334,10008.93866481277,-5888.267709733013
12,0.1,0.25,0.253680560111325,0.3,0.3143692175320907,1.5,1.4822283452965874,9978.625821960704,-5809.875720452481
13,0.1,0.25,0.24832752398861818,0.3,0.2763835256699493,1.5,1.4417152854530335,10053.082765245274,-5839.95428082567
14,0.1,0.25,0.24331755858949033,0.3,0.292196464852394,1.5,1.5445195897671056,10039.967418287672,-5863.663464911575
15,0.1,0.25,0.2467674084901273,0.3,0.2971385471321836,1.5,1.4863511605077346,9977.643719709069,-5861.266293009823
16,0.1,0.25,0.24260867509443698,0.3,0.31064119778397253,1.5,1.6131995174611131,9920.153295133818,-5817.804036516959
17,0.1,0.25,0.2429612780006582,0.3,0.2968949387530029,1.5,1.4873741347512133,10055.650989591999,-5831.660984041756
18,0.1,0.25,0.24888785630093427,0.3,0.26119277339640534,1.5,1.3577309711882273,10125.68690228512,-5869.745514446043
19,0.1,0.25,0.2644905723714127,0.3,0.3006717552397968,1.5,1.3259103801397223,9779.478474510805,-5858.366385261827
20,0.1,0.25,0.26032949876691824,0.3,0.3163544997831891,1.5,1.3980961138756567,9867.410552318011,-5872.454759837122
1,0.1,0.5,0.4889716849330364,0.1,0.09645883497200708,0.5,0.3627902357958081,10005.041256697685,-5622.530859796815
2,0.1,0.5,0.49497894508754947,0.1,0.1024967934326308,0.5,0.6298624306956998,10002.308865334882,-5621.487450184814
3,0.1,0.5,0.4872632933318793,0.1,0.0985333510889223,0.5,0.466210562561453,9979.717799151616,-5609.092396609136
4,0.1,0.5,0.4783816513194516,0.1,0.10033083559650374,0.5,0.5967632860991114,10008.059559929627,-5647.461331478073
5,0.1,0.5,0.49038353049649347,0.1,0.10047830824055325,0.5,0.5183426586245438,10009.415202073795,-5554.573477490285
6,0.1,0.5,0.4904673519428866,0.1,0.09486574263537027,0.5,0.32268132741144895,10042.730587919365,-5614.090381807503
7,0.1,0.5,0.45315010303651565,0.1,0.09995598809808678,0.5,0.7792937461132384,10048.040124411806,-5636.265325256124
8,0.1,0.5,0.49145283065781237,0.1,0.09946032068661245,0.5,0.37797221151362254,9949.160933300776,-5629.039160028203
9,0.1,0.5,0.4699562265551986,0.1,0.09496444935253281,0.5,0.503947344228186,10013.19113429069,-5638.90289521877
10,0.1,0.5,0.49379104039414395,0.1,0.10246271261513001,0.5,0.5366726337711969,10001.577975606204,-5641.271814058001
11,0.1,0.5,0.4852781929206062,0.1,0.0984989908484139,0.5,0.3671234834816818,9953.436927377654,-5637.737325156792
12,0.1,0.5,0.4552182689659397,0.1,0.09413489268596559,0.5,0.39048533607371677,10119.749993008481,-5643.736388323536
13,0.1,0.5,0.47851146626755897,0.1,0.09851191505025554,0.5,0.523811447566468,10013.517298002,-5632.0775986969875
14,0.1,0.5,0.4701632739000133,0.1,0.09491520055922492,0.5,0.48709414004139945,10065.383695108725,-5593.829499587557
15,0.1,0.5,0.4900355087855563,0.1,0.09775108528864819,0.5,0.3788216115426801,10044.409271603905,-5606.645238721485
16,0.1,0.5,0.49386923495035273,0.1,0.09818176897224647,0.5,0.4847446517491277,10017.791702337201,-5642.58120290307
17,0.1,0.5,0.4672033683275696,0.1,0.09577018670281603,0.5,0.3669152082619683,10103.971120343018,-5615.4933695375885
18,0.1,0.5,0.47428437134485696,0.1,0.09627195896677433,0.5,0.44449220782915627,9996.998297958326,-5620.125304043006
19,0.1,0.5,0.48102151824171774,0.1,0.09423241211133229,0.5,0.40165418862567914,9988.33657766607,-5637.581371069983
20,0.1,0.5,0.5062618000721146,0.1,0.10095700101486571,0.5,0.6072357103461384,9900.763892537323,-5619.808158453499
1,0.1,0.5,0.4901125928091394,0.1,0.09636667600877026,1.0,0.958789688804677,9987.857724043095,-5561.797520346012
2,0.1,0.5,0.49351668419265415,0.1,0.09684768758695227,1.0,0.7423839822540355,9939.437061597024,-5570.71189493591
3,0.1,0.5,0.5030898119940854,0.1,0.10430638579492409,1.0,1.0265557903170344,9899.3056303635,-5573.020328517958
4,0.1,0.5,0.48683681683338,0.1,0.09818475933472394,1.0,0.901163062198,10065.040954552032,-5616.834126894913
5,0.1,0.5,0.4966027580736072,0.1,0.09419716772691199,1.0,0.7647081791226645,9988.574326144633,-5598.235165347912
6,0.1,0.5,0.48702684403429053,0.1,0.09875611023888342,1.0,0.8932915419601244,10020.50350255876,-5589.155560060766
7,0.1,0.5,0.4838674682896825,0.1,0.0978477843592961,1.0,0.9292641426034234,9973.20501431636,-5606.783091021358
8,0.1,0.5,0.4789546738347854,0.1,0.09968296970600615,1.0,1.269407651857296,9947.51579251767,-5609.097295925558
9,0.1,0.5,0.48792780215103826,0.1,0.09731160081106122,1.0,0.7838485997423853,9992.27632331264,-5622.455719967694
10,0.1,0.5,0.4734711213645832,0.1,0.09998089785539133,1.0,0.9986731573336044,9996.26080687408,-5613.228577881939
11,0.1,0.5,0.4928146643850798,0.1,0.09940503542364833,1.0,1.0462711495170587,9937.908514358653,-5590.005585716442
12,0.1,0.5,0.4692197947358967,0.1,0.0986622021963518,1.0,1.1164090829987527,10010.068000849971,-5580.657321960396
13,0.1,0.5,0.48566123785280557,0.1,0.09733058706186651,1.0,0.9514128626426712,10004.248770656153,-5575.808245800117
14,0.1,0.5,0.47357863164985003,0.1,0.09530115502387276,1.0,1.0121380920891574,10059.091760288295,-5566.857971903097
15,0.1,0.5,0.47495468544289604,0.1,0.09838079554030589,1.0,1.0448291167303625,10003.803270764796,-5583.439286068042
16,0.1,0.5,0.48697500434247637,0.1,0.09587483159501721,1.0,0.8787245804481019,10030.243647195395,-5594.286638056344
17,0.1,0.5,0.4904390911652113,0.1,0.09876428656831378,1.0,1.0076918232245045,9993.160514286861,-5588.5998006157715
18,0.1,0.5,0.4734032883222269,0.1,0.09675448166989657,1.0,0.911303696636012,10048.379035418699,-5579.694861696271
19,0.1,0.5,0.46819030263301914,0.1,0.09589536911556236,1.0,0.9999856990215794,10046.420763731645,-5584.913757756471
20,0.1,0.5,0.4947959966421386,0.1,0.09695428908586709,1.0,0.840913492840193,9938.371358026941,-5582.844898631379
1,0.1,0.5,0.48111789940769195,0.1,0.09175524054102734,1.5,1.1429027769519615,10017.774635273918,-5535.496887658701
2,0.1,0.5,0.4925186131951867,0.1,0.09770942490187494,1.5,1.3801031855993422,10014.172018636442,-5558.010248182029
3,0.1,0.5,0.47740813861079734,0.1,0.10056415420956494,1.5,1.7439723773032347,10028.208971464865,-5554.320386090984
4,0.1,0.5,0.48048270248659264,0.1,0.09453871617426321,1.5,1.24941198916419,10011.8545153122,-5551.418866613354
5,0.1,0.5,0.47865488085095753,0.1,0.09739570490591035,1.5,1.4759473474603988,9998.091082572691,-5538.7642932764675
6,0.1,0.5,0.47604327293175985,0.1,0.09228394031305087,1.5,1.4671995549326184,10095.388040117608,-5552.5369589487
7,0.1,0.5,0.48553658182148207,0.1,0.09849657219408155,1.5,1.7750485838241818,9971.49460265043,-5529.407017913485
8,0.1,0.5,0.48584043724677795,0.1,0.0998204956931452,1.5,1.6120445384935471,9982.66120074869,-5583.283327564592
9,0.1,0.5,0.48456945799050016,0.1,0.0966571581854479,1.5,1.323588492044732,10002.328164251794,-5556.015210239739
10,0.1,0.5,0.4811063293029557,0.1,0.09644699135201824,1.5,1.2927488709248076,9989.54661512153,-5511.259340001092
11,0.1,0.5,0.4858262825300614,0.1,0.09367905186374877,1.5,1.3028294917803163,10036.385529928066,-5517.709931021047
12,0.1,0.5,0.48753324551585614,0.1,0.09517545696376471,1.5,1.3054838049915651,9989.12732136904,-5524.492683188613
13,0.1,0.5,0.47918190078220796,0.1,0.09875059549837945,1.5,1.4863150917683128,10004.709432315918,-5562.481009145018
14,0.1,0.5,0.4854106243517792,0.1,0.10079724928708435,1.5,1.5759733696278269,9970.866556854855,-5550.737755761851
15,0.1,0.5,0.48782211073403453,0.1,0.10031178023977912,1.5,1.6132746490842735,10050.07312444449,-5548.429342876954
16,0.1,0.5,0.48976642495001543,0.1,0.10015278236316837,1.5,1.4154015647450473,9985.802401378458,-5570.371346237484
17,0.1,0.5,0.46664756056010204,0.1,0.09416851140847056,1.5,1.3714453095079457,10099.296368026133,-5582.6451719392035
18,0.1,0.5,0.478529360220224,0.1,0.09811756123281348,1.5,1.560587438377035,10046.52377673008,-5558.62811348299
19,0.1,0.5,0.46875642651968213,0.1,0.09955651057188843,1.5,1.6788671940021922,9970.056400077397,-5570.1726034458625
20,0.1,0.5,0.48560352201280027,0.1,0.09853458878561987,1.5,1.6599144197069766,9972.874267666104,-5524.935648814638
1,0.1,0.5,0.47277671230982526,0.2,0.18941982059896195,0.5,0.4488097259981628,10124.116487733558,-5942.837905576918
2,0.1,0.5,0.4799426753227755,0.2,0.19768088774750395,0.5,0.5196197428817634,9976.74065924316,-5959.949597892168
3,0.1,0.5,0.4841815156512627,0.2,0.19656666771484618,0.5,0.47495707460113745,10018.702968559139,-5948.225476683057
4,0.1,0.5,0.4822416727146956,0.2,0.19273634736070586,0.5,0.49796986765296797,9998.040111588924,-5912.831517772069
5,0.1,0.5,0.4879304514303129,0.2,0.19561619516476256,0.5,0.4616450466492824,9989.965919542869,-5930.066172585758
6,0.1,0.5,0.4989296119920661,0.2,0.202013739796618,0.5,0.5020757926068863,10031.86650983535,-5960.1400125159
7,0.1,0.5,0.4721863161144676,0.2,0.19464106391255576,0.5,0.4935943926257453,10111.018453515453,-5976.3160225976
8,0.1,0.5,0.4780395869352186,0.2,0.1861369821623967,0.5,0.38804236772602946,10022.06378588364,-5984.209825313506
9,0.1,0.5,0.4685640110060705,0.2,0.18623846678664976,0.5,0.48393745180069064,10166.19380950802,-5969.969357188448
10,0.1,0.5,0.5082259449431702,0.2,0.19509264154901326,0.5,0.3933836926042333,9937.081365459102,-5966.854825374741
11,0.1,0.5,0.477291800745804,0.2,0.2021096038688224,0.5,0.5233486500128902,10012.388302937947,-5935.260128950378
12,0.1,0.5,0.4997572809641991,0.2,0.19971062496790018,0.5,0.5477214884574214,9892.071389402347,-5963.545340640743
13,0.1,0.5,0.49649186180910476,0.2,0.20297181444076712,0.5,0.4981389451106868,9938.716734742065,-5976.423810456343
14,0.1,0.5,0.4952422787393283,0.2,0.19668101073356814,0.5,0.4897248258975416,10010.709414758594,-5929.910887196261
15,0.1,0.5,0.4718971215900943,0.2,0.19175306579770177,0.5,0.5230159008505038,10113.898191743321,-5961.64792125344
16,0.1,0.5,0.5025954104938255,0.2,0.20342061009734685,0.5,0.4609796534597113,9953.804677544424,-5955.724001506562
17,0.1,0.5,0.4806801571128086,0.2,0.19631049993500854,0.5,0.5250191704328259,9982.842984740493,-5944.942441623845
18,0.1,0.5,0.4884593685796248,0.2,0.1961117251943458,0.5,0.4681879763245437,9994.008103228009,-5966.5703425547335
19,0.1,0.5,0.48160129420078235,0.2,0.19465633042448105,0.5,0.44520575072634333,10025.74675891844,-5964.93958111381
20,0.1,0.5,0.48961641944219825,0.2,0.20504235326535253,0.5,0.5723224711476843,10012.065074205982,-5971.0717842887825
1,0.1,0.5,0.47205090452569265,0.2,0.19184593051081478,1.0,1.0187210313546384,9979.035342707608,-5967.114533855354
2,0.1,0.5,0.48555581449827234,0.2,0.19937397933744355,1.0,0.9507657261715433,10016.688858843778,-5957.8704197371535
3,0.1,0.5,0.49828638241283735,0.2,0.19586620636208738,1.0,0.9138753418443266,9972.6964065622,-5971.07500446224
4,0.1,0.5,0.48464303056424884,0.2,0.19690476063608153,1.0,1.0155390092970522,9972.294038507225,-5945.779024050382
5,0.1,0.5,0.4976365223261377,0.2,0.1948375066440533,1.0,1.057253155129626,9973.058133514749,-5939.0908370214
6,0.1,0.5,0.49153275403774144,0.2,0.20202470998738847,1.0,1.0395631728306245,9985.508971130805,-5962.514103093977
7,0.1,0.5,0.4945479555593332,0.2,0.19636514395427804,1.0,0.9262902667480928,9977.799277285043,-5954.290137826217
8,0.1,0.5,0.49413459322549413,0.2,0.1851322961192344,1.0,0.8842267059249158,10057.986019900398,-5954.478232975387
9,0.1,0.5,0.48557095758497726,0.2,0.1970332700330886,1.0,1.0017761769599878,9990.355451878891,-5977.07396024497
10,0.1,0.5,0.4848261308903593,0.2,0.19819880161466372,1.0,1.003843072098555,10003.85394095166,-5954.625740375033
11,0.1,0.5,0.48329158030826114,0.2,0.19540785688338871,1.0,0.9561387490798303,9945.231051952182,-5938.090150517422
12,0.1,0.5,0.4969675390994399,0.2,0.19710056455821282,1.0,0.9651387276990577,9943.016256881443,-5969.740953016235
13,0.1,0.5,0.4923822594632932,0.2,0.20082689106333193,1.0,1.0179243563283646,10022.825966345494,-5977.228202226788
14,0.1,0.5,0.48723497647192654,0.2,0.18952412430909943,1.0,0.9320706423812716,10047.91860622055,-5926.801868674891
15,0.1,0.5,0.4996559962917312,0.2,0.20152491187350008,1.0,0.9154979579006731,9916.935850146885,-5936.284817793914
16,0.1,0.5,0.48492322754043604,0.2,0.1923242028397596,1.0,1.0155332991562092,10089.365933479752,-5960.098767454193
17,0.1,0.5,0.49514396904371477,0.2,0.2022927805470717,1.0,1.1426232476630662,9958.671325452684,-5963.691037165876
18,0.1,0.5,0.4929818264280084,0.2,0.19875940096348313,1.0,0.9327678583151644,9984.778863040598,-5915.638450703855
19,0.1,0.5,0.493900703662937,0.2,0.198048390090295,1.0,0.9605062884944594,10003.846365502684,-5980.245582033514
20,0.1,0.5,0.4958508349134742,0.2,0.2008584296422794,1.0,1.0139364861395879,9896.273489509516,-5902.068173369749
1,0.1,0.5,0.48110281825062,0.2,0.1982714025711575,1.5,1.5098957956135506,10005.654701326697,-5944.272062410606
2,0.1,0.5,0.5023339636923009,0.2,0.20080569290350694,1.5,1.386781115078428,9869.201572482198,-5924.828976173141
3,0.1,0.5,0.5029036402076966,0.2,0.2086415414294528,1.5,1.5396874188545435,9841.66944198024,-5944.296827923661
4,0.1,0.5,0.4860921600972483,0.2,0.19966512713500623,1.5,1.4985054559153113,10007.069952277874,-5941.581547003031
5,0.1,0.5,0.47965085186135,0.2,0.1944491100863042,1.5,1.5146565727250363,9978.84678405722,-5898.409661551197
6,0.1,0.5,0.5080051908099931,0.2,0.19434957268664527,1.5,1.353483712503081,9999.04231847109,-5963.186945821108
7,0.1,0.5,0.47253601338619017,0.2,0.19593380752712786,1.5,1.5886674148284048,10181.123146316697,-5943.69846205628
8,0.1,0.5,0.49510606986839245,0.2,0.19750105311428492,1.5,1.4216339539456442,10070.805147763767,-5931.668508656818
9,0.1,0.5,0.48767763473949133,0.2,0.20358484254757062,1.5,1.4862135066020543,9979.23536992799,-5906.463400865917
10,0.1,0.5,0.49496801484891173,0.2,0.19436253378110868,1.5,1.4186196747431776,10027.89992633861,-5921.3973670159785
11,0.1,0.5,0.5076226866306762,0.2,0.19377484774829,1.5,1.398206920063634,9986.796487576927,-5963.461297091537
12,0.1,0.5,0.47410972745574914,0.2,0.1992223508527674,1.5,1.514884049758782,9986.379216990623,-5947.8919626342795
13,0.1,0.5,0.4892867644807545,0.2,0.1933349581483649,1.5,1.5239467645423421,10054.783713224531,-5933.640134347988
14,0.1,0.5,0.4930568111626645,0.2,0.197290750948444,1.5,1.444857265914157,9948.593214889044,-5891.419688245664
15,0.1,0.5,0.4949513587450631,0.2,0.1978195619039779,1.5,1.4662392218482532,10008.043244467515,-5945.546461803495
16,0.1,0.5,0.5016273803211526,0.2,0.1971233717231776,1.5,1.4685843617139787,9935.999178119187,-5960.852757784631
17,0.1,0.5,0.4958089003775274,0.2,0.19536022837918923,1.5,1.547887454028347,9998.354324953958,-5916.043002581979
18,0.1,0.5,0.4875357178474834,0.2,0.19017216539146645,1.5,1.4624824527460014,10015.476593896205,-5927.897417326012
19,0.1,0.5,0.5054241369576277,0.2,0.1908109432284477,1.5,1.307170107750601,9985.901742718308,-5939.695667473834
20,0.1,0.5,0.4819178693753803,0.2,0.19339190744015505,1.5,1.5230673457229906,10061.742916085514,-5932.522225671703
1,0.1,0.5,0.4787667027588623,0.3,0.29383834952669646,0.5,0.48588396173444326,10087.319232798449,-5920.983300833615
2,0.1,0.5,0.4996265914364132,0.3,0.296225559417419,0.5,0.47098030052677253,10034.836041822002,-5904.1833653187805
3,0.1,0.5,0.5049464030150264,0.3,0.3030080245172767,0.5,0.4654878933193431,9905.517650108264,-5920.002704186547
4,0.1,0.5,0.4947124932570552,0.3,0.2987478905980244,0.5,0.5408081288084118,9986.154435756333,-5934.571694684349
5,0.1,0.5,0.48889767455362937,0.3,0.2935930468021989,0.5,0.48643703194345767,9997.158772084898,-5944.649656655706
6,0.1,0.5,0.48467902791856105,0.3,0.2899355112833781,0.5,0.4719795907189763,10066.055614413111,-5935.570413999754
7,0.1,0.5,0.48619887865725697,0.3,0.3012837567092375,0.5,0.5351882639116968,10077.836701951994,-5937.424372360031
8,0.1,0.5,0.5021665523755536,0.3,0.2954137919599872,0.5,0.47186146731419953,9963.33139516268,-5927.977553028644
9,0.1,0.5,0.4963963645443976,0.3,0.3071759454562418,0.5,0.5020190710458761,9866.334788911621,-5936.820068203135
10,0.1,0.5,0.48975060943874527,0.3,0.30286124698683986,0.5,0.5096917598828435,10088.732602111988,-5895.8704704258025
11,0.1,0.5,0.4944731355579011,0.3,0.3016580908380775,0.5,0.5151296757300182,9981.418208198094,-5926.845493803561
12,0.1,0.5,0.4973590343642528,0.3,0.3010458006937431,0.5,0.4863330746328132,10001.844980575286,-5914.68434434988
13,0.1,0.5,0.4974415530583307,0.3,0.2999164948643197,0.5,0.5013982906770843,9924.326835913258,-5953.61628747511
14,0.1,0.5,0.4995767097914061,0.3,0.3000701980915361,0.5,0.48390936180893745,9947.45979856116,-5909.395323412008
15,0.1,0.5,0.469795271004966,0.3,0.28273068755269487,0.5,0.47936628653587987,10082.310182301164,-5939.69497279715
16,0.1,0.5,0.4885148623722332,0.3,0.2997258435348809,0.5,0.48847215371029085,9996.262748598685,-5934.700500290408
17,0.1,0.5,0.47717618737072326,0.3,0.30095544559474047,0.5,0.5943956157027735,10035.437692834086,-5944.536156286467
18,0.1,0.5,0.48408467243891545,0.3,0.2962910407160896,0.5,0.4832289045262922,9946.991610526018,-5919.4190522465815
19,0.1,0.5,0.4816651316637098,0.3,0.2922413269519551,0.5,0.49481672529851745,10108.691939054555,-5926.429865552263
20,0.1,0.5,0.49471205189045525,0.3,0.29728310953017645,0.5,0.45907304020986667,9988.559507949542,-5943.934185580967
1,0.1,0.5,0.49020324313466984,0.3,0.2911151843479141,1.0,0.9402946748954812,10032.518428307543,-5998.424106146371
2,0.1,0.5,0.4919268034809337,0.3,0.2993531743816117,1.0,1.0366354978820485,9973.709461173357,-6013.955280390164
3,0.1,0.5,0.49007924477278714,0.3,0.2932821713686085,1.0,0.973099721020245,10003.358478047221,-6016.56474084046
4,0.1,0.5,0.4945340104176699,0.3,0.30868235192539956,1.0,1.0304375910776147,9954.441030713355,-5994.547352494621
5,0.1,0.5,0.4980141930575213,0.3,0.29878023730729913,1.0,0.9428205568097946,9905.347265983331,-5956.6727357956015
6,0.1,0.5,0.4845122635429511,0.3,0.30120142917504367,1.0,1.0548103971162959,9963.522198380362,-6005.2760418034795
7,0.1,0.5,0.4951391568984864,0.3,0.3002807705361259,1.0,0.9202588980211656,9899.763229149985,-6010.354846335273
8,0.1,0.5,0.5048735620092787,0.3,0.2857980972165693,1.0,0.9367033512801266,10036.744406530888,-6004.3848488279455
9,0.1,0.5,0.49885833489490333,0.3,0.30542760124223167,1.0,0.9619678976722328,9975.7952304869,-5992.886564471614
10,0.1,0.5,0.5018689685350813,0.3,0.3129562413674402,1.0,1.0001095504040156,9976.184806854511,-6016.370367845255
11,0.1,0.5,0.49635296460788636,0.3,0.30016938610145366,1.0,1.0044015292058528,9969.771887743707,-5999.432779519439
12,0.1,0.5,0.5051532496097171,0.3,0.323344488888449,1.0,1.0784142946671647,9862.661768634576,-6023.950711667214
13,0.1,0.5,0.4981774183457426,0.3,0.2863828756386306,1.0,0.9487819164404384,9957.896309763006,-5978.8966664268955
14,0.1,0.5,0.48653570218899356,0.3,0.2923222252928401,1.0,0.9486315650340303,10010.427205338956,-6017.866164065517
15,0.1,0.5,0.4903567013235472,0.3,0.3041992421359696,1.0,1.0548966297878335,9909.930077626303,-5994.956978360696
16,0.1,0.5,0.5109330200182495,0.3,0.2941107360708077,1.0,0.9278491548788059,9948.971264505923,-6012.571649769952
17,0.1,0.5,0.4919506662662594,0.3,0.2777255754416739,1.0,0.9298628878129357,10096.67822655865,-5994.618084793253
18,0.1,0.5,0.4994341631042227,0.3,0.2848438509908087,1.0,0.8786890382310787,10008.797706708503,-5970.935707089506
19,0.1,0.5,0.5024045651247749,0.3,0.3164597575508943,1.0,1.0995244220504474,9853.459386817574,-6020.8684795221825
20,0.1,0.5,0.5121351592552648,0.3,0.2900319312122545,1.0,0.8967023259549081,9969.338081153799,-6006.792664676588
1,0.1,0.5,0.4893057931581077,0.3,0.32078867711754705,1.5,1.6514795559212365,9896.229698942143,-6024.961102339075
2,0.1,0.5,0.507910300712283,0.3,0.2804029309485913,1.5,1.3872918872319304,9934.100540475172,-6017.495656747695
3,0.1,0.5,0.4866450645039973,0.3,0.2996154331183229,1.5,1.51785394283147,9969.116612078204,-5989.998016013107
4,0.1,0.5,0.486398995191767,0.3,0.2929852481489648,1.5,1.5095754269707482,9986.23033710608,-6027.974752835046
5,0.1,0.5,0.49781711020470526,0.3,0.28937475020262743,1.5,1.4354507526062714,10013.681033397403,-6018.534447148
6,0.1,0.5,0.4823995152095065,0.3,0.2926102935725228,1.5,1.5451355029428149,10052.380750640583,-6008.752469807741
7,0.1,0.5,0.5011107682635821,0.3,0.2740603578809658,1.5,1.4146162062332601,10047.394412891907,-6023.496232567064
8,0.1,0.5,0.4881886011597196,0.3,0.2833499138298156,1.5,1.4381142712013022,10001.703323605156,-6015.58912154013
9,0.1,0.5,0.5233368787888921,0.3,0.29600541215129184,1.5,1.410510135229621,9904.292820004483,-6024.051427243938
10,0.1,0.5,0.4946098314893933,0.3,0.2992897502390302,1.5,1.4965363583637525,9963.089128416956,-5999.246438851023
11,0.1,0.5,0.4903954145435052,0.3,0.279977095684296,1.5,1.5003952445994313,9980.357135643104,-6037.51595681762
12,0.1,0.5,0.4849286414080261,0.3,0.30272713696385417,1.5,1.5227802706630305,9926.857165836276,-6031.837814529931
13,0.1,0.5,0.49845705465838536,0.3,0.29424383584180624,1.5,1.4702839694604142,10004.272804262935,-6044.757223806173
14,0.1,0.5,0.4982818750144698,0.3,0.295301490367793,1.5,1.445947874722449,9935.012668147103,-6012.226117326694
15,0.1,0.5,0.4812568995027078,0.3,0.30792551156374653,1.5,1.6173340448598483,10022.576625760774,-6008.592519469987
16,0.1,0.5,0.4914426142244909,0.3,0.2915363831397346,1.5,1.5080617602919002,9956.867532063714,-6010.718322162551
17,0.1,0.5,0.49366099989918555,0.3,0.2943671221318849,1.5,1.4579771357384166,9931.698227405765,-6005.0853601407025
18,0.1,0.5,0.4909494136890083,0.3,0.2932741098626859,1.5,1.473903798671862,10047.771854628938,-5975.157940161011
19,0.1,0.5,0.4981828570143958,0.3,0.28953215176570246,1.5,1.461633933872509,10000.699099047377,-6010.515463832167
20,0.1,0.5,0.48289315231312474,0.3,0.2821314934376506,1.5,1.456177337445355,9934.189099862559,-5989.3617857487
