Sim,F_true,Nu0_true,Nu0_est,T_true,T_est,Theta,Loglik
1,0.1,0.1,0.11110091914550892,0.1,0.10848858293728326,10027.208735214548,-208.88575899947455
2,0.1,0.1,0.09351693651463364,0.1,0.0953516449437989,10588.030274526778,-220.54398657737465
3,0.1,0.1,0.0999258613113706,0.1,0.10004379172690905,10022.866414370017,-207.15082168173922
4,0.1,0.1,0.10314565104588885,0.1,0.10712079893232526,10637.572296354823,-218.1822457990006
5,0.1,0.1,0.11573474306535675,0.1,0.11797621768168715,9972.545747380127,-202.31779852752766
6,0.1,0.1,0.0995449596678795,0.1,0.10701188214184862,11284.802991400638,-241.15677302128643
7,0.1,0.1,0.09160309735090816,0.1,0.09183337945672634,10196.062089770463,-199.85988323517142
8,0.1,0.1,0.10252063925909549,0.1,0.10532097015513411,9483.480266131863,-215.9796418067982
9,0.1,0.1,0.09245096445440178,0.1,0.08805198457826867,11014.20918038228,-231.09839487609702
10,0.1,0.1,0.11217255503397691,0.1,0.10566123932967102,9781.886462284952,-199.8911788501033
11,0.1,0.1,0.09587441890882772,0.1,0.08436558794389354,10108.949255444177,-203.85554694485438
12,0.1,0.1,0.10260532414933887,0.1,0.09554730529732046,10925.299240438182,-239.08243286291201
13,0.1,0.1,0.10379619502449725,0.1,0.10962826025920124,9954.561032520887,-202.8537661044577
14,0.1,0.1,0.09510916892823855,0.1,0.09778266638423246,10099.585350870124,-214.72918331280778
15,0.1,0.1,0.09880192820072685,0.1,0.09600317028427134,9887.248699555617,-200.65896970804658
16,0.1,0.1,0.10111851393755932,0.1,0.09798708263161919,8884.321584143107,-270.58279859022275
17,0.1,0.1,0.10350094893711376,0.1,0.11024682475982447,10148.911037614882,-205.48180782072563
18,0.1,0.1,0.09236063628635649,0.1,0.09438473982143779,9766.246461588857,-204.26926457900834
19,0.1,0.1,0.10235309490972369,0.1,0.11543059391022042,10656.765937575661,-218.22319023164948
20,0.1,0.1,0.11827988758249891,0.1,0.11637799973781499,10040.35766111203,-205.90057821536107
1,0.1,0.1,0.11401358126127749,0.2,0.2042841582190498,9727.724485799077,-200.37579753981333
2,0.1,0.1,0.11273757899658243,0.2,0.1884314477646053,9457.535989918542,-201.61176883199164
3,0.1,0.1,0.10573265806852741,0.2,0.2007923624638085,9744.112672606076,-201.12023041535497
4,0.1,0.1,0.08621552991236164,0.2,0.1853181424283491,9212.366093659515,-212.5790514314425
5,0.1,0.1,0.11439222183850806,0.2,0.19046835493348038,10768.921475760742,-195.59948553254844
6,0.1,0.1,0.10399655881328637,0.2,0.1981719930689241,8409.340271568128,-241.7739370083151
7,0.1,0.1,0.09114717486875837,0.2,0.20146704987131775,8603.554797295308,-243.9670261304725
8,0.1,0.1,0.10605175855475704,0.2,0.19987606001595304,9975.65582013543,-198.70359591019746
9,0.1,0.1,0.09696865978881056,0.2,0.19114466543627856,9512.234968994015,-209.14274534998503
10,0.1,0.1,0.09755428767843234,0.2,0.21226715668881313,8865.167057706101,-216.63044207466965
11,0.1,0.1,0.09690562552454275,0.2,0.1881639906093129,9733.025149478537,-205.71335463740445
12,0.1,0.1,0.10029213541386978,0.2,0.19728757044402448,9701.893035684421,-204.5483487522905
13,0.1,0.1,0.12062992124591906,0.2,0.2106891879595037,9374.405964665753,-193.3967175207514
14,0.1,0.1,0.10575969010260468,0.2,0.2088826449001529,9990.211943593307,-202.12698934816467
15,0.1,0.1,0.10726903584376109,0.2,0.19785916930245523,8502.283447575504,-218.45079484006192
16,0.1,0.1,0.10012658120255508,0.2,0.2120405462320697,9997.219982518574,-210.56110346719947
17,0.1,0.1,0.08476245728452925,0.2,0.198894740859981,8513.680993925454,-241.42548755186954
18,0.1,0.1,0.1045103787841976,0.2,0.18644307868632234,8517.47038549916,-243.1939426837796
19,0.1,0.1,0.1003035823075659,0.2,0.19899437552077415,10250.51020959675,-204.33944171045403
20,0.1,0.1,0.10136211277870626,0.2,0.20987113844511393,10318.053586735536,-214.77302997950187
1,0.1,0.1,0.1754414284441665,0.3,0.3577799639800826,8779.693170900327,-203.2224598866145
2,0.1,0.1,0.09750684436198588,0.3,0.3055323032468196,8801.973875267995,-200.9480655022113
3,0.1,0.1,0.10108385491421297,0.3,0.30575215191221505,9659.58075292813,-195.822862869294
4,0.1,0.1,0.07098467507814091,0.3,0.26469869599705254,12270.25206524913,-204.37588271812467
5,0.1,0.1,0.11832283413039243,0.3,0.3236410283949904,8886.593211610823,-196.59231014771183
6,0.1,0.1,0.10907891042102763,0.3,0.3083950851656507,9103.549503830178,-197.4868565777565
7,0.1,0.1,0.126772853533243,0.3,0.3404707647054568,9225.39309314584,-192.86996185265343
8,0.1,0.1,0.11994072813691242,0.3,0.3448757248716182,9030.97038545506,-196.07818240275174
9,0.1,0.1,0.10065146322883921,0.3,0.2908977919140559,9179.043951183665,-193.20963910046783
10,0.1,0.1,0.12628149970745134,0.3,0.3283786446232746,8963.191352198774,-194.05761014044526
11,0.1,0.1,0.08681191623423487,0.3,0.2926924414530197,7101.948688076974,-231.55043279397933
12,0.1,0.1,0.1337689772987881,0.3,0.33061517002838087,11632.107080422555,-206.6058573211484
13,0.1,0.1,0.06613370499013652,0.3,0.27338090170608004,10779.860161196366,-196.66781456657077
14,0.1,0.1,0.09504650909113883,0.3,0.29785909858074744,9880.289989600715,-204.29728848028356
15,0.1,0.1,0.11066735474479975,0.3,0.30647654943033203,9710.24463559025,-198.92246578785262
16,0.1,0.1,0.10011173459115325,0.3,0.30261831640891246,9524.025287964318,-198.5577446778792
17,0.1,0.1,0.09311922329993959,0.3,0.2889670608859777,8624.151705772627,-205.0028299109273
18,0.1,0.1,0.10963033932344253,0.3,0.3153577280997961,10685.429063190453,-195.9284938249998
19,0.1,0.1,0.09688926081715438,0.3,0.2920575179703878,6906.557734264878,-262.4678270845192
20,0.1,0.1,0.09224762840312796,0.3,0.3090293167323147,9880.471024590752,-196.0964361751361
1,0.1,0.25,0.2946681784339955,0.1,0.1218361109002135,9768.356812513013,-210.75596494451656
2,0.1,0.25,0.27178369514205863,0.1,0.1075177144565365,9884.91737554427,-208.6024076198804
3,0.1,0.25,0.2322764386875786,0.1,0.10065964934198321,9860.708571791316,-204.13635888937222
4,0.1,0.25,0.2850855809796215,0.1,0.1144958141989488,9920.71618612867,-209.48507548642044
5,0.1,0.25,0.2492289394542488,0.1,0.09772698360679814,9915.179631670138,-202.53972957057624
6,0.1,0.25,0.2753641477981003,0.1,0.09537671983896988,9919.428253881591,-213.14061310421016
7,0.1,0.25,0.2586994234190337,0.1,0.09875336659445946,10148.947092408362,-205.88896106975028
8,0.1,0.25,0.2592992061371917,0.1,0.10916410816576222,9544.667821396071,-226.84964037519694
9,0.1,0.25,0.25551736501179095,0.1,0.09881711243953023,10026.440218874588,-211.90513164307652
10,0.1,0.25,0.23908198031813435,0.1,0.09778728875204928,9825.015087120499,-212.31365258062385
11,0.1,0.25,0.2719587445430072,0.1,0.12563587604687648,9847.775034205108,-208.22732425544132
12,0.1,0.25,0.22570845263394787,0.1,0.08428744629860604,10046.304537577573,-214.67419471610117
13,0.1,0.25,0.2584996650211091,0.1,0.10096954091993632,10001.181454976959,-207.88765222612085
14,0.1,0.25,0.24150145382681446,0.1,0.09242501151255342,9339.052436566617,-230.45981738195724
15,0.1,0.25,0.24163447186769357,0.1,0.0940615874055933,9916.485888374586,-206.39431785931265
16,0.1,0.25,0.2593226271172357,0.1,0.1049933043898426,10174.782492130213,-209.50127385721612
17,0.1,0.25,0.2750058398881562,0.1,0.13336022316866608,9942.872955959225,-208.05491250092018
18,0.1,0.25,0.24940399186501777,0.1,0.105850858225263,10044.585299220378,-206.98948577219164
19,0.1,0.25,0.27041944510127214,0.1,0.11173340468760709,9518.224252680804,-218.54907910847953
20,0.1,0.25,0.24965439812225187,0.1,0.10265662080568715,9913.302137753239,-208.98959517038384
1,0.1,0.25,0.2403889475270707,0.2,0.17755162373482766,10566.953041757826,-218.11563158671981
2,0.1,0.25,0.2667734687382124,0.2,0.23095428446832098,10781.092658044712,-222.14459760709474
3,0.1,0.25,0.2615401372841791,0.2,0.20339551270286377,10140.440516241766,-208.2782797495213
4,0.1,0.25,0.2440848310276069,0.2,0.20133011053727248,10062.99619987417,-211.7866101029981
5,0.1,0.25,0.23253970983889258,0.2,0.21134172072163798,11680.694115274611,-231.55835707908886
6,0.1,0.25,0.24927048986719197,0.2,0.19628360156254215,10223.781005514511,-214.44209461263506
7,0.1,0.25,0.25331712039764803,0.2,0.21401761982153564,10725.467210663004,-224.90996951340617
8,0.1,0.25,0.2514498756610453,0.2,0.19633029837028276,9869.38669561579,-208.26036234267121
9,0.1,0.25,0.2724395715524673,0.2,0.17613324740866546,10012.557296215065,-215.20915996155225
10,0.1,0.25,0.253833353705565,0.2,0.20166959044605398,9804.546736082062,-210.46626962623236
11,0.1,0.25,0.2449553964114375,0.2,0.21130897732885195,9928.37325530569,-203.33707712506373
12,0.1,0.25,0.26585849274978435,0.2,0.20648812210565912,11075.04002185392,-218.67091292668897
13,0.1,0.25,0.24693535591467353,0.2,0.2049502965889707,9939.421285763616,-202.8836516085055
14,0.1,0.25,0.24080298024646102,0.2,0.183519502071747,11037.653723729847,-227.94533876853347
15,0.1,0.25,0.2419064200226216,0.2,0.18987745121651375,10200.44210422398,-205.01692008170482
16,0.1,0.25,0.2506787645204413,0.2,0.19129534456117855,9539.889920587528,-214.10165513703976
17,0.1,0.25,0.2549448064293079,0.2,0.20209388876897943,9980.904340552735,-203.86829629134888
18,0.1,0.25,0.23729697932797672,0.2,0.1842005378064399,9917.000240687574,-204.93110975810828
19,0.1,0.25,0.25298655399062037,0.2,0.22563013798696846,9245.840181821937,-222.4382413442827
20,0.1,0.25,0.2596779789139238,0.2,0.2022944562258303,10868.841884328525,-222.32835353524933
1,0.1,0.25,0.23682620728721038,0.3,0.3011246079218665,9828.811036697547,-209.51453800590082
2,0.1,0.25,0.26252292310478564,0.3,0.2844346668493712,9878.434781875976,-204.4041960337113
3,0.1,0.25,0.2305803497687377,0.3,0.2916726729836027,11120.059387787205,-208.0881919117395
4,0.1,0.25,0.24398798969449947,0.3,0.2878780321506094,9821.990353419118,-203.70815372839036
5,0.1,0.25,0.2458263662872545,0.3,0.293650083711938,10055.317618103052,-209.36474807653906
6,0.1,0.25,0.24618319959516574,0.3,0.3140779784470171,9284.952546922066,-219.1877264297667
7,0.1,0.25,0.2774351580637294,0.3,0.27309662644454863,9121.172794600994,-218.97692152301738
8,0.1,0.25,0.24754925925869845,0.3,0.28759563880686734,10380.198540947185,-209.6043154488366
9,0.1,0.25,0.2560584592002651,0.3,0.30041676045207805,9614.696410036291,-218.2163584888915
10,0.1,0.25,0.28542858573068564,0.3,0.30113254390982486,10818.459287403226,-201.4771295672574
11,0.1,0.25,0.23130023360493226,0.3,0.30494705450071063,9914.50144689482,-206.8838715911362
12,0.1,0.25,0.2533180117355834,0.3,0.2879621637846228,10551.304941940274,-197.62735009314554
13,0.1,0.25,0.24023167018791308,0.3,0.28215609908619793,10314.897588963015,-206.19149192138593
14,0.1,0.25,0.2565756185169686,0.3,0.30229332619882915,9873.093931573741,-203.0533080049196
15,0.1,0.25,0.26635081950955064,0.3,0.3141230323755554,9378.033432786644,-209.1897546683473
16,0.1,0.25,0.2500404097000868,0.3,0.2756886451249072,9169.359809011214,-214.72626475163247
17,0.1,0.25,0.26385106544942705,0.3,0.28865516683781245,10198.284239645149,-209.0676094111352
18,0.1,0.25,0.25937172783542073,0.3,0.3114004416181859,9857.877352383974,-208.62425151942136
19,0.1,0.25,0.2485919515918206,0.3,0.3162697565520813,10118.510050484892,-204.6256884289445
20,0.1,0.25,0.23333956411243162,0.3,0.27429130837900595,9929.482351131473,-207.4158066982311
1,0.1,0.5,0.6154066261230711,0.1,0.12606883549332762,9999.000955431165,-214.98018638636404
2,0.1,0.5,0.4613895071877474,0.1,0.07450936274534253,10010.960602760706,-209.52728145491926
3,0.1,0.5,0.3399724741053912,0.1,0.05252597887684568,10073.554678225892,-208.4660163851239
4,0.1,0.5,0.5020174720338062,0.1,0.08067083701996912,9974.85006612019,-202.63533023354762
5,0.1,0.5,0.518635667139125,0.1,0.15236626836839468,9998.63483390405,-210.09066292061084
6,0.1,0.5,0.4955584825597411,0.1,0.11991166046083142,9995.465093812434,-213.76162899167127
7,0.1,0.5,0.45391152064045304,0.1,0.08850185015776744,10136.97290935332,-214.04648114082022
8,0.1,0.5,0.5249395664654188,0.1,0.13359111578395957,10210.800013395992,-200.35677995689446
9,0.1,0.5,0.533371696915128,0.1,0.10767932066037243,9960.91059985575,-216.6309622133382
10,0.1,0.5,0.5657704847455536,0.1,0.11366748702552046,10136.121936208841,-203.63984679716748
11,0.1,0.5,0.44365672490871855,0.1,0.05776280148483875,9874.707098285708,-209.7551394183837
12,0.1,0.5,0.5696141879986031,0.1,0.12720055177497708,9877.354812695312,-208.01990038555812
13,0.1,0.5,0.4236354530010443,0.1,0.0871361604894161,9834.906170695038,-212.5261628214438
14,0.1,0.5,0.500321442150557,0.1,0.07175746932909345,9970.894464508718,-213.70164406386493
15,0.1,0.5,0.4509801628014891,0.1,0.0848916342189518,10074.13337794243,-215.46330490291848
16,0.1,0.5,0.5420311204631922,0.1,0.0954368849645118,9752.586369908497,-222.4560612143879
17,0.1,0.5,0.49296766924129976,0.1,0.07976255926037075,10087.131865389078,-207.83531311899924
18,0.1,0.5,0.4847291339150783,0.1,0.07575094806884744,9858.585672171532,-209.20606516870282
19,0.1,0.5,0.48872240096460245,0.1,0.08103159117824298,9905.349435172993,-203.8655761966928
20,0.1,0.5,0.47418764797360363,0.1,0.10475801522639565,10021.949903984869,-212.6690912439675
1,0.1,0.5,0.44460917632172964,0.2,0.1607714024130214,8002.304228525613,-211.32210526261872
2,0.1,0.5,0.5456808458519886,0.2,0.22731095667558107,9670.865589128722,-210.55782525489292
3,0.1,0.5,0.5095915918537883,0.2,0.22706153367394974,10090.148863779632,-212.80256516532063
4,0.1,0.5,0.5077187885607448,0.2,0.1745678362254412,9876.307387980814,-222.75561949959047
5,0.1,0.5,0.5029085021338033,0.2,0.1918371704678593,9725.445444192239,-228.67742820461933
6,0.1,0.5,0.5092578518868428,0.2,0.16272610332585521,9726.546891020354,-204.34181747418359
7,0.1,0.5,0.5065565994438832,0.2,0.22662687076720073,7882.380503929473,-206.54066770674
8,0.1,0.5,0.44041462590506947,0.2,0.1542422006123296,9782.056927742333,-221.79154690712062
9,0.1,0.5,0.5360393751423093,0.2,0.20838856226594282,9985.84454988938,-206.0370303688063
10,0.1,0.5,0.4626698691098106,0.2,0.1859755921251185,10287.803100293324,-198.01459686575288
11,0.1,0.5,0.4599495566090168,0.2,0.15287478000503996,9852.636275042829,-212.98661510202396
12,0.1,0.5,0.5357350973244116,0.2,0.1978739298160175,9831.869815642225,-206.34750267666345
13,0.1,0.5,0.5667826847129406,0.2,0.1950670993673111,9750.005561283364,-209.65178285602758
14,0.1,0.5,0.48282174364314573,0.2,0.22630393348537675,9993.874599514365,-201.83819838250383
15,0.1,0.5,0.4618223694954359,0.2,0.1909747869890303,10047.919211199223,-206.21901432962068
16,0.1,0.5,0.47526144317391944,0.2,0.176246170701818,10086.7164164047,-209.31514173323035
17,0.1,0.5,0.43838880096811245,0.2,0.18445182906436988,9618.582659626403,-219.82607627666823
18,0.1,0.5,0.501130965552439,0.2,0.18611764649163257,9955.56707026468,-213.66303782453338
19,0.1,0.5,0.4790425321548421,0.2,0.2223797175010337,9737.929471967074,-216.9535947925184
20,0.1,0.5,0.5224897694500408,0.2,0.2203298250235542,9918.881309288332,-209.28990038497147
1,0.1,0.5,0.5304404249124753,0.3,0.2602950589776183,9781.4696592329,-200.88314135422343
2,0.1,0.5,0.49647259065202987,0.3,0.2934377524802669,9574.850701558084,-211.6990039797522
3,0.1,0.5,0.4548210579031053,0.3,0.3569557792458124,9930.957892548213,-202.10474644437932
4,0.1,0.5,0.5100657903037334,0.3,0.28294163439466297,10413.353085653216,-213.8808966571262
5,0.1,0.5,0.5028110832270352,0.3,0.2864899537695787,9809.477788474314,-213.34011645994633
6,0.1,0.5,0.4890832664750507,0.3,0.3019946912482712,9965.651793124474,-210.69367509662413
7,0.1,0.5,0.488149386042107,0.3,0.2701419515928832,10077.381810777882,-209.44260296631728
8,0.1,0.5,0.5183993154935781,0.3,0.3181395657035188,9915.961976571934,-204.5548538533002
9,0.1,0.5,0.49699653685353545,0.3,0.2877581472965175,10486.92153973654,-236.08113903271453
10,0.1,0.5,0.4427744748561179,0.3,0.29317121208852287,9807.272763735073,-213.26516607727308
11,0.1,0.5,0.5388602315748705,0.3,0.3275926263911188,9872.23257287266,-200.12378442590853
12,0.1,0.5,0.4940756803536452,0.3,0.3662922718778469,11170.670861778226,-223.54427384974701
13,0.1,0.5,0.49230529758336145,0.3,0.2916242058188478,10713.596278230429,-222.79082042605978
14,0.1,0.5,0.5013123894707766,0.3,0.27909253249768967,9412.674563607758,-229.13263234902263
15,0.1,0.5,0.49299842841036656,0.3,0.3376180595541623,10124.71931525516,-209.08712132620008
16,0.1,0.5,0.48129705024743935,0.3,0.28527460753200173,10136.880335596881,-200.94273556131247
17,0.1,0.5,0.46116621387365697,0.3,0.25441993626676657,9853.476112272578,-217.88807672746702
18,0.1,0.5,0.45214597547261703,0.3,0.3119868238141016,9424.335713702367,-232.118029473433
19,0.1,0.5,0.4903995859304632,0.3,0.3000942260622698,10160.25977659019,-212.7846172702334
20,0.1,0.5,0.5323218367380704,0.3,0.2743339435722457,9426.808729753242,-227.63125758546607
