Sim,F_true,Nu2_true,Nu2_est,T_true,T_est,M21_true,M21_est,Theta,Loglik
1,0.3,0.1,0.10301961797305528,0.1,0.10207646010403072,0.5,0.38103939355049127,9866.754839416784,-5435.975294423542
2,0.3,0.1,0.09592895812775017,0.1,0.09638401832259136,0.5,0.43782702159527026,10030.469815301874,-8141.297244266932
3,0.3,0.1,0.09901733973564396,0.1,0.09987485132763581,0.5,0.47142495802014484,9884.513769163086,-5480.974179814184
4,0.3,0.1,0.0929412935244941,0.1,0.09331984665103438,0.5,0.4573803279281466,10010.724632424606,-5445.980111788441
5,0.3,0.1,0.10091310395648283,0.1,0.10032283213722289,0.5,0.4260985106076968,10015.946926433275,-5477.221140394808
6,0.3,0.1,0.09543644182492304,0.1,0.09688905948938013,0.5,0.4974796979440369,10059.140120895123,-5567.8248566481825
7,0.3,0.1,0.09257615755997123,0.1,0.09317169578522677,0.5,0.43173172969442175,9991.8179134672,-5410.489776837338
8,0.3,0.1,0.09612870143371312,0.1,0.09670592967349048,0.5,0.3964000067705706,10027.541596467398,-5541.628656240128
9,0.3,0.1,0.09980738489615548,0.1,0.09988525721666391,0.5,0.42193703854886444,9983.377191153239,-5459.993990887929
10,0.3,0.1,0.08651079633892315,0.1,0.08747662760129882,0.5,0.47923218223568825,10096.59548589702,-5554.507423121329
11,0.3,0.1,0.09817096724036237,0.1,0.10052883828228754,0.5,0.37447838528687394,10028.26336772855,-5677.497353974502
12,0.3,0.1,0.10330710149638159,0.1,0.09883780631368955,0.5,0.3549185187987332,9962.384836283445,-5537.928576366215
13,0.3,0.1,0.09371530215504863,0.1,0.09608609963287408,0.5,0.49682559089022654,10068.720831128125,-5539.166721609639
14,0.3,0.1,0.09065215316695939,0.1,0.09061627729866602,0.5,0.5046140683001547,10110.725758274248,-5575.261870456021
15,0.3,0.1,0.10552289530877185,0.1,0.10315566986711937,0.5,0.4145147379009415,10020.743607309363,-5489.443726396952
16,0.3,0.1,0.10355703875281981,0.1,0.0993909281626244,0.5,0.36241580068420354,10042.410945467138,-5535.11188557991
17,0.3,0.1,0.09926501353886664,0.1,0.10023205129743962,0.5,0.5191898490551926,10082.477020524651,-5705.694289432286
18,0.3,0.1,0.09921947963622205,0.1,0.09774974707751184,0.5,0.36675440429603096,10065.776283388273,-5571.2202540241615
19,0.3,0.1,0.09974906909239493,0.1,0.0991439605397255,0.5,0.3928420231651245,9953.04476076261,-5487.310998495926
20,0.3,0.1,0.10464637627444691,0.1,0.10291230951399673,0.5,0.4312939901452719,10020.239934581068,-5513.693835784474
1,0.3,0.1,0.10517209140180368,0.1,0.10223100686522552,1.0,0.8509279895932358,10068.62265652047,-5730.165285111633
2,0.3,0.1,0.09937140300214829,0.1,0.09555460496933438,1.0,0.8032078393568239,10106.315281623873,-5611.825254787069
3,0.3,0.1,0.10039962245413087,0.1,0.09670742295363337,1.0,0.8618208972323491,10059.18378421931,-5600.8613412834675
4,0.3,0.1,0.10289247664291662,0.1,0.09996740219852604,1.0,0.8913338692354548,9972.044519997471,-5574.0540115463045
5,0.3,0.1,0.09692611862355324,0.1,0.09468899667564401,1.0,0.7827079713880384,10045.289560598267,-5607.4198460050875
6,0.3,0.1,0.10439052006560623,0.1,0.10296691503560808,1.0,0.7995283041146837,9979.920569623066,-5586.012223468592
7,0.3,0.1,0.0975338101752119,0.1,0.09719601988547973,1.0,0.8603721344500995,10101.704696896648,-5586.395438937267
8,0.3,0.1,0.09779129518931226,0.1,0.0984108454277918,1.0,0.9691158292634494,10057.102682054587,-5544.735636981768
9,0.3,0.1,0.09585663940383904,0.1,0.09610164354358514,1.0,0.8937784768679822,10044.579429640804,-5510.453342925943
10,0.3,0.1,0.1018986536509927,0.1,0.09848988120860351,1.0,0.8493171495120734,9978.034029682518,-7017.898718146892
11,0.3,0.1,0.09575591325700668,0.1,0.09596687444133013,1.0,0.8097987648144306,10057.321684087741,-5583.031403401441
12,0.3,0.1,0.09990076988604212,0.1,0.1010424726942651,1.0,1.0159484436950523,9926.60473369378,-5657.512022831807
13,0.3,0.1,0.10056165741106397,0.1,0.1008073077984153,1.0,0.8113146776546546,9945.904428166907,-5702.720050618393
14,0.3,0.1,0.09987191627831087,0.1,0.09751547669441613,1.0,0.8672686156171833,9961.59701233173,-5617.682507970406
15,0.3,0.1,0.10128860364934854,0.1,0.09438869809796954,1.0,0.736838123044981,10044.004388888494,-5629.407621913226
16,0.3,0.1,0.09664689511654687,0.1,0.09329075888843257,1.0,0.8563632070215185,9942.261249510255,-5575.97612911118
17,0.3,0.1,0.1067063418820042,0.1,0.10535383179112633,1.0,0.7858535781181922,9967.882328751848,-5564.35263709066
18,0.3,0.1,0.09957074958105433,0.1,0.09652804408516363,1.0,0.9759515140647113,9952.320764235512,-5586.302593554539
19,0.3,0.1,0.09523294963179117,0.1,0.09421655769065504,1.0,0.8228889155607876,10021.955651045115,-5592.210330955193
20,0.3,0.1,0.09722101703067776,0.1,0.09595271230397896,1.0,0.831966699898514,9978.119058541315,-5632.886331991378
1,0.3,0.1,0.09265312076169643,0.1,0.09280508286355703,1.5,1.385885950848889,9979.799966525463,-5661.6328215836065
2,0.3,0.1,0.0984767983881195,0.1,0.0967860175730459,1.5,1.3889580374341315,9969.886037483697,-6835.83151785805
3,0.3,0.1,0.10365533279316541,0.1,0.10265938723807172,1.5,1.3442918442236025,9969.56213429858,-6281.614794384716
4,0.3,0.1,0.09271552475903944,0.1,0.09057210700432135,1.5,1.3447316848574093,10035.38509972854,-5725.059257609661
5,0.3,0.1,0.10436896521721103,0.1,0.10013703616351112,1.5,1.1972725148446695,10050.916340665179,-5669.966757305596
6,0.3,0.1,0.10185155430505438,0.1,0.09620316474537015,1.5,1.2210684319907519,10076.308237121802,-5630.1931104979285
7,0.3,0.1,0.09423123642949069,0.1,0.09299194329902176,1.5,1.3246527968508377,10023.182904032703,-5628.950167919322
8,0.3,0.1,0.1022397634219388,0.1,0.1015105730971335,1.5,1.363205196535771,9973.599491822168,-5780.865584890963
9,0.3,0.1,0.10079876263749803,0.1,0.09811839052739123,1.5,1.3461593932498241,9956.307457269993,-5730.794863835906
10,0.3,0.1,0.0915206392418523,0.1,0.08597288553320656,1.5,1.2388643732554787,10112.102948640772,-5684.545027675096
11,0.3,0.1,0.11144051166341562,0.1,0.11300526107876706,1.5,1.2859696541209293,9910.615069035499,-5639.395662431298
12,0.3,0.1,0.09668173216853448,0.1,0.09323212617124961,1.5,1.32209867198403,9993.899486707027,-5718.583630589446
13,0.3,0.1,0.10264895017950486,0.1,0.0996592097492307,1.5,1.3236937909324156,9953.77799276653,-5647.116903723754
14,0.3,0.1,0.09696903029928233,0.1,0.09289432130608426,1.5,1.251399786177879,10083.09712677918,-5691.25318382903
15,0.3,0.1,0.10129640229097911,0.1,0.10072893544423193,1.5,1.2882769866559305,9917.390045622727,-5655.861549307389
16,0.3,0.1,0.09801407464284932,0.1,0.09277631350422615,1.5,1.2949392795072843,9990.345822019404,-7389.8880261817
17,0.3,0.1,0.09549211285176731,0.1,0.09494748571547008,1.5,1.4850849066909801,9988.74610144501,-5655.305864764596
18,0.3,0.1,0.10001609366638281,0.1,0.09678693953553605,1.5,1.287253723968895,9937.623399616159,-5638.6790801307725
19,0.3,0.1,0.09970234000946036,0.1,0.1008058286710991,1.5,1.4752904442085204,10039.631440911902,-5731.872019079032
20,0.3,0.1,0.10249688546861159,0.1,0.09945660596561133,1.5,1.4317068456338684,9904.425118387588,-5716.285745133673
1,0.3,0.1,0.0946016907213467,0.2,0.19102438436820435,0.5,0.42717323368209326,10075.30644951954,-4759.901501860794
2,0.3,0.1,0.10297196058136994,0.2,0.2086781431940825,0.5,0.4217319892635864,10009.259686552807,-4771.399974270716
3,0.3,0.1,0.10176955554165262,0.2,0.19783341455138423,0.5,0.4265151191527531,9988.230332312334,-4703.808442792713
4,0.3,0.1,0.09514118941883352,0.2,0.19031463486835837,0.5,0.4783553233881262,9984.897045403406,-4743.271933578017
5,0.3,0.1,0.09606815360861891,0.2,0.1910539702768763,0.5,0.4890316226457536,10145.290794402732,-4684.174976621132
6,0.3,0.1,0.10193502432763542,0.2,0.18898886117523053,0.5,0.43494822143611084,9970.403656320123,-4663.023846828401
7,0.3,0.1,0.09706239394395849,0.2,0.19954445990369263,0.5,0.4630873401321569,10093.524792304182,-4701.139744887729
8,0.3,0.1,0.09979194210318178,0.2,0.1928667531613929,0.5,0.3768327567566212,9975.212334296775,-4714.637175203134
9,0.3,0.1,0.1031865297326441,0.2,0.20346115408714807,0.5,0.42639793916005847,10004.655716412437,-4664.140489780872
10,0.3,0.1,0.09856348611947142,0.2,0.1917108668190323,0.5,0.41144623120345963,9964.549131943113,-4621.317852440896
11,0.3,0.1,0.09806805411149162,0.2,0.19259645999884217,0.5,0.4560115681904869,10028.153149237052,-4697.648568054023
12,0.3,0.1,0.10455920240078474,0.2,0.20664304565727112,0.5,0.4245136334291351,9883.91654587651,-4709.0316589316035
13,0.3,0.1,0.10119610281538784,0.2,0.20193578875233037,0.5,0.4484841631345314,10020.748148747976,-5357.929460966418
14,0.3,0.1,0.09824031849146653,0.2,0.19277662196702777,0.5,0.430142782616277,9979.888545021222,-4793.048249045574
15,0.3,0.1,0.10773795697486699,0.2,0.2082956344238634,0.5,0.4035075214196308,9956.454032279755,-6101.487896739639
16,0.3,0.1,0.10107316692592426,0.2,0.1969836222278511,0.5,0.41830116016813335,9970.942301812587,-4663.633624077605
17,0.3,0.1,0.09943242104351406,0.2,0.19296984849269988,0.5,0.43148123017770484,9997.72245191478,-5726.023286028139
18,0.3,0.1,0.10153296678076715,0.2,0.20017295830541504,0.5,0.42200338966261286,9918.87816220497,-4712.8076666769075
19,0.3,0.1,0.09836698565450883,0.2,0.19631130303675665,0.5,0.4746829446963964,10025.521322303171,-5092.744175076374
20,0.3,0.1,0.09828477661230337,0.2,0.1942689718838749,0.5,0.5123497550679567,10098.472429662039,-4657.67261523824
1,0.3,0.1,0.10026835008247338,0.2,0.21274341373378525,1.0,0.9521187033638898,9961.377689664527,-5080.664846481602
2,0.3,0.1,0.09725032857535658,0.2,0.19050514354980452,1.0,1.0558299924596015,10057.350662455287,-5188.544533414288
3,0.3,0.1,0.10368367572995559,0.2,0.18724879143696527,1.0,0.838087395340788,9975.383939408963,-5090.319108384288
4,0.3,0.1,0.10047681314165133,0.2,0.1970194586255925,1.0,0.9415703100313975,10008.073850470913,-5013.906156195004
5,0.3,0.1,0.09883565234935879,0.2,0.19674379986829965,1.0,0.9603445274480709,9961.051238179267,-5039.862907711207
6,0.3,0.1,0.09863565420381784,0.2,0.20155688831565266,1.0,0.928133995427046,9953.307044597264,-6059.1296503320755
7,0.3,0.1,0.09681668193478964,0.2,0.18976083447661765,1.0,0.9236696521724549,10041.54665565901,-5669.478331282982
8,0.3,0.1,0.09994229748641514,0.2,0.1908682921496639,1.0,0.8918019299171696,9954.96124849895,-5053.480089706214
9,0.3,0.1,0.09848989566281212,0.2,0.21009063804030156,1.0,0.9923605850924935,9975.217755756146,-5216.667932226566
10,0.3,0.1,0.10415211542152936,0.2,0.20139983341102333,1.0,0.8750269971456967,9886.165539756708,-5182.409922782649
11,0.3,0.1,0.09538472069511708,0.2,0.18998080577246493,1.0,0.9179867960966683,10058.466316149947,-5109.135067910589
12,0.3,0.1,0.09639452493030451,0.2,0.19372140445438113,1.0,0.9579521547497175,9994.579598975757,-5060.030098857804
13,0.3,0.1,0.09605677318349269,0.2,0.19084601947173974,1.0,1.042094629466564,10076.01958828337,-4947.0935029783395
14,0.3,0.1,0.09470973595041918,0.2,0.1892725862386207,1.0,1.046541494179822,10040.436323891052,-4987.657372941501
15,0.3,0.1,0.09402189446843387,0.2,0.1843572005030191,1.0,0.9454409673211803,9994.504218864788,-5148.372099759383
16,0.3,0.1,0.09904145028581052,0.2,0.18923584993129308,1.0,0.8730038023773716,10032.237784796138,-5406.673964469661
17,0.3,0.1,0.0979864129020738,0.2,0.19412436389095497,1.0,0.9259033090034009,10010.730394659146,-5043.92895577444
18,0.3,0.1,0.10957580697329779,0.2,0.21703110864059041,1.0,0.839408965676248,9950.188847728576,-5030.810214810566
19,0.3,0.1,0.09682346553674197,0.2,0.2002241440987691,1.0,0.9542949143816467,9962.382718340074,-5044.86451597797
20,0.3,0.1,0.09598203927868888,0.2,0.19769162581355032,1.0,0.9231691631701133,10040.34421131787,-5046.925613407309
1,0.3,0.1,0.10001611684805924,0.2,0.1794265812172121,1.5,1.2836831406022071,10041.328797672184,-5326.261972549423
2,0.3,0.1,0.09643441967552693,0.2,0.20194260365151095,1.5,1.6686536919649,9955.032374040624,-5257.431732495464
3,0.3,0.1,0.10462298830901184,0.2,0.19615231830524466,1.5,1.3133227572515322,9999.727628458051,-5267.820681147214
4,0.3,0.1,0.10240092488662207,0.2,0.1888581199900266,1.5,1.330017131033126,9973.225909963934,-5305.309761904937
5,0.3,0.1,0.10557866005470025,0.2,0.2063580999968339,1.5,1.2911481568376253,9943.537553073009,-5271.261004005575
6,0.3,0.1,0.09895585702711039,0.2,0.18956371520378443,1.5,1.3255595746217064,10069.317260739102,-5245.16625702491
7,0.3,0.1,0.1034733564215051,0.2,0.19612143059207593,1.5,1.3053966209975298,9923.344968091367,-5266.908755638315
8,0.3,0.1,0.10348309565705305,0.2,0.20062963751065857,1.5,1.3332625817424137,10065.124163754432,-5573.251675843399
9,0.3,0.1,0.09881485735042014,0.2,0.19720728811792076,1.5,1.5623746623361783,10031.037703544678,-5248.428775318143
10,0.3,0.1,0.11057289289886112,0.2,0.22889665703008413,1.5,1.3605002150747514,9802.174947226536,-5267.058213106205
11,0.3,0.1,0.10231582452946687,0.2,0.22069827165374442,1.5,1.5251912608263587,9922.697152936218,-5274.138735667185
12,0.3,0.1,0.10150595832932865,0.2,0.19576256761368874,1.5,1.294202671817853,10107.29268790194,-6583.570223050011
13,0.3,0.1,0.09966290966330926,0.2,0.19438169366623642,1.5,1.4279990796803792,9951.647054585701,-5372.943620463528
14,0.3,0.1,0.09551362273894498,0.2,0.20655639718436206,1.5,1.609609418290618,9982.177986984088,-5361.733486560368
15,0.3,0.1,0.10454162363353921,0.2,0.19733610145233416,1.5,1.2856260847637222,10031.344486145334,-5300.530425988489
16,0.3,0.1,0.10017448159786786,0.2,0.20083523095727418,1.5,1.439490318260407,9905.498110670793,-5248.631656063462
17,0.3,0.1,0.09422181889164197,0.2,0.18497448123369217,1.5,1.4691760918488166,10073.968352133244,-5302.386547865737
18,0.3,0.1,0.08888329843244852,0.2,0.2078042144782349,1.5,1.7786262498600773,10030.15392772474,-5286.086520577295
19,0.3,0.1,0.10640926408645193,0.2,0.2050849086460036,1.5,1.2522859310916452,9998.191435502134,-5347.700913090301
20,0.3,0.1,0.10232266176256516,0.2,0.19570884342325054,1.5,1.3147354162000702,10036.962096728965,-5223.033696019781
1,0.3,0.1,0.09219496246621195,0.3,0.2932778024591372,0.5,0.527878210228846,10112.599527024502,-4195.882337312462
2,0.3,0.1,0.10575759784691459,0.3,0.31523152622504724,0.5,0.4435619536680689,9884.485322166565,-4183.633906668667
3,0.3,0.1,0.0999120437081724,0.3,0.2983926533320448,0.5,0.48694424747326787,9965.612291289824,-4124.322866364508
4,0.3,0.1,0.0969625802433163,0.3,0.296518920744471,0.5,0.4789987098405729,10018.90285362666,-4618.183239419924
5,0.3,0.1,0.10564390156815495,0.3,0.28981506685360736,0.5,0.41408917333582035,9968.501508337116,-4161.1752006807
6,0.3,0.1,0.09954941711854473,0.3,0.3052157104174512,0.5,0.4728883432286278,10002.380450034065,-4164.478099764201
7,0.3,0.1,0.10045409481773686,0.3,0.2673023881315833,0.5,0.40641851616755276,10069.374558265721,-4307.795148102135
8,0.3,0.1,0.10436792907133002,0.3,0.3025380373646596,0.5,0.3726468458858362,9892.353661199739,-5171.41609997743
9,0.3,0.1,0.10122544155226151,0.3,0.28410552493267466,0.5,0.4377295627797121,10023.324992351272,-4177.750244390499
10,0.3,0.1,0.1028744911792998,0.3,0.3051869546359457,0.5,0.4509155348221207,10011.39569720219,-4200.68862773294
11,0.3,0.1,0.09979001716093451,0.3,0.3063881540090165,0.5,0.5035045748055815,9941.905779278788,-4126.596087417299
12,0.3,0.1,0.1050648899092685,0.3,0.309826278068561,0.5,0.4339948994609465,9890.131332748297,-4492.025250423485
13,0.3,0.1,0.10160401002568692,0.3,0.3047459875762945,0.5,0.460307683645844,9932.9657370662,-4195.4131008064915
14,0.3,0.1,0.0931083700960716,0.3,0.28557155638945836,0.5,0.5246953825882202,10031.333134395776,-4220.767856580689
15,0.3,0.1,0.09878851716829211,0.3,0.303732674855359,0.5,0.5106486543971029,9888.296773602333,-4145.133199480795
16,0.3,0.1,0.09996676492844371,0.3,0.2904964936091821,0.5,0.4671497978833096,9993.44575247664,-4149.930187494658
17,0.3,0.1,0.10125063131451742,0.3,0.30237827152044816,0.5,0.5229509102616295,9898.134077300549,-4143.491010239972
18,0.3,0.1,0.09890230677412323,0.3,0.29698524993234104,0.5,0.46872009568633716,9969.46084601179,-4143.137155348277
19,0.3,0.1,0.09916953921756663,0.3,0.28615383518306686,0.5,0.4562125004492272,9988.573690830784,-4187.158181021242
20,0.3,0.1,0.1006647610083472,0.3,0.29706325360445546,0.5,0.4522890411451188,9987.64971304884,-5026.99982027765
1,0.3,0.1,0.1020416942052103,0.3,0.2896243189954586,1.0,0.9159963775426725,9996.63375627768,-4790.540338938815
2,0.3,0.1,0.10209374194522852,0.3,0.2920471152435682,1.0,0.862250137356705,9974.054821533482,-4780.557552867847
3,0.3,0.1,0.08661482840806996,0.3,0.3152483954688264,1.0,1.2118509326449738,10065.010385582973,-4752.006265695929
4,0.3,0.1,0.09423337997053129,0.3,0.29615078016105045,1.0,1.0253253640923923,10050.169931231276,-4715.095994555971
5,0.3,0.1,0.09472239111269842,0.3,0.2923802044209996,1.0,1.019391028245872,10020.485208057908,-5832.282452176905
6,0.3,0.1,0.09751985919344588,0.3,0.30369470919517727,1.0,0.9279768565859308,9991.902983627511,-4705.128671197684
7,0.3,0.1,0.10179763115833235,0.3,0.3186145172321369,1.0,0.960136824533281,9867.78787033174,-4822.223256672902
8,0.3,0.1,0.09432284590786656,0.3,0.29232712009268447,1.0,1.0577121597064338,10068.544018897372,-5145.392256835204
9,0.3,0.1,0.10166416904570191,0.3,0.2818800836270125,1.0,0.8412906266263278,10024.960832904288,-4999.882189810654
10,0.3,0.1,0.09581794371772848,0.3,0.30692371092770615,1.0,1.0465108291186414,10006.36219462861,-4761.742145327517
11,0.3,0.1,0.10921956926610876,0.3,0.31530654266256036,1.0,0.8741698528756298,9830.97257067076,-5203.039747978426
12,0.3,0.1,0.10790426990224461,0.3,0.29125780594363343,1.0,0.8491416547590726,9923.259618520533,-5236.047426562758
13,0.3,0.1,0.10491475544136424,0.3,0.26711593068971046,1.0,0.8328041678225591,9983.364010848176,-4805.783180862194
14,0.3,0.1,0.10655029629660041,0.3,0.29619230713043576,1.0,0.8489251657946526,10007.151432476352,-5655.951081672059
15,0.3,0.1,0.10131034730436843,0.3,0.30296041959936415,1.0,0.946089130936341,9962.456203313594,-4796.438788095506
16,0.3,0.1,0.09170614172569191,0.3,0.29301655024906315,1.0,1.0536099732943736,10036.064613938497,-4817.590511237467
17,0.3,0.1,0.09733360162706786,0.3,0.2745248951469798,1.0,0.918464814275559,10136.683688879262,-5088.425558960083
18,0.3,0.1,0.09158795022274199,0.3,0.2829002543023309,1.0,1.058666880554074,10027.869861445493,-4779.235836823287
19,0.3,0.1,0.10220872067262499,0.3,0.29294284685694,1.0,0.9120188152063932,9958.641279471782,-4778.60044653733
20,0.3,0.1,0.10679850640441219,0.3,0.26339004775297864,1.0,0.7682229659386306,9999.827379236003,-4861.076883750361
1,0.3,0.1,0.10276172358608078,0.3,0.2867893445483374,1.5,1.3260824351282974,9980.64574758243,-5119.4710535741315
2,0.3,0.1,0.1005944863262784,0.3,0.281123694646948,1.5,1.3384247943964471,10032.50380924257,-5270.131708963951
3,0.3,0.1,0.09559235221724922,0.3,0.29594569541806837,1.5,1.5555274161652608,10011.945048652533,-5131.759008134098
4,0.3,0.1,0.10258374242776017,0.3,0.29889333520496913,1.5,1.3756853388937291,9996.229359687179,-5463.408129439533
5,0.3,0.1,0.10784412837205626,0.3,0.310283178940145,1.5,1.287855354634736,9954.818686278197,-5118.10345808579
6,0.3,0.1,0.10624806033010673,0.3,0.2968649020819066,1.5,1.2625233709904164,9920.184901985942,-5056.928560316739
7,0.3,0.1,0.10345191693958085,0.3,0.2864575354984517,1.5,1.3688793733162727,10022.363315154345,-5048.920816275671
8,0.3,0.1,0.09867588060516247,0.3,0.2835005583049623,1.5,1.4409637068666454,10045.61247139014,-5112.804085840005
9,0.3,0.1,0.10214387700876969,0.3,0.2864475372747029,1.5,1.393917003243224,9989.172791517116,-5126.317484971236
10,0.3,0.1,0.10334924044194561,0.3,0.3165963897275237,1.5,1.4131312791587636,9926.700705073974,-5132.231850604993
11,0.3,0.1,0.09730767482226345,0.3,0.2902789524673605,1.5,1.4301579497523393,9980.77483970877,-5180.007018013852
12,0.3,0.1,0.09972041388256572,0.3,0.29836550938835216,1.5,1.4737475107241873,10032.971879644729,-5208.524001736206
13,0.3,0.1,0.09859204055782654,0.3,0.28503251615659964,1.5,1.4337335884134879,9998.256761346966,-5106.039616593149
14,0.3,0.1,0.10044354480935165,0.3,0.2973230887447205,1.5,1.4068253746151897,9942.907432350978,-5715.4965364949
15,0.3,0.1,0.10387449074549233,0.3,0.28572781005946435,1.5,1.3091371349501928,10053.69878323816,-5263.577439475695
16,0.3,0.1,0.08924442274262444,0.3,0.2798083326357905,1.5,1.640575883384276,10135.154332501601,-5571.773904570506
17,0.3,0.1,0.09985506465811946,0.3,0.2921464429591774,1.5,1.470944093091844,9984.093940340184,-5149.020799337401
18,0.3,0.1,0.10072683309650433,0.3,0.28387269749729405,1.5,1.349564165875469,10034.165511762922,-5130.46136580428
19,0.3,0.1,0.10390157479733834,0.3,0.2968878796447083,1.5,1.3795358497754218,9934.896109005038,-5705.219942117776
20,0.3,0.1,0.10308237388526177,0.3,0.29709639179596364,1.5,1.344662267196126,9985.716630051214,-5185.024525251083
1,0.3,0.25,0.2407142136532552,0.1,0.10031772937246743,0.5,0.5269911982777191,10005.479010119996,-5979.027825463051
2,0.3,0.25,0.25531562576436057,0.1,0.10262324212384594,0.5,0.34906373835797055,9895.399458412801,-8180.651581926642
3,0.3,0.25,0.26064027661546385,0.1,0.1009569930901242,0.5,0.3776961465708222,10067.868688199069,-5939.494227541349
4,0.3,0.25,0.2471334960611279,0.1,0.09893949095601917,0.5,0.3323056484132884,10014.741972987473,-5840.968113276398
5,0.3,0.25,0.24003898677823093,0.1,0.09702135446480456,0.5,0.3504759142338153,10072.97195017066,-5850.588564074025
6,0.3,0.25,0.2453391749087956,0.1,0.09589351178620349,0.5,0.3111679531525913,10010.899972826388,-7969.185495029542
7,0.3,0.25,0.2506378820898914,0.1,0.10113819266588873,0.5,0.3663174728067351,9982.457886141545,-5958.9188244241195
8,0.3,0.25,0.24583035446965779,0.1,0.10034225111681323,0.5,0.34915700310841347,9955.861871157025,-5878.510619067429
9,0.3,0.25,0.2461081801868024,0.1,0.09849239447812634,0.5,0.36210071536162963,10070.612125410564,-5923.01583949551
10,0.3,0.25,0.24517177714214688,0.1,0.10304421194665352,0.5,0.5030990438931927,9948.437348726982,-5867.950343859064
11,0.3,0.25,0.24763669590769538,0.1,0.10092696561367306,0.5,0.47463392115838526,9955.287336268984,-5867.612808970006
12,0.3,0.25,0.23018153648047304,0.1,0.09172772806808904,0.5,0.36233482600327366,10119.890303943124,-5853.660067547505
13,0.3,0.25,0.23948328991666837,0.1,0.09322457602208921,0.5,0.23012990881609488,9979.096673207923,-5874.738228751208
14,0.3,0.25,0.25272409258429196,0.1,0.1028289702281096,0.5,0.4716912206785217,9994.521941220191,-5961.262343230803
15,0.3,0.25,0.250002176398287,0.1,0.10038317539060658,0.5,0.5482688510263337,9912.362824239088,-5873.3471745647785
16,0.3,0.25,0.255060734892607,0.1,0.10195756798087209,0.5,0.4841297637773771,9930.07183029231,-6618.476038192486
17,0.3,0.25,0.23785940884458176,0.1,0.09539431517086812,0.5,0.3539558598520062,9991.970567151688,-6427.0435038941205
18,0.3,0.25,0.23344292627825158,0.1,0.0939344893114612,0.5,0.28365696405614227,10037.865784340205,-5886.094060964926
19,0.3,0.25,0.22950159190165617,0.1,0.09134168290124056,0.5,0.350942514550561,10145.112411631202,-5884.040098479654
20,0.3,0.25,0.2589134993434032,0.1,0.10288336765569744,0.5,0.5346220178757031,9987.04741311298,-5891.300558143209
1,0.3,0.25,0.23658187410590606,0.1,0.09600072692951966,1.0,0.9063685653762552,10062.561995208545,-5964.918953295859
2,0.3,0.25,0.2557088630558501,0.1,0.10240011427378146,1.0,0.7420225532135725,10060.170641388155,-5809.081545318502
3,0.3,0.25,0.25177709525752134,0.1,0.09806013402693849,1.0,0.5417638120901973,10026.338019242863,-5923.159046504246
4,0.3,0.25,0.23834093582396904,0.1,0.09510216804528121,1.0,0.8564121017467548,10084.879755214237,-7794.423091522555
5,0.3,0.25,0.24792686607800615,0.1,0.09658010365406332,1.0,0.7633065984615457,10073.560869019693,-5903.964052067697
6,0.3,0.25,0.24884691662117137,0.1,0.09848151839532762,1.0,0.7968965231445737,10020.72901794748,-5859.297959758687
7,0.3,0.25,0.24065648453662525,0.1,0.09435409428014079,1.0,0.6353151323562118,9939.343198384155,-5835.188007480983
8,0.3,0.25,0.24438724891149027,0.1,0.09846462034202046,1.0,0.8112824024596194,10111.800168806025,-6064.041023248331
9,0.3,0.25,0.24871277427955527,0.1,0.09792028049087326,1.0,0.8846570900424765,10010.369526521301,-5921.360994542413
10,0.3,0.25,0.24949360330151987,0.1,0.09809217833984582,1.0,0.9147325363766,9995.302462753267,-5821.848479039574
11,0.3,0.25,0.2461837890921681,0.1,0.0973901512044986,1.0,0.8464114762245343,9974.287063290036,-5865.694884542336
12,0.3,0.25,0.24958881395735877,0.1,0.09421551392301244,1.0,0.6582993816241252,10002.501018945397,-5894.803783000386
13,0.3,0.25,0.25837864167006974,0.1,0.09788062128841202,1.0,0.5790713363167493,9958.25780296665,-5841.930732199155
14,0.3,0.25,0.23402072560757883,0.1,0.09388872659938592,1.0,1.0533949542016818,10104.179007174604,-6364.183079217735
15,0.3,0.25,0.25642161046781703,0.1,0.10243898965656989,1.0,0.8862817398654143,9964.069009034469,-7535.46834744009
16,0.3,0.25,0.2398517165210202,0.1,0.09623625905618646,1.0,0.804315203457964,9970.152850648421,-5929.883219503504
17,0.3,0.25,0.22641441174183607,0.1,0.0869841895963868,1.0,0.8308587814708581,10120.73208559035,-5951.968291750508
18,0.3,0.25,0.2484968761478756,0.1,0.09740434781971263,1.0,0.7443480213637622,9924.206616249792,-5879.842945446235
19,0.3,0.25,0.24593067470565894,0.1,0.09902639759967675,1.0,0.8452450047393135,9985.897483943256,-5849.616759028015
20,0.3,0.25,0.24709542557602407,0.1,0.09886135674892316,1.0,0.7795245236480081,10030.199296365357,-6007.759046084699
1,0.3,0.25,0.2475078100985884,0.1,0.09775412809147382,1.5,1.5340286813278938,9973.645706252883,-5880.971634376616
2,0.3,0.25,0.24101334172857417,0.1,0.09270377224703169,1.5,1.1944007606261928,10030.043229914592,-6651.121554631686
3,0.3,0.25,0.25067575127669267,0.1,0.0974182927375067,1.5,1.2065727879589156,10024.069187050824,-8347.469053925866
4,0.3,0.25,0.2430006408724418,0.1,0.09624469910258325,1.5,1.2697381808042916,9954.357574698657,-5881.001758809591
5,0.3,0.25,0.24116013482299795,0.1,0.09508537974770319,1.5,1.27559893657491,9980.63228805398,-5950.438513497918
6,0.3,0.25,0.2650181664647576,0.1,0.10296581443205957,1.5,1.1658616489220988,9916.595738846478,-6110.223113423039
7,0.3,0.25,0.2391952427871744,0.1,0.09704196140648336,1.5,1.2852409972816163,10218.079919003867,-5842.782401393523
8,0.3,0.25,0.24124858736990135,0.1,0.09331736515916886,1.5,1.1629369782315147,10074.851049716177,-5972.151940698317
9,0.3,0.25,0.2507396267863094,0.1,0.10190795538825524,1.5,1.5426205132469197,9938.032834130274,-5836.707053896827
10,0.3,0.25,0.250836067186619,0.1,0.09850478316171632,1.5,1.3143800698039523,9999.398010690004,-5920.477107204329
11,0.3,0.25,0.24662575328846142,0.1,0.09857399083103599,1.5,1.2416241414183955,10058.707087520557,-5951.415724833332
12,0.3,0.25,0.24129966490928467,0.1,0.09715934747144145,1.5,1.3570145081174183,10002.9970346289,-7131.53256844127
13,0.3,0.25,0.22220870341645665,0.1,0.08986916218407766,1.5,1.2818026629350707,10101.649481053388,-5875.409445624147
14,0.3,0.25,0.26276320411113324,0.1,0.10044553955524799,1.5,1.1587889894030636,9948.46882524155,-6814.235129164013
15,0.3,0.25,0.23955504751092643,0.1,0.09408138144336692,1.5,1.2445090082962005,10021.870832792585,-5871.780388237985
16,0.3,0.25,0.25469197031420604,0.1,0.100378048106024,1.5,1.2935162066896715,9940.195951177993,-6156.134013290039
17,0.3,0.25,0.2513848372853085,0.1,0.10109436810332866,1.5,1.2496402696279008,10001.217779059263,-5933.778190500287
18,0.3,0.25,0.2550576865411396,0.1,0.10179927903151635,1.5,1.2355149686959785,9955.026063029656,-5867.880959553695
19,0.3,0.25,0.25337353724855705,0.1,0.09778576621249324,1.5,1.1734311086604294,10035.356017335858,-8578.553538220272
20,0.3,0.25,0.24224973387630624,0.1,0.096097551292339,1.5,1.2916131355072418,10056.651661880842,-5804.155814865467
1,0.3,0.25,0.24416285407125665,0.2,0.19675165174895898,0.5,0.4074593975611097,9947.55734905902,-5767.044983390723
2,0.3,0.25,0.2521076746004374,0.2,0.19593000876044742,0.5,0.4703219768783355,9917.23934404275,-5770.780684016398
3,0.3,0.25,0.2717825761290181,0.2,0.210314596431301,0.5,0.4418769423950287,9869.783815472605,-5809.918776461157
4,0.3,0.25,0.23490967807960828,0.2,0.19088087928698513,0.5,0.4462047821875243,10077.80887334423,-5749.0742392628135
5,0.3,0.25,0.2591422373877683,0.2,0.20097897966525385,0.5,0.4274432222447781,9997.707475538513,-5756.296930085605
6,0.3,0.25,0.24737423430529384,0.2,0.19889064602595144,0.5,0.42863664130575574,9959.79945681306,-5877.603855656978
7,0.3,0.25,0.25501367650467094,0.2,0.1993009152616133,0.5,0.4273634464534777,9952.25499268032,-5777.721083866931
8,0.3,0.25,0.25405054132260824,0.2,0.19787987963346174,0.5,0.41426767154631117,9943.825719407108,-7686.28818545427
9,0.3,0.25,0.24088627583406427,0.2,0.19384534780495039,0.5,0.4325319697836454,10102.43700754993,-5837.1486550593745
10,0.3,0.25,0.24432821165129098,0.2,0.19300934098134312,0.5,0.4305620928544113,10012.805579211816,-6081.722733798119
11,0.3,0.25,0.23871895639656232,0.2,0.1837149468888315,0.5,0.34749004740386835,10074.00152117255,-5826.343445727329
12,0.3,0.25,0.25276407866306155,0.2,0.19511802930832414,0.5,0.41511957839431163,9951.060523614695,-7374.787800546095
13,0.3,0.25,0.2505939863387265,0.2,0.196036533217612,0.5,0.3591614164853411,10008.432083010624,-5823.968076070392
14,0.3,0.25,0.23595435693526323,0.2,0.1805950212913818,0.5,0.38625707544266447,10150.620231672443,-5978.941067114398
15,0.3,0.25,0.24366857492206323,0.2,0.19447278040373292,0.5,0.44303564577470905,10053.02329489697,-5782.312273710271
16,0.3,0.25,0.25373900039919295,0.2,0.19398972134660297,0.5,0.34331022649248466,9959.155502801834,-5779.331127946593
17,0.3,0.25,0.24071112160185035,0.2,0.19622276885214107,0.5,0.37741210974418765,10072.43705815181,-7621.216055619366
18,0.3,0.25,0.24587374769270276,0.2,0.19586656314580858,0.5,0.40618727363336027,10088.324043897115,-5779.534389611523
19,0.3,0.25,0.25330294133579423,0.2,0.1974122908597412,0.5,0.39292836173266815,9998.95589761443,-5768.62045876574
20,0.3,0.25,0.25230449635866115,0.2,0.20092885851483966,0.5,0.4217029465980729,9970.947853967786,-6037.890694957611
1,0.3,0.25,0.2342108148087879,0.2,0.18848730680690345,1.0,0.9791508439755635,10061.543968279851,-5883.805807780525
2,0.3,0.25,0.25301959267132496,0.2,0.19804167366997238,1.0,0.812132873498296,10044.863338105208,-5917.94073900868
3,0.3,0.25,0.2405870510792323,0.2,0.1828625712815435,1.0,0.8418240737445638,10037.199167080893,-6015.0139778843
4,0.3,0.25,0.23142687527623912,0.2,0.17748069994396956,1.0,0.8011587337350418,10075.760695384075,-5839.631977343684
5,0.3,0.25,0.24183828216438286,0.2,0.19347355900028382,1.0,1.0048219710797848,10020.707228984245,-5909.80809146449
6,0.3,0.25,0.2670667431455098,0.2,0.20525399971998437,1.0,0.8462839644416816,9864.26070252397,-6089.813607604647
7,0.3,0.25,0.2619343299402699,0.2,0.19802016986998652,1.0,0.8065251129268779,10014.420681615018,-5913.701136963574
8,0.3,0.25,0.23911965977477026,0.2,0.18600470882694517,1.0,0.8675282455318898,10005.300523590498,-5889.547000940013
9,0.3,0.25,0.24562041392835587,0.2,0.19416328866307367,1.0,0.858449746254643,10028.783593613287,-6016.72355220807
10,0.3,0.25,0.24336907566309882,0.2,0.18899479522330187,1.0,0.9020696172815966,10036.35786952584,-5903.812645306765
11,0.3,0.25,0.25011667542812344,0.2,0.20391195647809485,1.0,1.019450812747708,10060.478951715822,-5913.98851167226
12,0.3,0.25,0.24682190692927988,0.2,0.18512537641510646,1.0,0.8335329695647385,10036.253292617877,-5961.158663353866
13,0.3,0.25,0.2500296643998863,0.2,0.18853800553482736,1.0,0.8079940530315723,10015.714946112157,-5903.249168047453
14,0.3,0.25,0.25668500458154314,0.2,0.20226969570771516,1.0,0.9054408921883237,9958.580677770155,-5847.642341564875
15,0.3,0.25,0.2538879252849229,0.2,0.1910800159195456,1.0,0.8657028435130927,9920.952664128874,-5835.589949065377
16,0.3,0.25,0.25548424730674657,0.2,0.20021869978730197,1.0,0.8820725463760011,9957.779246563705,-6986.629851633188
17,0.3,0.25,0.2508700146186468,0.2,0.1997884521786606,1.0,0.8935563769764769,10031.01268726362,-6140.928044918886
18,0.3,0.25,0.2562763021796585,0.2,0.2031189925430006,1.0,0.879157665905636,9917.543288604811,-7661.153507897006
19,0.3,0.25,0.2529468736763488,0.2,0.19762985880762685,1.0,0.8597242851534594,10009.626003737425,-5851.580947588807
20,0.3,0.25,0.25350342299313344,0.2,0.20656602616216987,1.0,0.9152725252665654,9985.748839535649,-5892.74552739103
1,0.3,0.25,0.2304027295646984,0.2,0.18318378380016098,1.5,1.5099622229572776,10172.025984902659,-5941.111752348112
2,0.3,0.25,0.24317356134992624,0.2,0.2015221533744567,1.5,1.4637769087418568,9980.814656936931,-6774.4964611323885
3,0.3,0.25,0.24307598211695455,0.2,0.17772288635327382,1.5,1.2085146328142853,10095.80289943117,-6008.409931623056
4,0.3,0.25,0.26329903511599934,0.2,0.19387843599184013,1.5,1.234472263954528,9900.334276856192,-6543.145958345088
5,0.3,0.25,0.2426461748275656,0.2,0.19377457474185236,1.5,1.504116381567529,10000.229082197684,-5971.818667145275
6,0.3,0.25,0.2533522314557381,0.2,0.19789044588779678,1.5,1.335375321016139,9936.418329086646,-5891.426029235696
7,0.3,0.25,0.243398132337219,0.2,0.19414550219455684,1.5,1.363676361565512,10011.318207513801,-6306.5748300416635
8,0.3,0.25,0.2563848668970651,0.2,0.18693279706178875,1.5,1.2369429594075896,10038.622800477247,-6953.81086707336
9,0.3,0.25,0.2614296504259815,0.2,0.19798094230632937,1.5,1.327961670541278,9902.87515339449,-6000.724798891417
10,0.3,0.25,0.2503570636558197,0.2,0.18328169287237514,1.5,1.2256880516326296,10059.753125691046,-5984.85849147311
11,0.3,0.25,0.2550526813760146,0.2,0.19492896964768044,1.5,1.2184811355810568,10038.07480160755,-5971.270426708441
12,0.3,0.25,0.2565108980613806,0.2,0.19630182359873463,1.5,1.3121948112787842,9960.281761287044,-5965.535458331527
13,0.3,0.25,0.2465089127124134,0.2,0.19041797369182756,1.5,1.2601438659267716,10069.544111731739,-5940.019203654889
14,0.3,0.25,0.2633765477717564,0.2,0.2064917058740321,1.5,1.3799422469290186,9857.740712859553,-5979.866997195892
15,0.3,0.25,0.2660028130297652,0.2,0.20670365278809855,1.5,1.3009953980656017,9848.285263946187,-5999.498259923701
16,0.3,0.25,0.25112350727376326,0.2,0.18805486204008975,1.5,1.2805280523889742,9968.949579304373,-6100.173221396683
17,0.3,0.25,0.264217485354122,0.2,0.19422788219553014,1.5,1.1533239349431021,10017.027140033226,-6033.660014095735
18,0.3,0.25,0.25948436535703495,0.2,0.19092353599526826,1.5,1.281671075339826,9959.939146983255,-5949.923076325241
19,0.3,0.25,0.25026784749075753,0.2,0.19561423591361699,1.5,1.3032087265073387,9952.510207452973,-6053.214245389125
20,0.3,0.25,0.2566424534340875,0.2,0.200647578341968,1.5,1.3973075843486866,9886.126409808794,-6002.410224195481
1,0.3,0.25,0.2537360589377727,0.3,0.30148060646139907,0.5,0.43483275742720906,9974.863490219677,-5513.402409358616
2,0.3,0.25,0.24749136179279668,0.3,0.2921294241136645,0.5,0.4076946077724782,10059.623228475992,-5512.504917539506
3,0.3,0.25,0.24883892136019845,0.3,0.2857367536130138,0.5,0.426079562473208,10088.367651823317,-5575.897544678341
4,0.3,0.25,0.2527938760107497,0.3,0.29693004650510096,0.5,0.4612349540436926,10016.186374254892,-5548.383728462526
5,0.3,0.25,0.2478220411667077,0.3,0.29419520290670614,0.5,0.4525771588549489,9983.361015907396,-6575.268241010353
6,0.3,0.25,0.25318022085217917,0.3,0.29846405309278323,0.5,0.43700706101236975,10019.13874253477,-5516.7868608044055
7,0.3,0.25,0.25436027577485026,0.3,0.2932740314132589,0.5,0.434404387816808,10034.800075344903,-5590.1676808127995
8,0.3,0.25,0.24203346621411512,0.3,0.2897102163769657,0.5,0.5063750256870988,10023.465658921197,-5574.62404396606
9,0.3,0.25,0.2464502833903357,0.3,0.28744672714809566,0.5,0.43951784348176604,10031.062410665667,-5624.716577084924
10,0.3,0.25,0.2552351387895598,0.3,0.2961904474177183,0.5,0.4219525187393625,9944.728833708821,-5576.3538779279515
11,0.3,0.25,0.2495926145400655,0.3,0.29925393679103074,0.5,0.4648814252739989,9955.046866186647,-5546.644381825886
12,0.3,0.25,0.2510826405663113,0.3,0.29453573599927785,0.5,0.48197143164595224,10036.341006061743,-7106.908481440833
13,0.3,0.25,0.24487757699873344,0.3,0.28252289213191395,0.5,0.4347026328764759,10057.111344136247,-5740.643849399843
14,0.3,0.25,0.24494720852840757,0.3,0.28209519486294005,0.5,0.467590229326659,10105.839896335525,-5798.817095474915
15,0.3,0.25,0.2605436313909987,0.3,0.3051276995831152,0.5,0.4181986393546829,9915.496061220389,-6022.348502717563
16,0.3,0.25,0.245178890794568,0.3,0.2766396725074055,0.5,0.4463689569152758,10007.915624895,-5535.356638174075
17,0.3,0.25,0.2545429279855374,0.3,0.264906445495928,0.5,0.3502681620536201,10109.048460397935,-5491.581145910459
18,0.3,0.25,0.24308342623546803,0.3,0.28597056491619083,0.5,0.4743736152352236,10106.941965990329,-5583.95436979166
19,0.3,0.25,0.24691317334292698,0.3,0.2896843102123838,0.5,0.4382454478604654,10073.479932547467,-5607.510162304196
20,0.3,0.25,0.24123246125610226,0.3,0.28971718441627237,0.5,0.42303209316888646,10119.509219016449,-7456.523454291756
1,0.3,0.25,0.24917524750845418,0.3,0.28778624170085604,1.0,0.966832820326287,10037.45366672833,-5711.098921695684
2,0.3,0.25,0.25073807732010284,0.3,0.28772096218470355,1.0,0.8952407745159651,9963.341219904747,-6766.781557204977
3,0.3,0.25,0.25651183897038593,0.3,0.28343642503426975,1.0,0.8422600556865222,9977.515941819742,-5764.896030951901
4,0.3,0.25,0.254118929361518,0.3,0.2929776775715682,1.0,0.880900343801539,9993.127384569709,-5893.785907910906
5,0.3,0.25,0.25396700302802866,0.3,0.292411544756503,1.0,0.9102947207291509,10008.300713215835,-5752.859678917766
6,0.3,0.25,0.24975716298480694,0.3,0.2983086471281436,1.0,0.9137267661743567,10003.400881280597,-5974.713316718244
7,0.3,0.25,0.2480245133304891,0.3,0.28319739512328246,1.0,0.9035921953722212,10021.296795293129,-5741.669746209915
8,0.3,0.25,0.24535699422383622,0.3,0.2891221536606344,1.0,0.9199353082800293,10037.56082001826,-5856.989685994016
9,0.3,0.25,0.25373543845255636,0.3,0.2848652120833596,1.0,0.8844440732488157,9992.677526286025,-6520.812573067447
10,0.3,0.25,0.2466006215802216,0.3,0.2850257017933022,1.0,0.9088601699588316,9996.469777866234,-5785.992708349288
11,0.3,0.25,0.239498761965359,0.3,0.28958348607775725,1.0,0.9980946866541828,10097.006940569196,-6201.770060677632
12,0.3,0.25,0.2590957228990501,0.3,0.26585398612236905,1.0,0.8188788923755639,10188.146467429118,-5789.009050112751
13,0.3,0.25,0.25506501004999926,0.3,0.2987734578458714,1.0,0.9218554486453872,9951.001064632297,-5988.710855732397
14,0.3,0.25,0.24551199679180954,0.3,0.29702037196382014,1.0,0.9495513037633065,10037.718998870034,-5736.708064247614
15,0.3,0.25,0.2446538582983828,0.3,0.27887567864001117,1.0,0.8921058375197031,10054.524642085871,-5769.424215171926
16,0.3,0.25,0.2460894867525945,0.3,0.2908697414078391,1.0,0.9727171608939116,10072.274237264248,-5724.805107250275
17,0.3,0.25,0.25292360031252814,0.3,0.2842170866959578,1.0,0.8817143779725359,10052.715763727452,-5838.218226745184
18,0.3,0.25,0.2621534721669193,0.3,0.28833797160156577,1.0,0.8800897577556985,9903.252226698753,-5784.81762955215
19,0.3,0.25,0.24652898954013994,0.3,0.29193151923411115,1.0,0.9396148505981315,10046.19913077716,-5887.161103500877
20,0.3,0.25,0.243078867836931,0.3,0.2761985932719497,1.0,0.8947481391151714,10110.382508658651,-5823.585549864145
1,0.3,0.25,0.253365579957705,0.3,0.28503638817313637,1.5,1.341051898414312,9972.765804202934,-5913.051385246528
2,0.3,0.25,0.25516362624353855,0.3,0.28098136881617614,1.5,1.3136429565671541,10036.826429287366,-5929.2657663412665
3,0.3,0.25,0.23845740033545657,0.3,0.2943222771296336,1.5,1.585138708124817,10179.619240485317,-5869.352239861896
4,0.3,0.25,0.25558230046030517,0.3,0.2885120513173962,1.5,1.36109770520901,9986.00443924388,-5900.205351425089
5,0.3,0.25,0.2755683259621554,0.3,0.27564205355938354,1.5,1.1506422067917914,9852.309865558995,-5964.460575889869
6,0.3,0.25,0.2425255071009715,0.3,0.2976126520903914,1.5,1.5116668512412101,10023.778458822222,-6199.335104136315
7,0.3,0.25,0.24933448116896775,0.3,0.2916745899476937,1.5,1.4674140817542332,9965.625367367627,-6070.286056973844
8,0.3,0.25,0.2610232973041969,0.3,0.29975981335869334,1.5,1.3596270501043646,10007.591879743813,-5903.242438634759
9,0.3,0.25,0.25576269205596763,0.3,0.2999151419132847,1.5,1.450908637899265,10000.273750725531,-6557.543642151943
10,0.3,0.25,0.2580603994052131,0.3,0.27867475659830043,1.5,1.2705482894228726,9999.123606823985,-5926.111518414553
11,0.3,0.25,0.2556823768354074,0.3,0.2912483156806053,1.5,1.3098809545037933,10015.64721577335,-5908.458193745617
12,0.3,0.25,0.2571316125858674,0.3,0.2880958805730016,1.5,1.3410571194961587,9970.695218164956,-5915.966275463084
13,0.3,0.25,0.2634500203936388,0.3,0.2837176373651317,1.5,1.287042926882271,10012.485340922427,-5885.467680122461
14,0.3,0.25,0.2480358488704881,0.3,0.30877441096646885,1.5,1.5453361938738264,9903.470029746228,-5798.261224455069
15,0.3,0.25,0.2553913972761907,0.3,0.297691392924812,1.5,1.3799855969647106,9929.9619918262,-7161.045901900202
16,0.3,0.25,0.2521721934214174,0.3,0.2890982094125897,1.5,1.3674904550696896,9947.541521241095,-5922.866908179619
17,0.3,0.25,0.25332719063092385,0.3,0.27871920146478746,1.5,1.3488771908071944,9977.356380423396,-5854.587118786884
18,0.3,0.25,0.25472609354768294,0.3,0.2971116293158759,1.5,1.3635860497574086,10058.558346666086,-6497.264243205353
19,0.3,0.25,0.26065044521688263,0.3,0.2829090245749876,1.5,1.2929964734781771,9993.587235436526,-7569.561733748249
20,0.3,0.25,0.2597887765859328,0.3,0.2957813534203782,1.5,1.3404558479170594,9997.965293142786,-6606.555169616109
1,0.3,0.5,0.4981364596699924,0.1,0.0982086491564507,0.5,0.264268315290237,9910.096730975598,-5659.062021745137
2,0.3,0.5,0.5063723621997402,0.1,0.1011000364944679,0.5,0.3426618824087431,10038.602340545009,-5680.918894811151
3,0.3,0.5,0.5108266254448833,0.1,0.09945738862665494,0.5,0.2660484430747972,9992.82403255443,-6254.618835754643
4,0.3,0.5,0.47164857723970816,0.1,0.0966170061326682,0.5,0.3991343197108424,9982.849860577411,-5676.717409934506
5,0.3,0.5,0.48361103609519185,0.1,0.09670840074277579,0.5,0.4488235849042552,10059.161863848956,-5609.633374595147
6,0.3,0.5,0.4867948671942362,0.1,0.09531159297461272,0.5,0.13180740027239055,10033.675950623096,-5656.1614123618765
7,0.3,0.5,0.5205288031397406,0.1,0.09946352757346023,0.5,0.236978134891049,10022.989438353674,-5676.568465074523
8,0.3,0.5,0.4942110641172968,0.1,0.10332614145024199,0.5,0.5584125806760006,10035.471798223198,-5617.98448155877
9,0.3,0.5,0.4852091346439194,0.1,0.1016689319626271,0.5,0.40413601433727064,9975.227171557912,-8135.709900291289
10,0.3,0.5,0.48808691324408854,0.1,0.0992328490184402,0.5,0.3815076645964055,9992.658980469694,-5685.5047933816895
11,0.3,0.5,0.4832215019081757,0.1,0.09972074763675866,0.5,0.5058330719831663,9981.571352565508,-7217.097269912624
12,0.3,0.5,0.48989498786230695,0.1,0.09643701354046141,0.5,0.3043160562900433,9965.53856785745,-5658.635576265514
13,0.3,0.5,0.5163186883131247,0.1,0.10485610179750463,0.5,0.34530006775908173,9962.083805727612,-5636.295658446758
14,0.3,0.5,0.4882759062623773,0.1,0.09996486466676871,0.5,0.5748009932152979,10007.08272817997,-5749.510336821267
15,0.3,0.5,0.5097349210601159,0.1,0.10168950688749273,0.5,0.34182732862794907,9892.05428899604,-5776.384554121129
16,0.3,0.5,0.5218005532794934,0.1,0.10724850192843684,0.5,0.3937751693405241,10022.138664455179,-5675.685808776022
17,0.3,0.5,0.5002920819487248,0.1,0.09948841172382697,0.5,0.2907194622334391,9969.278399280534,-5764.467052425186
18,0.3,0.5,0.48145801778033603,0.1,0.09798058780641902,0.5,0.36820054704433414,9993.195373277043,-5593.910040145305
19,0.3,0.5,0.48946544870408887,0.1,0.09821551672636639,0.5,0.4395926761866244,10025.111470698619,-5682.7131118592115
20,0.3,0.5,0.49742048072243267,0.1,0.09990800435156721,0.5,0.3275317814135653,9972.112608050264,-5760.85740914728
1,0.3,0.5,0.5045627980595015,0.1,0.10067263968904896,1.0,0.7827194678817053,9994.087752727773,-5674.556618805322
2,0.3,0.5,0.531366894830272,0.1,0.09864880112455138,1.0,0.7917729637867054,10036.985005662236,-5630.592712317202
3,0.3,0.5,0.4833445982711795,0.1,0.09843162732325583,1.0,0.9988927137636495,9994.91843578909,-5671.245705358833
4,0.3,0.5,0.5123903759179969,0.1,0.09776513279729128,1.0,0.4999402861746457,9934.335667600768,-6823.904657902209
5,0.3,0.5,0.5026168424545122,0.1,0.09910166684130427,1.0,0.6845129898203854,9945.638504596272,-5581.054137562328
6,0.3,0.5,0.48304830589481496,0.1,0.10027469934306936,1.0,0.9278231531526918,9999.881830241511,-5654.5963149187555
7,0.3,0.5,0.5346266872962326,0.1,0.0978757527583167,1.0,0.5279971818308576,9951.539383489579,-5649.273825210064
8,0.3,0.5,0.5119943420667912,0.1,0.0987407950944024,1.0,0.6240388844649108,9922.59602697499,-5659.622202286707
9,0.3,0.5,0.46674111277186314,0.1,0.09765070647232248,1.0,0.8832545380573078,10057.743271146845,-5639.479581545509
10,0.3,0.5,0.478444866083968,0.1,0.0963120926035133,1.0,0.9063286293257699,10083.592056863694,-5610.625873695494
11,0.3,0.5,0.47849289657071237,0.1,0.09712419728025841,1.0,0.769282056068948,10129.358470322317,-6699.459451527938
12,0.3,0.5,0.5206550493366283,0.1,0.09960033969587426,1.0,0.5860392563773613,9955.686665718426,-5671.012891764811
13,0.3,0.5,0.5069133935684196,0.1,0.10168069254929527,1.0,0.79817972368259,10042.521697190125,-5731.565015475041
14,0.3,0.5,0.5002322212020909,0.1,0.09687520638772633,1.0,0.689172193196702,10042.26276319761,-5610.225085128468
15,0.3,0.5,0.4829488589972152,0.1,0.09619243110116757,1.0,0.729076509737311,10068.341720105182,-6910.146698974071
16,0.3,0.5,0.49702636757157953,0.1,0.10034559998526478,1.0,0.7796726263734367,9990.47623611633,-5635.966314259435
17,0.3,0.5,0.5060938666362766,0.1,0.09978471360381302,1.0,0.6640716653648553,10000.010893383513,-5658.514989153629
18,0.3,0.5,0.4973506707449017,0.1,0.0969653763681934,1.0,0.7214345503242132,9984.473390977131,-5643.029759343012
19,0.3,0.5,0.47224560882720584,0.1,0.10021479234064525,1.0,0.8453140443739968,9980.453423541723,-5552.061183696222
20,0.3,0.5,0.4560644078949614,0.1,0.09346853583802671,1.0,0.7963598302665678,10104.078041218685,-5613.686062571891
1,0.3,0.5,0.5005830627106049,0.1,0.09864159899833437,1.5,1.38547945548924,9936.236242756928,-6407.051270293297
2,0.3,0.5,0.5091571146968042,0.1,0.09514156047983197,1.5,0.8660417332372266,10097.443223941777,-5719.199932538769
3,0.3,0.5,0.516136811442789,0.1,0.10240076077806189,1.5,1.368116158854688,10094.521045881436,-5563.478541950421
4,0.3,0.5,0.5348313594333431,0.1,0.10268655090600437,1.5,1.0861228607540885,9948.172400127103,-5598.095642683982
5,0.3,0.5,0.5159600078226516,0.1,0.10139238678194508,1.5,1.2492197593521048,9974.006241280666,-5636.435532956286
6,0.3,0.5,0.4874218208096099,0.1,0.10317022454334816,1.5,1.7204005975813157,10015.591763789711,-5837.059328449428
7,0.3,0.5,0.527175425080789,0.1,0.10479171885601946,1.5,1.1462379835083791,9941.595741823057,-6627.786759249595
8,0.3,0.5,0.4800032811011513,0.1,0.09563447833361854,1.5,1.1439372200578612,10054.09138779269,-5554.70474585891
9,0.3,0.5,0.49188008715740456,0.1,0.09968183669197835,1.5,1.349954579430977,9974.414188883593,-5967.587824168281
10,0.3,0.5,0.5214035136258444,0.1,0.10043747114737793,1.5,1.090229317025523,10090.09984884063,-5666.536804925361
11,0.3,0.5,0.5318440082632688,0.1,0.10020598527105203,1.5,0.796457859246523,9931.450112576755,-5602.450502582758
12,0.3,0.5,0.5042300686252489,0.1,0.10012933444974417,1.5,1.2916488395297374,10038.45955411454,-7336.8853235634315
13,0.3,0.5,0.4593548564189963,0.1,0.09339460696071142,1.5,1.421143180545832,10144.11523930144,-5609.489792233832
14,0.3,0.5,0.5096486065712386,0.1,0.09893741207012485,1.5,1.070781059653521,9941.13466751645,-5590.547353689752
15,0.3,0.5,0.5049810918754706,0.1,0.10004955804103528,1.5,1.2150750309587635,10042.25583650326,-5489.554462042373
16,0.3,0.5,0.4837748319789941,0.1,0.09535391631304695,1.5,1.1205313912499744,10045.393051977662,-5858.972199776346
17,0.3,0.5,0.4988374144484145,0.1,0.09954848927153756,1.5,1.292723757843948,9930.491213911244,-5565.077369051409
18,0.3,0.5,0.4930772575877098,0.1,0.09759923831932271,1.5,1.3018234111754845,10039.224032413487,-5648.0752443224765
19,0.3,0.5,0.5044863496672277,0.1,0.102387170081854,1.5,1.103974857977939,9945.190954700325,-5630.941939876002
20,0.3,0.5,0.5209779752244926,0.1,0.09702028232247019,1.5,0.7136349903479184,10096.14280345389,-6480.675162386711
1,0.3,0.5,0.509712070796154,0.2,0.19884501137137814,0.5,0.3519118420308094,9906.46123370396,-6076.846331101158
2,0.3,0.5,0.5094578628672101,0.2,0.1946897016555308,0.5,0.3618361507312857,10002.893239699435,-5997.874132186072
3,0.3,0.5,0.5087702516871419,0.2,0.19876984743253534,0.5,0.3768055839094191,9873.72620392737,-5986.761883815245
4,0.3,0.5,0.48027220533648524,0.2,0.19603844816432436,0.5,0.40822713057377,10132.057767899543,-5954.188172084243
5,0.3,0.5,0.4938734378411377,0.2,0.19304952111863924,0.5,0.3958122666012086,10040.891467440844,-6421.036166541115
6,0.3,0.5,0.48144678130248786,0.2,0.18439811300385986,0.5,0.32945165479579797,10185.284470299328,-7975.010847805994
7,0.3,0.5,0.5018033801893382,0.2,0.20210169111281787,0.5,0.39801343158380076,9982.157108971376,-6020.944712892589
8,0.3,0.5,0.5112007251345434,0.2,0.2107723053304577,0.5,0.44993424786476277,9859.961503104996,-6005.485839861169
9,0.3,0.5,0.45563275838361506,0.2,0.18490521192499676,0.5,0.362588438473929,10210.313473067645,-6165.983688592685
10,0.3,0.5,0.4933373496818731,0.2,0.1975024930990541,0.5,0.4795900429096122,10023.534343399011,-6058.0074813657975
11,0.3,0.5,0.4905437793893681,0.2,0.1969087747295688,0.5,0.426476750895994,9961.730790609523,-6300.705005847536
12,0.3,0.5,0.5014524230781328,0.2,0.19826651166438805,0.5,0.4185211139322428,9978.252432234465,-6096.214054499724
13,0.3,0.5,0.5038166604651535,0.2,0.1976442290952496,0.5,0.42594617260211215,10002.907838189261,-5958.092563548389
14,0.3,0.5,0.49344026573993055,0.2,0.19968141458593833,0.5,0.4192552930241018,9983.809479171352,-5959.356644591966
15,0.3,0.5,0.5208529986546668,0.2,0.21062460963656182,0.5,0.4297111594905692,9876.552521772772,-6062.2801142054595
16,0.3,0.5,0.49819909151818653,0.2,0.19934851025684305,0.5,0.40073492654144877,9980.000645858649,-5944.533832008117
17,0.3,0.5,0.49260706557003464,0.2,0.19968331267998757,0.5,0.3883391223348568,10195.85956646577,-6054.626294013644
18,0.3,0.5,0.4798730337360423,0.2,0.1892820191370285,0.5,0.3353851189888268,10041.773442375643,-5990.19623008911
19,0.3,0.5,0.5012926141940011,0.2,0.19808018380627543,0.5,0.3791362657726363,10006.205422935667,-6000.998036966388
20,0.3,0.5,0.5005169093495541,0.2,0.199265415315942,0.5,0.47407006781924177,10003.287339194725,-6058.0544404873635
1,0.3,0.5,0.5324194452242245,0.2,0.19126991328083084,1.0,0.6656183150139375,9962.11793661005,-6002.324323456967
2,0.3,0.5,0.5081135796180692,0.2,0.20134452219492147,1.0,1.0042569567909327,10001.553567800156,-6022.976425023627
3,0.3,0.5,0.49943892515683885,0.2,0.19376861512318333,1.0,0.7742307195267628,10089.949818343915,-6011.445231732985
4,0.3,0.5,0.49377256157746924,0.2,0.20092516542758676,1.0,0.9917092444630521,10000.234668050061,-6040.796331542742
5,0.3,0.5,0.4988703408853544,0.2,0.19797644097192066,1.0,0.9202257992428072,9931.239610650488,-7833.827184536386
6,0.3,0.5,0.48058552207527805,0.2,0.19813213703483823,1.0,0.7914103960715838,9970.544979880851,-5973.265528267683
7,0.3,0.5,0.517154219624896,0.2,0.19496228294473578,1.0,0.790915987653204,9956.227203812514,-6039.539696645472
8,0.3,0.5,0.5076866319715997,0.2,0.1907797237788555,1.0,0.8831818506462205,10086.229828983924,-5976.027477870771
9,0.3,0.5,0.494242620334761,0.2,0.2005430998242871,1.0,0.8962168911070825,10029.916355784691,-5964.64020836529
10,0.3,0.5,0.4853655291145918,0.2,0.1820016914451318,1.0,0.8339201115154963,10117.9552411461,-5994.394361973546
11,0.3,0.5,0.4957088832914343,0.2,0.1911069089239266,1.0,0.8535427295139142,9961.642142698247,-6080.580140603812
12,0.3,0.5,0.49081449771428093,0.2,0.19949287992518838,1.0,1.0924542189666873,9989.270340889225,-6001.433711376289
13,0.3,0.5,0.5164597897755717,0.2,0.20217767828520916,1.0,0.9362711166426361,9978.710304144493,-7078.782082393449
14,0.3,0.5,0.47501930031002626,0.2,0.1899029476769169,1.0,0.8724271669698852,10085.796857559835,-6014.895949354743
15,0.3,0.5,0.49573014537615956,0.2,0.1942568363510267,1.0,0.7774769338341946,9993.375090030951,-6050.940114554427
16,0.3,0.5,0.4808089186947754,0.2,0.19616241519233213,1.0,0.871597245344243,10064.331414413648,-5957.979494872522
17,0.3,0.5,0.4991288288816767,0.2,0.2000168170754673,1.0,0.9197307950979333,9871.143485923516,-5995.303483930822
18,0.3,0.5,0.5013629066935571,0.2,0.19538051596848877,1.0,0.8932132577282798,9943.504423919869,-6151.475683080108
19,0.3,0.5,0.5202595229756134,0.2,0.1940604209095783,1.0,0.8074792680408932,9918.248731491909,-5985.744611038617
20,0.3,0.5,0.49402139284536184,0.2,0.18979677158000763,1.0,0.8294426844209827,10047.822726101856,-6618.437296107895
1,0.3,0.5,0.524208590447116,0.2,0.21024411656314174,1.5,1.3820263100937695,9826.446072549874,-5983.001660276861
2,0.3,0.5,0.5133515616867991,0.2,0.1922501786752005,1.5,1.2433793311713606,9959.230142878843,-6621.407375257438
3,0.3,0.5,0.5182032527479816,0.2,0.20396168154333746,1.5,1.285153620459292,9974.862619406973,-6134.9292151082955
4,0.3,0.5,0.48572397571954057,0.2,0.19265146173234665,1.5,1.302975332273192,10016.185468879798,-6010.954821779562
5,0.3,0.5,0.5156070338108506,0.2,0.19636945411576764,1.5,1.245821807360722,9981.324554956409,-6038.204809938614
6,0.3,0.5,0.49985209934010494,0.2,0.20840239667418015,1.5,1.4890479930942315,9982.531454599892,-5938.875270389484
7,0.3,0.5,0.5055390328991142,0.2,0.19292299987884237,1.5,1.2109666933561187,9982.08050897984,-5968.326805923455
8,0.3,0.5,0.4890800805783348,0.2,0.1973277028308007,1.5,1.4049976638449866,10055.28929329211,-6537.019791368002
9,0.3,0.5,0.4958425323183993,0.2,0.19753758035702687,1.5,1.3738112745750055,10025.266288782486,-6121.226862182033
10,0.3,0.5,0.49015585020057745,0.2,0.18372310252784252,1.5,1.285954856021734,10098.880921042572,-6029.170278325151
11,0.3,0.5,0.5132265340835382,0.2,0.19796831007191135,1.5,1.2985496648881167,10029.980275531056,-8026.25198100363
12,0.3,0.5,0.4846825287236396,0.2,0.1991744065332863,1.5,1.4689983054677898,9996.899711575388,-6046.3999685972085
13,0.3,0.5,0.49635971112359684,0.2,0.192893994141459,1.5,1.3379033406791154,10019.784423830422,-7194.178724089106
14,0.3,0.5,0.49925938243697615,0.2,0.1907688665400701,1.5,1.2888460371415824,10050.853539595339,-6008.510890540802
15,0.3,0.5,0.5023693388372602,0.2,0.19114274864682307,1.5,1.3374789795391264,10064.549614169073,-5903.125100893932
16,0.3,0.5,0.5212288076756864,0.2,0.19682401009885575,1.5,1.1890828453674402,9926.579233712468,-6014.870570539861
17,0.3,0.5,0.5112164624012672,0.2,0.1991279800037585,1.5,1.280649476659459,10038.486156886267,-5953.123886070916
18,0.3,0.5,0.5107537208717112,0.2,0.18603372717397268,1.5,1.2783738912223894,10007.484687855273,-5947.176239838214
19,0.3,0.5,0.4821091535264324,0.2,0.1929446852419629,1.5,1.4372683053411315,9995.415463502788,-7648.675578293391
20,0.3,0.5,0.5043216754753772,0.2,0.19359881241862015,1.5,1.2390029409750822,10088.80512606826,-6722.734866931147
1,0.3,0.5,0.5057470973794759,0.3,0.2980934521231686,0.5,0.42086974779774,10013.425103021327,-5961.107536073488
2,0.3,0.5,0.49723664000216466,0.3,0.2903491369734307,0.5,0.4173389244242304,10022.12496057095,-6102.526797633743
3,0.3,0.5,0.5051423403866795,0.3,0.29300775281274966,0.5,0.5023303571297778,9994.31906439544,-5959.6699986485855
4,0.3,0.5,0.47484282217030543,0.3,0.28416406858037707,0.5,0.450357639860079,9999.261466537899,-5969.103487814269
5,0.3,0.5,0.5035163020079797,0.3,0.2927405181884485,0.5,0.4308705267359435,10060.237107720968,-5938.329477337766
6,0.3,0.5,0.4871685005599747,0.3,0.28877708535548313,0.5,0.4120285219101927,10009.007034123304,-6292.402277413094
7,0.3,0.5,0.4757546136375321,0.3,0.29292591062313883,0.5,0.5054352298934321,10046.161328695518,-8153.314506729609
8,0.3,0.5,0.5218319448935165,0.3,0.2984021762387255,0.5,0.40546185292045217,9951.521358483882,-5958.285911965691
9,0.3,0.5,0.49025324928309616,0.3,0.2864559280442927,0.5,0.4492200096033826,10077.888729358037,-5992.497221255162
10,0.3,0.5,0.5096860610565026,0.3,0.2979249130090809,0.5,0.4087848610835741,10011.496646543617,-5910.779148173902
11,0.3,0.5,0.4976032273254138,0.3,0.2953259789849064,0.5,0.44357032163815535,10152.295559229615,-5993.462631850791
12,0.3,0.5,0.49692139167105936,0.3,0.30002703793826707,0.5,0.5542875194867404,10013.175049092011,-5977.141198061616
13,0.3,0.5,0.5127015495774031,0.3,0.2966429441380734,0.5,0.41496379347739265,10026.0180084728,-6008.908092658678
14,0.3,0.5,0.4862289488083767,0.3,0.2860526005422055,0.5,0.426144993189141,10153.52139642495,-5905.617976196174
15,0.3,0.5,0.47749162845016496,0.3,0.27897454602867755,0.5,0.40274087352972293,10192.81084520985,-5939.543874250044
16,0.3,0.5,0.5053097983680286,0.3,0.29644779860231296,0.5,0.4203773378111436,9976.146323646863,-5957.142026855691
17,0.3,0.5,0.49803131911083875,0.3,0.2941361190848123,0.5,0.4161726696964014,10070.726016851124,-5956.870207290714
18,0.3,0.5,0.48655557215935086,0.3,0.2856684719877057,0.5,0.41458343351687754,10086.74414531267,-6575.584181809027
19,0.3,0.5,0.5140045612736507,0.3,0.3057038110634341,0.5,0.4472424069900547,10017.78125033872,-6081.488247446366
20,0.3,0.5,0.47846368310164866,0.3,0.3059553222862816,0.5,0.5472071327339666,10080.466158271329,-6062.029289292079
1,0.3,0.5,0.51544104640389,0.3,0.281239950024288,1.0,0.8173528247626751,9999.110062820579,-5989.539578683871
2,0.3,0.5,0.5037727915193406,0.3,0.29748968639732315,1.0,0.8816460887699268,10049.593709975463,-6479.808707979475
3,0.3,0.5,0.5052163972792157,0.3,0.3000074510614027,1.0,0.897023146167357,9969.186704057072,-6036.666128499463
4,0.3,0.5,0.5108252296295311,0.3,0.2956254640162777,1.0,0.8456068115478311,9999.969154911167,-5999.429095189415
5,0.3,0.5,0.5078908515535557,0.3,0.29688917405894466,1.0,0.8913280282932196,9963.155279016844,-6041.739905773405
6,0.3,0.5,0.49972901541105164,0.3,0.306707732004421,1.0,0.8854289905392401,10023.197391563517,-6058.978091215817
7,0.3,0.5,0.5025013241185138,0.3,0.3014084833051771,1.0,0.856584343160993,9937.678391258174,-6151.087909427751
8,0.3,0.5,0.48978994328875736,0.3,0.2833661270647097,1.0,0.8925938533926617,10045.566876835961,-6067.615663268974
9,0.3,0.5,0.5078549265506992,0.3,0.2930336538712929,1.0,0.8488897781205502,9962.864812266962,-6015.397698118384
10,0.3,0.5,0.5249542083375371,0.3,0.3036042479500268,1.0,0.8917117422787696,9923.74496503505,-6145.587752059184
11,0.3,0.5,0.4965441792522944,0.3,0.2901836526353616,1.0,0.9012526697270593,9988.934760902093,-8489.65640019453
12,0.3,0.5,0.5054576302276762,0.3,0.2939036604580155,1.0,0.9433300144161537,10069.106006406193,-6356.193768104995
13,0.3,0.5,0.5088345705576576,0.3,0.2907934570421324,1.0,0.8377960918428806,9933.47365925607,-6049.721401661801
14,0.3,0.5,0.522868889612814,0.3,0.29070464008893476,1.0,0.8250311210935416,9982.484298157511,-6994.418386669859
15,0.3,0.5,0.5039856561894595,0.3,0.29615991004308045,1.0,0.9441272166141497,9921.026576370881,-6202.523210913014
16,0.3,0.5,0.4996025487678052,0.3,0.2940743292841648,1.0,0.8516613370991796,10033.494549424215,-6170.3994613393725
17,0.3,0.5,0.5226944933358616,0.3,0.27939549477692616,1.0,0.8029545441617489,10037.662237572576,-6124.89750152858
18,0.3,0.5,0.4673908502417135,0.3,0.2722311291949629,1.0,0.8859272662558327,10169.055215279916,-6095.1077699487
19,0.3,0.5,0.5153652258411134,0.3,0.28502373021498817,1.0,0.8473563261366591,10138.877590592776,-6087.815903094852
20,0.3,0.5,0.49006704685957764,0.3,0.2768011217886226,1.0,0.8854818243182929,10097.99755573769,-6147.60273600839
1,0.3,0.5,0.5017667452858637,0.3,0.2961632938055433,1.5,1.3808747428481871,9990.19390361491,-5992.8192364711285
2,0.3,0.5,0.5077114127403035,0.3,0.2875719852845907,1.5,1.3030531676040715,10092.810856703973,-6028.437974720852
3,0.3,0.5,0.5039372733292845,0.3,0.2914664647958412,1.5,1.347596675755147,10019.424720462972,-6061.772632365573
4,0.3,0.5,0.4950388168688022,0.3,0.2765764054651524,1.5,1.3368746690752402,10071.517762656931,-6890.597486188715
5,0.3,0.5,0.5029178430311747,0.3,0.28597346403164436,1.5,1.3616430795738248,10069.684800480662,-6024.699739805319
6,0.3,0.5,0.4768095711876554,0.3,0.2897154927157223,1.5,1.4888806346691312,10051.535328591592,-6083.60786273564
7,0.3,0.5,0.49361562989374563,0.3,0.29932697829009225,1.5,1.4135925673295175,10060.79762084949,-6278.367177746956
8,0.3,0.5,0.49966631496655106,0.3,0.2948997357365717,1.5,1.4311245931779757,9998.769030845197,-6692.777829243294
9,0.3,0.5,0.4766193951664126,0.3,0.30237422339396447,1.5,1.5551250049151333,9962.696830792996,-6143.690929225615
10,0.3,0.5,0.5091722686384031,0.3,0.29080205281885335,1.5,1.3263610875218836,10055.099682647551,-6047.153730219012
11,0.3,0.5,0.5092531057933982,0.3,0.2875514555175062,1.5,1.4250280470458978,9979.693827733472,-6077.415020487346
12,0.3,0.5,0.5095442236027429,0.3,0.2861281550847929,1.5,1.3440379301127752,10047.815734908096,-6058.645252306507
13,0.3,0.5,0.5114971345849085,0.3,0.28374827227364263,1.5,1.3458200136468974,10097.846931560418,-6085.944728284248
14,0.3,0.5,0.5023720805031193,0.3,0.2923310424807441,1.5,1.332104757883346,10012.763376202784,-6050.363253525127
15,0.3,0.5,0.5711655857677861,0.3,0.28014246387683683,1.5,1.130713533290206,9956.484910970306,-6104.344702391377
16,0.3,0.5,0.5186360233783275,0.3,0.2862328896985297,1.5,1.2864448718894224,10017.777452875513,-8499.357104246334
17,0.3,0.5,0.5252337036267343,0.3,0.3136046726402862,1.5,1.3953791046468702,9833.98299354418,-6162.276267760677
18,0.3,0.5,0.5473190483008891,0.3,0.30388407161424014,1.5,1.2649265400198269,9842.348331423244,-6598.143233436675
19,0.3,0.5,0.5003679944890933,0.3,0.292940168665846,1.5,1.3889894787756638,9976.622557207089,-6062.864530807152
20,0.3,0.5,0.5116539916511853,0.3,0.30178169023825047,1.5,1.4449109726586449,9936.502616556183,-6114.922840753496
