Sim,F_true,Nu2_true,Nu2_est,T_true,T_est,M21_true,M21_est,Theta,Loglik
1,0.4,0.1,0.09337884326826583,0.1,0.09502122691533774,0.5,0.4442018251892182,10001.150687863357,-6322.839716758026
2,0.4,0.1,0.09309262875746233,0.1,0.0912801892105645,0.5,0.4822829066433653,10046.834137172997,-5606.1398538685335
3,0.4,0.1,0.10258588995892294,0.1,0.09746299236575524,0.5,0.29393769531029906,9992.182993556306,-5534.483186951101
4,0.4,0.1,0.09713584041187236,0.1,0.09659220744480417,0.5,0.43568466379170045,9975.513582908647,-5450.867445255513
5,0.4,0.1,0.0989134742041129,0.1,0.09486033819341934,0.5,0.35217855600083,10070.64544069475,-5495.820354074937
6,0.4,0.1,0.10179209770596256,0.1,0.09911847557536388,0.5,0.35056482143456763,9926.433272046695,-5484.939017956612
7,0.4,0.1,0.10796143834525333,0.1,0.10732419149978067,0.5,0.33352400619941236,9846.861543827905,-5544.61010158993
8,0.4,0.1,0.09999374117250782,0.1,0.09651364673776655,0.5,0.3167930852531085,10049.287354032924,-5557.14348542435
9,0.4,0.1,0.09522871533445545,0.1,0.0955311832019058,0.5,0.4520269907536077,10012.045473568269,-5454.866541323892
10,0.4,0.1,0.09311291606462467,0.1,0.0905797148999439,0.5,0.42874525897192584,10116.792107519414,-5509.0372598951035
11,0.4,0.1,0.098078291488379,0.1,0.10499106810857231,0.5,0.6951910472548241,9945.41159579048,-5587.9844882424395
12,0.4,0.1,0.0978128718179767,0.1,0.09569348976122793,0.5,0.3411198275222046,9913.204307311162,-5509.592220716528
13,0.4,0.1,0.10272258259246238,0.1,0.09879607043247485,0.5,0.31573513425865324,9977.623771358489,-5478.601645515993
14,0.4,0.1,0.10217802793001024,0.1,0.10148444616101664,0.5,0.3757806427424331,10019.125726897422,-5539.971436184713
15,0.4,0.1,0.10019364907645285,0.1,0.09777944979309161,0.5,0.3927558638029759,9827.789530471488,-6733.495147773832
16,0.4,0.1,0.11373821152082583,0.1,0.11318871813591257,0.5,0.37383593554071354,9824.347007754426,-7472.605249272678
17,0.4,0.1,0.10135153538946179,0.1,0.099913257831244,0.5,0.3630361649277968,10006.14190696326,-5454.063282721887
18,0.4,0.1,0.10282515198267547,0.1,0.10073753599606938,0.5,0.25112777543575826,10056.288463721898,-5523.460559816199
19,0.4,0.1,0.09994317594636697,0.1,0.09770954340671503,0.5,0.41423815701227207,9953.836980349364,-5582.402258099923
20,0.4,0.1,0.10004529809646828,0.1,0.09732988070897226,0.5,0.37153513157708773,9910.408268029129,-5525.309454365789
1,0.4,0.1,0.10091338054628657,0.1,0.10188912290270134,1.0,1.016951075349869,9966.955795843216,-5591.668793618932
2,0.4,0.1,0.09802249015827834,0.1,0.09459523801119817,1.0,0.8868220888246425,9976.04361278485,-5722.07747011217
3,0.4,0.1,0.09170376548704215,0.1,0.08878008109705574,1.0,0.8903381554305807,10037.056877962437,-5546.132436252733
4,0.4,0.1,0.09143255209156963,0.1,0.08861393141171385,1.0,0.7176433246011393,10025.472007040333,-7127.337947676853
5,0.4,0.1,0.10225161866388438,0.1,0.1001894576299906,1.0,0.7867722241574415,9940.138370460534,-5644.053145473892
6,0.4,0.1,0.09912117482137213,0.1,0.09340751031447705,1.0,0.8896981575126459,9997.189707724443,-5618.689471292473
7,0.4,0.1,0.09869388231521777,0.1,0.09707037469130939,1.0,0.7771310528561531,10049.786070391714,-5601.256529137528
8,0.4,0.1,0.09947720743995803,0.1,0.10035174498475752,1.0,0.851377327724491,9983.642021913834,-6573.841845492187
9,0.4,0.1,0.10335233663843367,0.1,0.10133677575565044,1.0,0.8548298082065747,10003.36840825468,-5553.241997755137
10,0.4,0.1,0.09827394611922194,0.1,0.09287173839444919,1.0,0.8662002884529819,9965.925640475076,-5599.658694759821
11,0.4,0.1,0.10449671371305722,0.1,0.09947684999228497,1.0,0.6846757994340891,10003.977495879179,-6591.995179146772
12,0.4,0.1,0.09947943020220025,0.1,0.09188984200044656,1.0,0.64659879301109,9948.30253728079,-5589.345877813044
13,0.4,0.1,0.10122455288495306,0.1,0.09781700688803133,1.0,0.8297384905393106,9984.675556896786,-5520.219986402932
14,0.4,0.1,0.1023893382177933,0.1,0.09948840552437778,1.0,0.7401412405384733,10024.601366134311,-5672.627935105066
15,0.4,0.1,0.09980167268446494,0.1,0.09871254292825984,1.0,0.7970046735493362,9928.25037142769,-5574.374497461598
16,0.4,0.1,0.09837214555989818,0.1,0.09768324820786678,1.0,0.9197387600826007,10023.051963349397,-5584.2635954557
17,0.4,0.1,0.09567504731236358,0.1,0.09410992431051564,1.0,0.8303005673996648,10001.728618387107,-5591.167370639582
18,0.4,0.1,0.10042071582424754,0.1,0.09724210531719162,1.0,0.8069141408852001,10020.070912010835,-7139.604146496783
19,0.4,0.1,0.09457120702311714,0.1,0.09870818784638816,1.0,1.0305329900458267,10004.012673881221,-5578.749422375757
20,0.4,0.1,0.10240087707172223,0.1,0.10030827756978376,1.0,0.863476845807336,10033.686641013714,-5559.199047123097
1,0.4,0.1,0.10298362133935139,0.1,0.1016808785645747,1.5,1.4001441802621355,9950.806723865928,-5742.744628467257
2,0.4,0.1,0.10126683060464627,0.1,0.09898906550946233,1.5,1.2464760457936572,10042.03568446445,-5662.356945978935
3,0.4,0.1,0.09875140524892392,0.1,0.09503764722098958,1.5,1.160455841130596,10040.003184505997,-7023.40977015225
4,0.4,0.1,0.10201349751673955,0.1,0.0953333007021631,1.5,1.1434188952358557,9932.07132861327,-5728.937129016568
5,0.4,0.1,0.1016959056098299,0.1,0.09425081649013528,1.5,1.2170391892734314,9994.505374908187,-5742.5474528316745
6,0.4,0.1,0.09979537350884078,0.1,0.09271351926695094,1.5,1.193296232432424,10068.650558412013,-5674.976349196533
7,0.4,0.1,0.10498088459748574,0.1,0.09927867536533184,1.5,1.1607324039163325,9952.466172867636,-5599.862566936732
8,0.4,0.1,0.09960436474103622,0.1,0.09725577802959556,1.5,1.1887933863719566,10025.68627010878,-7550.914328400615
9,0.4,0.1,0.09656333168880908,0.1,0.09468962532023817,1.5,1.2915643727440653,10063.973309255407,-5751.56120718964
10,0.4,0.1,0.10729085011076292,0.1,0.10655544324536435,1.5,1.1567769910808536,10045.451671910421,-6844.241588058829
11,0.4,0.1,0.09818311087706859,0.1,0.09156225520783741,1.5,1.1303807286048908,10058.748064119049,-5734.253681160317
12,0.4,0.1,0.1045842780858786,0.1,0.10109281770079558,1.5,1.226472462820292,9994.259166667794,-5713.286853252893
13,0.4,0.1,0.09788237830433585,0.1,0.09607672128838263,1.5,1.410058239605542,9978.14928981308,-5701.636529631239
14,0.4,0.1,0.10014647100230246,0.1,0.09510159310739145,1.5,1.168462547716126,9962.894367276582,-5677.759147150213
15,0.4,0.1,0.10268169841115757,0.1,0.09755981762479314,1.5,1.1775555530341133,9968.244347036152,-5720.18467906771
16,0.4,0.1,0.10302423035684191,0.1,0.10278495426250933,1.5,1.1707975145055185,9976.229827405565,-5712.038981256498
17,0.4,0.1,0.09878767364927377,0.1,0.09585853486412978,1.5,1.1784705474458386,9973.217722485133,-5881.718986212886
18,0.4,0.1,0.10153420643516291,0.1,0.09526716026042098,1.5,1.1194538590622107,10003.366234240251,-5655.037734816979
19,0.4,0.1,0.10494204419328447,0.1,0.09822803751414974,1.5,1.1351049546285834,9962.875004187767,-6087.219669292312
20,0.4,0.1,0.09320653147502936,0.1,0.08523623209140753,1.5,1.0635870704345294,10109.205110259885,-5801.7023901500415
1,0.4,0.1,0.1019818967588884,0.2,0.20665118185542852,0.5,0.41741767133905316,10023.102928169648,-4665.474334898932
2,0.4,0.1,0.09823275803535225,0.2,0.19567838967096848,0.5,0.4313766162963783,10027.468884476526,-5942.254644642069
3,0.4,0.1,0.1021586746322513,0.2,0.19667595329948936,0.5,0.39060648896043076,9944.375500684364,-5076.133848551937
4,0.4,0.1,0.09382937080734542,0.2,0.18202494708077468,0.5,0.3972908629841407,10037.296754049035,-4680.937903999028
5,0.4,0.1,0.1011525390752334,0.2,0.2021452928123238,0.5,0.4478727754041263,9971.069893986172,-4696.442496580949
6,0.4,0.1,0.10437719323209957,0.2,0.19623560580882138,0.5,0.41256519274071224,9863.156410628031,-4664.392358641651
7,0.4,0.1,0.09729496742030887,0.2,0.1877453942263649,0.5,0.42887052302477807,10003.194012277156,-4665.575450735726
8,0.4,0.1,0.1020091736743455,0.2,0.1971195972721045,0.5,0.37244140185000557,9972.050798007982,-5832.995809835958
9,0.4,0.1,0.09607028158114372,0.2,0.17958632580484837,0.5,0.3699430711359104,10086.810215731248,-4727.827130010174
10,0.4,0.1,0.10068205040970392,0.2,0.1977973637369755,0.5,0.41313926089368935,10041.36527320525,-4649.575213413051
11,0.4,0.1,0.0957456876225603,0.2,0.19485402110322364,0.5,0.44615290379663686,10093.977536143377,-4924.633452615386
12,0.4,0.1,0.09706494252856541,0.2,0.19378913036049616,0.5,0.4613299998982246,9980.71684056582,-4714.223528295717
13,0.4,0.1,0.0987557985754124,0.2,0.1953394841433289,0.5,0.46705046804053013,9971.47651340572,-4808.11589110727
14,0.4,0.1,0.10334422407802715,0.2,0.19260112266025217,0.5,0.33816988535715387,9889.165154757313,-4762.20964174296
15,0.4,0.1,0.10982693204852217,0.2,0.1989420651253345,0.5,0.3859961339542474,9851.77011903729,-5089.400894953964
16,0.4,0.1,0.10205222092873271,0.2,0.19328054270085052,0.5,0.39848884561145803,9932.74098520396,-4801.427923822685
17,0.4,0.1,0.1001927657547175,0.2,0.19424546614069232,0.5,0.38558850364344244,9947.227551977123,-4622.6689807825
18,0.4,0.1,0.11067932588223359,0.2,0.21515176336569017,0.5,0.4072010288752638,9891.376111130097,-4757.575222565783
19,0.4,0.1,0.10066906600346537,0.2,0.1938810925618713,0.5,0.41991622734750333,9939.694426541368,-4812.852995342251
20,0.4,0.1,0.10759945114309798,0.2,0.19412854934651452,0.5,0.30744835281713817,9947.055209931073,-4709.058461127459
1,0.4,0.1,0.10347213482304077,0.2,0.19752120923226502,1.0,0.891660677261232,9990.011809281617,-5147.6004018321955
2,0.4,0.1,0.09567563505384569,0.2,0.17868930018618992,1.0,0.8349509004724976,10052.054587102159,-5121.594696584671
3,0.4,0.1,0.10195324073334182,0.2,0.168211855218085,1.0,0.7168632388022959,9975.059521273944,-5091.191512662216
4,0.4,0.1,0.09811680597328534,0.2,0.18594692838285967,1.0,0.8361700081121022,10057.62153286412,-5053.452729171115
5,0.4,0.1,0.09970997038475839,0.2,0.18990944597763146,1.0,0.8640207458513435,9981.790250764137,-5124.43569416798
6,0.4,0.1,0.10648687013559213,0.2,0.21362011510812104,1.0,0.9472504216062848,9999.024343617255,-5619.714229497961
7,0.4,0.1,0.10370688954633019,0.2,0.19463238358065352,1.0,0.8186283620994957,10005.78345321238,-5018.250505696466
8,0.4,0.1,0.096437269786697,0.2,0.1919471001533416,1.0,0.9079323593446389,10025.014770129035,-5018.311149295411
9,0.4,0.1,0.10296856974884229,0.2,0.19501532549424416,1.0,0.8143387552086885,9993.958558493163,-5043.07191067094
10,0.4,0.1,0.10584262061038549,0.2,0.19366023605200325,1.0,0.8224533357467004,9978.047630384432,-5035.914025068432
11,0.4,0.1,0.0959028196067269,0.2,0.1877420913719399,1.0,0.9316770024782768,10092.707408490107,-5417.903558642532
12,0.4,0.1,0.09492716258522502,0.2,0.18285457568176436,1.0,0.9216135112615368,10090.418036618372,-5485.61884323883
13,0.4,0.1,0.09925475342941574,0.2,0.19825225541939204,1.0,0.9061999972364586,9931.681632729442,-5075.006681185304
14,0.4,0.1,0.09637568860256855,0.2,0.18943704510480708,1.0,0.8548876459347353,10079.165139723726,-5095.263136035636
15,0.4,0.1,0.10395507560775834,0.2,0.19562034118133695,1.0,0.8869862739561706,9914.871268536406,-5104.513320016203
16,0.4,0.1,0.10225439171633403,0.2,0.189137508837872,1.0,0.8308062294828141,9960.563956190708,-5174.3370449846325
17,0.4,0.1,0.10608844703971172,0.2,0.22722885467622891,1.0,0.9151118810131106,9861.724170891806,-5011.893053818722
18,0.4,0.1,0.1010046024963698,0.2,0.19113072562399794,1.0,0.8146265713577527,9997.971934882258,-5142.201650569285
19,0.4,0.1,0.09921628746807795,0.2,0.1938130065437101,1.0,0.9125751181917291,10006.184747686135,-5012.403415318178
20,0.4,0.1,0.10304322327395762,0.2,0.20279928832010913,1.0,0.9267158652804643,9955.183651319063,-5040.536625143929
1,0.4,0.1,0.1029331383671548,0.2,0.19832278508027,1.5,1.3425190281508026,10001.060036191242,-5254.175754744261
2,0.4,0.1,0.10784118329109968,0.2,0.18806796570717133,1.5,1.1969964019192016,10012.29444758723,-6217.93938968188
3,0.4,0.1,0.0935236754407609,0.2,0.17186434644218915,1.5,1.354883566642275,9980.752214498936,-5934.070072742938
4,0.4,0.1,0.10260593126976945,0.2,0.191591446340738,1.5,1.281191827800441,9970.888287165026,-5337.443216570083
5,0.4,0.1,0.10281319132569727,0.2,0.20261591947027857,1.5,1.391160708656571,10031.383646241942,-5321.8481266367035
6,0.4,0.1,0.09924354785206017,0.2,0.1909476798028312,1.5,1.3424742771218943,10059.191027202178,-6013.9436874931835
7,0.4,0.1,0.09774811366813915,0.2,0.18022238134720736,1.5,1.3058301510198738,10095.461758430878,-5300.130439848321
8,0.4,0.1,0.10151183473515812,0.2,0.19250750727484778,1.5,1.2911025921909738,10080.172415511353,-5318.79313289544
9,0.4,0.1,0.10332993716512602,0.2,0.19040403411169868,1.5,1.2781596058529379,9988.306786873887,-5588.869616506179
10,0.4,0.1,0.09889855692387993,0.2,0.1860457101217057,1.5,1.354333545261172,10064.738736351486,-5834.560825559642
11,0.4,0.1,0.10415294038325255,0.2,0.1911033742941225,1.5,1.2702554458276363,9959.34620758163,-5284.500874033336
12,0.4,0.1,0.10064303364045117,0.2,0.19749700426447872,1.5,1.3350093614522416,9907.017660431204,-5229.541995684347
13,0.4,0.1,0.10250286587841755,0.2,0.1904713012502288,1.5,1.3207906569807304,9951.127347268632,-5815.192292249777
14,0.4,0.1,0.09845152797956233,0.2,0.1891029558464636,1.5,1.2861261343658978,9992.381234366225,-5253.733883281036
15,0.4,0.1,0.10332866816227386,0.2,0.18453201242306763,1.5,1.2272552836663342,10001.282422149628,-5376.6781070331235
16,0.4,0.1,0.09985287160977327,0.2,0.19124472670959072,1.5,1.320235027781066,10038.168458719907,-5952.624469565908
17,0.4,0.1,0.10257677756629736,0.2,0.17681169183415288,1.5,1.0821765930621785,9971.933568565273,-6243.419778305864
18,0.4,0.1,0.10242831752296158,0.2,0.19333924747563858,1.5,1.2821553773237768,10046.123843431753,-5569.58952184446
19,0.4,0.1,0.10359419697960487,0.2,0.18953129223603543,1.5,1.2420752221126707,10104.090502135616,-5266.10370528506
20,0.4,0.1,0.10099517646308256,0.2,0.19592299877212332,1.5,1.339450704541331,9962.41987356692,-5401.709764972607
1,0.4,0.1,0.10146045896135526,0.3,0.31011963439859513,0.5,0.4761815707577667,9884.037686348262,-4179.025061887941
2,0.4,0.1,0.10399415663152464,0.3,0.30742487156229414,0.5,0.45786558483705153,9821.416059124305,-4831.57322248557
3,0.4,0.1,0.09915888530190253,0.3,0.298434369665528,0.5,0.4400535429934654,9916.966223740732,-4107.823883703684
4,0.4,0.1,0.09346045731137499,0.3,0.28613952623306216,0.5,0.4731920772119591,10035.914001220197,-4691.556407690741
5,0.4,0.1,0.10190790971175849,0.3,0.29033596101096915,0.5,0.4249294701557001,9987.017070906986,-4179.29779562277
6,0.4,0.1,0.0965180331906624,0.3,0.29665101970728497,0.5,0.5090748380038066,10081.898128243824,-4253.978554631772
7,0.4,0.1,0.10070133735843606,0.3,0.2962855319635389,0.5,0.44809819730824846,9987.079112351223,-4271.29371184472
8,0.4,0.1,0.10356868223190224,0.3,0.3219838829097296,0.5,0.4583536073279816,9842.719336662372,-5100.987172514894
9,0.4,0.1,0.09705658295837262,0.3,0.28344639396165644,0.5,0.43823750896869607,10029.697152911762,-4233.446288596568
10,0.4,0.1,0.09856734961242611,0.3,0.26571757944941293,0.5,0.41026757630751665,10126.512372186442,-4155.919431477265
11,0.4,0.1,0.10851853125924527,0.3,0.31229884398700236,0.5,0.39477034592364824,9900.792151978803,-4166.755063744063
12,0.4,0.1,0.10367532471590311,0.3,0.2794041671486765,0.5,0.33572571036372173,10053.411576971443,-4188.380727828577
13,0.4,0.1,0.09997152011920662,0.3,0.29996502831979177,0.5,0.47231554628594974,9983.445381500514,-4170.113239211513
14,0.4,0.1,0.0987347844780961,0.3,0.29107813423877466,0.5,0.4289005373248891,10033.14662415065,-4148.198338261828
15,0.4,0.1,0.10333955655386945,0.3,0.290358983556108,0.5,0.4142394542040081,9930.555180711965,-4190.548379668207
16,0.4,0.1,0.10138057475791594,0.3,0.29792641139993287,0.5,0.41628825981470374,9951.124138494719,-4889.375043352269
17,0.4,0.1,0.1016231759400655,0.3,0.30391230566412575,0.5,0.4039017181906299,9971.71302845618,-4158.3016020109735
18,0.4,0.1,0.10510829784000338,0.3,0.28662304736511796,0.5,0.3891712174062896,9982.212397696405,-4188.584424769242
19,0.4,0.1,0.10115413902272871,0.3,0.2925121824185775,0.5,0.4187567215806397,9998.457932747517,-4241.984195494955
20,0.4,0.1,0.09724313205184675,0.3,0.2793921632207811,0.5,0.41750606206461816,10139.335124240244,-4220.680857841643
1,0.4,0.1,0.10138903587941861,0.3,0.2904740524808467,1.0,0.8654822918694494,10064.803521520238,-4866.190190510775
2,0.4,0.1,0.0989717663482689,0.3,0.2775766175440939,1.0,0.8902941612350519,10056.297650692253,-4807.171571721711
3,0.4,0.1,0.10009635146708108,0.3,0.28202851238367965,1.0,0.8947815069665078,10158.434553458672,-4848.379475407462
4,0.4,0.1,0.10511616969843172,0.3,0.3049299276018092,1.0,0.890617831923477,9957.353046665423,-5264.288616829115
5,0.4,0.1,0.1010475803094582,0.3,0.2920555430666419,1.0,0.933882894011027,9966.643257112075,-4764.485756135669
6,0.4,0.1,0.10152987968281045,0.3,0.28969695199189804,1.0,0.8572341080581857,9960.334439155698,-5940.605631106675
7,0.4,0.1,0.1009445304690068,0.3,0.2890560246468744,1.0,0.9015585491214173,10007.021057233049,-4917.094405504286
8,0.4,0.1,0.09674433127094118,0.3,0.2818364472486079,1.0,1.0057208688355421,10087.322776132367,-5234.420150719663
9,0.4,0.1,0.10360685428650794,0.3,0.31119194937208167,1.0,0.9298760950317776,10027.362675244593,-4742.481028979532
10,0.4,0.1,0.09782609437523254,0.3,0.2793238025344937,1.0,0.9289856115249723,10028.174704235978,-4901.10416496482
11,0.4,0.1,0.0967017305907933,0.3,0.2766863780155183,1.0,0.905541623864256,10071.591019467518,-4781.441430701856
12,0.4,0.1,0.1072999230726293,0.3,0.30911267888176625,1.0,0.8633042979601359,9951.073663393994,-4758.500014561517
13,0.4,0.1,0.10474393130941759,0.3,0.30179086423831686,1.0,0.8918616046155632,9888.053784390167,-4759.138095864017
14,0.4,0.1,0.10274959034734996,0.3,0.29434087970953415,1.0,0.8841263622250372,10042.190326142809,-4777.03304914103
15,0.4,0.1,0.10387761016692582,0.3,0.2909937315263484,1.0,0.8118767310618432,9956.974007104514,-5014.914085588025
16,0.4,0.1,0.09917470639131412,0.3,0.263958129471329,1.0,0.8530999838817075,10081.577841943697,-4751.741133000982
17,0.4,0.1,0.10417734133127415,0.3,0.28048706946291396,1.0,0.8586459820164808,10045.345933107705,-4864.743392780931
18,0.4,0.1,0.10136814003133618,0.3,0.27764321831164707,1.0,0.873213234659866,9919.445767677573,-4812.782413955364
19,0.4,0.1,0.0993286908293378,0.3,0.2686198307324965,1.0,0.8106329009670958,10216.267435134929,-4759.938725023609
20,0.4,0.1,0.09597261255167876,0.3,0.2711309547904005,1.0,0.9343895305025679,10090.023309999035,-4788.936210471058
1,0.4,0.1,0.0967686650745066,0.3,0.2770916409532331,1.5,1.4368639301261852,10017.417381469342,-5129.954727111512
2,0.4,0.1,0.11032488700197,0.3,0.27828776059516147,1.5,1.2215974671700311,9983.076178811507,-5136.26568824918
3,0.4,0.1,0.10765053782653512,0.3,0.2693313447587038,1.5,1.206455496447047,9956.088414076405,-5349.825090109543
4,0.4,0.1,0.09840702999361092,0.3,0.29390732556628313,1.5,1.3840549328118192,10046.288871600967,-5907.075930755234
5,0.4,0.1,0.10380228344537087,0.3,0.28646558778648806,1.5,1.3556178213188113,10001.803637547217,-5262.021469085763
6,0.4,0.1,0.0997559767978156,0.3,0.29194107326130386,1.5,1.4732342880033396,9821.248518495133,-6151.223766538518
7,0.4,0.1,0.10396770266700597,0.3,0.29031864332425106,1.5,1.391628808594396,10019.517481657891,-5188.875985218592
8,0.4,0.1,0.10130745601830908,0.3,0.280514702575603,1.5,1.363738823011374,9987.91317510515,-5140.523779152496
9,0.4,0.1,0.10740778461583518,0.3,0.27610885495248594,1.5,1.202254603243455,10007.14643430989,-5266.077768879557
10,0.4,0.1,0.11120408473525563,0.3,0.2816066265445238,1.5,1.2256756327726437,9924.487615352915,-5751.52366600704
11,0.4,0.1,0.09029294011078692,0.3,0.3325541904097789,1.5,1.6684015390189064,10015.886372530835,-6059.000686553518
12,0.4,0.1,0.09644694843129552,0.3,0.2619186491805075,1.5,1.4037894012101075,10120.338601400188,-5096.166110067643
13,0.4,0.1,0.10300671559078584,0.3,0.2740674316798945,1.5,1.3526909869081345,10027.308042836565,-5151.626996798266
14,0.4,0.1,0.10404766507371983,0.3,0.29236545063244856,1.5,1.297674650866828,10020.832425059965,-5142.546855464971
15,0.4,0.1,0.10792371929112234,0.3,0.26645147532472147,1.5,1.2256075508263256,10019.838484646174,-5749.078683345646
16,0.4,0.1,0.10781012111470771,0.3,0.2777061483767507,1.5,1.2295954688636654,9932.326681541408,-5142.612658399592
17,0.4,0.1,0.10742393894350585,0.3,0.2806399887885058,1.5,1.281031017665774,9951.91131159724,-5143.276892418655
18,0.4,0.1,0.09257879928977639,0.3,0.26914376780868166,1.5,1.5016094888064107,10161.66824775072,-5171.302407180619
19,0.4,0.1,0.10043520319521841,0.3,0.30420565521158066,1.5,1.426309367850203,10018.342868020723,-5220.256364486459
20,0.4,0.1,0.10201211214910175,0.3,0.27570678317908925,1.5,1.3216531639748628,10029.864600112163,-5220.031148016664
1,0.4,0.25,0.24749329435388864,0.1,0.10109968469221851,0.5,0.3788814344154213,9999.194342488658,-5942.147656049292
2,0.4,0.25,0.24817504591204936,0.1,0.10023916454217158,0.5,0.46787400221970277,10028.87360231681,-5976.697686461457
3,0.4,0.25,0.24169222710250898,0.1,0.09283605485819464,0.5,0.157344604233955,10078.431788909144,-5942.7823882800285
4,0.4,0.25,0.2546466517418893,0.1,0.10064750103331234,0.5,0.3482142045268279,9927.994869491637,-5890.196983464528
5,0.4,0.25,0.24582610105002045,0.1,0.09775436811215815,0.5,0.32258168774736645,9977.19511519224,-6040.655387633861
6,0.4,0.25,0.25899848377830686,0.1,0.10194886208368027,0.5,0.22950170816936896,9907.742868413217,-5970.930104263448
7,0.4,0.25,0.24034169363347727,0.1,0.1011015201164308,0.5,0.4140648227882639,10071.0353098129,-6368.488714583903
8,0.4,0.25,0.24108577272515508,0.1,0.09786489952105838,0.5,0.32519814416014964,10012.604848327217,-5917.217398014872
9,0.4,0.25,0.24765039973106343,0.1,0.09956211575957258,0.5,0.4063272839324524,9924.154235288428,-7285.341193127448
10,0.4,0.25,0.24632270616962743,0.1,0.10031739865416592,0.5,0.5573428679739196,10006.994873640342,-5874.000139720447
11,0.4,0.25,0.2453005372450841,0.1,0.09847523647644979,0.5,0.37057988976500084,9986.068877983449,-5858.97312912286
12,0.4,0.25,0.24738889293298214,0.1,0.09795725300120992,0.5,0.31089674894352337,10060.658874807486,-6316.365519936566
13,0.4,0.25,0.25006208818359077,0.1,0.10054642770742689,0.5,0.3528054748315146,9964.477493885039,-5865.884599023616
14,0.4,0.25,0.24148067295007464,0.1,0.09482974598369266,0.5,0.32011904253996,9990.447847640402,-5935.483933782918
15,0.4,0.25,0.2377736333736066,0.1,0.09782767033854689,0.5,0.3887599049249099,10082.556831883057,-5840.038933188083
16,0.4,0.25,0.23570760402058563,0.1,0.0967359391237378,0.5,0.538829996350818,9952.878663932272,-5855.812377966013
17,0.4,0.25,0.2536455809441239,0.1,0.09885453294009677,0.5,0.21911192925452852,10007.156663434065,-5867.634177005772
18,0.4,0.25,0.25554165856226657,0.1,0.10056493895780605,0.5,0.3276666634756501,10038.694626467599,-5924.59425559693
19,0.4,0.25,0.253914359932009,0.1,0.10011868773202523,0.5,0.4307284046289461,9930.822644713822,-5863.37050993047
20,0.4,0.25,0.24531019920879502,0.1,0.10162985375977457,0.5,0.6513457410706217,9976.93365912576,-5942.11008264912
1,0.4,0.25,0.26341057879013197,0.1,0.10328137907336303,1.0,0.7094154848160635,9935.596990792817,-5977.059466992967
2,0.4,0.25,0.2646028906277922,0.1,0.10281492979066718,1.0,0.9321937368161551,9922.501620004452,-8296.142795890217
3,0.4,0.25,0.24623706322713293,0.1,0.0971136491459558,1.0,0.6956136146038205,9983.968025755432,-5791.221116875158
4,0.4,0.25,0.2232276656896353,0.1,0.08731897154378855,1.0,0.7531237390197408,10133.316723214364,-5868.516541312172
5,0.4,0.25,0.2655965250700488,0.1,0.1026514571374102,1.0,0.6666668222571573,9898.246694240986,-7170.993490635594
6,0.4,0.25,0.23987121886793844,0.1,0.09630076542372516,1.0,0.8604101432707644,10062.997334717518,-6967.484858455676
7,0.4,0.25,0.24059855282126935,0.1,0.09555864841800574,1.0,0.8070414628498221,10056.103071982297,-5879.816652379007
8,0.4,0.25,0.24695147889106758,0.1,0.09667772276599725,1.0,0.5548985085171358,10024.307077690979,-5966.638478681239
9,0.4,0.25,0.23387797594900994,0.1,0.09266363078557238,1.0,0.9273216612544666,10058.156420412462,-5871.659260976873
10,0.4,0.25,0.23452213561221127,0.1,0.09258823342753722,1.0,0.7426062248923188,10065.823323034989,-5906.7849788172325
11,0.4,0.25,0.24483412515575076,0.1,0.09677672854361317,1.0,1.0034369166313148,10060.918913551292,-5972.540530801747
12,0.4,0.25,0.24619096810838464,0.1,0.09901880699009098,1.0,0.7696010945730669,10015.258320396977,-6115.930722639629
13,0.4,0.25,0.24250178889409552,0.1,0.09425503667532242,1.0,0.7298704270968234,9951.736824006892,-6951.312669312519
14,0.4,0.25,0.24510941276936016,0.1,0.09814199463021932,1.0,0.8124147023886658,9984.658615814358,-5843.0322029489125
15,0.4,0.25,0.23373543136462116,0.1,0.09408312731158096,1.0,0.8554838743263308,10043.788032995793,-5915.188119996716
16,0.4,0.25,0.24341046545328976,0.1,0.09808888753129913,1.0,0.8207909208850348,10014.8231066085,-5926.930408998927
17,0.4,0.25,0.2452409813577991,0.1,0.09634202141625733,1.0,0.7999628802590466,9993.79028006861,-8343.707728470057
18,0.4,0.25,0.24823914758517443,0.1,0.09975928792821832,1.0,0.7881837778238028,9947.737857797669,-5978.0950284040955
19,0.4,0.25,0.2445616306208045,0.1,0.09743996228117269,1.0,0.8306287059792236,9979.924078519338,-5890.3175037797955
20,0.4,0.25,0.2271734371423368,0.1,0.08853245623186987,1.0,0.6531761444214059,10091.524196186463,-7118.049752910303
1,0.4,0.25,0.25055273036436726,0.1,0.09577570201896204,1.5,1.0478732345705888,9984.160003272755,-5874.62595987961
2,0.4,0.25,0.23868791716224755,0.1,0.0900418397224549,1.5,1.0638441215442456,10058.852706857568,-5891.55089436
3,0.4,0.25,0.24907067197632812,0.1,0.09575722825434033,1.5,1.0742441405121526,9971.78040349213,-5933.210509987409
4,0.4,0.25,0.24179257138861474,0.1,0.09324533949642294,1.5,1.1145801009227276,10046.810201597305,-5895.940322565739
5,0.4,0.25,0.24458092700623366,0.1,0.09698000887383469,1.5,1.547906879399784,10042.786136905786,-5905.603387566579
6,0.4,0.25,0.2452274414241877,0.1,0.09497247387873266,1.5,1.1149893114242362,10038.987577981543,-5906.426121289617
7,0.4,0.25,0.24061456556844257,0.1,0.0938889759630135,1.5,1.035811359872626,10046.583041541673,-5898.288126462148
8,0.4,0.25,0.24310356476822567,0.1,0.09476480949461313,1.5,1.0858215517584828,10093.826447722126,-5871.152045184994
9,0.4,0.25,0.24453605017174476,0.1,0.09649703784976803,1.5,1.2605563508456712,9976.658206796616,-5950.238246688591
10,0.4,0.25,0.24167834041956157,0.1,0.09215834072116064,1.5,1.1864783599274673,10055.642579213245,-5957.171139302218
11,0.4,0.25,0.23664980526670196,0.1,0.09094229144370444,1.5,1.1210821463925023,10013.33650513853,-6134.572603238988
12,0.4,0.25,0.2531946207844993,0.1,0.09878866581241144,1.5,1.0084577587079442,10029.976425848852,-5944.293066429407
13,0.4,0.25,0.2583600807984589,0.1,0.09807965902313218,1.5,1.028928991943485,9988.825424697983,-5920.647700121375
14,0.4,0.25,0.2489072993643606,0.1,0.0958041145259949,1.5,1.2231745047555436,9950.291548690338,-7648.526111427045
15,0.4,0.25,0.2505923243303185,0.1,0.09543511909766256,1.5,1.0256990212458357,9996.130923251574,-6089.398822592417
16,0.4,0.25,0.23065854386379192,0.1,0.09189393187819883,1.5,1.2711151425629472,10005.359136850118,-6214.839643537442
17,0.4,0.25,0.24788598041978668,0.1,0.09643206721607625,1.5,1.1238778519136183,10005.012238095203,-5952.380561147678
18,0.4,0.25,0.24288144970069017,0.1,0.0976550376668453,1.5,1.4242456816947924,10079.487642196193,-5882.888525475062
19,0.4,0.25,0.2359131117970999,0.1,0.09019599549294963,1.5,1.0733568279082624,9919.454408445752,-6161.463212376717
20,0.4,0.25,0.24073476049864231,0.1,0.09117953774641553,1.5,0.9927972207393931,10098.983221814144,-5895.602722121562
1,0.4,0.25,0.24608098800108658,0.2,0.1972446109226547,0.5,0.43944863902800624,10030.613304997853,-5767.910498194749
2,0.4,0.25,0.24204456880001768,0.2,0.1883076577912394,0.5,0.4150133988671419,10052.839442882143,-6007.872285328425
3,0.4,0.25,0.24646627610271168,0.2,0.19128800072278743,0.5,0.403275286905869,9983.231201749953,-5716.4788060496685
4,0.4,0.25,0.24966064972047378,0.2,0.19665965003672786,0.5,0.519783051255168,9968.81857231384,-5874.6987886909865
5,0.4,0.25,0.2449668645889455,0.2,0.18764524978839647,0.5,0.4038127486626412,10051.869528469222,-5745.567676675561
6,0.4,0.25,0.25131909705795985,0.2,0.19553365101020523,0.5,0.4936122319435482,9961.060977065074,-5828.411140148858
7,0.4,0.25,0.24235386352702215,0.2,0.19177887198875462,0.5,0.41029190900734414,10105.245349389965,-7373.903429623084
8,0.4,0.25,0.22401639911319698,0.2,0.17479024848856373,0.5,0.3637084786202774,10150.356793865547,-5953.558287297612
9,0.4,0.25,0.2425078978544282,0.2,0.19042160293630606,0.5,0.38635113300163215,10160.184822343346,-5858.121042008306
10,0.4,0.25,0.25619735375069597,0.2,0.19856455875922974,0.5,0.36194815114842926,9920.64858422079,-5815.629423399856
11,0.4,0.25,0.25711134719134604,0.2,0.19819506166232673,0.5,0.3596928262878253,9982.84381610428,-7448.860988186504
12,0.4,0.25,0.24266277439962441,0.2,0.19221434690843445,0.5,0.3827763812493929,10078.965209640905,-5763.170697589366
13,0.4,0.25,0.23753905858111596,0.2,0.1890792149512375,0.5,0.44123381794314137,10173.95974855916,-5768.013513359441
14,0.4,0.25,0.2521380852232494,0.2,0.19539845522414345,0.5,0.3375211982261035,9995.495060036603,-5784.78700849805
15,0.4,0.25,0.25648825271619924,0.2,0.19499077110688515,0.5,0.3835930395086981,9921.498725211992,-5747.717553119626
16,0.4,0.25,0.2500701578035641,0.2,0.19798458793084214,0.5,0.3834473590099072,9982.958072775918,-5879.794517814105
17,0.4,0.25,0.24724964856865528,0.2,0.19835417934539634,0.5,0.41515268561759466,9998.080925849243,-5874.945729621275
18,0.4,0.25,0.24784232896704478,0.2,0.19864572392813445,0.5,0.45428801490312637,10085.889444919527,-5799.936891846137
19,0.4,0.25,0.2491960906002837,0.2,0.19369649941514874,0.5,0.4099037529781,9992.14506093718,-5817.490176424438
20,0.4,0.25,0.23996506042264606,0.2,0.18508718822806755,0.5,0.4097656572495709,10115.566184385305,-5834.512403084191
1,0.4,0.25,0.22938079852525028,0.2,0.20547706323128317,1.0,1.120845369704775,10056.591720880497,-5929.4100312921855
2,0.4,0.25,0.2482188544599158,0.2,0.1964012701274189,1.0,0.8665742974483513,10008.9586827954,-5908.704745457595
3,0.4,0.25,0.24921457639896655,0.2,0.18748664313492644,1.0,0.7359604979668433,9999.393050343468,-5912.194153307044
4,0.4,0.25,0.2627005535816973,0.2,0.2019603726816956,1.0,0.8181287445958948,9887.374752418802,-6038.477044200748
5,0.4,0.25,0.25460286663744275,0.2,0.2006954342188197,1.0,0.9694688883642968,9902.235136637342,-7160.84477422216
6,0.4,0.25,0.23874650834667843,0.2,0.18011975031866526,1.0,0.8610936341097011,10166.387687165623,-6964.232988136651
7,0.4,0.25,0.25196159515402594,0.2,0.1975097689594118,1.0,0.8588333583085483,10043.727368105487,-5906.694574015188
8,0.4,0.25,0.2474680653718521,0.2,0.19206487875836312,1.0,0.8881204745950395,10002.504632833192,-8123.850738929068
9,0.4,0.25,0.24817717414449164,0.2,0.1911286938311394,1.0,0.8334430393167952,10104.456325459922,-5930.528179260609
10,0.4,0.25,0.2492338731794951,0.2,0.1974324170803217,1.0,0.895726375473305,9945.534870920905,-5940.422838906875
11,0.4,0.25,0.24727557568659875,0.2,0.19182761620404765,1.0,0.8404884380793326,9980.614816908059,-5915.150768393163
12,0.4,0.25,0.2500278541852974,0.2,0.19195447154552467,1.0,0.7945541298910178,10070.8668545788,-5952.806610376145
13,0.4,0.25,0.25523680354756867,0.2,0.18994638589632035,1.0,0.771348444456246,9919.1636218856,-5857.687481297235
14,0.4,0.25,0.2549127684864294,0.2,0.18738321470149646,1.0,0.7617129808075688,10028.363289425228,-6043.882925544057
15,0.4,0.25,0.24983834182609,0.2,0.196622440867832,1.0,0.8360248250599842,9962.13128209279,-5922.884164201594
16,0.4,0.25,0.252784956733342,0.2,0.19692957928246646,1.0,0.8744869577450831,10063.009368749725,-6024.989949184913
17,0.4,0.25,0.24901904577937267,0.2,0.18879731446046064,1.0,0.8220146940991533,10002.059439355802,-5889.410107885357
18,0.4,0.25,0.24726369916891955,0.2,0.187723485568358,1.0,0.7721045423440811,10076.139835935912,-7179.724009101713
19,0.4,0.25,0.2570660135640273,0.2,0.1929750556330168,1.0,0.7887949849511072,9945.809546727935,-6421.906050156058
20,0.4,0.25,0.2586566998415279,0.2,0.20498706733179184,1.0,0.8862398293534172,9849.252000750837,-7830.852166492368
1,0.4,0.25,0.2513644798932031,0.2,0.18644517001492442,1.5,1.2450177389275874,9950.06082529905,-6048.208946691368
2,0.4,0.25,0.2423676800844422,0.2,0.18817817765990685,1.5,1.3276694184118139,9997.27240296567,-5959.6994617162745
3,0.4,0.25,0.25988997707951356,0.2,0.20546878511780828,1.5,1.4466402054884973,9981.59503789419,-6774.210987077839
4,0.4,0.25,0.25358951761942145,0.2,0.19676831683440302,1.5,1.3243282550848727,9866.18099913471,-6050.132083395607
5,0.4,0.25,0.25215586170122256,0.2,0.188861435798144,1.5,1.327228752313265,9966.61560977794,-6134.386366664921
6,0.4,0.25,0.267978694678414,0.2,0.20268219388999728,1.5,1.2527001657302117,9911.551740668543,-5993.390007138648
7,0.4,0.25,0.24915014001898067,0.2,0.19271588843673862,1.5,1.2764336436474728,10040.027451331083,-5909.1178892133885
8,0.4,0.25,0.2620649683322096,0.2,0.1878715832640189,1.5,1.2022169844944857,9999.956510108,-6210.328223127556
9,0.4,0.25,0.2520651040331806,0.2,0.19572840875016723,1.5,1.3386254494314334,10027.227750434844,-6026.608872925271
10,0.4,0.25,0.2499644875229368,0.2,0.19093127418613817,1.5,1.2914674696564392,9965.637738779482,-5994.610819090446
11,0.4,0.25,0.25602825791893835,0.2,0.19622475833214914,1.5,1.2282286592769245,9870.261492983595,-6041.1286429571355
12,0.4,0.25,0.24304092839996025,0.2,0.1850466699076913,1.5,1.382628992822838,10010.201576394877,-7120.029632048263
13,0.4,0.25,0.24115576027798488,0.2,0.1804566158870177,1.5,1.2968806861311266,10121.944183889093,-6046.538045192762
14,0.4,0.25,0.25452073939666087,0.2,0.19026635405037867,1.5,1.2422585436336337,9973.299474413534,-6002.508448071757
15,0.4,0.25,0.25641066456079264,0.2,0.19292283316692185,1.5,1.249372700745905,9986.101918061791,-8159.18988775907
16,0.4,0.25,0.2485254926580569,0.2,0.18583115531872726,1.5,1.2342704887272107,9982.312380592168,-6087.220191737277
17,0.4,0.25,0.24325512526851908,0.2,0.18747188209172225,1.5,1.320101385650574,9974.234612807712,-5947.311836176317
18,0.4,0.25,0.2532088438575093,0.2,0.18772534701363455,1.5,1.2370832201561925,9990.736977829645,-6113.387330025358
19,0.4,0.25,0.2627532605908468,0.2,0.2045274929499299,1.5,1.2653802620923233,9912.997716466707,-6132.229431599129
20,0.4,0.25,0.257223443279097,0.2,0.18494288721240312,1.5,1.2113875955468414,9905.264097304589,-6895.836645044146
1,0.4,0.25,0.2547122839098596,0.3,0.3125349138258382,0.5,0.4302528042493897,9827.045040714173,-5506.164066778388
2,0.4,0.25,0.2425705699063766,0.3,0.27742888100093643,0.5,0.38450991425025294,10040.006311639061,-5599.016342842043
3,0.4,0.25,0.26521387488702314,0.3,0.31895010611061464,0.5,0.4254660242560427,9870.23295770713,-5492.222337208168
4,0.4,0.25,0.25351518933833456,0.3,0.2863539915069353,0.5,0.4051703434998099,10045.05810630838,-5563.039949655906
5,0.4,0.25,0.24750836813553043,0.3,0.2841503089804004,0.5,0.4289942101665537,10063.312058831347,-5487.186565477408
6,0.4,0.25,0.2438506640155635,0.3,0.2870872315343564,0.5,0.4289480761946353,10053.114238956772,-5603.623333656382
7,0.4,0.25,0.2472990790181194,0.3,0.2914018547051252,0.5,0.4541072040547291,9983.0713013814,-5539.15888178284
8,0.4,0.25,0.25275108299614457,0.3,0.2874890901739621,0.5,0.3718522731689266,10055.584070547593,-5518.904183048504
9,0.4,0.25,0.2615553631170652,0.3,0.2863966155024189,0.5,0.35552175614933773,9953.081551980858,-5526.539477264777
10,0.4,0.25,0.23470011213289102,0.3,0.26879586660115895,0.5,0.3944868616980685,10124.91273576835,-7829.623124457248
11,0.4,0.25,0.25373514322956564,0.3,0.27938959937909574,0.5,0.36627791094207884,9930.024004371384,-5498.298084937098
12,0.4,0.25,0.25887938170691477,0.3,0.2802712955979325,0.5,0.3429090165418755,10034.393849681082,-5563.234499630949
13,0.4,0.25,0.25670607316577754,0.3,0.29739533563191184,0.5,0.41933009228962403,10068.45143855621,-5514.055436909451
14,0.4,0.25,0.24914243823594642,0.3,0.29126513745787025,0.5,0.4198558797339552,10060.359583654646,-5528.946798056086
15,0.4,0.25,0.2565330824272297,0.3,0.29217363119615375,0.5,0.39946692035832426,9959.801785288413,-5418.8587746469475
16,0.4,0.25,0.25335661112261176,0.3,0.28816631907056706,0.5,0.4174542871619942,9980.461234083969,-5739.374028002582
17,0.4,0.25,0.24431185750705792,0.3,0.288842929792161,0.5,0.4573229779874112,10036.869605197619,-5852.939143286964
18,0.4,0.25,0.2541939103531284,0.3,0.2929040338748972,0.5,0.42205640129645455,10083.726532094983,-5613.9188447270735
19,0.4,0.25,0.255300388131723,0.3,0.2945046937169241,0.5,0.4045252079273646,9883.5249333061,-5543.0430893776365
20,0.4,0.25,0.25433871886265386,0.3,0.2952410527867794,0.5,0.4421077091737458,10089.436367470025,-7607.821427106707
1,0.4,0.25,0.26224047146745844,0.3,0.2989209801131422,1.0,0.8299675032950382,9843.051278283778,-5873.400195809562
2,0.4,0.25,0.26112673294894195,0.3,0.2881509220395678,1.0,0.8273675206557153,9933.443450423736,-5758.956623156306
3,0.4,0.25,0.2550654295243309,0.3,0.2925209847515032,1.0,0.8931678862608421,10001.836941580228,-5791.381817727083
4,0.4,0.25,0.2597354226152724,0.3,0.308694110929024,1.0,0.9577527361826579,9947.11126992256,-5693.828808295293
5,0.4,0.25,0.262813152904453,0.3,0.2855709426736085,1.0,0.8034188300061028,9988.839710999933,-5809.383000824083
6,0.4,0.25,0.2604514860117093,0.3,0.291056248270481,1.0,0.8133483518128162,9993.28706536673,-5777.315644658514
7,0.4,0.25,0.26159408810944373,0.3,0.30589737808601525,1.0,0.8695665718107011,9954.384441954695,-5893.990046153105
8,0.4,0.25,0.2620778384046111,0.3,0.2931558654683773,1.0,0.7725442328544999,9968.492716827652,-5858.9439319349885
9,0.4,0.25,0.2507944231116263,0.3,0.2824304815340244,1.0,0.8396039584410545,9977.017605306195,-5862.381796415726
10,0.4,0.25,0.24973818023058703,0.3,0.28053462171395455,1.0,0.8415152149403852,10060.223688052407,-5798.213314682508
11,0.4,0.25,0.25880179550520377,0.3,0.287013811683878,1.0,0.8511730038447473,10043.418388716014,-6410.664755113072
12,0.4,0.25,0.2474809510789924,0.3,0.2872475797622133,1.0,0.9075010347815452,9917.162694383891,-5850.294253932962
13,0.4,0.25,0.26190236596716865,0.3,0.2914600298035778,1.0,0.8288558735775184,9930.843770457313,-5826.166928700119
14,0.4,0.25,0.254749595440629,0.3,0.29188829145633116,1.0,0.8710012427626372,9952.388108894695,-5889.374627961988
15,0.4,0.25,0.2508137375624465,0.3,0.2912101967759507,1.0,0.898580181085359,9980.048532648749,-5788.064290991443
16,0.4,0.25,0.26403762314948803,0.3,0.2899264326934543,1.0,0.8489535136810085,9935.056541921376,-6826.420543941937
17,0.4,0.25,0.252869762951813,0.3,0.2874144827368313,1.0,0.8896703647864727,10037.454780111642,-6208.2624291338125
18,0.4,0.25,0.2496132154406596,0.3,0.2810273147525193,1.0,0.8672770914337251,10146.629710569487,-5797.845510222056
19,0.4,0.25,0.24898130160750742,0.3,0.28364743840443074,1.0,0.8771222564256641,10000.80243850195,-6527.978142139567
20,0.4,0.25,0.25309851364447605,0.3,0.2873175574795606,1.0,0.8864895324345009,10045.7808072113,-5771.227413521144
1,0.4,0.25,0.27111290368521285,0.3,0.2835710026498779,1.5,1.1844068510323975,9914.493406971354,-5949.793048617854
2,0.4,0.25,0.26718879714360877,0.3,0.3132974614579694,1.5,1.3941916030660257,9806.68453653018,-6040.979867982497
3,0.4,0.25,0.2544502941835476,0.3,0.289152375853117,1.5,1.3777863029867525,9996.380621848059,-6016.890044239841
4,0.4,0.25,0.24621715841640857,0.3,0.28641166844409244,1.5,1.4169099402789491,10004.533171923651,-5986.8551980190805
5,0.4,0.25,0.23743989372427332,0.3,0.28652304649287796,1.5,1.453503319815073,10059.256906960461,-5897.70216198881
6,0.4,0.25,0.25316953619632004,0.3,0.2842973598965752,1.5,1.3194278594276125,9977.445558859776,-6103.3356705614115
7,0.4,0.25,0.28651606651871975,0.3,0.29157419687763475,1.5,1.1507778388998182,9918.392273843387,-6076.497847615171
8,0.4,0.25,0.24994675888818743,0.3,0.285334903611405,1.5,1.335668315539566,10033.686902294128,-5840.204589341628
9,0.4,0.25,0.25887765453487405,0.3,0.26858561744519843,1.5,1.1684100252393914,10023.075936176767,-6559.2759796996015
10,0.4,0.25,0.26856790642924216,0.3,0.28470917211895,1.5,1.302738002859882,9938.568707747734,-6056.747892738355
11,0.4,0.25,0.2556505305375588,0.3,0.2925379117413424,1.5,1.3615261536565348,9969.543731369316,-6237.312184902825
12,0.4,0.25,0.2441744761295466,0.3,0.28410134299558015,1.5,1.3849527329731075,10161.895078839154,-5997.572933387143
13,0.4,0.25,0.2518233189375425,0.3,0.2887128442892846,1.5,1.3640648352482698,9934.148811664862,-5927.7569722831595
14,0.4,0.25,0.25459169131603426,0.3,0.2773775004199792,1.5,1.3125851807695734,9905.311764208845,-5924.247208960419
15,0.4,0.25,0.25120628662871325,0.3,0.27262368370328915,1.5,1.280194373735437,10096.241260625653,-6065.624608070208
16,0.4,0.25,0.2621976275891026,0.3,0.28261279182885485,1.5,1.2492844336050866,9999.592690537274,-5880.028180823218
17,0.4,0.25,0.24455802036448918,0.3,0.28706484358891016,1.5,1.4141191754652447,10021.891010016661,-6591.0342178109195
18,0.4,0.25,0.2528615701310785,0.3,0.27160928371727394,1.5,1.2825901917657485,10114.608409224684,-7061.325034342835
19,0.4,0.25,0.2688901665635568,0.3,0.2894696638465292,1.5,1.2289035496107028,9933.546191500222,-5940.012912676359
20,0.4,0.25,0.25118918242434046,0.3,0.2771814878047809,1.5,1.3119650597922696,10102.621519237813,-5855.234460598354
1,0.4,0.5,0.49596483895129195,0.1,0.09971803778555052,0.5,0.2600935155802378,10001.731137660836,-5644.7744496207915
2,0.4,0.5,0.4642156082872017,0.1,0.0992857503351068,0.5,0.491355203314986,10116.721804791965,-5701.664486661597
3,0.4,0.5,0.4701083342184387,0.1,0.09501752872109523,0.5,0.17812118815708156,10034.917697552217,-5668.382806073198
4,0.4,0.5,0.4956584521217918,0.1,0.10094806502128663,0.5,0.4034986879346679,9959.08414875202,-5786.231522109041
5,0.4,0.5,0.5217349152693125,0.1,0.104888524520558,0.5,0.3700253473678779,9944.047257099968,-5637.202248856779
6,0.4,0.5,0.45812129016660424,0.1,0.09436231808443653,0.5,0.2922293592542471,10050.390687340738,-5693.540310868826
7,0.4,0.5,0.49764231015441546,0.1,0.10099071679339151,0.5,0.414066062502251,9912.153302439372,-7680.341469284297
8,0.4,0.5,0.4995971677860437,0.1,0.10088165735922455,0.5,0.503994057194407,9953.369276913156,-5682.6994335212785
9,0.4,0.5,0.5273703464954853,0.1,0.10592169497907593,0.5,0.24162284099466996,9854.685132825505,-6275.001025628913
10,0.4,0.5,0.47739487419320525,0.1,0.09633557751574134,0.5,0.2534799601974857,10021.246427099773,-5859.360046124017
11,0.4,0.5,0.4728177314167866,0.1,0.09852389688560177,0.5,0.37591771807634855,10041.214088454279,-5652.161794734202
12,0.4,0.5,0.4451276937787245,0.1,0.09295157887514677,0.5,0.2963684011729661,10102.429217839413,-5716.231662279972
13,0.4,0.5,0.5167838237805613,0.1,0.103753791295905,0.5,0.2957141435670963,9958.359833220167,-5698.619990299274
14,0.4,0.5,0.4777248352616771,0.1,0.1030769108961013,0.5,0.620071895612278,9977.290274543913,-5687.0122861979835
15,0.4,0.5,0.4974071029976375,0.1,0.09890188010943965,0.5,0.20535147039261029,10007.588851505023,-5633.166400596216
16,0.4,0.5,0.4714397847810144,0.1,0.09517307008900595,0.5,0.25988762083861794,10088.447689929637,-5703.2194423309065
17,0.4,0.5,0.45900636757464247,0.1,0.09760413487951546,0.5,0.3745015000354864,10042.975462851322,-5655.739200866239
18,0.4,0.5,0.4877285713394501,0.1,0.09690352939919072,0.5,0.18246241056132487,10040.599543686925,-5637.804546182154
19,0.4,0.5,0.5421352365758426,0.1,0.09747503134576604,0.5,0.0775735621624499,9857.910269777789,-5691.276622208907
20,0.4,0.5,0.5141682627617135,0.1,0.10079720162507672,0.5,0.21745342030201725,9963.388057514045,-5709.060697839577
1,0.4,0.5,0.5077274454567278,0.1,0.10077156287296259,1.0,0.6755397758355528,9957.194282704348,-6500.471155730449
2,0.4,0.5,0.5019837985424671,0.1,0.09906325386253204,1.0,0.6379782658667571,9956.658735049074,-5606.908364563408
3,0.4,0.5,0.4782259353931782,0.1,0.09376547679301687,1.0,0.6519092959695808,10074.770791624229,-5687.51181992203
4,0.4,0.5,0.4863966338983689,0.1,0.09821215481683396,1.0,0.598210720202843,9991.62290488548,-5731.871724479579
5,0.4,0.5,0.5556958131762927,0.1,0.10911829481401356,1.0,0.6456082603165911,9890.462826687823,-5596.577160756033
6,0.4,0.5,0.5109831392543213,0.1,0.10041841584717953,1.0,0.5840506537043594,9945.753735589682,-5646.504190846557
7,0.4,0.5,0.4879150542424667,0.1,0.0961694646404773,1.0,0.5196406867065171,10018.06637081159,-5636.557556647031
8,0.4,0.5,0.4235639728174409,0.1,0.09136899830043174,1.0,0.7999613140802515,10128.487165357676,-5709.727598414278
9,0.4,0.5,0.5267337711501827,0.1,0.10450591339811297,1.0,0.6096249634642386,9892.423715639881,-5657.782407573159
10,0.4,0.5,0.48539775443218514,0.1,0.10038935626190118,1.0,0.7903592829999422,9922.893497898285,-6793.271680220681
11,0.4,0.5,0.49743410307915437,0.1,0.09626552567627672,1.0,0.5568864277985026,10005.835183572824,-5595.999003723008
12,0.4,0.5,0.4402712896475051,0.1,0.09381356876407664,1.0,0.865903947373948,10168.694021961994,-5590.173120193047
13,0.4,0.5,0.4965483326745306,0.1,0.09714040901806387,1.0,0.5038447272874453,10000.938284294802,-5662.608418331738
14,0.4,0.5,0.49488267978526196,0.1,0.09923147790814657,1.0,0.6628194113408575,9964.865834235927,-5642.170020594147
15,0.4,0.5,0.5540010832538451,0.1,0.109874621105546,1.0,0.6323887837567524,9834.26571811215,-5599.790503301396
16,0.4,0.5,0.4626512772639484,0.1,0.09446733628962517,1.0,0.7708929810276037,10033.032017002159,-6330.716761780724
17,0.4,0.5,0.47958503406692743,0.1,0.09558172683404095,1.0,0.6008132913601145,10069.150853028128,-5618.772624732523
18,0.4,0.5,0.48561294637318075,0.1,0.09687182197458746,1.0,0.6403020510346363,10034.249181381245,-5681.371359040204
19,0.4,0.5,0.503552722951346,0.1,0.10017224154190425,1.0,0.6880618356757688,9919.100652654843,-5678.459747377163
20,0.4,0.5,0.47828871569676396,0.1,0.09419159785710508,1.0,0.6657881741730101,10071.774007928887,-5655.563558759784
1,0.4,0.5,0.5091618546827706,0.1,0.1007110990471958,1.5,1.0940248305921796,9983.984682507085,-5859.642733538665
2,0.4,0.5,0.4939387727050708,0.1,0.09790685336710873,1.5,1.0435311193232837,9994.08454826641,-5619.911374922036
3,0.4,0.5,0.4423404626711065,0.1,0.08975154309688746,1.5,0.8971839861041153,10136.412077210345,-5599.0329450753525
4,0.4,0.5,0.46449577351846505,0.1,0.09560473430195222,1.5,1.0084755643139964,10118.241073292984,-5669.098008656671
5,0.4,0.5,0.5034961164021723,0.1,0.09678998685766148,1.5,0.876033185707398,9975.606666897258,-5674.1644634247605
6,0.4,0.5,0.48277109691658454,0.1,0.0960853738962615,1.5,1.1081768765758941,10059.4339208043,-5618.831950658038
7,0.4,0.5,0.5367080055129129,0.1,0.1080129836587193,1.5,1.2600234385721454,9898.463242596205,-5588.799127001881
8,0.4,0.5,0.500850246744723,0.1,0.0968264264507801,1.5,0.9045478939842292,10049.932876513945,-5621.7978687686245
9,0.4,0.5,0.5405622351949688,0.1,0.10736167621514005,1.5,1.183308861768485,9888.378755098218,-5639.938780077873
10,0.4,0.5,0.49661584767748895,0.1,0.09807376460053831,1.5,1.067436377384621,9965.718116923357,-5609.217629652952
11,0.4,0.5,0.5178365710840255,0.1,0.09833490624613944,1.5,0.9369668338915421,9960.974753441893,-5605.709691799303
12,0.4,0.5,0.49175529008596175,0.1,0.1003928161188389,1.5,1.282968574958289,9999.938634588354,-5685.06961206964
13,0.4,0.5,0.5064768555848947,0.1,0.09827901840518136,1.5,1.0562675747507426,9956.011821848331,-5647.217621874592
14,0.4,0.5,0.5577356115408593,0.1,0.10807758878655391,1.5,1.178269634364763,9930.844583033168,-7218.779885022107
15,0.4,0.5,0.49228914292514386,0.1,0.09432130021957459,1.5,0.8881588493916786,10051.98225166095,-5733.046102532206
16,0.4,0.5,0.4762106808549181,0.1,0.10056185824591156,1.5,1.301866419012069,10076.731427412937,-6089.322704165921
17,0.4,0.5,0.4724913975766855,0.1,0.09350971924201454,1.5,1.1503414586668084,10058.23974995982,-6649.995980028818
18,0.4,0.5,0.5129849611397738,0.1,0.09719684642552102,1.5,0.9458770925136175,9948.966097994959,-5638.447455549345
19,0.4,0.5,0.4839603111289038,0.1,0.09642353140855674,1.5,1.0504280486495876,10002.494330033884,-5633.588218694727
20,0.4,0.5,0.47533209895116096,0.1,0.09267446435114902,1.5,1.0189731456809088,10056.311416501163,-6806.462347673356
1,0.4,0.5,0.5139827957420189,0.2,0.2001408878303732,0.5,0.4396948015389142,9981.074426695797,-7170.271319718604
2,0.4,0.5,0.49530162887984786,0.2,0.19368291257892659,0.5,0.30729106826043984,9993.827232565696,-5943.467041452464
3,0.4,0.5,0.5038869336898247,0.2,0.19791935693469287,0.5,0.3542455679489185,10001.033839026355,-6013.117576980358
4,0.4,0.5,0.5112560086096287,0.2,0.202050539178145,0.5,0.358587282176644,9959.082855540293,-6009.57930711574
5,0.4,0.5,0.5034572668717826,0.2,0.2025170325232595,0.5,0.34502162508463,10003.76641517516,-6049.907361427317
6,0.4,0.5,0.5226381441228218,0.2,0.19883513824773796,0.5,0.3450815166675822,9959.300982670295,-5968.010573608968
7,0.4,0.5,0.509976515683495,0.2,0.19725078600546636,0.5,0.3902120846190615,9974.294403432059,-8981.984175862883
8,0.4,0.5,0.4952516241236309,0.2,0.1928460479689707,0.5,0.34688355744854926,9985.083223265832,-5948.011885756196
9,0.4,0.5,0.49844801669559,0.2,0.19780940325771879,0.5,0.38959089784824413,10055.410785763162,-6048.441299390949
10,0.4,0.5,0.5102679159706145,0.2,0.20213574394796557,0.5,0.4074118892342864,10032.86569358185,-5945.980629597276
11,0.4,0.5,0.47736562978814956,0.2,0.19045191309134907,0.5,0.4336759910426798,10100.734354356284,-8087.136000583766
12,0.4,0.5,0.5035277368450962,0.2,0.1977465182921873,0.5,0.3387792672601823,10071.57668783911,-6002.643008759312
13,0.4,0.5,0.4908360130494598,0.2,0.1943308337978356,0.5,0.34198328509983356,10025.04621656614,-6021.948998862809
14,0.4,0.5,0.48604044842508026,0.2,0.19294628798114877,0.5,0.46000440427885253,10117.585480155129,-5957.64565250162
15,0.4,0.5,0.4851849819802506,0.2,0.18866167907554293,0.5,0.3743062981309223,10141.803059134338,-5965.476928914524
16,0.4,0.5,0.5246207530144654,0.2,0.19211753794568037,0.5,0.2267573047785997,9964.926899105492,-7844.641888094358
17,0.4,0.5,0.5342056305156062,0.2,0.20012518191564901,0.5,0.35098722788474973,9893.3979982685,-6034.886287920426
18,0.4,0.5,0.4663444111248524,0.2,0.19519235604811933,0.5,0.5427554040501679,10005.501039838486,-7493.169086004709
19,0.4,0.5,0.5290352018622323,0.2,0.2023733901300462,0.5,0.2979273725918057,9937.165569768371,-6056.492786726365
20,0.4,0.5,0.5317811477452538,0.2,0.19943720392508676,0.5,0.25356142946423604,9903.518435634332,-7187.4139833044
1,0.4,0.5,0.49396911111865976,0.2,0.18940282552780416,1.0,0.8585794595166576,10073.730829635047,-6010.793391259678
2,0.4,0.5,0.5317469528315956,0.2,0.1938724178410635,1.0,0.6574742424588449,9960.143478803178,-6167.594280135908
3,0.4,0.5,0.5119236772984335,0.2,0.1991113003305924,1.0,0.8222462403727341,9978.68420633596,-7086.848287967655
4,0.4,0.5,0.5179628028153004,0.2,0.1939422279114178,1.0,0.7077161416103398,10039.620013800828,-6266.795610074729
5,0.4,0.5,0.49985837282957446,0.2,0.1936517638254335,1.0,0.7832390280894351,9907.766454335855,-6012.189751263261
6,0.4,0.5,0.5196433764515345,0.2,0.19472939949003792,1.0,0.7731721087899999,9952.79440962763,-5987.453508219867
7,0.4,0.5,0.483855150444161,0.2,0.19696531283068922,1.0,0.9587487783692498,9967.46268433618,-6025.90570654778
8,0.4,0.5,0.497592603894826,0.2,0.19680115283169197,1.0,0.8680219301698822,10094.973146522816,-6047.868021631955
9,0.4,0.5,0.5150426091686897,0.2,0.19970405424645538,1.0,0.8510943633870984,9977.363403849218,-6106.619038438645
10,0.4,0.5,0.4990695639102829,0.2,0.1978528820124455,1.0,0.7853242067892258,9958.13962981498,-7349.2256941593805
11,0.4,0.5,0.5066892701854698,0.2,0.19804084378673711,1.0,0.8103540969666984,9995.15643613764,-6014.58381097434
12,0.4,0.5,0.535438434019713,0.2,0.2035070868816987,1.0,0.8516685896793978,9938.68735179734,-6630.421649686056
13,0.4,0.5,0.5214677451324838,0.2,0.1991944515119221,1.0,0.8067591987927503,9979.982836101344,-6063.108015005357
14,0.4,0.5,0.5062961988813316,0.2,0.2041280032734973,1.0,1.0240411030686678,9953.622344795624,-6053.430283467089
15,0.4,0.5,0.4745456066457991,0.2,0.18577947733821196,1.0,0.7515810367022235,10085.080340019713,-5954.450285009525
16,0.4,0.5,0.5008158163709366,0.2,0.19653238213843596,1.0,0.8953809734619879,9987.87593782404,-6189.593588380963
17,0.4,0.5,0.49894314233928305,0.2,0.19105423849858072,1.0,0.7684609420678585,9992.417511640006,-6044.348956222486
18,0.4,0.5,0.493399290768809,0.2,0.19356190677644566,1.0,0.8165738944472519,9977.120654905038,-6040.968511092544
19,0.4,0.5,0.5183202501673285,0.2,0.20513212305199732,1.0,0.8213909772388429,9916.527921381976,-5989.832463500939
20,0.4,0.5,0.4862628473441978,0.2,0.1900382780721258,1.0,0.8561452309825055,10130.730047763329,-5956.865220601749
1,0.4,0.5,0.4887593261486406,0.2,0.1870274259601925,1.5,1.2624005545477024,10123.603261708971,-7972.100860841699
2,0.4,0.5,0.490461531440933,0.2,0.1899117364178379,1.5,1.1936446235107714,10070.453082121887,-6162.490950431342
3,0.4,0.5,0.5166235917776266,0.2,0.19499753197855615,1.5,1.3146855094264587,9941.452572906357,-5972.169545892588
4,0.4,0.5,0.5190340393814873,0.2,0.19123076561702654,1.5,1.1222588869684782,9984.606478558386,-6093.9505254718015
5,0.4,0.5,0.5070021414908815,0.2,0.1953653699107927,1.5,1.2427620639571526,9983.320585043379,-5964.26544075155
6,0.4,0.5,0.4904734844444506,0.2,0.18987224540804745,1.5,1.2705897207239947,10099.007799640533,-6090.732036975443
7,0.4,0.5,0.45982143692584654,0.2,0.18639382742696523,1.5,1.3189635745756012,10260.214597071506,-6094.107845966495
8,0.4,0.5,0.5090802544599085,0.2,0.17746506862026623,1.5,1.0673284147463262,10153.268021277143,-5981.937978861765
9,0.4,0.5,0.505544687592886,0.2,0.19291408677742275,1.5,1.3126223786933189,9981.687137173712,-6192.657073422708
10,0.4,0.5,0.5111320478163967,0.2,0.19445437606351126,1.5,1.2109858515546692,9987.903765790048,-6481.2761799277105
11,0.4,0.5,0.5012450795591726,0.2,0.18397492680803507,1.5,1.1183807797636016,10043.113784460387,-5994.586547324546
12,0.4,0.5,0.4867228949125447,0.2,0.17369330282720136,1.5,1.0849151706065954,10098.407327385243,-6001.913434257614
13,0.4,0.5,0.5150206091366656,0.2,0.1953915080017189,1.5,1.2532750169902624,10006.228451592471,-5997.604804158618
14,0.4,0.5,0.5116921757385424,0.2,0.1907627040624685,1.5,1.167734077912843,10025.920106734666,-6593.799242612058
15,0.4,0.5,0.5215109287058654,0.2,0.1879311989293795,1.5,1.1038113645984375,10004.672787451049,-5979.905560669393
16,0.4,0.5,0.5147577037566267,0.2,0.18747862760389553,1.5,1.146635389557698,10027.82347266108,-5938.578678718375
17,0.4,0.5,0.48977752670096136,0.2,0.18599895372398292,1.5,1.2258084462269332,10111.515463741725,-6392.97869363606
18,0.4,0.5,0.5112274206563043,0.2,0.1979721191913978,1.5,1.2053841306671687,9989.064281113559,-7916.239565777196
19,0.4,0.5,0.5143610587890978,0.2,0.19543936718663166,1.5,1.2077131210128875,9943.04619100537,-5970.751133831801
20,0.4,0.5,0.46021953335862353,0.2,0.16972716061499699,1.5,1.1954168860686045,10209.798571760646,-6025.478112936975
1,0.4,0.5,0.5119227223332076,0.3,0.290409702229164,0.5,0.3848191049571179,10085.186796412929,-6749.035812929453
2,0.4,0.5,0.5025255080493397,0.3,0.29073196829418974,0.5,0.40590073051451936,10018.234868915342,-7398.31192344756
3,0.4,0.5,0.4732977390054511,0.3,0.29140016249454326,0.5,0.5072854662854152,10047.957973181814,-6035.3045704878805
4,0.4,0.5,0.5201986235422431,0.3,0.2874626769338732,0.5,0.3639345796421577,10012.163627751688,-6807.8607437783585
5,0.4,0.5,0.4826349618962387,0.3,0.3051922703270887,0.5,0.428069657510891,9984.242773296264,-5962.651433961295
6,0.4,0.5,0.5009724288987116,0.3,0.29368627024648525,0.5,0.4552625763633431,9970.991733181578,-5928.500696398096
7,0.4,0.5,0.4992208686257528,0.3,0.29346794031942114,0.5,0.49099196598590217,9994.868393903618,-6322.1743567200565
8,0.4,0.5,0.486291059348877,0.3,0.29227165677321415,0.5,0.45725481288320036,10056.390984220923,-6166.886048707787
9,0.4,0.5,0.5211670928052337,0.3,0.296541249146663,0.5,0.3912935381378137,10006.023749143975,-7355.962783145216
10,0.4,0.5,0.514155770810378,0.3,0.2925489958874882,0.5,0.37607906567444854,10073.871020455765,-7534.939489491026
11,0.4,0.5,0.5069785009343145,0.3,0.29745861992385614,0.5,0.36746421718743255,9956.127768560033,-5960.667546928767
12,0.4,0.5,0.5021762627577245,0.3,0.29318129222119726,0.5,0.3923180849304059,9990.950988949153,-6063.975863327384
13,0.4,0.5,0.5059344392445041,0.3,0.29680184129500053,0.5,0.4186414943376892,10023.546081461463,-5944.759398073129
14,0.4,0.5,0.4857346881592868,0.3,0.29848866483118186,0.5,0.4593269508083579,10035.130052047936,-5939.985167724753
15,0.4,0.5,0.5264938839751673,0.3,0.309698694965173,0.5,0.4848337491225507,9902.243546253172,-5955.66351787064
16,0.4,0.5,0.5045442971896044,0.3,0.28914313758056204,0.5,0.39172818520572844,10026.495382821455,-5972.885683360279
17,0.4,0.5,0.5039113458394836,0.3,0.2966075814344748,0.5,0.4204234988462989,10026.134588067376,-5957.849123335171
18,0.4,0.5,0.4926706749358221,0.3,0.2818996333946229,0.5,0.40955267130751577,10060.625451205748,-7199.421145175867
19,0.4,0.5,0.5246053259166253,0.3,0.29604619993733405,0.5,0.32978575368292207,9907.11497229885,-8290.065691473825
20,0.4,0.5,0.4972025055917778,0.3,0.2863881115207446,0.5,0.43531267177466837,9999.552953076207,-8496.12241345469
1,0.4,0.5,0.5192900169069071,0.3,0.28717640824629653,1.0,0.785480402249752,9972.9096609508,-7170.738114644269
2,0.4,0.5,0.5068709299211605,0.3,0.2864092075756593,1.0,0.8945411290770292,10062.80503420569,-6104.196099807074
3,0.4,0.5,0.5096776112851331,0.3,0.29657477525273457,1.0,0.8959454765918237,9915.522570445404,-6359.130382666107
4,0.4,0.5,0.4978908274075828,0.3,0.28752467056565895,1.0,0.8450778390136041,10065.438565535042,-6077.49246558603
5,0.4,0.5,0.5002231694547499,0.3,0.29028983508146267,1.0,0.8523813201678191,9981.348822827114,-6096.6504526210465
6,0.4,0.5,0.533757705894819,0.3,0.30232858989413347,1.0,0.7917937698908222,9882.229372152027,-6705.291127891494
7,0.4,0.5,0.5022344412670003,0.3,0.28874626258561803,1.0,0.8394168131681315,9994.163251002023,-6106.252574415265
8,0.4,0.5,0.49150997192531576,0.3,0.27579573396938833,1.0,0.8340892609126047,10096.045550755382,-6631.569244007858
9,0.4,0.5,0.5176942427578968,0.3,0.27623305773150697,1.0,0.7839966305174509,10047.6058521794,-6409.5379749051735
10,0.4,0.5,0.5027658161921135,0.3,0.2946666024529657,1.0,0.8850790122553079,10060.504852281394,-6080.9968109001
11,0.4,0.5,0.5065251859394437,0.3,0.28682926682608634,1.0,0.7949000832582084,9985.10510926232,-6060.077340575136
12,0.4,0.5,0.49342432575207534,0.3,0.28432373721370263,1.0,0.844886144097393,9981.934807637583,-6156.863407143049
13,0.4,0.5,0.4988118265052387,0.3,0.29046346106488485,1.0,0.8646480508952958,10004.1683063888,-6130.765009843641
14,0.4,0.5,0.5053564641857835,0.3,0.29329377147349645,1.0,0.9213470509975544,10015.524851606999,-6074.52474968734
15,0.4,0.5,0.5057711903258123,0.3,0.2915392692751919,1.0,0.8591249529787175,10077.95225526238,-6063.129420589023
16,0.4,0.5,0.49859767699210733,0.3,0.28270312664397584,1.0,0.8444574421510869,10029.06453904336,-6042.6635863542115
17,0.4,0.5,0.49791199314537155,0.3,0.2852618872797056,1.0,0.8603696454433986,10110.512956831131,-6064.322224378775
18,0.4,0.5,0.5091746137186373,0.3,0.29768486112888937,1.0,0.8973747573395405,9930.32176667703,-6037.1110616322585
19,0.4,0.5,0.5176892768057914,0.3,0.2927694217385917,1.0,0.810125638298057,9872.139076209338,-6033.293243176866
20,0.4,0.5,0.5064335641810173,0.3,0.2894176446941059,1.0,0.8545602015075007,10098.206303879193,-6017.848238419873
1,0.4,0.5,0.48186987943760234,0.3,0.2778717619134671,1.5,1.37516098887605,10113.398258715866,-6092.27190126244
2,0.4,0.5,0.505208345861672,0.3,0.28096266934830305,1.5,1.2894131061079166,10145.4722397489,-6127.198932443309
3,0.4,0.5,0.5031825262286127,0.3,0.2841555933772936,1.5,1.292528244814134,10046.59357286851,-6111.338182213314
4,0.4,0.5,0.50437413054603,0.3,0.27578080261870314,1.5,1.2520297303532342,10044.763353750808,-6551.340847219322
5,0.4,0.5,0.5220977834161137,0.3,0.3084960195256348,1.5,1.3777166241575842,9881.993783881646,-6209.927253317625
6,0.4,0.5,0.5313790756285371,0.3,0.2788613742301255,1.5,1.2274395751797196,9916.493198514418,-6222.408806082229
7,0.4,0.5,0.5016250859086089,0.3,0.2835976946715275,1.5,1.2920125248776189,10017.001462244349,-6369.32772311669
8,0.4,0.5,0.4795841589154958,0.3,0.2950457811648108,1.5,1.5009902666410144,10043.83293283881,-6361.82839106446
9,0.4,0.5,0.5099985604118519,0.3,0.3132273740286912,1.5,1.4824172912792988,9822.169824730508,-6084.164010301079
10,0.4,0.5,0.4933797569538389,0.3,0.29351903965862697,1.5,1.417276543102016,10006.250076055585,-6036.665214251674
11,0.4,0.5,0.4893792071653029,0.3,0.280723215062047,1.5,1.3432023936263726,10039.579444640469,-6063.260215256347
12,0.4,0.5,0.4881139700515974,0.3,0.30375234200497203,1.5,1.5073932209108605,9928.315100904116,-6089.34854852009
13,0.4,0.5,0.5259103211673225,0.3,0.2783619847266797,1.5,1.2261808602311342,10055.236122423155,-7798.810888593158
14,0.4,0.5,0.5157908928477647,0.3,0.2851610537061148,1.5,1.2729245462736778,9993.009762862548,-8252.917445970943
15,0.4,0.5,0.5024977108520203,0.3,0.2892337612496214,1.5,1.3770047528186553,10068.480666444217,-7069.408302234408
16,0.4,0.5,0.48847905088797167,0.3,0.2752141899762518,1.5,1.3372300469319693,10100.174111151931,-6124.815048255846
17,0.4,0.5,0.5149120901425258,0.3,0.2994622136387837,1.5,1.3429514395461852,9935.41829220588,-6056.146021427661
18,0.4,0.5,0.5214522816058142,0.3,0.2779370315880843,1.5,1.1708351956523648,9999.804669157204,-6087.0041897352885
19,0.4,0.5,0.5057290718459979,0.3,0.2864358576846831,1.5,1.291698985372543,10114.351491987352,-7020.727980357502
20,0.4,0.5,0.5036584822436997,0.3,0.2891288129283134,1.5,1.3364251884984497,10020.519049659148,-6955.221403172935
