Sim,F_true,Nu2_true,Nu2_est,T_true,T_est,M21_true,M21_est,Theta,Loglik
1,0.5,0.1,0.09679129097018338,0.1,0.09428020442732396,0.5,0.30774675911667765,10130.768769475135,-5501.796015777844
2,0.5,0.1,0.10117002238643709,0.1,0.10071647695699942,0.5,0.4244186761574626,9935.863841850765,-5526.645860551511
3,0.5,0.1,0.09535681750070585,0.1,0.09333885337013846,0.5,0.37796695803823205,10129.34236467654,-5586.317261991645
4,0.5,0.1,0.09276697568693201,0.1,0.09157311582146561,0.5,0.35360875724796187,10077.368073966312,-5498.9168250689745
5,0.5,0.1,0.10604675807296964,0.1,0.10558074743646972,0.5,0.3332293362647703,9954.838168971379,-5485.87016897896
6,0.5,0.1,0.1018099647723465,0.1,0.09934420091662623,0.5,0.36396383659270665,9985.515264180101,-6668.536554696409
7,0.5,0.1,0.0982563712617614,0.1,0.09801445664198591,0.5,0.35459768009001014,9906.740381154254,-7257.103249781672
8,0.5,0.1,0.09846107393285532,0.1,0.09473105412690587,0.5,0.3487091410911288,10030.066218815546,-5709.51451928594
9,0.5,0.1,0.10128501672795365,0.1,0.09996923987300288,0.5,0.3598679172465802,9990.107387353455,-5532.415525715902
10,0.5,0.1,0.0913817948328513,0.1,0.08726132049096054,0.5,0.22673045540539905,10024.015244414688,-7882.195002372937
11,0.5,0.1,0.09329146800929314,0.1,0.09343315963523523,0.5,0.32727594643479474,10137.065837510765,-7068.477609662465
12,0.5,0.1,0.09321067804922113,0.1,0.09321730251750539,0.5,0.34661509705867405,10077.18572017358,-5599.025801909315
13,0.5,0.1,0.1004070926728662,0.1,0.10037214977343449,0.5,0.34404179605744917,9920.700103964198,-5399.985854107674
14,0.5,0.1,0.0983768034934133,0.1,0.09554440749555958,0.5,0.36163392405614014,10061.023638480787,-5563.933616061341
15,0.5,0.1,0.09558885274171859,0.1,0.09391294221412895,0.5,0.4034227248112906,10106.714752166172,-5508.64836227822
16,0.5,0.1,0.10413535332559373,0.1,0.09998916380402406,0.5,0.30539203511771557,10035.606374984645,-5602.575936660166
17,0.5,0.1,0.09952648248215835,0.1,0.09838890676901016,0.5,0.33970347110395416,10012.172066755633,-6507.093928832065
18,0.5,0.1,0.09610622513647793,0.1,0.09680786361714194,0.5,0.3877688556436024,10004.457226655748,-7960.983320576195
19,0.5,0.1,0.10063604361115591,0.1,0.09853032879154895,0.5,0.30980935355227096,10069.978190099584,-5453.601914439702
20,0.5,0.1,0.09864793790857783,0.1,0.09861827357515626,0.5,0.38642641609325185,9958.060996267666,-5511.825447216188
1,0.5,0.1,0.0995025085783655,0.1,0.09599209708972645,1.0,0.6565603594847688,9997.053564692946,-5608.756249352646
2,0.5,0.1,0.10164641072754281,0.1,0.09649671474092551,1.0,0.644238192301809,9969.280983819204,-5639.087060470904
3,0.5,0.1,0.10307356794996762,0.1,0.09824206922443864,1.0,0.7564691198108684,9984.844777978631,-5631.618266338059
4,0.5,0.1,0.10199238915031754,0.1,0.09656550490567976,1.0,0.7389209108761322,10019.444935682104,-5593.490027363881
5,0.5,0.1,0.10020388153258636,0.1,0.09780404651419203,1.0,0.7843364413596813,10000.908663844772,-6239.829810656602
6,0.5,0.1,0.09736825751032825,0.1,0.09727289438443718,1.0,0.9164616881796986,10042.254428008142,-5617.685252865516
7,0.5,0.1,0.09628797904091686,0.1,0.09257568627630369,1.0,0.7563205156995977,10034.96112786611,-5662.904816732183
8,0.5,0.1,0.09675325795397975,0.1,0.09336698548365935,1.0,0.8235025570912549,10001.459800936233,-6044.540425576892
9,0.5,0.1,0.09994927634542294,0.1,0.09465210431297359,1.0,0.7341667771852892,9943.594226102201,-5683.475746852542
10,0.5,0.1,0.09997522430778344,0.1,0.09586488603642165,1.0,0.8661195933156072,10035.190389001566,-5574.067773808939
11,0.5,0.1,0.10112720728496788,0.1,0.09300940753956889,1.0,0.6480567396634869,9938.379872307392,-5747.108128884466
12,0.5,0.1,0.09790457809907735,0.1,0.09432108921123732,1.0,0.7391206531298213,9932.060231635436,-5643.250746132655
13,0.5,0.1,0.10345385310230035,0.1,0.10187945724426914,1.0,0.6914817148497852,9991.131207697996,-5642.99382286475
14,0.5,0.1,0.09549682160612884,0.1,0.09370342601966618,1.0,0.8765470071315727,10070.760642101926,-5631.97671557619
15,0.5,0.1,0.09881209850118426,0.1,0.09289405908151416,1.0,0.6578718224675421,9940.089657950271,-5614.185969958631
16,0.5,0.1,0.0983012315793679,0.1,0.09752115995548605,1.0,0.8085369381018901,10035.608964265684,-5592.335284781824
17,0.5,0.1,0.09673335327176287,0.1,0.09466279027557044,1.0,0.7335385674624678,9900.593368288139,-5589.75857227296
18,0.5,0.1,0.10172244630733354,0.1,0.09897236847575572,1.0,0.6618754366230079,9934.325459303767,-8215.934530316692
19,0.5,0.1,0.09689368392325,0.1,0.0986097902377983,1.0,0.9401182952935785,9986.88357522364,-5612.8358279848
20,0.5,0.1,0.09383757361273695,0.1,0.09349399157670163,1.0,0.9333582577881396,9917.691087392215,-5747.723565765806
1,0.5,0.1,0.09729774197784223,0.1,0.09085703945551556,1.5,1.128865182972967,9918.284005381292,-5601.929525199455
2,0.5,0.1,0.09971286005477033,0.1,0.09615704055503645,1.5,1.3377134643852069,10030.766157346734,-5816.754118584473
3,0.5,0.1,0.09546485945640974,0.1,0.09057537787443218,1.5,0.9770750093214167,9989.41170514294,-5800.838520858252
4,0.5,0.1,0.09279176874691153,0.1,0.08710336242241948,1.5,1.324381960387358,9937.855622096184,-6672.878828264347
5,0.5,0.1,0.10497172289875407,0.1,0.10394361616140405,1.5,1.2914857829214466,9984.250081095948,-5785.005416714703
6,0.5,0.1,0.10415759189842694,0.1,0.09975609704028673,1.5,1.1601926401048444,9975.665034385558,-5644.387914162175
7,0.5,0.1,0.10521863810235677,0.1,0.09841580093584847,1.5,0.9946741698079434,9963.58221436714,-5683.444782527937
8,0.5,0.1,0.09900185743770877,0.1,0.0898646571192917,1.5,1.0919778972218843,9987.239424382817,-5685.568547068783
9,0.5,0.1,0.10523804225435793,0.1,0.10287707952607704,1.5,1.3069457004898033,9992.39084834678,-5616.770565631023
10,0.5,0.1,0.09733593101980426,0.1,0.0909897473622009,1.5,1.1001580258240247,10108.305605430944,-5704.909172484033
11,0.5,0.1,0.1010114935288636,0.1,0.09698133820048166,1.5,1.1709113591603346,9992.930826528627,-6295.369769028331
12,0.5,0.1,0.10792822236711508,0.1,0.10539379582603885,1.5,1.1438933663667068,9886.40593952469,-5955.440682580136
13,0.5,0.1,0.09860385260661253,0.1,0.09315969845752985,1.5,1.0781437737813107,9955.309520125775,-6053.691087661942
14,0.5,0.1,0.10085962013749879,0.1,0.09335880202701956,1.5,1.0650780694931894,9991.83159356393,-5709.500880506958
15,0.5,0.1,0.10127086765422798,0.1,0.09667431941588496,1.5,1.1138130251737828,9975.01777782089,-5681.1906474844545
16,0.5,0.1,0.09619841433540625,0.1,0.09261847936853507,1.5,1.255571047963846,10065.463769224536,-6663.332829280513
17,0.5,0.1,0.09319078287487716,0.1,0.089178729197758,1.5,1.1894588913024244,10050.86100597372,-5686.334904722029
18,0.5,0.1,0.10508369475979493,0.1,0.1008558937776131,1.5,1.1227408460504358,9960.7115455846,-5752.916852064487
19,0.5,0.1,0.09824950833703902,0.1,0.09365128526704404,1.5,1.128467959917559,9970.613585842251,-5713.619227996955
20,0.5,0.1,0.10198625067636267,0.1,0.09572002299959816,1.5,0.9935164026021245,10055.69160647444,-5705.065836405093
1,0.5,0.1,0.10440392638704318,0.2,0.20538952688941592,0.5,0.39229970455762536,9934.592445640892,-4705.590048336033
2,0.5,0.1,0.09703988096468348,0.2,0.1832433634555415,0.5,0.3573596959952057,9980.126639569502,-4734.480084791932
3,0.5,0.1,0.104810641685365,0.2,0.20448589191936783,0.5,0.39346120934187356,9938.023129880587,-4766.630091824616
4,0.5,0.1,0.09787534306763064,0.2,0.18813998804318677,0.5,0.37822473451162164,9953.95949824059,-4871.912025329297
5,0.5,0.1,0.10605510252318305,0.2,0.20206333503580048,0.5,0.3762619494448552,9908.520598832543,-4677.263116889531
6,0.5,0.1,0.10868889920857788,0.2,0.20960238125021005,0.5,0.42007501916186635,9901.824298575766,-4761.566288494712
7,0.5,0.1,0.10027768618865349,0.2,0.19663420678179644,0.5,0.4440022219335763,10042.082587095776,-4721.604234645266
8,0.5,0.1,0.10392629950534372,0.2,0.21463688682560586,0.5,0.43255041798473715,9990.24988369397,-4649.844680619998
9,0.5,0.1,0.10577748353831619,0.2,0.20602781192936476,0.5,0.3700855410553246,9937.443028266318,-4688.841721526468
10,0.5,0.1,0.10018387087153044,0.2,0.19792383320571286,0.5,0.3918541147621738,9984.702522188463,-4708.558885816594
11,0.5,0.1,0.09788477073539056,0.2,0.19802571282813508,0.5,0.490829246812991,10025.621834149768,-4650.447133235639
12,0.5,0.1,0.09937636267624539,0.2,0.18886852895554807,0.5,0.3818290108148145,10054.59026569637,-4958.002041925203
13,0.5,0.1,0.10015810461153461,0.2,0.19135093590540705,0.5,0.409704826883845,9934.08500006037,-4821.843563976812
14,0.5,0.1,0.10596341660579262,0.2,0.19097162572465676,0.5,0.34862414676402576,9943.773934528597,-4809.468801305757
15,0.5,0.1,0.09759242633665902,0.2,0.19184764057018666,0.5,0.39251346623245637,9948.011367293573,-5477.315884910764
16,0.5,0.1,0.09914535896685807,0.2,0.19767969893934595,0.5,0.5303143111927117,9994.243759922409,-5318.892656881848
17,0.5,0.1,0.099425963086244,0.2,0.1976972083885269,0.5,0.4029850211398617,10027.400683711821,-4706.79831648089
18,0.5,0.1,0.09409887433429132,0.2,0.1823872921009328,0.5,0.4154590779769105,10015.414724190003,-4757.105152637976
19,0.5,0.1,0.09730345289843799,0.2,0.19232791048487496,0.5,0.43101988167200944,9974.578775084205,-5851.52103379224
20,0.5,0.1,0.09512418203894019,0.2,0.18875070045576237,0.5,0.4237010202313288,10115.32308351796,-4720.136654226106
1,0.5,0.1,0.08688418009059666,0.2,0.17752831231076444,1.0,1.1250690911690315,10135.875999403674,-5084.842696398237
2,0.5,0.1,0.10205912394655277,0.2,0.19551473012571755,1.0,0.8253810687500381,9983.923236471246,-5069.993558212147
3,0.5,0.1,0.0983327997911213,0.2,0.1907639783666068,1.0,0.8090716932610653,9960.803144395031,-5604.7182284526525
4,0.5,0.1,0.10257236609538331,0.2,0.19904054658694098,1.0,0.8720614532420163,9905.55165136125,-5605.711104097905
5,0.5,0.1,0.10698632831966216,0.2,0.1953320787591339,1.0,0.7331984375315548,9834.172247291306,-5117.0931613493485
6,0.5,0.1,0.10033745789452951,0.2,0.18676172378025865,1.0,0.8117836967224157,10072.71817812384,-5108.856548818735
7,0.5,0.1,0.10461351737142734,0.2,0.20698648305319597,1.0,0.8876107920151981,9858.279520792445,-5999.971157566555
8,0.5,0.1,0.10627169597722101,0.2,0.19686582096308056,1.0,0.790109770676689,9978.03552462294,-5084.726771509611
9,0.5,0.1,0.09433617612432048,0.2,0.18214075761778975,1.0,0.802088904996578,10056.695325128087,-6494.669330905323
10,0.5,0.1,0.10383269052126802,0.2,0.20078749985733946,1.0,0.8729032619193993,10029.665469203663,-4992.304779863969
11,0.5,0.1,0.10220261580593128,0.2,0.18895166224405094,1.0,0.8013542976089351,9932.545890595102,-5075.2292879736015
12,0.5,0.1,0.1049893063021749,0.2,0.20768547566301385,1.0,0.8468081867365531,9902.945493259178,-5061.767518050259
13,0.5,0.1,0.0973677619670007,0.2,0.18949496039119396,1.0,0.8928345223305851,10006.350828238186,-5083.510029584117
14,0.5,0.1,0.09947469703468166,0.2,0.18663312805382878,1.0,0.8246838443099119,9970.10201543526,-5303.60737849655
15,0.5,0.1,0.10090795529978801,0.2,0.1954749583165879,1.0,0.8534947168203313,10046.159499952744,-5157.767919105498
16,0.5,0.1,0.09500879618471432,0.2,0.18635523350761302,1.0,0.899837453542897,10001.382218041308,-5973.66681634319
17,0.5,0.1,0.10027027204675504,0.2,0.19503633927394687,1.0,0.8509472162068996,10003.153864465703,-5095.151957386955
18,0.5,0.1,0.09860656919734026,0.2,0.19465517024516338,1.0,0.9106844501620633,9999.277565061751,-6032.25503780134
19,0.5,0.1,0.10288915856201217,0.2,0.1900781458039582,1.0,0.7590134925475354,10105.790169919614,-5022.035479565747
20,0.5,0.1,0.10362826612998009,0.2,0.18813712679420988,1.0,0.7739114926660307,10014.107615237173,-5074.581999602659
1,0.5,0.1,0.10355148760545604,0.2,0.17937800836983286,1.5,1.1683742367350487,9959.824316211128,-5309.295978481072
2,0.5,0.1,0.09774632015835136,0.2,0.19789029032047323,1.5,1.546814586826881,9971.426189080079,-5359.926314469128
3,0.5,0.1,0.09943901017208738,0.2,0.188862774455768,1.5,1.2584997083790428,9991.92971758643,-5333.884368700635
4,0.5,0.1,0.11219457434015732,0.2,0.19939251185693854,1.5,1.098565425422962,9905.767222910628,-5513.663143711501
5,0.5,0.1,0.10359115766198612,0.2,0.18960372519115357,1.5,1.2319646102594906,10116.396714176597,-5329.389339548821
6,0.5,0.1,0.09680474099982952,0.2,0.15913593503847145,1.5,1.1586935181244542,10079.429196634343,-5911.316003858108
7,0.5,0.1,0.10008674865924114,0.2,0.18828720460509238,1.5,1.2701236983581856,9990.118030444184,-5595.101789497956
8,0.5,0.1,0.10315355014606263,0.2,0.18664522722895777,1.5,1.2137498113659446,9913.128353966713,-5261.275264364679
9,0.5,0.1,0.1049927418639798,0.2,0.18861101888496015,1.5,1.151758047747205,9967.063597831617,-5474.224417439181
10,0.5,0.1,0.10479618477511604,0.2,0.1839231126224425,1.5,1.1955115316033977,10055.53414870776,-5302.5683404116535
11,0.5,0.1,0.09949929901522908,0.2,0.19190650553785776,1.5,1.3993568905836673,10001.905168511028,-5324.493796106634
12,0.5,0.1,0.10704602202482234,0.2,0.18397872222308756,1.5,1.1366953712444858,9927.976990579424,-6200.80491900889
13,0.5,0.1,0.1062436464751034,0.2,0.1969408603233323,1.5,1.2062286335030294,9937.933962627112,-5369.038264387216
14,0.5,0.1,0.1060804113711755,0.2,0.19140312374664697,1.5,1.2043434570840112,10011.742838880855,-5329.797715614648
15,0.5,0.1,0.09856058287908355,0.2,0.19830305198665235,1.5,1.2956136341536446,10006.569828181686,-5264.7411654244
16,0.5,0.1,0.10346049180532291,0.2,0.18655760859857773,1.5,1.2272370012170029,10105.134158738916,-5944.265351370253
17,0.5,0.1,0.10303112665114529,0.2,0.19120109410100583,1.5,1.2212507251495448,9957.677613884483,-5435.043572452063
18,0.5,0.1,0.10153961484921274,0.2,0.17494654850310948,1.5,1.1483519016250197,9998.590636921152,-5328.7273692982835
19,0.5,0.1,0.10600873602529104,0.2,0.17471511632222533,1.5,1.068942713292781,9950.120036587987,-5377.412428322632
20,0.5,0.1,0.10444179765690507,0.2,0.18990244322882274,1.5,1.1912141941267653,9890.470177557658,-5311.243897540942
1,0.5,0.1,0.10496554087723779,0.3,0.3023924484167285,0.5,0.4011418214916929,9902.505166648025,-4177.856368048457
2,0.5,0.1,0.1022738731222191,0.3,0.29129133563396237,0.5,0.41079457614455966,9910.540566949732,-4301.526381625119
3,0.5,0.1,0.09768848893322972,0.3,0.2993843577593731,0.5,0.47002097944945065,10026.583026874336,-4149.3302593697945
4,0.5,0.1,0.10684744077038745,0.3,0.3167152665853127,0.5,0.431206536817278,9866.780034524138,-4100.802298290389
5,0.5,0.1,0.10167543778554543,0.3,0.3062280794409314,0.5,0.42769312606685594,9945.532837268187,-4163.158009178714
6,0.5,0.1,0.1028631116680852,0.3,0.30850923513131645,0.5,0.4494982207606387,9896.842176770137,-4268.891837716833
7,0.5,0.1,0.10088000761234318,0.3,0.2858551864094767,0.5,0.38522364661013064,10017.642994009506,-4784.959275450508
8,0.5,0.1,0.10477761055488045,0.3,0.29928316939157656,0.5,0.4093888487694232,9969.117808926738,-4879.197652904444
9,0.5,0.1,0.09805085221064071,0.3,0.28768406862523144,0.5,0.44925088278779163,9982.953566924863,-4160.0938403962455
10,0.5,0.1,0.10349342425391728,0.3,0.27954882890505867,0.5,0.37047466461467404,10008.338623600857,-4379.461279767691
11,0.5,0.1,0.09994090756536887,0.3,0.2906138713498404,0.5,0.44005992878799927,10055.576913032983,-4267.822351165458
12,0.5,0.1,0.09744069746554652,0.3,0.2860089287322819,0.5,0.42055718539622594,9967.759083702143,-4212.497140909891
13,0.5,0.1,0.10193973744371725,0.3,0.2797297303840043,0.5,0.3696641914781313,10076.273999115914,-4214.91341956643
14,0.5,0.1,0.10853782300703413,0.3,0.3306158894529227,0.5,0.4145895715549451,9745.713118542679,-4198.711525047516
15,0.5,0.1,0.09312599230542197,0.3,0.3030501152675591,0.5,0.4907098615236616,10111.671786540177,-4631.604580039688
16,0.5,0.1,0.1031996786538902,0.3,0.2907997253734693,0.5,0.4315692348867961,9956.39266167477,-4238.775182129458
17,0.5,0.1,0.11218044779026291,0.3,0.3193280284182747,0.5,0.3612155463274641,9832.141771394952,-4112.89418589897
18,0.5,0.1,0.10316696810013427,0.3,0.29952300759145145,0.5,0.44916200514047383,10036.05735124653,-4140.8568157357895
19,0.5,0.1,0.10142074998722282,0.3,0.29842924162747214,0.5,0.37467248711340184,9952.206173852057,-4189.951428015605
20,0.5,0.1,0.09806466877619072,0.3,0.29844050682671097,0.5,0.44169311911955106,9965.742413102611,-4185.741613901851
1,0.5,0.1,0.10011810543503742,0.3,0.27222893874572296,1.0,0.8517320811121054,10030.303795177982,-5711.46695049604
2,0.5,0.1,0.10100463879773203,0.3,0.29214635196065997,1.0,0.9050677909374515,9983.85351577003,-4820.596623096282
3,0.5,0.1,0.10216981359360393,0.3,0.267510760764116,1.0,0.8955200818508156,10079.603289431956,-4822.5544727034085
4,0.5,0.1,0.09944312785780517,0.3,0.2628607283118706,1.0,0.8049940934724658,10039.96926195983,-4827.803359850715
5,0.5,0.1,0.1018278944191765,0.3,0.28994739049378254,1.0,0.8395079529784568,9996.197363524048,-4802.593049184145
6,0.5,0.1,0.10150719767203092,0.3,0.2808136527343396,1.0,0.8768626037129827,9925.734911855816,-5205.675933281741
7,0.5,0.1,0.10129988259433079,0.3,0.2927497732325079,1.0,0.9529377161222891,9954.92517410134,-5267.2280958313495
8,0.5,0.1,0.09999881365902315,0.3,0.289714805950522,1.0,0.8439881124699016,9985.44283591431,-4915.981258317865
9,0.5,0.1,0.1000077146620928,0.3,0.28136227737822,1.0,0.8743550737701119,9931.915462223778,-5992.26401582532
10,0.5,0.1,0.10498550001028178,0.3,0.2822631902086816,1.0,0.7728451151307406,10001.377201069936,-4758.248678247464
11,0.5,0.1,0.09874516513527304,0.3,0.28982722423664614,1.0,0.9252757725241415,10041.174934706072,-5534.589269211816
12,0.5,0.1,0.10024946329435742,0.3,0.28280547030219927,1.0,0.8976696467347197,9925.757386351263,-4788.592815898139
13,0.5,0.1,0.09801028467130041,0.3,0.27554418485936416,1.0,0.8859347632341105,10044.18879889934,-5737.180108246497
14,0.5,0.1,0.10118481620190392,0.3,0.2827249506138536,1.0,0.8610678745077464,9995.992517051141,-4845.825096024488
15,0.5,0.1,0.10337428523063331,0.3,0.27624582894504157,1.0,0.8320449999327149,9895.720875084331,-4714.44396979122
16,0.5,0.1,0.09914335111521491,0.3,0.2822128893094418,1.0,0.8987119447647604,9985.308032327579,-4893.599645275739
17,0.5,0.1,0.09981224217363362,0.3,0.2962128477522739,1.0,0.9651432409126731,9927.842866646215,-4757.008049533957
18,0.5,0.1,0.10180216273723167,0.3,0.28653911223684647,1.0,0.9494963697079346,9909.243850928602,-4798.188914130901
19,0.5,0.1,0.11140845301570863,0.3,0.2742523688454917,1.0,0.7598319681837116,9990.610400496242,-4748.9776344707325
20,0.5,0.1,0.10213769297318513,0.3,0.2841212448653586,1.0,0.8831319243434868,9987.659954482764,-4808.148915374299
1,0.5,0.1,0.09786221521996155,0.3,0.28740400130474,1.5,1.4796410255939898,9943.594969424517,-5254.068548532856
2,0.5,0.1,0.09674548602217624,0.3,0.30287831989209324,1.5,1.4756741226494245,9922.691451916939,-5093.117577353518
3,0.5,0.1,0.10214526495009074,0.3,0.26131716231779634,1.5,1.263487381794096,10083.707287019675,-5285.856414878825
4,0.5,0.1,0.09501441585968522,0.3,0.27561161172231957,1.5,1.4843090899484856,9937.61717333749,-5170.2633134699445
5,0.5,0.1,0.10672517738756288,0.3,0.2580728212372682,1.5,1.1753407709492945,10042.105498481089,-6234.166200348972
6,0.5,0.1,0.09962789529881326,0.3,0.2798080781382692,1.5,1.3665049149428863,9971.1606810449,-5209.431302337082
7,0.5,0.1,0.10855346589172389,0.3,0.2911210480987397,1.5,1.2588763258547746,9831.385105171108,-5107.561638077692
8,0.5,0.1,0.10306385365105587,0.3,0.2762748449356291,1.5,1.3053706411002624,10046.75823349222,-5243.594693567573
9,0.5,0.1,0.10660674250200954,0.3,0.29008372480570815,1.5,1.241981744813224,9979.84170477618,-5229.033354328392
10,0.5,0.1,0.09593813480598795,0.3,0.28797501085391747,1.5,1.4498835629806566,10100.583488996579,-5264.216868452006
11,0.5,0.1,0.09639310052395192,0.3,0.28869913452263657,1.5,1.4729130234722279,9982.723762403037,-5095.916479847682
12,0.5,0.1,0.10144845251271511,0.3,0.2568742814325149,1.5,1.2476605580343862,10109.253543526214,-5237.521104391566
13,0.5,0.1,0.10373130113557705,0.3,0.2740080112035573,1.5,1.2948839651581405,10007.835291707699,-5207.275136171527
14,0.5,0.1,0.10748860341050799,0.3,0.29179577385510586,1.5,1.2805645618260348,9957.770611281314,-5137.724965295316
15,0.5,0.1,0.10470795687600175,0.3,0.27335522039363025,1.5,1.2543021701000168,9980.40013936649,-5230.502707563924
16,0.5,0.1,0.09961833015291856,0.3,0.2721024727303593,1.5,1.3180362956276124,10043.707456282073,-6472.62750506798
17,0.5,0.1,0.0983780304184094,0.3,0.30205460032263437,1.5,1.3679312072476095,9915.424794891953,-6203.6696154248875
18,0.5,0.1,0.10440343953144655,0.3,0.30941992453853595,1.5,1.3772058781141607,9885.016637350076,-5144.664819113097
19,0.5,0.1,0.09535096951937827,0.3,0.298273296630966,1.5,1.4443827994511884,10008.414378220183,-5470.413238268469
20,0.5,0.1,0.10388512142503127,0.3,0.2932497415598081,1.5,1.3340507439944416,10030.31520115119,-5264.642368220432
1,0.5,0.25,0.24027313972787595,0.1,0.09759296706082042,0.5,0.3431877573774769,9972.83856440715,-7661.474809608241
2,0.5,0.25,0.27188632315643635,0.1,0.09840580677282476,0.5,0.10948194779712517,9961.803421567472,-7212.449336138046
3,0.5,0.25,0.2592252957667174,0.1,0.10338855215274054,0.5,0.35386397184710405,9879.107673342956,-5892.1361404663185
4,0.5,0.25,0.2502437246123931,0.1,0.09792381656384368,0.5,0.3214960576290064,9937.720833682291,-5903.272813590609
5,0.5,0.25,0.24533722145108947,0.1,0.09643588458621162,0.5,0.1526973511049116,10015.645631559097,-5879.667117819465
6,0.5,0.25,0.23863872807681955,0.1,0.09734747203537997,0.5,0.3164481493851327,10080.891519495899,-5917.157407556
7,0.5,0.25,0.23257116275325035,0.1,0.09562792430717042,0.5,0.42357788324813783,10118.767198663476,-5961.9513076920375
8,0.5,0.25,0.23469258316508987,0.1,0.088573022978038,0.5,0.1118190942401313,10061.349079732225,-8158.808424248731
9,0.5,0.25,0.2371573486940581,0.1,0.09627973265184009,0.5,0.2909908609347995,9995.868192126714,-7254.641540046881
10,0.5,0.25,0.2535082070316567,0.1,0.09952105831228741,0.5,0.24496737554824294,9888.675300473393,-5848.633527591031
11,0.5,0.25,0.24737741647317563,0.1,0.09798056067316488,0.5,0.23287692777496505,9992.090095226897,-5893.318447402031
12,0.5,0.25,0.2215038228645509,0.1,0.08852774276742886,0.5,0.2790674786575457,10179.299715877758,-5912.392610301474
13,0.5,0.25,0.2506621463769229,0.1,0.09916611202298717,0.5,0.2470979319963954,9994.421691238093,-5905.653515327576
14,0.5,0.25,0.24983223568179008,0.1,0.10452773538221795,0.5,0.4099704914738717,9948.72453478394,-5869.110712240357
15,0.5,0.25,0.2451693341772958,0.1,0.09797108583859289,0.5,0.30745491218152643,10058.656587727168,-5962.182099616066
16,0.5,0.25,0.25046479098134244,0.1,0.09906494701146569,0.5,0.2562541635980321,10117.34752938662,-5900.432426192942
17,0.5,0.25,0.2627963893697983,0.1,0.1017769775247565,0.5,0.18941951484090902,9895.47978850023,-5837.581234462035
18,0.5,0.25,0.23850108341872583,0.1,0.09521388379813824,0.5,0.17803310663598582,9976.681713996364,-7427.044504904634
19,0.5,0.25,0.25453916722591535,0.1,0.1000238157957418,0.5,0.2813458250975454,9937.626503929596,-5917.347012419185
20,0.5,0.25,0.23455292500876881,0.1,0.09504705826555866,0.5,0.5029639464079313,10039.430409333328,-5959.680342061319
1,0.5,0.25,0.22942488174530634,0.1,0.09142127673135887,1.0,0.7585547185211412,10093.326391844324,-6344.813853325406
2,0.5,0.25,0.257191869114854,0.1,0.09941404189557508,1.0,0.6958667189080425,9993.401469469847,-5896.374172264039
3,0.5,0.25,0.2503062818198371,0.1,0.09859257779161544,1.0,0.6109736701072991,10011.990873655415,-5932.583865586095
4,0.5,0.25,0.2418313775552634,0.1,0.09303527511940048,1.0,0.6143563147730261,10105.80053957187,-7041.446253802022
5,0.5,0.25,0.24012438768268105,0.1,0.09669419639607423,1.0,0.5750168586422315,10073.929426614997,-5945.175906804335
6,0.5,0.25,0.24965856856070995,0.1,0.09783397567640012,1.0,0.7339858622781278,9915.897954997592,-8300.849367422927
7,0.5,0.25,0.22674136312507262,0.1,0.0901048291600392,1.0,0.6268329771345966,10101.46231037484,-8688.271463910292
8,0.5,0.25,0.2445696037020693,0.1,0.09488144020057356,1.0,0.5489652210792832,10017.942597258298,-5846.799718687582
9,0.5,0.25,0.2410329324106947,0.1,0.09599632340139022,1.0,0.6902781904181517,10072.433191313783,-5893.093532867833
10,0.5,0.25,0.2386420334146545,0.1,0.09528021622418616,1.0,0.7505961976691918,10075.095774241538,-5992.27046431039
11,0.5,0.25,0.24502984752550763,0.1,0.09433193735203463,1.0,0.5999708119755655,10027.946181560228,-5909.94759375803
12,0.5,0.25,0.22310498962300812,0.1,0.08944506232490898,1.0,0.6587499183682199,10059.221320784833,-6538.375882322138
13,0.5,0.25,0.2494739499304593,0.1,0.10186665588250166,1.0,0.9057069579266634,9963.021560320069,-6066.252022067749
14,0.5,0.25,0.2496582342348186,0.1,0.0971755213172446,1.0,0.6034399543715404,9939.229964201673,-5921.859557038113
15,0.5,0.25,0.23976540339788519,0.1,0.0943631924140735,1.0,0.6995612018396435,9981.078914088852,-5903.079408710764
16,0.5,0.25,0.25713136115907775,0.1,0.10144155547221483,1.0,0.6436001574251522,9999.855346853443,-6053.314042758454
17,0.5,0.25,0.2816879972188241,0.1,0.1084995668243229,1.0,0.6095884057855068,9943.92992060627,-5904.124152040048
18,0.5,0.25,0.257460249759603,0.1,0.09745859798141096,1.0,0.4927158035795058,10042.477216292873,-5883.478444794406
19,0.5,0.25,0.25726016750214376,0.1,0.0980225915852987,1.0,0.5425815046880279,9968.440195226105,-5878.508653390567
20,0.5,0.25,0.242184094174,0.1,0.09454455988257462,1.0,0.6241563897388711,10057.703944718834,-5850.995520349637
1,0.5,0.25,0.25125225390318867,0.1,0.09642090154887063,1.5,0.9922419946879445,9919.529900144911,-6248.990502563168
2,0.5,0.25,0.2521841075608268,0.1,0.09625530538655346,1.5,1.1060332049211277,10004.428246767327,-5868.576254298916
3,0.5,0.25,0.23129905151930386,0.1,0.08992922540755086,1.5,0.9241841375244232,10048.57775720201,-5922.661662137114
4,0.5,0.25,0.25954665529723614,0.1,0.10125781451985477,1.5,0.9401976434082437,9968.532422788205,-5935.773169447432
5,0.5,0.25,0.24577091945193516,0.1,0.09631394209029617,1.5,1.1664373310555811,9965.306887870553,-5948.211145904144
6,0.5,0.25,0.2509206179084404,0.1,0.09609646979174516,1.5,0.9306229542621166,9987.302462927804,-5928.961604089292
7,0.5,0.25,0.24684925212616052,0.1,0.09364061772006821,1.5,0.8584996037914412,10023.428113271446,-5892.211835008749
8,0.5,0.25,0.254032381528662,0.1,0.09543096893042922,1.5,0.9582286392795661,9947.917864495897,-5906.23486398402
9,0.5,0.25,0.253217193982246,0.1,0.0964264607347005,1.5,0.9299866992585646,9861.326381781173,-5919.325499111868
10,0.5,0.25,0.2256093029765072,0.1,0.08670096770408085,1.5,1.086944318078984,10046.297245363428,-6060.010487224441
11,0.5,0.25,0.2384545710699289,0.1,0.09239036476013637,1.5,1.101131218517097,9980.164766941161,-5893.331617226868
12,0.5,0.25,0.2543789052469697,0.1,0.09975875487921065,1.5,1.0242247006412672,9975.733008675239,-5924.605871326579
13,0.5,0.25,0.2541436058276382,0.1,0.09820875887335524,1.5,1.0280290192565606,9983.368536894888,-5932.647151155503
14,0.5,0.25,0.2264568255104744,0.1,0.08539798516224406,1.5,0.9643728069674374,10115.285700910537,-5920.391184041751
15,0.5,0.25,0.24917484157542863,0.1,0.0950268578732561,1.5,0.8710330045290674,10014.95336059311,-7786.289889521354
16,0.5,0.25,0.25959797811132007,0.1,0.1019218839734612,1.5,1.0793782881201355,9992.268272167903,-5979.939645052693
17,0.5,0.25,0.2462329737130037,0.1,0.09355182297665122,1.5,0.9395243666628047,10025.79408442222,-7007.101205792048
18,0.5,0.25,0.2490547082848234,0.1,0.09822109949458735,1.5,0.9728793199608186,9968.846802926939,-5870.371731410636
19,0.5,0.25,0.24203683442370852,0.1,0.0922844612994924,1.5,0.962863018113485,10104.965875184591,-5966.767232786841
20,0.5,0.25,0.25566847958139416,0.1,0.09888467847746969,1.5,1.1098303129876042,9972.627289737127,-6047.192089167425
1,0.5,0.25,0.24701389134296853,0.2,0.19274587157707027,0.5,0.44485479042372195,9877.743350654613,-5876.002395537675
2,0.5,0.25,0.2360497061458663,0.2,0.18224440857795157,0.5,0.3529606730734214,9980.168290638549,-5872.940193695562
3,0.5,0.25,0.23412390645471,0.2,0.17749041465917118,0.5,0.3475486641293626,10115.793064086409,-7879.005016568202
4,0.5,0.25,0.2442365092761605,0.2,0.19008840193444,0.5,0.37314043565192173,9948.957126488196,-5734.71497610535
5,0.5,0.25,0.25923847580302345,0.2,0.19044152509720338,0.5,0.2762724363894293,10031.808977258928,-5717.721596696905
6,0.5,0.25,0.24812258280205884,0.2,0.19377839504022584,0.5,0.37131258077463214,10115.907365318582,-7085.351284628541
7,0.5,0.25,0.24814800314256866,0.2,0.19279081624372058,0.5,0.4703725035617822,10010.879778137467,-5875.3370922087615
8,0.5,0.25,0.25409050212844203,0.2,0.1976621482815116,0.5,0.3579519988506857,10033.80534640798,-6774.481949981027
9,0.5,0.25,0.26260896820904756,0.2,0.2085173265098429,0.5,0.41200477883294245,9883.760480163448,-5821.0727177772815
10,0.5,0.25,0.2488986385600003,0.2,0.19260679687041005,0.5,0.36724380749359337,9982.527592735434,-5764.124895732151
11,0.5,0.25,0.24168299644988533,0.2,0.1850748928471096,0.5,0.3486875985249085,9993.429734278763,-6326.580244114764
12,0.5,0.25,0.2517791417364192,0.2,0.19643379999888236,0.5,0.3738177524308957,9976.273068157103,-5732.637766347934
13,0.5,0.25,0.25422588994476036,0.2,0.18931836351636122,0.5,0.29219592797482674,10056.464299924806,-7508.377985817886
14,0.5,0.25,0.2634653153284019,0.2,0.1896339457696634,0.5,0.3471591133087104,9942.962472654093,-5755.365475542622
15,0.5,0.25,0.24302360917901153,0.2,0.18926233933727224,0.5,0.38591055288269266,10071.322794313226,-5810.047130719826
16,0.5,0.25,0.24448372854281095,0.2,0.1875302286651098,0.5,0.3426965504565313,10132.804931337656,-5977.091994429474
17,0.5,0.25,0.25109327443207585,0.2,0.1934757412908272,0.5,0.3716863239735939,10026.751468769879,-8491.554720823766
18,0.5,0.25,0.2470361625235227,0.2,0.19155864180819707,0.5,0.3469736492524567,10050.220949021408,-6116.745024440772
19,0.5,0.25,0.23415259189063908,0.2,0.18564052572040618,0.5,0.3163946191881539,10112.664779778119,-5833.077343013066
20,0.5,0.25,0.24930381306210647,0.2,0.19374170478684935,0.5,0.3758666779840661,9896.882042431209,-5878.129735131113
1,0.5,0.25,0.2394795608383929,0.2,0.18217646910114063,1.0,0.7793603920307616,10088.658520473497,-6945.539724261313
2,0.5,0.25,0.26642656072871085,0.2,0.21540904140975728,1.0,0.9063327341137238,9809.342101966487,-5973.644984600802
3,0.5,0.25,0.2391167324072626,0.2,0.18851093007910114,1.0,0.758709258414706,10187.637031712167,-5995.458508135784
4,0.5,0.25,0.24907589098385077,0.2,0.18693718722063923,1.0,0.7407060688839169,10026.092771490537,-6160.810684298638
5,0.5,0.25,0.25110172582581153,0.2,0.19281740322905355,1.0,0.7811047266434136,9961.798843726707,-5837.244224651963
6,0.5,0.25,0.2548344048367948,0.2,0.18641784649679963,1.0,0.711591941355512,9966.211806696452,-5971.270350397025
7,0.5,0.25,0.2552798481115699,0.2,0.19615868462239855,1.0,0.8548726478907481,9985.44454936076,-6087.501036613076
8,0.5,0.25,0.24437367536807839,0.2,0.1885289582186776,1.0,0.8373069678223195,9943.223880812515,-5964.793778475628
9,0.5,0.25,0.24656919854665355,0.2,0.19056325498067142,1.0,0.8652691616208027,10027.545150119238,-6006.4309096809775
10,0.5,0.25,0.23969882146482363,0.2,0.1860740761089047,1.0,0.8722191000029222,10022.873865583026,-7435.750927985935
11,0.5,0.25,0.2440920216227826,0.2,0.18332355710387174,1.0,0.7889577824067389,10106.820432653441,-5929.282343860665
12,0.5,0.25,0.2584498612605478,0.2,0.19194059690668855,1.0,0.6787291519153361,9903.535536431456,-6366.352238990001
13,0.5,0.25,0.25011540151939987,0.2,0.1897039394138709,1.0,0.8104141691647745,10030.989208160318,-6309.508224507995
14,0.5,0.25,0.24178441149911784,0.2,0.18324386829281392,1.0,0.7615665855212133,10025.909239631557,-5863.935901038916
15,0.5,0.25,0.25144603653501324,0.2,0.19114330588233558,1.0,0.7301929717378381,9953.36010989441,-5945.332078769801
16,0.5,0.25,0.23956395651140824,0.2,0.18853729092007016,1.0,0.844038729610156,10065.172711566804,-6084.435415952794
17,0.5,0.25,0.2503376239060913,0.2,0.1848916411618008,1.0,0.7670788786831194,10074.027901834645,-6014.70601355818
18,0.5,0.25,0.23606401428946672,0.2,0.18327361840916817,1.0,0.7974678074851513,10038.083458457291,-5912.744768155866
19,0.5,0.25,0.2532817238067333,0.2,0.19055244169501206,1.0,0.7618844792804287,9933.452506780133,-5963.687921352124
20,0.5,0.25,0.2461786134631126,0.2,0.18584540531874147,1.0,0.7589339149260202,10069.656081602256,-5944.351216407379
1,0.5,0.25,0.2518508607912029,0.2,0.18458837329491548,1.5,1.1788225621922124,10050.413852457936,-5916.095937847607
2,0.5,0.25,0.2418509341511397,0.2,0.17824867907589606,1.5,1.2269005193812008,10091.068896145349,-6186.3836499009885
3,0.5,0.25,0.24697140993843583,0.2,0.18305226055978502,1.5,1.2412035470251888,10125.81360034926,-6215.03611156163
4,0.5,0.25,0.2445538087858084,0.2,0.17660532689417088,1.5,1.3781181419398816,10106.775493847887,-6043.976464624769
5,0.5,0.25,0.2638193473335001,0.2,0.19120875508120783,1.5,1.12101210292342,9911.85004651858,-6085.0318998875255
6,0.5,0.25,0.23530947714869374,0.2,0.1721273522411194,1.5,1.17959132685052,10215.16631868071,-7289.276544854474
7,0.5,0.25,0.2525416254007219,0.2,0.1752368144614432,1.5,1.0644990100995042,10080.130707132294,-6032.862931024791
8,0.5,0.25,0.25211093283386193,0.2,0.19033537668184614,1.5,1.2994471039511617,10037.523567033086,-5989.547868966294
9,0.5,0.25,0.25255293413407714,0.2,0.19291442395001265,1.5,1.285547704087416,9902.304976721245,-5967.633633712581
10,0.5,0.25,0.26057567644185137,0.2,0.19375107252244103,1.5,1.2088062865249685,10025.836555779615,-7075.210545257269
11,0.5,0.25,0.24343705362883772,0.2,0.1715900432370652,1.5,1.1814166446220755,10081.216724274129,-6043.3400495008345
12,0.5,0.25,0.23392142789362055,0.2,0.17908122879099114,1.5,1.320869438373357,10060.266096115172,-6059.550708432444
13,0.5,0.25,0.25858105040564855,0.2,0.18923948442889474,1.5,1.1089432365115302,10050.051373246988,-6116.571211942207
14,0.5,0.25,0.2549355892801514,0.2,0.1888403976078951,1.5,1.339103462980057,10064.178484189737,-6004.469946503046
15,0.5,0.25,0.2427429152485137,0.2,0.18422927705122863,1.5,1.2023512516038617,10016.887340616606,-7227.007664819568
16,0.5,0.25,0.2451467551693695,0.2,0.1951372179238005,1.5,1.4442542709802393,9900.75309193362,-5986.244391541282
17,0.5,0.25,0.24243134270526737,0.2,0.1838479294475873,1.5,1.2000740676507407,10106.778183111404,-6088.909428704632
18,0.5,0.25,0.2587263293520236,0.2,0.18093689112040034,1.5,1.1547036642384074,10048.754698167486,-5971.298406318083
19,0.5,0.25,0.2484041364768863,0.2,0.1872082953664764,1.5,1.260278215521908,10067.473270994098,-6668.429732757291
20,0.5,0.25,0.2496987016946869,0.2,0.19255609158712284,1.5,1.2411459569594219,9939.543415960958,-5969.887241646284
1,0.5,0.25,0.2528973308855577,0.3,0.28998689356677687,0.5,0.4033299483620234,9987.008169207971,-5596.985114909763
2,0.5,0.25,0.253827113760497,0.3,0.29521620129586773,0.5,0.3971574375463696,9970.738709645288,-5554.167168377804
3,0.5,0.25,0.253617759032124,0.3,0.294004202563456,0.5,0.39255547676986224,9938.977705359752,-6101.132582920101
4,0.5,0.25,0.23494231702343074,0.3,0.2810015025514623,0.5,0.40496558345103234,10149.836574649944,-5643.605348004388
5,0.5,0.25,0.23741215223669604,0.3,0.2889642853987746,0.5,0.44829933440949155,10072.077552057182,-5561.112527098687
6,0.5,0.25,0.2548481126507832,0.3,0.29668653984130294,0.5,0.39976565316148727,10012.501730630935,-5887.139147168578
7,0.5,0.25,0.25780782010128483,0.3,0.289876101097403,0.5,0.392468142339109,9892.040379913768,-5562.374449513602
8,0.5,0.25,0.23569520910810796,0.3,0.27684610389984804,0.5,0.4234557573214849,10153.94187219307,-5484.567277250957
9,0.5,0.25,0.250382671018184,0.3,0.2847377372448641,0.5,0.3941441591872432,9999.726388546955,-5557.548373007385
10,0.5,0.25,0.2493956273236406,0.3,0.2868370102135241,0.5,0.3955561934075493,9946.572628355361,-5581.544403578548
11,0.5,0.25,0.26275547232283103,0.3,0.3055743860234792,0.5,0.4012379713025989,9988.04926336723,-5561.358000448991
12,0.5,0.25,0.2545647553549098,0.3,0.2767099562905155,0.5,0.3869869701649767,10025.816697717077,-7687.238545530301
13,0.5,0.25,0.25263622859963253,0.3,0.28584436739627306,0.5,0.38898902466225677,10010.76922160818,-5568.428605447588
14,0.5,0.25,0.2508883201096427,0.3,0.28419341597682923,0.5,0.395238803025785,9981.433312042327,-7312.9094565104715
15,0.5,0.25,0.2623465055937571,0.3,0.2851578436696555,0.5,0.3784073425557924,9952.328618278156,-5589.297788753125
16,0.5,0.25,0.2501047285195861,0.3,0.2995641815615124,0.5,0.4047425963133061,10006.630453714923,-5687.65999892648
17,0.5,0.25,0.24595759582983973,0.3,0.2876560870257945,0.5,0.4282373773407198,10119.912896159687,-5480.799227317052
18,0.5,0.25,0.24752472993284663,0.3,0.2840133688509238,0.5,0.3728885837053878,10029.652576198196,-6602.8352051923375
19,0.5,0.25,0.24265642242278632,0.3,0.28874203566790546,0.5,0.39550574702866054,10147.69045017514,-5507.293449919611
20,0.5,0.25,0.24904922691946746,0.3,0.28684346265050525,0.5,0.3754861343931502,10057.519455840382,-5583.239502521086
1,0.5,0.25,0.2566465487789215,0.3,0.280963020523885,1.0,0.8021874395749901,10084.862541312867,-7662.457932404934
2,0.5,0.25,0.24647814131084492,0.3,0.27199840911480416,1.0,0.8669134070989831,10034.113511232219,-5825.947946869903
3,0.5,0.25,0.2583194411582218,0.3,0.29402795072676574,1.0,0.8727825727437563,9931.30674915409,-5817.408361680944
4,0.5,0.25,0.22259578168132424,0.3,0.28115542714739883,1.0,0.9289935993333643,10145.94623884075,-5779.600985181388
5,0.5,0.25,0.25476786313294125,0.3,0.286115740136269,1.0,0.769685972185039,10021.117655891352,-5914.358040080578
6,0.5,0.25,0.23857801281310675,0.3,0.2638696990243825,1.0,0.8120723905795633,10084.699519525902,-5819.517407950936
7,0.5,0.25,0.26794988379041046,0.3,0.30755127059100984,1.0,0.8232011673719591,9850.330537428568,-5758.018920096427
8,0.5,0.25,0.25586386549119333,0.3,0.29179881991482837,1.0,0.8701542689082582,10027.96405606018,-5978.306225965132
9,0.5,0.25,0.2546747923306151,0.3,0.2865772734528417,1.0,0.8297132467439101,9988.527715348453,-5878.467240978593
10,0.5,0.25,0.25272368185942085,0.3,0.28320069219817195,1.0,0.8031596195633631,10000.726612735854,-5772.902963022186
11,0.5,0.25,0.2702928825316485,0.3,0.2820331469107381,1.0,0.763608400876389,9891.557245581122,-5859.313287080426
12,0.5,0.25,0.25874642604654635,0.3,0.2887270483508114,1.0,0.799971630755295,9984.662467336546,-5791.230339057714
13,0.5,0.25,0.26064933234473675,0.3,0.2880099214780026,1.0,0.7976037767148233,9976.823652248167,-5788.573737316027
14,0.5,0.25,0.255281533246407,0.3,0.2899222906186523,1.0,0.8489505713292471,9967.063304842924,-5864.193911580541
15,0.5,0.25,0.2574771478485329,0.3,0.29182585868217065,1.0,0.8358157558090434,10051.999946521437,-5857.623244573802
16,0.5,0.25,0.25675255520583856,0.3,0.2914013484475341,1.0,0.8600517003360181,10031.138794293092,-5814.991022882677
17,0.5,0.25,0.24579489342796396,0.3,0.29366367424499823,1.0,0.9645643427976283,9973.662447665456,-6326.816838356228
18,0.5,0.25,0.24948910629083,0.3,0.2680038540147541,1.0,0.7768916772575027,10049.377658806243,-5761.159574022159
19,0.5,0.25,0.260693925288252,0.3,0.2910376845846133,1.0,0.7872732570987959,9969.745849329744,-5751.150098596206
20,0.5,0.25,0.2566845902337343,0.3,0.2880291216332797,1.0,0.813727353852678,9993.96661893316,-5935.913801507485
1,0.5,0.25,0.2560318898100366,0.3,0.28725807463469527,1.5,1.314515273116034,9902.369165969261,-6030.683436146931
2,0.5,0.25,0.25539102787204776,0.3,0.28188158578568484,1.5,1.2687149487288805,10047.783226334781,-5932.281307778536
3,0.5,0.25,0.2716200359497578,0.3,0.25763462016422056,1.5,1.0842608757936445,10007.782594441755,-5905.637694047755
4,0.5,0.25,0.25479043456041106,0.3,0.27417740887435643,1.5,1.310023140431396,10068.769781033792,-6074.456008503808
5,0.5,0.25,0.2752372373375114,0.3,0.31284981079754015,1.5,1.304492934985266,9734.922066318804,-6010.862886224859
6,0.5,0.25,0.26551228813049943,0.3,0.28042108025781365,1.5,1.1732976958684749,9950.686728180352,-6338.368421769399
7,0.5,0.25,0.25723525572761574,0.3,0.27124989633608065,1.5,1.2228626561819411,10092.285570621847,-6042.748096273593
8,0.5,0.25,0.2695327768317228,0.3,0.27115458896327255,1.5,1.1509863488322913,9951.27343708816,-5938.840967877884
9,0.5,0.25,0.2569470384973807,0.3,0.2926231634573003,1.5,1.270329074305473,10027.764983691684,-5943.067465637401
10,0.5,0.25,0.2478289690448758,0.3,0.2790582056745719,1.5,1.320339774319808,10030.307766447808,-6026.616492190565
11,0.5,0.25,0.2594644329702778,0.3,0.2753464863512805,1.5,1.1780195887884783,10113.533069785128,-6038.558690231845
12,0.5,0.25,0.26463495186456476,0.3,0.2802678255960392,1.5,1.229905694948856,9901.7736763852,-5937.175080130022
13,0.5,0.25,0.2542708696420881,0.3,0.2670010177365899,1.5,1.221841168982414,10048.994256009832,-5935.030783326836
14,0.5,0.25,0.24114544474569014,0.3,0.286371170775569,1.5,1.512958856755136,10000.755755730559,-5941.654824257321
15,0.5,0.25,0.2551590913375208,0.3,0.29356654691514994,1.5,1.400878460950148,9974.529420816763,-6717.420468862481
16,0.5,0.25,0.2581145864379249,0.3,0.2867509205677307,1.5,1.2437285436136216,10018.397024277867,-6357.029735446244
17,0.5,0.25,0.2546410413755111,0.3,0.26913922660569406,1.5,1.2335939131669236,10035.300261502836,-6115.1821827612275
18,0.5,0.25,0.24532951379549878,0.3,0.28688776333801264,1.5,1.3878094863193573,9956.511242143899,-6007.269837800144
19,0.5,0.25,0.24681960303188666,0.3,0.25908194340971424,1.5,1.2127921397689687,10165.861229173228,-6208.173103358193
20,0.5,0.25,0.2538818508954077,0.3,0.2718568499072991,1.5,1.1764162025993592,10014.937700377406,-5983.025915569777
1,0.5,0.5,0.49004371285680587,0.1,0.09683917264803438,0.5,0.09760696235600762,9952.697736466373,-7631.520540615493
2,0.5,0.5,0.4809290451751371,0.1,0.09577685369554417,0.5,0.13096480640870933,9935.880558126086,-5650.743083721418
3,0.5,0.5,0.48851356392887113,0.1,0.09732355096692512,0.5,0.12760056012452878,9936.668560629607,-5672.417964396363
4,0.5,0.5,0.48514889164521696,0.1,0.10176727882834435,0.5,0.4712736028919212,9947.953378093278,-5643.061973913014
5,0.5,0.5,0.5147909488692418,0.1,0.09921268445498448,0.5,0.22017780774115864,10010.052371282925,-5744.3374211244845
6,0.5,0.5,0.5077091211289271,0.1,0.10111561987164125,0.5,0.20028539598602044,10006.371287690823,-5699.544929605951
7,0.5,0.5,0.4809021860121211,0.1,0.09555541313439957,0.5,0.07679965651912574,9989.227262824474,-5634.016505446185
8,0.5,0.5,0.48802931517913195,0.1,0.09848279380396986,0.5,0.21075312262152987,10014.260451442975,-7539.908524654177
9,0.5,0.5,0.4899655820565106,0.1,0.09676893136820931,0.5,0.16699692881183034,9966.52645065182,-6784.209437467475
10,0.5,0.5,0.5396918081050929,0.1,0.10605289824511602,0.5,0.17957073987560518,9903.415387335244,-5666.460483701858
11,0.5,0.5,0.4734391844667835,0.1,0.09476714218399968,0.5,0.13317736124075275,9999.183055869766,-5714.920340199927
12,0.5,0.5,0.4767816358281824,0.1,0.09286411726077701,0.5,0.010694295964050252,10041.197532194821,-5690.325711838433
13,0.5,0.5,0.4995467495660638,0.1,0.09975332242425647,0.5,0.24887503899392469,9951.117659847712,-5718.755332926004
14,0.5,0.5,0.4679874174637202,0.1,0.09807823661715132,0.5,0.36158450550178745,9945.444645803891,-5693.97950711643
15,0.5,0.5,0.4839391963815288,0.1,0.0993650731504197,0.5,0.3118939503243716,10108.86444760153,-7088.755745103199
16,0.5,0.5,0.4723619788398587,0.1,0.09757528188510557,0.5,0.36714585369664976,10054.65101451695,-5690.524127628293
17,0.5,0.5,0.4757340466485988,0.1,0.09940035078939986,0.5,0.49800437516813784,9870.78542281556,-6094.268135645569
18,0.5,0.5,0.48702284636068427,0.1,0.09791860691946548,0.5,0.12155814086447328,10112.90424165783,-5689.867513130488
19,0.5,0.5,0.47803666084901075,0.1,0.09513005110708707,0.5,0.20446632636336234,9956.348518595414,-5655.756679333178
20,0.5,0.5,0.4773611090904883,0.1,0.09977947264272648,0.5,0.42912509623880063,9900.592113936238,-5820.547053670865
1,0.5,0.5,0.48212011250492004,0.1,0.09607056063021822,1.0,0.4206423662740046,10027.508411916662,-5612.670399616669
2,0.5,0.5,0.4651877516193389,0.1,0.0915995705488011,1.0,0.5009068628180556,10164.295261291687,-6082.382981255314
3,0.5,0.5,0.49478873131869827,0.1,0.09826764965427537,1.0,0.679114473495544,9991.84496461326,-5596.746872578485
4,0.5,0.5,0.48242186657086,0.1,0.09306334989378233,1.0,0.34224582288135624,10087.58594397709,-5670.653453994461
5,0.5,0.5,0.49638851570191056,0.1,0.09664787645921553,1.0,0.4492936773403174,9906.243165300508,-5593.513105748316
6,0.5,0.5,0.4838515167943444,0.1,0.09895874926269664,1.0,0.5803553224161087,10026.299604033651,-7203.9642150213585
7,0.5,0.5,0.4617610394419073,0.1,0.10045863357635383,1.0,1.229527351823279,10022.158759482203,-7549.3883847876305
8,0.5,0.5,0.5093853770979078,0.1,0.1008304059501157,1.0,0.6294409598342551,9987.240342643434,-5639.755622197556
9,0.5,0.5,0.5223240594739732,0.1,0.09496382439412662,1.0,0.22652229145583538,9954.992995780098,-5620.670661208651
10,0.5,0.5,0.5152323319057505,0.1,0.09730491298495855,1.0,0.37837531660596596,10033.516292180097,-5686.091228481625
11,0.5,0.5,0.4569483350039096,0.1,0.09523407303866704,1.0,0.5457640005734902,10118.624678619271,-6407.974845896695
12,0.5,0.5,0.48526413246514294,0.1,0.09612159477195394,1.0,0.5086408752582448,10044.67091514839,-5740.706760543707
13,0.5,0.5,0.48368264351675866,0.1,0.10547412256964273,1.0,0.9436442572678287,10018.374964758812,-5654.184405579706
14,0.5,0.5,0.44307502766401974,0.1,0.09159085027767895,1.0,0.6908269879737244,10111.670372957129,-5780.507775783153
15,0.5,0.5,0.5067681407605723,0.1,0.10115941384789384,1.0,0.5255683683474375,10007.548909403587,-5755.998193238389
16,0.5,0.5,0.5164341286803704,0.1,0.09903061013723799,1.0,0.6895534321047837,9911.200401401275,-7184.572642334602
17,0.5,0.5,0.49703976465500704,0.1,0.09761357149559984,1.0,0.5028067937841464,9937.08136584892,-6428.166320079732
18,0.5,0.5,0.4233357723737123,0.1,0.08936623776597662,1.0,0.7999829390940113,10183.285020438321,-5618.155395325404
19,0.5,0.5,0.439834661173959,0.1,0.08963193973889177,1.0,0.5964305264081288,10122.149949383964,-5677.144223857642
20,0.5,0.5,0.4928871804188485,0.1,0.09621567368781325,1.0,0.5179060128865141,9970.12952555896,-6348.452247649981
1,0.5,0.5,0.4949975848393343,0.1,0.09815021280822873,1.5,0.8889321331863846,9980.51282019287,-5658.515641169384
2,0.5,0.5,0.4985831895721661,0.1,0.09246535156868167,1.5,0.6608613918994186,10090.10294729017,-5648.895927919366
3,0.5,0.5,0.5046790488414761,0.1,0.09993776497609394,1.5,1.0102838124120308,9958.862160819246,-5631.595542723147
4,0.5,0.5,0.4921447082257134,0.1,0.09339287932996834,1.5,0.7833121973723263,10090.224338663254,-6969.542411654857
5,0.5,0.5,0.44492742616627995,0.1,0.08972490757926672,1.5,0.7693752028946347,9996.695120169239,-5641.315593729648
6,0.5,0.5,0.5029409315947483,0.1,0.10054645061810179,1.5,0.9427508843512388,9944.47154261545,-5662.380641282745
7,0.5,0.5,0.4785152936982161,0.1,0.09490611855347124,1.5,0.8502553626205924,9976.424076381201,-5717.540642651773
8,0.5,0.5,0.5113319264081261,0.1,0.09812731235777702,1.5,0.7145050606611084,9957.002761854355,-5657.880413643048
9,0.5,0.5,0.5101588200830943,0.1,0.0990796778398482,1.5,0.766771703994539,9956.951632185031,-5671.525427635312
10,0.5,0.5,0.48647409718693385,0.1,0.09551199420912923,1.5,1.0430929269387734,10071.860770896808,-7516.555236566265
11,0.5,0.5,0.4488319208003474,0.1,0.0914848272810811,1.5,1.1226139173465433,10115.959924246083,-5681.5119444272905
12,0.5,0.5,0.5132050021712184,0.1,0.09608491390171817,1.5,0.7193169806822608,9992.009331099402,-5521.738461961551
13,0.5,0.5,0.5090147927108705,0.1,0.10352016687310156,1.5,1.0375657637815296,10058.666461522123,-5693.114688995702
14,0.5,0.5,0.4617991257285368,0.1,0.09312878383315759,1.5,0.836141621431815,10036.025825681427,-6717.863003997963
15,0.5,0.5,0.49395194873209497,0.1,0.09556693728658967,1.5,0.9525335247800344,9991.957965063408,-5562.930225306244
16,0.5,0.5,0.5041705192083529,0.1,0.10177775846879208,1.5,0.9863077180333807,10018.426750961105,-5673.710322402079
17,0.5,0.5,0.5013771179331292,0.1,0.09625789279279595,1.5,0.9731904937077558,9935.113418611141,-5621.221992741881
18,0.5,0.5,0.5275097715701177,0.1,0.10148556098664037,1.5,0.7577557036856813,9987.73350776721,-5652.864580512483
19,0.5,0.5,0.48539635206088205,0.1,0.09870030251511984,1.5,1.0379759521853822,10019.636435718994,-5588.173647988749
20,0.5,0.5,0.5247054779106254,0.1,0.09749495988696887,1.5,0.659582005976955,9984.505585964784,-6040.487924903171
1,0.5,0.5,0.4896325811867273,0.2,0.19377904205330612,0.5,0.4214510374824571,10016.588333132131,-6696.719430300936
2,0.5,0.5,0.4940150977680547,0.2,0.19554784705218714,0.5,0.458830738668022,10081.365434729722,-5968.0952995803955
3,0.5,0.5,0.5025892765845457,0.2,0.19469268243029433,0.5,0.3702610038543211,9971.684520512854,-5998.980614867623
4,0.5,0.5,0.4711465490374646,0.2,0.19129054574954438,0.5,0.3395432294853185,10137.871020400624,-6063.373173466103
5,0.5,0.5,0.48027639557529106,0.2,0.18753356180829323,0.5,0.4446667715099759,10074.176022855492,-5969.276949334491
6,0.5,0.5,0.4881986449968118,0.2,0.19495941892620555,0.5,0.33610392278994194,9981.929080135857,-6794.7780798036965
7,0.5,0.5,0.47814357250511313,0.2,0.193427553088175,0.5,0.41493474348955617,10027.827957914245,-6012.831015391054
8,0.5,0.5,0.4943883283288897,0.2,0.19846892660269166,0.5,0.3647527769944329,10034.962463561067,-8006.440369359974
9,0.5,0.5,0.5032546106658213,0.2,0.1991779345366441,0.5,0.33051171870525436,10016.523891442797,-6054.582289473052
10,0.5,0.5,0.5374843224647542,0.2,0.20750367760078628,0.5,0.4898636526222526,9766.353865859255,-6013.513054473311
11,0.5,0.5,0.4861735090828335,0.2,0.19448644299139173,0.5,0.42357992544074136,10016.475362339477,-6041.775095029397
12,0.5,0.5,0.5195535639977085,0.2,0.21138031157198894,0.5,0.33082810574339044,9811.902658107483,-6067.463582265957
13,0.5,0.5,0.5021543746197333,0.2,0.2026830007549926,0.5,0.3334269765972689,9952.505701553466,-5988.922571040715
14,0.5,0.5,0.48397267199981925,0.2,0.19271421473878253,0.5,0.34501672413709045,10051.439227055704,-5950.979232079189
15,0.5,0.5,0.4977560881966945,0.2,0.1941888561197548,0.5,0.3282928228480686,10051.458405212103,-6009.184454945845
16,0.5,0.5,0.46407914056906463,0.2,0.1781953817600064,0.5,0.41335921577692714,10178.668802330409,-6054.138459522396
17,0.5,0.5,0.5190368044069122,0.2,0.2001835916710152,0.5,0.4277230920427092,9946.84345063108,-5993.662332181964
18,0.5,0.5,0.48777797831518743,0.2,0.1978460030023154,0.5,0.34348807681127247,10084.232379618963,-6081.208852205593
19,0.5,0.5,0.5028126276535901,0.2,0.19562352926347712,0.5,0.322152595178218,10025.644505540911,-6096.642384983204
20,0.5,0.5,0.4977785878090674,0.2,0.19572421245506808,0.5,0.35290510454198626,9974.204499552148,-5966.255155897745
1,0.5,0.5,0.48984441688208324,0.2,0.18924804742164145,1.0,0.679371539804861,10010.074828868457,-5957.032801027288
2,0.5,0.5,0.5073122191450543,0.2,0.19096499725751861,1.0,0.7215037369662419,9992.491936098973,-6874.2673852542575
3,0.5,0.5,0.5132710886214118,0.2,0.18700119595332296,1.0,0.6616686230156275,10059.97545802453,-6027.202197566271
4,0.5,0.5,0.48761860217784486,0.2,0.19250471821367787,1.0,0.7142807490883858,9991.237997889168,-6288.199707616543
5,0.5,0.5,0.46499257577951764,0.2,0.18473495800872125,1.0,0.792171359126671,10168.05280497632,-6049.344177803464
6,0.5,0.5,0.5208488264615208,0.2,0.19400744596642805,1.0,0.6355837749602359,10021.825323944857,-6057.558499573843
7,0.5,0.5,0.523617575432421,0.2,0.19444350957372222,1.0,0.6383617815886579,9927.783524790311,-6027.787314476796
8,0.5,0.5,0.5115627376768783,0.2,0.19007358060107668,1.0,0.7614507137759474,10068.877693353472,-6230.858858056943
9,0.5,0.5,0.5128980303789215,0.2,0.18860583181388274,1.0,0.6962480649800616,10037.740505183629,-6000.538721302837
10,0.5,0.5,0.48881257536623923,0.2,0.19729476685849073,1.0,0.856641264636896,9975.094155898696,-6056.482198490712
11,0.5,0.5,0.5166777580172838,0.2,0.19314224834251595,1.0,0.6917909781050416,9982.836680582233,-6145.348221093429
12,0.5,0.5,0.5039956006085258,0.2,0.1864665227608912,1.0,0.6536461974148329,10037.851224000817,-6117.464811103702
13,0.5,0.5,0.508036837336574,0.2,0.1875619509470326,1.0,0.6736821779747354,10031.665512159812,-6032.437242992104
14,0.5,0.5,0.5017657197026484,0.2,0.1908482372872561,1.0,0.6996516485693791,10049.55083573607,-6081.195701187258
15,0.5,0.5,0.5002883765412353,0.2,0.18782816950529532,1.0,0.6504648043862791,10083.490495171072,-7519.554013546536
16,0.5,0.5,0.5184674268635192,0.2,0.1957005615835373,1.0,0.7434365993268993,10009.369505646886,-6026.045400413864
17,0.5,0.5,0.4920828575995725,0.2,0.18723990957720799,1.0,0.6437670697354362,10013.151739962586,-7795.385456229451
18,0.5,0.5,0.4958122912099531,0.2,0.19417529703756095,1.0,0.8056618688274764,9906.789244339097,-6064.020665717862
19,0.5,0.5,0.5044522539414898,0.2,0.1935213367666702,1.0,0.7468463777292669,9964.782711651149,-6041.587950935382
20,0.5,0.5,0.5075788146021583,0.2,0.19443268200031175,1.0,0.683232491730151,9962.93572248276,-6115.062198227692
1,0.5,0.5,0.5056437580220854,0.2,0.19302655791147003,1.5,1.1500614371965203,9945.369731076955,-6029.175869298207
2,0.5,0.5,0.487928401260382,0.2,0.19683424378712977,1.5,1.2013714970250067,10031.598081623906,-7088.45532305644
3,0.5,0.5,0.4976058066198376,0.2,0.17367667432482625,1.5,1.0223223960229404,10092.105540365204,-6024.962946594037
4,0.5,0.5,0.5158989499466765,0.2,0.18960203362765413,1.5,1.1898105715805145,10010.391157354758,-6056.909075024534
5,0.5,0.5,0.5249290819756219,0.2,0.18943438986435943,1.5,1.077382001857644,10060.365746899986,-6339.642292003347
6,0.5,0.5,0.5071698022703064,0.2,0.19237853014516942,1.5,1.2237413079887,10006.705143630894,-6195.834044453195
7,0.5,0.5,0.4904445539440366,0.2,0.17733276888595437,1.5,1.106360559753336,10222.133264469443,-5982.302129326374
8,0.5,0.5,0.5125513237317197,0.2,0.20489860314352948,1.5,1.3426966998071288,9956.422527409932,-7020.334908603464
9,0.5,0.5,0.4969955088180766,0.2,0.19115724587804842,1.5,1.169095347739169,9999.140296547197,-6132.5021455177975
10,0.5,0.5,0.5184269435693997,0.2,0.19029758703113459,1.5,1.060707178090109,9926.45989849684,-6141.273783124425
11,0.5,0.5,0.5220907096405936,0.2,0.18903199790800695,1.5,1.2403358077798379,9929.17427417178,-7509.37133946271
12,0.5,0.5,0.4957127455071604,0.2,0.18627489826100654,1.5,1.245832397435188,9999.956283345655,-6118.9798666766255
13,0.5,0.5,0.45005827178758673,0.2,0.16601750841675197,1.5,1.1369687645084867,10292.71583182376,-6021.020912147656
14,0.5,0.5,0.48580767796602753,0.2,0.1790197137362833,1.5,1.108504579457082,10225.84815599698,-6242.7999007710405
15,0.5,0.5,0.49600664421485513,0.2,0.1842321051127423,1.5,1.1756708971982872,10175.71994612124,-6906.872527729112
16,0.5,0.5,0.5253292251508921,0.2,0.20037558583278975,1.5,1.0631930031348644,10013.38650172844,-6388.078046885617
17,0.5,0.5,0.4894441881308096,0.2,0.18564368022645117,1.5,1.1102251505728462,10165.697315750831,-6237.142231450308
18,0.5,0.5,0.5336250468007869,0.2,0.20115950816939307,1.5,1.1527284403655678,9939.006027760026,-5992.752582838585
19,0.5,0.5,0.4844596270837131,0.2,0.18988285797842278,1.5,1.231404330607321,10115.54153821645,-6088.0950557915185
20,0.5,0.5,0.4875936327122268,0.2,0.18621881056795697,1.5,1.324146750321166,10133.818845893964,-5983.455787447352
1,0.5,0.5,0.5114976923423744,0.3,0.29132923368744273,0.5,0.3563628501672633,9985.87252853547,-5931.168254933657
2,0.5,0.5,0.49776507608645343,0.3,0.2890622873580463,0.5,0.3532790723349927,10028.480887241485,-5968.226991529373
3,0.5,0.5,0.4840224046491818,0.3,0.28609508674218165,0.5,0.401520006291088,10065.546752587317,-6103.850367413232
4,0.5,0.5,0.4989592190742144,0.3,0.2957440882285764,0.5,0.3565362952415128,9990.24928971025,-6007.264811879374
5,0.5,0.5,0.4941337947534763,0.3,0.2859681733077184,0.5,0.3320357328251293,10033.873496255368,-5999.506457823019
6,0.5,0.5,0.4878111149969468,0.3,0.28922683925244397,0.5,0.3789190504907181,10020.015707251727,-5932.933770639154
7,0.5,0.5,0.5012345871756154,0.3,0.29069514263046703,0.5,0.3957538086663713,10081.983983734652,-6023.683991771767
8,0.5,0.5,0.4992374910122754,0.3,0.28916476772502775,0.5,0.3595297070381885,10017.046863551515,-5901.222620165899
9,0.5,0.5,0.48288220997971754,0.3,0.2786197952139494,0.5,0.37282058033378507,10119.619857516876,-6529.926596323054
10,0.5,0.5,0.49856887109294407,0.3,0.2929197542673995,0.5,0.3696710963200519,10015.518661204445,-6046.845564131954
11,0.5,0.5,0.5091390410474744,0.3,0.29017109287782705,0.5,0.3656018530765695,9927.247007150672,-6052.407592318554
12,0.5,0.5,0.51217276715261,0.3,0.29747772375720055,0.5,0.37440702572649814,9903.290513606498,-7039.68628194011
13,0.5,0.5,0.4924938810782871,0.3,0.28014988007946096,0.5,0.3457990686234031,10090.16917281618,-6095.9125763027805
14,0.5,0.5,0.5089087760238886,0.3,0.2907724003714353,0.5,0.3666443061582087,10007.417781671153,-6455.628112013577
15,0.5,0.5,0.49315784960039144,0.3,0.2820535019577375,0.5,0.3373176345826784,9980.203500287025,-5961.976451966124
16,0.5,0.5,0.47867400663237136,0.3,0.2815458161651583,0.5,0.3770882757859371,10109.193209136194,-6020.920664882031
17,0.5,0.5,0.5108331305715227,0.3,0.29123086555638483,0.5,0.3329432137221892,9984.952316279927,-5974.668153967314
18,0.5,0.5,0.47565554462831583,0.3,0.2838251615900728,0.5,0.3972269240718186,10132.976234339378,-6856.270656075467
19,0.5,0.5,0.4948775694498958,0.3,0.2883256106421745,0.5,0.41932686279195985,10003.8859142206,-5999.30096519066
20,0.5,0.5,0.49103097428364795,0.3,0.28683850821195106,0.5,0.3887932570004065,10123.182553087561,-5979.695184615364
1,0.5,0.5,0.4820858699454276,0.3,0.2842563470927026,1.0,0.8762106715286574,10128.595027946918,-6124.040321219343
2,0.5,0.5,0.5019725063463135,0.3,0.27699012931493827,1.0,0.782563193893502,10044.81942177571,-6181.466851561547
3,0.5,0.5,0.4907513943252868,0.3,0.2908198304381661,1.0,0.8598794128631717,10052.04030128053,-7116.390307682177
4,0.5,0.5,0.4694486109254779,0.3,0.2650272164079117,1.0,0.7998842838581295,10175.748605392911,-6128.249875631159
5,0.5,0.5,0.5254089293079617,0.3,0.29257217838874683,1.0,0.7275492916569436,9985.427559964997,-6128.214649984371
6,0.5,0.5,0.49058577191795494,0.3,0.2888695201300015,1.0,0.8218325212702687,10030.341060113326,-6363.248379054476
7,0.5,0.5,0.5045179807669665,0.3,0.29144084760263417,1.0,0.8349595328161568,9950.934478229927,-6078.10698339866
8,0.5,0.5,0.5147783834598482,0.3,0.28391269522777446,1.0,0.7782370004772717,10015.534976921563,-6082.23747733263
9,0.5,0.5,0.4987863580480372,0.3,0.2945327832670378,1.0,0.9741991744026905,9947.41215038643,-6346.06924823865
10,0.5,0.5,0.5147381687279233,0.3,0.27339504278695703,1.0,0.7396571901862529,10002.405706520176,-6558.52642138677
11,0.5,0.5,0.529500126885837,0.3,0.30214406908610336,1.0,0.759573108331282,9909.498522141483,-6131.0300298349175
12,0.5,0.5,0.5149091163506627,0.3,0.30110592456981633,1.0,0.8136029868280827,9912.520385233704,-6115.208329494607
13,0.5,0.5,0.4967139844512132,0.3,0.2818109941476681,1.0,0.7886305287353785,10082.722031053374,-7487.99468691521
14,0.5,0.5,0.4959344758025517,0.3,0.27028024473372664,1.0,0.7237492494290804,10057.351773401662,-6239.812877740522
15,0.5,0.5,0.49451404046743114,0.3,0.28337697424538394,1.0,0.7996334545684578,9989.235129727038,-7199.933121624737
16,0.5,0.5,0.5099741753068354,0.3,0.29322532575162313,1.0,0.8436986049141832,10048.781608854699,-6151.221767702946
17,0.5,0.5,0.5059946210520516,0.3,0.31154951661010283,1.0,0.9999081612680103,9978.809641414497,-6081.8388764150895
18,0.5,0.5,0.5206509997115717,0.3,0.30128307654400316,1.0,0.8289045922497399,9969.620120344895,-6110.550969280351
19,0.5,0.5,0.5039150348064501,0.3,0.2778082942200473,1.0,0.7892720631884339,10046.168880779307,-6041.159180101431
20,0.5,0.5,0.5145690847500624,0.3,0.2883467102287739,1.0,0.8288988044592797,9890.563443712917,-6167.899953287881
1,0.5,0.5,0.5016018993607279,0.3,0.28531933401449383,1.5,1.2913752913665981,10057.898369074412,-6111.192962868934
2,0.5,0.5,0.5054901178334028,0.3,0.27840149484149596,1.5,1.2399758117196116,10006.727329156358,-6091.913115345685
3,0.5,0.5,0.5147823391870331,0.3,0.2785191435600643,1.5,1.1822093542833279,9947.396585372371,-6099.199979262121
4,0.5,0.5,0.4911295920140833,0.3,0.2678882696741478,1.5,1.2172413481135242,10079.624754355513,-6175.319828696105
5,0.5,0.5,0.5050134271050418,0.3,0.2788182665367616,1.5,1.26849993178024,9977.39716461451,-6096.909629753613
6,0.5,0.5,0.537828579139969,0.3,0.27660301045954716,1.5,1.026390665462092,9993.347853171867,-6183.5880800206005
7,0.5,0.5,0.4998513665796772,0.3,0.2645964813330295,1.5,1.1442292457482703,10055.516614439633,-6180.8491638730175
8,0.5,0.5,0.509400519786448,0.3,0.28930762345440536,1.5,1.3010153639449593,9984.37484105718,-6136.476237600804
9,0.5,0.5,0.5112903159323456,0.3,0.27745198237868385,1.5,1.2412942563224294,9988.190249742405,-6214.249188282727
10,0.5,0.5,0.5299899225857325,0.3,0.3069134312154485,1.5,1.1842265529118512,9786.382751277504,-6675.512233331823
11,0.5,0.5,0.4898663655932717,0.3,0.28056127687690174,1.5,1.285804935598243,10052.350064199443,-6607.624097870262
12,0.5,0.5,0.5185317234958207,0.3,0.2862915642478185,1.5,1.2776960033323586,9893.32378649247,-7741.217757539763
13,0.5,0.5,0.49089966626083775,0.3,0.27099834165911924,1.5,1.2856964384327279,10129.157401600223,-6350.644666602415
14,0.5,0.5,0.49710402696119266,0.3,0.28839165401516414,1.5,1.3386009875176184,9979.937373212928,-6184.28330341531
15,0.5,0.5,0.4966316067582308,0.3,0.28321749416161635,1.5,1.2979261917580338,10049.536473673235,-6202.81770598562
16,0.5,0.5,0.5027222392750824,0.3,0.2706130075401245,1.5,1.207818043504811,10189.561720366035,-6191.308400685793
17,0.5,0.5,0.5291749307586364,0.3,0.26485666582707307,1.5,1.1381806856502754,10087.392205565986,-6095.7437772128
18,0.5,0.5,0.49245528340293065,0.3,0.27676762036953956,1.5,1.299793752035232,10124.796825660602,-6180.013284444085
19,0.5,0.5,0.5185461769866506,0.3,0.2620940172284327,1.5,1.1480448384938584,10102.162549551045,-6182.247841220484
20,0.5,0.5,0.4964340899320314,0.3,0.2761459201240469,1.5,1.2738926154892083,10016.030476915868,-6162.578742859816
