Sim,F_true,Nu2_true,Nu2_est,T_true,T_est,M21_true,M21_est,Theta,Loglik
1,0.1,0.1,0.0971681890558286,0.1,0.09958515014813438,0.5,0.54321079504561,10028.812333384245,-6191.194986972523
2,0.1,0.1,0.09895250962177449,0.1,0.10213662387672943,0.5,0.5782462401509256,9925.09339471098,-7115.769691021755
3,0.1,0.1,0.09665608023288631,0.1,0.09660839995564914,0.5,0.40948135529546803,9979.916365656956,-5523.35913982686
4,0.1,0.1,0.09936921107512507,0.1,0.09942703568911787,0.5,0.4697709169689925,10023.870359681894,-5510.791622753308
5,0.1,0.1,0.09732766864872124,0.1,0.09814310336915667,0.5,0.5085847240046866,9916.014608110785,-5476.478487978415
6,0.1,0.1,0.0967149145239412,0.1,0.0967053389333011,0.5,0.45678002960367675,9952.988242136616,-5544.0234562687965
7,0.1,0.1,0.0959403400639833,0.1,0.09720851452780109,0.5,0.49846884045010226,10043.238227046755,-5476.60507830373
8,0.1,0.1,0.09589218303468337,0.1,0.09537050900707561,0.5,0.5030204212013613,10008.154075769638,-5512.8714531817295
9,0.1,0.1,0.09677444571967819,0.1,0.09853887534563803,0.5,0.5858409402521848,9898.272048434615,-5664.655499028747
10,0.1,0.1,0.096156063580835,0.1,0.09302303009064603,0.5,0.4966332515950214,10031.470759039015,-7196.684018126675
11,0.1,0.1,0.10116166538620454,0.1,0.10025282925246909,0.5,0.45710284092097064,9987.46433693884,-6159.748343216383
12,0.1,0.1,0.10915872035558487,0.1,0.10718045243348888,0.5,0.408694633758321,9940.142882174014,-5554.051857532231
13,0.1,0.1,0.09313335490417261,0.1,0.0921929946301279,0.5,0.451980145294507,10129.62002853212,-5599.667678431466
14,0.1,0.1,0.10175792247330799,0.1,0.1027058597700885,0.5,0.511028739552488,9999.238851312335,-5493.514788251505
15,0.1,0.1,0.09262766189108344,0.1,0.09294777163599204,0.5,0.45116105983025095,9974.003910863867,-5505.27999472738
16,0.1,0.1,0.10900366038901074,0.1,0.10966547904975626,0.5,0.4929969265962103,9917.862554094801,-5496.444035994532
17,0.1,0.1,0.10416205915431362,0.1,0.10508490188689502,0.5,0.4525773671164726,9923.835331843211,-5500.119185771704
18,0.1,0.1,0.10046864654417277,0.1,0.09716559981097407,0.5,0.3965487159220999,10038.77712502025,-5490.56950861411
19,0.1,0.1,0.09624011949783495,0.1,0.09869800589296439,0.5,0.47973581892790057,9995.767179797129,-5491.660598691546
20,0.1,0.1,0.10191175998719455,0.1,0.09692209055529986,0.5,0.362315626417946,10037.732186299523,-5865.233216934866
1,0.1,0.1,0.1022462549957925,0.1,0.10092761835739784,1.0,1.021591350308688,9975.051810890795,-8355.195929635287
2,0.1,0.1,0.08818967416141997,0.1,0.08752379403947469,1.0,0.9488222099560613,9995.173326799928,-5625.305816679085
3,0.1,0.1,0.09415259216673574,0.1,0.09429600032438037,1.0,0.8936387035584775,10039.8151275093,-6075.600366471068
4,0.1,0.1,0.09934639300918739,0.1,0.09762963361184364,1.0,0.9155561840520046,9969.873090416972,-5598.267158572153
5,0.1,0.1,0.09909615856603568,0.1,0.10107022618174424,1.0,1.1993765626718504,10058.803997321626,-5617.542011146121
6,0.1,0.1,0.10063136698985818,0.1,0.09835491396990201,1.0,0.8910640918580267,10023.050507707925,-6452.509351143965
7,0.1,0.1,0.10912142143183824,0.1,0.10464945048755162,1.0,0.8470369605130846,9953.170539786346,-5575.402730849604
8,0.1,0.1,0.09622482186455711,0.1,0.09717242696279721,1.0,0.940882237817054,9943.920008533647,-5546.401218101399
9,0.1,0.1,0.0969671190329901,0.1,0.09730398352767174,1.0,1.0760933641263009,9909.086380217954,-5787.152242088814
10,0.1,0.1,0.09402126780306559,0.1,0.09695139548416157,1.0,1.1249284600375928,9956.152635862518,-6755.86613566531
11,0.1,0.1,0.09879528237521641,0.1,0.0949119693512261,1.0,0.7371101335967839,10173.337449415856,-6191.123103116887
12,0.1,0.1,0.10215665236690608,0.1,0.10344356361059798,1.0,0.9686127180504773,10037.016948109236,-7959.817264454741
13,0.1,0.1,0.09677521468237346,0.1,0.0972329235659882,1.0,1.0903633073847332,9960.483740954638,-5686.7567109766915
14,0.1,0.1,0.08912875433638316,0.1,0.09239036205885294,1.0,1.2568475102376742,10046.293702334457,-5558.162871788911
15,0.1,0.1,0.09372559636565413,0.1,0.09328260527273541,1.0,0.8759655149538175,10027.651289475261,-5663.854426213973
16,0.1,0.1,0.09891903255041835,0.1,0.10126081224655863,1.0,1.0577244301398294,10002.652033309856,-5611.02243199111
17,0.1,0.1,0.10211762974354932,0.1,0.09637410654368886,1.0,0.9062119188242796,9974.313912696241,-5655.984119770606
18,0.1,0.1,0.09934645097750074,0.1,0.10056956931694659,1.0,0.913658496364915,9951.227474957632,-5559.779495689485
19,0.1,0.1,0.10302026068149482,0.1,0.10486378427032586,1.0,1.0877730943368484,10035.424186244714,-5662.586476795172
20,0.1,0.1,0.09896137211532159,0.1,0.10200854525751468,1.0,1.0672719320178368,9992.685028389451,-5759.361443129251
1,0.1,0.1,0.09857778151738968,0.1,0.09860396142215003,1.5,1.4049774993144541,9981.996776160582,-5749.753866915917
2,0.1,0.1,0.10065996326979096,0.1,0.10133593948281647,1.5,1.4510849084456117,9870.582526251903,-5682.828083197621
3,0.1,0.1,0.09885461407138961,0.1,0.10004949366005692,1.5,1.4690744988116096,10008.874286256942,-7610.871096102655
4,0.1,0.1,0.09953660518118797,0.1,0.1000786226311568,1.5,1.426864033489096,9962.011144863758,-5685.111485595378
5,0.1,0.1,0.09722693278570986,0.1,0.09807614317553892,1.5,1.4793872877429106,9993.77777624244,-5688.589090402584
6,0.1,0.1,0.10046386677816045,0.1,0.09903657232135668,1.5,1.5001344114608544,9936.577723738868,-5768.959912841168
7,0.1,0.1,0.10204381664467356,0.1,0.10047714975946473,1.5,1.469519596926763,9931.516208966399,-5631.3748861400545
8,0.1,0.1,0.1086230753362674,0.1,0.10533132766406947,1.5,1.4312430448244062,9955.76925009779,-5679.784517524059
9,0.1,0.1,0.09659278297040991,0.1,0.09588190745483448,1.5,1.5480935732723844,10023.247746846097,-5655.138779141587
10,0.1,0.1,0.0962544147721907,0.1,0.0963470812045384,1.5,1.3925207955298864,10021.647189790581,-5613.239884842034
11,0.1,0.1,0.100028460701706,0.1,0.10173724986673496,1.5,1.4439222504681564,9887.112790103973,-5589.051209325564
12,0.1,0.1,0.1005265976613038,0.1,0.09664112683491397,1.5,1.3082140401653957,9938.879012487347,-6714.73036979075
13,0.1,0.1,0.09470769452531552,0.1,0.10070637642529735,1.5,1.7460979555046734,9924.441285380035,-5699.697936258035
14,0.1,0.1,0.09796899334490655,0.1,0.09263408424525785,1.5,1.3655059337822888,10033.312909571709,-5677.323314638068
15,0.1,0.1,0.09820688819327403,0.1,0.09922907552353641,1.5,1.4226299624945318,9945.712025778583,-5782.119127980965
16,0.1,0.1,0.09991738146261661,0.1,0.09510025343210574,1.5,1.4025842948148572,10054.171757563494,-5607.013080949837
17,0.1,0.1,0.1033331915997312,0.1,0.10197533139865919,1.5,1.433320776255668,9975.905086763096,-5658.70500344688
18,0.1,0.1,0.09577696263775547,0.1,0.09671740293223897,1.5,1.7207272724030673,9969.182914633982,-5735.132290144675
19,0.1,0.1,0.09622611679220017,0.1,0.09730403997918215,1.5,1.491430916035099,10013.23351810992,-5617.2607267671965
20,0.1,0.1,0.10004624214351251,0.1,0.09951935632573959,1.5,1.4554488398837446,9974.102233831418,-5752.4700107919
1,0.1,0.1,0.09623788442634097,0.2,0.2063151569465187,0.5,0.5071057020634201,9983.559455380017,-4780.3617674891
2,0.1,0.1,0.10011500409257239,0.2,0.19820565328699288,0.5,0.49776927326536524,10065.655664186672,-5035.197753155083
3,0.1,0.1,0.1084117045887828,0.2,0.20339093519122045,0.5,0.4069816291704618,9876.98820151868,-4995.529337324925
4,0.1,0.1,0.09187996049570171,0.2,0.18745913611860554,0.5,0.5459573727261785,10133.055296377503,-4739.944648246961
5,0.1,0.1,0.10462511321675635,0.2,0.2112225200992525,0.5,0.4974741988223177,9953.510992167427,-4729.220544259291
6,0.1,0.1,0.10094347999415394,0.2,0.21173094630791847,0.5,0.5244638801358981,9880.211143610384,-4733.745965544078
7,0.1,0.1,0.09883855124492189,0.2,0.19932386301123484,0.5,0.48535137248856197,9885.27276516533,-4686.095232629168
8,0.1,0.1,0.10010399127651003,0.2,0.20356423867973109,0.5,0.48951708915199416,9949.379596130979,-4723.456821600757
9,0.1,0.1,0.09099203229540138,0.2,0.1838090636127891,0.5,0.4534076406958553,10063.553237260652,-4712.2134922687155
10,0.1,0.1,0.09889169037190239,0.2,0.1823992704369397,0.5,0.3888914933860156,9965.879552898925,-4767.223426539
11,0.1,0.1,0.09951441171945732,0.2,0.19230704447072663,0.5,0.4382876054944784,9992.541178346328,-4621.016986235535
12,0.1,0.1,0.10267266434639624,0.2,0.20300322488733474,0.5,0.4670391649849277,9948.022549812697,-4760.014377936429
13,0.1,0.1,0.09869571011559537,0.2,0.18308976194952467,0.5,0.4159934090455726,10168.626280333332,-4670.088750522767
14,0.1,0.1,0.09356592041400398,0.2,0.19559588192999244,0.5,0.5597942877340553,10038.042090731604,-4684.752880426901
15,0.1,0.1,0.10231412382741889,0.2,0.20274250579278255,0.5,0.45333688642401926,9985.119010540722,-4696.3601054469955
16,0.1,0.1,0.10273949829005395,0.2,0.20491694610777234,0.5,0.46560201405123475,10016.638492375618,-4748.005778784615
17,0.1,0.1,0.10810569208961449,0.2,0.21599217016180863,0.5,0.48758212486504854,9812.29302304454,-4748.643666801832
18,0.1,0.1,0.09844118901240898,0.2,0.19782621639580808,0.5,0.4855550259617658,10015.913665325319,-4687.457003275663
19,0.1,0.1,0.09935340545446283,0.2,0.18992347877845983,0.5,0.49340387202827,9992.895161885448,-4660.771559379178
20,0.1,0.1,0.10285567416527329,0.2,0.22015999004066086,0.5,0.5049874895385514,10008.280848593864,-4665.994645196872
1,0.1,0.1,0.09916339480697578,0.2,0.20118730126281223,1.0,0.974215310364019,9887.521001339217,-5155.989884355333
2,0.1,0.1,0.09713169838860894,0.2,0.19837300534644278,1.0,1.0284272037779516,10081.452437289403,-5123.291575958261
3,0.1,0.1,0.09060568497018794,0.2,0.18915384123811782,1.0,1.0918616559548908,10053.722286093305,-5144.519226028897
4,0.1,0.1,0.10342854707908675,0.2,0.19534657350762052,1.0,0.8637036987602499,9944.552904955153,-5021.240739181876
5,0.1,0.1,0.0954529960355183,0.2,0.19770213623947394,1.0,1.030108038947073,9911.905925725101,-5019.551638242494
6,0.1,0.1,0.09085690285241832,0.2,0.17412346980056545,1.0,1.1364062435516644,10005.832640914172,-5274.816114987245
7,0.1,0.1,0.10845939551033429,0.2,0.19585580051598797,1.0,0.8359377649514071,9941.952824953143,-5042.094173217446
8,0.1,0.1,0.1039341496766512,0.2,0.19262549752782834,1.0,0.8415058839224885,10048.599943897856,-4963.102914446078
9,0.1,0.1,0.10738526806660191,0.2,0.21448775982132356,1.0,0.9229932012886256,9906.60477168766,-5378.754192126065
10,0.1,0.1,0.09875816470630039,0.2,0.2050248611326891,1.0,0.9782952640303735,10052.140366144937,-5166.458737328626
11,0.1,0.1,0.09561264615924796,0.2,0.19580279777371049,1.0,1.0426395968249074,9958.09630232583,-5165.884459842691
12,0.1,0.1,0.09517141799477528,0.2,0.19152006847533282,1.0,0.9242039283534631,10021.622798669696,-5087.431824685283
13,0.1,0.1,0.09805305553015421,0.2,0.19491428836738645,1.0,0.9533078466057604,9975.390459071528,-5058.189304438977
14,0.1,0.1,0.0986129543783038,0.2,0.19378992741839696,1.0,0.962723856364863,10109.648843303208,-5173.898792733085
15,0.1,0.1,0.09782688058645413,0.2,0.20195711981267547,1.0,1.0341338809992238,9894.070011514174,-4978.722426352192
16,0.1,0.1,0.09451519515059022,0.2,0.18954412199435408,1.0,0.9224225162765106,10116.112547701274,-5055.9493546143385
17,0.1,0.1,0.10264117066858632,0.2,0.19972412341148318,1.0,0.8964639410136501,9950.869911754062,-5057.979626304101
18,0.1,0.1,0.0902862114142429,0.2,0.17838703719548482,1.0,0.97501808560677,10114.491596523812,-5100.9291085195055
19,0.1,0.1,0.10281385147148528,0.2,0.20191469413266694,1.0,0.9190216896453707,9934.683898517857,-5068.917183521893
20,0.1,0.1,0.10053338186551103,0.2,0.20166584106256838,1.0,0.979269902835144,9945.201095513796,-5094.345972655485
1,0.1,0.1,0.09816749065468731,0.2,0.18983810211953367,1.5,1.4333021188980684,10080.47748523551,-5305.576718893577
2,0.1,0.1,0.09823230787245774,0.2,0.1914112831141449,1.5,1.4307433590694436,10049.198745655298,-5279.9247260043685
3,0.1,0.1,0.10445811284538681,0.2,0.20867472164994672,1.5,1.4584767404311898,9933.189808366573,-5323.35727953776
4,0.1,0.1,0.09539406018058956,0.2,0.19607017384646844,1.5,1.5813197026583936,10064.004228180129,-5241.223365507375
5,0.1,0.1,0.09759011113869664,0.2,0.18625696462857338,1.5,1.4239257947235096,10030.404924758195,-5256.872700251367
6,0.1,0.1,0.10031938227674211,0.2,0.20460786359884675,1.5,1.5205723109920204,9921.051761978795,-5767.060070858985
7,0.1,0.1,0.0999496411016936,0.2,0.19877868446967173,1.5,1.450658123690586,10073.912133923386,-5288.3988756563995
8,0.1,0.1,0.10432893246532653,0.2,0.20905643571271018,1.5,1.4882187906112696,9856.25591804459,-5288.453379560076
9,0.1,0.1,0.09908094997772471,0.2,0.19985486504858838,1.5,1.4919203287360274,9990.248235883746,-5305.224871925911
10,0.1,0.1,0.10612328152272162,0.2,0.20907145979809813,1.5,1.3917483205946486,9907.343206681606,-5266.480705895921
11,0.1,0.1,0.09988671171093333,0.2,0.19030037698019728,1.5,1.4250974734157553,9995.992130937388,-5516.117369699812
12,0.1,0.1,0.0945916715382035,0.2,0.1951722643718869,1.5,1.4764104900736839,9986.874044125654,-5317.340564079688
13,0.1,0.1,0.09254599977090885,0.2,0.1798200501916023,1.5,1.539531809210084,10009.687619088569,-5243.839531685115
14,0.1,0.1,0.09851180197482363,0.2,0.19199139843496174,1.5,1.4120350385775378,9923.461925431342,-5219.149281125475
15,0.1,0.1,0.09402998835089357,0.2,0.19265411222333234,1.5,1.5504444601329028,10138.568231680041,-5556.4182193205215
16,0.1,0.1,0.10912894820877785,0.2,0.214952076809567,1.5,1.3586769115883797,9898.382951648486,-5268.073397327156
17,0.1,0.1,0.09563127757267732,0.2,0.2080283592378446,1.5,1.7499999018052461,10046.757679717713,-5217.420372722183
18,0.1,0.1,0.10156004704238514,0.2,0.20287176725021763,1.5,1.4523147093459583,9912.452336505361,-5269.350372880299
19,0.1,0.1,0.10009534085735927,0.2,0.20942667262026524,1.5,1.622459501081502,9920.366721873135,-5305.677984771403
20,0.1,0.1,0.09989547404558927,0.2,0.19787879861348578,1.5,1.5374504774988582,10023.054993847776,-5246.013997746752
1,0.1,0.1,0.09709886833671035,0.3,0.29744010811779914,0.5,0.4802569275734015,9994.277718581883,-4143.197411818326
2,0.1,0.1,0.09824340042843747,0.3,0.3005841752869994,0.5,0.4739383924932415,10012.137254801022,-4190.436307959051
3,0.1,0.1,0.09281740030239877,0.3,0.3017984284106822,0.5,0.6095705923650586,10058.79073286497,-4172.390762942416
4,0.1,0.1,0.11091528015599335,0.3,0.31334088541924615,0.5,0.4152291241305363,9949.23737818094,-4095.7995742065204
5,0.1,0.1,0.09733643036737614,0.3,0.28192217913537865,0.5,0.48237670918334347,10009.04864937959,-4138.626247982074
6,0.1,0.1,0.09806903780508325,0.3,0.30121283113808867,0.5,0.5253376116030928,9811.758746206251,-4599.570299685814
7,0.1,0.1,0.09876281746626857,0.3,0.31528961758884044,0.5,0.5111252422439152,10044.179474266077,-4157.7268134544165
8,0.1,0.1,0.09694398937330556,0.3,0.3017323055147689,0.5,0.5199628320669214,9966.735375238577,-4162.770409988638
9,0.1,0.1,0.09365271588759623,0.3,0.2968209361902213,0.5,0.5732264053042896,10003.86076564476,-4467.683780418263
10,0.1,0.1,0.08922937152479583,0.3,0.29577556238714375,0.5,0.5268682155118911,10067.580569389787,-4262.420337015367
11,0.1,0.1,0.1008389202683903,0.3,0.31061251500635056,0.5,0.5146140837762662,9951.84684574756,-4201.064431778695
12,0.1,0.1,0.09632887070013132,0.3,0.2994237921372011,0.5,0.4817081672717721,10004.65467775845,-4114.612040151139
13,0.1,0.1,0.10327102093636154,0.3,0.28331952043046615,0.5,0.4508394638009695,9952.684672010711,-4179.474153608286
14,0.1,0.1,0.10083452789059406,0.3,0.3065250349540083,0.5,0.4733417005494518,9952.372555066042,-4332.790345351048
15,0.1,0.1,0.09862827324228592,0.3,0.3065666791280648,0.5,0.5039563620174358,9957.757425196347,-4270.566185798777
16,0.1,0.1,0.10691105882997157,0.3,0.31055318905364804,0.5,0.4292495903523711,9956.605832741383,-4215.970410475144
17,0.1,0.1,0.09998130326166799,0.3,0.29905495295856754,0.5,0.45676485431811276,10015.017706444864,-4190.387297299757
18,0.1,0.1,0.09793990296606411,0.3,0.3028364813116846,0.5,0.5015280156858126,9998.906363585042,-4163.214297724485
19,0.1,0.1,0.10029763403326057,0.3,0.3058032951550794,0.5,0.49072248389684653,9816.834973392642,-4368.806173977313
20,0.1,0.1,0.09945385286433484,0.3,0.30830633639455196,0.5,0.49939969386238986,9907.591194347327,-4230.432629494282
1,0.1,0.1,0.09594561344816763,0.3,0.29296662120715977,1.0,0.9718638450275686,10024.906301100942,-4686.262005134814
2,0.1,0.1,0.10684644929711105,0.3,0.31909185788256117,1.0,0.916936035529382,9915.318925837353,-5023.234073543354
3,0.1,0.1,0.09322045248028121,0.3,0.300527926693103,1.0,1.130112376336595,10049.983080948357,-5762.362733555666
4,0.1,0.1,0.09344337143627193,0.3,0.3064603740689505,1.0,1.011258874650542,9967.809040353506,-5077.160931270426
5,0.1,0.1,0.0990455768042514,0.3,0.2960171885430528,1.0,0.9726760756771486,10008.867888341107,-4747.313046654289
6,0.1,0.1,0.09525527699189285,0.3,0.3016617408445822,1.0,1.0371715414621585,10049.51226064031,-5397.324468577006
7,0.1,0.1,0.09940760192147313,0.3,0.30057042514658155,1.0,0.9448158746513518,10012.088710268363,-5148.407641936419
8,0.1,0.1,0.10600051815714644,0.3,0.27906905197851417,1.0,0.8813691569915368,10049.41510269509,-4798.184379207976
9,0.1,0.1,0.09162911552071513,0.3,0.30330373341525874,1.0,1.1244196918112712,10019.118310232465,-4739.098991027558
10,0.1,0.1,0.09888869076806557,0.3,0.2989719220290696,1.0,0.9767587373716766,9994.39418527836,-4813.923724944305
11,0.1,0.1,0.10227223854841788,0.3,0.3156317320162075,1.0,0.9794595974897858,9933.197994568403,-4716.1174934564015
12,0.1,0.1,0.09890072461081806,0.3,0.30014138090516834,1.0,1.0033490741488267,9984.382869552137,-5220.548340296451
13,0.1,0.1,0.10056711134156904,0.3,0.30775346078223415,1.0,0.9709977691125694,9873.057512195623,-4749.068925541476
14,0.1,0.1,0.0918632586151255,0.3,0.2884627930897086,1.0,1.0960894748085412,10077.484809860836,-4963.067279955978
15,0.1,0.1,0.09592692476976347,0.3,0.3050971618369532,1.0,1.0552974919827063,10104.666806205942,-4823.11156277461
16,0.1,0.1,0.10462585698206056,0.3,0.2800902259183516,1.0,0.871812340067153,9951.009158245439,-4780.517316134361
17,0.1,0.1,0.08978242452571657,0.3,0.2911622190839947,1.0,1.0411214563588405,10079.137350213108,-5049.83018101861
18,0.1,0.1,0.09906055907696668,0.3,0.31262087419725887,1.0,1.0271116552611104,9898.071075261747,-4711.6921385822625
19,0.1,0.1,0.10184537628835162,0.3,0.2923211139964471,1.0,0.8723955749806357,10015.500459639883,-4751.2712308922055
20,0.1,0.1,0.09589599874417351,0.3,0.3045981548501845,1.0,1.01058286651956,9989.553691337904,-4795.887483283644
1,0.1,0.1,0.09945194637429439,0.3,0.29358853484122777,1.5,1.4468637647035627,9976.066622181363,-5126.216795715147
2,0.1,0.1,0.10230455917780913,0.3,0.2813323105413092,1.5,1.4212030489224672,10051.441228790743,-5059.601514503901
3,0.1,0.1,0.09861461703605025,0.3,0.29495899955636046,1.5,1.5024332463528038,10020.715084860467,-5211.4043661416945
4,0.1,0.1,0.1024849484460387,0.3,0.2795731783486781,1.5,1.368947759869995,10024.89341996182,-5098.990074308158
5,0.1,0.1,0.10167853001435578,0.3,0.291239374999807,1.5,1.3680504406636473,10030.039143175476,-5095.1856134264635
6,0.1,0.1,0.09969069158543946,0.3,0.2922160327305616,1.5,1.4630398673647647,10003.901191409394,-5110.06681072384
7,0.1,0.1,0.09640258059373616,0.3,0.27886360795291554,1.5,1.4982376526660783,10054.76653100016,-5095.331969677389
8,0.1,0.1,0.10029482354553326,0.3,0.2831361056860116,1.5,1.4231355391827194,9989.898514417859,-5472.626273783588
9,0.1,0.1,0.09860804430723294,0.3,0.31188299151548426,1.5,1.5145397213237215,9962.43694781112,-5113.243709777926
10,0.1,0.1,0.0967279990727189,0.3,0.3184081329723916,1.5,1.5340299620522964,10018.729527778896,-5184.16026281099
11,0.1,0.1,0.09205447658797535,0.3,0.2955693548756065,1.5,1.5977488028579268,10088.989690469789,-5226.175304570095
12,0.1,0.1,0.09743325415941652,0.3,0.29120862240873535,1.5,1.5184765966789717,10030.797726982164,-5204.915250796834
13,0.1,0.1,0.11101254775592521,0.3,0.27947594042174007,1.5,1.253651371771053,9904.983107596076,-5100.910657058416
14,0.1,0.1,0.10072737687457534,0.3,0.29553691140133004,1.5,1.4124292996551824,10105.074069445256,-5083.0997243644815
15,0.1,0.1,0.09633733866585943,0.3,0.30320231242845486,1.5,1.562377805120038,9986.989417411658,-5026.681976075834
16,0.1,0.1,0.09869567655620158,0.3,0.29505027325975974,1.5,1.460126353824829,9966.553023901568,-5110.945968523411
17,0.1,0.1,0.09865691445109184,0.3,0.27837006886843163,1.5,1.4636158040522733,10097.382958270267,-5523.159659963359
18,0.1,0.1,0.10121160300154393,0.3,0.30003391144276065,1.5,1.455046316867956,9889.568863338323,-5069.726739350123
19,0.1,0.1,0.09374863215616681,0.3,0.28770623237267934,1.5,1.586871379770972,9998.664518307645,-5082.714432676148
20,0.1,0.1,0.09280737408784837,0.3,0.28064908612060535,1.5,1.6118171285964216,10042.008110864834,-5149.507008502436
1,0.1,0.25,0.25551860813589955,0.1,0.09787238168036111,0.5,0.2515482115152969,10008.70505999981,-5898.713004166421
2,0.1,0.25,0.2407161591962508,0.1,0.09637808240294951,0.5,0.5131370219438399,9975.771690066513,-5885.409443174847
3,0.1,0.25,0.23713114674242786,0.1,0.09487400297663927,0.5,0.40807194382034584,10113.275299060588,-5885.3328030356715
4,0.1,0.25,0.21973002391235763,0.1,0.09184543910914543,0.5,0.5889699249223893,10165.126547442878,-5833.446852980463
5,0.1,0.25,0.25205608856742007,0.1,0.10031144237332931,0.5,0.45752255574436773,9949.336433275397,-6947.814855763331
6,0.1,0.25,0.24623813523067378,0.1,0.09915755919226343,0.5,0.5009925496864415,9944.091917302088,-6845.075197602593
7,0.1,0.25,0.24368515061504734,0.1,0.09966804124094517,0.5,0.5321684332811071,10020.216512766361,-7735.986944717832
8,0.1,0.25,0.26307067049758387,0.1,0.0986881291418548,0.5,0.2611930637876325,9847.112791978949,-8394.51759843027
9,0.1,0.25,0.23825562314621065,0.1,0.09735463815412719,0.5,0.42017687160709954,10077.669216562475,-5870.161607452454
10,0.1,0.25,0.24071582735481667,0.1,0.09724141248661049,0.5,0.42304530266581747,10051.502863997439,-5882.125119606406
11,0.1,0.25,0.2578396639610355,0.1,0.10264059149809279,0.5,0.449528981863039,9852.474698321777,-5906.71913304193
12,0.1,0.25,0.26361076797170047,0.1,0.10522121616672832,0.5,0.4730842461131171,9971.009093429062,-5934.161782788238
13,0.1,0.25,0.24102601355750508,0.1,0.09719073857692652,0.5,0.4074910966014638,10060.630851853204,-5822.379569491453
14,0.1,0.25,0.2467204307269252,0.1,0.09634401118683027,0.5,0.5158041551554945,9975.168038005666,-5872.963454066214
15,0.1,0.25,0.251305771471638,0.1,0.09822334311248515,0.5,0.32733242829124515,10035.508999812266,-8093.258116213859
16,0.1,0.25,0.25152988317530955,0.1,0.10104122003240353,0.5,0.4655965720621058,9853.049200512747,-6978.163803696356
17,0.1,0.25,0.24841244130989937,0.1,0.10263567363527215,0.5,0.5219756860740553,10002.174502142481,-5901.005273093646
18,0.1,0.25,0.2437691320390084,0.1,0.09901351756711411,0.5,0.4730464823271373,9962.853171762976,-5906.207073050287
19,0.1,0.25,0.2491124525174015,0.1,0.10136634511895917,0.5,0.6004068850890741,9980.835547630522,-5908.991668284569
20,0.1,0.25,0.24141236249748094,0.1,0.0967402905370825,0.5,0.43724224415831414,10010.553890178211,-5923.319335960592
1,0.1,0.25,0.24551793572521957,0.1,0.09314356968056049,1.0,0.7793996475451911,10082.451026739105,-6072.980021374826
2,0.1,0.25,0.23617088791307186,0.1,0.09180055930090185,1.0,0.8828517367515497,10009.972440979896,-6240.267333667327
3,0.1,0.25,0.2628692284797315,0.1,0.10423114516306113,1.0,0.8809582425012012,9984.304469953431,-7453.998376360374
4,0.1,0.25,0.23464150990933658,0.1,0.09475265989156223,1.0,0.9297287478961009,10067.545323675116,-5936.834805850794
5,0.1,0.25,0.247678322757402,0.1,0.097796236228802,1.0,0.959848336603069,10059.59257317265,-8187.881499272809
6,0.1,0.25,0.24230105848651373,0.1,0.098704540494218,1.0,1.1284811745115644,10052.892398897691,-6136.906881977304
7,0.1,0.25,0.23200252427723544,0.1,0.09633151182265091,1.0,1.1724450425644937,10034.20133568653,-5911.145022720266
8,0.1,0.25,0.24084110212273768,0.1,0.09804152355298254,1.0,1.0302151156720976,9967.281505593868,-6011.209609409929
9,0.1,0.25,0.25447197438243635,0.1,0.10203538619918051,1.0,0.9887852704557054,9949.670490028855,-5847.720582738601
10,0.1,0.25,0.25702738522137114,0.1,0.10159614816218113,1.0,0.973865589158777,9953.858542497275,-5891.061440150149
11,0.1,0.25,0.23958162690235438,0.1,0.09719250690040956,1.0,0.8690997527123877,10079.721977163857,-5986.499234845184
12,0.1,0.25,0.23743431109833565,0.1,0.09253076802518229,1.0,0.8957400727155573,10082.427794604742,-5879.339228282006
13,0.1,0.25,0.24794734664259588,0.1,0.10182515374629651,1.0,1.313667086040686,9951.598042770584,-5765.899714622932
14,0.1,0.25,0.2418946574708355,0.1,0.09704612584806431,1.0,1.0256779035505956,9966.456507070217,-6330.559103380854
15,0.1,0.25,0.2320928292235865,0.1,0.09301168011154254,1.0,1.0013783194147752,10024.846420819358,-5864.648377547304
16,0.1,0.25,0.23893756056657584,0.1,0.09796697184002953,1.0,1.0045687258871763,10029.695448843764,-5895.442698763933
17,0.1,0.25,0.2434525081270352,0.1,0.09744312734569073,1.0,0.9686965839812453,9998.473459622388,-5844.345955136284
18,0.1,0.25,0.23893762118055356,0.1,0.09390322576437451,1.0,0.9480217306232323,10040.720734314325,-5877.0242130344795
19,0.1,0.25,0.24628439773908084,0.1,0.09724112878099746,1.0,1.261201196702964,9939.571301965574,-5940.578699483613
20,0.1,0.25,0.2330415661159841,0.1,0.09164994104172025,1.0,0.8277882954323885,9972.614764040347,-7724.561804823001
1,0.1,0.25,0.26956186226746615,0.1,0.10622258730952838,1.5,1.3666644087354345,9910.179141904608,-7968.782613987901
2,0.1,0.25,0.23741952295581864,0.1,0.09554066768384734,1.5,1.3684640026651118,10042.09019053212,-6036.236377370144
3,0.1,0.25,0.2504996876441532,0.1,0.09822948673371974,1.5,1.4975492201805727,10082.261766021156,-5988.467296414636
4,0.1,0.25,0.2558484623799208,0.1,0.1018176366241604,1.5,1.3491843195616509,9859.107615042036,-5893.371616228969
5,0.1,0.25,0.25781051142698025,0.1,0.10211273136215669,1.5,1.451346643602265,9897.17116824321,-6034.1521840641235
6,0.1,0.25,0.25618612468411706,0.1,0.10183408804622247,1.5,1.3323553936109735,9887.02630176243,-7847.514619767766
7,0.1,0.25,0.261724659536695,0.1,0.10189033613664346,1.5,1.4233639924517594,9971.699732936986,-6103.332345675946
8,0.1,0.25,0.25170395293211084,0.1,0.09894686440283831,1.5,1.3165546076231216,10111.384644485413,-5964.115986976602
9,0.1,0.25,0.238552389453815,0.1,0.0952264712291091,1.5,1.4336995105471746,9969.866485828978,-7075.22913774461
10,0.1,0.25,0.23730790234968777,0.1,0.09343441093880539,1.5,1.325708253709892,10082.64164802611,-5904.979605379664
11,0.1,0.25,0.24977443374091624,0.1,0.09783090639374845,1.5,1.3656641323522285,9985.057203721299,-5935.64426497175
12,0.1,0.25,0.2466802989958202,0.1,0.09904118738256336,1.5,1.623455160961241,10065.955768383514,-6836.5653196877465
13,0.1,0.25,0.2678039831306858,0.1,0.10238766685775234,1.5,1.233106326926802,9898.859941951254,-7931.528371966939
14,0.1,0.25,0.25159546624231366,0.1,0.09730622413173659,1.5,1.1711876476956515,10154.102078374599,-6471.037216365835
15,0.1,0.25,0.2352559910242648,0.1,0.09727175071511375,1.5,1.4940480234204314,10063.8769548378,-6013.878259663124
16,0.1,0.25,0.24971577181391436,0.1,0.0980186815673252,1.5,1.3905663121491367,10147.855545751143,-5922.647363923138
17,0.1,0.25,0.23881559283134352,0.1,0.09775457825077882,1.5,1.6025884785695885,10038.755066086664,-7424.770903652205
18,0.1,0.25,0.2631409541322626,0.1,0.10228868526378511,1.5,1.3594788341074233,9965.170018354387,-5974.536522792618
19,0.1,0.25,0.24703205857814226,0.1,0.10075850913550907,1.5,1.5259791850496807,10006.088500130818,-5905.130573475266
20,0.1,0.25,0.25381734098623376,0.1,0.0970124551522511,1.5,1.1833861647493558,9930.522785603649,-5898.659463822249
1,0.1,0.25,0.23843153009712012,0.2,0.1905385883736711,0.5,0.4368837649805272,10057.82705719523,-5809.556681930603
2,0.1,0.25,0.24257268957529401,0.2,0.19307878122415212,0.5,0.46341913081428543,10074.384734006959,-5757.515555560775
3,0.1,0.25,0.24674534599026532,0.2,0.19526353714126288,0.5,0.5101972245963105,10110.687286981558,-5788.253389731926
4,0.1,0.25,0.237088072669976,0.2,0.19624698159210227,0.5,0.4909551824354466,9962.686428479628,-5791.2600486318515
5,0.1,0.25,0.264044977117907,0.2,0.20144821095526608,0.5,0.4455071245102192,9892.818509146851,-5818.638186861846
6,0.1,0.25,0.25183811636821296,0.2,0.19983508828268448,0.5,0.48931044179780453,10079.364478743324,-7777.333381543618
7,0.1,0.25,0.248271904435472,0.2,0.19285072111560972,0.5,0.4639141912560946,10030.099588763655,-5820.623906028253
8,0.1,0.25,0.2582263683290994,0.2,0.20106786508221172,0.5,0.4170719597142499,9875.54369028014,-5853.331134154516
9,0.1,0.25,0.24845007898660484,0.2,0.2014608566726421,0.5,0.5408122604740536,9985.881141784908,-6045.847184298548
10,0.1,0.25,0.24577080453898387,0.2,0.19595376475096155,0.5,0.5654725531666752,10051.431033872223,-5797.714504462572
11,0.1,0.25,0.24625266429119277,0.2,0.187638171755261,0.5,0.41597765915736507,9957.48246995974,-5881.52292944884
12,0.1,0.25,0.25311053954726137,0.2,0.19588693696511378,0.5,0.4621177562649621,9950.740126049453,-5768.011423755623
13,0.1,0.25,0.25029644549104185,0.2,0.19475021965709463,0.5,0.5121904384676463,9963.118220218195,-5763.192667761166
14,0.1,0.25,0.24539379802211317,0.2,0.20158532842260043,0.5,0.5472420648531342,10005.573653900834,-8272.50123639221
15,0.1,0.25,0.2595124757609066,0.2,0.20700607605396734,0.5,0.46653604777066604,9894.685759854412,-5857.365094214737
16,0.1,0.25,0.24745011781766668,0.2,0.19226351590185062,0.5,0.44673053297233883,9946.66702372131,-5880.525899876327
17,0.1,0.25,0.24554883648844555,0.2,0.196664490282903,0.5,0.4774682015945772,9944.690242021163,-6944.981131722842
18,0.1,0.25,0.23575988185580388,0.2,0.18985072861045163,0.5,0.46895025970942955,10077.831378782945,-5979.52121355071
19,0.1,0.25,0.24560522140392832,0.2,0.18952679680827364,0.5,0.4410175030594097,10112.212987458532,-5791.229867217708
20,0.1,0.25,0.2532179550105938,0.2,0.19962373604711114,0.5,0.4657382091407491,10035.559422370923,-5822.773125580414
1,0.1,0.25,0.24053873799263661,0.2,0.19436549086590926,1.0,0.9630412910926307,10103.426950599187,-6566.1565604318
2,0.1,0.25,0.24909594699116736,0.2,0.18542891098106756,1.0,0.9264353440007743,9983.066584141368,-5864.775780845866
3,0.1,0.25,0.2538907892314432,0.2,0.20040594894277086,1.0,0.959491649456209,9966.055483298662,-5936.076153546153
4,0.1,0.25,0.24739422481550388,0.2,0.19901328120750741,1.0,0.9448455383142114,10033.607800079264,-5893.137868387841
5,0.1,0.25,0.2456856820051485,0.2,0.19674282553995404,1.0,1.0480946743457051,10016.593679359243,-6198.344552952602
6,0.1,0.25,0.25807123141181376,0.2,0.19941810742631583,1.0,0.9590427463428526,9951.475242682145,-6152.444957687145
7,0.1,0.25,0.2398313540666142,0.2,0.2052582800180934,1.0,1.1377136203214007,9979.325051503136,-5918.957980219116
8,0.1,0.25,0.23246897195479832,0.2,0.17619548420015035,1.0,0.8357571270679748,10082.98797596181,-5995.428679378451
9,0.1,0.25,0.2565686362183522,0.2,0.2009326327329466,1.0,0.995250466108835,9905.210372636397,-5877.430880699556
10,0.1,0.25,0.24620702720503443,0.2,0.20028747917898723,1.0,0.9560093327312544,10047.52210195649,-5938.411833260051
11,0.1,0.25,0.24335775204507692,0.2,0.19873782768811957,1.0,0.9795139439021445,9949.781555132196,-6048.473827913351
12,0.1,0.25,0.25364253428889466,0.2,0.20092590295919252,1.0,1.0627439292665084,9908.601581665962,-6235.5238845791755
13,0.1,0.25,0.24305917343537592,0.2,0.20567087921596336,1.0,1.1531145928729214,10009.214126767856,-5909.199234612274
14,0.1,0.25,0.25191102004225496,0.2,0.20855254510741453,1.0,1.0062696071015664,10032.884502066267,-7287.14704888461
15,0.1,0.25,0.2512435102565263,0.2,0.19437158964862594,1.0,1.0665790782886075,10006.618061625779,-6026.091360916938
16,0.1,0.25,0.24997192556755707,0.2,0.199789893529984,1.0,0.9879133830864865,10017.83995261301,-5847.408958016089
17,0.1,0.25,0.2485710216513932,0.2,0.19795322188116912,1.0,1.0501771438419192,10056.136856908755,-6124.764324172674
18,0.1,0.25,0.25590280953101496,0.2,0.20161596592960712,1.0,0.9441418791435673,9988.149207936987,-5968.7979385423605
19,0.1,0.25,0.2526821518153594,0.2,0.20183179024617695,1.0,0.9414174771089218,9923.25284763556,-5884.734287737994
20,0.1,0.25,0.24541653322463652,0.2,0.19640724802308243,1.0,1.014989432596636,9977.069471728815,-7594.910060613804
1,0.1,0.25,0.25227294441316894,0.2,0.1913624538293424,1.5,1.3993456641146653,9953.15808289708,-5996.323165228854
2,0.1,0.25,0.24579248895552128,0.2,0.19444850653877907,1.5,1.4444062500081607,10100.94776851529,-5951.247577260037
3,0.1,0.25,0.23947535592537644,0.2,0.1893236039732399,1.5,1.4996161763725329,10050.647953702904,-6034.345049302529
4,0.1,0.25,0.25517859617205296,0.2,0.20451064401547947,1.5,1.495865586984061,9996.650372586242,-7070.11663743771
5,0.1,0.25,0.25903321693841036,0.2,0.18736372955290415,1.5,1.2938276777747055,9955.571348933512,-5961.195838627597
6,0.1,0.25,0.24753409981582966,0.2,0.19920642501363459,1.5,1.512544698155072,9979.333730400733,-5979.718784697963
7,0.1,0.25,0.2522075924669571,0.2,0.1896227224601337,1.5,1.3598783100594567,9858.651722991932,-5968.30979923496
8,0.1,0.25,0.23928771907515248,0.2,0.19266390967992622,1.5,1.6453092210875597,10082.924044726435,-5920.187827418564
9,0.1,0.25,0.243476720606684,0.2,0.1898598852427127,1.5,1.4415963688162823,10082.700692318855,-6594.306848339107
10,0.1,0.25,0.25493209440683007,0.2,0.19703302044290588,1.5,1.3256236306287361,10018.085378961874,-5976.6574377321085
11,0.1,0.25,0.2577206716048388,0.2,0.20490783410661118,1.5,1.425160837620081,9846.74017469353,-5985.376703503395
12,0.1,0.25,0.24567988022180354,0.2,0.2047363141053277,1.5,1.5386574806076945,9990.725571605948,-5901.282846669451
13,0.1,0.25,0.25951246996881416,0.2,0.1969271626507683,1.5,1.2742916183629178,9972.005639120802,-5919.52779468993
14,0.1,0.25,0.2501539373489779,0.2,0.19550442557039693,1.5,1.4653000850557423,10005.578305233803,-6071.143217882698
15,0.1,0.25,0.25474974207739187,0.2,0.1992342618473848,1.5,1.4134069467207453,9990.151521965208,-5951.026700481663
16,0.1,0.25,0.23236023363388353,0.2,0.202777777337962,1.5,1.594800671404933,10132.216023708626,-6021.2384020213885
17,0.1,0.25,0.23872869467334432,0.2,0.19681169009835656,1.5,1.4952804565818145,9968.194260139679,-5946.850576450473
18,0.1,0.25,0.24434852139020508,0.2,0.1841784186223269,1.5,1.4068888212165798,10069.119739920216,-5915.15645553402
19,0.1,0.25,0.24930529952780614,0.2,0.21044826058257632,1.5,1.6334153842758954,9953.139666362193,-5932.814299347501
20,0.1,0.25,0.239262945437401,0.2,0.19553100447767094,1.5,1.5620613452613525,10084.339635317909,-5941.1518731459
1,0.1,0.25,0.25485143335336186,0.3,0.3053204814299022,0.5,0.4702688294936469,9899.700281682184,-5531.4587549887265
2,0.1,0.25,0.24419065193391096,0.3,0.29027131325579475,0.5,0.47571324002382537,10110.557672897952,-5592.1906394230555
3,0.1,0.25,0.25310254621016576,0.3,0.2994000145776146,0.5,0.4888434270507326,9978.108731091406,-5514.7422480968435
4,0.1,0.25,0.2577007484330455,0.3,0.3067844129151441,0.5,0.4523756829408761,9941.30370844326,-5833.650633317539
5,0.1,0.25,0.24985371439974424,0.3,0.2989373178789889,0.5,0.473394884982663,10012.433120401174,-5445.973450099627
6,0.1,0.25,0.24713517138807506,0.3,0.2971762990391555,0.5,0.5119972779143268,9945.91839709623,-5470.286685528585
7,0.1,0.25,0.24342965460726543,0.3,0.29853635956064706,0.5,0.5094577965030676,10027.676661701375,-5615.769724737489
8,0.1,0.25,0.24824699167386696,0.3,0.2970807398139859,0.5,0.4803254559095388,10011.794327868092,-6156.407431471407
9,0.1,0.25,0.24518041920447084,0.3,0.30310582613956655,0.5,0.4886745139267486,10031.306111034868,-6274.299511049497
10,0.1,0.25,0.2503229544706056,0.3,0.30578611958111007,0.5,0.5118722862355524,9974.697364203384,-5868.10281230697
11,0.1,0.25,0.2408524311996061,0.3,0.3008516135658338,0.5,0.5736607096838972,10010.174191176777,-5510.784816888768
12,0.1,0.25,0.246205678690207,0.3,0.2965327062298448,0.5,0.5616905840997135,9970.510159377214,-5563.438684702853
13,0.1,0.25,0.23945504007029042,0.3,0.2772338953576571,0.5,0.5387488934805668,10008.697933203899,-6068.104053249823
14,0.1,0.25,0.24784640267887642,0.3,0.301129527389507,0.5,0.5302654414796765,10036.980418872627,-5564.686211295883
15,0.1,0.25,0.23938602392458574,0.3,0.2854259867652514,0.5,0.47227599310814794,10076.917455862605,-5506.680608380158
16,0.1,0.25,0.24941081269745252,0.3,0.28707499332196545,0.5,0.43116807751961445,9987.042137184602,-5473.525993006315
17,0.1,0.25,0.2513370474858676,0.3,0.2978041218670277,0.5,0.48920708722042106,10034.971192085513,-5625.463932749582
18,0.1,0.25,0.25706961217609087,0.3,0.2921516847119275,0.5,0.4627966693790679,9885.579522051257,-5479.889917448846
19,0.1,0.25,0.24842623560513952,0.3,0.2940913810717609,0.5,0.45987309433009976,10123.559631527274,-5572.363082855105
20,0.1,0.25,0.25768363027302404,0.3,0.29685812345429163,0.5,0.4689323465574414,10020.89166934234,-5535.91495686034
1,0.1,0.25,0.2493047711035896,0.3,0.30166255042498774,1.0,1.015299986766854,9948.25565731303,-5794.5191533509515
2,0.1,0.25,0.24787801910387047,0.3,0.29326651872702403,1.0,0.9492728239254857,10005.659621801658,-5847.393722797837
3,0.1,0.25,0.2516443078598158,0.3,0.29751398362529585,1.0,0.9599622441547561,9938.228132167596,-6196.78611819817
4,0.1,0.25,0.24484634376221392,0.3,0.3113680702418174,1.0,1.0396968932797448,9986.07159806833,-5728.032112898176
5,0.1,0.25,0.261533818916193,0.3,0.2890048803996258,1.0,0.9033096400269985,9985.4544140633,-5805.212840354978
6,0.1,0.25,0.25884974929094756,0.3,0.3018156574308839,1.0,0.9201222266806427,9881.524834424315,-5800.821252393709
7,0.1,0.25,0.24976233466806563,0.3,0.297908615987443,1.0,0.971686774416992,10095.959979943618,-5926.194929440664
8,0.1,0.25,0.2579407861847261,0.3,0.30582853660455134,1.0,0.935721664579509,9907.747752625457,-5832.01687121151
9,0.1,0.25,0.2503671297753643,0.3,0.2906226882500156,1.0,0.9310284909659938,9980.307840569143,-5734.80795868326
10,0.1,0.25,0.2613994656248694,0.3,0.3153892636063965,1.0,1.0079574561245312,9947.284556055454,-5728.075686032075
11,0.1,0.25,0.25808784395538564,0.3,0.307279085847303,1.0,0.9554529579962906,10008.535240058813,-5866.108309307155
12,0.1,0.25,0.2371854185258552,0.3,0.298402424793983,1.0,1.090939161971368,9966.11372023469,-5870.808841145603
13,0.1,0.25,0.2429997781381968,0.3,0.28740486271420845,1.0,1.0029128167225285,10081.788294091182,-5777.387106756108
14,0.1,0.25,0.2377149341028711,0.3,0.29654423505694927,1.0,1.1197467647365567,10096.579982945117,-5947.452334327289
15,0.1,0.25,0.25558853978248675,0.3,0.2948053388182653,1.0,0.9351291953317875,10020.514128963165,-5761.928690524527
16,0.1,0.25,0.25899744662036284,0.3,0.3227455206357126,1.0,0.967011419535117,9835.396716790181,-5914.2221894104205
17,0.1,0.25,0.2452637872667705,0.3,0.2866629730215806,1.0,0.9473997770221014,10102.132364944446,-6152.510298762452
18,0.1,0.25,0.23689656758246286,0.3,0.2826845180116933,1.0,0.9461115227922645,10007.3083370035,-5839.540069744341
19,0.1,0.25,0.24958519953150018,0.3,0.30005726955530543,1.0,0.9498949915075935,9949.356971687168,-5980.348023321942
20,0.1,0.25,0.267882128806911,0.3,0.310882389688752,1.0,0.9352620026865198,9929.79841386956,-8075.0750115954215
1,0.1,0.25,0.2432140650825255,0.3,0.28476630619356036,1.5,1.469097615864322,10091.324243444706,-5898.579027517755
2,0.1,0.25,0.25385107009289687,0.3,0.3096675631404524,1.5,1.4644901560800765,9904.993800909931,-8049.125263002472
3,0.1,0.25,0.24831447802667733,0.3,0.29540649291017207,1.5,1.481534513622067,9939.727218353302,-6010.54175084479
4,0.1,0.25,0.2531599151478429,0.3,0.3015489033499211,1.5,1.4568984586983005,9900.109784015036,-6721.637413242679
5,0.1,0.25,0.2350908171454989,0.3,0.2854058214872751,1.5,1.5482935797614534,10016.702352279724,-5899.765327429577
6,0.1,0.25,0.2457858246213261,0.3,0.2845332011780662,1.5,1.4488416990371182,10064.536373459528,-5825.797686193528
7,0.1,0.25,0.24233493201361045,0.3,0.2886736325221171,1.5,1.5324529959957591,9983.485259179255,-5853.856702509129
8,0.1,0.25,0.25229179815053954,0.3,0.2783970220095313,1.5,1.409333843019325,9984.51553430228,-5930.522209347968
9,0.1,0.25,0.24811342651088908,0.3,0.31485282751362,1.5,1.5217555956249416,10016.173947230081,-5958.81249993031
10,0.1,0.25,0.23933227461273307,0.3,0.31151329061760424,1.5,1.6425339313753202,9937.390475233198,-5918.988330123799
11,0.1,0.25,0.25394014050702624,0.3,0.2888091721953515,1.5,1.3619959847042287,10034.310147728882,-5980.398263008514
12,0.1,0.25,0.2481184751629465,0.3,0.29268046059195,1.5,1.467304482425293,9965.47925440537,-5839.094352271851
13,0.1,0.25,0.24179790827143277,0.3,0.29716398538855726,1.5,1.4804862657922249,10069.776090180187,-5853.551962943069
14,0.1,0.25,0.2564962310126929,0.3,0.3055424179527703,1.5,1.4095617315857087,10004.858287535717,-5911.9243570484105
15,0.1,0.25,0.24717671481351636,0.3,0.2924262207442332,1.5,1.4501806691646288,10031.837752649313,-6020.346452433896
16,0.1,0.25,0.24855595499401395,0.3,0.29763662875618785,1.5,1.4950953672619571,9916.64713089975,-5903.8239321646015
17,0.1,0.25,0.24566116434757324,0.3,0.29392964428879886,1.5,1.4749333472473614,10001.353060067177,-5819.034703423751
18,0.1,0.25,0.24573893846447575,0.3,0.2895977953971116,1.5,1.46601351213975,10048.081784431291,-6001.395374791855
19,0.1,0.25,0.2378596929233822,0.3,0.2849873163169181,1.5,1.521098014871836,10102.349387269649,-6133.585900371918
20,0.1,0.25,0.2562083157143962,0.3,0.29319966951298737,1.5,1.4051003638468076,9956.605509228672,-5926.388781698162
1,0.1,0.5,0.4948257341748804,0.1,0.09864272295865492,0.5,0.3919852141793987,10014.202444444601,-5649.111258225106
2,0.1,0.5,0.4878959529362411,0.1,0.09712639839306787,0.5,0.4062902387123413,9988.09101796994,-5666.022289169867
3,0.1,0.5,0.5363731107254663,0.1,0.10909688445346566,0.5,0.5080062745091926,9891.568041633145,-5711.154261756189
4,0.1,0.5,0.49039142947000136,0.1,0.10054915685687825,0.5,0.5998335838314827,9919.544592632816,-5627.1346426845375
5,0.1,0.5,0.5027543273472733,0.1,0.09925811167282844,0.5,0.3791552950574321,10024.487000995636,-5707.3504512281415
6,0.1,0.5,0.4888278331720729,0.1,0.0973183538808896,0.5,0.3708042745435743,9918.447301110657,-5600.4885610905085
7,0.1,0.5,0.5034714022556257,0.1,0.09755186071446342,0.5,0.3438116308588831,10044.939303295248,-7432.556982275024
8,0.1,0.5,0.4468118727079244,0.1,0.09632992126837706,0.5,0.7755650353076339,10074.884311746111,-5675.496867218422
9,0.1,0.5,0.49287323738918826,0.1,0.10176827089311197,0.5,0.5757481040454367,9896.251973805694,-5652.47602722028
10,0.1,0.5,0.5079265449246697,0.1,0.10363184135047658,0.5,0.5555825929185889,9981.726898427183,-5635.823170639576
11,0.1,0.5,0.5245128686873223,0.1,0.10201184247519858,0.5,0.4750142183740333,9865.463396651563,-5814.094065210045
12,0.1,0.5,0.5351979609125501,0.1,0.10336821160181463,0.5,0.44382864127162064,9887.277570396389,-5681.328139731664
13,0.1,0.5,0.49587266502152405,0.1,0.09958554495288309,0.5,0.48322592905373557,9976.278938056477,-6900.213021308042
14,0.1,0.5,0.4439383080250956,0.1,0.09085888406635673,0.5,0.46772361718369737,10085.982048984424,-5912.3410420279415
15,0.1,0.5,0.5047923329458344,0.1,0.09821092498717188,0.5,0.35192528113697524,10044.49443393005,-5839.090329598888
16,0.1,0.5,0.4791053867871972,0.1,0.09778820406476295,0.5,0.5682853237061348,10047.945160982676,-5692.361867896244
17,0.1,0.5,0.4588162227315671,0.1,0.0936656701286459,0.5,0.5755536117248995,10021.601968523815,-5669.892469653588
18,0.1,0.5,0.49227933093926945,0.1,0.10005248542158603,0.5,0.45457459100365627,9940.187909050019,-6981.812393210852
19,0.1,0.5,0.5012214364717752,0.1,0.10058799751517745,0.5,0.501456673479356,10020.123387002915,-5673.90483032781
20,0.1,0.5,0.500994078762251,0.1,0.09987498880509056,0.5,0.44899990224404795,9932.611748774672,-5652.65822765659
1,0.1,0.5,0.48309355453829067,0.1,0.09545693509159914,1.0,0.8721139568568532,10025.38368386474,-5638.512565507233
2,0.1,0.5,0.4928013719460198,0.1,0.09677906570131212,1.0,0.8350162031264886,9977.088312980279,-5651.311100118795
3,0.1,0.5,0.4984188507755903,0.1,0.10184620627939214,1.0,1.0291840295390278,9980.835117320112,-5599.342988511335
4,0.1,0.5,0.4756897503590999,0.1,0.09419698019808684,1.0,0.8083971903771866,10068.30010208368,-5639.342963654375
5,0.1,0.5,0.4707499345765951,0.1,0.10065795509568928,1.0,1.1834806078617381,10001.244206249125,-6637.634242833252
6,0.1,0.5,0.47574506263061317,0.1,0.09982915031968474,1.0,0.8743643857729574,9940.938639171694,-5689.002538148112
7,0.1,0.5,0.49750825295873313,0.1,0.09971490768095165,1.0,0.9168046799419727,9972.925773159755,-5564.195482817361
8,0.1,0.5,0.5078387480246508,0.1,0.1038926117238689,1.0,1.0555260406389324,9950.699791119798,-5587.075134859109
9,0.1,0.5,0.5087923268295208,0.1,0.10129795244007565,1.0,0.9795092346078847,9993.639875579702,-5596.3830902946165
10,0.1,0.5,0.49947942677231244,0.1,0.1008750205248675,1.0,1.0267429096074936,10024.354564271065,-5618.066229510057
11,0.1,0.5,0.526516828816339,0.1,0.10267874496097981,1.0,0.8660637983069662,10006.229423477207,-6780.6759061812945
12,0.1,0.5,0.48919475977218047,0.1,0.09827720585746881,1.0,0.8862486980350047,9965.642855727441,-5654.544177353333
13,0.1,0.5,0.4930126802070264,0.1,0.09692197518849689,1.0,0.8784523986713845,9963.299855845928,-5878.787389468765
14,0.1,0.5,0.5038174991435328,0.1,0.10113684868354225,1.0,0.9677669698219894,9836.26642516152,-5641.562118383746
15,0.1,0.5,0.5012709661172584,0.1,0.1058689419419088,1.0,1.0136043476215468,9904.807857462669,-5614.551608421077
16,0.1,0.5,0.46506199477447197,0.1,0.09670351414770868,1.0,0.871001436716763,9993.73470322155,-5611.515777833081
17,0.1,0.5,0.4581680465591451,0.1,0.0949090313349339,1.0,0.9984709865448911,10035.740187531419,-5650.664511070061
18,0.1,0.5,0.5252255692216878,0.1,0.10443311629691024,1.0,1.0243398020463725,9943.41541974943,-5645.483339139717
19,0.1,0.5,0.5043633898871303,0.1,0.09693273700627901,1.0,0.7880302375726386,10040.559800188417,-6498.899670821747
20,0.1,0.5,0.44913542019095015,0.1,0.0929989021140701,1.0,1.0649586225629026,10037.347970357838,-5571.327887838533
1,0.1,0.5,0.5020555146845327,0.1,0.09862862964675734,1.5,1.310341900088916,10091.634045485749,-5579.05502757249
2,0.1,0.5,0.5225340212696903,0.1,0.10174524907961208,1.5,1.3438898675750055,9913.151255006374,-5581.3144225814085
3,0.1,0.5,0.4781100176870107,0.1,0.0962850856908183,1.5,1.426649046982591,10024.539175319105,-5644.92006519124
4,0.1,0.5,0.4944229640838631,0.1,0.0968362837756678,1.5,1.4798888522767635,9969.123489375443,-5569.204203994892
5,0.1,0.5,0.49628579125036654,0.1,0.10044310936821764,1.5,1.5454989181692036,9969.278221936544,-5610.519153692959
6,0.1,0.5,0.4987309682922638,0.1,0.101410909354855,1.5,1.49372990117724,9936.193088775339,-5603.749727937791
7,0.1,0.5,0.5025959351299155,0.1,0.098097007340044,1.5,1.2630475316398893,9916.27124640225,-5609.178844544565
8,0.1,0.5,0.47625672711551503,0.1,0.09746478171029697,1.5,1.4721499128240836,9982.691233998677,-5639.9534809814995
9,0.1,0.5,0.5029579779983768,0.1,0.09808665352513626,1.5,1.1693724350453567,10054.64578512698,-5592.301880405843
10,0.1,0.5,0.49800448367160277,0.1,0.09874489719662866,1.5,1.310069910720416,9990.713033498874,-5604.491828933672
11,0.1,0.5,0.5039745393638413,0.1,0.10211123467342796,1.5,1.5539110400338119,9986.02587949657,-5541.384727091611
12,0.1,0.5,0.500774728132855,0.1,0.09984308784352944,1.5,1.3645664287380959,9916.256059767247,-5584.491911125539
13,0.1,0.5,0.5096565890513216,0.1,0.0987873276289596,1.5,1.119396568479083,9979.466354523182,-6987.784516410389
14,0.1,0.5,0.48638132160052444,0.1,0.10443340733268287,1.5,1.8548534419038785,10029.710899535145,-5586.35770749331
15,0.1,0.5,0.5053586628350345,0.1,0.10170821636703434,1.5,1.517153884769941,9975.125274172578,-5576.892013295984
16,0.1,0.5,0.5125342087508168,0.1,0.09739019428045645,1.5,1.148616871573266,9979.133360357793,-6016.653755061081
17,0.1,0.5,0.4969671153560085,0.1,0.09584903395525733,1.5,1.2533519539093947,9942.125110416808,-5644.419364437747
18,0.1,0.5,0.5128105779265582,0.1,0.10023591906790641,1.5,1.3171118080366817,10032.111470532733,-5580.271208642091
19,0.1,0.5,0.5396330985778023,0.1,0.10745629349491652,1.5,1.3823140364060928,9871.03073539408,-5555.856792119936
20,0.1,0.5,0.5075410840567324,0.1,0.09900135661573028,1.5,1.2992755840401409,9932.634524154138,-6777.171242586814
1,0.1,0.5,0.49265818189229765,0.2,0.20898770866580074,0.5,0.6061329854209426,9981.210360190009,-5928.482352387415
2,0.1,0.5,0.4979943469028304,0.2,0.1953489407965275,0.5,0.41014108694476903,10012.879396668985,-7280.731851116454
3,0.1,0.5,0.5581201283887589,0.2,0.20881420578449977,0.5,0.4005713226378723,9863.866149424986,-6002.178163177924
4,0.1,0.5,0.509054679188658,0.2,0.20471150403153907,0.5,0.4451318360965759,9985.464309018178,-5986.903097089369
5,0.1,0.5,0.4997335354761137,0.2,0.20349861834311223,0.5,0.49276685779972357,9983.41875454689,-6039.640594630535
6,0.1,0.5,0.5359774098218402,0.2,0.2073168443341809,0.5,0.40895920821087584,9899.208633854996,-5968.256920208381
7,0.1,0.5,0.48546214864055626,0.2,0.19688134603279725,0.5,0.470601397158743,9996.020930830788,-7784.026267065335
8,0.1,0.5,0.5028859528049806,0.2,0.20203671956237168,0.5,0.4310534687078381,9976.992357113779,-6125.803067082514
9,0.1,0.5,0.47603734314287877,0.2,0.19513289477764897,0.5,0.47607195413094244,10068.726689016607,-5946.936061929566
10,0.1,0.5,0.5008649856300164,0.2,0.19728072255847995,0.5,0.4656078451956079,9977.950862015616,-6111.3976448440535
11,0.1,0.5,0.5074829489990416,0.2,0.21283125862316532,0.5,0.48583204568063365,9900.08457741202,-7439.112739899293
12,0.1,0.5,0.48980195135353893,0.2,0.19962803967880582,0.5,0.4769007855718908,10000.556778870829,-5960.8601480154275
13,0.1,0.5,0.4835377459402563,0.2,0.19754568053190602,0.5,0.5552031388377198,9948.260607638194,-6356.663444486883
14,0.1,0.5,0.49122088836638494,0.2,0.19967335649650797,0.5,0.5449715158349905,9961.07224513033,-8173.647856708214
15,0.1,0.5,0.5042646039593267,0.2,0.20000430762448324,0.5,0.42786435790050587,10011.555791720402,-5999.566669423672
16,0.1,0.5,0.5048963819517397,0.2,0.20730350065838435,0.5,0.4265647775677477,9963.794417016381,-5954.2943718948045
17,0.1,0.5,0.4992757466048581,0.2,0.20037545389564212,0.5,0.45345089659898213,10011.425506012312,-5961.646662900505
18,0.1,0.5,0.49482148238567225,0.2,0.19795486630255235,0.5,0.5102876940695531,10069.378079351502,-5947.1927406282975
19,0.1,0.5,0.5701263223575948,0.2,0.2218479097101532,0.5,0.4277250694827647,9802.406149872408,-5972.358560932813
20,0.1,0.5,0.49042795085316143,0.2,0.19455985829462755,0.5,0.4426905953306398,10075.808756256074,-5990.192074576452
1,0.1,0.5,0.4810466719161548,0.2,0.18787448450141078,1.0,0.9295377122989458,10084.872695837568,-6513.327564616276
2,0.1,0.5,0.5287653319517791,0.2,0.20985629826417312,1.0,0.9214662476265599,9960.751020219368,-6003.500363613646
3,0.1,0.5,0.48951520696263573,0.2,0.19900005373293883,1.0,1.0927342339406487,10028.116915758976,-6884.199566054347
4,0.1,0.5,0.4922030425690647,0.2,0.19211627124028421,1.0,0.8736865163796858,10031.176843079409,-5972.0244406650545
5,0.1,0.5,0.4934847449996893,0.2,0.19866705737189227,1.0,1.018790744263315,10030.312550236264,-5971.02404252591
6,0.1,0.5,0.507694997903043,0.2,0.1892556126230708,1.0,0.910648158701438,10026.132332368095,-6021.582216769999
7,0.1,0.5,0.5130136020544863,0.2,0.1936492046218034,1.0,0.8875819628974698,9976.244214268447,-5987.6298706185025
8,0.1,0.5,0.4963227898985415,0.2,0.19555151542797247,1.0,1.0275035507157397,9913.948516048384,-5995.771087751941
9,0.1,0.5,0.48391583054788173,0.2,0.19881184502064855,1.0,0.9314713354057069,10007.155414985235,-6034.136894951329
10,0.1,0.5,0.5028440216027547,0.2,0.1955815726917337,1.0,0.9352154575442894,9994.671707214542,-5958.681883391233
11,0.1,0.5,0.5247016798649411,0.2,0.1943433130060365,1.0,0.7471499425152679,9989.284339650858,-6027.999459075963
12,0.1,0.5,0.5032293822989806,0.2,0.20578129178379162,1.0,1.1400280013566333,10014.566380399969,-5955.750900610766
13,0.1,0.5,0.4715238699878516,0.2,0.1949731210838432,1.0,0.9781481584536376,10057.142329285838,-6018.416440611296
14,0.1,0.5,0.48013106180556636,0.2,0.1988016936407603,1.0,1.0002577218398048,10125.817879190616,-5988.061214253759
15,0.1,0.5,0.5244756575575488,0.2,0.1996773820174963,1.0,0.8591597141109357,10026.282348281364,-6039.578361645747
16,0.1,0.5,0.5224678784260919,0.2,0.20622472744626513,1.0,1.0173333384776617,9849.218894779377,-6026.995812059857
17,0.1,0.5,0.497598779841113,0.2,0.19546134682260385,1.0,0.8761250988323925,9973.98052183308,-8181.750135862911
18,0.1,0.5,0.4480142084771023,0.2,0.17865659624145513,1.0,0.8811936391303721,10163.410079360716,-5971.969633468377
19,0.1,0.5,0.504060763004709,0.2,0.19836115877671723,1.0,0.9998658693639056,10050.260698417715,-6040.5366618762955
20,0.1,0.5,0.48459015613092316,0.2,0.1941797759588045,1.0,0.9358555878132432,10051.220865004309,-6460.965989740436
1,0.1,0.5,0.48129488210889293,0.2,0.1890250409261885,1.5,1.316555876506758,10112.235317926958,-6449.185749829305
2,0.1,0.5,0.5131885949862723,0.2,0.2008556948873593,1.5,1.4830377038131968,9875.117573195554,-5987.157605592887
3,0.1,0.5,0.4962201617823816,0.2,0.20113389387459263,1.5,1.6161064956717457,9986.45881890871,-5953.274593133534
4,0.1,0.5,0.498129605244605,0.2,0.19228251179252573,1.5,1.3750950419868209,10036.812286576129,-5940.915273001972
5,0.1,0.5,0.5308708180176274,0.2,0.19618930852254146,1.5,1.303187775259258,10014.628651370376,-5927.823252917046
6,0.1,0.5,0.5159571039597711,0.2,0.19996039194825577,1.5,1.4469436651080418,9896.108410985462,-5955.47175354124
7,0.1,0.5,0.5065756818343072,0.2,0.21560255596614109,1.5,1.651900790675104,9864.349732051283,-6015.664219330303
8,0.1,0.5,0.4945370567311447,0.2,0.1891417744792386,1.5,1.3688943598614374,10079.808362783622,-6596.100457118452
9,0.1,0.5,0.5143157476860627,0.2,0.21465544144185172,1.5,1.668032728129268,9895.648539488053,-5931.030113535311
10,0.1,0.5,0.5012103388501546,0.2,0.20791979989435633,1.5,1.5698876188045097,9989.139961328678,-6007.130516762543
11,0.1,0.5,0.4993053513333687,0.2,0.1944905016767516,1.5,1.4017078228156261,10091.295752742972,-6871.62123207537
12,0.1,0.5,0.518660105106235,0.2,0.19785091167242572,1.5,1.2879465108822254,9972.815696021611,-6052.568767637453
13,0.1,0.5,0.4882462312022091,0.2,0.19256526396775087,1.5,1.4071421221202638,10021.47301172132,-5988.032836932321
14,0.1,0.5,0.4968755845084644,0.2,0.205316892093974,1.5,1.5550583968282068,9996.69824536908,-6007.229311589941
15,0.1,0.5,0.4886047793902986,0.2,0.19565086365023412,1.5,1.5080755867606022,10046.525000851001,-6491.757037517306
16,0.1,0.5,0.4845356859015008,0.2,0.19189224140417124,1.5,1.3960238518426134,10092.721014086392,-5906.948986985568
17,0.1,0.5,0.4560456860719937,0.2,0.18427384369309824,1.5,1.5221745892581207,10194.072562841808,-5993.092746554365
18,0.1,0.5,0.5002500731720698,0.2,0.19997447214324565,1.5,1.434815709005101,9949.6133136765,-5970.5904927569945
19,0.1,0.5,0.5187172326594327,0.2,0.21244497946430702,1.5,1.5949090668535395,9882.7395177094,-5967.357326537132
20,0.1,0.5,0.5028318306399367,0.2,0.19992742320940426,1.5,1.4611523484637052,9985.60827135626,-6949.744468740258
1,0.1,0.5,0.4770132722660269,0.3,0.2988040428169949,0.5,0.5206796497674258,10048.283391576615,-5951.910576967686
2,0.1,0.5,0.5096619937493814,0.3,0.29560370085873655,0.5,0.407384098476925,9952.447896171852,-5914.959476325903
3,0.1,0.5,0.4978216498830901,0.3,0.3010617715956726,0.5,0.482133007476713,9960.748570563434,-5956.00792082362
4,0.1,0.5,0.4955124816194215,0.3,0.3066873049834489,0.5,0.4905417287216741,9913.590067026582,-5925.568832241393
5,0.1,0.5,0.4835885621963956,0.3,0.30435945251549246,0.5,0.5596363841068482,10012.01708701681,-5905.943560545322
6,0.1,0.5,0.491773259121849,0.3,0.2993888187322983,0.5,0.5183625493861003,10054.540658894057,-5971.990546850909
7,0.1,0.5,0.5031997268253554,0.3,0.29545423945586,0.5,0.44297716259061143,9996.058086956187,-5930.184568869468
8,0.1,0.5,0.5024094289886172,0.3,0.29305573992124273,0.5,0.47829062670117817,10057.16892921921,-7236.769611607557
9,0.1,0.5,0.5077308354497587,0.3,0.30126524867330606,0.5,0.5319058687678376,10029.559093660126,-6007.29634193819
10,0.1,0.5,0.5019495967055619,0.3,0.29567400972875524,0.5,0.4768395098075772,9969.121819791122,-5994.55657754869
11,0.1,0.5,0.48510903395078014,0.3,0.30035832646634053,0.5,0.5208807272740957,10096.46827263829,-6156.604029101716
12,0.1,0.5,0.4811196682724244,0.3,0.2957259776450847,0.5,0.4842485717573017,9956.163858402899,-5934.0168313263
13,0.1,0.5,0.49357479979165764,0.3,0.2939502702217966,0.5,0.5154703273596216,10014.905940907287,-6005.040479087059
14,0.1,0.5,0.49144030045505277,0.3,0.29810862593429194,0.5,0.48189928689692957,10021.69554472574,-5922.813152283093
15,0.1,0.5,0.48791862789898416,0.3,0.3011819810272344,0.5,0.49103080150024536,9974.48490755011,-6718.474962021055
16,0.1,0.5,0.49072010694359225,0.3,0.29987933377985193,0.5,0.47414064428411,9983.848081252974,-6695.250235726924
17,0.1,0.5,0.5139793390479904,0.3,0.29236235636359115,0.5,0.4040112374547991,10032.991238988714,-6918.818373672588
18,0.1,0.5,0.5137742888301491,0.3,0.3092536979070385,0.5,0.41607149268182514,9954.749316070396,-5880.535568780726
19,0.1,0.5,0.5108790265943227,0.3,0.30305437852980155,0.5,0.4707009553925321,10023.732250376537,-5989.795960953922
20,0.1,0.5,0.5238054764578391,0.3,0.3044085956892196,0.5,0.44780463183093955,9951.01207058644,-6925.587484661943
1,0.1,0.5,0.49023790416946533,0.3,0.2820362812245673,1.0,0.897491420387121,10059.992916871413,-6268.2899337927365
2,0.1,0.5,0.47356933853778793,0.3,0.2848019437718772,1.0,0.9960193660764932,10111.754443304555,-6072.494127807056
3,0.1,0.5,0.5050266717148592,0.3,0.30893144897350067,1.0,1.0001138284171065,10019.458876475137,-5996.706340009082
4,0.1,0.5,0.5133921903167925,0.3,0.2955399413547757,1.0,0.9351276527709519,10010.283744707838,-6015.882937999821
5,0.1,0.5,0.505957050305171,0.3,0.2948082082086237,1.0,0.9628011797125956,9972.924107097773,-6656.473294989557
6,0.1,0.5,0.5054650052729265,0.3,0.3026065400215017,1.0,1.0849273293259598,10049.281485948231,-6579.2417404241
7,0.1,0.5,0.4991410036799544,0.3,0.29992856815507796,1.0,0.9776455241614345,9865.788111082134,-6023.177652056873
8,0.1,0.5,0.48376044445890276,0.3,0.28510750565361753,1.0,0.9742546465572401,10050.87633928359,-6005.419636893161
9,0.1,0.5,0.5006432576744874,0.3,0.3006610932316637,1.0,0.9041499780864022,9921.8020384242,-6859.645902514723
10,0.1,0.5,0.5017084496687071,0.3,0.30374820158628973,1.0,0.9849823906571451,9986.569010453954,-6000.886360929195
11,0.1,0.5,0.4983682321762084,0.3,0.2972999684259,1.0,0.9418773548610818,10026.048071872736,-6013.57829816618
12,0.1,0.5,0.4816566326923032,0.3,0.29168470240326105,1.0,0.9985654279805297,9968.867856952702,-6055.708472884631
13,0.1,0.5,0.4786968820379604,0.3,0.29073080504975224,1.0,0.9857702191049329,10045.876879076255,-5995.068510369538
14,0.1,0.5,0.47913729200815025,0.3,0.2828159707985762,1.0,0.9784723281732234,10029.050272327537,-6004.953846838314
15,0.1,0.5,0.48734400452768706,0.3,0.2951250749632911,1.0,0.9854764642142103,10036.633756216928,-6196.734112238779
16,0.1,0.5,0.49400139654634356,0.3,0.2893501434852796,1.0,0.9463263634954487,10039.542255001743,-6103.590079659581
17,0.1,0.5,0.49976882296117847,0.3,0.2985515191724,1.0,0.9635844479545693,10044.914787960923,-6354.2842145796
18,0.1,0.5,0.48868689686885813,0.3,0.3126039391620391,1.0,1.0309150302449979,9935.203026436284,-6018.130087111676
19,0.1,0.5,0.4919368084464235,0.3,0.2809599913786515,1.0,0.9239642443959677,10055.438253722768,-6045.87565262365
20,0.1,0.5,0.5168538310320347,0.3,0.30499804898692606,1.0,1.0201912584640411,9894.90870478247,-6806.295823467051
1,0.1,0.5,0.4649902744924429,0.3,0.28747833220426006,1.5,1.7585014222455853,10144.793929384443,-6821.167260557671
2,0.1,0.5,0.5088304389327407,0.3,0.3042572264359739,1.5,1.5471209764366984,9922.269911164602,-6073.947753641076
3,0.1,0.5,0.48112358186235993,0.3,0.27566356960647426,1.5,1.3616211638646656,10096.461210868381,-7219.943922048451
4,0.1,0.5,0.5037378867052132,0.3,0.29677729264010394,1.5,1.4364953016428599,9977.057035161935,-5973.631562139604
5,0.1,0.5,0.5004012685299528,0.3,0.3116628111959538,1.5,1.5117087701936618,10016.074367351532,-6060.094383210007
6,0.1,0.5,0.5355035812242589,0.3,0.2989511309908446,1.5,1.266427400437691,9879.330659644645,-6067.5314700381405
7,0.1,0.5,0.5170383779556366,0.3,0.29470877051228705,1.5,1.3749611504619124,10029.692391350362,-6435.192193787307
8,0.1,0.5,0.5142270172394581,0.3,0.30296595080874006,1.5,1.4223076069725737,9988.852045658687,-6280.1794616192
9,0.1,0.5,0.5159223761059493,0.3,0.30015093886050886,1.5,1.4135870228987424,9996.066025218204,-6045.757718212259
10,0.1,0.5,0.501045123195692,0.3,0.3016378508617816,1.5,1.486756090820018,9892.16881886368,-6033.436798194672
11,0.1,0.5,0.5249670712747156,0.3,0.28797852546491143,1.5,1.3247033358870666,10034.556288438129,-6082.553275800978
12,0.1,0.5,0.5004428485735856,0.3,0.28781256830170515,1.5,1.4178368719829892,10037.625294104557,-6334.324942434698
13,0.1,0.5,0.4800242394519572,0.3,0.2881168587804533,1.5,1.4666483122780707,10091.8058768668,-6035.785548791044
14,0.1,0.5,0.5174033981408519,0.3,0.30472968875430534,1.5,1.4660940827685836,9978.396631068825,-6137.8550157542595
15,0.1,0.5,0.49450940967630796,0.3,0.30073732123813185,1.5,1.5368819808027112,10040.830875301988,-5996.999462825693
16,0.1,0.5,0.496006042359355,0.3,0.28411454815205506,1.5,1.3890897519226397,10036.967848403296,-6067.479914652695
17,0.1,0.5,0.49930949744386566,0.3,0.2917166347959202,1.5,1.3831215623546267,10031.86978714203,-6303.642186890007
18,0.1,0.5,0.51503425371176,0.3,0.29434816447247375,1.5,1.3522037286046322,10022.91836629053,-6089.097441469566
19,0.1,0.5,0.5145337502582737,0.3,0.30962411263602185,1.5,1.473264074529676,9877.929430256012,-6531.548785142202
20,0.1,0.5,0.5172873295289346,0.3,0.3267730288832175,1.5,1.5794354274942977,9920.69390693351,-6022.460230629687
