Sim,F_true,Nu2_true,Nu2_est,T_true,T_est,M21_true,M21_est,Theta,Loglik
1,0.2,0.1,0.09248838516049418,0.1,0.09520712358448015,0.5,0.5088170501402548,9979.213009901281,-5517.620644369039
2,0.2,0.1,0.09909865848401735,0.1,0.09530743796169049,0.5,0.3377109815946677,9996.806582041781,-5495.046116760979
3,0.2,0.1,0.10385335682748313,0.1,0.10182603722562712,0.5,0.42179541079833865,10083.346261435809,-5504.487967916806
4,0.2,0.1,0.09177597222082451,0.1,0.09373690641204543,0.5,0.4845054378802379,10056.211622475686,-5496.366414749719
5,0.2,0.1,0.10024582302247957,0.1,0.10025888558846412,0.5,0.4605685619981728,10048.85276208093,-5519.5597496425935
6,0.2,0.1,0.09686084554136877,0.1,0.09593984950233643,0.5,0.4264973628232361,10033.453737097952,-5510.363776517084
7,0.2,0.1,0.11637392881906655,0.1,0.11341524438402345,0.5,0.38622762687016926,9838.247739991275,-5604.6017763820255
8,0.2,0.1,0.09899626545313726,0.1,0.09810632644411485,0.5,0.4729458252641573,9996.502412802103,-5517.966144990525
9,0.2,0.1,0.08776231975385557,0.1,0.08873968075820274,0.5,0.3961395394057522,10053.37305580962,-5493.310237438311
10,0.2,0.1,0.0959158293338254,0.1,0.09453824059269625,0.5,0.5201562534747791,10046.979437399365,-5485.165505390065
11,0.2,0.1,0.09933885922907028,0.1,0.09979328850361144,0.5,0.4553445452367485,9951.69968620988,-5611.152461772862
12,0.2,0.1,0.09300019229708267,0.1,0.09197564530044527,0.5,0.38328801384540395,9989.05184123359,-5516.042447408028
13,0.2,0.1,0.09800238405641551,0.1,0.0985328662478768,0.5,0.442160065468833,10079.353195590656,-6226.003787233194
14,0.2,0.1,0.09876972122240854,0.1,0.09889683447139519,0.5,0.47916496416592574,9949.55799220607,-5463.651728374923
15,0.2,0.1,0.10354152516150669,0.1,0.10188869845669164,0.5,0.42536506033944044,9969.43269471435,-5592.868922965066
16,0.2,0.1,0.10367375392926656,0.1,0.10464556602085032,0.5,0.42873374698617545,9922.813929220943,-5555.095449231834
17,0.2,0.1,0.0943709752087873,0.1,0.09779612504963403,0.5,0.48484770747226075,9932.025082357688,-6740.469718529442
18,0.2,0.1,0.09753214008620405,0.1,0.09845936667141379,0.5,0.43168487401968225,10071.262470038477,-5505.541133773411
19,0.2,0.1,0.09714235931643371,0.1,0.0965405178375426,0.5,0.6003045779711631,9951.626964975289,-5488.817957171232
20,0.2,0.1,0.1022861174420374,0.1,0.0982405685163963,0.5,0.377432293373479,10006.810117314628,-5500.136979743651
1,0.2,0.1,0.10021421302101005,0.1,0.0991742609473423,1.0,1.0214726233230436,9980.205211612134,-5559.313088288956
2,0.2,0.1,0.09848994178382195,0.1,0.09822260115629819,1.0,0.8088514201421863,10037.747917184764,-5564.6544761692885
3,0.2,0.1,0.10290584754954267,0.1,0.09572553307710097,1.0,0.866359273685005,9891.34201152981,-5618.116528587437
4,0.2,0.1,0.10078417780750365,0.1,0.10120400272240264,1.0,0.9055215974707841,9955.345852368844,-5606.818747312932
5,0.2,0.1,0.09519860039954015,0.1,0.09459769889786948,1.0,0.9679312745466312,10044.190254057987,-5594.928972843596
6,0.2,0.1,0.09684704888374865,0.1,0.09462694784436958,1.0,0.9090161434691889,9972.949230762752,-5516.854032084825
7,0.2,0.1,0.08843633968428072,0.1,0.0894057215795998,1.0,1.0158654776977771,10198.952333932086,-5575.578432751443
8,0.2,0.1,0.10204557741697952,0.1,0.10171245910489443,1.0,0.9876414140303681,9987.981623419693,-5572.050405644277
9,0.2,0.1,0.09899756856300027,0.1,0.10061433542187953,1.0,0.99664101262435,10058.249327641719,-6477.036071078344
10,0.2,0.1,0.09949459003455766,0.1,0.09784504473313378,1.0,0.9105246762437212,9986.299078747039,-5568.564185239819
11,0.2,0.1,0.0967261132322412,0.1,0.09607205633965732,1.0,1.0049244102245911,10021.604551992192,-5746.313133568274
12,0.2,0.1,0.0962643436200702,0.1,0.0991238199663902,1.0,0.9831148860434887,10033.125122692303,-5587.205387122096
13,0.2,0.1,0.09896297505302712,0.1,0.09664622477005001,1.0,0.9617741757509373,10097.96366301748,-5670.602367698536
14,0.2,0.1,0.09982164451188233,0.1,0.1008487662759662,1.0,0.8891571104960758,10023.0001636661,-5773.549983452778
15,0.2,0.1,0.09325262475860456,0.1,0.0886351311468389,1.0,0.9040636949669614,10023.68759263121,-5590.501756593587
16,0.2,0.1,0.09792362322918308,0.1,0.09869543196443088,1.0,1.0810417409314237,10059.202269432266,-6268.6046365673365
17,0.2,0.1,0.10434045943366986,0.1,0.10210144804258237,1.0,0.7637962246241731,9905.943661136595,-5808.004524241605
18,0.2,0.1,0.09010861562205538,0.1,0.09194915565024295,1.0,1.0651272906809357,10088.491873066541,-5507.685652290795
19,0.2,0.1,0.10052255581232279,0.1,0.09814704753644703,1.0,0.8628126444158547,9936.224599868225,-5608.807201490037
20,0.2,0.1,0.0991925484197047,0.1,0.09738388431091954,1.0,0.8418091130959988,10014.612843848627,-5690.855169794632
1,0.2,0.1,0.0991433141977147,0.1,0.09587129355903953,1.5,1.2378081132714533,10036.392787746003,-8338.871995992264
2,0.2,0.1,0.09328731747282991,0.1,0.08942900331274893,1.5,1.3798162978775157,10002.232264165119,-5751.404949710397
3,0.2,0.1,0.09954565570265642,0.1,0.09911593947822042,1.5,1.537160967910844,9952.899683116104,-5619.138718237383
4,0.2,0.1,0.09750321954101661,0.1,0.09548685747096844,1.5,1.4365917796138625,9944.834076443964,-5659.1475278486905
5,0.2,0.1,0.09819661094605253,0.1,0.09492778555434847,1.5,1.190916900309074,10082.506310470753,-5637.068106403653
6,0.2,0.1,0.10603990803178165,0.1,0.10494216164332126,1.5,1.4439284051501498,9928.437901783338,-5653.074128472177
7,0.2,0.1,0.09420017370738312,0.1,0.08995219503050313,1.5,1.236549882613318,9992.078790477832,-5645.379578749118
8,0.2,0.1,0.09082879807635623,0.1,0.0846393522096931,1.5,1.353965975098693,10073.803870766256,-5667.523892328933
9,0.2,0.1,0.09394102413028323,0.1,0.09129344276249006,1.5,1.3908398288763961,10001.489896221312,-5713.568031603656
10,0.2,0.1,0.08881022568811492,0.1,0.0862232384042923,1.5,1.3923602497052359,10039.375081648734,-5747.157687747273
11,0.2,0.1,0.10430198314464716,0.1,0.10203463940057442,1.5,1.2243914968173215,9996.928744855546,-5651.778136588188
12,0.2,0.1,0.1119830350279579,0.1,0.10699437132840554,1.5,1.2242937953144972,9913.231255886445,-5774.154565733265
13,0.2,0.1,0.09399562033702842,0.1,0.094209408770379,1.5,1.400545932523442,10040.719661690318,-6201.996063771561
14,0.2,0.1,0.10186701980480105,0.1,0.09764854571465315,1.5,1.2937633772803763,10027.162139518587,-5757.343775274363
15,0.2,0.1,0.09662235743060038,0.1,0.09672491525107553,1.5,1.5759321995216062,10004.4149715793,-5729.375076661938
16,0.2,0.1,0.09683738720390483,0.1,0.09599895390738271,1.5,1.2889037518339659,9988.718479414987,-5754.9254972953295
17,0.2,0.1,0.10392769054875138,0.1,0.10226102706085122,1.5,1.3209009698365621,9912.773463039779,-5674.411075340495
18,0.2,0.1,0.08900704659238594,0.1,0.08705230761095839,1.5,1.3635201581477838,10063.230667297512,-5704.477034662238
19,0.2,0.1,0.10084888696090599,0.1,0.09976234622644546,1.5,1.397046550904352,9952.997827830754,-5668.609789859938
20,0.2,0.1,0.09392694099913278,0.1,0.09924802932918762,1.5,1.8073191209663075,10076.727857244001,-6673.588075828182
1,0.2,0.1,0.10174408125248353,0.2,0.20312757718092994,0.5,0.5063558066263796,10008.47222304262,-4758.93097114495
2,0.2,0.1,0.10103285221945675,0.2,0.2012588149385907,0.5,0.44805763767447926,9954.023782272443,-4655.918017672553
3,0.2,0.1,0.10125828803090309,0.2,0.19769511245083848,0.5,0.45219136535218835,10066.892980410566,-4646.046914646379
4,0.2,0.1,0.10037024395875614,0.2,0.2013735601980546,0.5,0.46405920686323954,10009.682702109141,-5187.208933473938
5,0.2,0.1,0.09931260086564907,0.2,0.2033745998205641,0.5,0.49744949273831074,9827.4169076866,-4685.168113958649
6,0.2,0.1,0.09558415650761334,0.2,0.19269237908289732,0.5,0.4679857373468686,10001.157219050387,-4712.317176194239
7,0.2,0.1,0.09977196131798509,0.2,0.20010146231220646,0.5,0.47343061645478157,10065.474932639934,-4682.586758679974
8,0.2,0.1,0.10128213838544814,0.2,0.19045949437041737,0.5,0.3972542896633965,10125.909447248683,-4698.8559530367165
9,0.2,0.1,0.09423127174551846,0.2,0.1866111467072992,0.5,0.5098632077599569,10019.948258123552,-4674.356689787602
10,0.2,0.1,0.10924949078302999,0.2,0.21866149477101313,0.5,0.45210342551227417,9982.081494028462,-4663.858167957345
11,0.2,0.1,0.09721373516737082,0.2,0.193856406774373,0.5,0.4762058324944378,10009.530533624671,-4832.070845878056
12,0.2,0.1,0.09611146757328272,0.2,0.19353905507822464,0.5,0.48774275851179105,10050.48482890479,-4715.349941296773
13,0.2,0.1,0.09651385313290081,0.2,0.19599047957505947,0.5,0.4518058182156813,9923.467029997377,-4710.253741664284
14,0.2,0.1,0.09133273927892081,0.2,0.17331543966675067,0.5,0.43224498387837434,10107.412690647023,-4610.674313484535
15,0.2,0.1,0.09665876212298144,0.2,0.19389687988912205,0.5,0.47485968573297965,9962.575440489962,-4689.770386963489
16,0.2,0.1,0.10173643887232531,0.2,0.20351378477702334,0.5,0.4536240230801409,10016.266035156314,-5564.333619557765
17,0.2,0.1,0.09067027624940333,0.2,0.1879173298494547,0.5,0.459808822760127,9983.119701327361,-4748.774494302948
18,0.2,0.1,0.10172342100866229,0.2,0.20056954590547815,0.5,0.41940810208591395,10078.36538594052,-4632.718786362493
19,0.2,0.1,0.09856121482346346,0.2,0.19417982007784187,0.5,0.3957051374127292,10060.664602299159,-5061.1821990228855
20,0.2,0.1,0.10257825909764406,0.2,0.20317390536776544,0.5,0.4324079216344359,9986.347996079543,-5378.525768895284
1,0.2,0.1,0.09614661055699489,0.2,0.19416441545143812,1.0,1.027494398573117,10059.803173515844,-5112.116495238026
2,0.2,0.1,0.1012006112585936,0.2,0.20714587545012575,1.0,0.9561634908385765,9888.045391322508,-5048.162214308351
3,0.2,0.1,0.09815877254696537,0.2,0.20529901080208957,1.0,1.0298646221675458,10017.992363329013,-5040.259008022039
4,0.2,0.1,0.09827198023921498,0.2,0.1953658269271265,1.0,0.9809796427707441,9955.584119882767,-5027.286998618163
5,0.2,0.1,0.09677169836975186,0.2,0.19559593154129218,1.0,0.9917998962460046,9977.983144759526,-5027.211975812981
6,0.2,0.1,0.1007610337154753,0.2,0.19679858882717274,1.0,0.9056588992066159,10030.088249299704,-5070.761745746398
7,0.2,0.1,0.10140796893768914,0.2,0.19590309752813545,1.0,0.9075363569026975,9989.074345756853,-5030.959138583898
8,0.2,0.1,0.10178608214213049,0.2,0.2145673767121605,1.0,1.0144651455032825,9940.914133685637,-5027.071882439735
9,0.2,0.1,0.09280888221566136,0.2,0.17112603059969408,1.0,0.9005483754194878,10071.478426351738,-5012.72189984543
10,0.2,0.1,0.10723953970140022,0.2,0.21682259308034246,1.0,0.9261970617079365,9901.727155981362,-5027.524979193898
11,0.2,0.1,0.10707863344245966,0.2,0.21612950259769867,1.0,0.9602448534557196,9997.830779342316,-6005.94041890187
12,0.2,0.1,0.10802058159025087,0.2,0.18797162966374872,1.0,0.7807150206153973,9830.545293740723,-4962.100907491953
13,0.2,0.1,0.09500406019947326,0.2,0.21672005092181415,1.0,1.1811304978468822,9986.462973216094,-5018.384778468067
14,0.2,0.1,0.10066285520705809,0.2,0.1979004594029748,1.0,0.9323341515119379,9942.653359615115,-5027.775051923514
15,0.2,0.1,0.10258280997931805,0.2,0.20327860585328966,1.0,0.9372472242049537,9931.149145337693,-5152.248697091869
16,0.2,0.1,0.09982680497879383,0.2,0.19635146569531592,1.0,0.91646897841353,10048.669915210969,-5026.682688619321
17,0.2,0.1,0.10027786833450686,0.2,0.20790203408097363,1.0,1.0624807984393716,9898.1977367613,-5102.730499692954
18,0.2,0.1,0.09925703933698064,0.2,0.19998208282018345,1.0,0.9838877098475425,10008.647864595214,-5073.6916447036065
19,0.2,0.1,0.09982572277087468,0.2,0.2051343289158664,1.0,0.9964483381950446,9931.00564272876,-5110.663543083326
20,0.2,0.1,0.09783544085695622,0.2,0.18614930520633877,1.0,0.9384645786977303,10078.03490471364,-5097.642352319643
1,0.2,0.1,0.10172116874420348,0.2,0.2070360333889432,1.5,1.4807837577348097,10065.673510088036,-5289.9292359185965
2,0.2,0.1,0.09989944816989843,0.2,0.19451208045116963,1.5,1.3651785119065774,9998.450165983571,-5236.9525018918885
3,0.2,0.1,0.09462817036829353,0.2,0.19039194886225289,1.5,1.550012182657398,10087.38053210307,-5364.207894703542
4,0.2,0.1,0.09668257987033488,0.2,0.1917253980145469,1.5,1.5127787422575678,10017.294120091425,-5544.832380037977
5,0.2,0.1,0.1003078916620076,0.2,0.20358271555974933,1.5,1.5229394586868097,9908.087223424334,-5331.683373151871
6,0.2,0.1,0.10534141604382462,0.2,0.17827575628368045,1.5,1.236140914356085,10090.811395788352,-5205.5744748289
7,0.2,0.1,0.10070225944319902,0.2,0.1931364085066754,1.5,1.39083849328575,9930.92119543443,-5984.631467374382
8,0.2,0.1,0.1005200086788439,0.2,0.1902129077610203,1.5,1.3837724293798466,9978.656028254449,-5266.4332513561385
9,0.2,0.1,0.10266743735693434,0.2,0.20942830955154976,1.5,1.430222657106279,9936.135333071039,-5244.2801602440095
10,0.2,0.1,0.10518595897962618,0.2,0.22482538655076675,1.5,1.375302768771609,9846.171758283848,-5227.483797864536
11,0.2,0.1,0.09379609014036919,0.2,0.19865677603961596,1.5,1.6146306799068557,10057.364537415815,-5268.999047413334
12,0.2,0.1,0.0962703977040548,0.2,0.1881035113590054,1.5,1.4108087683244102,10002.106742639306,-5317.239570285008
13,0.2,0.1,0.10176473137991542,0.2,0.21371373056916182,1.5,1.4355124840996456,9972.829908085749,-6988.974441025346
14,0.2,0.1,0.09550836257957228,0.2,0.21603853934175765,1.5,1.726316606204835,9892.983323252258,-5668.32684663283
15,0.2,0.1,0.10021523146203962,0.2,0.20063530976778815,1.5,1.4326380338172358,9926.84333939512,-5270.812104004619
16,0.2,0.1,0.10068780336546945,0.2,0.19715288055348093,1.5,1.4666289934568901,10110.082905939402,-5282.520946746801
17,0.2,0.1,0.10864891463002586,0.2,0.2194210449710439,1.5,1.400599555455683,9926.055945166921,-5364.24106538012
18,0.2,0.1,0.10073824229845683,0.2,0.19897141765355789,1.5,1.3569208565650077,10027.88667266722,-5296.236130440862
19,0.2,0.1,0.10181761032228255,0.2,0.19785184960639404,1.5,1.3921569941271383,10041.98900992272,-5289.900381584609
20,0.2,0.1,0.09302362381948566,0.2,0.17787110024835504,1.5,1.5024074690186298,10084.216507688592,-5460.515390335386
1,0.2,0.1,0.0926873584062765,0.3,0.2897997947984614,0.5,0.48461271288254587,10102.639383842969,-5264.193061769158
2,0.2,0.1,0.10155343626133125,0.3,0.30547327147420306,0.5,0.45873714359278833,9978.088872896042,-4138.320269045422
3,0.2,0.1,0.09486168929128146,0.3,0.3133936702351364,0.5,0.5423364325300342,10014.189792760722,-4673.279722350734
4,0.2,0.1,0.09875636412967177,0.3,0.29224369135394623,0.5,0.4793893781839161,10101.796774309916,-4189.033726969945
5,0.2,0.1,0.10016025568735779,0.3,0.3016025375546155,0.5,0.464091846618697,9918.299405198803,-4130.5272915781115
6,0.2,0.1,0.10185391504191271,0.3,0.28175352027578265,0.5,0.411960958433427,10004.949336588914,-4126.347702244404
7,0.2,0.1,0.09737681277227818,0.3,0.2851458680426202,0.5,0.4708720251081295,10073.353779196275,-4600.487827893488
8,0.2,0.1,0.09770897170299216,0.3,0.30680564658012655,0.5,0.554921919029416,9967.870539260315,-4195.441807052824
9,0.2,0.1,0.09763571034412417,0.3,0.3041229387473832,0.5,0.48207863035518606,9985.087211824828,-4231.619937237532
10,0.2,0.1,0.09520002478458527,0.3,0.2929537985803545,0.5,0.4890260067415557,9938.570128779073,-4159.2337997027535
11,0.2,0.1,0.0973712854679809,0.3,0.2899682569303946,0.5,0.4929537055231327,9964.880679811558,-4164.600622170384
12,0.2,0.1,0.10068867292082044,0.3,0.3099179110686581,0.5,0.46646495222755785,10084.613968889518,-4731.813403864088
13,0.2,0.1,0.10817065854486337,0.3,0.30661965470672986,0.5,0.3910613237050149,9989.945134263413,-4219.916429801762
14,0.2,0.1,0.10102479289375513,0.3,0.2785791081838586,0.5,0.4289250915945306,9982.707875530157,-4558.250317085461
15,0.2,0.1,0.09687622964185093,0.3,0.2957812617718955,0.5,0.4571692380886655,9903.99685943471,-4225.044995921266
16,0.2,0.1,0.09867600626049262,0.3,0.29846616782445146,0.5,0.4795033423596229,9973.208215199295,-4741.175906226848
17,0.2,0.1,0.09948408230761686,0.3,0.28220932337841453,0.5,0.4926817966981822,9971.009021297197,-4125.981406929775
18,0.2,0.1,0.09014233964316246,0.3,0.31097918757114973,0.5,0.5976264864875582,10033.418811622178,-4094.3838535705186
19,0.2,0.1,0.09905019600553183,0.3,0.29674228638957484,0.5,0.46789390581859397,10012.481818501701,-4191.008368995841
20,0.2,0.1,0.10302719876306343,0.3,0.3023002299315033,0.5,0.4866883099845104,9939.41219592396,-4548.04649529435
1,0.2,0.1,0.10519518042318685,0.3,0.29085111179257583,1.0,0.8627983650969993,9949.298772758737,-5188.432665832605
2,0.2,0.1,0.10249443876017961,0.3,0.2936041502351017,1.0,0.8740874011669181,9994.436937267943,-4887.47161245548
3,0.2,0.1,0.10481109853093241,0.3,0.3170994424109686,1.0,0.9301680336975015,9904.074449096099,-4781.805743500697
4,0.2,0.1,0.09262437132649765,0.3,0.3105261813768899,1.0,1.1057218107094664,9984.624784288864,-4792.586153384786
5,0.2,0.1,0.09534667399730698,0.3,0.27832986650929525,1.0,0.9612691342067032,10113.192740522618,-4739.952478490641
6,0.2,0.1,0.09709828024843767,0.3,0.2777593516666471,1.0,0.922598596100251,10024.398485052989,-4768.625369777974
7,0.2,0.1,0.10174501418426786,0.3,0.31826664298669005,1.0,0.9511112864591732,9994.524166218449,-4922.780463139581
8,0.2,0.1,0.08875048711181309,0.3,0.2922849265716343,1.0,1.1137263747195387,10070.457269086219,-4804.831185460116
9,0.2,0.1,0.09946170283492571,0.3,0.28559188349973347,1.0,0.9482482931172138,10016.529835916945,-4689.638805802994
10,0.2,0.1,0.09028145032982465,0.3,0.3016818086321498,1.0,1.1157147420207174,9997.100470357655,-4734.89647695641
11,0.2,0.1,0.10838061134995357,0.3,0.3188812881003437,1.0,0.8747951540623821,9979.264031279863,-4794.586133889317
12,0.2,0.1,0.09495209041100172,0.3,0.2982368521538278,1.0,1.0434405545517222,10048.391333988277,-4802.950793193165
13,0.2,0.1,0.09927613826817006,0.3,0.30390063570542886,1.0,0.9660367034305362,10084.581991869612,-4994.750611964552
14,0.2,0.1,0.09819210212271083,0.3,0.28530593911733626,1.0,0.9615687825901319,9934.695946062238,-4911.4351972583645
15,0.2,0.1,0.10278157297528119,0.3,0.2967377284406253,1.0,0.9232838243749877,9910.205030380936,-4800.337230706313
16,0.2,0.1,0.10149723034653282,0.3,0.2920739300245161,1.0,0.9070556624964916,9967.46866979928,-4788.302275857918
17,0.2,0.1,0.1042402797098398,0.3,0.3138267471146592,1.0,0.8936318862137377,10047.512008297717,-4733.489302045795
18,0.2,0.1,0.10474480586886845,0.3,0.27371364462705,1.0,0.8898958768598149,10061.965385338852,-4943.574053227361
19,0.2,0.1,0.09575192168584187,0.3,0.3069010272613283,1.0,1.0218648568789224,10001.717441331853,-4731.653595794036
20,0.2,0.1,0.10120053114332807,0.3,0.2879194185898791,1.0,0.9102035553378938,9965.443420654326,-4750.790097637364
1,0.2,0.1,0.09337116117020769,0.3,0.28239553769707465,1.5,1.6129618860603148,10045.724574975507,-5224.815961246126
2,0.2,0.1,0.09859082757926302,0.3,0.2841879954457628,1.5,1.447375403319462,9917.288243695653,-5503.5051899492255
3,0.2,0.1,0.10945325282101376,0.3,0.3158063301127867,1.5,1.286520825550206,9890.125471085626,-5167.6121467401745
4,0.2,0.1,0.10016705425580834,0.3,0.2914211116110098,1.5,1.4219210953433858,10002.255252398165,-5703.306406835365
5,0.2,0.1,0.10821249134071147,0.3,0.2799305932334179,1.5,1.3194369839750006,9974.06197892391,-5080.9427650854395
6,0.2,0.1,0.09638273699545051,0.3,0.2897865532917178,1.5,1.537323907638814,9975.174641684533,-5176.813670767207
7,0.2,0.1,0.10194671059725885,0.3,0.3008206223132601,1.5,1.4281528133150192,9984.151532776883,-5071.445231623275
8,0.2,0.1,0.09681234148321127,0.3,0.2950471572625503,1.5,1.4816437000119955,9996.518861207427,-5103.144837455324
9,0.2,0.1,0.10175778735591098,0.3,0.28985807238675404,1.5,1.3589841874234077,10087.1732706429,-5734.916534898702
10,0.2,0.1,0.09566359452095514,0.3,0.3080039525372201,1.5,1.5351668823380915,9949.717938586207,-5040.18068940189
11,0.2,0.1,0.10083133249062774,0.3,0.3014624636838694,1.5,1.4795532694377742,10006.461651718322,-5139.035219260828
12,0.2,0.1,0.09407935587719245,0.3,0.277321216010715,1.5,1.5276205910502056,10157.501610759857,-5053.476999439088
13,0.2,0.1,0.10815755781010597,0.3,0.2833833889572145,1.5,1.2919768376711789,9992.196364031472,-5165.3800970358425
14,0.2,0.1,0.10439381649427802,0.3,0.29644102693474106,1.5,1.3005084456453433,9982.680123123573,-5111.836025438374
15,0.2,0.1,0.10609714891203216,0.3,0.27004777425278326,1.5,1.3150878621194255,9993.070832074663,-5052.364447801147
16,0.2,0.1,0.10068043908098483,0.3,0.287281891926765,1.5,1.411270110415316,9907.311381456217,-5173.058305635526
17,0.2,0.1,0.100116375888177,0.3,0.2940841345208178,1.5,1.4233287833036212,10106.565256513804,-5214.336391360081
18,0.2,0.1,0.08265172887537117,0.3,0.2777646459843237,1.5,1.771831346332148,10214.847825039313,-5083.491694731997
19,0.2,0.1,0.10289871727181654,0.3,0.29829600935048645,1.5,1.351927144206317,10027.636179902587,-5152.915471241783
20,0.2,0.1,0.10049992438195239,0.3,0.29420174210848005,1.5,1.381181136602655,9903.29265739077,-5154.65182848454
1,0.2,0.25,0.24704509101036315,0.1,0.09837503060017973,0.5,0.3883093531484653,10004.554992171474,-5895.873454450944
2,0.2,0.25,0.23678841740627188,0.1,0.09745535332749063,0.5,0.494056182743692,9913.897790782345,-5897.112129855196
3,0.2,0.25,0.2440070742096411,0.1,0.0999958687606252,0.5,0.3781546577457325,10014.205910110462,-5881.704529161734
4,0.2,0.25,0.23093661969142426,0.1,0.09257572128936413,0.5,0.5465735474191588,10158.920547920363,-5911.570985508535
5,0.2,0.25,0.2510819953847225,0.1,0.10295046419716315,0.5,0.5886492606622807,9909.04907925861,-5939.12158285525
6,0.2,0.25,0.24204642895515718,0.1,0.09701629344851638,0.5,0.374546125840079,10029.338462303258,-7323.444316367714
7,0.2,0.25,0.25121320860011354,0.1,0.10257489915943879,0.5,0.38227106832434565,9942.837035852459,-5948.207794973305
8,0.2,0.25,0.23975820213759977,0.1,0.09436877596509836,0.5,0.37628259096082123,10073.992864131578,-7327.075304795825
9,0.2,0.25,0.22376170234266843,0.1,0.09014352788802787,0.5,0.38306930519082216,10152.87873252381,-5882.2395299719365
10,0.2,0.25,0.24442928063796818,0.1,0.0957330038453621,0.5,0.40514555306118333,10148.109914039991,-5953.393229146526
11,0.2,0.25,0.2616870286044306,0.1,0.10160344901662473,0.5,0.3535476557201279,9948.68522727358,-5908.857888784427
12,0.2,0.25,0.25226057583365913,0.1,0.10085652381593073,0.5,0.432907179244555,10018.723638234016,-5832.870361043371
13,0.2,0.25,0.2449310556347213,0.1,0.09748684054124712,0.5,0.35801860036119915,9898.252835102609,-5925.141087563676
14,0.2,0.25,0.23658881910305607,0.1,0.09605768107651397,0.5,0.278193916586845,10049.922164924494,-5861.256911086514
15,0.2,0.25,0.25210893554129893,0.1,0.10031919094812283,0.5,0.4627036306566441,9983.106513463674,-6129.266723157152
16,0.2,0.25,0.2625060252140775,0.1,0.10762597814177355,0.5,0.45314439583226496,9921.601360552339,-5841.889004429131
17,0.2,0.25,0.26386976668339585,0.1,0.10520713390614293,0.5,0.3481422350080016,9900.309205372003,-5919.232875520636
18,0.2,0.25,0.24940459523782352,0.1,0.09884365929354949,0.5,0.38841031303761797,10119.151525366316,-5870.726305834765
19,0.2,0.25,0.2366497144605447,0.1,0.09387347017328777,0.5,0.4143794631853519,10000.805276082941,-7383.725878500145
20,0.2,0.25,0.24773238948153858,0.1,0.10098812930662984,0.5,0.6808846560340066,10082.481248878625,-7243.664244865749
1,0.2,0.25,0.2392896655234382,0.1,0.0965584289294416,1.0,0.9891147113363696,10062.00984431883,-5884.591405636605
2,0.2,0.25,0.2480506877856997,0.1,0.09673477088067832,1.0,0.7843928867304938,10030.68673446631,-5828.652393676762
3,0.2,0.25,0.2263624544602948,0.1,0.08839792621699952,1.0,0.684695923136451,10146.670269880868,-5869.074444554284
4,0.2,0.25,0.2322728566132469,0.1,0.09383427793070119,1.0,0.8300608450978382,10034.381155762307,-5803.996848892377
5,0.2,0.25,0.2518308049588262,0.1,0.09822891316674835,1.0,0.6457203110327294,9997.156180257467,-5842.1183558456105
6,0.2,0.25,0.25261776991809,0.1,0.10333969550745212,1.0,1.084434840888673,10012.331258621261,-6952.362426878142
7,0.2,0.25,0.23567554543062336,0.1,0.09462423079251525,1.0,0.8704433130811833,10078.96072516874,-5956.316540381162
8,0.2,0.25,0.2567330512546578,0.1,0.09788797286379002,1.0,0.7671291542956307,10018.929107437152,-5901.861752079585
9,0.2,0.25,0.25079319444257114,0.1,0.09426482146765179,1.0,0.6094755180752226,10071.01893186008,-5869.431878294654
10,0.2,0.25,0.245574278338208,0.1,0.10081001547337219,1.0,0.9545665978058995,10003.134480921157,-7404.228922570719
11,0.2,0.25,0.24961921593980127,0.1,0.0994903711852163,1.0,0.754810097434043,9976.669277685984,-5917.255401582142
12,0.2,0.25,0.2505584674079502,0.1,0.1011973228551812,1.0,0.8222897412187486,10028.678555093124,-5913.100912002641
13,0.2,0.25,0.24083199185843998,0.1,0.09617809458901434,1.0,0.9445024999697635,9992.009923328682,-5811.629142626929
14,0.2,0.25,0.2507607016718819,0.1,0.09471155620075171,1.0,0.592259108484839,10147.000165488187,-6076.824731146709
15,0.2,0.25,0.25289067101597423,0.1,0.10070126563086336,1.0,0.796967201168226,9897.378127979073,-8311.913283143274
16,0.2,0.25,0.22444469490167585,0.1,0.09288032206979753,1.0,1.0065851688517713,10079.217770478615,-5879.646228238584
17,0.2,0.25,0.2359086193014707,0.1,0.09584246664643703,1.0,0.8233941641458998,10005.959474662137,-5859.168772587258
18,0.2,0.25,0.237688398660651,0.1,0.09533553245970883,1.0,0.8624714944619138,9947.06519965247,-5898.07245542042
19,0.2,0.25,0.24178537018043042,0.1,0.09699762662256313,1.0,0.8438717762644392,10122.930738263289,-5911.600848478038
20,0.2,0.25,0.2521475056098802,0.1,0.10249817820500708,1.0,0.885259874855104,10013.839431063474,-5841.966810772373
1,0.2,0.25,0.2513142751236945,0.1,0.09903895577681013,1.5,1.243501122167316,10031.9340891167,-5852.9555148748
2,0.2,0.25,0.2410576484239645,0.1,0.09364455275050118,1.5,1.2471593787989208,9973.937247870927,-6020.46860794411
3,0.2,0.25,0.2763307239499553,0.1,0.10745520406272557,1.5,1.38906008334105,9880.616751259848,-5843.759861894296
4,0.2,0.25,0.263659703797403,0.1,0.09931810803190534,1.5,1.1470736377600441,9886.169622169931,-5895.856303159877
5,0.2,0.25,0.24512358646009427,0.1,0.09244706024503621,1.5,1.2062996571498108,10070.888495493013,-5977.529362840457
6,0.2,0.25,0.265024402813599,0.1,0.09967775817704562,1.5,1.2143004138651174,9947.045924166414,-5827.106517405727
7,0.2,0.25,0.2447156509937402,0.1,0.0993759993349319,1.5,1.6249933360008975,9952.098618413786,-7460.375920763048
8,0.2,0.25,0.24857846309111875,0.1,0.09706833802706388,1.5,1.2544311321950805,10012.664064342396,-7047.399219767548
9,0.2,0.25,0.23759098103756376,0.1,0.08958282977807452,1.5,1.0565327200816805,10057.710459704973,-7176.293398342305
10,0.2,0.25,0.2532890902228381,0.1,0.1036763201336718,1.5,1.3905875278245825,10125.318634435358,-5851.22079200991
11,0.2,0.25,0.2163405083598827,0.1,0.09260711540573707,1.5,1.6816378936697158,10099.874328398591,-7066.234133798825
12,0.2,0.25,0.24598337963599026,0.1,0.09882730334318945,1.5,1.3179446842287152,9883.188230911353,-5778.276816874816
13,0.2,0.25,0.2457091218684501,0.1,0.09536644364840197,1.5,1.1929767276394738,10049.782380175508,-5829.126978682994
14,0.2,0.25,0.2500625767605307,0.1,0.09888863812037615,1.5,1.4514673328145697,10042.798087260913,-5892.7499919119255
15,0.2,0.25,0.24848065472596906,0.1,0.1012172073302422,1.5,1.3523949717105628,10000.661197790098,-5849.407601786138
16,0.2,0.25,0.25079937109922257,0.1,0.09961735310805193,1.5,1.3959334224020588,9966.51627804913,-5942.930739535927
17,0.2,0.25,0.23889352022337923,0.1,0.09338183474778462,1.5,1.4384993602392637,9992.98771754329,-5858.56738784871
18,0.2,0.25,0.23401045581522523,0.1,0.09337235599160118,1.5,1.364485235933945,10098.482785811684,-5832.554227537781
19,0.2,0.25,0.2509843836524087,0.1,0.09759571353760314,1.5,1.1982192472310318,10033.265219832814,-5838.595571072282
20,0.2,0.25,0.251940752105388,0.1,0.09764375655650279,1.5,1.2085605134104922,10075.673890582515,-6325.086925582145
1,0.2,0.25,0.2445876325096592,0.2,0.18775805614687172,0.5,0.4797816486544813,10101.027114806691,-5846.010874610272
2,0.2,0.25,0.25375613965271193,0.2,0.20407639934586777,0.5,0.47730809946036,9935.604042489804,-7248.118117542559
3,0.2,0.25,0.25481353043506844,0.2,0.19593740147568942,0.5,0.40993240523672253,10001.632797003795,-7194.63061761787
4,0.2,0.25,0.24345684621867678,0.2,0.1957314191726627,0.5,0.5926047064918968,9988.50744523437,-5795.837181146178
5,0.2,0.25,0.2352294909136929,0.2,0.19133249710511852,0.5,0.4909691135618677,10036.225076394314,-5825.644558074984
6,0.2,0.25,0.25383020859505,0.2,0.20119269062851494,0.5,0.4380861175916516,9946.064629318951,-6068.840617269107
7,0.2,0.25,0.24874313972915185,0.2,0.19670095384894049,0.5,0.4578270013753098,10083.290298690667,-5773.054599848072
8,0.2,0.25,0.24352945966269793,0.2,0.19524885739058118,0.5,0.4526044380313753,10031.94175220027,-5876.963306399698
9,0.2,0.25,0.24650368919842794,0.2,0.1964876086561628,0.5,0.45253534342933294,10016.63079615439,-5750.49921836463
10,0.2,0.25,0.24933089697684424,0.2,0.19421937854070861,0.5,0.449581804478106,9942.586885809285,-8891.514742536694
11,0.2,0.25,0.2473029423594082,0.2,0.1987067486068154,0.5,0.46801144279295914,9992.839017265622,-5782.593913386349
12,0.2,0.25,0.26430434402544245,0.2,0.20746381567037428,0.5,0.44751731048570886,9884.65728240599,-5812.653115059726
13,0.2,0.25,0.25199302461793965,0.2,0.1993542189756815,0.5,0.44222503560529225,9979.366860873688,-7348.0476315622645
14,0.2,0.25,0.2586363117162852,0.2,0.19762650015590882,0.5,0.39161929487476305,9999.127478593762,-6795.840165941097
15,0.2,0.25,0.24926870760558487,0.2,0.19707976941248406,0.5,0.45121942554214345,9924.857361011856,-7365.115665873736
16,0.2,0.25,0.2521201379098989,0.2,0.19461415891030961,0.5,0.45822811423543147,9959.697766720019,-5677.8430260567875
17,0.2,0.25,0.24685345165067768,0.2,0.195467098624251,0.5,0.43182666468868725,10081.885189540824,-5842.632686335122
18,0.2,0.25,0.25506402534627687,0.2,0.19737936698052216,0.5,0.4263740100202818,9958.113399203388,-5870.695644658066
19,0.2,0.25,0.2527202038469969,0.2,0.18975582278653377,0.5,0.4048936565244118,9988.46881430413,-5758.523935977146
20,0.2,0.25,0.25022750168053004,0.2,0.20067824673212598,0.5,0.48599668995862555,10146.201435530584,-5811.2158050484595
1,0.2,0.25,0.2519053305020643,0.2,0.19597206582603124,1.0,0.8799781824877517,9988.304374290243,-6023.51781997023
2,0.2,0.25,0.26182744077706605,0.2,0.20002474914901364,1.0,0.9048124596984753,9851.165665469103,-5931.142554974014
3,0.2,0.25,0.26132341489806116,0.2,0.2067599020528689,1.0,0.8732621971520441,9968.168926615115,-5866.287600082369
4,0.2,0.25,0.25094446563660305,0.2,0.19826586239983218,1.0,0.9230304442825658,9960.986056463798,-5899.162653638526
5,0.2,0.25,0.2466493658088212,0.2,0.19621887411007774,1.0,0.9026772289153333,10025.61222590635,-6046.6770756411715
6,0.2,0.25,0.2500453833196691,0.2,0.19458562552605752,1.0,0.8964647316709703,10031.382124135094,-6080.987570085101
7,0.2,0.25,0.2435922897453303,0.2,0.20925251804378636,1.0,1.1778490994795932,9945.147122429275,-6064.64762618363
8,0.2,0.25,0.25337135487413515,0.2,0.1995420374718999,1.0,0.9761388589173621,9988.706651819295,-5851.893578162209
9,0.2,0.25,0.25410745960299425,0.2,0.19714262559677723,1.0,0.9181825348762934,9990.618239584508,-5931.558236304107
10,0.2,0.25,0.26496105678824405,0.2,0.20238091991551777,1.0,0.8384025238177918,9896.22139244144,-5906.552446560111
11,0.2,0.25,0.25693260217959546,0.2,0.20279365880379274,1.0,0.9445988287168396,9964.70401973175,-5974.86227000075
12,0.2,0.25,0.2653417866000574,0.2,0.21487471486727228,1.0,0.9826510754311695,9857.480976313575,-7059.651229734554
13,0.2,0.25,0.24682617930380216,0.2,0.19712785194535198,1.0,0.9321282045377552,10010.590440355454,-6003.0530847144055
14,0.2,0.25,0.25026689190992635,0.2,0.19759503767233402,1.0,0.8984835298444732,10050.084093865311,-5912.242186870428
15,0.2,0.25,0.2506265844247323,0.2,0.1944459387443381,1.0,0.8840796180692725,10002.71297058661,-6876.8600244111385
16,0.2,0.25,0.2496896057175029,0.2,0.20106161254663876,1.0,0.8955355974049749,9981.436139884734,-5890.310945841036
17,0.2,0.25,0.24150040278385956,0.2,0.19468527140936523,1.0,1.0855577209398655,10041.23927052101,-6059.843276772057
18,0.2,0.25,0.25858912058521183,0.2,0.1897743948850495,1.0,0.7985399849356123,10067.66006706598,-5837.259337433193
19,0.2,0.25,0.24965581612184806,0.2,0.1940315422519378,1.0,0.9157509666559471,10025.966582462694,-5871.189261107384
20,0.2,0.25,0.24595672394233964,0.2,0.1815600659106636,1.0,0.8577062602816494,10095.73825297526,-7836.835871287404
1,0.2,0.25,0.26092552862082047,0.2,0.2131428436310578,1.5,1.4035857012520354,9873.200569552027,-6018.139059372079
2,0.2,0.25,0.23794722130487175,0.2,0.21308814164323334,1.5,1.7999600149281498,10004.541563309716,-5962.879893820609
3,0.2,0.25,0.25507548886769865,0.2,0.19977190252801474,1.5,1.380687194986613,9918.829589868634,-5938.975166299437
4,0.2,0.25,0.2516994647492,0.2,0.1936339543829254,1.5,1.3401387077886835,9979.375387099371,-6002.015960600615
5,0.2,0.25,0.2526822961423172,0.2,0.19504036187654145,1.5,1.4026771956551927,9945.34099013959,-5975.499682878989
6,0.2,0.25,0.24843381721309685,0.2,0.19809963501876288,1.5,1.536314082609923,9842.444681634384,-5980.365094578369
7,0.2,0.25,0.24817454030344124,0.2,0.19360925612571844,1.5,1.3859381191054319,9994.844401624523,-5917.436313739359
8,0.2,0.25,0.26172547338569535,0.2,0.19371128619580213,1.5,1.2832620498065714,9980.081276945955,-5897.770253366987
9,0.2,0.25,0.2449740843239327,0.2,0.19483241810483354,1.5,1.3963479427115353,10078.862381375582,-6045.014978972267
10,0.2,0.25,0.23297702148245608,0.2,0.1854498086383593,1.5,1.5971140387980656,10135.702341040034,-5953.954849132408
11,0.2,0.25,0.24332600193416556,0.2,0.17977897482758304,1.5,1.4759981871741985,10068.336850681064,-5891.051063536095
12,0.2,0.25,0.27632706278234326,0.2,0.19977566734903388,1.5,1.1856100257867999,9904.130544442518,-6147.217450365384
13,0.2,0.25,0.2674131429858426,0.2,0.19869505883688188,1.5,1.237668082040838,9975.307521280178,-5938.665671586476
14,0.2,0.25,0.2592934048322927,0.2,0.1947560841579375,1.5,1.3431783040358318,9851.285936845712,-6135.179737306445
15,0.2,0.25,0.25909237144519365,0.2,0.19399561855817374,1.5,1.2766754743990292,9955.275225705278,-6431.606636607342
16,0.2,0.25,0.25032524451156374,0.2,0.19520061125798055,1.5,1.363039409015706,10049.10732438703,-6010.851134885754
17,0.2,0.25,0.2428938670427791,0.2,0.18926832485205924,1.5,1.388951418030182,9999.373275615799,-5987.822686939231
18,0.2,0.25,0.24647605028367822,0.2,0.19044199589831762,1.5,1.4108036664099928,10092.812181368337,-6581.79807111887
19,0.2,0.25,0.2402510229522927,0.2,0.19371175012692804,1.5,1.5056766549429987,10095.660393461198,-5974.484285298466
20,0.2,0.25,0.2501642669625496,0.2,0.20294297602228664,1.5,1.5155082228026793,9964.81821905045,-5927.605697541358
1,0.2,0.25,0.25074192291374525,0.3,0.2928901006953486,0.5,0.4503866725013831,10003.909268720952,-5906.863281040593
2,0.2,0.25,0.2486484977493647,0.3,0.3021602006764377,0.5,0.44697983322535384,9969.577025839275,-5459.145464362264
3,0.2,0.25,0.25097401688870274,0.3,0.2955310251978714,0.5,0.41234005914497684,9900.305557533158,-5560.30840396896
4,0.2,0.25,0.24864806439250506,0.3,0.2995696660968791,0.5,0.4653032435038725,9991.981160120773,-5491.480359524113
5,0.2,0.25,0.24639530210421054,0.3,0.3035338928123033,0.5,0.49281952554351577,9999.404794860262,-5476.414794480415
6,0.2,0.25,0.2566399292415566,0.3,0.3086510424728632,0.5,0.4637305205976476,9969.45228876478,-5579.857711463728
7,0.2,0.25,0.26339367534789265,0.3,0.28966926295023604,0.5,0.4118224589573194,10023.144247302806,-5754.11834266396
8,0.2,0.25,0.24548898201120206,0.3,0.3036695526778291,0.5,0.4683790122706648,10018.470809792245,-5469.710562313195
9,0.2,0.25,0.2439637568017914,0.3,0.2989585094348768,0.5,0.4826067223251554,10042.545962744207,-6504.2064058371125
10,0.2,0.25,0.24698409650696498,0.3,0.28460790064048574,0.5,0.4722158811010926,10105.533096661824,-6306.688492064201
11,0.2,0.25,0.24829276157552221,0.3,0.2968867956272899,0.5,0.4621646113937205,10091.568028891214,-7024.053333007756
12,0.2,0.25,0.26375595197260815,0.3,0.3235162955780089,0.5,0.46072267342100176,9851.756861709153,-5520.27098959081
13,0.2,0.25,0.2510672802204141,0.3,0.28323876130435804,0.5,0.42975115042339396,10033.471821882822,-5513.263470226014
14,0.2,0.25,0.25428868523131987,0.3,0.308208224665452,0.5,0.5162333504934289,9915.912981667609,-5502.825974235948
15,0.2,0.25,0.2511632403347868,0.3,0.2979368018751679,0.5,0.4696171604079473,9943.73391637308,-5743.687935158033
16,0.2,0.25,0.2451593448676083,0.3,0.29546521849591834,0.5,0.46586790334201766,10058.750986943387,-5724.458687515702
17,0.2,0.25,0.2554443253033622,0.3,0.28888868359224196,0.5,0.40809453529386863,9973.080498365936,-5551.458972212547
18,0.2,0.25,0.23863969801120605,0.3,0.282645181590407,0.5,0.47724357369320597,10066.648491628737,-5488.583285603796
19,0.2,0.25,0.24590714688085286,0.3,0.2883770324717754,0.5,0.45948963898670897,10092.934444046981,-5545.526065166445
20,0.2,0.25,0.2414968926036817,0.3,0.2911339520635193,0.5,0.5375064914486088,10047.682089975138,-5492.071092884918
1,0.2,0.25,0.2593662068796159,0.3,0.27662774848891836,1.0,0.8828201186971057,10015.386768293101,-6522.984365431395
2,0.2,0.25,0.2580192605195553,0.3,0.2938922951287045,1.0,0.9057662941708572,9943.079031497924,-5721.226688848026
3,0.2,0.25,0.24845208374457706,0.3,0.29639867562698485,1.0,0.9352509034265926,10020.687433926232,-6784.629980918896
4,0.2,0.25,0.26057327792486,0.3,0.309605219532158,1.0,0.9053704317621233,9861.375612010435,-6226.339392247139
5,0.2,0.25,0.24719637100736727,0.3,0.2897389477493542,1.0,0.9539635260260737,10037.643802053432,-5731.282314913451
6,0.2,0.25,0.2502285901981335,0.3,0.2710725824190079,1.0,0.8573274447915857,10032.214960835992,-5856.763489801723
7,0.2,0.25,0.25944537567866355,0.3,0.29985474001514967,1.0,0.8715530199384904,9957.111031145247,-5674.597415137419
8,0.2,0.25,0.24728328420405585,0.3,0.2935404750365839,1.0,0.9603999624208861,10011.59776460313,-5723.065223067307
9,0.2,0.25,0.2566621756718899,0.3,0.28556393799646035,1.0,0.8956724902016908,9941.703363793737,-6001.301591219448
10,0.2,0.25,0.2575348755575426,0.3,0.2976738864594518,1.0,0.9301463824680414,9934.259075001097,-5768.1195354072715
11,0.2,0.25,0.256175605846062,0.3,0.2889304002254269,1.0,0.9050377287645252,10040.627413154862,-5821.803335755192
12,0.2,0.25,0.25868105232904043,0.3,0.2942191196571648,1.0,0.87414109219741,10010.907074279488,-6232.184977737144
13,0.2,0.25,0.261647800262728,0.3,0.28626784345596606,1.0,0.8794998463862872,9894.589842491165,-5766.312292093162
14,0.2,0.25,0.2752689946665652,0.3,0.29881793641742055,1.0,0.826276924992295,9813.564496863464,-5836.973696775758
15,0.2,0.25,0.25761688833121593,0.3,0.3090190206207913,1.0,0.8872375935445751,9913.263934183035,-5732.32822754081
16,0.2,0.25,0.2468765358620191,0.3,0.2802755422163682,1.0,0.925052101592341,10033.624704477064,-5712.405837537355
17,0.2,0.25,0.2538127021877551,0.3,0.28857579702177166,1.0,0.9124437702046717,10055.034144936735,-8406.237881410965
18,0.2,0.25,0.24695663095100184,0.3,0.2866116134267523,1.0,0.9402992214208408,10019.384994008726,-5848.102403367297
19,0.2,0.25,0.2489367179120293,0.3,0.2830496338009812,1.0,0.8980459176808412,10019.431206190264,-5720.496234794501
20,0.2,0.25,0.25473799111725165,0.3,0.2963780144450682,1.0,0.9283263620950593,9906.627861542698,-5682.014993341502
1,0.2,0.25,0.2577358010830991,0.3,0.2966682362236944,1.5,1.359780367553397,10043.103200272282,-5829.647739435011
2,0.2,0.25,0.2536857653099312,0.3,0.29737205885627077,1.5,1.3734724876879605,10055.287772388134,-6140.728053034965
3,0.2,0.25,0.2469726748512295,0.3,0.29568860023259735,1.5,1.4389239846360016,9946.376299030511,-5922.010116981277
4,0.2,0.25,0.24440218757212795,0.3,0.26637361831360273,1.5,1.4098074703073136,10070.417588360475,-5964.204468858054
5,0.2,0.25,0.24938080804977317,0.3,0.30189677620840105,1.5,1.4539616820641827,9953.91901011248,-5886.559794984525
6,0.2,0.25,0.23589735931981295,0.3,0.2801547150563789,1.5,1.5034572142569465,10109.181303732661,-5987.9072286573755
7,0.2,0.25,0.253135936619963,0.3,0.2742990150644556,1.5,1.374987358988412,10063.64457835938,-5896.555822280836
8,0.2,0.25,0.25441723358754714,0.3,0.2795281696008701,1.5,1.3566312654970925,10051.406012297448,-5927.959755476908
9,0.2,0.25,0.2639809156437117,0.3,0.31423438286551375,1.5,1.3817785140945371,9883.896355739458,-5865.834753696059
10,0.2,0.25,0.2463254384383594,0.3,0.2949136097594467,1.5,1.5037027002396426,10002.985638613494,-6126.163769149007
11,0.2,0.25,0.2566776844926179,0.3,0.27821196460692893,1.5,1.351576247284344,9982.24322785304,-5882.376777904657
12,0.2,0.25,0.25228252802454104,0.3,0.29808419885808335,1.5,1.4257073118529213,10028.886421030345,-5855.368994108949
13,0.2,0.25,0.2643800067663145,0.3,0.31744341596911374,1.5,1.4818081627485293,9851.0033113028,-5937.294303051984
14,0.2,0.25,0.2551297329182596,0.3,0.31571223675143495,1.5,1.4714354350367627,9967.517533772067,-5911.8700995685385
15,0.2,0.25,0.265853924517793,0.3,0.27911837588455185,1.5,1.2399045254913645,9992.373866546002,-5902.763547442131
16,0.2,0.25,0.2601256143142361,0.3,0.29630802845282805,1.5,1.3807148703040755,10016.727724519073,-5969.495524280303
17,0.2,0.25,0.2345106450211954,0.3,0.29018319203543314,1.5,1.6481224819298301,10121.730381768139,-5867.188887482584
18,0.2,0.25,0.2546131140885866,0.3,0.2990646736821891,1.5,1.3751977894508374,9931.282413846764,-5918.186359956144
19,0.2,0.25,0.24820076368224844,0.3,0.27656225762107184,1.5,1.3854859238231867,10071.275266018241,-5865.49846289761
20,0.2,0.25,0.24027020690334658,0.3,0.2774387381354248,1.5,1.4695863204792685,10101.45896958816,-7479.826257880669
1,0.2,0.5,0.5694110623199182,0.1,0.1130289896799403,0.5,0.3614929385051993,9812.035922308425,-6006.559765802132
2,0.2,0.5,0.503920160989549,0.1,0.09785412919690309,0.5,0.21890956174730505,9975.105433055662,-5704.545678714902
3,0.2,0.5,0.4851768853518629,0.1,0.09708940550324939,0.5,0.3473700665373953,10093.498242351458,-5631.0710206004915
4,0.2,0.5,0.5165663158863694,0.1,0.10203714674978538,0.5,0.30050933910822525,9970.18889008067,-5654.887842935241
5,0.2,0.5,0.4969691660291769,0.1,0.10041905564336086,0.5,0.4136289797912705,9958.106910025952,-5674.823666177004
6,0.2,0.5,0.5197115297366283,0.1,0.10239905403032096,0.5,0.3834156822441358,9944.087977570387,-7120.92880376436
7,0.2,0.5,0.4799058993286838,0.1,0.09711258671702855,0.5,0.32281091830271713,10061.6674363573,-5647.481883302547
8,0.2,0.5,0.48317127841667595,0.1,0.09766458256367536,0.5,0.3807133497746785,9978.859259327286,-5644.8413633783075
9,0.2,0.5,0.5512390501165201,0.1,0.10200910529854323,0.5,0.3210003123633669,9855.708683504401,-5606.951920227329
10,0.2,0.5,0.512102836866281,0.1,0.0978585265493739,0.5,0.20743900633964715,10047.485362065323,-5612.128587220237
11,0.2,0.5,0.47849514382642055,0.1,0.09387709335720612,0.5,0.18926236174275085,10057.387041497614,-5650.449608526324
12,0.2,0.5,0.5086768765242403,0.1,0.09543726628925767,0.5,0.2545740007606957,10011.619689021561,-5687.49548413708
13,0.2,0.5,0.48828293083060537,0.1,0.09745173896556902,0.5,0.4025564443348506,10002.332283565434,-5632.544155403189
14,0.2,0.5,0.5021114919958458,0.1,0.10006679760080146,0.5,0.40311819860542314,10036.658321503171,-5655.948780091452
15,0.2,0.5,0.5141004244742238,0.1,0.10228412611235096,0.5,0.3856257568613015,10013.135246433761,-5639.501285169115
16,0.2,0.5,0.49314697503699134,0.1,0.10005829930790373,0.5,0.47247235153089595,10092.46124141473,-5667.59963123005
17,0.2,0.5,0.5146764950246958,0.1,0.10342521974392714,0.5,0.4812599166388197,9933.43006130924,-7185.507895572511
18,0.2,0.5,0.49034743051967455,0.1,0.09630378538128416,0.5,0.3290453141240207,10058.83945218783,-7317.898539547631
19,0.2,0.5,0.5016602697691299,0.1,0.09789152315969968,0.5,0.23718315543897261,9994.890993479057,-5634.124526410258
20,0.2,0.5,0.4934872934096249,0.1,0.10008056038979911,0.5,0.43481287108149824,10038.181310941707,-5690.586773271723
1,0.2,0.5,0.4946971200153222,0.1,0.09740140271716811,1.0,0.7930178429051443,10092.328517336511,-5710.394288256852
2,0.2,0.5,0.48338270845927894,0.1,0.09785101219848748,1.0,0.9414925642251929,9972.205187992737,-6478.448162063205
3,0.2,0.5,0.480318199611399,0.1,0.09402936571124058,1.0,0.7842083767908044,10045.302332489156,-7363.067764269623
4,0.2,0.5,0.48704909899408927,0.1,0.09883194830757533,1.0,0.7460157315201218,10010.993845180834,-5681.753779855064
5,0.2,0.5,0.47444020280418386,0.1,0.09681279735320193,1.0,0.7412831705307943,10038.819937354054,-5632.089238647388
6,0.2,0.5,0.4755240274059346,0.1,0.09219184908531941,1.0,0.6962062558746738,10080.347397957043,-5641.357493467975
7,0.2,0.5,0.5070218361208565,0.1,0.09989547643858802,1.0,0.7996096580206395,10008.151569199506,-5615.483179374067
8,0.2,0.5,0.4971745987576311,0.1,0.09709436687452126,1.0,0.7072758113331287,10031.046854632072,-5620.7218928038465
9,0.2,0.5,0.5083951395624161,0.1,0.10487502608156049,1.0,0.9435362912084705,9817.586918819552,-5612.671615907528
10,0.2,0.5,0.4860323266775613,0.1,0.09990948608143507,1.0,1.1154899167947367,9952.84201669992,-5725.97030103759
11,0.2,0.5,0.5046059789337489,0.1,0.10104787286641409,1.0,0.8516172275543393,9948.926033177402,-5599.429289945469
12,0.2,0.5,0.4776191299229427,0.1,0.09463176150997979,1.0,0.6960785146844631,9983.242750244217,-5701.305043327717
13,0.2,0.5,0.4739318671982695,0.1,0.09862704985303677,1.0,1.0341288736599643,9970.268308620567,-5561.044059001604
14,0.2,0.5,0.47367145903510743,0.1,0.09580229045649052,1.0,0.8878384767126313,9993.3623809462,-7408.855197490985
15,0.2,0.5,0.49069810179673945,0.1,0.09834708635191702,1.0,0.7898098041179376,10007.048421313259,-6737.505243810646
16,0.2,0.5,0.47263278330194036,0.1,0.0984454504440962,1.0,1.3040395913472551,10033.1205164826,-6282.381901523295
17,0.2,0.5,0.49959969753581357,0.1,0.09897580618866376,1.0,0.7967590075342317,10010.967515108892,-5597.867251467565
18,0.2,0.5,0.4917452973859071,0.1,0.09866315720755833,1.0,0.89061931407685,9933.620639936087,-7877.444082428965
19,0.2,0.5,0.4561287421875556,0.1,0.09509254775521767,1.0,0.9074407704737322,10114.965077694036,-7129.423722149115
20,0.2,0.5,0.4849320173954471,0.1,0.09907571294015066,1.0,0.8706460065766675,9877.540485182559,-5594.611235377624
1,0.2,0.5,0.510216634795935,0.1,0.10017399730512831,1.5,1.2747013669087754,9988.839753061178,-5546.204503432038
2,0.2,0.5,0.5085526243946068,0.1,0.09927603890959041,1.5,1.348618802551381,10008.580085743322,-5544.1855054594425
3,0.2,0.5,0.4907887840839119,0.1,0.09618712364083576,1.5,1.2039850973302315,9984.405243927853,-5620.076342431796
4,0.2,0.5,0.5022542025556079,0.1,0.09670556861092641,1.5,1.136892192126059,9968.417060981092,-5652.281925898338
5,0.2,0.5,0.49669512812473093,0.1,0.095623479766619,1.5,1.0357983981045378,10033.607651369892,-6721.962611021496
6,0.2,0.5,0.5175478314376762,0.1,0.10107879937703947,1.5,1.3110535723032442,9951.532230360624,-5622.937219203608
7,0.2,0.5,0.513724233241167,0.1,0.10010450202200856,1.5,1.216614342455127,9958.964704476552,-5568.0021906421725
8,0.2,0.5,0.4616318743325327,0.1,0.09514084628742596,1.5,1.2793115336467118,10108.59738317664,-5541.86988438664
9,0.2,0.5,0.5134152068313422,0.1,0.09623273870698634,1.5,0.9197899776215476,10067.679298201878,-7135.572599211071
10,0.2,0.5,0.5067983778098007,0.1,0.1016374412935897,1.5,1.2631298478253,9956.807295958633,-5608.497387163679
11,0.2,0.5,0.5112472847850795,0.1,0.09504224864966418,1.5,0.8987297369293878,9944.285771975661,-5592.173617101193
12,0.2,0.5,0.4959979708772733,0.1,0.0975219985060986,1.5,1.2062201045624532,10103.607782256258,-5634.991681730077
13,0.2,0.5,0.5485055529151915,0.1,0.10618611377121856,1.5,1.2326269256341715,9952.77345227177,-6111.3581390713825
14,0.2,0.5,0.5082913848522345,0.1,0.09739948550896294,1.5,1.1119595617879583,10008.0579566534,-5602.736915059048
15,0.2,0.5,0.5065895447192218,0.1,0.09664992207192473,1.5,1.107697759426003,10035.754749920652,-5636.550166412868
16,0.2,0.5,0.4929063374993235,0.1,0.09278990399741067,1.5,1.064312474764648,10146.314082941026,-5564.099824082103
17,0.2,0.5,0.5258259060740356,0.1,0.10447915000451337,1.5,1.3966847500910928,10011.177683329017,-5559.343169492526
18,0.2,0.5,0.5228243620111487,0.1,0.10163685450131887,1.5,1.2599664137412951,9928.605159696845,-5722.515507162994
19,0.2,0.5,0.4885340860462126,0.1,0.09740955846412815,1.5,1.2902838623961193,10065.97941834034,-5552.8333486069405
20,0.2,0.5,0.5149591331371557,0.1,0.1075010491042902,1.5,1.1871238849667491,9942.288970346191,-5605.84161516833
1,0.2,0.5,0.49340232372966475,0.2,0.19445011229547465,0.5,0.43032965916577326,10040.180596408005,-6026.175106036382
2,0.2,0.5,0.5134841820684,0.2,0.20235167215429098,0.5,0.4469779223171145,9995.255315970613,-5958.856165611924
3,0.2,0.5,0.5057566139450197,0.2,0.20556519313176663,0.5,0.4681624839679065,9951.336982202909,-5994.661136082089
4,0.2,0.5,0.5114246804732437,0.2,0.2038965064991446,0.5,0.5063880691209748,9918.286028058823,-6048.759875587068
5,0.2,0.5,0.46546117592205183,0.2,0.18848241696779292,0.5,0.43026978971180946,9977.438708308096,-6002.696629535572
6,0.2,0.5,0.46170267994340225,0.2,0.18683733682667525,0.5,0.41954447521636246,10086.752950508831,-7066.148490912305
7,0.2,0.5,0.545824969553897,0.2,0.21123747054768202,0.5,0.38170608649881954,9809.06744400902,-5947.0498629184885
8,0.2,0.5,0.46071989600556335,0.2,0.18985901810655076,0.5,0.5089793721942193,10160.474810179963,-5998.941137002792
9,0.2,0.5,0.4970643132917,0.2,0.2008558218992968,0.5,0.4738155208641624,9916.762962246736,-6038.562151213118
10,0.2,0.5,0.4981732323810579,0.2,0.19782562507847917,0.5,0.34475050135824603,9916.490732011494,-5968.644660696583
11,0.2,0.5,0.4944320553106331,0.2,0.19543231854507767,0.5,0.4140748153361493,10085.308961589208,-5993.722259803617
12,0.2,0.5,0.47732545392225584,0.2,0.1902596239775985,0.5,0.5045103929869831,10103.357484904516,-5980.308720854348
13,0.2,0.5,0.5136296408046622,0.2,0.19754382712732216,0.5,0.39213458882571717,9954.183258373676,-6422.783922226482
14,0.2,0.5,0.4912274659180581,0.2,0.1990784951807187,0.5,0.421849500237706,10099.673306126577,-7745.48731521871
15,0.2,0.5,0.5019801998499109,0.2,0.19900760830284842,0.5,0.4072306003474814,10004.51483031072,-5984.255196683673
16,0.2,0.5,0.49636806663533156,0.2,0.19804552498776523,0.5,0.500472393203089,9987.534028944321,-6004.215275890792
17,0.2,0.5,0.48574457647704417,0.2,0.19838184869652037,0.5,0.46796925402131045,10047.855479279142,-6007.101268745397
18,0.2,0.5,0.5002095582012746,0.2,0.19866233825065718,0.5,0.4180970914771433,9917.275357011631,-6521.1296316812695
19,0.2,0.5,0.4915623902860425,0.2,0.1908873020201903,0.5,0.4379379172384558,10038.679626282863,-6663.645288987997
20,0.2,0.5,0.4881567989430246,0.2,0.1898840526560099,0.5,0.41310825127589285,10062.501966478269,-6006.328136592638
1,0.2,0.5,0.4950601891786058,0.2,0.1973923021215672,1.0,0.9335678238034326,10043.133545100965,-6008.54227197588
2,0.2,0.5,0.48356499635575195,0.2,0.1941307428930691,1.0,1.0110973617491639,10122.768453956618,-6005.323270375913
3,0.2,0.5,0.4919156115193391,0.2,0.19890313997490008,1.0,0.9638755024534229,9969.114351166405,-6604.155659847356
4,0.2,0.5,0.5018537191918054,0.2,0.19116286535708532,1.0,0.8554916895969715,10038.384178818449,-5968.059903988687
5,0.2,0.5,0.5071618215380899,0.2,0.20009511420419843,1.0,0.9289052222762569,9918.444591999076,-5952.9651809024035
6,0.2,0.5,0.5133094052835634,0.2,0.19780429707566458,1.0,0.8709203329208499,9943.853234986298,-6067.894241564161
7,0.2,0.5,0.49886724507121066,0.2,0.19423680354203202,1.0,0.9084453925233854,10054.251261483216,-5982.680732019914
8,0.2,0.5,0.5064911445329661,0.2,0.2076047311136061,1.0,1.094912516772649,9984.055600570018,-5987.586248571658
9,0.2,0.5,0.5251410153689502,0.2,0.2044345755840382,1.0,0.9172264539983641,9935.210877258036,-5977.745644567196
10,0.2,0.5,0.4721116499374603,0.2,0.1958916390217941,1.0,0.9745385897624067,10082.592902254075,-5919.3345158007205
11,0.2,0.5,0.4554833776776748,0.2,0.18072769123714988,1.0,0.8887337882205315,10169.510624350061,-6042.88980889207
12,0.2,0.5,0.4869441580182203,0.2,0.18658933569867497,1.0,0.7106336920924947,10107.760000749555,-6008.425559695519
13,0.2,0.5,0.5203460657931634,0.2,0.19732147220068216,1.0,0.7502240765746454,9979.071830832692,-8197.731362961229
14,0.2,0.5,0.5164102459189588,0.2,0.18574921538789518,1.0,0.7676284759149209,10014.612613280042,-7091.831916373924
15,0.2,0.5,0.5283795999821241,0.2,0.1957978669625143,1.0,0.8594490951197524,9936.462987090421,-5979.84637669053
16,0.2,0.5,0.4994640558608206,0.2,0.19947992700248943,1.0,0.9508311579773533,9984.619221513689,-6237.462400712053
17,0.2,0.5,0.46438378020698157,0.2,0.21056591771038619,1.0,1.21045132863713,10012.297519369149,-5981.454613882608
18,0.2,0.5,0.5126148454260567,0.2,0.19318839105822247,1.0,0.8704003559240607,9976.753675448566,-5960.644933778263
19,0.2,0.5,0.5175372837832175,0.2,0.19966693920734302,1.0,0.8476188884276641,9903.916682775294,-6024.146756302413
20,0.2,0.5,0.48165624747478536,0.2,0.18781475045168386,1.0,0.9059532906800075,10134.770700763962,-5940.853846882008
1,0.2,0.5,0.5072583872509223,0.2,0.20483003124470053,1.5,1.481465440504111,10030.92873917281,-6171.160584816173
2,0.2,0.5,0.48947654484986186,0.2,0.19467511314190777,1.5,1.472131979340733,10009.075231597715,-5943.488285981059
3,0.2,0.5,0.483879844411588,0.2,0.19939470827725786,1.5,1.6059317968305855,9936.977283209839,-5927.16644524768
4,0.2,0.5,0.4994224329154965,0.2,0.19630707026385474,1.5,1.3622214061018756,10050.42632801259,-5974.331076062283
5,0.2,0.5,0.49838162677449177,0.2,0.20449095877484139,1.5,1.4736569605102579,10077.404418647797,-5994.036603891986
6,0.2,0.5,0.5037671733713424,0.2,0.19325412810918535,1.5,1.360061894410197,10048.726198903752,-7213.502487086262
7,0.2,0.5,0.5003234092593283,0.2,0.19515556586709903,1.5,1.4670695424348588,10045.075877135847,-5994.722323255113
8,0.2,0.5,0.4790124870812994,0.2,0.184165961714204,1.5,1.2500311014543348,10150.48645888238,-6136.317026581015
9,0.2,0.5,0.48227744292826547,0.2,0.1858722866249828,1.5,1.3762429616967367,10093.301679380404,-6139.204649243342
10,0.2,0.5,0.5116004097541379,0.2,0.20242983791673339,1.5,1.497327571785283,10007.291926515278,-6007.080955048242
11,0.2,0.5,0.5087293176165022,0.2,0.194115047564421,1.5,1.3861679118559131,9995.341944529868,-5955.143700205417
12,0.2,0.5,0.5043345394980658,0.2,0.19425656174128897,1.5,1.3050213586848787,9958.161153517633,-5872.105922977358
13,0.2,0.5,0.5364563739837914,0.2,0.19523905021813598,1.5,1.2393371831850215,9960.116370069987,-7296.209239554762
14,0.2,0.5,0.5031188509240511,0.2,0.19847377199878122,1.5,1.3513400080309106,10023.330374035164,-6202.373010695298
15,0.2,0.5,0.5037808802982356,0.2,0.20543591210357948,1.5,1.483938596836024,10002.427538297467,-6038.850979650024
16,0.2,0.5,0.4946723684011338,0.2,0.20099875870257564,1.5,1.4074274959709032,10097.845507082828,-6009.113567076623
17,0.2,0.5,0.5078035781500114,0.2,0.19679456731343353,1.5,1.3777840050156016,9943.65022441279,-5932.540516764449
18,0.2,0.5,0.48292807248032005,0.2,0.19113080620866432,1.5,1.4910412339198889,10020.50083207214,-5977.972049079695
19,0.2,0.5,0.4996390290606077,0.2,0.19911309301429533,1.5,1.432580154129198,9903.361774987963,-5950.670948564256
20,0.2,0.5,0.4876770217316894,0.2,0.1937019528555592,1.5,1.3848265684484766,9983.192781076152,-6013.998093616274
1,0.2,0.5,0.5289035942685004,0.3,0.2890132437749716,0.5,0.3822504730842398,9939.026776429915,-5951.538612489147
2,0.2,0.5,0.5070903122701416,0.3,0.2913569581839321,0.5,0.40206726646821284,10061.851765787982,-5969.609706715239
3,0.2,0.5,0.5060449164839245,0.3,0.2910010275612186,0.5,0.426617349576921,10022.437616835676,-5946.627668169645
4,0.2,0.5,0.5100257355892672,0.3,0.2947435142983254,0.5,0.45861900304465525,9963.81278052018,-6058.697046051355
5,0.2,0.5,0.4999764587636086,0.3,0.3121785091654228,0.5,0.4740560327210285,9957.516169745732,-6400.433905185898
6,0.2,0.5,0.4852734738740999,0.3,0.30265082952311584,0.5,0.5150839611490658,10016.233827163109,-6345.057991934767
7,0.2,0.5,0.48723597015672765,0.3,0.30174065743489314,0.5,0.5191496968719395,10078.040630462858,-5904.770224556904
8,0.2,0.5,0.4873500149854804,0.3,0.29166065917386075,0.5,0.44556397293033917,10063.414423481909,-6502.648502645071
9,0.2,0.5,0.4979659354804406,0.3,0.29279660495345566,0.5,0.4521440267755676,10016.34782820297,-5970.89609415584
10,0.2,0.5,0.5083463381808175,0.3,0.30843711290368286,0.5,0.4805640982966007,9910.48269102185,-6052.312910261164
11,0.2,0.5,0.4932937131510167,0.3,0.29253137316772065,0.5,0.43673021973698534,10027.428263116088,-6786.675827167089
12,0.2,0.5,0.49991580819864356,0.3,0.29696449452804385,0.5,0.45063863945884314,9908.530983348097,-5991.3572632789
13,0.2,0.5,0.505726899926314,0.3,0.3067360166114849,0.5,0.459865343832871,9933.860240084203,-7020.634759243323
14,0.2,0.5,0.5293877233770345,0.3,0.314990468544687,0.5,0.4188640171789452,9834.048403914881,-6810.810936323789
15,0.2,0.5,0.4970441574369088,0.3,0.2987511934697372,0.5,0.5057189734293654,9995.267348666444,-7195.3439040523135
16,0.2,0.5,0.4750630542238597,0.3,0.29641488842160896,0.5,0.5289352712455013,10025.304380822497,-6295.522954516804
17,0.2,0.5,0.4958248849254835,0.3,0.29322755411185286,0.5,0.4932829550757464,10025.32303478921,-7199.145231982584
18,0.2,0.5,0.505252024756935,0.3,0.2961019911052647,0.5,0.44262086194023276,10008.5042464529,-5945.551143947243
19,0.2,0.5,0.521413327106068,0.3,0.2854016105780461,0.5,0.4074962898549703,10013.335224067145,-5920.059354878132
20,0.2,0.5,0.5044024707520727,0.3,0.2943140039292536,0.5,0.45311608164501765,9997.112723565619,-5993.08819286383
1,0.2,0.5,0.5268716627376542,0.3,0.31251943273281046,1.0,0.8743466186402101,9800.879346352416,-6323.568576723625
2,0.2,0.5,0.5120682131745417,0.3,0.2933479287327947,1.0,0.9780427345579333,10055.431154905034,-6456.411895706286
3,0.2,0.5,0.5122070506459876,0.3,0.3087500337983377,1.0,0.9864279467879759,9899.798297177236,-5998.284838301553
4,0.2,0.5,0.5065926312486889,0.3,0.2889690191008628,1.0,0.8139135054039154,9983.814493696711,-6061.176428820077
5,0.2,0.5,0.508119624645541,0.3,0.2983963098250091,1.0,0.9529174975998564,9956.078774368876,-5969.146653182848
6,0.2,0.5,0.507721931487195,0.3,0.30423700657830166,1.0,0.9457267918384252,9975.430430887409,-6119.521400083595
7,0.2,0.5,0.5165818307414055,0.3,0.30474251359235627,1.0,0.9051433960068208,10010.700899031302,-6106.042518923354
8,0.2,0.5,0.5069795498415108,0.3,0.2972263786248523,1.0,0.9187213032213403,10035.196862975656,-6302.801104319758
9,0.2,0.5,0.5094467633473103,0.3,0.28821097920220734,1.0,0.9318090059789451,10033.491885373209,-6564.857258517492
10,0.2,0.5,0.5386934304330248,0.3,0.31588922255405044,1.0,0.9218676315797735,9821.635294608253,-7952.486159463911
11,0.2,0.5,0.49410264088482364,0.3,0.29487369574574207,1.0,0.9107279728527115,10026.699274027218,-6189.702972433827
12,0.2,0.5,0.4955970110894627,0.3,0.29170809096121614,1.0,0.9076132874523815,10086.455440078113,-7178.9939267846075
13,0.2,0.5,0.4871229349993834,0.3,0.2998837963439502,1.0,0.9727492352414724,10008.106183157935,-6254.727590703419
14,0.2,0.5,0.5090560047822349,0.3,0.30439446338853443,1.0,1.0231494909904946,9988.999555031683,-6523.884598237968
15,0.2,0.5,0.5023281285056957,0.3,0.2944292640830259,1.0,0.9389530583936156,10067.663370022181,-6114.088720700873
16,0.2,0.5,0.48052501916194373,0.3,0.2821860194691033,1.0,0.9273915770988685,10166.847054145424,-7877.175642341577
17,0.2,0.5,0.4863172969940919,0.3,0.27850808179810593,1.0,0.9434771242853761,10025.755188772124,-6020.022130874557
18,0.2,0.5,0.5053253620423768,0.3,0.31059974318514505,1.0,0.9696445241782868,9938.284612252397,-6087.39736700239
19,0.2,0.5,0.5171089755174214,0.3,0.29352176571802563,1.0,0.8658146956358193,10010.80213400499,-6265.330654120922
20,0.2,0.5,0.5141138552232719,0.3,0.2978346119375054,1.0,0.9105081310000287,10011.761553962584,-7872.129677492432
1,0.2,0.5,0.49428799255331024,0.3,0.30273172738136694,1.5,1.432816960738671,10079.821293031471,-7168.887708798518
2,0.2,0.5,0.48885955218474686,0.3,0.3032310165558867,1.5,1.49381104186823,10000.942828956975,-6226.44524600235
3,0.2,0.5,0.5047470075625518,0.3,0.3125495143501906,1.5,1.3994937353213164,9872.153831227499,-6309.299555030122
4,0.2,0.5,0.4999227667665191,0.3,0.29191556354666076,1.5,1.4047960943747104,10006.351415326712,-6078.691151521072
5,0.2,0.5,0.49139862557431463,0.3,0.30470615949171415,1.5,1.4888496152909192,9954.799703261255,-6242.0169195696435
6,0.2,0.5,0.49149930108033174,0.3,0.2876631964285895,1.5,1.4588053474755376,10036.728737217765,-7745.760920879749
7,0.2,0.5,0.5272368915617118,0.3,0.28870040447016626,1.5,1.3404474498022407,9922.459028652092,-6041.635196104255
8,0.2,0.5,0.5083880748383601,0.3,0.28425530863349135,1.5,1.3816617039867383,10005.588488990988,-6082.44945502207
9,0.2,0.5,0.4759842078658835,0.3,0.2782118776053594,1.5,1.48936147077613,10166.295485803861,-6047.644066153958
10,0.2,0.5,0.5090638420699737,0.3,0.2885989807090346,1.5,1.3901120536203433,10039.08094619633,-6029.458785866658
11,0.2,0.5,0.5064603614405616,0.3,0.2877932164409835,1.5,1.3886990164251813,10011.806585301554,-6168.77865934874
12,0.2,0.5,0.48854543288698105,0.3,0.2976003489861247,1.5,1.4939482611677701,9967.3789748708,-6061.003252916773
13,0.2,0.5,0.5075522572802671,0.3,0.2842290401522181,1.5,1.3389257305508233,10001.526854651573,-6457.863720520309
14,0.2,0.5,0.5191718827532761,0.3,0.2802727040288882,1.5,1.3073996477512175,10003.836185914859,-6031.155445222395
15,0.2,0.5,0.5002503184065915,0.3,0.2932804001126421,1.5,1.3547264522507527,10011.775969647966,-5972.15071795223
16,0.2,0.5,0.5005693470372629,0.3,0.286678834168069,1.5,1.4199595974554813,10035.241768791446,-6007.348414382564
17,0.2,0.5,0.5031834526902697,0.3,0.2988698828823637,1.5,1.4025580581687658,10060.022856042775,-6160.395587351318
18,0.2,0.5,0.49973512046890367,0.3,0.2956581675317855,1.5,1.4082586919899813,10116.013938026867,-6091.563933285974
19,0.2,0.5,0.4743157102656912,0.3,0.27598295437221915,1.5,1.4906377996342492,10131.818063381892,-6309.533463231721
20,0.2,0.5,0.5040800003239535,0.3,0.2868828855140059,1.5,1.32924964819316,9991.793183544674,-6019.796424643367
