Sim,F_true,Nu2_true,Nu2_est,T_true,T_est,M21_true,M21_est,Theta,Loglik
1,0.5,0.1677919885907259,0.1,0.08988616535868305,0.1,0.09298064246461323,0.5,0.5908323489793285,9957.446879715315,-5480.012803034966
2,0.5,0.24580567942762352,0.1,0.10032702072140796,0.1,0.09972227166749126,0.5,0.463362485033394,9908.851511763378,-5480.302447796488
3,0.5,0.3275024071175217,0.1,0.10619805162141083,0.1,0.11011135271895967,0.5,0.5066027249900039,9880.963802606117,-5488.608493365537
4,0.5,0.27561408150584205,0.1,0.10369025602157896,0.1,0.10608810054300512,0.5,0.5852920655832021,9970.423870970304,-5494.878555705231
5,0.5,0.04819731393276207,0.1,0.0926086118131469,0.1,0.09338213342035268,0.5,0.639108060118481,10004.86612545253,-5509.99559803473
6,0.5,0.19029917056293233,0.1,0.10366014666858667,0.1,0.10479869489840453,0.5,0.5884555745125226,9893.1401902534,-5463.373110344786
7,0.5,0.20508669457281234,0.1,0.09761451642159939,0.1,0.0961563546530109,0.5,0.5821291851096031,10037.425810508666,-5493.6615445099305
8,0.5,0.15040479352972402,0.1,0.10281824475418518,0.1,0.10685308324871669,0.5,0.41778695545735534,9951.831517806366,-5489.554287282574
9,0.5,0.23622355148148186,0.1,0.099597166189499,0.1,0.10286423858095944,0.5,0.5866253567753817,10043.511333456645,-5501.198533537301
10,0.5,0.2978212518454718,0.1,0.09654258568321811,0.1,0.09516371158339419,0.5,0.521886415797945,10022.98405657161,-5451.9159112250345
11,0.5,0.10038002969803221,0.1,0.09862745077615913,0.1,0.10368361506145146,0.5,0.5506104702600552,9912.943779896026,-5481.133041231226
12,0.5,0.33408770579510705,0.1,0.09626622867440851,0.1,0.09959563704419071,0.5,0.6767160869209133,10056.425269769246,-5465.386483544837
13,0.5,0.2517757941127039,0.1,0.1051379757076774,0.1,0.10261810779835392,0.5,0.49247194817805584,9890.902274434422,-5474.820074903862
14,0.5,0.22949187829055923,0.1,0.10261955785100244,0.1,0.10127924398625564,0.5,0.4361162980028791,9969.042711016167,-5478.888994412537
15,0.5,0.194024332631416,0.1,0.10222743341563378,0.1,0.1067523830255566,0.5,0.6101220694439488,10004.431223549758,-5486.403306359201
16,0.5,0.21765810580327735,0.1,0.10252723042166574,0.1,0.10381713589090684,0.5,0.5466070160605297,9983.168546301727,-5467.1867358949
17,0.5,0.17463121088789174,0.1,0.0956716124084876,0.1,0.09788728003763739,0.5,0.5756034419957871,10036.379246252853,-5448.439938076739
18,0.5,0.22421211328769436,0.1,0.10676892850904637,0.1,0.10150132569502422,0.5,0.3316686288598567,9970.5782573424,-5487.143138074337
19,0.5,0.15432338515690594,0.1,0.10492946481879843,0.1,0.09875977166589407,0.5,0.39368607148286394,9982.790378302463,-5452.084164194486
20,0.5,0.17683278574399544,0.1,0.09805058755040673,0.1,0.10155010309840941,0.5,0.6480926819155657,10062.788807555196,-5463.594228949446
1,0.5,0.2471960635371729,0.1,0.10303987761415631,0.1,0.10455317531668601,1.0,1.0861263005836703,10014.97455271229,-5565.872741444335
2,0.5,0.2246938937614183,0.1,0.10064976514021864,0.1,0.09977865714049347,1.0,0.909253891682321,10030.119555266905,-5587.218783286663
3,0.5,0.3187369627785997,0.1,0.09478012936182838,0.1,0.10127961225012454,1.0,1.3707751793120462,9982.349045249033,-5573.841626357721
4,0.5,0.1874337356636365,0.1,0.10470069110678148,0.1,0.1013736825156819,1.0,0.9632638353615656,10023.426100474562,-5562.034873696406
5,0.5,0.2397263994964225,0.1,0.1029564470994487,0.1,0.10424386996792048,1.0,1.098934616534409,10039.156695297639,-5574.554827747497
6,0.5,0.2542125077319017,0.1,0.1066678308148034,0.1,0.10241294516311221,1.0,1.0076202889442412,9933.200091549646,-5573.324397494952
7,0.5,0.2555340952470885,0.1,0.09918354904210326,0.1,0.098115420730758,1.0,1.015403169808061,10071.06617195767,-5579.277110158249
8,0.5,0.22968485216651996,0.1,0.09529113996456083,0.1,0.10132026268573624,1.0,1.3768373189682501,9995.927686522367,-5592.319785200214
9,0.5,0.2443667117063913,0.1,0.10634748748750249,0.1,0.1102690686334172,1.0,1.1851802602381638,9931.262697495442,-5571.477243021107
10,0.5,0.14386284529085966,0.1,0.09372054535999214,0.1,0.10229288888147205,1.0,1.2870703688384577,9990.055500720264,-5579.608155125278
11,0.5,0.25616686483456386,0.1,0.09632002479478168,0.1,0.10035528827111499,1.0,1.1048076630655699,10033.889669208178,-5590.231074140045
12,0.5,0.22777003022085765,0.1,0.10194855428393793,0.1,0.09848895244453341,1.0,0.9272632221787309,9995.924347416056,-5590.582298151367
13,0.5,0.31055482714440324,0.1,0.09835530770304965,0.1,0.09757444731311848,1.0,1.0256215496687875,10118.555310399963,-5578.498782699449
14,0.5,0.27364468155103244,0.1,0.10631052348995698,0.1,0.10197331364123621,1.0,0.9689588315312855,10038.433066412685,-5595.908241760478
15,0.5,0.20063573272032098,0.1,0.09618632184753804,0.1,0.09916563223297432,1.0,1.2112027912065304,9989.325843858438,-5584.575448803508
16,0.5,0.23841918662999026,0.1,0.0907300061850925,0.1,0.09549390982778115,1.0,1.336035637418961,10046.938941558812,-5616.511991203662
17,0.5,0.22597056161654744,0.1,0.09927852884879576,0.1,0.10830538321569416,1.0,1.2866962407886167,9924.714782983443,-5587.0480058889
18,0.5,0.2421228348242803,0.1,0.1038710659739672,0.1,0.09912630068280996,1.0,0.9818663759648877,9998.706261603482,-5585.48317452166
19,0.5,0.20986412569100804,0.1,0.10062851135408613,0.1,0.10271674473202477,1.0,1.20758127817919,10050.934021065528,-5582.208645079787
20,0.5,0.3031220706827768,0.1,0.09937875813253744,0.1,0.09872784335836007,1.0,1.132889061481504,9952.645685748672,-5586.677830786726
1,0.5,0.22024958611932668,0.1,0.09665836695566474,0.1,0.10363286721450747,1.5,2.0697837161653596,10074.07954620937,-5661.852704450065
2,0.5,0.21964107696405596,0.1,0.10064313574015424,0.1,0.10559818805704022,1.5,1.6863881190924384,9928.137143094404,-5656.663303599762
3,0.5,0.29710102516861553,0.1,0.09681483714409805,0.1,0.1038875332815378,1.5,1.7664978949688983,10023.379761932929,-5633.934205861646
4,0.5,0.25119483680169774,0.1,0.09875071786282164,0.1,0.09588941981241267,1.5,1.3405980587401245,10058.594965837143,-5656.986574100958
5,0.5,0.23235874530131606,0.1,0.11702287440763197,0.1,0.11623220784624372,1.5,1.2401611635097844,9823.707762763323,-5652.239833067022
6,0.5,0.2599061801485611,0.1,0.09822409703210598,0.1,0.10436594205764935,1.5,1.7119375634485186,10024.439995725177,-5664.020196743993
7,0.5,0.23433274993788827,0.1,0.1038453120817507,0.1,0.09874778485601111,1.5,1.3616375096780933,9961.835339654997,-5648.611947923336
8,0.5,0.2419203256716085,0.1,0.10270862547918304,0.1,0.10498513594300156,1.5,1.6168696140340988,9973.057842088298,-5607.538699841016
9,0.5,0.19800525148889347,0.1,0.10168379562119584,0.1,0.10779547642475443,1.5,1.716685450328054,10024.551131618606,-5670.963128355582
10,0.5,0.2293532259137542,0.1,0.09434284395330013,0.1,0.10281450777060305,1.5,1.951000179545756,10035.978937572634,-5688.605292047703
11,0.5,0.17485946952360357,0.1,0.10591118485055581,0.1,0.10204973306256006,1.5,1.326710321685746,9933.76516620591,-5682.7454828635
12,0.5,0.2503060230810464,0.1,0.10085577023584438,0.1,0.10602660338133725,1.5,1.794017258012563,10012.54872073598,-5631.687052943116
13,0.5,0.20921215720810818,0.1,0.10249611500418451,0.1,0.10142691691726617,1.5,1.6913131110668924,10006.022533536394,-5643.577275669627
14,0.5,0.02351770506819296,0.1,0.09922843440288806,0.1,0.09944927887372247,1.5,1.6029672361001421,10006.169784029793,-5668.033232099996
15,0.5,0.21585514437581207,0.1,0.09563368889272715,0.1,0.09805368557409501,1.5,1.6419467247361945,10027.663501661202,-5669.093208151653
16,0.5,0.31679727716505196,0.1,0.10363861494692286,0.1,0.10487266699202266,1.5,1.6003105943373828,10029.542980220003,-5675.380241558982
17,0.5,0.2343224585334358,0.1,0.10678392694286339,0.1,0.11058057916067249,1.5,1.565157134355828,9844.749963076982,-5669.869541054043
18,0.5,0.2598341055784045,0.1,0.10599599404317084,0.1,0.09810034753404784,1.5,1.4474767030437774,9925.123060365388,-5652.709679727246
19,0.5,0.25488529089501194,0.1,0.10379246829827769,0.1,0.10881490952916877,1.5,1.7528528316093825,10002.611352063866,-5669.337307531157
20,0.5,0.2828351119321996,0.1,0.09950005176951536,0.1,0.10219305200677938,1.5,1.6628702978281507,10002.254138711147,-5644.716894760919
1,0.5,0.2324669069639785,0.1,0.10835730813512359,0.2,0.220074083386683,0.5,0.46714011352294843,9890.256544395043,-4657.788875600035
2,0.5,0.327986826857888,0.1,0.09410275707624802,0.2,0.19749671954684986,0.5,0.5702668278119376,10013.722413278067,-4680.519673909223
3,0.5,0.26778828173635866,0.1,0.10622963309057132,0.2,0.21713527074279024,0.5,0.5574877088606303,9944.384721432767,-4645.821846381057
4,0.5,0.27751205204218593,0.1,0.09704317744750093,0.2,0.20426356764380202,0.5,0.5481206036665748,9906.849072858813,-4685.257326717416
5,0.5,0.2446803673812335,0.1,0.10306012977477198,0.2,0.20712853661944725,0.5,0.4700863043453651,10025.363934439318,-4665.173206423839
6,0.5,0.2420572123167054,0.1,0.10669778827455122,0.2,0.20793896919146654,0.5,0.4603738525182111,9988.613680058497,-4632.840447625993
7,0.5,0.24695361584816447,0.1,0.09852869452675743,0.2,0.20908291944006763,0.5,0.5619398701839113,10033.062248373175,-4651.224990643948
8,0.5,0.11267489126764181,0.1,0.0948167886250035,0.2,0.19669472703477722,0.5,0.5859505891427451,9977.976220161505,-4657.568370457506
9,0.5,0.2671794175983604,0.1,0.10185694892616669,0.2,0.21597560145184017,0.5,0.5771085639560048,9965.622203701616,-4663.917282388371
10,0.5,0.2923441909987902,0.1,0.10113018385197274,0.2,0.2077452165088396,0.5,0.5377776130805711,10055.050580419387,-4695.421558197961
11,0.5,0.22607668827554614,0.1,0.11576228575870424,0.2,0.22823887479215324,0.5,0.5046095765598885,9859.091262823487,-4689.3147096987295
12,0.5,0.30813025830528057,0.1,0.10273031483589945,0.2,0.2137226171349434,0.5,0.5594018189381138,9986.003326948583,-4665.267475273216
13,0.5,0.24086982239366111,0.1,0.1020915024889391,0.2,0.19541103553174188,0.5,0.3959924019048702,10030.723923397836,-4693.125146109123
14,0.5,0.2559761675341947,0.1,0.09958397711051771,0.2,0.20288108896778762,0.5,0.5662018740611268,10068.508815821233,-4664.330101758753
15,0.5,0.3290344538187411,0.1,0.10111636120029376,0.2,0.20784288231942816,0.5,0.5107270179068736,9934.751831258885,-4672.322340813457
16,0.5,0.2151015264794746,0.1,0.10461860597729308,0.2,0.20331811117656373,0.5,0.4548263100434981,9956.98411045416,-4672.314761019028
17,0.5,0.2789878876409377,0.1,0.10032450948420196,0.2,0.20061419204822017,0.5,0.49000729045961583,10019.250981161164,-4670.660008902725
18,0.5,0.23816810699203206,0.1,0.10089616746322809,0.2,0.20726592997284882,0.5,0.5351602725274243,9935.052582898013,-4675.711861839904
19,0.5,0.26783243834929166,0.1,0.1030835598857532,0.2,0.21051935578103834,0.5,0.5358449344530452,9889.6646459338,-4690.4266922726465
20,0.5,0.24092998107817018,0.1,0.09874218316696638,0.2,0.204607176673474,0.5,0.5939004534861193,10009.215216868943,-4644.783997950014
1,0.5,0.20368804832956922,0.1,0.09469083816587426,0.2,0.19686233760452646,1.0,1.183087023695634,10045.182046116157,-5017.827527011288
2,0.5,0.2577471084096649,0.1,0.09801121760769184,0.2,0.19722534270956713,1.0,0.9904577300334823,9972.45080054267,-5027.951646253989
3,0.5,0.25981602859705677,0.1,0.09669903190252847,0.2,0.20553333345311947,1.0,1.2027734803606969,9998.399397447585,-5012.4142785411705
4,0.5,0.21637711071706794,0.1,0.09779690735317541,0.2,0.21274597018570413,1.0,1.149937414899081,10084.909642918596,-5025.1059347358505
5,0.5,0.3320813238879785,0.1,0.09646795364636815,0.2,0.2022443640383717,1.0,1.196260084564499,9977.254639659763,-5051.566526607536
6,0.5,0.2531195481295571,0.1,0.10176739513290942,0.2,0.2048024053565309,1.0,1.0767567114937326,9999.90305475985,-5020.706536399506
7,0.5,0.34696582318920954,0.1,0.10267609442437546,0.2,0.21187897205819267,1.0,1.01299027892851,9985.068318110967,-4992.844368345936
8,0.5,0.3003495047612928,0.1,0.09820412228116247,0.2,0.21062126328947572,1.0,1.075341475699936,9971.010617445605,-5028.195215131906
9,0.5,0.21748147506073354,0.1,0.1019963901235389,0.2,0.22063975724554558,1.0,1.120178391534117,9926.29450409015,-5018.119176721695
10,0.5,0.33230891412806113,0.1,0.09891856767393423,0.2,0.22083146869467904,1.0,1.1414952144986883,9964.980032301344,-5020.31707228912
11,0.5,0.25927787889711185,0.1,0.10356355117538615,0.2,0.2132952427762217,1.0,1.0551804733487136,9982.893193340364,-5024.382187930909
12,0.5,0.2371733436922708,0.1,0.09942231413329135,0.2,0.21264570908040153,1.0,1.085345693953555,10044.162941395087,-5035.59761169585
13,0.5,0.2403264165772451,0.1,0.10356920386762404,0.2,0.20243469272902456,1.0,1.02028375498086,9982.186307394262,-5042.704161047043
14,0.5,0.2582036484891413,0.1,0.09608920349809767,0.2,0.20789454038896266,1.0,1.1619634665394318,10079.058371285184,-5003.140606520985
15,0.5,0.2351911570118114,0.1,0.1003504614494775,0.2,0.20245668847691942,1.0,1.0071314577876502,9983.954373641342,-5017.701509981491
16,0.5,0.26126629980779886,0.1,0.09946511285321714,0.2,0.2029693647295379,1.0,1.0485176014469733,9895.58111296756,-5028.510730392145
17,0.5,0.24343005540006593,0.1,0.1080155307494154,0.2,0.2096883226409914,1.0,0.9831119725540031,9866.894554978328,-5023.851666390205
18,0.5,0.25443783455154967,0.1,0.10393983144560098,0.2,0.19754847143474807,1.0,0.9575346588603479,10029.323085989146,-5036.897563672443
19,0.5,0.24656247732449635,0.1,0.10229290292591413,0.2,0.2177097935462775,1.0,1.0641847231412944,9974.286276869798,-5026.705148406855
20,0.5,0.2765224185100795,0.1,0.0952899318957661,0.2,0.20660025058248274,1.0,1.1924616231311367,9991.708616949029,-5000.4215646282555
1,0.5,0.25100825546052297,0.1,0.09500061041077429,0.2,0.20013690868551734,1.5,1.65162537521702,10104.868744995545,-5304.31918568849
2,0.5,0.24274899299908925,0.1,0.10180658203293906,0.2,0.18957057384108053,1.5,1.4592082337855319,9970.864338478454,-5247.334717471005
3,0.5,0.19329347583528042,0.1,0.10423261989083733,0.2,0.2056565925721179,1.5,1.6171428415638742,9967.814386739794,-5301.642114315846
4,0.5,0.2831898176268826,0.1,0.09689333875023844,0.2,0.19825404340577477,1.5,1.5530896378119288,10101.510315198908,-5263.7530082693065
5,0.5,0.240366819296823,0.1,0.10319038046669164,0.2,0.20636389527821605,1.5,1.529776095231469,9937.202743070475,-5240.398331521465
6,0.5,0.2931552040271063,0.1,0.10253661175857778,0.2,0.19596193193948355,1.5,1.4530665990348453,10000.63898871771,-5279.246723824312
7,0.5,0.3008291347887295,0.1,0.10673987518504405,0.2,0.23113613780917763,1.5,1.4724244028631905,9965.014317393106,-5298.819064508155
8,0.5,0.2391636703681966,0.1,0.0983446090525547,0.2,0.20082318174478803,1.5,1.5727910431248426,10029.108268372134,-5269.293848507515
9,0.5,0.256942517547875,0.1,0.10571242821563866,0.2,0.2229573364315649,1.5,1.5426447196620872,9912.003121158457,-5238.493039403333
10,0.5,0.21692006765023822,0.1,0.10259119143786309,0.2,0.20024897270794953,1.5,1.4439289231729,9958.394816615684,-5258.373347010131
11,0.5,0.23956803047543543,0.1,0.09695722254199803,0.2,0.2198710051243444,1.5,1.6526361321892244,10001.238253173164,-5304.082219855584
12,0.5,0.31172790302140196,0.1,0.10345966787408145,0.2,0.2026433952561838,1.5,1.5056388349331289,9969.018246604244,-5267.609143228365
13,0.5,0.2723601913170949,0.1,0.10271568962050705,0.2,0.2202609234132452,1.5,1.6581100457474425,9998.754452618537,-5280.445580706942
14,0.5,0.10079074994022241,0.1,0.09964283355575938,0.2,0.20392077374641407,1.5,1.5425413790956837,9994.450052274899,-5241.603003733373
15,0.5,0.30059408365751067,0.1,0.101587212747737,0.2,0.2248474481760505,1.5,1.6217892290242053,9883.049978250534,-5254.40360737616
16,0.5,0.24628382246046654,0.1,0.10016017127754742,0.2,0.21646755636150705,1.5,1.6455631862315985,10019.118048620825,-5268.680388043298
17,0.5,0.3444610415245007,0.1,0.10063822768673608,0.2,0.207274597875712,1.5,1.5848664098809369,9999.438737147846,-5284.494758100174
18,0.5,0.31525751195245394,0.1,0.0993874616114424,0.2,0.18498836708393857,1.5,1.4625571952471201,10072.868744356037,-5245.620059885571
19,0.5,0.26406798782646834,0.1,0.11011629945695213,0.2,0.20573907018507273,1.5,1.3626712679573403,9942.463325699127,-5266.522830560096
20,0.5,0.062300172355379685,0.1,0.10351208886075501,0.2,0.20371798891237144,1.5,1.3621849479395667,10003.375461721556,-5262.856379315237
1,0.5,0.23719880404239777,0.1,0.10182417464597567,0.3,0.3038238362192003,0.5,0.48551767020863795,9997.666359079707,-4141.582363844071
2,0.5,0.30074910253715387,0.1,0.09706744498718584,0.3,0.3039090369196983,0.5,0.5369397966938078,10005.165984049712,-4130.553097455559
3,0.5,0.2995130840599567,0.1,0.10597227622336759,0.3,0.31866483404470436,0.5,0.49567855648132436,9857.790389952444,-4151.364016299307
4,0.5,0.3002074201824601,0.1,0.10202578025207687,0.3,0.30761045087568756,0.5,0.4789089498196331,9998.36881206276,-4133.565580790722
5,0.5,0.0891431762242215,0.1,0.09920633359977886,0.3,0.2985493689115223,0.5,0.4785619576478894,9999.800634471949,-4165.670838194736
6,0.5,0.2674729224784185,0.1,0.10203751360339887,0.3,0.2923914718472102,0.5,0.5082787015632072,10040.250723200608,-4177.5627836273
7,0.5,0.13944162972591245,0.1,0.10650480491827832,0.3,0.3028484589575239,0.5,0.5033994321874239,9945.35450833159,-4138.689978765538
8,0.5,0.20257435365083085,0.1,0.09941727762986839,0.3,0.30815816714838834,0.5,0.5216275113024338,9964.494267546315,-4163.54778925196
9,0.5,0.3050763511840977,0.1,0.10437482395219143,0.3,0.3133141633110948,0.5,0.4870731920335881,9863.881672350044,-4149.8711991661685
10,0.5,0.23901184780118762,0.1,0.10326991160009566,0.3,0.3114643797798579,0.5,0.4688724630470206,9977.367253481036,-4118.741563011978
11,0.5,0.2610668337469768,0.1,0.10184225237096103,0.3,0.29161830794303484,0.5,0.49294281502718135,10006.78967135037,-4124.270199229574
12,0.5,0.268969254388403,0.1,0.10232710888169727,0.3,0.3109029506226508,0.5,0.4507672240449416,10061.522656580677,-4184.818811387045
13,0.5,0.3281850783169309,0.1,0.10392562684572106,0.3,0.3041705938543083,0.5,0.5013660654882678,9946.489324455328,-4139.672825017178
14,0.5,0.24091989844108544,0.1,0.09556150609444115,0.3,0.30718596007786125,0.5,0.5420563155739729,10053.845323435271,-4158.13983164533
15,0.5,0.21140229519023856,0.1,0.10081929336718648,0.3,0.29754136209942916,0.5,0.4516085572254573,9948.70107773334,-4146.498751759971
16,0.5,0.24553770733341218,0.1,0.09562613123232651,0.3,0.30313914352709004,0.5,0.5463449655731737,10061.508660469986,-4135.35976373915
17,0.5,0.28423952746699194,0.1,0.10267344893821194,0.3,0.29651748227645414,0.5,0.4509814724807484,10024.098319980907,-4144.510564774193
18,0.5,0.2427408084924404,0.1,0.10077508098525308,0.3,0.3173163560515245,0.5,0.5090786429082144,10046.278104879853,-4127.87528724562
19,0.5,0.21445204764908082,0.1,0.10166608128209688,0.3,0.29570464787556605,0.5,0.48050698939809317,9979.15635249045,-4145.098572114257
20,0.5,0.2812055477670401,0.1,0.10210898635775054,0.3,0.31217721774385165,0.5,0.46625971234931735,9966.333916213704,-4186.7301299818755
1,0.5,0.24272379595232121,0.1,0.09907453885415363,0.3,0.3108685030779196,1.0,1.0277727605192573,10053.68149160124,-4742.444031504405
2,0.5,0.23305493394226887,0.1,0.10190511237043633,0.3,0.30391829653096697,1.0,1.015411866500757,9972.143969495479,-4751.1641034168515
3,0.5,0.3023558195431574,0.1,0.09891978315755638,0.3,0.30471812322797737,1.0,1.0292782242602787,10074.042518507254,-4766.350299023078
4,0.5,0.22950362328693646,0.1,0.09260023473649204,0.3,0.3041400938906017,1.0,1.088554534236459,10020.14082476876,-4765.660023870168
5,0.5,0.23708425288810986,0.1,0.09606955830166998,0.3,0.3301312430259784,1.0,1.065596677121411,9939.321643335928,-4769.161696454474
6,0.5,0.24939924909093056,0.1,0.10033098166119146,0.3,0.2753517075264006,1.0,0.9543781021651346,10086.09774151263,-4766.256467551553
7,0.5,0.1295004303880882,0.1,0.10144788717117918,0.3,0.27962973285719933,1.0,0.9970504094261523,10033.45078012946,-4775.511614272601
8,0.5,0.2623839130863642,0.1,0.09575832040568541,0.3,0.29595284527337906,1.0,1.0121924549437784,10094.427964750186,-4773.612769355528
9,0.5,0.24770106546462925,0.1,0.09179452360104247,0.3,0.3094332107416813,1.0,1.1348885237503499,9997.131162950043,-4765.713134312207
10,0.5,0.2647936906014079,0.1,0.09679779393234295,0.3,0.29980484090710297,1.0,1.1272367902849516,10029.152071271497,-4755.119439077371
11,0.5,0.08470107670366918,0.1,0.09581572640117418,0.3,0.30075813379337574,1.0,1.0078275250090292,10031.519509018552,-4748.472391240599
12,0.5,0.2766651521887114,0.1,0.09409781703256394,0.3,0.31246692735273984,1.0,1.113199816514369,9985.45023935796,-4758.3086406127395
13,0.5,0.23656100718868733,0.1,0.10298236375850309,0.3,0.2968890327056731,1.0,0.9372890134571656,9894.05964172625,-4747.7796942457135
14,0.5,0.03813706076202123,0.1,0.10716309118846912,0.3,0.29615582945540503,1.0,0.8694588475408846,9848.355956252268,-4756.477705732482
15,0.5,0.24426138774539471,0.1,0.09616725024078074,0.3,0.29485875380040943,1.0,0.9350228154812104,10040.963315515757,-4758.942742533573
16,0.5,0.27445972362657517,0.1,0.10986984589676389,0.3,0.2857532286957717,1.0,0.865725353705492,10051.57288764389,-4757.1020766807
17,0.5,0.13191626128006675,0.1,0.10163656700743595,0.3,0.3123278234411021,1.0,0.9532545976001503,9981.550694731188,-4744.849937040007
18,0.5,0.26255295334458106,0.1,0.0966388632740571,0.3,0.29631810361729544,1.0,1.003860842903529,10036.718259903093,-4762.493780872697
19,0.5,0.250249927952621,0.1,0.09975776091176185,0.3,0.31054733348126373,1.0,1.1003238741110644,9998.133538751656,-4779.421495954568
20,0.5,0.24619788190081154,0.1,0.10384705462539343,0.3,0.3033751836679173,1.0,0.9783279064063587,10019.952828381427,-4755.046572216888
1,0.5,0.19888220229907008,0.1,0.09721797974123435,0.3,0.29099440714714386,1.5,1.6377585962355996,9947.333463718907,-5112.226205082359
2,0.5,0.2782534829511525,0.1,0.10482905095181774,0.3,0.306133039375058,1.5,1.486888751598293,9984.242787373898,-5073.50247260713
3,0.5,0.1603882787743967,0.1,0.10287583687413983,0.3,0.2904611462469406,1.5,1.4011026937042397,10046.828119695683,-5116.51918254444
4,0.5,0.23854920114637582,0.1,0.1018385243586022,0.3,0.31480231241213946,1.5,1.465572523473956,9944.55297769102,-5129.175206869539
5,0.5,0.15017490019379984,0.1,0.10909525317043732,0.3,0.32132801271958705,1.5,1.3636972230996347,9982.849643023721,-5141.292862446098
6,0.5,0.1351160386991985,0.1,0.10727717796437895,0.3,0.28057050262517724,1.5,1.2809363205616304,9982.3766149555,-5118.099570961009
7,0.5,0.24856231618508626,0.1,0.09881940301717791,0.3,0.32303852494953417,1.5,1.6782492420520407,9964.205966032612,-5114.449429614954
8,0.5,0.25018222428216425,0.1,0.10290209070803463,0.3,0.2967429761870542,1.5,1.4498332157680431,9948.375412890015,-5087.455515478974
9,0.5,0.25441882634714824,0.1,0.08712794650641298,0.3,0.3368642783073953,1.5,1.8751485279097937,10022.006383192616,-5138.313945050144
10,0.5,0.3381418420367824,0.1,0.09760819759362814,0.3,0.30569267690887325,1.5,1.6053814225587224,10035.353536086117,-5089.897093597827
11,0.5,0.23352489252321848,0.1,0.10024659713564615,0.3,0.2882367238842841,1.5,1.5151536707187698,10025.407747437022,-5121.751018421937
12,0.5,0.2667162832912787,0.1,0.10024359638911208,0.3,0.3008530426425758,1.5,1.5665720810226444,9954.65993118811,-5125.348201667512
13,0.5,0.17572016829700046,0.1,0.09463438463158357,0.3,0.3198021601302305,1.5,1.6325594986033183,10039.990989782596,-5129.725638830101
14,0.5,0.21231127448446707,0.1,0.11405877958253252,0.3,0.31161500261176733,1.5,1.302093775390129,9960.707021588747,-5138.966890511052
15,0.5,0.2413622983470175,0.1,0.10048276477339296,0.3,0.26357071589669495,1.5,1.3739107561382027,10090.065127662852,-5131.469169861441
16,0.5,0.23174235009648583,0.1,0.10023534214556297,0.3,0.30893010805555166,1.5,1.4628891126618204,9949.413713154452,-5123.7438761641115
17,0.5,0.24547352388016103,0.1,0.10618534514062697,0.3,0.3196430786943614,1.5,1.502929975638166,9923.855050412856,-5114.701102330209
18,0.5,0.292378521145479,0.1,0.10082067862652487,0.3,0.31184140643759617,1.5,1.5932864899109411,10016.993879509235,-5132.047833858406
19,0.5,0.2632750038257415,0.1,0.10729896171424115,0.3,0.34205543024837753,1.5,1.4680639368105484,9821.175358460017,-5132.9508385545605
20,0.5,0.17902059280408397,0.1,0.10149812327581409,0.3,0.28417375293371516,1.5,1.473592454849116,10034.074805172368,-5104.7726764796225
1,0.5,0.214956445409646,0.25,0.25299003393983666,0.1,0.09915844022705712,0.5,0.37032138477669285,10038.281650270066,-5877.937824391619
2,0.5,0.1911278733871295,0.25,0.2600230197053482,0.1,0.09577695346307408,0.5,0.41186468342162835,9992.310317006619,-5885.638223469384
3,0.5,0.18217107164843255,0.25,0.25359482514350834,0.1,0.10319471785224578,0.5,0.43548801179699886,10049.184039631702,-5864.211867498756
4,0.5,0.1933993697491822,0.25,0.25812735019734995,0.1,0.10152309746342092,0.5,0.43126608310640385,10044.764612449399,-5900.074429437133
5,0.5,0.11368256046939067,0.25,0.2517887548522042,0.1,0.09542118863654683,0.5,0.3599106233950928,10033.785211726597,-5859.88714710399
6,0.5,0.2528653916919087,0.25,0.24616567608283693,0.1,0.10054364409919433,0.5,0.6576233023446962,10047.313191719984,-5862.903763677269
7,0.5,0.18357719085349816,0.25,0.2580046494286072,0.1,0.10407496300326816,0.5,0.5383568923319804,10021.445077224655,-5868.220570965159
8,0.5,0.14126542926596952,0.25,0.24395741727206086,0.1,0.09651270443182951,0.5,0.45301733627576174,10150.652367952296,-5880.647053713152
9,0.5,0.1325188740178724,0.25,0.2396112436603526,0.1,0.09564976587988408,0.5,0.32925547441348385,10132.15782316159,-5866.011429654374
10,0.5,0.19267881385219074,0.25,0.27511174794003923,0.1,0.1120583995607046,0.5,0.571693025860461,9873.589019828003,-5878.078053694275
11,0.5,0.2677484832728864,0.25,0.2570870581743339,0.1,0.10773351386844285,0.5,0.6856040867596989,9948.055748627954,-5868.01781332893
12,0.5,0.24888075666215226,0.25,0.26568507369001426,0.1,0.09729279802289328,0.5,0.3301446383232494,10061.235064828426,-5892.641417091012
13,0.5,0.06409424452499143,0.25,0.22817587116785318,0.1,0.09417154792907129,0.5,0.6574909513583983,10062.725984536459,-5905.396901872
14,0.5,0.2579639346860818,0.25,0.2638619600942752,0.1,0.10138769810934356,0.5,0.4424296426597629,10022.692226723879,-5883.861174238031
15,0.5,0.15141212735742998,0.25,0.2406766163278113,0.1,0.09420732153919059,0.5,0.44081521874507196,10080.315654868966,-5872.961653202276
16,0.5,0.07540226475459424,0.25,0.2534361669631566,0.1,0.0975828106160821,0.5,0.35282828895329593,9991.02975026595,-5890.89934890497
17,0.5,0.14349871670345252,0.25,0.25308377351159034,0.1,0.10146247103943568,0.5,0.28973549384908254,9993.473874976113,-5902.497212835729
18,0.5,0.20407665863107172,0.25,0.2633292274010534,0.1,0.10704539120547227,0.5,0.6264349845686544,9947.705941499362,-5874.202244717102
19,0.5,0.25459113052904747,0.25,0.2569586169073199,0.1,0.10298601887103881,0.5,0.6547594913719555,10079.939690522562,-5862.218503879918
20,0.5,0.16334323672664094,0.25,0.23280467988129253,0.1,0.09159234730471603,0.5,0.46089156955496,10052.917584698731,-5907.452079855051
1,0.5,0.17717325396037337,0.25,0.246665838137037,0.1,0.09730123601468195,1.0,0.9632052759527926,9975.067651469857,-5886.489883717915
2,0.5,0.18782105719630834,0.25,0.2649562137375228,0.1,0.10889598907892006,1.0,1.0796100450640675,9972.617842860374,-5914.786896090994
3,0.5,0.16942606258738463,0.25,0.248442875588405,0.1,0.10607202239104178,1.0,1.2923820325130184,9932.003162734374,-5860.333085280792
4,0.5,0.18444481294886447,0.25,0.24913558287596516,0.1,0.09788379102292252,1.0,0.9865600892687667,10041.118473092174,-5901.357548368705
5,0.5,0.20706934480015177,0.25,0.26261508581006154,0.1,0.1000549534291428,1.0,0.9345376759026227,9992.282495904923,-5906.640054768164
6,0.5,0.3275459815882724,0.25,0.26531237603288693,0.1,0.1044332272475468,1.0,1.1745319814093007,10039.631460211689,-5900.933390338487
7,0.5,0.15748297241023834,0.25,0.265077665046582,0.1,0.1017175874930661,1.0,0.8494302252328935,9968.42816791171,-5867.19359412857
8,0.5,0.14805687869059678,0.25,0.24833178832926633,0.1,0.10043508706827646,1.0,1.152281593474666,9993.37823827055,-5875.254771270489
9,0.5,0.184823731817335,0.25,0.2456278641132197,0.1,0.09534229687080405,1.0,0.9417543084769886,10079.643348031906,-5852.1442805111565
10,0.5,0.2464000347079597,0.25,0.2721403742926795,0.1,0.10910375648582614,1.0,1.1949404879242667,9899.232733467563,-5873.550946990697
11,0.5,0.2402729295053054,0.25,0.2606616554973161,0.1,0.10143836180107411,1.0,0.9195467640462585,9969.392201211243,-5874.937252364471
12,0.5,0.21214755499978133,0.25,0.27707506381350355,0.1,0.10997971679650737,1.0,0.9678160173081657,9932.178640822744,-5855.109812630922
13,0.5,0.22771779647697912,0.25,0.26012486521380473,0.1,0.09964737592033802,1.0,1.0914919093283435,10065.275831981935,-5873.704417988289
14,0.5,0.2758893787336598,0.25,0.2674787051892608,0.1,0.10231450484695448,1.0,0.9900403496333744,10068.10932588151,-5885.545319337529
15,0.5,0.16728612135270277,0.25,0.2421011235988173,0.1,0.10163460495165463,1.0,1.1868957017648805,10059.940367392424,-5885.6019494921175
16,0.5,0.23034308975708365,0.25,0.2771042509863689,0.1,0.10903510830283804,1.0,1.0078030951865629,9893.962007503316,-5869.692229523144
17,0.5,0.24724214502377231,0.25,0.261771061562116,0.1,0.10576462372347464,1.0,1.1402725119304296,10030.747892124273,-5877.828453630127
18,0.5,0.21384882475759232,0.25,0.2633266337353195,0.1,0.10519842536636324,1.0,1.0234349548010828,10040.006400164251,-5893.7196165291025
19,0.5,0.15553081625511883,0.25,0.24541799756592017,0.1,0.09722556362689401,1.0,1.1314099895635028,10026.581449764657,-5856.1161926227
20,0.5,0.19494760600599692,0.25,0.255204853422344,0.1,0.0998696429741632,1.0,1.1097111084902607,9992.853774139394,-5845.664948901294
1,0.5,0.19243266103163467,0.25,0.24822330968337902,0.1,0.10684744151914737,1.5,1.8767275213668924,10030.019789563836,-5866.45273068636
2,0.5,0.26001773010163204,0.25,0.2604819758889771,0.1,0.11386526327120879,1.5,1.9099642602736788,9933.951245972225,-5907.338827161219
3,0.5,0.1091889045781802,0.25,0.2584233953643068,0.1,0.11309671967827527,1.5,1.6927075208505529,9979.893152225828,-5894.876741853456
4,0.5,0.08953325881604482,0.25,0.24019664415898317,0.1,0.09447636916629326,1.5,1.5113749706039827,10054.486582822368,-5841.486079877629
5,0.5,0.24217716114790905,0.25,0.2734562001648344,0.1,0.10772906571711605,1.5,1.5809165849581575,9955.687794684178,-5858.113376991274
6,0.5,0.2053844088091699,0.25,0.24924748329865468,0.1,0.10316397262635295,1.5,1.6968028153358352,10039.07499561749,-5852.954651819461
7,0.5,0.18099160695392896,0.25,0.25748170807830867,0.1,0.09792495389169127,1.5,1.5220178681544265,9981.360151093371,-5899.3808143153165
8,0.5,0.19949529516270306,0.25,0.2626558290931445,0.1,0.09867276067698003,1.5,1.2067776975936393,9901.990418506817,-5873.270997448153
9,0.5,0.21015460649863035,0.25,0.25274332190756266,0.1,0.09789520878478865,1.5,1.4469381794493992,9978.584684683412,-5848.655404144145
10,0.5,0.21835550970780074,0.25,0.26643437164197337,0.1,0.10385320941637297,1.5,1.5413694057574094,10032.257033914348,-5845.502736059025
11,0.5,0.21557884271511205,0.25,0.268876589558155,0.1,0.10722147216068903,1.5,1.708182876435763,9931.934233352413,-5858.148299984078
12,0.5,0.22231740310833734,0.25,0.25649520404533804,0.1,0.10211763593289484,1.5,1.6201076392716247,9923.668053603014,-5865.531299953321
13,0.5,0.26517449169870705,0.25,0.26211497028918035,0.1,0.09988819645457088,1.5,1.383866167921897,10025.971662531962,-5878.984589815478
14,0.5,0.2763578615021411,0.25,0.2679342731460618,0.1,0.10133913110734824,1.5,1.3614254189914956,10027.88021223052,-5858.121369239434
15,0.5,0.15381323507777267,0.25,0.2491650473187796,0.1,0.10614759374499225,1.5,1.5979437775019834,9939.032508028844,-5870.33029401185
16,0.5,0.19196841350229923,0.25,0.26199766485603343,0.1,0.10055936954446869,1.5,1.3996581522376077,10020.205269663194,-5872.251012318834
17,0.5,0.14602951975886616,0.25,0.25063689921236043,0.1,0.10154027337307853,1.5,1.5859824461095655,10006.218814516955,-5868.344376721736
18,0.5,0.20176839132596738,0.25,0.25822091618107773,0.1,0.10511228919967103,1.5,1.7361748837494986,9975.375802790279,-5878.22445797486
19,0.5,0.2302404157278945,0.25,0.2627150404541221,0.1,0.09881856565254293,1.5,1.366078453976839,10020.760507246103,-5881.175123315457
20,0.5,0.2354732357369068,0.25,0.27004924675357406,0.1,0.10524563437995972,1.5,1.4353412032133748,9903.225746061305,-5832.02905722591
1,0.5,0.194465219239773,0.25,0.24353627400482636,0.2,0.2053206956746219,0.5,0.6479499300071382,10092.263034042544,-5771.67485828411
2,0.5,0.16523239226740982,0.25,0.25752394369695375,0.2,0.20103273319448775,0.5,0.4364062462283215,9998.137142270727,-5773.592192009919
3,0.5,0.1256870759410268,0.25,0.2582937760215236,0.2,0.2169300300778453,0.5,0.6821326872298094,9940.023922254093,-5792.510198097997
4,0.5,0.24585787700565465,0.25,0.27264992352629186,0.2,0.21748670684303353,0.5,0.46658741262953984,9874.922995948255,-5817.694604683592
5,0.5,0.1089096554158039,0.25,0.2514291728633267,0.2,0.20548585337856584,0.5,0.5448676819281251,10024.241712503657,-5755.27800697133
6,0.5,0.24140031726494246,0.25,0.2647853614385606,0.2,0.21933586199898922,0.5,0.5301862781098673,9878.936654886234,-5813.22145694499
7,0.5,0.14606221039915906,0.25,0.24423341195767,0.2,0.20626251117002362,0.5,0.6023840351347675,10098.382142912513,-5785.002460045103
8,0.5,0.22508523556013732,0.25,0.2516101784998827,0.2,0.20169478926023235,0.5,0.5028951200587826,9997.933589657221,-5775.406357916812
9,0.5,0.27134597927970977,0.25,0.25365881044488886,0.2,0.21240524298875635,0.5,0.7103844011256748,9953.52119031159,-5783.770433524297
10,0.5,0.25565662084485063,0.25,0.24506690557586563,0.2,0.19192192838818503,0.5,0.49148692634394653,10168.134684151975,-5805.447857551194
11,0.5,0.17897051615653653,0.25,0.2696940325896283,0.2,0.20187776759913223,0.5,0.5138597420005487,9905.041804669121,-5802.465699348867
12,0.5,0.2023818479078306,0.25,0.2551514655063485,0.2,0.20861870945432912,0.5,0.501627357328722,10057.687477929878,-5788.236346618826
13,0.5,0.19028633579077933,0.25,0.2513613001209109,0.2,0.2125629312802481,0.5,0.6728555555326194,9995.610366590543,-5778.384860562539
14,0.5,0.29661042174998953,0.25,0.26648785960222515,0.2,0.20937370874330455,0.5,0.501056949009417,9976.263105805114,-5778.971865141023
15,0.5,0.19930104786148098,0.25,0.25369057982755516,0.2,0.1941033529253084,0.5,0.5173534215418266,10010.437797846906,-5795.477567755592
16,0.5,0.21615661426959124,0.25,0.2521533904926816,0.2,0.20541077642798553,0.5,0.5996461619018152,10147.017189173608,-5761.759134025165
17,0.5,0.19950474394444093,0.25,0.25268790797865465,0.2,0.1954905620144203,0.5,0.5384701921277529,10075.1703559093,-5780.887496186154
18,0.5,0.20096047283122317,0.25,0.24324325652947373,0.2,0.19306197516385723,0.5,0.5173816299713304,10048.00211034705,-5746.445748893821
19,0.5,0.19797995665704948,0.25,0.2611892916903916,0.2,0.2211447571393084,0.5,0.6009431665783481,9950.980872249831,-5786.184172250975
20,0.5,0.2577521320666451,0.25,0.24683089284857151,0.2,0.2000075684068624,0.5,0.5352913175062906,10057.3934993224,-5797.001876691931
1,0.5,0.27618640090271046,0.25,0.24854780272457236,0.2,0.21646530249820348,1.0,1.3212550476120026,9892.356376268557,-5913.251694242607
2,0.5,0.2551533571679719,0.25,0.26031573124554985,0.2,0.21513800125444263,1.0,1.0532951163381732,9984.276955498359,-5924.593807790481
3,0.5,0.27418456714086514,0.25,0.2582422743073583,0.2,0.19715426833824415,1.0,0.9298240213733628,10021.177573542089,-5913.878590873632
4,0.5,0.2525892191815932,0.25,0.25050446774795365,0.2,0.20689856027287046,1.0,1.1145234359295244,10132.132716277112,-5913.579451638721
5,0.5,0.1238668128952543,0.25,0.2463929507936988,0.2,0.2048250123425991,1.0,1.0664722951391712,10025.978438028415,-5899.208885341455
6,0.5,0.268827518271467,0.25,0.2653197936508649,0.2,0.20392947374264986,1.0,1.020115901781504,9933.639254137968,-5903.918268814126
7,0.5,0.2571829781992975,0.25,0.2642173789044403,0.2,0.2048930987471947,1.0,0.9225052584466138,9976.806401757432,-5901.031070716066
8,0.5,0.26964363079964876,0.25,0.2581680220708184,0.2,0.19945455873383144,1.0,1.0355547461722159,9998.659509511257,-5915.970313664699
9,0.5,0.28226562379017966,0.25,0.2634174592582911,0.2,0.2023904719533022,1.0,0.9679246817715808,10035.905570791481,-5918.205026358724
10,0.5,0.09130207569589494,0.25,0.2488256968470487,0.2,0.2074460048809726,1.0,1.0752928809014033,9973.182365460163,-5843.046326422776
11,0.5,0.2281319354844422,0.25,0.2660152691015008,0.2,0.20894245682373191,1.0,1.0036857417030467,10005.108665685486,-5875.197787746589
12,0.5,0.2817796618609682,0.25,0.2787165468969019,0.2,0.20182580927652718,1.0,0.9436216490231357,9912.691672060888,-5919.731179678049
13,0.5,0.23921774120104303,0.25,0.24467783316303046,0.2,0.20346258459031086,1.0,1.1846425913074077,10013.80540904224,-5900.016920339764
14,0.5,0.2272558487493438,0.25,0.257637295224423,0.2,0.191922958976166,1.0,0.8670997142876212,10010.590052842284,-5910.035256161156
15,0.5,0.2588370676738168,0.25,0.2619857513623616,0.2,0.2009955180764062,1.0,1.0893215740201843,9929.263554107358,-5917.4623187837715
16,0.5,0.25575556206322736,0.25,0.26365698846320806,0.2,0.1999755507949545,1.0,0.9972270082191746,10023.993775498819,-5877.746730132921
17,0.5,0.2546701280452563,0.25,0.2420357560187584,0.2,0.18297289735033073,1.0,0.9465454184937883,10165.768153418992,-5894.441238747433
18,0.5,0.23369444814560014,0.25,0.2611200094487772,0.2,0.21259888428151147,1.0,1.1299449332284,9993.375549023945,-5906.231600418843
19,0.5,0.26135033200950486,0.25,0.25300631302350435,0.2,0.21576773364625906,1.0,1.0944612749191,9948.953423985626,-5918.3094409661935
20,0.5,0.1706379452428791,0.25,0.2608201306288016,0.2,0.20689646198674752,1.0,1.0250292044192826,9964.30832715498,-5879.411312191021
1,0.5,0.19200789917724798,0.25,0.22635105620379017,0.2,0.2065196427182887,1.5,1.9688173852250876,10167.556734390497,-5995.309751038381
2,0.5,0.26966778934567565,0.25,0.2513270652435645,0.2,0.20710376665916005,1.5,1.635036633493248,10009.100802231482,-6020.559424406081
3,0.5,0.24200323330030082,0.25,0.2544664286966917,0.2,0.20739221307272354,1.5,1.606220700826973,10113.861442112038,-5976.995263759162
4,0.5,0.06703903253788608,0.25,0.24574656253418548,0.2,0.19877212784211581,1.5,1.4791997960729522,9997.89508214415,-5978.716722955643
5,0.5,0.29874224722187454,0.25,0.25895791308241933,0.2,0.20664812367232133,1.5,1.6116326942884815,10092.758766953182,-5976.780406710359
6,0.5,0.29387265478303776,0.25,0.25270834978812984,0.2,0.2166284534328158,1.5,1.8001349146751162,9987.089062101115,-5985.819512539294
7,0.5,0.2751549526118734,0.25,0.250876800700037,0.2,0.20332416795271405,1.5,1.565063403656636,9970.24607807518,-5952.043720978354
8,0.5,0.2404099789235304,0.25,0.2562517085266113,0.2,0.2050904296377472,1.5,1.548584955286041,9998.870190023748,-5939.859004279948
9,0.5,0.06220068345750863,0.25,0.22897673075721894,0.2,0.20864786249083378,1.5,1.6840636292615752,10060.370713866418,-5949.0145006041
10,0.5,0.21013487371023648,0.25,0.25502226877511547,0.2,0.21314489444493048,1.5,1.6451838764332118,10064.652706772391,-5978.376178237633
11,0.5,0.22320082053486737,0.25,0.25476371620486454,0.2,0.21707731975362804,1.5,1.6441826513142173,10012.373173887885,-5967.213863366071
12,0.5,0.24980413197153628,0.25,0.24140400565723177,0.2,0.21674919492973888,1.5,1.8182396973110522,10080.682943020163,-5993.195036146062
13,0.5,0.20340392200066998,0.25,0.24832313379526946,0.2,0.2085597901972135,1.5,1.635245697124047,9954.560666764053,-5961.765394427872
14,0.5,0.19945928559811874,0.25,0.2634231192936476,0.2,0.2139025963588422,1.5,1.4968250395232279,10048.886830428197,-5968.1867112127375
15,0.5,0.26846197447413217,0.25,0.26132667414402433,0.2,0.19334308067589165,1.5,1.5175987525060126,9907.83666742925,-5971.599007358858
16,0.5,0.1866062973519647,0.25,0.26781732929171703,0.2,0.2028373846530811,1.5,1.4751502068662563,9926.246729698718,-5918.886822858657
17,0.5,0.22394213975211316,0.25,0.2591732550396952,0.2,0.2017453849505859,1.5,1.5199686004982909,9905.06311299944,-5936.508699837923
18,0.5,0.25941124041976754,0.25,0.27308687197628423,0.2,0.2227777134356908,1.5,1.4616541125939313,9887.529048738661,-5973.818502439798
19,0.5,0.2078179632627903,0.25,0.2804643223271692,0.2,0.18912766210566262,1.5,1.2914318122707695,9861.882526061783,-6009.168899336147
20,0.5,0.18950361036736427,0.25,0.24424721572943908,0.2,0.20425226465882085,1.5,1.5493077239550221,10039.559342106591,-5907.14252599537
1,0.5,0.257831402114944,0.25,0.2506386038597686,0.3,0.28782758668160197,0.5,0.5325147085916963,10062.34231377973,-5514.245872092224
2,0.5,0.23948449494913007,0.25,0.26140931534359013,0.3,0.31208466485199027,0.5,0.4987369027364497,9987.65849726999,-5520.569102553758
3,0.5,0.2478269991389107,0.25,0.24596125344912637,0.3,0.3124413210155652,0.5,0.5772207488760934,10112.24691281118,-5483.342585459348
4,0.5,0.2798578458984998,0.25,0.2663049246515144,0.3,0.3054356517459358,0.5,0.4631065599982905,9947.348591039794,-5526.657967009254
5,0.5,0.23256226012300873,0.25,0.28478162536136914,0.3,0.32586068467673207,0.5,0.41548497228190717,9767.38219044147,-5531.207622638948
6,0.5,0.17950617652397563,0.25,0.25516695097304115,0.3,0.3270176468744389,0.5,0.5249277863068902,9937.51194526983,-5542.726474127159
7,0.5,0.054421794352667106,0.25,0.24931598004838454,0.3,0.3528395794518458,0.5,0.669722376346469,9904.467825540658,-5544.751606513255
8,0.5,0.263913275094839,0.25,0.267473982740918,0.3,0.3149486092013719,0.5,0.48524518852062026,9894.594183833238,-5510.905502363828
9,0.5,0.23159062513529374,0.25,0.25635196598750287,0.3,0.31331529119545415,0.5,0.5135164334687803,10084.411880661411,-5523.498374184999
10,0.5,0.22476043078097607,0.25,0.23267872236256193,0.3,0.28297232794383637,0.5,0.5112894823487738,10169.459854254857,-5545.023644153659
11,0.5,0.19494466341539302,0.25,0.25777625821800476,0.3,0.2941776432791433,0.5,0.511995966127832,9974.596916563996,-5520.850911964584
12,0.5,0.22555697853515377,0.25,0.2696934433518133,0.3,0.30172200563093754,0.5,0.49724621615933656,9882.369807902987,-5524.416024078899
13,0.5,0.11045162773174268,0.25,0.2366075501428441,0.3,0.31617001755532437,0.5,0.568290816369402,10130.65900513312,-5541.292785591444
14,0.5,0.2589306973391513,0.25,0.2667622741759631,0.3,0.314778351495882,0.5,0.4979735148207526,9887.766754903587,-5513.724275499146
15,0.5,0.09589304532347705,0.25,0.2415436801616954,0.3,0.2988648347044945,0.5,0.6220081556358077,10126.40279910315,-5522.605069879031
16,0.5,0.25198851310658493,0.25,0.24191198850858894,0.3,0.30757338262659384,0.5,0.6114751208897689,9991.731924203486,-5508.249292537008
17,0.5,0.16412436474480396,0.25,0.23985310468966017,0.3,0.2831501934967708,0.5,0.5227004458745108,10105.536430163707,-5516.739302308188
18,0.5,0.2617732714699002,0.25,0.2476368145417595,0.3,0.32006588200202013,0.5,0.5702552591097576,9966.722511574826,-5502.325419117411
19,0.5,0.22635234693156397,0.25,0.26013010027419164,0.3,0.31301354039014045,0.5,0.5090023668684363,9942.580042839163,-5517.521357787236
20,0.5,0.1017704872006586,0.25,0.2532779307622286,0.3,0.3224514085874506,0.5,0.5122302294128684,9950.910218133604,-5516.114916608191
1,0.5,0.2223868106243685,0.25,0.2573240477386535,0.3,0.296801879123555,1.0,0.9924018128473003,10029.011449453561,-5768.103417959461
2,0.5,0.2501555400013946,0.25,0.2700596199728275,0.3,0.3250019987315162,1.0,1.029471756301695,9912.091716518722,-5724.106538616494
3,0.5,0.1851912874207318,0.25,0.2389937286823489,0.3,0.3104094250457532,1.0,1.0783638104133615,9976.056380959919,-5740.639477919555
4,0.5,0.2352679489990839,0.25,0.2613263887972699,0.3,0.30500851511031324,1.0,1.0085039085967689,9965.556076376728,-5771.204961532674
5,0.5,0.22656790158359955,0.25,0.25813430981345437,0.3,0.2985335806448076,1.0,1.0369385244176819,9927.325196470088,-5741.833206177469
6,0.5,0.2499145447233084,0.25,0.24932354384856784,0.3,0.31786805631743575,1.0,1.1102032213820416,10063.102153240128,-5752.45367208603
7,0.5,0.27766251754639054,0.25,0.2566000433559523,0.3,0.2961506562552434,1.0,1.002346201128432,10063.581923856204,-5759.349642922896
8,0.5,0.12053971930354361,0.25,0.28132625585691673,0.3,0.3014097680364023,1.0,0.8289520513983898,9814.13068218537,-5760.892167728558
9,0.5,0.23498272992932748,0.25,0.2577055145566275,0.3,0.3099821909594462,1.0,1.0304040132454824,9983.823950477963,-5745.2367620323175
10,0.5,0.2695086878025876,0.25,0.26507763658546785,0.3,0.3260990365503396,1.0,1.016887380955085,9987.45040682081,-5794.240316418476
11,0.5,0.2145289993523234,0.25,0.2661102239804497,0.3,0.33068029104696367,1.0,1.0056858594800762,9860.340746266327,-5770.375956227417
12,0.5,0.2522138244438243,0.25,0.2637396656575739,0.3,0.30141010492840137,1.0,1.0098451351745226,9898.752897009363,-5756.575783007676
13,0.5,0.24077552188236725,0.25,0.2603056741429462,0.3,0.2893627216870687,1.0,1.0290197940301458,10070.150896972029,-5798.088909710616
14,0.5,0.27933737533016784,0.25,0.2536946569438927,0.3,0.3138613982767602,1.0,1.0490729069421678,10032.429372953166,-5761.940118289809
15,0.5,0.24490280528010278,0.25,0.2647204853824683,0.3,0.3159824390463459,1.0,1.0059260906673086,9912.733843483433,-5771.731508841698
16,0.5,0.23112018426319733,0.25,0.25747435510056554,0.3,0.32739467543203055,1.0,1.123431845646417,9941.612729083723,-5787.717629735269
17,0.5,0.05719273578670824,0.25,0.2541411685078165,0.3,0.2974248664876767,1.0,0.915773356465136,9964.067771242528,-5736.312311332333
18,0.5,0.23324034062201754,0.25,0.24708042278646486,0.3,0.3105959481914686,1.0,1.1246121794107145,10016.364662590122,-5769.017515704709
19,0.5,0.18222597016509154,0.25,0.2548105505023063,0.3,0.307087092004037,1.0,1.0130451025191722,10045.25239979502,-5761.797604291125
20,0.5,0.19295604728033194,0.25,0.25339481683761833,0.3,0.2940126228876468,1.0,1.0402463071894046,9968.006388643564,-5731.470888060867
1,0.5,0.09052094577616655,0.25,0.2476133206260722,0.3,0.3384487276790979,1.5,1.6667011788565662,9875.514133313929,-5901.412798952128
2,0.5,0.2494295139368509,0.25,0.2559460838246605,0.3,0.2878070178098146,1.5,1.4919986007328054,10020.827127052258,-5908.934772268893
3,0.5,0.27109726052469657,0.25,0.2662039682425786,0.3,0.29786456960357566,1.5,1.4717929736058153,9998.72188472868,-5908.722055715659
4,0.5,0.12119279515800371,0.25,0.25060612231112567,0.3,0.28543434567389836,1.5,1.4521171987780326,10013.006960163693,-5872.050521562485
5,0.5,0.2423244908639516,0.25,0.25291623594399976,0.3,0.3013101358850273,1.5,1.6379305369840833,10020.320672840066,-5844.65235820445
6,0.5,0.1923401067253204,0.25,0.2561760022904579,0.3,0.30505696561528217,1.5,1.5919065619567132,9969.339270555103,-5917.980703663627
7,0.5,0.1293034352458426,0.25,0.2605988858074089,0.3,0.30603094470660175,1.5,1.4024812687452495,9995.348668333962,-5892.749308515116
8,0.5,0.2437212140495287,0.25,0.2532348045461135,0.3,0.3009978015634478,1.5,1.6186143128486674,9975.05420062135,-5938.15085829258
9,0.5,0.242786073502255,0.25,0.25806680168531654,0.3,0.29534445220382866,1.5,1.5114082808599436,9985.607960690875,-5916.551654344343
10,0.5,0.2519488457794769,0.25,0.2624616138238504,0.3,0.30937955976040027,1.5,1.4554777595209887,9946.516060228325,-5895.380096781588
11,0.5,0.2320597194109837,0.25,0.2570115104675202,0.3,0.31091587743647187,1.5,1.517114051989003,10034.263666320967,-5880.9637652280835
12,0.5,0.04647783844039137,0.25,0.23252132685903387,0.3,0.28022392648410527,1.5,1.548777966540554,10106.204740149526,-5887.496529567971
13,0.5,0.23556497220855632,0.25,0.27386714929409256,0.3,0.32952944380623556,1.5,1.472479417655093,9835.604129189831,-5924.664746070537
14,0.5,0.13098034907442174,0.25,0.24224747524882884,0.3,0.31160573962380833,1.5,1.634934519901271,10070.73780119538,-5910.7514344789515
15,0.5,0.22207754371995356,0.25,0.25930277636254434,0.3,0.32375791002618737,1.5,1.5040405478672076,9923.127184304647,-5901.416504728386
16,0.5,0.24121175248671717,0.25,0.24885497100199175,0.3,0.3283787959693938,1.5,1.7152577253283228,9979.469321134871,-5895.769760613462
17,0.5,0.2615349935198806,0.25,0.2611636124375504,0.3,0.30709561292321536,1.5,1.510378416912169,10019.006739412474,-5887.086827440431
18,0.5,0.06642162853160265,0.25,0.23329647094140835,0.3,0.3146890799869249,1.5,1.6617556108434663,10160.378725845207,-5878.936879759303
19,0.5,0.17714027443391894,0.25,0.2613768427826945,0.3,0.28657608709248644,1.5,1.3284063893015732,10069.7663655289,-5903.368417021743
20,0.5,0.30127007476853723,0.25,0.2601463189511451,0.3,0.3119149244900436,1.5,1.4664359705691354,9957.617632884041,-5903.314610894229
1,0.5,0.2160154565474479,0.5,0.5239888390363279,0.1,0.10350701761584254,0.5,0.7323327834186792,9948.826841554146,-5627.603109355067
2,0.5,0.2322467691994229,0.5,0.5270712286168426,0.1,0.10224174378822432,0.5,0.5041828116243137,10047.591795419752,-5636.603537419602
3,0.5,0.13360090811704312,0.5,0.492328529220011,0.1,0.09648006166936697,0.5,0.5690067081632078,10068.792290240552,-5628.616055726293
4,0.5,0.2589559042039898,0.5,0.5325518317395396,0.1,0.10279528684484934,0.5,0.6224678202977681,10042.591044163502,-5641.896907824801
5,0.5,0.22858545441381317,0.5,0.5166783633574616,0.1,0.10105864267925285,0.5,0.5688053262658875,10027.533383116357,-5661.567297402218
6,0.5,0.30300091767114956,0.5,0.5383564923978792,0.1,0.09964111219346067,0.5,0.39649417212175675,10025.736434637363,-5663.542768401534
7,0.5,0.1300774950538473,0.5,0.5101812064863055,0.1,0.10668881519978755,0.5,0.6673110626610813,9914.756760578412,-5641.896941388803
8,0.5,0.22316069115798426,0.5,0.5369812619019516,0.1,0.11142878828078885,0.5,0.7873541166494583,9910.54342079585,-5661.945883992401
9,0.5,0.1803208433439649,0.5,0.48971115626934936,0.1,0.09558025549481558,0.5,0.49202073123126966,10171.491970451252,-5655.337291555112
10,0.5,0.2321019367140212,0.5,0.5477340437608474,0.1,0.10280224446835591,0.5,0.44571641622172675,9977.157246323612,-5671.324763182854
11,0.5,0.21457730713551454,0.5,0.5258685633901871,0.1,0.10202035831981245,0.5,0.7877802881623881,10037.323002188612,-5665.533822387036
12,0.5,0.16774439057650933,0.5,0.5125589969960206,0.1,0.10043751522593751,0.5,0.3938962128156989,10036.299826093884,-5643.24239983679
13,0.5,0.2445690667345906,0.5,0.5430969136647594,0.1,0.10072629342576063,0.5,0.35690487423634715,10008.233719442243,-5673.722960454661
14,0.5,0.23510052541887055,0.5,0.5317556939081248,0.1,0.10262973084693575,0.5,0.4607635294286019,10007.471744182576,-5627.9632843186755
15,0.5,0.1423795182784753,0.5,0.4985708120180066,0.1,0.10125770648025594,0.5,0.6146146824909589,9961.103757905297,-5620.610740673585
16,0.5,0.19089176648377756,0.5,0.48322824264257475,0.1,0.09562369846673872,0.5,0.4171104499345738,10164.539560668949,-5667.555748645332
17,0.5,0.16516430176266636,0.5,0.5441135689391907,0.1,0.10438511340016857,0.5,0.5182763519498929,10005.55883605871,-5669.017213844344
18,0.5,0.04719566995610021,0.5,0.5139005118182343,0.1,0.10004258616273726,0.5,0.36214341383844284,9917.326630216288,-5639.101815049929
19,0.5,0.211588681039171,0.5,0.5067445806141233,0.1,0.09898605629930188,0.5,0.5744121293488433,10050.765958033528,-5672.717733148322
20,0.5,0.13504476249123692,0.5,0.5541557160293834,0.1,0.10475096571531411,0.5,0.3063287892428751,9897.937466916415,-5638.873744587106
1,0.5,0.10815981470093453,0.5,0.5074867538447841,0.1,0.09701662997081129,1.0,0.7603573559185282,10003.589575777556,-5622.465598123742
2,0.5,0.14273742630487793,0.5,0.5566127902571862,0.1,0.10464145723718352,1.0,0.8490925700163614,9849.703836220138,-5615.204008551078
3,0.5,0.18302383047859017,0.5,0.4814092801957428,0.1,0.09887091138886851,1.0,1.2315447826568329,10024.83449486021,-5613.024872861993
4,0.5,0.20812225573643,0.5,0.5436727374073831,0.1,0.1037899708789355,1.0,0.8936853206984022,9939.19941485581,-5639.741407920236
5,0.5,0.2311115198355767,0.5,0.5491963845881983,0.1,0.10489333353470592,1.0,1.0721224405668117,9986.10869697283,-5597.155991326688
6,0.5,0.13814676506483198,0.5,0.5088930708558794,0.1,0.10217054874056267,1.0,0.8970105043047242,10067.55113195997,-5603.875009621741
7,0.5,0.23467936789037258,0.5,0.553815127805698,0.1,0.10200001283256808,1.0,0.8396958282704458,9959.974404683071,-5618.286719280036
8,0.5,0.15505546019097047,0.5,0.5117226715105627,0.1,0.09706987129438836,1.0,0.8621909637899775,10088.008780583506,-5555.734128207045
9,0.5,0.11685465888621198,0.5,0.49781880331696604,0.1,0.09628570674543095,1.0,0.898885603391797,10054.304911351755,-5620.057099369561
10,0.5,0.1409295473978263,0.5,0.5108340231667992,0.1,0.10307526649941337,1.0,1.120108549856849,9988.60854622256,-5610.944106400213
11,0.5,0.14441866685458063,0.5,0.5354459214455324,0.1,0.10438735655392932,1.0,0.9780440095698301,9892.119901586613,-5572.071737906166
12,0.5,0.15708225608539084,0.5,0.47676242546943465,0.1,0.08893881401778847,1.0,0.8866137369045558,10222.657562518347,-5635.431916948968
13,0.5,0.16497584705022228,0.5,0.509214773973499,0.1,0.09706693706228238,1.0,0.7278138702376798,10112.995619972573,-5598.322037540098
14,0.5,0.17355907072533922,0.5,0.516777744207671,0.1,0.09799349340179318,1.0,0.9569348541938382,9933.946138065969,-5586.221548812161
15,0.5,0.17936259930609827,0.5,0.5044569609140489,0.1,0.10039503620838662,1.0,1.072873890143765,10042.580964030865,-5644.112234011671
16,0.5,0.2418004453600309,0.5,0.5381501116306437,0.1,0.10863158338402046,1.0,1.3923241746465613,9926.38547091203,-5597.770703499341
17,0.5,0.22202702685806677,0.5,0.530375635864411,0.1,0.10892807832971553,1.0,1.4065742847394316,9899.917583857876,-5633.804575299897
18,0.5,0.15857651354501942,0.5,0.5305146556379227,0.1,0.10011621102038487,1.0,0.7637368912495156,9961.89592011484,-5646.313440110058
19,0.5,0.1259402518117826,0.5,0.4717188460759538,0.1,0.09330381104242026,1.0,1.08056296672838,10208.128550268393,-5584.862671320183
20,0.5,0.24770714106665986,0.5,0.5374459581533684,0.1,0.09718913907810774,1.0,0.7389903728565259,10061.734886323613,-5609.026862026132
1,0.5,0.2436926504733628,0.5,0.5363740409919452,0.1,0.10427326511552334,1.5,1.836350280864235,9967.017093212535,-5590.505615053635
2,0.5,0.1397667265266238,0.5,0.502816427548494,0.1,0.09522623760640025,1.5,1.5116294021556658,10108.222241885656,-5566.807440535482
3,0.5,0.15852975546079193,0.5,0.521030519974015,0.1,0.10356110186727169,1.5,1.4932334914213048,9935.954587203874,-5575.176648804796
4,0.5,0.22130370616533668,0.5,0.5511679792303593,0.1,0.10073202952489348,1.5,1.3048034400973125,9962.969172327112,-5617.629277732236
5,0.5,0.15227581057881306,0.5,0.5319649274343355,0.1,0.09750908297442967,1.5,1.4329190850631126,10003.330526100925,-5578.148869957884
6,0.5,0.22046580278601857,0.5,0.5323368916367577,0.1,0.10526657001730788,1.5,1.7079653707716178,9942.974689175964,-5573.017677858392
7,0.5,0.14044453471922572,0.5,0.5041881788116298,0.1,0.10140686869427212,1.5,1.551697904367218,10052.428602038302,-5588.240964577634
8,0.5,0.1347972233373604,0.5,0.496387078944124,0.1,0.10628088915573479,1.5,1.7288919237531433,10086.542069799654,-5583.264904006592
9,0.5,0.12167536414953752,0.5,0.4604476818745363,0.1,0.09475847694894902,1.5,1.7007588749656264,10248.60378449156,-5569.767190358589
10,0.5,0.20786016815465266,0.5,0.5241021559605686,0.1,0.10345181005787155,1.5,1.7744791127325241,9955.117035218227,-5544.356301116837
11,0.5,0.23374678025234266,0.5,0.5329631515854735,0.1,0.09795675416379111,1.5,1.2725856082832614,10023.795268630874,-5568.397628320701
12,0.5,0.12620427067793843,0.5,0.5053980143097581,0.1,0.10338099642518249,1.5,1.6801891337880315,10026.751361766523,-5551.588794851136
13,0.5,0.13273502908709414,0.5,0.49296529349516505,0.1,0.09807717551184651,1.5,1.7767671626082115,10139.137319073705,-5570.285301752012
14,0.5,0.24154922001095308,0.5,0.5282609099362451,0.1,0.10570724804754993,1.5,1.5835572624380252,9984.905855254328,-5583.4928472543215
15,0.5,0.14893123766026628,0.5,0.4876592350775818,0.1,0.1012055786286496,1.5,1.628378860274272,10050.986206948743,-5577.004596904437
16,0.5,0.12506843551473104,0.5,0.5000868101693031,0.1,0.10395734199561138,1.5,1.6739166356830433,10033.333976625752,-5568.225996507958
17,0.5,0.0944895858568667,0.5,0.4588877545303665,0.1,0.09679786162100132,1.5,1.6839286943022802,10188.489182634981,-5570.188760457345
18,0.5,0.1787186400331197,0.5,0.508282265070458,0.1,0.1050536480917313,1.5,1.7536267528430372,9978.788690190891,-5588.529672186414
19,0.5,0.20545499248770346,0.5,0.5342404651754942,0.1,0.09815279266212301,1.5,1.2608462089410721,9999.321396760235,-5579.222904750673
20,0.5,0.14833084783184228,0.5,0.5414013982625104,0.1,0.09688256275561515,1.5,0.9897908021813411,10042.297756891592,-5600.1429696384785
1,0.5,0.14454308219757067,0.5,0.47272901837748693,0.2,0.1910350453229928,0.5,0.47559499655895265,10227.931510393835,-6015.190359857897
2,0.5,0.19050224116974482,0.5,0.5106529398490602,0.2,0.20150870978140906,0.5,0.5045925978946169,10027.112669264501,-6014.264845118388
3,0.5,0.16867563194867685,0.5,0.4973500995346059,0.2,0.19311609913610497,0.5,0.48114832964891013,10094.759607602567,-5954.948138322598
4,0.5,0.16153225003290883,0.5,0.5114048238397716,0.2,0.20429633138392275,0.5,0.5104630304256844,9993.23807242992,-6000.84918249287
5,0.5,0.2005112544766248,0.5,0.5500495409435966,0.2,0.20581050900953882,0.5,0.5580583849537322,9902.787901195823,-5999.655233868901
6,0.5,0.1933570211073031,0.5,0.5440788776934329,0.2,0.2085264359528118,0.5,0.46770062432678744,9874.48683224224,-5947.758704069259
7,0.5,0.2071498338729858,0.5,0.5194889363007668,0.2,0.2058692310394897,0.5,0.5693288439016165,9990.095758207483,-6019.606151062015
8,0.5,0.2042652830535686,0.5,0.513257773449283,0.2,0.20381558002543787,0.5,0.5281005269401957,9976.993239872498,-5981.985694156653
9,0.5,0.22492163952576014,0.5,0.5171148236874091,0.2,0.20336113712025305,0.5,0.5368811793354746,10043.004482742266,-5958.3297859869335
10,0.5,0.3094024105297115,0.5,0.5265380540824997,0.2,0.21053537079941556,0.5,0.6205193847852335,9964.830809276507,-6009.336768132666
11,0.5,0.15092528997594198,0.5,0.5106267903711389,0.2,0.20070105496103616,0.5,0.46665347951085134,10023.283443975859,-6011.75509754602
12,0.5,0.14945897153078488,0.5,0.5029010315301946,0.2,0.20902081044407222,0.5,0.5346070307747613,10028.665146608446,-6001.710180307339
13,0.5,0.14238365898223945,0.5,0.5465276492147984,0.2,0.20359698475503799,0.5,0.3989706466774155,9888.373158746792,-6011.694527899392
14,0.5,0.17541870213826483,0.5,0.5321741091644849,0.2,0.20040140851572183,0.5,0.3856659136620576,9881.984541601094,-5992.495997545151
15,0.5,0.15814318681164155,0.5,0.49443907852006547,0.2,0.20485696338403192,0.5,0.5864948954723515,10058.622879200157,-6013.674112717603
16,0.5,0.11077059459869738,0.5,0.4759895825403405,0.2,0.20033238625835945,0.5,0.5568207635034416,10128.149600263496,-5982.612899646612
17,0.5,0.032271870420447595,0.5,0.45999574225591777,0.2,0.18723180901199205,0.5,0.46687542094061063,10179.44758356562,-6005.233329261697
18,0.5,0.0992344704239664,0.5,0.5090478625751687,0.2,0.1943152459837693,0.5,0.4442408049573367,10024.922618157794,-6002.783191240851
19,0.5,0.10850635534655831,0.5,0.4922799387922094,0.2,0.20604029780191152,0.5,0.6551192778865322,10031.535646400258,-5991.0644003846555
20,0.5,0.2135268726155025,0.5,0.5330855074709199,0.2,0.2070966768123687,0.5,0.5116410544816401,9961.411822948601,-5978.4861992443275
1,0.5,0.20111974200809377,0.5,0.5506039650235801,0.2,0.2023003745462515,1.0,1.0702947256626456,9876.602030315635,-5985.407712776074
2,0.5,0.1739125035990626,0.5,0.5315855601328728,0.2,0.20211908943234727,1.0,1.0010206575934042,9953.185451245843,-5985.58346332397
3,0.5,0.22432534657510453,0.5,0.524564568397465,0.2,0.20413296877220893,1.0,1.100247258518522,10067.288877990137,-6006.1307276598345
4,0.5,0.22634813172542997,0.5,0.5490674126860643,0.2,0.20703213473016324,1.0,0.9958534658774094,9908.101177453347,-5999.191078251638
5,0.5,0.23649072001231675,0.5,0.5005759740865513,0.2,0.19134052268454918,1.0,0.9554022694766187,10101.52064491534,-6044.385021201708
6,0.5,0.20997546610331005,0.5,0.5196644723993025,0.2,0.20767836860709635,1.0,1.0270817515199973,10000.388136221045,-5994.171233663689
7,0.5,0.19860665303935815,0.5,0.5032664553594169,0.2,0.2089470049173405,1.0,1.1301382305919274,10051.901790841477,-6019.1841986170475
8,0.5,0.18821832173693856,0.5,0.5078263398421546,0.2,0.20840296827257035,1.0,1.1562756211475036,9979.651385489009,-6008.449258780368
9,0.5,0.23516937886254635,0.5,0.4862169625779847,0.2,0.18474316482875677,1.0,1.1007460202760349,10202.67726092796,-5997.65226200476
10,0.5,0.2021968582367808,0.5,0.5522417388739332,0.2,0.189302420681826,1.0,0.7801212901665041,9955.867950681926,-6023.985659894828
11,0.5,0.20508712790133313,0.5,0.5035845769940426,0.2,0.1993592329531995,1.0,0.9917565451901926,10131.837286278587,-6033.158470917951
12,0.5,0.19452658758722388,0.5,0.5116681452727133,0.2,0.20528589981217932,1.0,1.1299459777477654,10041.989577153574,-5992.709046506299
13,0.5,0.21396931196636942,0.5,0.5145374406124412,0.2,0.21037596471570214,1.0,1.1383856231785647,10003.912514687356,-5997.170379974425
14,0.5,0.2179731607182785,0.5,0.5205233092568299,0.2,0.20282891208977616,1.0,1.032297645252248,10037.316457700023,-5989.627181062972
15,0.5,0.1934790843575166,0.5,0.5100039880135616,0.2,0.21451641098691937,1.0,1.2213292307139298,9961.099940267255,-5989.758382791033
16,0.5,0.21981027642231762,0.5,0.5270745400002231,0.2,0.2053287094732743,1.0,1.0387342538678013,9973.35714500258,-6022.963703052097
17,0.5,0.1564596786122339,0.5,0.5004871458445913,0.2,0.20861762203963755,1.0,1.0134533561737475,10027.450691296091,-6024.46919357926
18,0.5,0.1836972515443683,0.5,0.5029222107854164,0.2,0.20290947943276785,1.0,1.1333787288232318,10028.349209490929,-5980.1014082028505
19,0.5,0.08396817239524228,0.5,0.5071124818047783,0.2,0.20144683264090726,1.0,0.9852046263240869,9977.362691323586,-5995.886932585232
20,0.5,0.08626735381223917,0.5,0.5121725272083915,0.2,0.20783946160148759,1.0,0.9457404465554965,10010.74798971748,-5973.2036485424105
1,0.5,0.22501332150843284,0.5,0.5484036810716386,0.2,0.20789737095085703,1.5,1.5255778769171422,9874.938288020185,-5992.248548438461
2,0.5,0.2072368424101691,0.5,0.5458103318942816,0.2,0.1896835238729825,1.5,1.1564913569384585,10014.55857905966,-5956.096563422712
3,0.5,0.22848463030208718,0.5,0.5089405977653157,0.2,0.2178139994972683,1.5,1.6744822938833133,10013.318783125123,-5997.217421891079
4,0.5,0.16148630501229927,0.5,0.5364666112138592,0.2,0.2012041371494265,1.5,1.4697687880750268,9914.242417929847,-5958.770534402547
5,0.5,0.1281139276724719,0.5,0.5464326240103349,0.2,0.19027573757553637,1.5,1.2446555939092137,9921.719625659865,-5963.529328925171
6,0.5,0.19497291051400437,0.5,0.5770046785518894,0.2,0.21693568389286283,1.5,1.3588603123033065,9768.775145818627,-6001.957907420462
7,0.5,0.17045320920269583,0.5,0.529815730298735,0.2,0.1986561415830529,1.5,1.362432411591236,10028.170638821812,-5982.131901440025
8,0.5,0.1859083608071086,0.5,0.5026319058137463,0.2,0.22019651913447563,1.5,1.6772952037410733,9986.411214690352,-5966.497091189714
9,0.5,0.20609219845693738,0.5,0.5292305901618611,0.2,0.20013692322146112,1.5,1.6357652563171021,9923.143338528436,-5980.162112326734
10,0.5,0.24981590923824012,0.5,0.5372861041223128,0.2,0.2017886883446768,1.5,1.499317888877433,10047.401834232543,-6008.116434213468
11,0.5,0.23691344839612868,0.5,0.5261725681022382,0.2,0.19951591846087294,1.5,1.4434568304247428,10013.658901419198,-5988.39039116435
12,0.5,0.21010110155150738,0.5,0.5365457664945302,0.2,0.20160679409713614,1.5,1.406724117833634,9933.800049903532,-5985.326815316819
13,0.5,0.22054486399728376,0.5,0.5171013720835845,0.2,0.20757112294727562,1.5,1.6324060446798772,10041.000369347808,-5969.549253780317
14,0.5,0.23856316161738128,0.5,0.5192609814614808,0.2,0.20443813158833132,1.5,1.6211023317056679,10010.2604586718,-5998.591656144692
15,0.5,0.15521519124001748,0.5,0.5041201857702498,0.2,0.20945986016862297,1.5,1.6379057123434566,9991.756434761524,-5960.224510506803
16,0.5,0.20485312594507737,0.5,0.5353158251873826,0.2,0.21366062153322862,1.5,1.5413507059720097,9910.236938547032,-5963.305460708638
17,0.5,0.17352870798003597,0.5,0.5148705820985954,0.2,0.2131946304862094,1.5,1.5978774100271436,9957.921864745711,-5970.861288022493
18,0.5,0.26276511632746447,0.5,0.5087842790983472,0.2,0.1900519756704342,1.5,1.5855202437282623,10058.701435400655,-5999.544402312895
19,0.5,0.222144026110568,0.5,0.5197837936164662,0.2,0.20756915821633976,1.5,1.718642231656574,9986.780421950873,-5987.233260238856
20,0.5,0.23181962024733527,0.5,0.5260647844754722,0.2,0.2048364629422416,1.5,1.5262642412758678,9942.042419392703,-5929.327946233224
1,0.5,0.13095496770106815,0.5,0.49739054733228133,0.3,0.301190279368909,0.5,0.48703119328698197,10073.834882594228,-5990.959149104907
2,0.5,0.13326885166011,0.5,0.5285131182459603,0.3,0.31862221824482545,0.5,0.427344412194933,9833.02401645409,-5973.603204970876
3,0.5,0.18090222694625357,0.5,0.5091293450362031,0.3,0.33142040251956945,0.5,0.5740935393477681,10010.74208601883,-5986.797205979161
4,0.5,0.24845854756589567,0.5,0.5317452249193428,0.3,0.30091664303351684,0.5,0.4425025203943812,10019.081526699436,-5972.773022462214
5,0.5,0.08629325513382861,0.5,0.5078468599115045,0.3,0.2892863864610486,0.5,0.4248068814194957,10050.332500332051,-5957.4884339468545
6,0.5,0.17898703089707793,0.5,0.5403086412079446,0.3,0.29748931082714186,0.5,0.42698842741754806,9917.279532715273,-5943.980111055925
7,0.5,0.19588342945203588,0.5,0.5231533944226936,0.3,0.3089884258670527,0.5,0.5282451727220864,9943.499454447034,-5967.690319716656
8,0.5,0.1999962770294087,0.5,0.5024314400653482,0.3,0.3143254531004774,0.5,0.5907892913879832,9970.044166825766,-5960.1681839612975
9,0.5,0.13521586878720634,0.5,0.5029848342909037,0.3,0.31934260396437025,0.5,0.5733085277110677,9955.747014897574,-5978.43897851959
10,0.5,0.27186401927881226,0.5,0.5240428324004088,0.3,0.29221286118397166,0.5,0.45124519887669223,10003.712344355252,-5952.139619662166
11,0.5,0.22812976812341512,0.5,0.4975086167242476,0.3,0.2993012150169638,0.5,0.5417749904895054,10115.061248419644,-5971.2038556652005
12,0.5,0.22596504375738455,0.5,0.5078653122010315,0.3,0.30012392385116565,0.5,0.5167288275828266,10062.888290961524,-5992.594407494995
13,0.5,0.23732555923744725,0.5,0.5422895861628874,0.3,0.3012064290033639,0.5,0.4582623379297902,9912.024223040693,-5974.934257921834
14,0.5,0.2256689633521635,0.5,0.5382247572461509,0.3,0.3053122719848634,0.5,0.44142472275666367,9897.813659068219,-5993.586904347799
15,0.5,0.22644290477491605,0.5,0.5558489953866474,0.3,0.3139021725166742,0.5,0.5212903369118912,9772.185222465647,-5983.7907680723365
16,0.5,0.18950912168289494,0.5,0.5296513501954729,0.3,0.30197256067475514,0.5,0.47819408884400316,9937.06644091101,-5950.684096903042
17,0.5,0.24155103676582418,0.5,0.5258102805712135,0.3,0.3133881366209951,0.5,0.5034506279276025,9913.137313506966,-5991.683086543341
18,0.5,0.22576283248228268,0.5,0.5149751073201811,0.3,0.2919950144507141,0.5,0.4472150219486198,10053.320881356265,-5961.026805856633
19,0.5,0.28347845832660457,0.5,0.5191851906711421,0.3,0.3114919726148875,0.5,0.5813860004604142,10021.601702424583,-5965.389214929686
20,0.5,0.22075063079052154,0.5,0.5282216021709762,0.3,0.29976271347185107,0.5,0.4778150745389328,10049.328705677755,-6000.5751459156545
1,0.5,0.2546329351020808,0.5,0.5084982710484953,0.3,0.3047968119047176,1.0,1.1101052148566684,10111.244602187247,-6066.329029000535
2,0.5,0.09096008978899303,0.5,0.5603051956270532,0.3,0.30841235989105953,1.0,0.8326786148406622,9749.529810377155,-6055.644958901826
3,0.5,0.2718276086655886,0.5,0.5149597347393348,0.3,0.2984374794531992,1.0,1.0781556921599738,9932.432663266753,-6098.963219684156
4,0.5,0.023097433915171668,0.5,0.5057196713347244,0.3,0.2951198476267369,1.0,0.9265265136966152,10012.192745639652,-6065.5731193637375
5,0.5,0.21682041653623293,0.5,0.5381789625294885,0.3,0.29387304036453366,1.0,0.9354496580271083,9986.526139878139,-6088.148110669656
6,0.5,0.2102710329992164,0.5,0.5050619185461563,0.3,0.3245341186013059,1.0,1.1818700754527112,10012.831465654208,-6079.751022383771
7,0.5,0.2051781067531807,0.5,0.49746278565991864,0.3,0.3099554628754556,1.0,1.1679747122377073,10045.086601877729,-6085.581620351932
8,0.5,0.12555785479949952,0.5,0.5533477782365469,0.3,0.2984334735306746,1.0,0.8169422183295947,9864.36868601036,-6057.749182590527
9,0.5,0.22151149467273074,0.5,0.5248303590817793,0.3,0.3053618683480851,1.0,0.9784080293265975,9960.679065445791,-6039.515306865302
10,0.5,0.20258103858807563,0.5,0.5268426292766749,0.3,0.28898733220851386,1.0,0.8853001200745694,10097.865252111003,-6060.163968934214
11,0.5,0.09327560161221511,0.5,0.4992573010052072,0.3,0.3152524212208812,1.0,1.1452598852585394,9982.381378861417,-6017.940411741106
12,0.5,0.17955819336396991,0.5,0.5816266808950213,0.3,0.32738578198531854,1.0,1.0280882406691907,9725.907608709496,-6063.608433898411
13,0.5,0.2216383094566186,0.5,0.5578338826675417,0.3,0.31222475446836145,1.0,0.8885522049020471,9835.577265279551,-6064.680322034739
14,0.5,0.2849916566499967,0.5,0.5262688358752695,0.3,0.3158532158386401,1.0,1.139783883331588,9920.786789707645,-6079.308639141758
15,0.5,0.15982789737423608,0.5,0.5569013626355838,0.3,0.2898880431089558,1.0,0.8202370308690609,9916.60378621558,-6057.690821049919
16,0.5,0.18119418762527814,0.5,0.5061897627570136,0.3,0.3133823117888455,1.0,1.0358519593073592,9987.189028614428,-6061.616662967038
17,0.5,0.24831135534993182,0.5,0.5175984388189392,0.3,0.3150528145459475,1.0,1.0536652489743128,9940.433334650794,-6015.863057282576
18,0.5,0.22444804663016865,0.5,0.5272557023963038,0.3,0.31582801139528116,1.0,1.0013930244428773,9934.434052026822,-6066.8376958449235
19,0.5,0.12216746674235952,0.5,0.5000136027349364,0.3,0.29122152686827113,1.0,0.9497411226817066,10061.70477599751,-6050.836802637674
20,0.5,0.1193237615446233,0.5,0.48796886602298095,0.3,0.30676374139330653,1.0,1.1406627851162714,10014.645451442964,-6035.78561309906
1,0.5,0.24114504507378046,0.5,0.5217117484497296,0.3,0.3319583481621028,1.5,1.6867163901347,9925.92359701559,-6100.383312534166
2,0.5,0.15592144461210983,0.5,0.4987069669622565,0.3,0.31746425890746593,1.5,1.5625675765602054,10000.558470100796,-6021.230445083953
3,0.5,0.2626127988188687,0.5,0.5337362817787238,0.3,0.3150587090840038,1.5,1.5341233860511003,9984.68514631243,-6066.298083965615
4,0.5,0.2345646301347066,0.5,0.5391555480165161,0.3,0.3071411325337504,1.5,1.4913950571995118,9901.624033499347,-6064.749822404781
5,0.5,0.26448391228854,0.5,0.5183720616849158,0.3,0.31299026805811725,1.5,1.6578201466112927,9983.291356549138,-6105.660245563959
6,0.5,0.24047432614445627,0.5,0.5281153675314532,0.3,0.2982609419960635,1.5,1.5728999902666192,10014.479056872093,-6103.63907960108
7,0.5,0.19001633892305841,0.5,0.5083789424678189,0.3,0.31108753891020896,1.5,1.5228712629639112,10046.62910553755,-6080.617617947736
8,0.5,0.2559064838334437,0.5,0.5180525296051663,0.3,0.3236727500162404,1.5,1.5999041579549822,10047.141373992194,-6081.151570117496
9,0.5,0.26198574260623214,0.5,0.5352252047555749,0.3,0.3047767754994806,1.5,1.5091019996050599,9963.543808957947,-6072.985144099881
10,0.5,0.24760586344983845,0.5,0.5163513623878564,0.3,0.3098465359393186,1.5,1.596123989072204,10015.456849208114,-6093.858963548655
11,0.5,0.22484671894883648,0.5,0.5326147753462618,0.3,0.31495770844824206,1.5,1.4634958911002598,9952.40526575411,-6054.673733928836
12,0.5,0.2336436956875821,0.5,0.5192265110942452,0.3,0.27807954712218175,1.5,1.3576075130412846,10063.399624900725,-6082.148733777788
13,0.5,0.05791997455193716,0.5,0.5331177966803111,0.3,0.26864494664785044,1.5,1.2998083213717833,9983.495729004144,-6043.340212790423
14,0.5,0.23299803838353061,0.5,0.5055705187686572,0.3,0.33491918353014444,1.5,1.6928404774565273,9951.864820363959,-6114.233648573108
15,0.5,0.19644812092038275,0.5,0.4953581686548207,0.3,0.3307314327854533,1.5,1.7259808556588823,10011.858972317963,-6091.53157785801
16,0.5,0.24459246465602155,0.5,0.50364268576936,0.3,0.3120170767133572,1.5,1.6588427584835101,10084.678549276623,-6076.409328919226
17,0.5,0.2297673201378507,0.5,0.5085874459148167,0.3,0.31770040668450283,1.5,1.5603725609415644,10048.248017372267,-6046.473612957122
18,0.5,0.21328254381713382,0.5,0.5185897802645872,0.3,0.3084109523151118,1.5,1.5749542198844935,10028.431386264881,-6080.296010140297
19,0.5,0.2123789451688191,0.5,0.5062721616452929,0.3,0.32053660877441065,1.5,1.6455070277915675,10085.602590667662,-6034.5964042615715
20,0.5,0.1951463790508431,0.5,0.5545057749111877,0.3,0.2904840601419075,1.5,1.3225564828114367,9919.32521787917,-6064.012779590761
