Sim,F_true,F_est,Nu2_true,Nu2_est,T_true,T_est,M21_true,M21_est,Theta,Loglik
1,0.5,0.5127920064204069,0.1,0.09255207653112203,0.1,0.08792807086172477,0.5,0.3565280746192271,9994.423527926483,-5439.280022223724
2,0.5,0.45595263434003785,0.1,0.09935852100526796,0.1,0.09853601104745176,0.5,0.3723957191810029,9986.114067921355,-5433.706960594473
3,0.5,0.5245776350406383,0.1,0.10383986152475051,0.1,0.10032600750633419,0.5,0.4498909439980696,9995.107487481702,-5409.419575982357
4,0.5,0.32304492974625704,0.1,0.09622387060594866,0.1,0.09658631832775029,0.5,0.5148765386931152,9932.07008513876,-5406.189604231472
5,0.5,0.4783686071294497,0.1,0.09496413911408932,0.1,0.0982570967108949,0.5,0.5613340032069897,10079.713154639478,-5468.313475975228
6,0.5,0.6112479234170468,0.1,0.09737709036686482,0.1,0.09850534836311098,0.5,0.6056444958764549,10036.816295429928,-5420.361741662043
7,0.5,0.3494632268551455,0.1,0.10701038720175753,0.1,0.1067924403343662,0.5,0.47415154925190023,9814.461343322146,-5440.1642800051195
8,0.5,0.4577458621272192,0.1,0.09885025433970612,0.1,0.09755887762810127,0.5,0.467129356913236,10005.887362672034,-5427.333182806767
9,0.5,0.4771676095966713,0.1,0.10031752558991765,0.1,0.09881243054197217,0.5,0.45569915452859194,9963.103638280867,-5449.278895592263
10,0.5,0.48540539559020457,0.1,0.0991087798759859,0.1,0.0975108112816057,0.5,0.4977109532359787,9997.143731712957,-5462.439091742794
11,0.5,0.40686784876223486,0.1,0.09896144397108317,0.1,0.09868472097018839,0.5,0.40069548918141895,9943.633571838121,-5467.199331014262
12,0.5,0.48164369577768246,0.1,0.09468012458536341,0.1,0.0955770188867904,0.5,0.46300007295422335,10029.777669623209,-5451.601297910908
13,0.5,0.45532360172580105,0.1,0.10231551801598401,0.1,0.1016161478804814,0.5,0.4319745498798043,9912.710526518416,-5455.28356120629
14,0.5,0.53061246386608,0.1,0.10131523441499544,0.1,0.10034925742171888,0.5,0.5935107145995736,9928.698444563011,-5452.080331538175
15,0.5,0.45154321312004847,0.1,0.10075147727089602,0.1,0.10273769970000447,0.5,0.5365230394305653,9929.525985462444,-5421.946458765851
16,0.5,0.3566746141522777,0.1,0.09382190502412975,0.1,0.09240860720413768,0.5,0.4380388445575861,10081.451556619892,-5452.185945637139
17,0.5,0.44339074092403835,0.1,0.0980108598565497,0.1,0.09864602660766729,0.5,0.4944738151468932,10002.296236664502,-5442.65456626625
18,0.5,0.5716855547862105,0.1,0.09844948194785584,0.1,0.09979444030585866,0.5,0.5363172116397482,9946.511726341478,-5450.428033509334
19,0.5,0.41778593152372867,0.1,0.09592398770194138,0.1,0.0916146317263327,0.5,0.3505138032528089,10027.482886401613,-5443.364647094821
20,0.5,0.5145954125770786,0.1,0.101007187261637,0.1,0.09596836540885786,0.5,0.388093750878595,10021.274383689903,-5460.364823680972
1,0.5,0.509135250629316,0.1,0.09666362791654104,0.1,0.09308491648849782,1.0,0.8720907333935823,10026.84018656198,-5551.476958017074
2,0.5,0.40837042185838757,0.1,0.09860857019492447,0.1,0.09837634817021593,1.0,0.9325498921194885,9982.74690790525,-5560.821675927247
3,0.5,0.4045150781777664,0.1,0.098077709713746,0.1,0.09676953483371051,1.0,0.9120131287207043,10003.847114189297,-5568.417241155584
4,0.5,0.47488460501682056,0.1,0.10917980203391699,0.1,0.11124197737323305,1.0,0.9780434869900876,9878.517294971034,-5575.432345709916
5,0.5,0.5283145373287085,0.1,0.09353730352089432,0.1,0.09217819017398253,1.0,1.029256231656309,10072.41493155661,-5570.06225900933
6,0.5,0.5336784763917093,0.1,0.09615864679903913,0.1,0.09447445360035778,1.0,0.8921764459916237,10029.494988409151,-5564.720323354982
7,0.5,0.43558023432885684,0.1,0.10267399736660951,0.1,0.10730615142520025,1.0,1.213542220075981,9895.567542134579,-5570.079602196694
8,0.5,0.45418266339788194,0.1,0.09647307900343818,0.1,0.09614549705132704,1.0,1.214126716156423,10044.659499489551,-5560.748991187771
9,0.5,0.4665325224806977,0.1,0.0961171200237675,0.1,0.09544551076159886,1.0,0.9553998843720376,9973.339473660073,-5515.898942855558
10,0.5,0.4596077919787171,0.1,0.10164694090976661,0.1,0.10091622497109246,1.0,0.9709466742622187,10005.30341878893,-5536.822445093247
11,0.5,0.3950720238769753,0.1,0.09291363428838222,0.1,0.0983810612102533,1.0,1.079619638809193,9945.055264728373,-5536.6955664318675
12,0.5,0.4117939543398166,0.1,0.09728036004026024,0.1,0.09601652360062715,1.0,0.8493911422735071,10006.042489888943,-5507.365716185252
13,0.5,0.5189805400004458,0.1,0.08884687751260403,0.1,0.09347916734570158,1.0,1.1347059892199314,10041.17954920011,-5516.335193722569
14,0.5,0.40474495533488986,0.1,0.09556943651383275,0.1,0.09860299577800993,1.0,1.0013648887369286,10004.174739375914,-5542.2029815274855
15,0.5,0.6077257807504132,0.1,0.10606848231303335,0.1,0.09959035702124328,1.0,0.8438830601206273,9909.118476816615,-5543.252062019889
16,0.5,0.47981133731007464,0.1,0.09738352638937436,0.1,0.09588766237514303,1.0,0.9494416695864807,10041.090347344112,-5513.20802809246
17,0.5,0.5741805983535626,0.1,0.09778077361795637,0.1,0.10250097678151074,1.0,1.1742424564845162,10000.210132742484,-5535.253192634433
18,0.5,0.5094181651258715,0.1,0.09395931085746477,0.1,0.09488849762751318,1.0,1.0979755947379586,9945.52420433768,-5531.525628119602
19,0.5,0.37852935805101584,0.1,0.10152908112769284,0.1,0.09651336360842384,1.0,0.726629041456297,9955.36680145299,-5562.206446976856
20,0.5,0.4945960243486825,0.1,0.09704458647459638,0.1,0.09724841726656994,1.0,1.0741344606428256,10055.945622470983,-5563.5369718013935
1,0.5,0.41689120280037617,0.1,0.09806938428626591,0.1,0.09984445391422127,1.5,1.380319216692133,10009.511774039347,-5587.358932973897
2,0.5,0.45359475673059024,0.1,0.09394671687257558,0.1,0.09037691705654488,1.5,1.4594158729691127,10108.010454776451,-5648.4929504176525
3,0.5,0.4794305121785428,0.1,0.09609188754603742,0.1,0.09354048160637571,1.5,1.3165607379226452,10088.808017441223,-5597.33250197414
4,0.5,0.4826836305672627,0.1,0.10203499806462525,0.1,0.09846829712165335,1.5,1.3987718153144906,9957.676981747547,-5614.795838548174
5,0.5,0.5308462935585607,0.1,0.09909938096983366,0.1,0.10032407663607996,1.5,1.481213481988113,9970.050785603635,-5613.17981618968
6,0.5,0.4469924089432491,0.1,0.11094168762776709,0.1,0.10914111087049125,1.5,1.3804013622622195,9926.525709684165,-5643.367085814116
7,0.5,0.437318815482419,0.1,0.09609459704721005,0.1,0.09648089023014599,1.5,1.5635516060429209,9993.207640344453,-5606.766518781966
8,0.5,0.5284550231449084,0.1,0.10211603783657175,0.1,0.10061164652206826,1.5,1.4061490465496813,9996.93108614117,-5603.268792379637
9,0.5,0.4547983946831645,0.1,0.09970704253003504,0.1,0.09796856867414352,1.5,1.3237518798181753,10011.927926665008,-5611.622423697042
10,0.5,0.46587106355613833,0.1,0.10048587311073853,0.1,0.09847769800362455,1.5,1.4928295690991864,9981.27507874669,-5608.75334098666
11,0.5,0.40271813688795344,0.1,0.10514801836420394,0.1,0.10278031092807888,1.5,1.391895608253621,9933.14444770387,-5627.47203416928
12,0.5,0.5637424678039843,0.1,0.1031784025802198,0.1,0.10402577181947492,1.5,1.3651434198852566,9993.858227228457,-5627.362827702485
13,0.5,0.4012475747864984,0.1,0.09894434910239608,0.1,0.09584873775751605,1.5,1.4558212528007841,10000.671873253174,-5629.241267280149
14,0.5,0.45957815970836774,0.1,0.10478435417427054,0.1,0.1024861204755416,1.5,1.455230105956183,9995.856673979857,-5601.158771992806
15,0.5,0.4627569404578044,0.1,0.1056819866031811,0.1,0.10063960845543332,1.5,1.3149979084507795,9941.757423817762,-5614.466085160023
16,0.5,0.46667400380649515,0.1,0.1004671615662783,0.1,0.09618189193769751,1.5,1.3582917103737244,9971.730234683293,-5604.938491816568
17,0.5,0.44284458288162537,0.1,0.10573208351130643,0.1,0.10025652488537559,1.5,1.253505069594418,9961.7732244661,-5599.190710427114
18,0.5,0.4376788109101393,0.1,0.09387158849025942,0.1,0.10009821926460091,1.5,1.4689413644494909,10039.472270480428,-5630.1165550019305
19,0.5,0.47634823682456023,0.1,0.09741566380841145,0.1,0.08907963269572916,1.5,1.3180383203283403,9960.715587134993,-5595.721061906703
20,0.5,0.5128210822402728,0.1,0.1005521815217177,0.1,0.09629660360849251,1.5,1.396338588947975,9930.6170667103,-5641.030988815186
1,0.5,0.48486205354337514,0.1,0.10033132460736754,0.2,0.19939466713986362,0.5,0.4651251015444654,9925.015566775855,-4635.765001485361
2,0.5,0.4625514383252077,0.1,0.09894199894453203,0.2,0.1882315540372694,0.5,0.497356107374461,10012.271575736315,-4630.563425980307
3,0.5,0.467285838453289,0.1,0.10057041359617847,0.2,0.20543798646474212,0.5,0.5336725266641092,9946.946737313809,-4650.363056027265
4,0.5,0.528676544317764,0.1,0.10284768027476068,0.2,0.1925672353300839,0.5,0.4512139535361652,9975.098846238961,-4634.027457543891
5,0.5,0.37042430466098963,0.1,0.09746578972444238,0.2,0.19129733377599645,0.5,0.48552739620286106,10009.072448544455,-4637.18655307593
6,0.5,0.43024084545088864,0.1,0.09748954852553689,0.2,0.19556129645005094,0.5,0.47745590865596826,10027.68615470212,-4595.844515878833
7,0.5,0.4738441845671202,0.1,0.10103505694083043,0.2,0.19241338310344586,0.5,0.4659346686838157,9989.43347314044,-4644.770466475197
8,0.5,0.4586563409501009,0.1,0.10255091698841018,0.2,0.2109836959394556,0.5,0.48240637205297543,9920.674141264613,-4611.117859071964
9,0.5,0.48060742730367656,0.1,0.10162045801050688,0.2,0.20382723196411434,0.5,0.424785567326448,9980.196069335714,-4645.821579527426
10,0.5,0.42613598627348526,0.1,0.09843784978030265,0.2,0.19891960980199405,0.5,0.4237860580342251,10035.584195640065,-4642.52830545561
11,0.5,0.508939931398965,0.1,0.09742716953486157,0.2,0.20103874586741155,0.5,0.4979208063458546,10030.080985816747,-4619.10275776613
12,0.5,0.5121607745033219,0.1,0.1069135049450059,0.2,0.22633007441640693,0.5,0.5403110853902628,9962.808861716409,-4663.28436436931
13,0.5,0.3977671837226243,0.1,0.09482753756431785,0.2,0.1906085326557796,0.5,0.4749543769658601,10005.112041059028,-4665.474328392727
14,0.5,0.4931248406699123,0.1,0.09880020758007199,0.2,0.19591945156308666,0.5,0.4396662695496054,10085.078741653206,-4624.308568400472
15,0.5,0.30273995988360625,0.1,0.09490664086040172,0.2,0.18962567032482536,0.5,0.5218851039152335,9998.777457580974,-4627.020225489611
16,0.5,0.4710347821763539,0.1,0.1026192811609321,0.2,0.20908376598063616,0.5,0.49526446637878846,9981.125082137729,-4611.894169658464
17,0.5,0.48193812678618814,0.1,0.10143859513148092,0.2,0.20639953478577647,0.5,0.45836901290389914,9905.388623543467,-4633.4458731873265
18,0.5,0.36610509923089485,0.1,0.09853922320167892,0.2,0.19143785157911775,0.5,0.42154668291502123,10021.99764334314,-4649.599619380577
19,0.5,0.3881724820950721,0.1,0.10444197337804277,0.2,0.195284461056443,0.5,0.4027973817357678,9981.058750202825,-4644.19273566289
20,0.5,0.5101195700177645,0.1,0.10057473526004221,0.2,0.20798656712754807,0.5,0.5768630452661402,10018.263639395143,-4648.435012735114
1,0.5,0.5048561949305703,0.1,0.10607472625701639,0.2,0.20810271220982418,1.0,0.9142400173571615,9890.856782128658,-4959.414044110469
2,0.5,0.47756174407839774,0.1,0.10178473668340343,0.2,0.20607359376546291,1.0,0.9795456349836581,9945.765689360356,-4939.16093615216
3,0.5,0.5209730275465377,0.1,0.09592481631881054,0.2,0.20502235360149876,1.0,1.1306477359275904,9933.334052217799,-4982.734244692507
4,0.5,0.36516193740956726,0.1,0.0936183978432235,0.2,0.1957482996528372,1.0,1.1322003595610861,10020.510465440333,-4978.953639127433
5,0.5,0.5198916650358559,0.1,0.09724836521606181,0.2,0.19533495266867384,1.0,1.0164229986385869,9946.66710574611,-4992.109351372594
6,0.5,0.40672123352310585,0.1,0.10237586940019172,0.2,0.21247182483718066,1.0,1.0441364087974643,9930.619024661737,-4955.361564158673
7,0.5,0.4007119296663425,0.1,0.09799443775484382,0.2,0.19189905168575738,1.0,0.8788214265937933,10017.178966494617,-4970.456566622683
8,0.5,0.4983338756091409,0.1,0.10078786926421028,0.2,0.21084691625692853,1.0,1.0363398956010812,9949.297863788339,-4979.573993347761
9,0.5,0.4787790423431938,0.1,0.09584540884701294,0.2,0.19434749149119965,1.0,1.0174554321636295,10045.815403743314,-4963.126918545169
10,0.5,0.44900322635796047,0.1,0.09824991660297792,0.2,0.18774204605732386,1.0,0.8618430343443936,10019.154115942978,-4979.828150169485
11,0.5,0.4743060037121301,0.1,0.10671074580814197,0.2,0.22172104571204948,1.0,0.990456776590485,9906.967783616223,-5014.99676916779
12,0.5,0.4493247069579777,0.1,0.10287567722929054,0.2,0.19936120171912805,1.0,0.8427592091949109,9992.973297471606,-5000.288536544873
13,0.5,0.35225110485293365,0.1,0.10676691643084095,0.2,0.20781497413252287,1.0,0.8969329651795065,9926.971663448317,-5029.6706726498405
14,0.5,0.47207414993896213,0.1,0.09652732466640963,0.2,0.19799849759563035,1.0,1.0408259684065506,9865.745880511522,-4969.571996789139
15,0.5,0.44211652294321435,0.1,0.10146518873720671,0.2,0.20216124935567034,1.0,0.9791037438903235,9991.719873168433,-4992.538803520078
16,0.5,0.3158781683639169,0.1,0.09996838496257836,0.2,0.19205669385787646,1.0,0.9110704888426022,9973.192750429373,-4990.035389447936
17,0.5,0.49729604817897266,0.1,0.09531671359397292,0.2,0.212497383602347,1.0,1.1954592435249984,9991.11092781394,-5000.44796310171
18,0.5,0.5110852821549065,0.1,0.09630909029542613,0.2,0.19871862856328548,1.0,1.0586758492873354,10004.705634435348,-4996.994096956246
19,0.5,0.3575363165812964,0.1,0.1037389763803161,0.2,0.21586055708519394,1.0,1.0145488174638921,9872.781965136333,-4973.860313866547
20,0.5,0.2985936347078865,0.1,0.09465403565374222,0.2,0.18116588759557897,1.0,0.9208684492605613,10150.267835815885,-4998.052826360683
1,0.5,0.45861338684992975,0.1,0.09830508556650121,0.2,0.19950014602738297,1.5,1.4894521325539762,9954.061321744704,-5228.233945596133
2,0.5,0.5064816506064275,0.1,0.09562654039840249,0.2,0.21142279930675936,1.5,1.7182397653996462,9990.283987492741,-5199.134336371357
3,0.5,0.473239462092182,0.1,0.09863410900138977,0.2,0.19318277203318573,1.5,1.449050034222458,10034.027206583572,-5184.1126730456845
4,0.5,0.5582000337339491,0.1,0.09809833663150454,0.2,0.19033341256545638,1.5,1.6074175061688167,9979.365792271301,-5235.406965897568
5,0.5,0.4848750377818561,0.1,0.09844160109356957,0.2,0.20148632857118304,1.5,1.51343558230007,9941.77157358836,-5216.414119127356
6,0.5,0.520598119355467,0.1,0.1015396327942178,0.2,0.2082521738955196,1.5,1.4939581726958975,9988.000349708982,-5206.087941554639
7,0.5,0.428686904497863,0.1,0.09514533145923865,0.2,0.208407212864914,1.5,1.59926536223064,10055.329511218119,-5235.279201249604
8,0.5,0.5633013454087931,0.1,0.115883874569739,0.2,0.23075977823757074,1.5,1.264504222149032,9809.753805840035,-5234.854923024142
9,0.5,0.4609368872298507,0.1,0.097865489999227,0.2,0.19708763903147614,1.5,1.4599899600540007,9936.75827691231,-5222.21961162975
10,0.5,0.3958935554556688,0.1,0.0974256421905661,0.2,0.19294549307878983,1.5,1.4933751678088303,9964.454750342818,-5194.2264539143625
11,0.5,0.46981576491014804,0.1,0.1000237372057299,0.2,0.18024606841492877,1.5,1.3030760361374678,9981.958897065313,-5230.123277172066
12,0.5,0.5318640971710596,0.1,0.0988746598394157,0.2,0.22739283886829892,1.5,1.711598804261563,9910.612182560972,-5245.674584969278
13,0.5,0.5389619958591545,0.1,0.09491534065834549,0.2,0.1997687261333453,1.5,1.5876167788382376,10094.267251744272,-5196.946174172435
14,0.5,0.5991615300100818,0.1,0.09417156450720379,0.2,0.19450992020988725,1.5,1.6137385248886964,10040.146342021304,-5219.153536464565
15,0.5,0.47353840524865287,0.1,0.10652967280122655,0.2,0.18378197124471277,1.5,1.2733124386223915,10026.89960422491,-5235.248529957264
16,0.5,0.3721253032756625,0.1,0.0976709315149555,0.2,0.18515865308278007,1.5,1.4461137474746604,9993.935645168749,-5227.157897748623
17,0.5,0.37034916491676534,0.1,0.09484753631933601,0.2,0.20136361948664508,1.5,1.6120902237734949,10057.449997466372,-5211.288708655478
18,0.5,0.4592170153890021,0.1,0.10011057639979278,0.2,0.19030205148556187,1.5,1.4287645613066688,10002.259094405876,-5212.013085470515
19,0.5,0.5117677780887783,0.1,0.10233977373057938,0.2,0.2159933858816511,1.5,1.5562083176034722,9919.162950652664,-5213.099649685926
20,0.5,0.4227683641975333,0.1,0.09778751079895764,0.2,0.18913067327051955,1.5,1.4853538321026272,9987.93824450088,-5187.015803776938
1,0.5,0.5181557419682051,0.1,0.10281452429722605,0.3,0.3297847513691593,0.5,0.5406171847090756,9934.066824756963,-4134.41200950102
2,0.5,0.46972402904859256,0.1,0.10118396621760098,0.3,0.3284536601744518,0.5,0.4988705062386348,9964.113808848542,-4125.111537934064
3,0.5,0.43496185159584494,0.1,0.10653651278114488,0.3,0.2968650201852,0.5,0.4067969052072671,9990.369531793,-4110.620026647559
4,0.5,0.48504997448421233,0.1,0.10042588780770537,0.3,0.2976908519771667,0.5,0.4784782348987771,9974.455919589274,-4134.80939458433
5,0.5,0.500098408974727,0.1,0.10272990611141931,0.3,0.3140221043273553,0.5,0.4985056714935961,10011.454986158004,-4090.7683136776523
6,0.5,0.48594128889391247,0.1,0.09952391326373718,0.3,0.30533811301382785,0.5,0.4902574618443808,9973.776759981683,-4068.593375761009
7,0.5,0.4797517901323597,0.1,0.09953761239063796,0.3,0.3066953567016897,0.5,0.489722342825807,9931.654239398282,-4103.667900022405
8,0.5,0.35100073636407764,0.1,0.0958114618586631,0.3,0.3040918307359363,0.5,0.49026067636229,9977.621616330316,-4111.635251738667
9,0.5,0.4268894100907901,0.1,0.10233445521216818,0.3,0.3035764016689042,0.5,0.42374937226859577,9905.162290233955,-4112.547769788673
10,0.5,0.4302684732748407,0.1,0.10006362266999447,0.3,0.30870169947600246,0.5,0.4807246232470665,9958.28720135868,-4058.4647641362008
11,0.5,0.5457513406276301,0.1,0.09487895505180868,0.3,0.31172293181755895,0.5,0.5816988557547342,10062.793978081447,-4106.469423561966
12,0.5,0.5497421502320895,0.1,0.08982642222959088,0.3,0.3081293870993179,0.5,0.5715137982669098,10089.525092008025,-4124.395681438109
13,0.5,0.48003250821381466,0.1,0.09805697434447633,0.3,0.309989338273486,0.5,0.5168215719163407,9940.637163540223,-4090.0913448364568
14,0.5,0.4453990156538904,0.1,0.09951632351786799,0.3,0.2922332211287631,0.5,0.43999009523230626,9950.8809615633,-4085.2619350381246
15,0.5,0.5352978805085937,0.1,0.10638287368156615,0.3,0.33190986693740226,0.5,0.4584708942105417,9943.2087717205,-4145.828115843317
16,0.5,0.4813068930374005,0.1,0.09583329033208028,0.3,0.28817274028896556,0.5,0.47848177227237715,9983.258762739255,-4077.3932930418855
17,0.5,0.46744486047129646,0.1,0.09377045823789829,0.3,0.2986630406948231,0.5,0.5414241514659969,9967.09652193579,-4113.94490924096
18,0.5,0.3809598342057168,0.1,0.10045652492716713,0.3,0.3260073727958401,0.5,0.5248326429212398,9906.403342616893,-4124.138927225552
19,0.5,0.4548137067029285,0.1,0.1023110895671794,0.3,0.2970643102386635,0.5,0.45903802286213025,9947.036855247077,-4109.149616440263
20,0.5,0.5112795487941147,0.1,0.10004118645642793,0.3,0.30834680778482093,0.5,0.4818383509331358,9957.898872211912,-4099.094466951539
1,0.5,0.5096690183415793,0.1,0.10177826502681375,0.3,0.29806736923356314,1.0,0.9571411090951351,10010.90756959359,-4702.429723473337
2,0.5,0.30788706949761335,0.1,0.09961706185953914,0.3,0.282796237159302,1.0,0.9127568662178263,10024.186578777286,-4714.01995395219
3,0.5,0.45577546084528336,0.1,0.09931713155550076,0.3,0.29389554062843337,1.0,0.9354640450535304,9993.556095453427,-4701.761826548229
4,0.5,0.48553727837209265,0.1,0.09813894580317332,0.3,0.28465287617085094,1.0,0.9173386042187754,10065.67172848631,-4713.698102306456
5,0.5,0.45883922744709355,0.1,0.09782500165992983,0.3,0.31800997562821065,1.0,1.0368505555080816,9947.322017577444,-4713.058258976511
6,0.5,0.5258061818430589,0.1,0.0969527672874517,0.3,0.2988380231317076,1.0,1.0066460474514538,9958.133867804198,-4700.500941737313
7,0.5,0.41787321897336455,0.1,0.0920218347327464,0.3,0.32197318816664716,1.0,1.0984686895095206,10033.551305669802,-4708.678849950695
8,0.5,0.4951475496716294,0.1,0.10078157750470683,0.3,0.2819740543792174,1.0,0.9155512443744531,9986.701406402428,-4691.536899156992
9,0.5,0.46155383901980607,0.1,0.09586137924698451,0.3,0.29598692817725464,1.0,1.0662855814402392,10003.2603240442,-4720.493328996545
10,0.5,0.4818046161383333,0.1,0.0896586988343932,0.3,0.28322755736913385,1.0,1.129599283720006,10105.23966508105,-4693.725286829964
11,0.5,0.491115540543027,0.1,0.10162213399882802,0.3,0.30614199076099924,1.0,0.9703605088690344,10050.508426374203,-4715.243283616747
12,0.5,0.4122754108566272,0.1,0.1046537281274605,0.3,0.28367682045162596,1.0,0.9133460095325443,9977.261149586411,-4721.781397525375
13,0.5,0.366562253000668,0.1,0.09261289592743327,0.3,0.30428070584446815,1.0,0.9964733009841992,10066.621973178628,-4735.040735866495
14,0.5,0.4662616619944247,0.1,0.09775210115555263,0.3,0.29675449877570925,1.0,0.9893484150873771,10000.493593898853,-4702.399715000201
15,0.5,0.49830084959523596,0.1,0.09504168223662617,0.3,0.29942027474031235,1.0,0.9911288388979416,9997.575007430363,-4695.601634131974
16,0.5,0.47651182472109177,0.1,0.09707527043499377,0.3,0.31072159906004393,1.0,1.0471451135941665,9981.538536757369,-4710.465935776208
17,0.5,0.5028412580727883,0.1,0.09813525189711214,0.3,0.30229104573447324,1.0,1.013594654801815,10016.371737865182,-4717.3675355453925
18,0.5,0.45141981987734026,0.1,0.09854909914602102,0.3,0.30442446493478326,1.0,0.9846659357307528,10039.876894914698,-4704.621920284419
19,0.5,0.5768065633575239,0.1,0.11308037670053422,0.3,0.297165741446075,1.0,0.9093250695694423,9858.80823796828,-4709.30591121014
20,0.5,0.4180077425986525,0.1,0.1016261775440355,0.3,0.28953820672586755,1.0,0.9275409691907516,9992.024665370247,-4696.1332607184795
1,0.5,0.47369801884260326,0.1,0.10008966530593241,0.3,0.29181610147279896,1.5,1.448509009688821,9981.531258169196,-5069.883592622273
2,0.5,0.4437219321604074,0.1,0.0993194823658283,0.3,0.3074518190595847,1.5,1.46574598127021,9970.712309837094,-5099.214554548615
3,0.5,0.5147785675368383,0.1,0.10097561150641621,0.3,0.29055006070855127,1.5,1.4612197717093618,10079.741857811952,-5077.859895309763
4,0.5,0.49510374335533763,0.1,0.09228049324031107,0.3,0.2937281268134831,1.5,1.6453586499286945,10105.467907617376,-5069.488571645375
5,0.5,0.45230698843278055,0.1,0.09633609933537962,0.3,0.30053466359454106,1.5,1.5571928977140346,9910.792502506196,-5056.243728040612
6,0.5,0.37580101482885697,0.1,0.10260841834093681,0.3,0.3206961270542009,1.5,1.4841096802498785,9861.032749523452,-5069.191411879348
7,0.5,0.5357602778023577,0.1,0.10284402880602167,0.3,0.3078256060220612,1.5,1.4706306009446237,9946.972070733276,-5061.181614931767
8,0.5,0.41376199772604366,0.1,0.10018019232704975,0.3,0.3001966485041819,1.5,1.4039501613107952,10011.496185180447,-5085.5229099704675
9,0.5,0.5372979416585958,0.1,0.1023894031572158,0.3,0.3018403129057187,1.5,1.4178324557779258,10023.763447408443,-5085.051617654915
10,0.5,0.4891886186608698,0.1,0.096599145142031,0.3,0.3051448351876451,1.5,1.5597677891366746,9969.246784605908,-5073.464604120012
11,0.5,0.48645824314949965,0.1,0.09936871198593078,0.3,0.31167274188817184,1.5,1.5681675896567675,9985.3960657939,-5043.167935541689
12,0.5,0.5313222975654618,0.1,0.10240337841510284,0.3,0.3410244205001625,1.5,1.5101365840811274,9955.068061094486,-5082.422555498361
13,0.5,0.478116954201356,0.1,0.09957327530889286,0.3,0.2895954651101614,1.5,1.4733860467604285,10055.312406879219,-5075.941013786985
14,0.5,0.4994840372537622,0.1,0.09757451464948602,0.3,0.31077199404076794,1.5,1.5301235985944635,9963.783190343596,-5082.481318751528
15,0.5,0.5173624511902865,0.1,0.10278208171924569,0.3,0.2805720704191757,1.5,1.458360417334237,9932.258026246687,-5068.371130144306
16,0.5,0.5053251506127744,0.1,0.09689954862581482,0.3,0.30069676234314563,1.5,1.5204756875225498,9998.817009405255,-5071.469475030643
17,0.5,0.499299532053898,0.1,0.09928743062394443,0.3,0.29970027670649185,1.5,1.4851737913941219,9996.464393585089,-5031.066587873496
18,0.5,0.4601888551444192,0.1,0.09622773382140705,0.3,0.2884081966194571,1.5,1.566597488199866,10121.1853211771,-5081.763181256741
19,0.5,0.46555039683421806,0.1,0.09824284640527549,0.3,0.2789771310170235,1.5,1.455154868655763,10005.264326541519,-5068.531990171214
20,0.5,0.4899010752689193,0.1,0.09796369120635613,0.3,0.26284979168405237,1.5,1.3626143372472685,10032.177284050318,-5078.154560053763
1,0.5,0.502821954371706,0.25,0.24243244746424028,0.1,0.09631403954741846,0.5,0.5999470094935915,10080.004537779965,-5840.987443455054
2,0.5,0.47449842770700323,0.25,0.23564280691504635,0.1,0.09427790012386837,0.5,0.3973937808046026,10053.876200223782,-5858.82219965837
3,0.5,0.502213574548491,0.25,0.24782749125501238,0.1,0.1022209477638824,0.5,0.6205092409184572,9992.9145219667,-5866.626365610149
4,0.5,0.5283055936450873,0.25,0.23592827367279168,0.1,0.09816749253679859,0.5,0.8245448834468464,10050.214130046994,-5839.651154493875
5,0.5,0.5086665889921986,0.25,0.24257122223640018,0.1,0.09627757920869505,0.5,0.5100859315361553,9981.297923636826,-5836.551945822689
6,0.5,0.5221333911004201,0.25,0.24676190057511643,0.1,0.0989643376946972,0.5,0.37457736990240936,10065.906040539758,-5867.456930522725
7,0.5,0.4997015202680903,0.25,0.2575277509874054,0.1,0.09907178383327557,0.5,0.35028923327442935,10029.115264388809,-5833.820203793457
8,0.5,0.5103081939139066,0.25,0.2544626093454225,0.1,0.09780306394233627,0.5,0.2785482286490872,9920.845498850795,-5854.895229454942
9,0.5,0.5315718683632297,0.25,0.22570423063166464,0.1,0.09203049443137615,0.5,0.4885683640169083,10111.362212464555,-5853.589901004777
10,0.5,0.42343272348364885,0.25,0.23839527963888613,0.1,0.09873165236841032,0.5,0.6439474615882191,9979.417491489217,-5834.780101707569
11,0.5,0.5097942297896626,0.25,0.24127226191307394,0.1,0.10195885293955526,0.5,0.6255089930416387,10016.462849203837,-5831.367790502586
12,0.5,0.5048644404744951,0.25,0.22951885213475187,0.1,0.09449630847528204,0.5,0.7256021918939017,10068.473002383376,-5875.3476595610555
13,0.5,0.5900980173753301,0.25,0.2496607768648091,0.1,0.09769565226169591,0.5,0.5558232375966748,10084.673071802308,-5869.484128849569
14,0.5,0.4867962013612319,0.25,0.2398928827184083,0.1,0.09514390532448662,0.5,0.47957772096303747,10030.546948325378,-5872.4419361274695
15,0.5,0.45941251318911464,0.25,0.22976772421699593,0.1,0.09513880224041613,0.5,0.5328903254273366,10133.087991722925,-5840.782462246711
16,0.5,0.5087657145146963,0.25,0.24513233551358315,0.1,0.10443846290431158,0.5,0.6826387445862214,9889.24383584148,-5839.0718231778865
17,0.5,0.519867786590831,0.25,0.24511727956624862,0.1,0.09956230022197704,0.5,0.5435038024314115,10008.102002598667,-5871.295496998848
18,0.5,0.47654935192489745,0.25,0.23370075546117125,0.1,0.09261790449460652,0.5,0.45341865592994735,10114.059741557547,-5856.573502453673
19,0.5,0.48347917797016243,0.25,0.25070638959582475,0.1,0.10037245115948425,0.5,0.45536627133861773,10009.694264288895,-5858.797995891446
20,0.5,0.4759168373623983,0.25,0.24796615941221326,0.1,0.0975233258153653,0.5,0.3972018526210945,10067.168682581112,-5864.165286927187
1,0.5,0.5032559290683716,0.25,0.24615224678353972,0.1,0.10356323219512478,1.0,1.2099666053543339,9906.127612689661,-5817.838309345819
2,0.5,0.4988900182534674,0.25,0.24053633454233359,0.1,0.09864723550322649,1.0,1.283746861849033,10010.451482631302,-5863.654011782437
3,0.5,0.4733762248588638,0.25,0.24585183623666998,0.1,0.10435245793061727,1.0,1.1795804754667898,9997.07932283338,-5868.34346773677
4,0.5,0.4391490653841257,0.25,0.24906459181297325,0.1,0.09742851655983262,1.0,0.7623563069181444,10001.917545372466,-5860.97584532342
5,0.5,0.4891416265229356,0.25,0.23997664089703152,0.1,0.09830775137123489,1.0,1.153102277950284,10033.22625158421,-5839.422338838246
6,0.5,0.460329573148564,0.25,0.26166688840347224,0.1,0.10134506121158132,1.0,0.990433903747114,9891.444260131146,-5875.247494301542
7,0.5,0.485823539573867,0.25,0.2425315092122746,0.1,0.10170920955382812,1.0,1.1740741033851012,10073.77382827976,-5849.817603371706
8,0.5,0.5766104034119724,0.25,0.25298435981407974,0.1,0.09657011059831563,1.0,0.7289841260486853,10028.879771934915,-5850.480703003238
9,0.5,0.35648083603289504,0.25,0.2233275013406813,0.1,0.09299963155455797,1.0,0.9561939441361079,10067.068669681597,-5862.996988624315
10,0.5,0.4711086331013127,0.25,0.24677296432796145,0.1,0.09742321768262974,1.0,0.7848642443168867,10032.974022503762,-5851.708210241605
11,0.5,0.4862629555419964,0.25,0.24897296310129907,0.1,0.09776649366852776,1.0,0.9587991506200071,10059.460713844737,-5820.939861746112
12,0.5,0.4101880031894306,0.25,0.24333207683654806,0.1,0.09889658809524063,1.0,1.0865416133423402,10039.447609839874,-5871.215314724184
13,0.5,0.4974871777812187,0.25,0.25098719247472007,0.1,0.09935182626456138,1.0,0.7804768299065086,9958.632558857087,-5885.64034377203
14,0.5,0.4749758300237669,0.25,0.2683621690482423,0.1,0.10274071973941339,1.0,0.8104097669932171,9908.142317467291,-5820.311208906456
15,0.5,0.49212449221281745,0.25,0.25075275521766904,0.1,0.10077764350122723,1.0,1.0304990650780699,10058.891738475197,-5805.255419098919
16,0.5,0.5514135697129321,0.25,0.26012683867583897,0.1,0.10373615658181976,1.0,1.0535732204852022,9975.342245261922,-5876.7441837241495
17,0.5,0.5262661931430984,0.25,0.231514986696171,0.1,0.09453041304605726,1.0,1.1869524770509703,10116.024883278747,-5855.192478027982
18,0.5,0.5112080104559601,0.25,0.2474570767375617,0.1,0.09732001918119104,1.0,0.8830657391192589,9992.491245883231,-5859.03562767179
19,0.5,0.44790809830695716,0.25,0.2445484333126917,0.1,0.0960792057351019,1.0,0.9065146492957558,10018.214017055243,-5853.436164763256
20,0.5,0.49747823738036606,0.25,0.24059072916040405,0.1,0.09193591443676762,1.0,0.7922815012904815,10100.75848431338,-5845.53103411614
1,0.5,0.5273359162493519,0.25,0.24708170210346758,0.1,0.09972431495996134,1.5,1.4487713073173978,9980.297234671825,-5854.815885549788
2,0.5,0.5026438374956392,0.25,0.23545074405408226,0.1,0.09761243458430653,1.5,1.629740502111938,10054.465936715605,-5861.430197525016
3,0.5,0.4864147555213322,0.25,0.2628079239675804,0.1,0.10273669307474595,1.5,1.3468888989102912,9892.618732615538,-5844.246651329091
4,0.5,0.5077583349432154,0.25,0.2553418269182938,0.1,0.09709920077269998,1.5,1.0310674572112875,9974.513530404618,-5863.447913665161
5,0.5,0.4504704843781356,0.25,0.23661703489623903,0.1,0.09446955038193261,1.5,1.3928016481858052,10094.717089085183,-5867.378048019998
6,0.5,0.554562808715938,0.25,0.25951292368664974,0.1,0.09952235731093424,1.5,1.375876795753019,10054.013175738975,-5861.983382194639
7,0.5,0.5023063865033167,0.25,0.2363946439126342,0.1,0.0959210926027405,1.5,1.57993933674529,10112.496082364087,-5831.987601521421
8,0.5,0.4916632276455811,0.25,0.25060040931001093,0.1,0.10170890366488021,1.5,1.4027277398734679,9946.273651114263,-5857.478753661124
9,0.5,0.4918966809365837,0.25,0.2454310105251845,0.1,0.09808058994299847,1.5,1.5458638406640182,9982.696411680714,-5823.272644315545
10,0.5,0.47636273898139114,0.25,0.2426175207170885,0.1,0.09754901770816819,1.5,1.5194585876325515,10003.097111997606,-5883.367050075252
11,0.5,0.5146996864910877,0.25,0.25726134505881587,0.1,0.09986445523898566,1.5,1.3673207921420099,9985.84966041268,-5850.1753732038405
12,0.5,0.5226300444714189,0.25,0.2632248605587037,0.1,0.10291022760965299,1.5,1.370461185757483,9866.207765760842,-5821.8270089530015
13,0.5,0.5437353119465487,0.25,0.25476253943442456,0.1,0.10258521874045516,1.5,1.7049858321036084,9885.2166950624,-5849.318363513261
14,0.5,0.534826423682199,0.25,0.250206729996551,0.1,0.09894484248654892,1.5,1.461401289060897,9981.991405989427,-5853.731142976181
15,0.5,0.502799516215268,0.25,0.24401164104821113,0.1,0.09902262918595692,1.5,1.5321354704945338,10015.704327766585,-5866.389435987538
16,0.5,0.47490852926539007,0.25,0.2505562670720253,0.1,0.1006828729756821,1.5,1.456543378884104,9953.50496253655,-5823.075992827678
17,0.5,0.5167469387086417,0.25,0.2576764469847844,0.1,0.09464183321187633,1.5,1.0175033816776011,10015.793804516208,-5849.417613930586
18,0.5,0.4034963658416623,0.25,0.2593347006555999,0.1,0.09990990460256818,1.5,1.41817956440829,9922.479232839763,-5848.508561810815
19,0.5,0.4417903840307415,0.25,0.25258425529609624,0.1,0.09967048233259272,1.5,1.4611429446151822,9964.186090467172,-5855.788197076749
20,0.5,0.550164377589716,0.25,0.24185394856819498,0.1,0.09938650509058254,1.5,1.6045170246016636,10036.834684132882,-5872.125708962336
1,0.5,0.5649787515058694,0.25,0.2518745674320036,0.2,0.2033631197021279,0.5,0.5007830712181044,9971.741957478218,-5763.097038623526
2,0.5,0.5128319245767966,0.25,0.24822260144941413,0.2,0.19831188509132164,0.5,0.4525823915966307,10036.860785173336,-5728.207168859701
3,0.5,0.5280930689612655,0.25,0.24412646331911067,0.2,0.19971120717891763,0.5,0.6543915186892908,9988.619524579255,-5722.656035500201
4,0.5,0.4864174575941558,0.25,0.2455204088691152,0.2,0.18780960274719935,0.5,0.4379219418416387,10028.602614682353,-5727.949380733641
5,0.5,0.46593816122176657,0.25,0.24796874150253176,0.2,0.19891426290026618,0.5,0.5329288810348125,9963.863242010077,-5742.749201883013
6,0.5,0.4889561302084524,0.25,0.24306822275174514,0.2,0.20058272944685937,0.5,0.5596604117721399,9994.98201327823,-5756.331951826101
7,0.5,0.4548199928947332,0.25,0.2468085653521957,0.2,0.20087476174899904,0.5,0.4673342593989588,10003.956763310383,-5741.83663210522
8,0.5,0.5348964320707948,0.25,0.2523923211870986,0.2,0.19971140307488255,0.5,0.4880390208119967,10007.389142375343,-5742.186059146727
9,0.5,0.5421421367018937,0.25,0.25140445193600347,0.2,0.2024424139822977,0.5,0.5452671436632763,10043.025588843713,-5741.923366020757
10,0.5,0.2941327765507296,0.25,0.23914849910442063,0.2,0.19313855609317568,0.5,0.47244978408860266,10054.796113609653,-5771.845549424177
11,0.5,0.4901382273487963,0.25,0.2533923931778347,0.2,0.1990251827108975,0.5,0.5105483839582494,9912.30301355067,-5743.94731381576
12,0.5,0.48381073810941094,0.25,0.25219350156684217,0.2,0.20521339405157848,0.5,0.6356637179974961,9933.878920571582,-5742.224323664838
13,0.5,0.5041370259237313,0.25,0.2407065012842706,0.2,0.18854486782179444,0.5,0.4856938132980796,10061.594082834392,-5730.600826723826
14,0.5,0.5231368786475681,0.25,0.25842747989591086,0.2,0.19568689002405493,0.5,0.4349374476951767,9911.403998286483,-5748.284326416933
15,0.5,0.49330416000465405,0.25,0.24532560465244121,0.2,0.19876178130564934,0.5,0.5141231997858068,10061.89880104151,-5728.0538400911555
16,0.5,0.4976736477918975,0.25,0.25498949485953676,0.2,0.20185299039758095,0.5,0.4194731820559109,9925.494536748141,-5761.048591263252
17,0.5,0.5401160488786029,0.25,0.2741488823726856,0.2,0.20421345091341642,0.5,0.4149270336745683,9908.766629203665,-5746.329785028916
18,0.5,0.4848737770786584,0.25,0.23833896903244065,0.2,0.1960150669330165,0.5,0.5312577188493637,10003.496914187534,-5725.323612245468
19,0.5,0.43527001770586843,0.25,0.2526493420204492,0.2,0.20550503291674194,0.5,0.5446392020131128,9953.483449065683,-5766.515541881062
20,0.5,0.48497967234922146,0.25,0.2595600383545177,0.2,0.19092103210691552,0.5,0.37241004190549787,9962.525881337593,-5719.4798013377
1,0.5,0.5129441369517708,0.25,0.2642153065568013,0.2,0.2252637762074906,1.0,1.1225440041715082,9872.121970914426,-5876.4059256213495
2,0.5,0.43385248260472664,0.25,0.24795013904876417,0.2,0.1933831547889226,1.0,0.9744740014914262,9971.799318795942,-5857.296427923709
3,0.5,0.5469809233043595,0.25,0.2459769133919612,0.2,0.20294052515189817,1.0,1.066085126233426,10040.44535333375,-5833.218859708651
4,0.5,0.4999456740516213,0.25,0.2525981002711762,0.2,0.2132567486011125,1.0,0.9915840407765163,9977.001783461874,-5836.174142194032
5,0.5,0.5246056470392856,0.25,0.25614530313209083,0.2,0.19828705171203387,1.0,0.9255843931609529,9944.762833102799,-5844.400004601037
6,0.5,0.42483083578994973,0.25,0.2376871168243106,0.2,0.19684967353411875,1.0,1.109299223609726,10007.940242101684,-5854.16882814258
7,0.5,0.4803379218227357,0.25,0.24798494300526525,0.2,0.19939541378992603,1.0,1.0771399355210838,9925.904108330102,-5876.098578368529
8,0.5,0.4938866804249528,0.25,0.2605237629372958,0.2,0.20549572788685563,1.0,0.9312988587354373,9921.675809955115,-5830.8452619567515
9,0.5,0.5567646182244544,0.25,0.24272360409067847,0.2,0.1979267987673383,1.0,0.9308141261624747,10044.723338486605,-5865.980790987291
10,0.5,0.4579819803361527,0.25,0.25171281335556717,0.2,0.1969152938486171,1.0,0.9879575709474294,9962.063824537887,-5811.366984485288
11,0.5,0.5036688118937402,0.25,0.24356147001211528,0.2,0.19231133894260644,1.0,0.8369862793197121,10017.80697318255,-5870.096449280952
12,0.5,0.5050059648478439,0.25,0.24395577110919178,0.2,0.20018065958034637,1.0,1.1744055627958916,10075.532331367793,-5853.643679598191
13,0.5,0.47859248096806845,0.25,0.25263171338884377,0.2,0.20153962842732512,1.0,0.9983385780231377,10041.443208445538,-5840.024679406417
14,0.5,0.5417188783878848,0.25,0.24533184522023238,0.2,0.20306228810232907,1.0,1.0689639370736006,9986.653749356654,-5866.104196147518
15,0.5,0.48613860870866993,0.25,0.2619824091717114,0.2,0.1932453326784958,1.0,0.835569690996273,9903.313338323023,-5857.70273511445
16,0.5,0.4738625482060425,0.25,0.2510620638945645,0.2,0.19938793566067295,1.0,0.9802165879366131,9954.99503659277,-5871.673593958067
17,0.5,0.3574823305924457,0.25,0.23790970534304795,0.2,0.21119480702531354,1.0,1.032621635318789,9930.092265432148,-5860.161552319724
18,0.5,0.49182689954779707,0.25,0.242062649835313,0.2,0.1934928005091399,1.0,0.9511867276549605,10042.230624268239,-5850.406661864377
19,0.5,0.48000718846126766,0.25,0.2592838238012534,0.2,0.19512648902077423,1.0,0.8859984939966561,9977.290883524878,-5850.515835497645
20,0.5,0.515536401318936,0.25,0.2569542102374816,0.2,0.19580936799051166,1.0,0.962429296305264,10001.337866980153,-5855.125950613106
1,0.5,0.4817336249502911,0.25,0.24929430578065934,0.2,0.1930998428566477,1.5,1.497356655063436,9966.218202012235,-5902.525445661052
2,0.5,0.5288003123086483,0.25,0.2626121918258487,0.2,0.2025335455014185,1.5,1.4538902928457869,9930.20444632172,-5939.2238240997385
3,0.5,0.43664252058809494,0.25,0.25187504185361326,0.2,0.20445255330279352,1.5,1.5451570838965596,9972.91999646324,-5936.474180637362
4,0.5,0.46668753601413887,0.25,0.27027608371090867,0.2,0.20955694673889722,1.5,1.4419534352174272,9847.087457731592,-5920.850912907661
5,0.5,0.5004187778247406,0.25,0.2509201800972614,0.2,0.19613335161069934,1.5,1.4947909970203714,10032.08098713398,-5908.798576938051
6,0.5,0.5249881123598482,0.25,0.2534119670583462,0.2,0.2119772217704615,1.5,1.6499406806251617,9970.892704817023,-5865.5363493842615
7,0.5,0.48515493312985136,0.25,0.25159416994846917,0.2,0.20176862367216772,1.5,1.5203087095958976,9898.496243151156,-5898.814453773725
8,0.5,0.4060160785342988,0.25,0.25644811781186827,0.2,0.18512531421469702,1.5,1.1869890714089708,9918.709156591127,-5918.869939785784
9,0.5,0.49807225972424335,0.25,0.257391554561918,0.2,0.20473078283415905,1.5,1.375887333120386,9947.835762858764,-5908.417930809773
10,0.5,0.3969769188911168,0.25,0.25218222409342633,0.2,0.18893904964217878,1.5,1.336215387939949,9960.346103143804,-5933.202816465246
11,0.5,0.5061142870644778,0.25,0.24576218562209154,0.2,0.19210842243578186,1.5,1.5017608299747505,10046.288981820964,-5927.513067861639
12,0.5,0.5217752226030786,0.25,0.2524961935202416,0.2,0.19996293080932007,1.5,1.4670964009394927,10064.422702543123,-5940.237676634477
13,0.5,0.4872505924635451,0.25,0.24775897331046562,0.2,0.20114208937878664,1.5,1.558240394938818,10045.825178506915,-5905.114980211202
14,0.5,0.4771901121786876,0.25,0.2524825103569342,0.2,0.1984958153880094,1.5,1.4010162277532885,9945.370139737906,-5926.803350519525
15,0.5,0.5345276082178854,0.25,0.2634452902550636,0.2,0.19689164003991472,1.5,1.294187531838512,9943.505054482363,-5931.81684672608
16,0.5,0.48235446451955555,0.25,0.24186431321392912,0.2,0.21316687141886667,1.5,1.7336398529902721,9965.120915831758,-5936.883165588081
17,0.5,0.45203182095084754,0.25,0.24994074733398486,0.2,0.20120277828218677,1.5,1.4875647100414489,9925.881572185457,-5934.324013343743
18,0.5,0.5184087886792735,0.25,0.24323509620909645,0.2,0.2021121473039767,1.5,1.5821502580765798,10083.926535151208,-5925.129554544207
19,0.5,0.47947653519116334,0.25,0.2439474555749779,0.2,0.1952047368252301,1.5,1.4869433768947538,10022.504782950482,-5929.191444037046
20,0.5,0.4754602102664552,0.25,0.2578490939721477,0.2,0.19849417962214727,1.5,1.4408622281367844,9871.081771119398,-5926.346309508381
1,0.5,0.4844350059545474,0.25,0.254538040145375,0.3,0.2995773335867432,0.5,0.45765847331402393,9940.05620874724,-5449.745114621452
2,0.5,0.4754763910297651,0.25,0.2519912124067488,0.3,0.3014277042139441,0.5,0.4990813099793412,9935.729759667363,-5469.63962353875
3,0.5,0.46807567962375835,0.25,0.2371717740657222,0.3,0.2818838698273262,0.5,0.5481433530953926,10045.858657926105,-5489.386182861868
4,0.5,0.475020637358701,0.25,0.2512174897828168,0.3,0.29992637337492767,0.5,0.4647553722059304,9888.433379279353,-5433.668007185665
5,0.5,0.5073013079045443,0.25,0.24638298923568783,0.3,0.29393121499934083,0.5,0.45467063964823917,10024.35373689062,-5499.150031679353
6,0.5,0.5042359063170885,0.25,0.24443937173475827,0.3,0.2960660651926891,0.5,0.4830252551020007,10010.433100468439,-5433.769599553476
7,0.5,0.49379944007134785,0.25,0.24495599912649182,0.3,0.2952940983220897,0.5,0.48703524486910665,10032.497405775508,-5466.847262090041
8,0.5,0.5192322760186159,0.25,0.24982331864159366,0.3,0.29279278829804234,0.5,0.47225433678398826,9967.787702510332,-5469.762771268035
9,0.5,0.46623849375224413,0.25,0.24976794687121992,0.3,0.29543785241700515,0.5,0.507141339394013,9985.165580251209,-5457.227224943311
10,0.5,0.40937214147517326,0.25,0.24864334943458247,0.3,0.2873016640536761,0.5,0.5185157969478524,10016.103249840191,-5487.455345989216
11,0.5,0.36137490626279584,0.25,0.24702225720211535,0.3,0.32040213849539306,0.5,0.5478829242502553,9969.443137988887,-5463.517704142319
12,0.5,0.39242583942839115,0.25,0.2491596091021391,0.3,0.29498817439284486,0.5,0.5239244390295338,9922.671040615083,-5467.619358043963
13,0.5,0.45766986987216524,0.25,0.2601347863271236,0.3,0.3189411086630199,0.5,0.4513205080149645,9906.399225783298,-5473.718441385473
14,0.5,0.43170674570808426,0.25,0.24370015042634666,0.3,0.29452437154702243,0.5,0.5279237747421562,10028.556785574754,-5418.825886732187
15,0.5,0.47344248038185366,0.25,0.25227601002798716,0.3,0.3112199683876063,0.5,0.5270121851505113,9962.679099916259,-5472.15280120862
16,0.5,0.4882571985502071,0.25,0.24800993223368445,0.3,0.29555068620536235,0.5,0.478267455550118,10020.669278007028,-5483.070610740017
17,0.5,0.33070828906859484,0.25,0.24255104037317043,0.3,0.284029424847624,0.5,0.44603016419941444,10070.450478907498,-5495.393034910643
18,0.5,0.40467876796913005,0.25,0.2376721968792263,0.3,0.29416202637983485,0.5,0.4832707779385968,9953.947994271271,-5462.471055826272
19,0.5,0.5186126131107255,0.25,0.24003369663755142,0.3,0.2694839816651208,0.5,0.5140121963102253,10075.034233202434,-5486.75618988128
20,0.5,0.4765187229863931,0.25,0.26155941608114036,0.3,0.3105429797562461,0.5,0.5251341214385908,9956.4484077078,-5494.913488213152
1,0.5,0.47772797405735995,0.25,0.2555402085025061,0.3,0.30648065378242967,1.0,1.0056024102668577,9911.448185358893,-5680.926800944149
2,0.5,0.45840838160463915,0.25,0.241776825859343,0.3,0.29957297672838307,1.0,1.0534269994890784,9978.531246681061,-5660.3388294237075
3,0.5,0.4804425838784067,0.25,0.2701656881607505,0.3,0.30263944920667973,1.0,0.9204850798401785,9824.482418395459,-5716.218776306434
4,0.5,0.4942399357506222,0.25,0.25129841534860764,0.3,0.29455429129407706,1.0,0.992559483509028,10054.332435198607,-5692.905550709493
5,0.5,0.43900506376871584,0.25,0.25362462533082,0.3,0.2960378917045132,1.0,0.9801236921123402,9867.70508215513,-5713.21248866933
6,0.5,0.44180036806257067,0.25,0.24669669373106184,0.3,0.31051091554401333,1.0,0.9766840334281602,9963.36448945765,-5657.150284082167
7,0.5,0.484767713561388,0.25,0.25405222804187705,0.3,0.3167005073114969,1.0,1.0435769334508362,9902.518368628409,-5717.075051116497
8,0.5,0.5253348890152251,0.25,0.26131337417639927,0.3,0.28857666814083216,1.0,0.9450563289035422,9983.089364689624,-5695.26338365248
9,0.5,0.5001220711043703,0.25,0.23512807677024833,0.3,0.29406716636746244,1.0,1.1534482289398758,10116.015531224213,-5720.189959552923
10,0.5,0.49472095729521587,0.25,0.24539522103674025,0.3,0.2873084984945346,1.0,0.9894964000845131,10034.665272250337,-5667.229418045206
11,0.5,0.49028606932999014,0.25,0.25436272234334384,0.3,0.2958844706786138,1.0,0.9398770852892755,9987.313496253324,-5685.604051297608
12,0.5,0.5369877403749863,0.25,0.24532881265847126,0.3,0.30437448871127915,1.0,1.0789611175831273,10024.863053525434,-5716.244511130226
13,0.5,0.4895352208728556,0.25,0.25438167216340957,0.3,0.304563591818187,1.0,0.9830074726717445,10007.61244431418,-5716.102553220955
14,0.5,0.4844942063470406,0.25,0.2519949636614353,0.3,0.3014883212681457,1.0,0.9560142623304073,9984.337545760798,-5670.3294289137175
15,0.5,0.45249073924515226,0.25,0.24571599902585553,0.3,0.3060440434558014,1.0,1.0539161111078323,10040.325818598532,-5688.977267440285
16,0.5,0.4829889511543187,0.25,0.24877482223445915,0.3,0.2948692943936132,1.0,0.974794477859942,9941.723716386023,-5703.925384474528
17,0.5,0.48933957232968783,0.25,0.24370321957197952,0.3,0.2846098674811129,1.0,0.9498998063622663,10074.488812437494,-5706.036900464389
18,0.5,0.32820807453522255,0.25,0.22766382872661398,0.3,0.28092728019526236,1.0,1.031333506441547,10127.566574629062,-5726.529871150141
19,0.5,0.491327698251161,0.25,0.24962517620268013,0.3,0.29963812554258057,1.0,0.9912635453922334,10041.825775340323,-5719.192868521139
20,0.5,0.5137215017279895,0.25,0.24572332189827956,0.3,0.29326351422834285,1.0,1.047366321989008,10089.99202414042,-5723.156388130447
1,0.5,0.4902983386898851,0.25,0.24858775918462817,0.3,0.30026172146570845,1.5,1.4810487182397007,9988.351863539552,-5846.450750274469
2,0.5,0.4832277684167882,0.25,0.24273958671449833,0.3,0.282625087775673,1.5,1.48352504915214,10021.972910358008,-5864.1086945688585
3,0.5,0.46443436672800903,0.25,0.24937117035673873,0.3,0.2984796423390387,1.5,1.408118412699567,9966.5579984157,-5846.566618870596
4,0.5,0.48386158462930606,0.25,0.24294477531479813,0.3,0.2927406340155645,1.5,1.5089312530578778,10038.201815742455,-5862.655827916322
5,0.5,0.517409166018234,0.25,0.2516079083094844,0.3,0.2963069704482798,1.5,1.4710339966493502,9985.807253129162,-5842.657281633431
6,0.5,0.5148197160316818,0.25,0.24639290827264418,0.3,0.31117747201953283,1.5,1.6088034601195869,10055.074517929052,-5808.427468555667
7,0.5,0.4699255484166359,0.25,0.2556639595802749,0.3,0.29073582771138323,1.5,1.3765905590723257,10000.370599679007,-5848.360977382474
8,0.5,0.4446448208125532,0.25,0.2500992137101845,0.3,0.28896658887307536,1.5,1.399346648690092,9923.60456034976,-5864.063658424228
9,0.5,0.5038072724403416,0.25,0.2514037266601365,0.3,0.3283367102977347,1.5,1.6682129669300105,9940.303668460254,-5844.523567140663
10,0.5,0.5100245494138977,0.25,0.24919878576643834,0.3,0.30256206043368666,1.5,1.4933608810546215,9959.002799943491,-5829.691216208843
11,0.5,0.47698873480307413,0.25,0.24443791384555155,0.3,0.31472527405746936,1.5,1.616256902020035,10005.804690103885,-5857.337747458752
12,0.5,0.4691026507229941,0.25,0.24925680075134257,0.3,0.27988231862513335,1.5,1.411011794332589,10040.398538405669,-5842.938194976784
13,0.5,0.5324051360815739,0.25,0.2442534016295922,0.3,0.2831485068027472,1.5,1.5002511082127876,10057.36871061505,-5850.054050870118
14,0.5,0.45307345865601,0.25,0.24964849104310785,0.3,0.300794806922685,1.5,1.5384819342778506,9913.51204478105,-5871.516127127839
15,0.5,0.506455845583383,0.25,0.2560496219079853,0.3,0.2882493451400537,1.5,1.409827395275023,9969.57028241525,-5864.61826247327
16,0.5,0.46670119709876595,0.25,0.24382868960504123,0.3,0.32167563211041433,1.5,1.6072048290347647,9941.513599469627,-5854.402051165597
17,0.5,0.5084657408063714,0.25,0.2521190221839415,0.3,0.32908055021633836,1.5,1.4887017447803155,9987.70367298384,-5833.556380426764
18,0.5,0.39832747197692214,0.25,0.24180074216313754,0.3,0.3043972097666245,1.5,1.5906098068870809,9966.717220943561,-5877.759003059623
19,0.5,0.5381485243332768,0.25,0.2523490814075286,0.3,0.2939650720487048,1.5,1.4288642852645668,9985.501130627665,-5817.404081448172
20,0.5,0.5008532691360593,0.25,0.2542780084334771,0.3,0.27765724894001276,1.5,1.4195551540349685,9994.204053211372,-5836.979574444149
1,0.5,0.4736327775834996,0.5,0.48419414983064757,0.1,0.10102019836069337,0.5,0.6870544866933651,10061.551098833801,-5638.906425028137
2,0.5,0.5004463776151952,0.5,0.4898765233786284,0.1,0.10311924939241125,0.5,0.7720153072097835,10022.633622112455,-5661.9777270024715
3,0.5,0.5079117780452107,0.5,0.48433403785564133,0.1,0.0970363383914776,0.5,0.521968310617276,9984.449154621023,-5600.126026682647
4,0.5,0.4836989268419277,0.5,0.5050804901336544,0.1,0.09973951793534411,0.5,0.43188659573433713,9876.99121404891,-5637.370585313234
5,0.5,0.4736667043223333,0.5,0.4747455668331515,0.1,0.09828513694608229,0.5,0.7403018990029874,10103.02389245111,-5650.486773593539
6,0.5,0.4954046688010947,0.5,0.4927004764560158,0.1,0.10013369973961368,0.5,0.5043753478263096,10037.840161069744,-5653.890839782016
7,0.5,0.5233805440902094,0.5,0.5281743059601135,0.1,0.10283233630478089,0.5,0.42493026568098846,9953.802511153533,-5617.888833587389
8,0.5,0.4950794628130799,0.5,0.5099402060067932,0.1,0.09992348011182303,0.5,0.3424119885833246,9972.912442830182,-5644.942123808228
9,0.5,0.49642635378765826,0.5,0.48470651941744924,0.1,0.09711153431804345,0.5,0.4935441403400523,9944.196335048307,-5658.443332879033
10,0.5,0.4539789672274499,0.5,0.5012940078312067,0.1,0.09906304065029731,0.5,0.45681900270416365,9954.551400295775,-5662.4083254689285
11,0.5,0.46167192926707107,0.5,0.46388085866782514,0.1,0.09708576636550334,0.5,0.5170094720639269,10097.965437244582,-5611.039836724942
12,0.5,0.5533716066286811,0.5,0.5133225658768168,0.1,0.10273309802867125,0.5,0.39980909198626674,9994.348934924197,-5634.460920045713
13,0.5,0.5166560825599475,0.5,0.48205620142796757,0.1,0.09791540297533471,0.5,0.48591648003016485,10062.130088430658,-5668.242863462177
14,0.5,0.44043970933280474,0.5,0.4536798880609344,0.1,0.09549548696067456,0.5,0.4770635887090286,10119.380796802276,-5648.665684058501
15,0.5,0.5415474226562265,0.5,0.5125228441416015,0.1,0.09660764114552935,0.5,0.30495780810309653,9989.030384871134,-5641.648338859715
16,0.5,0.5277055742083451,0.5,0.4875728183697958,0.1,0.09783016330877656,0.5,0.4253538599250986,10084.20237618952,-5640.316701125098
17,0.5,0.5262061804441467,0.5,0.488544514313635,0.1,0.09830294668638544,0.5,0.7025638414630309,9949.862978723588,-5627.828714108082
18,0.5,0.49656108854495673,0.5,0.48388767482879885,0.1,0.09838733643339638,0.5,0.5095914087412102,10056.844171100365,-5592.975820729347
19,0.5,0.4451878041748983,0.5,0.4973045331224592,0.1,0.0968605313358179,0.5,0.39615428759574667,10028.032677923191,-5644.989479862676
20,0.5,0.5507665753582622,0.5,0.49487559568436534,0.1,0.10134325552092412,0.5,0.7489219202677895,9910.350285126147,-5636.950345779527
1,0.5,0.3398882358105951,0.5,0.47283315763148354,0.1,0.09493365767574327,1.0,0.8749078694203686,10012.396265001862,-5596.826657790847
2,0.5,0.4808479232603926,0.5,0.5032797327947118,0.1,0.09870534507229504,1.0,0.7952556944222661,9963.686368452067,-5624.198317349886
3,0.5,0.4987395061548903,0.5,0.492346808328317,0.1,0.09767577574975346,1.0,0.9319484699973823,10017.176229137405,-5612.45340820549
4,0.5,0.4814758870566132,0.5,0.49483624322603015,0.1,0.09799967077738457,1.0,0.9129924473064673,9956.569608533593,-5623.969908124996
5,0.5,0.5122773620859941,0.5,0.5068170682833077,0.1,0.0986542645273425,1.0,0.7604580497901745,10047.334602376497,-5605.559971798296
6,0.5,0.4564219887827466,0.5,0.4760180671312194,0.1,0.09482472856727352,1.0,0.7371712945238509,10078.73448126653,-5639.502701266745
7,0.5,0.5081841861036748,0.5,0.496898443819996,0.1,0.10173191032160729,1.0,1.2018383332310107,10047.471228181372,-5598.411534501667
8,0.5,0.4759130283194762,0.5,0.47402723971017074,0.1,0.09653274806806508,1.0,1.1242652456878952,10091.233587178562,-5601.290451408156
9,0.5,0.5231473847652731,0.5,0.47630073161734615,0.1,0.10399225545730889,1.0,1.7534849666739825,10062.573502391948,-5597.5327068916695
10,0.5,0.49447658263312144,0.5,0.491661030845967,0.1,0.10209102222115109,1.0,1.0927581111826081,10019.307612882427,-5628.360555855785
11,0.5,0.5074245032917868,0.5,0.5078509539506465,0.1,0.096466946169028,1.0,0.6823460684267911,10037.677358855783,-5623.720297390299
12,0.5,0.49901286278232826,0.5,0.49382909866470714,0.1,0.10291342448106426,1.0,1.1293388846418397,9894.495380455774,-5597.054931019197
13,0.5,0.5061364704765868,0.5,0.4924519196395304,0.1,0.09912390530420008,1.0,1.0965880159521229,10052.499304188574,-5632.19647689597
14,0.5,0.49963410336083003,0.5,0.5203526376954495,0.1,0.09983980297531794,1.0,0.7213518301834283,9902.818699602054,-5603.687142714459
15,0.5,0.43072971642805263,0.5,0.4540768853763597,0.1,0.09593631465131854,1.0,0.9548416854546846,10083.912408960992,-5621.253915281637
16,0.5,0.5195721353707942,0.5,0.4769725789420261,0.1,0.09582968402695632,1.0,1.0111439333501535,10022.374382138107,-5604.558175309547
17,0.5,0.48671577585526343,0.5,0.5005009279879507,0.1,0.0998261128760728,1.0,0.9771162540404006,9985.724829872934,-5597.413246357358
18,0.5,0.4294735470253213,0.5,0.4759467157043877,0.1,0.09650085241617659,1.0,0.9585847096897459,9981.584193710409,-5631.264574809321
19,0.5,0.5227235376232946,0.5,0.49928445570504576,0.1,0.10215483292804575,1.0,1.2545222253283186,9914.651912067953,-5592.1742102402495
20,0.5,0.5085882750572774,0.5,0.4702411828865515,0.1,0.08992064030294006,1.0,0.8334718579716023,10151.957538270792,-5627.233973649833
1,0.5,0.47889231901128027,0.5,0.48324039067129887,0.1,0.0979444021869744,1.5,1.4716121425178676,10060.062303502604,-5620.210447072913
2,0.5,0.5139162909095604,0.5,0.4650280028395355,0.1,0.09545701355309422,1.5,1.3994886557069832,10125.692823237747,-5585.760487327039
3,0.5,0.508412117690076,0.5,0.48528788689881525,0.1,0.09782402339872105,1.5,1.5630808868030268,10055.784494470525,-5580.416049372492
4,0.5,0.4628973900728472,0.5,0.4981916678297245,0.1,0.09109831735196017,1.5,0.8498456433260486,10034.093366741798,-5584.751500657185
5,0.5,0.497912739493121,0.5,0.49880713311865804,0.1,0.09272966001910327,1.5,1.1760540644572028,10013.340800438978,-5568.994812995231
6,0.5,0.46513726499252833,0.5,0.4974940515298214,0.1,0.09361380820697786,1.5,1.1940103195675285,10056.764973544048,-5583.936881677723
7,0.5,0.49903587782239867,0.5,0.5108561511573368,0.1,0.09397251203375798,1.5,0.93263922732724,10007.151658278623,-5534.941647662679
8,0.5,0.5064509761770405,0.5,0.5028865889395706,0.1,0.09879571649443868,1.5,1.3592715026280013,10036.109516626399,-5572.657364665118
9,0.5,0.4560178537448529,0.5,0.4845479811016293,0.1,0.0901191179584257,1.5,1.142008757553838,10036.589039890545,-5597.957227142544
10,0.5,0.5010515804949158,0.5,0.500019932162765,0.1,0.09961418702728968,1.5,1.5742317434558977,10029.714360128908,-5578.89634244467
11,0.5,0.5213961563602213,0.5,0.5246570577381254,0.1,0.09729060361526232,1.5,1.2936262808724164,9949.109849062237,-5577.446084037609
12,0.5,0.4576039124219025,0.5,0.483194086811917,0.1,0.10069313914546914,1.5,1.5855444353811845,10028.396582913403,-5549.67644511198
13,0.5,0.5057258582754365,0.5,0.5056623644726941,0.1,0.10367727520347275,1.5,1.6819728674593306,9979.558636481031,-5611.9423690505855
14,0.5,0.4682701557886697,0.5,0.44700482366873734,0.1,0.1022409131896787,1.5,2.182247028536568,10016.466206972613,-5590.127516672668
15,0.5,0.5093560647858912,0.5,0.4925141759671294,0.1,0.09520776460310797,1.5,1.314044514178988,10015.315767350727,-5584.431033653444
16,0.5,0.4952315937263254,0.5,0.4632406873648209,0.1,0.09490297533782129,1.5,1.3703413144053538,10103.215052658641,-5577.332427114408
17,0.5,0.4862340028419383,0.5,0.4945590010248151,0.1,0.10045073859014594,1.5,1.6097097203524848,9966.420639725788,-5558.2906565802505
18,0.5,0.5210487523772637,0.5,0.4700897499774735,0.1,0.09561954673586029,1.5,1.8990152199666492,10108.835443509555,-5570.463009148927
19,0.5,0.49078701344619086,0.5,0.49763828616330386,0.1,0.10202975426809838,1.5,1.6214114276651121,10050.65584100289,-5604.176123118024
20,0.5,0.48879006300743,0.5,0.47809008031319844,0.1,0.10162308240248567,1.5,1.6607886788891288,9997.223136041417,-5593.924822687787
1,0.5,0.5035945866459389,0.5,0.5081495464058727,0.2,0.20113165884261028,0.5,0.5059086282731721,9958.979143242106,-5960.348996553632
2,0.5,0.4775815112373064,0.5,0.48471808113990994,0.2,0.1918067015310825,0.5,0.4094181487369469,10062.067878143293,-5967.38586106912
3,0.5,0.5232742088586592,0.5,0.49133947723780685,0.2,0.20376982868910526,0.5,0.6174429230626308,10028.157575350113,-5971.204462705733
4,0.5,0.5031621853350402,0.5,0.5046230129234048,0.2,0.20010167490431593,0.5,0.4809117603909775,10018.880797980917,-5981.044320137293
5,0.5,0.48136227965381995,0.5,0.5079156635815694,0.2,0.20395156563738906,0.5,0.4818691198974255,9983.154901141877,-5973.097283199187
6,0.5,0.4978661200782819,0.5,0.4792697214068391,0.2,0.19744922772078669,0.5,0.5349029457417096,10150.125888463836,-5984.932832728326
7,0.5,0.5241139681517584,0.5,0.49887732670437873,0.2,0.19570522847766983,0.5,0.4737014199412873,10029.16827827443,-5980.882404332083
8,0.5,0.5124413569302172,0.5,0.4965057705694784,0.2,0.204364154818151,0.5,0.6013268937324603,9997.045756024396,-5952.572922423162
9,0.5,0.4755861153298186,0.5,0.48928974864768887,0.2,0.19863487796032872,0.5,0.5143706656104665,10001.08581062448,-5969.356745441609
10,0.5,0.5086311496029705,0.5,0.497978414338723,0.2,0.19586681824114976,0.5,0.542873226630945,10017.702902964182,-5967.887899412035
11,0.5,0.4930650032367,0.5,0.4849731958796438,0.2,0.1969048821928291,0.5,0.48694833480837213,10015.294679933348,-5937.778514683467
12,0.5,0.553879424376222,0.5,0.48153110670989674,0.2,0.20283270385915547,0.5,0.6485541096205457,10068.667743438262,-5935.019937721252
13,0.5,0.5108417135826624,0.5,0.4982761310374403,0.2,0.19749705683034727,0.5,0.5645767269249683,10025.9333886798,-5922.8408776509295
14,0.5,0.505534099627401,0.5,0.47232555838525,0.2,0.19291399351637745,0.5,0.5330130595686542,10130.673991952082,-5933.249439773344
15,0.5,0.49395550245573405,0.5,0.5134437709822889,0.2,0.1983855467582096,0.5,0.4850086674731983,9997.954713026744,-5957.628414146297
16,0.5,0.4397147760293233,0.5,0.48146737595949035,0.2,0.19490837277323136,0.5,0.4770008465588712,10022.022322585046,-5959.793775254267
17,0.5,0.5269955699469551,0.5,0.4721086344228748,0.2,0.18911588760770306,0.5,0.5888438555443537,10106.691207721822,-5965.582408837574
18,0.5,0.4721179470209897,0.5,0.48904994501094917,0.2,0.19552330271399157,0.5,0.4418973006519069,10073.642897724412,-5964.834205852805
19,0.5,0.47101228545574336,0.5,0.4927514079140337,0.2,0.20838417782296065,0.5,0.557798459237571,9973.68348921629,-5975.144915428919
20,0.5,0.4996627644409071,0.5,0.5001535665190612,0.2,0.19781085479448904,0.5,0.48256754156216775,10008.83025146074,-5978.081982014788
1,0.5,0.4902388567726615,0.5,0.4917388804356645,0.2,0.2048267169861003,1.0,1.1914774670165214,9934.28684101003,-5928.245410306098
2,0.5,0.5090632136931886,0.5,0.48481677872799217,0.2,0.19573711618067444,1.0,0.9937142774798832,10040.913583346464,-5967.41481923243
3,0.5,0.4722881964768306,0.5,0.5037016770938436,0.2,0.198799930220385,1.0,0.9701389119967727,9960.47805291527,-5945.750113173986
4,0.5,0.5417816259961868,0.5,0.475350714659095,0.2,0.19066342820226143,1.0,1.0751289152052574,10178.606579370267,-5941.034652986764
5,0.5,0.5082073933362096,0.5,0.5234772795230941,0.2,0.20078246203942154,1.0,0.9203331240601411,9961.058038660092,-5947.5613694480235
6,0.5,0.45386154837730736,0.5,0.49874750530986256,0.2,0.20355405773909396,1.0,0.9917966402001418,9971.220593305117,-5998.437164685202
7,0.5,0.47606491752219987,0.5,0.4940641912374511,0.2,0.20373577755375435,1.0,0.9597769436219928,9943.357848067968,-5990.66577401931
8,0.5,0.49951959898821785,0.5,0.5016679889926566,0.2,0.2049615704881687,1.0,0.9504383336356159,10008.475753945195,-5956.412576788913
9,0.5,0.4257253137619594,0.5,0.49016980768391566,0.2,0.19643024608056645,1.0,0.9148563954830956,10046.000266938374,-5923.995143388293
10,0.5,0.49199013526755153,0.5,0.498380534214136,0.2,0.21509538152689642,1.0,1.1317241167241539,9947.00311155444,-5973.174219876102
11,0.5,0.4444725302118863,0.5,0.4757845142815609,0.2,0.1929594394755009,1.0,1.210944092053534,10010.468120453717,-5956.038006994397
12,0.5,0.4877144259459446,0.5,0.4858361827609326,0.2,0.19436662967918256,1.0,1.010628457324897,9979.927874399127,-5980.674306161862
13,0.5,0.46930582233487206,0.5,0.49244688574769124,0.2,0.20307767086568101,1.0,1.059315217621995,9977.551555993876,-5948.551900367578
14,0.5,0.4497703597150469,0.5,0.49367306990994086,0.2,0.19823110703618174,1.0,0.9800317037318211,10053.719291933538,-5955.5936185011615
15,0.5,0.48970507117267664,0.5,0.4980316631025254,0.2,0.1985875469275904,1.0,0.9507304858378411,9995.747370389403,-5967.480613711776
16,0.5,0.46873825883694087,0.5,0.5046128217844816,0.2,0.19760054096184565,1.0,0.9062565675243419,9999.659192187746,-5977.942258389458
17,0.5,0.5010490046784842,0.5,0.4915238592405601,0.2,0.19477520188947808,1.0,1.0217796630815303,10039.634320194073,-5994.627003127961
18,0.5,0.41392722964464745,0.5,0.4851271457419689,0.2,0.2014039453636255,1.0,1.086565448311305,9953.142636013683,-5985.185140667364
19,0.5,0.5003010800224041,0.5,0.5014407251122217,0.2,0.1956977166723779,1.0,0.9530756866432831,9985.896099461843,-5958.599640091597
20,0.5,0.48311070735387873,0.5,0.4852822386070913,0.2,0.20205639223025007,1.0,1.0855002171573593,9975.868616463667,-5978.469442798123
1,0.5,0.4133298805170745,0.5,0.5016509131218769,0.2,0.20364644053231018,1.5,1.4288153189408719,9941.91723143965,-5946.825567515921
2,0.5,0.5198823478349612,0.5,0.5042017706310444,0.2,0.18191299829429944,1.5,1.275167489101754,10035.49315793516,-5924.786838949407
3,0.5,0.5008789573282516,0.5,0.4895794858868613,0.2,0.19907333793054802,1.5,1.5822135946910327,9965.870544606232,-5962.605139330124
4,0.5,0.5168269031261236,0.5,0.5091957177462294,0.2,0.20473437826922228,1.5,1.54824519159492,9895.477321894547,-5975.675612252989
5,0.5,0.46442172370512075,0.5,0.4959416138553316,0.2,0.1921429531784282,1.5,1.3503585439336114,10004.17967905372,-5912.015220247795
6,0.5,0.5387882683379941,0.5,0.5093537933628827,0.2,0.1915822410821433,1.5,1.2767395332918456,10093.986291837356,-5929.2290424343155
7,0.5,0.5269220749333516,0.5,0.4894563974370044,0.2,0.20333961993073887,1.5,1.5369182330575373,10051.518717909901,-5970.577568060073
8,0.5,0.49254576634527714,0.5,0.4819837111384272,0.2,0.20676330851150554,1.5,1.7207646267896561,9994.892973308968,-5916.303053053669
9,0.5,0.5470389107208861,0.5,0.4991833571488885,0.2,0.19567219122373286,1.5,1.5379265445528345,10124.099155092239,-5931.703569915194
10,0.5,0.4697166761420379,0.5,0.5017000467841499,0.2,0.20409396753082326,1.5,1.4596845591962035,9944.451335510974,-5944.741818933821
11,0.5,0.4732819834986603,0.5,0.5070363768844653,0.2,0.2026421631582511,1.5,1.4512638173256196,9844.852226685782,-5939.776664566914
12,0.5,0.49624612042324256,0.5,0.4806223125590066,0.2,0.19108843594888913,1.5,1.5278543336823118,10116.31460821511,-5922.603333858746
13,0.5,0.5175500903781486,0.5,0.47846455964007306,0.2,0.18036721160255687,1.5,1.32302486120239,10106.551713659372,-5930.923601261003
14,0.5,0.5088345469087275,0.5,0.5032466934729164,0.2,0.20099797026183325,1.5,1.4681055571844654,10020.521930777486,-5937.6868503341975
15,0.5,0.4075119800281376,0.5,0.5039796033288803,0.2,0.1847244889090902,1.5,1.2988767211192531,10012.138413615372,-5974.104946855986
16,0.5,0.5337009784234376,0.5,0.5427163069025318,0.2,0.1892941109629423,1.5,1.2168830578123329,9892.220999296978,-5954.960116271123
17,0.5,0.49519276062810685,0.5,0.5046137817339644,0.2,0.19182134125396377,1.5,1.4009403927504973,9992.214311510928,-5982.515263883923
18,0.5,0.46522592702861615,0.5,0.4956832444801897,0.2,0.19427644541483316,1.5,1.4267986579456509,10014.953142525019,-5956.694442239999
19,0.5,0.5239664174751283,0.5,0.5127032374423715,0.2,0.19910312666069332,1.5,1.295819412338051,9939.240568779067,-5947.39211750244
20,0.5,0.4546108331837952,0.5,0.4792801433564706,0.2,0.1971641915364097,1.5,1.4893905630116173,10038.254283706652,-5949.656772990216
1,0.5,0.503614408727289,0.5,0.5016388590980276,0.3,0.3067001441241425,0.5,0.5390468663823875,9924.106073230074,-5918.983514065822
2,0.5,0.49687893054357724,0.5,0.49735553224091356,0.3,0.3052701315736504,0.5,0.5842692062228645,9991.433210672298,-5924.404445929931
3,0.5,0.4617144938898271,0.5,0.5027762210684122,0.3,0.3063771178713434,0.5,0.4891848495599144,9917.6870454797,-5906.628371270943
4,0.5,0.4132641733550584,0.5,0.496535699699972,0.3,0.29515892051412457,0.5,0.4162111453951356,9899.425644432044,-5947.466597285519
5,0.5,0.45332813372090985,0.5,0.5067291951347207,0.3,0.3009715180574812,0.5,0.4782928411101385,9865.38424213824,-5937.174125779824
6,0.5,0.5210149676157891,0.5,0.503378243240846,0.3,0.2934758384676916,0.5,0.5000594108465243,10061.659215541087,-5903.627515212027
7,0.5,0.5352360736454068,0.5,0.5069817863361478,0.3,0.30818210239426036,0.5,0.6017210159334117,9973.536911304225,-5892.875321727726
8,0.5,0.41934568365365965,0.5,0.4903823340625908,0.3,0.2879804108602509,0.5,0.4824737167813481,10024.53896964697,-5955.28193429792
9,0.5,0.4577193588878244,0.5,0.48479198524159056,0.3,0.2897734685682591,0.5,0.46862378082656336,10011.41855505477,-5886.140435886566
10,0.5,0.4889853583383998,0.5,0.5014609850588941,0.3,0.2941453334030808,0.5,0.4752352861930049,9971.652163806159,-5921.23016927848
11,0.5,0.5133048406485824,0.5,0.5002155391962677,0.3,0.2888737633354087,0.5,0.48410376752836537,10027.726647664394,-5914.660780203589
12,0.5,0.5090066889248166,0.5,0.5086222275167515,0.3,0.3073480744987086,0.5,0.5333000243154133,9865.215486303618,-5933.70996539657
13,0.5,0.5139381095681176,0.5,0.4889201551122114,0.3,0.2933808395344729,0.5,0.5449556974945662,10083.765704575233,-5912.71697067292
14,0.5,0.4918788248138013,0.5,0.48808880086645556,0.3,0.2882870467700444,0.5,0.47075817525259456,10052.514787758966,-5893.838214591495
15,0.5,0.4876374059939863,0.5,0.4886719555987432,0.3,0.2928047783698552,0.5,0.47168718065798376,10025.376507831374,-5920.4465505565295
16,0.5,0.5368332127620246,0.5,0.5091395461660788,0.3,0.30484073872338724,0.5,0.5126223950495431,9947.15380701524,-5919.778445454529
17,0.5,0.49087001037507644,0.5,0.4752915528096021,0.3,0.29364912019051675,0.5,0.5071268564895552,10093.606625162403,-5936.947835602037
18,0.5,0.48481423991972655,0.5,0.4957095422596814,0.3,0.3018349632430607,0.5,0.5530908194062446,9940.648225076566,-5890.395701672477
19,0.5,0.4874411101414712,0.5,0.4988487700918562,0.3,0.2991972887369254,0.5,0.45096414169316734,9991.630648403028,-5920.33775217067
20,0.5,0.5155032491163687,0.5,0.5093903155594719,0.3,0.3017515095516068,0.5,0.4753487278076803,9936.882022384883,-5934.855642108166
1,0.5,0.5307481087283252,0.5,0.5268450852416726,0.3,0.29356275088655726,1.0,0.9434165870782695,9875.091222844594,-5988.384377324719
2,0.5,0.4899205930176741,0.5,0.5109678091817212,0.3,0.2958942535876197,1.0,0.9032997301291836,9985.15326714564,-6017.4279798148345
3,0.5,0.5210531735322566,0.5,0.5043766065196146,0.3,0.29659348122907975,1.0,1.0066673613564354,10037.959773002503,-5980.480913278194
4,0.5,0.46758151301693623,0.5,0.49612454961262126,0.3,0.2943140714104332,1.0,0.9247041853525789,10018.299379907954,-5978.073308413599
5,0.5,0.4834810462047351,0.5,0.5161715974734742,0.3,0.2950932503704628,1.0,0.90531417034539,9928.18095078189,-6002.414205951589
6,0.5,0.42632557909798785,0.5,0.5051424317623167,0.3,0.29089705098776886,1.0,0.9534308994520665,9943.965456296764,-5997.571224127364
7,0.5,0.45617547056825,0.5,0.49116102513240484,0.3,0.2963296251114042,1.0,0.9929564180115391,10053.605397966938,-5981.427562109938
8,0.5,0.48731325976665757,0.5,0.4938656319939507,0.3,0.29175939029338677,1.0,0.9533390377681016,10109.728431370042,-6001.27397819344
9,0.5,0.468258894559929,0.5,0.4919381137211837,0.3,0.2936758210144606,1.0,0.9793436900845721,9998.993428129394,-6000.542547671446
10,0.5,0.5103016792207604,0.5,0.5055115598658312,0.3,0.29514001743646534,1.0,0.9718270774086176,9991.064780484408,-5992.2360075068555
11,0.5,0.4754556817739326,0.5,0.5052708297929551,0.3,0.28875327436918397,1.0,0.9305528188317506,9924.603730719014,-5964.127545736271
12,0.5,0.4543518885075236,0.5,0.4744240582885184,0.3,0.27540535872881705,1.0,0.9257405864856322,10115.14917715832,-6010.198089479465
13,0.5,0.5004330098211738,0.5,0.5027736397865515,0.3,0.30879059851304713,1.0,1.0524544293354685,9960.494965455322,-5984.683229849341
14,0.5,0.5085140807049638,0.5,0.4953241304334716,0.3,0.29229524143017166,1.0,0.9806438085434017,9984.586829743048,-5990.274361899276
15,0.5,0.48709996645250103,0.5,0.48477430760692275,0.3,0.31238736776439485,1.0,1.1357748077968126,9957.740675994108,-6011.330483474722
16,0.5,0.45894057617785733,0.5,0.483841086935563,0.3,0.30103418865604487,1.0,1.0143348726181858,10051.285976069641,-6014.573942717408
17,0.5,0.5093843141221328,0.5,0.5119942318249415,0.3,0.31459013108818745,1.0,1.0200089183674097,9964.930362148938,-6019.658275953571
18,0.5,0.45049703871733876,0.5,0.49428051516724386,0.3,0.2778906576920961,1.0,0.9128018938678136,10015.582393462175,-6016.9478813589485
19,0.5,0.48045775280026687,0.5,0.49846256426373386,0.3,0.3087095985935646,1.0,1.100815420287373,10033.528212338048,-5979.649556328809
20,0.5,0.4593359563044147,0.5,0.4976576380628744,0.3,0.3003561722510633,1.0,1.009059186319768,9947.418833092524,-5966.304810187411
1,0.5,0.41647464726418865,0.5,0.49960566225419395,0.3,0.30972597635952837,1.5,1.526813051533672,9901.828854875554,-6033.309736737011
2,0.5,0.49162354482522236,0.5,0.5051191703926204,0.3,0.29065118675002166,1.5,1.4874492764963758,9993.751113564684,-6007.135856292811
3,0.5,0.5287645344751077,0.5,0.4980922201056656,0.3,0.32602509614822495,1.5,1.7037267185690452,9908.039346462605,-6009.311687387327
4,0.5,0.4978312903403812,0.5,0.49887219720758985,0.3,0.2937012101881555,1.5,1.48927543453272,10025.369375821234,-6006.564048149447
5,0.5,0.4903983379661246,0.5,0.490374204074536,0.3,0.2982156903636002,1.5,1.5371863693421002,10016.425218333121,-5988.166996364137
6,0.5,0.4505493006398232,0.5,0.4821643167748794,0.3,0.27467038280848477,1.5,1.4759970698256948,10089.614674798331,-6042.35157846477
7,0.5,0.5064980274182898,0.5,0.48133277162591226,0.3,0.31791051380948404,1.5,1.7750853151942367,9941.154934383612,-5972.546083578491
8,0.5,0.38547314853374737,0.5,0.5005976474357516,0.3,0.3014041360162114,1.5,1.4347279168739657,9930.732664129191,-6032.895428455171
9,0.5,0.5040202491666661,0.5,0.4890090402974747,0.3,0.29294915848820624,1.5,1.4907074563976095,10058.637546795118,-6010.61008702384
10,0.5,0.4822711626468795,0.5,0.48988063319797215,0.3,0.3008079072796556,1.5,1.5580095930829356,9987.579623449194,-6012.527917928519
11,0.5,0.4611080645475569,0.5,0.4750777339742025,0.3,0.2887599150296163,1.5,1.558329408693106,10047.563708262258,-6021.087406173483
12,0.5,0.4795650082262932,0.5,0.4895980607146163,0.3,0.2856877593593935,1.5,1.4821666443746981,10063.33480058015,-6017.3766859408715
13,0.5,0.49547153749897127,0.5,0.4986559106679326,0.3,0.3172104931816662,1.5,1.6338138845394499,9987.25949721565,-6000.448039275235
14,0.5,0.48469632570192817,0.5,0.5075832617930631,0.3,0.2965623784795744,1.5,1.4699434028824077,9942.62137463722,-5993.319806462763
15,0.5,0.4697635566238986,0.5,0.48577867500108934,0.3,0.3113482348633111,1.5,1.681925044938646,10017.376268864004,-6029.144063300904
16,0.5,0.505591993813117,0.5,0.5087291961841761,0.3,0.29854761732323326,1.5,1.5074052122629733,10025.119385896533,-6027.8163548641605
17,0.5,0.49823535436933314,0.5,0.49484692233077326,0.3,0.30744076414118604,1.5,1.5940351569961737,10028.60481873083,-6011.350460336904
18,0.5,0.5318682207830872,0.5,0.49521283068174154,0.3,0.3075432129365417,1.5,1.5599630269578109,10011.822241755332,-6037.859226828534
19,0.5,0.4829072882568578,0.5,0.4969886460944446,0.3,0.3049197573569603,1.5,1.5539679092742547,9929.786086071792,-5993.994483283921
20,0.5,0.4943919848615046,0.5,0.5085214951817896,0.3,0.30388169640032675,1.5,1.5410559500694103,9941.240924388436,-6006.98740380215
