Sim,F_true,F_est,Nu2_true,Nu2_est,T_true,T_est,M21_true,M21_est,Theta,Loglik
1,0.1,0.09018405516467723,0.1,0.0974798116114298,0.1,0.09705237455443667,0.5,0.5048054040010163,10039.178611875504,-5414.928007428487
2,0.1,0.1526351658003538,0.1,0.1010639405571674,0.1,0.09869475386707474,0.5,0.4783365037369131,9941.691726865329,-5471.704008787597
3,0.1,0.056958131029933676,0.1,0.09444141267211603,0.1,0.09462251214114889,0.5,0.45535575236564063,9950.95121599962,-5451.911361383047
4,0.1,0.09153363701665578,0.1,0.10043804990049902,0.1,0.09986464591089382,0.5,0.4906425588355273,9972.090832727932,-5457.617610673897
5,0.1,0.13203705379826677,0.1,0.10339459697825752,0.1,0.10377349002638425,0.5,0.5219313079963286,9920.917814570039,-5450.846061898808
6,0.1,0.05032667191690686,0.1,0.0968808690694209,0.1,0.0952849723555302,0.5,0.42691409499314176,10041.578244301607,-5462.197125497707
7,0.1,0.09900676351385058,0.1,0.10408688089171149,0.1,0.10375750873948673,0.5,0.5331865856685167,10007.193241621408,-5443.041169045924
8,0.1,0.14336736939979536,0.1,0.09594984429572388,0.1,0.09549343782819829,0.5,0.41196721019713184,10033.816113217823,-5479.722946343189
9,0.1,0.10505774345671659,0.1,0.1027449575188419,0.1,0.0996719558981616,0.5,0.4615167623806289,9973.715283532563,-5452.241823501671
10,0.1,0.15223411978526588,0.1,0.09297025460705934,0.1,0.09044096448081981,0.5,0.45637512039903494,10052.339020219992,-5487.519953210477
11,0.1,0.1469779582315339,0.1,0.09975733430013774,0.1,0.09764677239845078,0.5,0.39855988259994224,9967.0241988392,-5471.991843775013
12,0.1,0.08660964373103018,0.1,0.09524257608550347,0.1,0.09828664060161736,0.5,0.5703995927224903,10088.984008098585,-5467.437081334222
13,0.1,0.10746454361236649,0.1,0.10170546339928417,0.1,0.09746335214358375,0.5,0.4394219499104188,9938.717502988879,-5394.662156002401
14,0.1,0.09886647587610456,0.1,0.09993810412854522,0.1,0.09940003122405335,0.5,0.4591372897323022,9974.985416732165,-5463.341256418306
15,0.1,0.1623830275981158,0.1,0.0990667981366221,0.1,0.09774927480541246,0.5,0.45612791437944433,10049.168505472302,-5457.251831134141
16,0.1,0.053233120581143045,0.1,0.10357716578439717,0.1,0.10553760192377076,0.5,0.5214975503791263,9891.019471284679,-5457.063402445909
17,0.1,0.1799440190800144,0.1,0.09664422433912379,0.1,0.0967779824654456,0.5,0.5498334970627149,10080.633645491016,-5478.801554654452
18,0.1,0.07226855453501846,0.1,0.1004263711321321,0.1,0.09989821921003524,0.5,0.43635380628011283,10004.279796320776,-5447.229056860466
19,0.1,0.16395091275680218,0.1,0.10210197053897187,0.1,0.10184616139768306,0.5,0.5102642905243356,9965.4739999644,-5465.521201566154
20,0.1,0.12538086429770817,0.1,0.09146888950179703,0.1,0.09096314055826664,0.5,0.4278318344777189,10140.451253011952,-5482.5097198599215
1,0.1,0.16989582495810843,0.1,0.09461901533891412,0.1,0.09836629233044933,1.0,1.1027245581305907,9958.097111624718,-5591.780868611095
2,0.1,0.07308937808798793,0.1,0.09925054589380163,0.1,0.10288796816660953,1.0,1.0315354367423626,9998.687575170512,-5530.706689962059
3,0.1,0.09699908091903955,0.1,0.09697719225715598,0.1,0.09925032545364039,1.0,1.054409124826136,9958.027179928764,-5553.04084595045
4,0.1,0.07776037879720397,0.1,0.09661088830802282,0.1,0.10054858265079511,1.0,1.2640366120635045,10022.652257852622,-5560.408572267994
5,0.1,0.11598006840966432,0.1,0.09632771641111237,0.1,0.10053116956185487,1.0,1.1018067725818077,9890.145580653278,-5532.749827225094
6,0.1,0.13081674314773087,0.1,0.10235498661010861,0.1,0.10396227928620058,1.0,1.092191746488859,9928.850991843368,-5573.358135615692
7,0.1,0.15726906118098893,0.1,0.09997880492413212,0.1,0.09820145851023793,1.0,0.8511131110668471,10009.715152205563,-5564.545622060278
8,0.1,0.14404423678259676,0.1,0.10089650998014774,0.1,0.10204933123451827,1.0,1.09940588452898,9937.20126956182,-5524.201307376406
9,0.1,0.13458887603618802,0.1,0.09997013295686946,0.1,0.1037524136157017,1.0,1.1145185996859124,9969.758378429977,-5570.507438920112
10,0.1,0.13625459329761708,0.1,0.09928292985892705,0.1,0.09569720707182011,1.0,0.8682251914428217,9945.972701499197,-5532.083461392555
11,0.1,0.08181670815845313,0.1,0.10278380141688756,0.1,0.1038658703731118,1.0,0.9320535328183791,9956.412531639397,-5540.354766738057
12,0.1,0.16286471290272633,0.1,0.09719835012963508,0.1,0.09492429277790232,1.0,0.9579731089526415,10044.732639951053,-5506.838942405273
13,0.1,0.05592600849644747,0.1,0.10004444968100903,0.1,0.09721671857775542,1.0,0.9425572072944637,10004.42235565858,-5549.945928608295
14,0.1,0.13180248845677775,0.1,0.10447094574625389,0.1,0.10616293553982906,1.0,0.9611371502722307,9901.520177541244,-5547.797139818941
15,0.1,0.06360994227548566,0.1,0.10128875244472821,0.1,0.09736957545780599,1.0,1.0111800626388951,9925.699862179588,-5550.235553233893
16,0.1,0.16380055539337715,0.1,0.09967072294914049,0.1,0.1017090432135092,1.0,1.0119312842154875,10012.155746696491,-5537.447410148037
17,0.1,0.057132623028134426,0.1,0.09617491916146131,0.1,0.09602928590526608,1.0,0.9678873296071785,10033.706591817523,-5573.282616102266
18,0.1,0.14901357403367613,0.1,0.09865686202591854,0.1,0.09691984717524443,1.0,0.9845494208706238,10086.064202939913,-5519.756959492257
19,0.1,0.1022126931137439,0.1,0.09703824415038896,0.1,0.09467176175580445,1.0,0.8891278859973278,9998.74954745181,-5552.554058887056
20,0.1,0.13146111965868598,0.1,0.10418543355831611,0.1,0.10809009055847212,1.0,1.061216726377025,9956.615646048744,-5527.0898611849125
1,0.1,0.0641205127318056,0.1,0.10055841798129396,0.1,0.10033929030702546,1.5,1.5294242519265344,9936.297470063393,-5616.467699614796
2,0.1,0.058896494955257554,0.1,0.09753120710554503,0.1,0.10122639953653755,1.5,1.5952752780108561,10009.433555754316,-5616.456055280997
3,0.1,0.14467213705736284,0.1,0.10123331001491087,0.1,0.10172484630243797,1.5,1.3949136929497403,9955.247205125166,-5635.5843161969515
4,0.1,0.09981591302241273,0.1,0.10030168205685372,0.1,0.10633972728717232,1.5,1.6962419111661335,9949.78317231645,-5635.766435296864
5,0.1,0.12439907723054566,0.1,0.0985237217155051,0.1,0.0959285179250604,1.5,1.4461868649429799,10011.987609440162,-5618.222995137092
6,0.1,0.06211284569125109,0.1,0.10102972305792775,0.1,0.09814544122760617,1.5,1.3461450572617106,9980.490476301853,-5616.884124691178
7,0.1,0.08616690553736152,0.1,0.09778431253998249,0.1,0.10047367114668417,1.5,1.5767515616990442,9979.847837795513,-5654.639155791589
8,0.1,0.1554282855947349,0.1,0.09908190361124447,0.1,0.10443871212301069,1.5,1.7833508525263597,9994.913600299637,-5617.861448218286
9,0.1,0.11539737587844291,0.1,0.09959201610719713,0.1,0.09974372843501607,1.5,1.5022339241851572,9984.951560133995,-5615.89577079024
10,0.1,0.18587164926639232,0.1,0.09640225311918563,0.1,0.09725836620722221,1.5,1.5663512738890133,10067.709209425791,-5618.546853385134
11,0.1,0.07828087334198144,0.1,0.10831245184309266,0.1,0.10105786811626712,1.5,1.3807811927605471,9880.261036904798,-5628.842079503142
12,0.1,0.16537855696130682,0.1,0.10065383574618325,0.1,0.10026822312534889,1.5,1.616872501850145,9975.522287783679,-5650.959876342926
13,0.1,0.14141634762233277,0.1,0.10893588182227636,0.1,0.10619877705762808,1.5,1.327199340221377,9895.702811924828,-5625.569134824573
14,0.1,0.16187518096172013,0.1,0.09832157090677611,0.1,0.09965892834890874,1.5,1.5915522132705584,10041.478815215132,-5640.232426450282
15,0.1,0.11724525012956476,0.1,0.09520048000774987,0.1,0.09396689153336955,1.5,1.5484922754855175,9958.44801476505,-5644.586788477241
16,0.1,0.18025501998512694,0.1,0.10305334284237284,0.1,0.09753447206894317,1.5,1.4150397598670106,9993.150756356814,-5639.931620635936
17,0.1,0.15719447034081582,0.1,0.10578001500345605,0.1,0.10398729914963022,1.5,1.3526272272482889,9958.520581616962,-5613.6460464614365
18,0.1,0.11470625500251831,0.1,0.09981919984108523,0.1,0.09947966257744781,1.5,1.359539096029081,9988.701196277474,-5624.033143757227
19,0.1,0.0650049933970378,0.1,0.10040106188711773,0.1,0.10084409427118154,1.5,1.6644151721189548,9902.410392964593,-5625.25834362391
20,0.1,0.12209581581803135,0.1,0.10093666875299177,0.1,0.09937808742800341,1.5,1.3815023931217103,9964.00559234592,-5638.809987319031
1,0.1,0.05248115994231837,0.1,0.10219592560888772,0.2,0.22034391828450064,0.5,0.6143769078907252,9960.441468157664,-4666.16656536416
2,0.1,0.1457227618997705,0.1,0.09863405908008484,0.2,0.20776502192672996,0.5,0.6240307846046852,9934.964691645224,-4642.078387194912
3,0.1,0.09122110085856473,0.1,0.10107718762909088,0.2,0.20071648082896693,0.5,0.4631759770513839,10068.604632561544,-4647.885502749647
4,0.1,0.05674784273763335,0.1,0.09508226636026389,0.2,0.19553755056582858,0.5,0.4729277781962206,10029.96623773777,-4632.737440838091
5,0.1,0.11879744881511997,0.1,0.09459751587276502,0.2,0.19744838266142553,0.5,0.5415326280386906,10069.57293841918,-4665.113545126455
6,0.1,0.09974933736587618,0.1,0.0989141686332186,0.2,0.2026268078787174,0.5,0.4900091148466583,9983.22726253217,-4619.553555278782
7,0.1,0.0796433417187207,0.1,0.11229937822945639,0.2,0.22831807672136573,0.5,0.4927814422399635,9855.362370578589,-4664.339650287788
8,0.1,0.11848819612439948,0.1,0.09455572424014394,0.2,0.20603031192296786,0.5,0.6464875316698454,10077.24953580005,-4650.594141444001
9,0.1,0.10345943893836401,0.1,0.10104047450651671,0.2,0.20280468878647437,0.5,0.5587077104851973,9924.263141352616,-4663.768860409472
10,0.1,0.1843861750178696,0.1,0.10043564756914572,0.2,0.21187994677470645,0.5,0.5819441209158949,10029.073589835412,-4617.8022121092035
11,0.1,0.0675820017928032,0.1,0.09379167528602246,0.2,0.17757595016462205,0.5,0.4743884280742177,10090.615172869238,-4646.292653210687
12,0.1,0.08723428808220389,0.1,0.0966836706348081,0.2,0.20524163445747015,0.5,0.568380745331955,10072.811679983775,-4602.605960133638
13,0.1,0.14954593626527427,0.1,0.09929179236531901,0.2,0.20362688347452923,0.5,0.5271362458248909,9930.93509249358,-4649.36133626566
14,0.1,0.10429941961361006,0.1,0.09750941899257115,0.2,0.19564313883154882,0.5,0.48810413667121255,9937.405964567954,-4616.142913614101
15,0.1,0.05844433112906849,0.1,0.10022383732525425,0.2,0.18590990025733065,0.5,0.44000798682609255,10064.50748969144,-4627.615059668099
16,0.1,0.07436947299541154,0.1,0.09736038317367086,0.2,0.1792330766541,0.5,0.48668488162423745,10075.648674545866,-4654.395701942654
17,0.1,0.07241756118691337,0.1,0.09581797098770645,0.2,0.18108353846526698,0.5,0.4594251804129383,10039.079307303502,-4636.145649496506
18,0.1,0.1492128125431945,0.1,0.11004654886484869,0.2,0.23123898669784243,0.5,0.46350300139889355,9868.2762521851,-4646.37839760932
19,0.1,0.06143760486848322,0.1,0.09897723251351495,0.2,0.19690111790880507,0.5,0.48018105297637204,10034.47949004279,-4674.355551096124
20,0.1,0.13152522163149688,0.1,0.10074226768854273,0.2,0.20115070640322938,0.5,0.4928909946395804,10001.4912869644,-4676.199731471677
1,0.1,0.07906654825739927,0.1,0.09733954659627599,0.2,0.19063614227753145,1.0,0.9443679415601391,10013.508352513714,-4999.118924727256
2,0.1,0.05096981084022975,0.1,0.0937456540010407,0.2,0.20183487464322644,1.0,1.1871025608390597,10027.278595387217,-4994.515268691322
3,0.1,0.15282851676282877,0.1,0.09332114522837456,0.2,0.21157228580064463,1.0,1.1263439714473575,10056.0752281033,-4991.6113348109575
4,0.1,0.11170909421844263,0.1,0.10081105318952727,0.2,0.20346549519099594,1.0,0.9867508785062671,9992.101131450818,-5017.214275687265
5,0.1,0.1560095995708845,0.1,0.09889982509312688,0.2,0.19542157781168965,1.0,0.9882291343409646,10051.893252493912,-5041.830858337585
6,0.1,0.16180501362695215,0.1,0.09396852103247522,0.2,0.18471959921707548,1.0,1.0258481230884584,10040.840763302347,-4996.995680636266
7,0.1,0.0627836531080713,0.1,0.10010733224075577,0.2,0.1998434004000819,1.0,1.003781598852043,9994.186822786918,-5007.405774816066
8,0.1,0.08500265028446004,0.1,0.09815637183327881,0.2,0.18676430058395255,1.0,0.9198088162052758,10012.261899956671,-4995.863677563951
9,0.1,0.08702873722774115,0.1,0.10131119288210691,0.2,0.18761580298601924,1.0,0.9218070244258828,9986.593735590386,-5015.310528602607
10,0.1,0.10013610315625224,0.1,0.0980764359453603,0.2,0.19822091598302868,1.0,1.0454259589785546,10054.095369117222,-5009.381185073169
11,0.1,0.1284759293645011,0.1,0.10658719272857833,0.2,0.19775895367334312,1.0,0.8690021509223318,9887.151022921018,-4974.177895731044
12,0.1,0.09150730097985266,0.1,0.09819287799935862,0.2,0.1918305882458418,1.0,1.0038940896209239,10013.145248070603,-5009.429308823022
13,0.1,0.11984896653504766,0.1,0.09472529138910918,0.2,0.19124276549500485,1.0,0.9803687782350893,10111.159252213854,-4991.05065332262
14,0.1,0.05164737073226407,0.1,0.10254684032918855,0.2,0.21543592336124226,1.0,0.9390471363515894,9904.957851699013,-4980.724768895165
15,0.1,0.12628579888228691,0.1,0.10301745256374102,0.2,0.21617682006565378,1.0,1.0586565115090696,9867.656142254735,-4976.574305735744
16,0.1,0.16226660980779423,0.1,0.09826750260567899,0.2,0.2109415218307182,1.0,1.0847705372319454,10019.728326720986,-4983.826644913539
17,0.1,0.1021686291134109,0.1,0.10113552852563235,0.2,0.19850267301338784,1.0,0.9678807559422046,9985.760967407692,-5008.518060185013
18,0.1,0.1412865894857991,0.1,0.09551894534820192,0.2,0.18814256807558996,1.0,0.9977734924513852,10031.990574878757,-4981.269235223661
19,0.1,0.1375114330048925,0.1,0.09409988953580373,0.2,0.1846704154862749,1.0,0.9825229951642053,10071.707983126116,-4979.803154330293
20,0.1,0.12458757726219523,0.1,0.10252250227981867,0.2,0.19164098813818128,1.0,0.9245531793348014,9938.729409500576,-5027.477324526043
1,0.1,0.0707843673949017,0.1,0.0913438141162169,0.2,0.2212700246136149,1.5,1.7257327334049268,9963.605154670995,-5244.6624153725925
2,0.1,0.13972634696357805,0.1,0.08847751155745706,0.2,0.1860530666161015,1.5,1.6880607998187087,10062.747818760017,-5225.1197532693295
3,0.1,0.09494483765806348,0.1,0.09906742155352302,0.2,0.2082143706535205,1.5,1.6093619187645403,9997.468065905385,-5247.224540246226
4,0.1,0.0917822834768876,0.1,0.09925838875872801,0.2,0.2006569733527595,1.5,1.542887802814567,9951.064115725227,-5202.829994431284
5,0.1,0.06331645110175017,0.1,0.0991819715884585,0.2,0.1978967285190183,1.5,1.5110711305216802,10000.508272840354,-5241.87344415211
6,0.1,0.11997520127690837,0.1,0.0991370573360639,0.2,0.1992217863694823,1.5,1.499229310857327,9940.714325033741,-5234.884599300418
7,0.1,0.0903876948753452,0.1,0.10331972633416121,0.2,0.1947308663235943,1.5,1.4162046366037429,9985.181481631233,-5225.892828720211
8,0.1,0.16791465004228676,0.1,0.10148485388806686,0.2,0.18789252007724438,1.5,1.4436415131211313,9930.655784046383,-5220.873156202562
9,0.1,0.059229963127960805,0.1,0.10515122624358372,0.2,0.21564792638848682,1.5,1.4206337276966916,9910.347696045308,-5252.465226527149
10,0.1,0.16078375184303764,0.1,0.10156021700271511,0.2,0.1932153336873383,1.5,1.4452369631166424,10016.592395881216,-5257.12446660589
11,0.1,0.08567890303816683,0.1,0.10173983731671392,0.2,0.1973648468457518,1.5,1.4270636236279204,9974.225300711645,-5243.605637501512
12,0.1,0.09578574660839835,0.1,0.09560742370172548,0.2,0.21499023457431188,1.5,1.7897042958315026,9988.6524737612,-5227.13918753528
13,0.1,0.1874889472040662,0.1,0.09915405926875066,0.2,0.20531610745839998,1.5,1.5474135840542973,9987.687742202792,-5237.6364375341755
14,0.1,0.07473285852654116,0.1,0.10768167364117312,0.2,0.22030410875615933,1.5,1.502392194567733,9938.871689413409,-5228.830147559085
15,0.1,0.09587208947950299,0.1,0.10779090679662737,0.2,0.22905339090372745,1.5,1.3986426059814916,9946.764673526157,-5233.429956199454
16,0.1,0.09580276729072486,0.1,0.0916616969741982,0.2,0.19229489623131563,1.5,1.5905713590068664,10048.379768138933,-5229.771806220524
17,0.1,0.06617133624102582,0.1,0.09727328092791568,0.2,0.19422670295196576,1.5,1.4366073268718844,10042.151497513165,-5251.751504281576
18,0.1,0.05098273354854657,0.1,0.09795620927429666,0.2,0.19867847725555982,1.5,1.5516469568972697,9939.23936414246,-5248.931048635626
19,0.1,0.14054408989719325,0.1,0.09651899289342737,0.2,0.2122944386551058,1.5,1.6685534448473731,10067.040479949776,-5258.413646789424
20,0.1,0.06486069171429243,0.1,0.09897348599172609,0.2,0.19959098932917796,1.5,1.5307958205367813,10055.095466819786,-5204.736869213225
1,0.1,0.054708077905529506,0.1,0.0944070804917558,0.3,0.29124883846870236,0.5,0.4968676828226356,10057.286767852633,-4155.746523873112
2,0.1,0.06363586109034132,0.1,0.09556401220466484,0.3,0.2987295270495785,0.5,0.5236057769327466,10069.16112860846,-4117.434260392475
3,0.1,0.10724892941947416,0.1,0.09860295075203916,0.3,0.3023991518509114,0.5,0.4919689719743471,9917.358299294156,-4141.8498702928755
4,0.1,0.05253998392373788,0.1,0.09603945093726862,0.3,0.29979178062440753,0.5,0.4903533923096762,10018.624580611808,-4113.4945648362855
5,0.1,0.059114375603644354,0.1,0.09306502686535069,0.3,0.2934649852448495,0.5,0.5196059976427002,10028.795961039361,-4111.996576287404
6,0.1,0.18528855835142644,0.1,0.09800979222487607,0.3,0.2812260146420143,0.5,0.4861678995234746,10005.368967796276,-4145.305864078227
7,0.1,0.10223775985523366,0.1,0.09628979237830528,0.3,0.30012334109549216,0.5,0.5316826488329667,10045.88920053655,-4130.586660987987
8,0.1,0.14200111066266718,0.1,0.09863898225181689,0.3,0.2948747685340523,0.5,0.5208331885440214,10028.254709320412,-4124.241146891126
9,0.1,0.07151571482577698,0.1,0.0976946486525738,0.3,0.2963935566746999,0.5,0.5177322042953854,9981.94821787493,-4148.795504162782
10,0.1,0.15057031896064157,0.1,0.09979138791058909,0.3,0.30360433414696475,0.5,0.5015875026396374,9942.457377139437,-4122.4389410084
11,0.1,0.07499540342735092,0.1,0.097199441240061,0.3,0.2854760153773973,0.5,0.43738612040372,10031.172319583839,-4125.750893337659
12,0.1,0.06654813788858258,0.1,0.09660262024538745,0.3,0.30180382547996315,0.5,0.5133697442606358,10030.89840285324,-4142.8215241803355
13,0.1,0.09354959940206257,0.1,0.09593237439875932,0.3,0.2971606986717916,0.5,0.4937478346514391,10002.313097035174,-4107.80425522438
14,0.1,0.10647990664851496,0.1,0.0978672155683885,0.3,0.29697705383261364,0.5,0.4726529162959564,10091.701477778919,-4145.728238347793
15,0.1,0.11874958039099978,0.1,0.10130292253850937,0.3,0.28837256242335135,0.5,0.44077927612893225,9960.702951198413,-4111.592324980244
16,0.1,0.05815127670280389,0.1,0.09942891182603165,0.3,0.2946541658116444,0.5,0.4740277203259624,9990.113746187775,-4128.398106873459
17,0.1,0.1468837373249893,0.1,0.09934953475150007,0.3,0.3122454253787467,0.5,0.5372668071680206,10016.96495263743,-4101.814079961756
18,0.1,0.08509550968707585,0.1,0.09574036482903267,0.3,0.29952361021309876,0.5,0.4803897583084569,10018.212709613637,-4115.525223345449
19,0.1,0.05136930602564602,0.1,0.09945032038780785,0.3,0.31704480913699706,0.5,0.4769119164604574,9875.512671365985,-4119.009443973301
20,0.1,0.1328021134263359,0.1,0.10434553165532749,0.3,0.30881784203607937,0.5,0.4536561008388871,9979.335298802238,-4117.842282791495
1,0.1,0.1725166749658636,0.1,0.0996748155609218,0.3,0.30353892787891273,1.0,0.9853550515450886,9942.19963826862,-4727.030976471406
2,0.1,0.06439997599647147,0.1,0.10019824039996461,0.3,0.29689000674063337,1.0,0.9983584735407312,9969.654204022574,-4706.579198703789
3,0.1,0.0963649056228983,0.1,0.10346357669461125,0.3,0.2910755653443145,1.0,0.9527000028809952,10015.254288537844,-4726.88620960763
4,0.1,0.11504965771896382,0.1,0.10447780839255119,0.3,0.27839368876929965,1.0,0.8897843479428634,10005.311329581507,-4720.089249779404
5,0.1,0.15128847266436182,0.1,0.09702246084006923,0.3,0.2862983084714854,1.0,0.944448551805687,10044.730217073566,-4724.0498615710185
6,0.1,0.1557938174197072,0.1,0.09965620979600806,0.3,0.3121381931957117,1.0,1.009670561721673,10022.230767519146,-4730.985637123718
7,0.1,0.14346480558612,0.1,0.09591945523264166,0.3,0.29347837726293924,1.0,1.0107608220018975,10007.079621240626,-4730.40196721704
8,0.1,0.09957928476765558,0.1,0.10053125614626165,0.3,0.3029381746814217,1.0,0.9757030367736729,9987.610827909059,-4742.502579442522
9,0.1,0.10814509569126186,0.1,0.10163308391769564,0.3,0.25949537230807534,1.0,0.8808483178991754,10007.79406718748,-4719.652724440139
10,0.1,0.10891847416892873,0.1,0.10194743848912591,0.3,0.29758939868406264,1.0,0.9447312426203366,10032.19073229041,-4721.422487302671
11,0.1,0.18694000825996318,0.1,0.102035686020436,0.3,0.2951657471996944,1.0,0.9800884280234554,9976.89110937708,-4713.113553131514
12,0.1,0.07559942611091978,0.1,0.10455181627285312,0.3,0.28700009184381,1.0,0.9006201194701501,9970.326928418219,-4698.0535441724605
13,0.1,0.17573052331400943,0.1,0.09926026722463692,0.3,0.28643581713588345,1.0,0.9704501820184892,10084.172431914918,-4726.125101688522
14,0.1,0.13064987588988475,0.1,0.09159206985574828,0.3,0.2586980593264258,1.0,1.0136998229772491,10172.267402567466,-4750.263078605234
15,0.1,0.16077410516759377,0.1,0.09854820197266996,0.3,0.3155710167555332,1.0,1.0646015080448408,9852.954705011487,-4719.835499269709
16,0.1,0.0714462399255714,0.1,0.0964976805985937,0.3,0.303100050721722,1.0,1.0379051292947419,10045.829108272967,-4717.001969012497
17,0.1,0.06872101844371713,0.1,0.09728873404082607,0.3,0.29137018834240774,1.0,1.0271677290517935,9931.78222584033,-4716.913913258082
18,0.1,0.10907609510891224,0.1,0.1012341095634193,0.3,0.31537072281759077,1.0,1.0080620939350504,9948.75680113336,-4738.3690420913645
19,0.1,0.10180821961092155,0.1,0.10202512008479121,0.3,0.30508934331798215,1.0,0.9532036550768589,9984.501893701003,-4698.188652913514
20,0.1,0.11343518714832268,0.1,0.10384392363823235,0.3,0.29464204076899647,1.0,0.9208363822677667,9967.792592564552,-4732.2169301768745
1,0.1,0.15165586198693604,0.1,0.09783412916410408,0.3,0.2791499002118864,1.5,1.458713448686198,10081.94318927605,-5070.119301942123
2,0.1,0.08839599661732864,0.1,0.10077946772340855,0.3,0.3074765330785247,1.5,1.5001003921107743,9925.619022161967,-5065.997795853118
3,0.1,0.057301724760705025,0.1,0.0987600083106084,0.3,0.2913880729634492,1.5,1.4953051886031226,9942.994301570456,-5071.586747753807
4,0.1,0.15782955602562496,0.1,0.09572855515396606,0.3,0.2971360920378782,1.5,1.5475320214607704,10018.507944547402,-5044.342006126799
5,0.1,0.08373154149126026,0.1,0.09514059808826354,0.3,0.2957629153054017,1.5,1.535595131195042,10008.78975384118,-5056.3325111856775
6,0.1,0.06444654361543048,0.1,0.09833167618649996,0.3,0.30019912258348236,1.5,1.5307073664823156,10003.862604918744,-5063.201890087125
7,0.1,0.16442841053480686,0.1,0.09526733490875267,0.3,0.289414241412997,1.5,1.6248825650819347,10013.29278969425,-5063.8793554426065
8,0.1,0.11033348658845801,0.1,0.09774468714389038,0.3,0.29201531586635104,1.5,1.5787196648248338,10047.90427655658,-5075.834583802092
9,0.1,0.14387641503502172,0.1,0.09579760889702357,0.3,0.3067154327854367,1.5,1.6346607670718705,10039.469868844473,-5073.057636611664
10,0.1,0.12377049766814725,0.1,0.10275308247936553,0.3,0.28259272924057594,1.5,1.4400586810148974,9914.1986747501,-5082.012992052088
11,0.1,0.1400232964388861,0.1,0.09492479733518049,0.3,0.297637634395244,1.5,1.5712681376348157,9991.391991152617,-5083.5086489804125
12,0.1,0.131091575472044,0.1,0.10029377890066558,0.3,0.28265499674752215,1.5,1.4710419280092621,10043.839421534065,-5086.6919398806
13,0.1,0.05470597859786622,0.1,0.09513512040763258,0.3,0.2924504586740728,1.5,1.6046365498643165,10025.116042934767,-5058.339812958717
14,0.1,0.05670793715689549,0.1,0.10168134930848591,0.3,0.29031316331766077,1.5,1.4510469577506857,9977.602374486398,-5075.198763423872
15,0.1,0.08508020395719876,0.1,0.10446883814252476,0.3,0.3144895629021013,1.5,1.404420792684098,9953.40205746599,-5072.341965648431
16,0.1,0.1802260658790534,0.1,0.1020151641108949,0.3,0.31083142565839045,1.5,1.4591729280020531,10009.841521816235,-5096.666033274814
17,0.1,0.08733798151468729,0.1,0.095525771431483,0.3,0.2800432143574707,1.5,1.4949633122420833,10000.050779692954,-5116.175025507576
18,0.1,0.08258523003813624,0.1,0.09766006024435037,0.3,0.2834968663494989,1.5,1.4648190839908115,10025.162596225826,-5093.2417048278185
19,0.1,0.1657922751563638,0.1,0.10228641102839665,0.3,0.2909880481679022,1.5,1.4266686202309118,9963.301851230823,-5090.697533077284
20,0.1,0.11912103027192923,0.1,0.10149646218600364,0.3,0.296863849229233,1.5,1.4941987571265676,9966.776724307576,-5068.227186779321
1,0.1,0.051193909806894866,0.25,0.24770725563783058,0.1,0.10114736861256393,0.5,0.6525381998166417,9998.99453910222,-5867.556833118266
2,0.1,0.09820317682127033,0.25,0.24169988489345662,0.1,0.0968717726428755,0.5,0.48040463165524616,10098.612390423004,-5848.145967802035
3,0.1,0.11062335903569452,0.25,0.25420834703419243,0.1,0.09941631807762857,0.5,0.46800424326045603,9995.969360909292,-5827.7230439296345
4,0.1,0.08538351962016069,0.25,0.2501092350874377,0.1,0.09906068313829633,0.5,0.42799260124966176,9985.85439337645,-5853.597099520976
5,0.1,0.14511797302477364,0.25,0.24076026884114074,0.1,0.09668174221993216,0.5,0.5288183556582269,10095.777399774257,-5859.163573457981
6,0.1,0.1402238799011257,0.25,0.2525669621300236,0.1,0.10016869109858355,0.5,0.5105725052917417,9972.665345901572,-5819.108043530042
7,0.1,0.06031439382869327,0.25,0.2416286706440717,0.1,0.0959633273145489,0.5,0.5478571984245529,10093.751033569071,-5870.443940559728
8,0.1,0.14131300752032813,0.25,0.25407055118033073,0.1,0.10041642142405642,0.5,0.511995192854705,9995.829502661247,-5815.502459924437
9,0.1,0.0854630488761303,0.25,0.25130206309344866,0.1,0.09945198023847604,0.5,0.4595253728041678,9981.363841708486,-5871.357632907917
10,0.1,0.15678971146655454,0.25,0.2487942676052974,0.1,0.10375576622074613,0.5,0.6753095879416637,9976.99504439489,-5867.230777983948
11,0.1,0.0878942038614655,0.25,0.24286339334123924,0.1,0.09431029127033436,0.5,0.42273963646521945,10112.322248207209,-5855.852797092675
12,0.1,0.11016165730714765,0.25,0.25620894454236176,0.1,0.10017965956477771,0.5,0.38946710661261963,10053.396736411578,-5865.03100942003
13,0.1,0.07735720604200602,0.25,0.23955602328784362,0.1,0.09892294766050871,0.5,0.6115096185944491,10022.829666320195,-5846.2470692510215
14,0.1,0.0916396932483351,0.25,0.2541401287673309,0.1,0.09992833638923489,0.5,0.39459229234605664,10033.550851592643,-5835.399361645028
15,0.1,0.08598843953353316,0.25,0.24085999200974362,0.1,0.09837062445538827,0.5,0.4891881891317984,10025.96347384597,-5855.906147884372
16,0.1,0.1156314890707143,0.25,0.2499622432746272,0.1,0.1021961408138002,0.5,0.5430848703511787,9971.431473661924,-5877.760939127735
17,0.1,0.05955215509436288,0.25,0.24199700228078783,0.1,0.0955334971255177,0.5,0.38788003578555114,10075.754833103329,-5871.728551427837
18,0.1,0.13502413970956487,0.25,0.24819022988935666,0.1,0.09900583397876726,0.5,0.4737484807538103,9959.925161613455,-5835.294061677858
19,0.1,0.055138720168535355,0.25,0.2344602465834105,0.1,0.0965449693236614,0.5,0.4550784571831065,10019.532187906329,-5844.95754381339
20,0.1,0.16998481316167574,0.25,0.23843377466535198,0.1,0.09346538410814044,0.5,0.518513622732247,10040.99593072112,-5868.388024784632
1,0.1,0.09908116884899895,0.25,0.25024438738540333,0.1,0.09822089023386885,1.0,0.9495149065911961,10043.74791401819,-5837.689549553854
2,0.1,0.1301716347849222,0.25,0.27046940299299327,0.1,0.10891042556241204,1.0,0.9376540679385005,9903.336996291826,-5863.999315299508
3,0.1,0.058045421467911335,0.25,0.24794852727062422,0.1,0.0985988888000917,1.0,1.0695639225712483,10019.139173938953,-5834.921691259635
4,0.1,0.10631718115602848,0.25,0.2376202647844111,0.1,0.0966407987785526,1.0,1.000720307495343,10109.634930608678,-5903.366205787519
5,0.1,0.08185265332429774,0.25,0.25133069473544467,0.1,0.10036858146223307,1.0,0.9646622968585877,9971.834529702239,-5845.012799430612
6,0.1,0.09578177365802695,0.25,0.22603495457559744,0.1,0.09377246943260897,1.0,1.2606652504597813,10138.711603485699,-5852.06149022803
7,0.1,0.05527195139778514,0.25,0.24300498542161245,0.1,0.09487946821701301,1.0,0.785921376836415,10031.478164460537,-5863.597552027795
8,0.1,0.13781912955947193,0.25,0.2556854768653212,0.1,0.10454111488575739,1.0,1.135408078741687,9924.774979550968,-5839.766793299255
9,0.1,0.16982401987574913,0.25,0.2509980612363302,0.1,0.09749445138846215,1.0,1.025331152158021,10056.222380321324,-5860.452577535887
10,0.1,0.06214729571991037,0.25,0.24975279072242956,0.1,0.09745764454445417,1.0,0.8839786194000925,9948.614530849993,-5857.157165658792
11,0.1,0.10964212123892586,0.25,0.24787131985746413,0.1,0.09710303006487443,1.0,0.8791581122046681,9964.311000295995,-5826.738101974179
12,0.1,0.05126189064325458,0.25,0.24138061270428254,0.1,0.09940952598970497,1.0,1.1419531518065822,10050.527237545659,-5859.478075296547
13,0.1,0.05097137029049402,0.25,0.24495975384535432,0.1,0.09919245073079945,1.0,1.138293894263106,10041.973275042208,-5845.177705561554
14,0.1,0.19036787138819836,0.25,0.25395877413693996,0.1,0.10031018458764526,1.0,1.053834354290171,9969.473375248866,-5831.890113104352
15,0.1,0.1171783542716573,0.25,0.2517449341845209,0.1,0.1004404165298652,1.0,1.0380017548999052,10055.428431285392,-5854.474149729913
16,0.1,0.07623877200201072,0.25,0.23382630202376528,0.1,0.09302298972858855,1.0,1.3161903373944837,10028.066423433678,-5812.283076796112
17,0.1,0.060367881720866164,0.25,0.25664675045845026,0.1,0.10186969693525096,1.0,0.9576466639926644,10009.240541096695,-5844.360331793558
18,0.1,0.17580324435766992,0.25,0.24753047417516805,0.1,0.09956269509247219,1.0,1.105250035339706,10037.074152120822,-5841.9174086403145
19,0.1,0.08617796579521451,0.25,0.25512149801817313,0.1,0.09657059957782882,1.0,0.8600646226896855,10023.109796598075,-5862.895261175208
20,0.1,0.0721159637359102,0.25,0.2534094761797756,0.1,0.09702399827577751,1.0,0.7023134219077228,9975.613783929917,-5842.12223353596
1,0.1,0.06288789325155184,0.25,0.24676688969453103,0.1,0.09942137380853003,1.5,1.5775830077606339,10069.447862915611,-5829.2310642068405
2,0.1,0.1549285536460226,0.25,0.2442855445557651,0.1,0.09918441476060695,1.5,1.6135979684001365,10022.135006369035,-5850.253226144288
3,0.1,0.13720261593802377,0.25,0.2537566005475386,0.1,0.10435168041000754,1.5,1.719599931118488,10000.024668441398,-5839.3147554106545
4,0.1,0.13501809616731394,0.25,0.24745703521941045,0.1,0.09946089443041028,1.5,1.5342669319165694,9956.127322287872,-5806.586207490534
5,0.1,0.07747252346897016,0.25,0.24485893136338027,0.1,0.09807226418323038,1.5,1.3962119254890046,10036.555739017553,-5846.046010795013
6,0.1,0.051095403558257466,0.25,0.25353419752132,0.1,0.09828479439527578,1.5,1.3712705813068689,9903.20730715639,-5847.00118441557
7,0.1,0.11711430109681215,0.25,0.23397957466569352,0.1,0.0952967539925731,1.5,1.6098416653922594,10126.621454715798,-5832.135320978846
8,0.1,0.05667124211592729,0.25,0.2631416825029892,0.1,0.10631923977141713,1.5,1.4976702759484675,9816.214420531807,-5847.919581946416
9,0.1,0.1705672742979202,0.25,0.2530119971120676,0.1,0.1015096279041134,1.5,1.513078462100631,9916.291114007667,-5814.962034867351
10,0.1,0.1842580358143379,0.25,0.25703194133605517,0.1,0.10674178227168987,1.5,1.6456217405774953,9954.273375271388,-5871.838230467182
11,0.1,0.0531405068258833,0.25,0.2534761068909863,0.1,0.09989638883981496,1.5,1.6411562361918632,9920.948630284747,-5831.135624927264
12,0.1,0.07901964812210854,0.25,0.26418656155610426,0.1,0.10588955459130887,1.5,1.5377997570920001,9942.248105988805,-5838.933080717654
13,0.1,0.09035237977263819,0.25,0.252800758744864,0.1,0.10331252091009678,1.5,1.5777256078137465,9931.966344110042,-5837.298761269468
14,0.1,0.07853877871724334,0.25,0.25191382590045336,0.1,0.10076467517222652,1.5,1.4268869130747535,9964.75230586949,-5813.660722616162
15,0.1,0.09150950433849712,0.25,0.2550835169295409,0.1,0.10297973652557821,1.5,1.4557809237823545,9950.865204352502,-5836.381587584616
16,0.1,0.12506744375397466,0.25,0.23951256118728698,0.1,0.08866629715770323,1.5,1.3298914730684332,10064.227968217041,-5811.88626749548
17,0.1,0.1875920549752038,0.25,0.25289890260089093,0.1,0.09985019748645524,1.5,1.492576964799523,10030.39104061412,-5866.74585834696
18,0.1,0.15418631980692737,0.25,0.24717853910092197,0.1,0.09526954800356056,1.5,1.339744630919829,10067.322480946035,-5842.732608109693
19,0.1,0.17888885868357904,0.25,0.23715876830289528,0.1,0.09310519607704247,1.5,1.564065223818549,10058.382260981123,-5871.70220908296
20,0.1,0.06313325822403068,0.25,0.25450963219914924,0.1,0.1054376715147804,1.5,1.5571332259078727,9932.326193431398,-5828.188519576287
1,0.1,0.12230883662197328,0.25,0.24940429743474757,0.2,0.1892093509829761,0.5,0.5210969822740117,10050.070280158841,-5756.349237049965
2,0.1,0.06777830097388778,0.25,0.23757982763509386,0.2,0.18938913614086092,0.5,0.49391262632330657,10060.799907993918,-5762.7689223207035
3,0.1,0.17152452730766946,0.25,0.25232718314124936,0.2,0.18999801732604243,0.5,0.4997426131285958,9978.021926302661,-5735.055793498607
4,0.1,0.1091324191830834,0.25,0.2409231137922457,0.2,0.19435588268290835,0.5,0.4381577223996953,10069.212737163827,-5775.2052934049725
5,0.1,0.08333348889651387,0.25,0.25491570178454326,0.2,0.19900696762911152,0.5,0.4574298607492252,10020.563174580235,-5733.161155995392
6,0.1,0.18522100196100272,0.25,0.2505107127718627,0.2,0.2004790978425436,0.5,0.5529392046165953,10007.202964514492,-5766.741885609608
7,0.1,0.06846879828165316,0.25,0.2505052733294009,0.2,0.19312198366495065,0.5,0.47632263274821873,9979.25175777809,-5769.603560250768
8,0.1,0.05087842118887931,0.25,0.24920295806126672,0.2,0.1980408654723019,0.5,0.46396875413394645,10027.889667363139,-5765.909711402919
9,0.1,0.06030458287649047,0.25,0.2481000763802555,0.2,0.19750342848547153,0.5,0.4638024359830149,9994.989535655654,-5759.61171483564
10,0.1,0.15678764313194204,0.25,0.2553528703104635,0.2,0.20233243956675076,0.5,0.5134996626930113,9988.253690407892,-5745.607440830051
11,0.1,0.0805151360814386,0.25,0.24705336475741424,0.2,0.19846359538710032,0.5,0.4602596969734095,9955.795588961695,-5757.632805908096
12,0.1,0.0742012218235088,0.25,0.25481060225444924,0.2,0.20180422763348518,0.5,0.46834802337936027,9980.984549193876,-5749.0457302772575
13,0.1,0.0856207693711482,0.25,0.24848155541912384,0.2,0.2027546170033141,0.5,0.4823408853752942,10050.49168536788,-5730.125093377698
14,0.1,0.18928724577201922,0.25,0.2535802486899209,0.2,0.20400853974694594,0.5,0.518281028499995,9977.040963673435,-5747.951441587139
15,0.1,0.08202215242421614,0.25,0.24971815225481006,0.2,0.19604853076809423,0.5,0.4976163079881094,9999.040122145352,-5722.264315010323
16,0.1,0.14598773584371907,0.25,0.24839443032054695,0.2,0.19913517499935932,0.5,0.4916512500567919,10009.229736960158,-5737.90608744534
17,0.1,0.127289957545426,0.25,0.2533102713085908,0.2,0.19964515828168133,0.5,0.4642557287990981,9939.392226064689,-5722.358152152621
18,0.1,0.1328004291652936,0.25,0.24976989244322323,0.2,0.19971851144640565,0.5,0.4721109702983292,9951.360143689111,-5720.230047823365
19,0.1,0.09758772547385235,0.25,0.2539290140450695,0.2,0.19691747182269342,0.5,0.48211393525180946,9930.146937307622,-5758.62679872728
20,0.1,0.1476557388842979,0.25,0.2488797460519176,0.2,0.19625117776555662,0.5,0.49278136826349955,10023.887755281952,-5730.050615332852
1,0.1,0.06864916096372596,0.25,0.24240632623908728,0.2,0.1980991098169937,1.0,1.1007629890472392,10084.24085566817,-5872.111616432214
2,0.1,0.12435820504692459,0.25,0.2285434866747239,0.2,0.18340502508050993,1.0,1.0654284122487432,10191.151401814299,-5865.210918190484
3,0.1,0.07867574819301526,0.25,0.2521026909025776,0.2,0.2029469081814435,1.0,1.022100692225383,10015.793568214647,-5861.961149138786
4,0.1,0.08540494994211051,0.25,0.24962540034614897,0.2,0.20437624424787612,1.0,1.0521292591757565,9991.673892073619,-5849.102035268014
5,0.1,0.05267874871987938,0.25,0.2477797870187954,0.2,0.18997132231829128,1.0,0.9052249155885825,10042.583906836013,-5821.8454069824
6,0.1,0.07333571456605677,0.25,0.2540300923418787,0.2,0.20415985170898782,1.0,0.9208709170148951,9986.726303240886,-5851.036662662867
7,0.1,0.14663903007165582,0.25,0.24900250922210157,0.2,0.19706279810043797,1.0,1.0282172417034126,9963.437260813336,-5861.619327752622
8,0.1,0.12917176988202933,0.25,0.2534125466060113,0.2,0.1996422957190459,1.0,0.9978474605360571,10027.067566994194,-5831.623370808862
9,0.1,0.08043678104322194,0.25,0.24560087221410654,0.2,0.19459555381774166,1.0,1.055419139684317,10007.981550280569,-5862.572928763882
10,0.1,0.12749441927399321,0.25,0.25606455453576976,0.2,0.21001922048307872,1.0,1.0619152573811348,9917.265471622863,-5839.744127645086
11,0.1,0.10328673317789452,0.25,0.2365974247612288,0.2,0.1845960564662074,1.0,1.0748520464038223,10039.338962674108,-5853.100253092585
12,0.1,0.05297071561944295,0.25,0.2546178505415688,0.2,0.19846094319315388,1.0,0.9957813672485377,9938.241330680083,-5831.720707522391
13,0.1,0.07463510900412784,0.25,0.24697436737888662,0.2,0.20400372770419667,1.0,1.1130071068141474,10041.52114216051,-5854.632044789789
14,0.1,0.16662079637767593,0.25,0.25230915480978966,0.2,0.20234595340423944,1.0,0.9941690766938495,9998.581399254294,-5841.700950771595
15,0.1,0.0644023977412337,0.25,0.2477429728642906,0.2,0.19670042948541336,1.0,0.931927814862259,10066.547156405315,-5837.826078931967
16,0.1,0.0626231024125483,0.25,0.24968789546181505,0.2,0.2082111219884358,1.0,1.075563381738953,9942.20397121055,-5841.540600481293
17,0.1,0.16107223025768977,0.25,0.24608697728181134,0.2,0.1992136902964501,1.0,1.0148063209569735,10046.407635275602,-5834.10092249264
18,0.1,0.08446203824879782,0.25,0.251379517278008,0.2,0.1932870935973241,1.0,0.9111889194178947,9932.478055720634,-5848.103823328909
19,0.1,0.13772466857159602,0.25,0.25222102762399107,0.2,0.20606360434155857,1.0,1.0439126793572657,9906.997241610035,-5813.255145204645
20,0.1,0.12555467968746878,0.25,0.24822394576052786,0.2,0.194288772471254,1.0,0.9467283651651045,9991.798563642587,-5848.386135097544
1,0.1,0.06824046265194848,0.25,0.247383940066691,0.2,0.19252008723995606,1.5,1.4560557655056419,10015.89568282949,-5948.824939141455
2,0.1,0.17521729861683108,0.25,0.25379562366671876,0.2,0.21228411502948502,1.5,1.598307155484003,9858.562780137821,-5870.228793057047
3,0.1,0.06716497869908714,0.25,0.2463353430222954,0.2,0.19676475367034385,1.5,1.4411410047130766,10066.02720114167,-5897.153887083576
4,0.1,0.09363157977672297,0.25,0.23734112604394159,0.2,0.17314622980404878,1.5,1.379588746172435,10057.417186036646,-5926.923861123123
5,0.1,0.0917784470827249,0.25,0.2553806186238759,0.2,0.20880472088358942,1.5,1.3605515261494439,9875.553074784397,-5924.132745531348
6,0.1,0.10428601148449429,0.25,0.251579652303517,0.2,0.19414227495709782,1.5,1.4688982317785468,9979.165820651575,-5930.508043524307
7,0.1,0.09329852689938152,0.25,0.24281427729085373,0.2,0.200147324447643,1.5,1.5830451668622285,10101.173188025734,-5904.58756440586
8,0.1,0.12297018680751652,0.25,0.2442003592802125,0.2,0.18341153392366735,1.5,1.4198353363905039,10016.648160973404,-5928.079222274622
9,0.1,0.06546588637450901,0.25,0.25842076565662647,0.2,0.20027564073829623,1.5,1.4074987017891984,9870.041223738193,-5899.029186542959
10,0.1,0.055363666640129094,0.25,0.24628832529928865,0.2,0.18601314214915038,1.5,1.3909513494558159,9945.179758519917,-5919.229940686082
11,0.1,0.16039794687217987,0.25,0.25652066456107037,0.2,0.2131629808603791,1.5,1.6332813702867077,9940.069150263489,-5919.98051428551
12,0.1,0.05231156454983003,0.25,0.2507893245508338,0.2,0.2046733579950762,1.5,1.468711642084121,9942.295086964128,-5930.746581036312
13,0.1,0.11206810173848587,0.25,0.24250950406131724,0.2,0.19805022292033442,1.5,1.6412070053390901,10050.916992856099,-5928.505058401414
14,0.1,0.08128462300879662,0.25,0.2572483809355516,0.2,0.20218638358015067,1.5,1.4219587254385488,9914.12304984134,-5889.277998493594
15,0.1,0.15125686251651796,0.25,0.2549713143770356,0.2,0.2005956285801843,1.5,1.458299641935346,9986.561729984332,-5914.336609097545
16,0.1,0.15292909412717104,0.25,0.25208123094538964,0.2,0.19906656552206806,1.5,1.4033361826705721,10089.453110495027,-5903.689764438959
17,0.1,0.13753025964302212,0.25,0.2528077172119327,0.2,0.20224339142781136,1.5,1.4722575739465102,10061.89690611518,-5937.047593866895
18,0.1,0.10965696951848408,0.25,0.23464472735844502,0.2,0.21412901831210046,1.5,1.7615847742826105,10059.024559803376,-5935.756815409668
19,0.1,0.16106146039881553,0.25,0.24939576194507973,0.2,0.189267921666859,1.5,1.4436753131202362,10018.328006451384,-5911.932544352786
20,0.1,0.16451861684114633,0.25,0.2574867649392777,0.2,0.19323862510182588,1.5,1.458815971732801,10060.227024835187,-5893.329887088794
1,0.1,0.11835929608819415,0.25,0.24377252443708405,0.3,0.2856452290451415,0.5,0.5010050246261286,10034.800172420735,-5469.709908460512
2,0.1,0.06320915743497033,0.25,0.2212192507013923,0.3,0.27474605680144953,0.5,0.5741747129336588,10243.769485107032,-5498.354652016706
3,0.1,0.0848374179033174,0.25,0.25214249832102154,0.3,0.3065432562707555,0.5,0.48884901546789483,9923.456670471156,-5448.787687870023
4,0.1,0.08231776211695906,0.25,0.2500143180532082,0.3,0.3027959245471723,0.5,0.5003674423226872,9932.050039068507,-5460.320473519174
5,0.1,0.06989349956517293,0.25,0.24848287640724626,0.3,0.29398639579891467,0.5,0.5311881526045292,10052.981367698563,-5481.593465926797
6,0.1,0.06865393900015822,0.25,0.2539231957576025,0.3,0.2935563368986639,0.5,0.46686982348087924,9971.264800906669,-5503.133741243074
7,0.1,0.1429605495269678,0.25,0.2560693253833843,0.3,0.29574180958468443,0.5,0.48687861614922817,9979.823964093835,-5481.08015148152
8,0.1,0.1433597022188071,0.25,0.2534713241308816,0.3,0.30308549870820134,0.5,0.5471013939855323,9985.175843913114,-5480.813709676342
9,0.1,0.07177704552782335,0.25,0.2510913210609674,0.3,0.3003293151551443,0.5,0.4852408567808591,9988.431406976195,-5425.748910083382
10,0.1,0.0747457133128407,0.25,0.24027799937368025,0.3,0.2844363996046258,0.5,0.507147242623694,10114.685953045206,-5491.879245388225
11,0.1,0.08971892435176292,0.25,0.24144994363736055,0.3,0.29145147086711354,0.5,0.5023650510613196,10086.630978509358,-5451.10320275751
12,0.1,0.06842712480376084,0.25,0.24976702465563536,0.3,0.30435983280626006,0.5,0.5026775284155959,9910.710819951939,-5485.95160541098
13,0.1,0.18497010628904945,0.25,0.2472135532172331,0.3,0.3019768496123939,0.5,0.5690938686631181,10007.080684604565,-5477.976134707208
14,0.1,0.17049560211287837,0.25,0.24779041342122532,0.3,0.31297550764724036,0.5,0.571385608236498,9979.65974636582,-5474.813307373078
15,0.1,0.1131636654769009,0.25,0.25044058335102454,0.3,0.2937790292564548,0.5,0.4980823748874488,9968.096774618522,-5493.163253791333
16,0.1,0.07031393757555958,0.25,0.24490487661316385,0.3,0.30507247116377706,0.5,0.5501282427395687,9986.728686854913,-5485.645942376946
17,0.1,0.06727782233203505,0.25,0.24414468218111396,0.3,0.2879779610046735,0.5,0.47647643034234555,10093.211604817194,-5478.1339202487525
18,0.1,0.10038152094407612,0.25,0.24809342185679978,0.3,0.2978661174382213,0.5,0.5281212281586786,10049.624061419838,-5467.575268378541
19,0.1,0.12337571208260788,0.25,0.2529795624154197,0.3,0.3003005093650356,0.5,0.4743766755163892,9982.760807880095,-5494.133279253903
20,0.1,0.1468847205205386,0.25,0.25381375849451476,0.3,0.30339803515514047,0.5,0.49092871355766543,9995.259886564701,-5499.915650711055
1,0.1,0.1090203621536429,0.25,0.2477313052813367,0.3,0.30132588534279287,1.0,0.9576321297464273,10032.839670395195,-5710.789996378358
2,0.1,0.10277545508140631,0.25,0.25786007820357315,0.3,0.30737610409417093,1.0,0.9676191706958915,9913.986044720807,-5696.692404651685
3,0.1,0.12016960411011282,0.25,0.2504522855718474,0.3,0.30173510730214176,1.0,0.9599928115651961,9883.152624434002,-5698.464090505049
4,0.1,0.14823225442301521,0.25,0.25253878919792866,0.3,0.30627616416685827,1.0,1.016026441645455,9963.508125957771,-5716.662724655663
5,0.1,0.05783888831135732,0.25,0.24716790365930197,0.3,0.2994486480089591,1.0,1.0077627300517147,9992.285705477238,-5724.6478827027595
6,0.1,0.11087467328411112,0.25,0.2525145379354749,0.3,0.29992561177570953,1.0,0.9748081778931281,9995.388099301133,-5738.5952906502025
7,0.1,0.17637151258790476,0.25,0.25583899888295075,0.3,0.3112290375847156,1.0,0.9791711559801408,9899.902316026413,-5720.56818401811
8,0.1,0.05344469366182792,0.25,0.2521254731761805,0.3,0.28142547888489267,1.0,0.9772040106741057,9959.436570113729,-5704.642603067006
9,0.1,0.12197459131058722,0.25,0.2367582506423457,0.3,0.307269205086768,1.0,1.1383846559356472,10149.654660683389,-5703.394975546752
10,0.1,0.0708524270509824,0.25,0.24556867259200807,0.3,0.3019645384454162,1.0,1.0168835967126635,9961.622446942529,-5721.180132982878
11,0.1,0.06949726004105235,0.25,0.252525034693686,0.3,0.3028180559877415,1.0,0.9747985377309861,9973.336741794876,-5703.70833373725
12,0.1,0.14422503830815162,0.25,0.26311217398426284,0.3,0.3015330469655112,1.0,0.9453921010082352,9912.239846865348,-5748.062080313852
13,0.1,0.14582101219194343,0.25,0.25698084752833183,0.3,0.30863843978203104,1.0,1.0108976285992703,9956.401733411032,-5730.06722151476
14,0.1,0.12716331384606613,0.25,0.24329165886845897,0.3,0.2917128684183968,1.0,1.0354248728118356,10048.780660530188,-5719.167411946288
15,0.1,0.147572029980569,0.25,0.25578384363382334,0.3,0.2898819926275295,1.0,0.9480005028593418,9949.33627223005,-5690.934464483232
16,0.1,0.15797335310043367,0.25,0.24668762000790187,0.3,0.29423577773780557,1.0,1.0555363183313697,10042.1830857425,-5707.544586379119
17,0.1,0.12173782397657563,0.25,0.2581690441404433,0.3,0.2961509161065223,1.0,0.9257818020072606,9912.435193311194,-5699.5874952728645
18,0.1,0.052712510342260904,0.25,0.2371023293576963,0.3,0.2963140359297194,1.0,1.1383735230024932,10096.865153216375,-5727.895703659915
19,0.1,0.08519253044189733,0.25,0.2467525395269426,0.3,0.29998027257045207,1.0,1.0011073834379718,9938.437695563467,-5729.134104288914
20,0.1,0.06520378504255603,0.25,0.25489342768034373,0.3,0.2976172197448809,1.0,0.9452129718606712,10066.719098254527,-5670.871888943499
1,0.1,0.19165653953813117,0.25,0.2530442052584286,0.3,0.3039465539830273,1.5,1.5166885823015963,10002.61182326178,-5834.407597508836
2,0.1,0.179642838497313,0.25,0.25606993994965044,0.3,0.27804482133736313,1.5,1.425450914711784,9949.289630264731,-5874.058702302122
3,0.1,0.15691777676859633,0.25,0.2513376257717938,0.3,0.29387498658737926,1.5,1.4931567671397545,9964.773462417766,-5857.682375482775
4,0.1,0.060846853168872964,0.25,0.24156657254505687,0.3,0.2997677749864901,1.5,1.5270793187975948,10046.624177314246,-5867.424720906762
5,0.1,0.08817934726118691,0.25,0.2543467014521225,0.3,0.2904755540209645,1.5,1.4665900276510297,9939.57899562259,-5855.590984209162
6,0.1,0.09871475209545241,0.25,0.22923796462256657,0.3,0.2995246244715837,1.5,1.5876828402478669,10106.539742822668,-5841.917857786293
7,0.1,0.11143228144318972,0.25,0.25714419883777645,0.3,0.28901705913957415,1.5,1.4801830373437077,9953.901873100765,-5849.395004654512
8,0.1,0.0687880690150015,0.25,0.24948368228820633,0.3,0.2978496299400296,1.5,1.5053268661405628,9985.358335824121,-5842.495338726603
9,0.1,0.05488403767783483,0.25,0.24465058043584173,0.3,0.29448094727590374,1.5,1.5080374883897183,10057.247506347747,-5865.6116285580865
10,0.1,0.12314469138989591,0.25,0.24843731466086802,0.3,0.2944144993330439,1.5,1.4937330503006516,9945.751008719202,-5854.147514738647
11,0.1,0.0879298455824651,0.25,0.252804973008663,0.3,0.286857765076733,1.5,1.415581253224367,10006.356074732963,-5837.94139596723
12,0.1,0.08293990100449616,0.25,0.25179853265392077,0.3,0.31101818486004956,1.5,1.5356698103143398,9979.727852502121,-5824.231931221872
13,0.1,0.06365974958062666,0.25,0.23139328566151574,0.3,0.26510423711664505,1.5,1.5827495145525907,10125.00612039977,-5848.078517771744
14,0.1,0.1231529053502614,0.25,0.24483295608805716,0.3,0.29405669251245814,1.5,1.5265234261874432,10084.386744690988,-5850.7140466051205
15,0.1,0.10958094894667948,0.25,0.2578857848527285,0.3,0.3227811926626776,1.5,1.487921635919799,9852.886627769602,-5848.603946004035
16,0.1,0.1547881340107017,0.25,0.2499904373012825,0.3,0.3025439220146215,1.5,1.5137974769775848,10029.510593485713,-5847.038039245186
17,0.1,0.07624843487130577,0.25,0.24180713003622237,0.3,0.2947463229594688,1.5,1.5538205071308941,10000.503637545946,-5845.086783128782
18,0.1,0.08280842451257127,0.25,0.25173361186935644,0.3,0.29090967998613065,1.5,1.4300779039413447,9988.846801844986,-5840.044042827731
19,0.1,0.1006021453410275,0.25,0.262805012254976,0.3,0.2859635890345045,1.5,1.359383803229162,10021.539309205746,-5854.761606980955
20,0.1,0.1640253936833105,0.25,0.2545783129422085,0.3,0.2939310240217277,1.5,1.4266652338165853,9886.870854326091,-5840.225783414876
1,0.1,0.07579196250572989,0.5,0.45974845378317963,0.1,0.09739125915750754,0.5,0.6630056306573691,10115.36334348673,-5627.90709481365
2,0.1,0.08416831149091301,0.5,0.4976846935893738,0.1,0.09824790354325852,0.5,0.3742001277737336,10062.286920069202,-5621.520444201609
3,0.1,0.05614430969507231,0.5,0.499026115526482,0.1,0.10056893019748689,0.5,0.5041445757895594,9997.985799245658,-5630.369522425788
4,0.1,0.12139943109514585,0.5,0.5105285041301244,0.1,0.10083625050955769,0.5,0.6204902343539844,10037.471509910714,-5619.479192793148
5,0.1,0.1239565891854714,0.5,0.5011273825380269,0.1,0.0964901713544893,0.5,0.3457400107136673,10046.978757459414,-5588.40294204187
6,0.1,0.10720287572734813,0.5,0.48819100849690705,0.1,0.09863988770203896,0.5,0.5068174919095358,9994.123235007864,-5580.948379832766
7,0.1,0.08169595248420772,0.5,0.49882865115007524,0.1,0.09964208909981725,0.5,0.5270562587873585,9983.794029538647,-5630.158614041096
8,0.1,0.0858940019233522,0.5,0.49362156222309783,0.1,0.09901740168571756,0.5,0.4912307979046965,9979.454420150787,-5603.606464652471
9,0.1,0.09225022848945161,0.5,0.5061249193483149,0.1,0.10097649904811364,0.5,0.5858051101421421,9958.612757446108,-5624.466109903418
10,0.1,0.07136219076993285,0.5,0.49356604160848466,0.1,0.09799390720296211,0.5,0.5403768016669284,9960.500258203603,-5615.666555660415
11,0.1,0.1573120987125738,0.5,0.4755876935830027,0.1,0.09738518677767241,0.5,0.6763887341285872,10103.425686455525,-5621.602233577548
12,0.1,0.15202905577317727,0.5,0.4937190773883986,0.1,0.09785832076993453,0.5,0.527688458455292,10030.709827799534,-5609.431793842731
13,0.1,0.16790162380808807,0.5,0.5138008838156172,0.1,0.09947893802247,0.5,0.4225854026135471,9972.319796737229,-5605.876049500545
14,0.1,0.06982416470009292,0.5,0.4846622970772763,0.1,0.09517429265162149,0.5,0.34693360522367206,10035.727108856345,-5628.131166877827
15,0.1,0.12515223516044147,0.5,0.504478552334265,0.1,0.10034636171202484,0.5,0.5411108459904984,9943.13967366481,-5630.360960100769
16,0.1,0.10026540178271444,0.5,0.5029493937421943,0.1,0.0993718248636875,0.5,0.43002601298951726,9961.688496978693,-5611.9817905610535
17,0.1,0.12197540325462959,0.5,0.4916465758359496,0.1,0.0988398868208847,0.5,0.47554713324932657,9989.058052018676,-5629.956373987529
18,0.1,0.09828858851206712,0.5,0.5071409621035244,0.1,0.10062299003683293,0.5,0.5671498479063046,9996.361540318392,-5629.524952930852
19,0.1,0.07047051077372515,0.5,0.4946530115317529,0.1,0.10163611858572398,0.5,0.42188067213492525,9999.586926420985,-5655.286447373152
20,0.1,0.1339223513664906,0.5,0.4836620509063859,0.1,0.09830073697042808,0.5,0.6317803232425673,10129.11492238099,-5625.29903065079
1,0.1,0.11025520387989719,0.5,0.4933512173456662,0.1,0.10030255679115979,1.0,1.1105971953625946,10033.810418796818,-5605.024310913595
2,0.1,0.0976229817572727,0.5,0.5033393235591678,0.1,0.10198283674206671,1.0,1.1725942641473874,9962.135125481958,-5556.847349727835
3,0.1,0.07103001640550395,0.5,0.4903533095091809,0.1,0.10102622025631465,1.0,1.0350885682644808,9993.300974344096,-5571.0267047124835
4,0.1,0.08641036050057652,0.5,0.5169618636125596,0.1,0.10182251808040452,1.0,0.8807223985391104,9977.524857925944,-5595.172775392123
5,0.1,0.11265583806396105,0.5,0.46491105765183405,0.1,0.09849480504752917,1.0,1.1698510754947478,10111.398953972048,-5550.224617375257
6,0.1,0.07086500312667916,0.5,0.49263160086816554,0.1,0.0927346953151466,1.0,0.7880815506443879,10000.165405846858,-5571.702401811121
7,0.1,0.0509533498571816,0.5,0.450333349107443,0.1,0.0937947400604617,1.0,1.0777707384633972,10325.529436697125,-5590.725216647558
8,0.1,0.17689356306286397,0.5,0.5073160132582702,0.1,0.10325645751677685,1.0,1.2080701287055897,9936.359655928733,-5578.053738275159
9,0.1,0.14245404393058175,0.5,0.5099423238096515,0.1,0.09889933383397292,1.0,0.8989456893979094,10036.91638013506,-5545.5576387181145
10,0.1,0.061027837470298246,0.5,0.49511814248434877,0.1,0.09768606403766568,1.0,0.8999397051063202,10009.160156218146,-5589.480874933757
11,0.1,0.09619388147802801,0.5,0.5012097822455595,0.1,0.10010244604770749,1.0,0.9072793582703099,10023.278440294102,-5518.423654859525
12,0.1,0.062290099744883476,0.5,0.48637101214627176,0.1,0.0998230203076194,1.0,0.9109610815318177,10049.291619601881,-5587.214289812019
13,0.1,0.10060865914931127,0.5,0.4782724960170565,0.1,0.09738611997108967,1.0,1.0420087448646527,10103.906022465177,-5550.098301435732
14,0.1,0.11918023259389518,0.5,0.5001627321463478,0.1,0.09863619459438139,1.0,1.0393138744098416,9983.336124103718,-5578.574544784449
15,0.1,0.11134087103686884,0.5,0.5154655527663001,0.1,0.10032265420321007,1.0,0.6780645150682356,9937.432719378807,-5596.529962030464
16,0.1,0.06521439824393209,0.5,0.4919582896326801,0.1,0.09808243312644695,1.0,0.9404758720932263,10008.053080473841,-5550.144625949505
17,0.1,0.05590131907802896,0.5,0.4952482931851452,0.1,0.10496276067342578,1.0,1.362380995689683,9868.570417301158,-5559.116451031556
18,0.1,0.1410496941270693,0.5,0.4975765131288137,0.1,0.09849927962961759,1.0,0.9990904497404393,10079.545976702615,-5591.137924844654
19,0.1,0.08484881144194442,0.5,0.510656085652798,0.1,0.10132979362886071,1.0,0.8679636945696946,9972.752376118844,-5593.576739642556
20,0.1,0.14058562784221346,0.5,0.49950155336466,0.1,0.1008963516822783,1.0,0.9729782603722288,9961.965538641292,-5605.819260334176
1,0.1,0.13133932915088747,0.5,0.5125638835564985,0.1,0.09559081418661554,1.5,1.286065885177985,10026.086579087976,-5548.574951493011
2,0.1,0.08288736468765152,0.5,0.4705293465974467,0.1,0.09718863561413234,1.5,1.6214591992126919,10082.2918228583,-5560.1077707911245
3,0.1,0.16507010334678535,0.5,0.5200967628259646,0.1,0.10087037632691319,1.5,1.4983276608942246,9949.961433332588,-5520.835828911204
4,0.1,0.1625701240272259,0.5,0.505906790155287,0.1,0.09862697133968425,1.5,1.6721289708422615,10017.914864028453,-5539.171649910018
5,0.1,0.06006354468551951,0.5,0.4847287550324696,0.1,0.09657953684790717,1.5,1.5227322451972465,10042.89787283087,-5555.390642204347
6,0.1,0.08137286543962134,0.5,0.4837452948700762,0.1,0.10087805248928222,1.5,1.64900158511091,10025.060352982548,-5538.382280179725
7,0.1,0.12644723900535879,0.5,0.514465188959607,0.1,0.10466877357565213,1.5,1.6724504143191927,9939.650569103682,-5550.920185222994
8,0.1,0.1562969377530879,0.5,0.521995440961479,0.1,0.10720125102557299,1.5,1.7055731714124807,9902.282613879051,-5562.042687828867
9,0.1,0.14529581635731212,0.5,0.4967258383410511,0.1,0.10483303511266497,1.5,1.9688074930739048,9931.595948264528,-5536.9746512378015
10,0.1,0.05398434159079723,0.5,0.4796199680978507,0.1,0.09496849549725045,1.5,1.417399034917612,10051.528499198383,-5554.236542228749
11,0.1,0.058659268519664805,0.5,0.48985503349499276,0.1,0.10026684123577143,1.5,1.65852273435036,10043.906860360026,-5545.091974374949
12,0.1,0.10703958282149534,0.5,0.4754476798030656,0.1,0.09829433836492227,1.5,1.538125875887293,10039.76611954792,-5542.539259548996
13,0.1,0.17074343493739,0.5,0.49114040487027133,0.1,0.09876227453363508,1.5,1.4881921085240062,10045.074894700128,-5557.489329543141
14,0.1,0.05597040703267498,0.5,0.4752408438312242,0.1,0.09802152830958097,1.5,1.8573249421189368,10024.612869431332,-5549.072964763549
15,0.1,0.18128700711989765,0.5,0.510862940674876,0.1,0.10646317332864111,1.5,1.8440864648857798,9896.796052303915,-5532.396899029703
16,0.1,0.11733040084104299,0.5,0.48215193441597715,0.1,0.0968700094918463,1.5,1.644881763679929,10113.645219957982,-5552.776467185141
17,0.1,0.052560580825781536,0.5,0.4837114511713944,0.1,0.10228013222965039,1.5,1.7556689336358493,9935.281284741122,-5511.362842445098
18,0.1,0.126049998072254,0.5,0.5155852104368323,0.1,0.09771424710886885,1.5,1.3570342374767135,10001.871082684407,-5542.143574449308
19,0.1,0.1374920134189675,0.5,0.5190639431642508,0.1,0.09967424875972647,1.5,1.4320734770504058,9917.022906799528,-5553.803885171092
20,0.1,0.1550617034377969,0.5,0.5075393824597991,0.1,0.09887875047123408,1.5,1.593294230219207,10057.667118364356,-5558.666641431111
1,0.1,0.12488417217289705,0.5,0.5022299406867345,0.2,0.20238538951785517,0.5,0.4753398983564434,10019.493842962574,-5967.228866723225
2,0.1,0.06510062858728106,0.5,0.5130637469779705,0.2,0.19582958011484303,0.5,0.40329170532077885,9992.962329138492,-5966.584776326173
3,0.1,0.17994242789927775,0.5,0.5004289972848813,0.2,0.19833297323999896,0.5,0.46861057809250906,9995.822937353263,-5940.518925932787
4,0.1,0.1243679479173332,0.5,0.4992117535652977,0.2,0.20824903686124463,0.5,0.5921441983626289,9925.233221652947,-5949.192405333097
5,0.1,0.06570385227372813,0.5,0.4830679415695226,0.2,0.19908334388227988,0.5,0.5117266543270531,10025.56458476738,-5963.848772116369
6,0.1,0.0943817333632358,0.5,0.5072176825716187,0.2,0.20138842610331698,0.5,0.5471493080918708,9910.547000154564,-5900.226557069225
7,0.1,0.08557120387947398,0.5,0.5042569229531649,0.2,0.19645590829124346,0.5,0.4671595641237229,9968.177739887176,-5981.090228556835
8,0.1,0.06521128172857654,0.5,0.5027575001966452,0.2,0.19824337907716227,0.5,0.4356228659646831,9937.337771822351,-5954.636091579143
9,0.1,0.09384018416603135,0.5,0.48652815153759565,0.2,0.1896238749174222,0.5,0.4673807597070871,10023.582828016753,-5943.691700831558
10,0.1,0.06033033344447764,0.5,0.5000495224995256,0.2,0.19834726755774051,0.5,0.47310139951333924,9996.230070941543,-5925.411904557711
11,0.1,0.18126086883308995,0.5,0.5203878258683253,0.2,0.20223103449825197,0.5,0.44024627196517535,9922.133872053791,-5914.060547305777
12,0.1,0.06445397549674128,0.5,0.4890950451189429,0.2,0.19686586233473158,0.5,0.6199023690331816,10057.26933498165,-5970.851871831854
13,0.1,0.13175257048418065,0.5,0.510641821214524,0.2,0.19947986651008495,0.5,0.4356406604815703,9969.845405739645,-5925.143501964782
14,0.1,0.13960372130977236,0.5,0.5036877093086484,0.2,0.20500070030387144,0.5,0.4990292507464401,9980.873524714543,-5959.308087747928
15,0.1,0.0578808911145789,0.5,0.48993746727942133,0.2,0.19117180852149196,0.5,0.4886480848038997,9989.29460204634,-5935.093174150018
16,0.1,0.07565155800217954,0.5,0.48538014089291454,0.2,0.19934024947668913,0.5,0.5416829141077937,9952.543935328249,-5947.445563054329
17,0.1,0.0563967277792528,0.5,0.46484972728473256,0.2,0.18663044820285463,0.5,0.4732668687311256,10109.148077814247,-5955.124563570212
18,0.1,0.09956486081325977,0.5,0.5013079372535042,0.2,0.20121812904695952,0.5,0.5125684953731482,9954.75767021746,-5951.785122245127
19,0.1,0.14463152952311295,0.5,0.4910966414416043,0.2,0.2022636948619288,0.5,0.6275671754452588,10079.829263085154,-5969.913458172124
20,0.1,0.0535161970774484,0.5,0.48480367413660297,0.2,0.1966635988090285,0.5,0.4918007492221455,10023.556921422407,-5952.437257563917
1,0.1,0.1705112559041554,0.5,0.5197894260221391,0.2,0.21683724614909472,1.0,1.1716795616937123,9881.989597348984,-5979.797273083877
2,0.1,0.05359879388789283,0.5,0.49287443720986035,0.2,0.1880699607871604,1.0,0.8480479448912075,10022.327194743826,-5966.944536004516
3,0.1,0.0692363711090197,0.5,0.5111233124006747,0.2,0.2015299272817859,1.0,1.024072173044886,9987.646843923218,-5964.056227263713
4,0.1,0.054434931671771956,0.5,0.5067967399045094,0.2,0.19751527805320435,1.0,0.9292296597626816,9925.21791041282,-5963.036336961379
5,0.1,0.14069386729925268,0.5,0.49986414357426023,0.2,0.19794945825685767,1.0,0.9872083445583524,10057.92107628028,-5939.050461391247
6,0.1,0.0791107973932677,0.5,0.48252466200371,0.2,0.19245821771827373,1.0,1.1045510577902478,10016.494848240014,-5953.217250572108
7,0.1,0.12912722941026206,0.5,0.5007435250483552,0.2,0.1977853102308728,1.0,0.9336637799976678,10076.046651674538,-5982.0491617439175
8,0.1,0.09883311477529928,0.5,0.4996546326851944,0.2,0.2005380519343526,1.0,0.973611053765959,10021.980287153938,-5932.904471581689
9,0.1,0.07647114229583526,0.5,0.48734412985645154,0.2,0.19160127071913577,1.0,0.9811931696557862,10028.175959650072,-5956.0244506131185
10,0.1,0.10695152794722076,0.5,0.5001040201682128,0.2,0.20084081694271774,1.0,0.9639868302641467,9897.259832034659,-5921.556412644585
11,0.1,0.13410382705635449,0.5,0.4986689717874499,0.2,0.19857442710857126,1.0,0.9655259393758719,9915.737694606813,-5931.558882283254
12,0.1,0.17807148167147022,0.5,0.5009937858538627,0.2,0.2000337469725845,1.0,0.9988044333747321,10040.27551086162,-5947.429826110177
13,0.1,0.1253485885677035,0.5,0.49999649026783904,0.2,0.20290443221529306,1.0,1.0159146310354907,9948.574551384774,-5952.809737035883
14,0.1,0.10760264392656343,0.5,0.509424682786365,0.2,0.20481753069276618,1.0,1.0786546850103402,9934.60042349903,-5952.161699917697
15,0.1,0.13218379315839945,0.5,0.5066936954633563,0.2,0.2026752229225779,1.0,1.0258730896814552,9899.025214615867,-5966.694471448509
16,0.1,0.055403767208025576,0.5,0.5029207911756457,0.2,0.19978029191699098,1.0,1.0262139109491344,9863.497955234685,-5977.547854223161
17,0.1,0.1047025817229248,0.5,0.5152108016662147,0.2,0.19086698373467278,1.0,0.8558642856343105,9961.580555153163,-5963.910067095111
18,0.1,0.06745341935362172,0.5,0.490567339108817,0.2,0.1930075489851996,1.0,0.9719981183819454,10044.343923155355,-5947.972559385779
19,0.1,0.07134586160163378,0.5,0.5251102242706376,0.2,0.2114455674076308,1.0,1.0753310857218368,9787.284725820346,-5941.8183742611345
20,0.1,0.0938187808171695,0.5,0.49811941761359746,0.2,0.20014020132276972,1.0,1.0107310134306462,10058.181813761146,-5958.6769459024945
1,0.1,0.0681897000592773,0.5,0.5005433891993739,0.2,0.1998201045989946,1.5,1.4564846353893242,9895.6392567592,-5957.116975612136
2,0.1,0.09313993725872863,0.5,0.49763687459306705,0.2,0.19996941014666758,1.5,1.5906792569927826,10091.717725770613,-5925.063197989482
3,0.1,0.05656553958579755,0.5,0.4986843871493673,0.2,0.1981449430200608,1.5,1.498827140486035,10037.628932410442,-5909.809698646669
4,0.1,0.09908377982479726,0.5,0.5103823549165573,0.2,0.20056898154498926,1.5,1.4164522380099918,9935.131676533983,-5925.764180890172
5,0.1,0.15112959844329343,0.5,0.5204550979411398,0.2,0.203445549869025,1.5,1.3248133916842983,9964.670422530551,-5940.035416015149
6,0.1,0.125892957161963,0.5,0.5028896392840995,0.2,0.1989159475270834,1.5,1.4708171917952975,9923.949851214335,-5920.571907492604
7,0.1,0.0599567585863019,0.5,0.4911844183922845,0.2,0.1959355335894543,1.5,1.47468123136861,10002.690603969479,-5905.615607893395
8,0.1,0.09832401586457147,0.5,0.4913231652477886,0.2,0.20640428348973372,1.5,1.6538295131700023,9968.45817740199,-5876.531445658175
9,0.1,0.10600867273588686,0.5,0.4993438320639068,0.2,0.18640817765622056,1.5,1.3819042734197897,10020.897461160237,-5958.51363388181
10,0.1,0.14452439315717222,0.5,0.4976646554713024,0.2,0.1974143666899643,1.5,1.5164997677971204,9968.035435644319,-5902.838880309484
11,0.1,0.062003674124440154,0.5,0.4761910836485333,0.2,0.18971627735976898,1.5,1.4467269082239458,10059.202808259397,-5944.012964890422
12,0.1,0.06304068717293139,0.5,0.5069145219912907,0.2,0.21089340191012837,1.5,1.6084766742555476,9902.538280465096,-5960.481857070963
13,0.1,0.055196236593895984,0.5,0.5285749510377697,0.2,0.1957926948659175,1.5,1.3225718991712987,9837.106840616667,-5911.229284481502
14,0.1,0.09353456012807657,0.5,0.49402600644924705,0.2,0.1908754906321617,1.5,1.3977236467569423,10023.862849997917,-5907.058226833497
15,0.1,0.05839115453390903,0.5,0.5088851261761362,0.2,0.20404417056666646,1.5,1.563331530690853,9901.913381609616,-5937.365432749013
16,0.1,0.1141100888237072,0.5,0.4864958683552637,0.2,0.19237551760494648,1.5,1.517576485238139,10113.538296794954,-5938.446964259231
17,0.1,0.1603221735737466,0.5,0.49337250408377775,0.2,0.1983116398038778,1.5,1.5221714844304992,10043.808028934713,-5935.614053229603
18,0.1,0.13296758814671816,0.5,0.525564383757885,0.2,0.20788677936980046,1.5,1.4489099238130478,9802.472266694756,-5924.898605993981
19,0.1,0.0860842132397602,0.5,0.5030489276582012,0.2,0.2014494286852812,1.5,1.478775088986601,10017.619549889827,-5939.853359961261
20,0.1,0.06868433349350324,0.5,0.49288007626284946,0.2,0.19856404519950713,1.5,1.5616009184775734,10130.610364175505,-5958.551188073734
1,0.1,0.11536638765582201,0.5,0.4963088492343089,0.3,0.3056851601458549,0.5,0.5583681599794973,10011.212971161873,-5915.902043873206
2,0.1,0.16445482228452848,0.5,0.5157780669017076,0.3,0.30621286581182805,0.5,0.4699462037973172,9914.682702824366,-5947.15855075484
3,0.1,0.07889277516025134,0.5,0.514279197467294,0.3,0.2924156943378786,0.5,0.44323707872302354,9928.015362208158,-5908.9175127905355
4,0.1,0.0782862142650316,0.5,0.5032646984654157,0.3,0.29682698379071254,0.5,0.4432846095592952,9991.070657647582,-5915.920879680136
5,0.1,0.10092826909120615,0.5,0.5166696709437801,0.3,0.30574196165273615,0.5,0.4929003160964924,9910.084998276836,-5929.666991575469
6,0.1,0.05215631845194503,0.5,0.49999896028678,0.3,0.2900907794004787,0.5,0.4741836548719317,10036.821400868776,-5899.719989636813
7,0.1,0.08349790410106156,0.5,0.5010559316834692,0.3,0.30141607792246466,0.5,0.5288300288603117,10019.07611591118,-5932.009710557709
8,0.1,0.10616077993468365,0.5,0.5062987532109215,0.3,0.2959033726463324,0.5,0.48664816316703546,9975.312397550768,-5926.058821445422
9,0.1,0.09263032979273603,0.5,0.48298692502875906,0.3,0.30154922732425793,0.5,0.528544956467544,10092.611207452412,-5915.361772067164
10,0.1,0.060678717131147565,0.5,0.5029625049385612,0.3,0.29963130502547153,0.5,0.4711986849753551,9942.747928530536,-5928.530360514713
11,0.1,0.11228396361222034,0.5,0.4910036526773764,0.3,0.2965829335354747,0.5,0.4996692106587563,10048.981908428541,-5901.956252237826
12,0.1,0.09318291969092131,0.5,0.5003369915689039,0.3,0.2950001984516436,0.5,0.4891381671229311,9999.884361927347,-5937.235126538997
13,0.1,0.06517939898920898,0.5,0.5001707170608534,0.3,0.3030321662332114,0.5,0.48886524811174936,9926.088995580372,-5891.968607935207
14,0.1,0.1858194032255396,0.5,0.5005030154155949,0.3,0.29450104517156644,0.5,0.47527370613941067,10035.672607623497,-5923.180592545644
15,0.1,0.07091599452344768,0.5,0.49796779983608336,0.3,0.28719432855252247,0.5,0.42619859320440195,9983.317893873758,-5915.218317118151
16,0.1,0.1520979888814772,0.5,0.4910318156964951,0.3,0.30308697609732854,0.5,0.5506903400509298,10019.566486608594,-5910.013409008376
17,0.1,0.08729162214105303,0.5,0.5017023842300772,0.3,0.29558714274366527,0.5,0.47231544657609675,9976.873955863943,-5946.554834918095
18,0.1,0.0579328113207448,0.5,0.4893093247318167,0.3,0.2969163567372513,0.5,0.4745639491627732,9995.620922496584,-5906.969241853771
19,0.1,0.12088228039100177,0.5,0.5023709246029132,0.3,0.30413545538666864,0.5,0.5115814785222442,9926.775507095936,-5898.322727340737
20,0.1,0.17786372955757782,0.5,0.5034091616575016,0.3,0.30147619488437594,0.5,0.49481617915828285,9996.54158757234,-5942.179866990289
1,0.1,0.0814254198844249,0.5,0.509913173602075,0.3,0.3162458563962723,1.0,1.0533684831913357,9985.711005741647,-5996.658223095719
2,0.1,0.08545289613998491,0.5,0.5214714788049439,0.3,0.3101456546109132,1.0,0.9152756572759807,9817.504286233736,-5976.500984587672
3,0.1,0.0792626522489506,0.5,0.5057697819530136,0.3,0.2843653904970261,1.0,0.9576342895273496,9964.065665549391,-6006.9668799166475
4,0.1,0.06529183263640102,0.5,0.49361290577559924,0.3,0.29559465440484517,1.0,0.9972040703486064,9991.840905858293,-5983.7092110766935
5,0.1,0.07439537694022551,0.5,0.5103747169931185,0.3,0.28524752997307457,1.0,0.9671349651098253,10048.358768312524,-5992.520303938331
6,0.1,0.1111005655763822,0.5,0.5209875479975182,0.3,0.2914834381971988,1.0,0.9575540070108515,9988.137265327117,-5980.672314144109
7,0.1,0.08603385814235019,0.5,0.5057809454725984,0.3,0.2967505879445676,1.0,0.9964245310563904,9977.024337069199,-6007.111410096402
8,0.1,0.07370191435605287,0.5,0.5064164846286489,0.3,0.3051609676830785,1.0,0.999562131263524,9922.829081712733,-6023.552603114927
9,0.1,0.06074908171370287,0.5,0.5039106953899706,0.3,0.2960444555497039,1.0,0.9789107927403935,9953.855893045,-5980.950279883393
10,0.1,0.13864712034852536,0.5,0.49766982421136013,0.3,0.3004118693070821,1.0,1.0336508710863106,10017.33778699639,-5983.4671016594575
11,0.1,0.05397709776673466,0.5,0.49905335863490086,0.3,0.30443826028066695,1.0,1.017911401023707,9954.585227627262,-5999.054910015526
12,0.1,0.05282831616877499,0.5,0.5024220080990822,0.3,0.306645261565996,1.0,1.0203049551428804,9976.051363253484,-5981.968863182547
13,0.1,0.13995961486804948,0.5,0.5025013909860188,0.3,0.307477720286483,1.0,1.0795811183385529,9938.360015975639,-5991.814111335518
14,0.1,0.09525408733211391,0.5,0.49530171808922446,0.3,0.2925343835170946,1.0,0.9787508114237398,10064.502984821307,-5993.550387828156
15,0.1,0.1304916570095947,0.5,0.5071294206705789,0.3,0.292243525208302,1.0,0.9248225945441739,10008.08846475459,-6009.5530752453615
16,0.1,0.07275763692837033,0.5,0.5030929829722878,0.3,0.30474033440534537,1.0,1.022758698378941,9906.55842467373,-5989.0755589058845
17,0.1,0.06740920992178079,0.5,0.5075379727624041,0.3,0.3142404777468351,1.0,1.0021833678786325,9889.656965501916,-5998.419899858962
18,0.1,0.06678930693228255,0.5,0.4947070965337358,0.3,0.29169227561847444,1.0,1.0359073653198334,10016.220397453231,-5964.547995508701
19,0.1,0.09881191650483566,0.5,0.49857114384750084,0.3,0.30991725085130956,1.0,0.9715286306101713,9997.853357817936,-5986.507510930247
20,0.1,0.11418698824358155,0.5,0.5132300219985568,0.3,0.2993142712132352,1.0,0.9622075999332166,9919.892654001715,-6009.939834551886
1,0.1,0.09096845802932885,0.5,0.5221352434755735,0.3,0.30785196375868434,1.5,1.3987410516308303,9862.953834430247,-6025.557948663611
2,0.1,0.11200960640071032,0.5,0.4980179851463357,0.3,0.3127730607684129,1.5,1.507954663312899,9971.747660036071,-6016.071224959367
3,0.1,0.0778383575776478,0.5,0.49707208966290317,0.3,0.30305124496353397,1.5,1.4775135504657637,9931.125218867674,-6039.434042438362
4,0.1,0.06695527449987715,0.5,0.502877169088269,0.3,0.3052661778077574,1.5,1.5087285443648533,9867.633557739346,-5991.524924337874
5,0.1,0.12918484729011567,0.5,0.4926231151816927,0.3,0.31852757443272156,1.5,1.6573458468496023,9972.064730625592,-6020.688777676833
6,0.1,0.13414666479327486,0.5,0.5058896237887334,0.3,0.2939798149021558,1.5,1.4647889155115572,10002.008676234278,-6017.96491600384
7,0.1,0.08944491061104752,0.5,0.5072571084716614,0.3,0.3130441141921007,1.5,1.583272549565241,9920.893388689914,-5989.134318360679
8,0.1,0.08167525342576683,0.5,0.499931267274145,0.3,0.29861462296652486,1.5,1.5372042275234103,10068.022071717907,-5968.002559449499
9,0.1,0.0659900910999578,0.5,0.4983682645210284,0.3,0.29146170545780536,1.5,1.449438950973204,10022.233954620166,-6017.17709943541
10,0.1,0.16156455457315996,0.5,0.5092040832936018,0.3,0.29459612290146237,1.5,1.479535116129311,10013.803492920717,-6032.048692824295
11,0.1,0.05771555698370006,0.5,0.49268405255320946,0.3,0.30538576499339437,1.5,1.5655420093167807,10009.48653656627,-5977.236418390646
12,0.1,0.15585762407724205,0.5,0.5138303261309025,0.3,0.29729613130069327,1.5,1.4795245290410428,9927.902627851057,-6014.327247798628
13,0.1,0.12403330137807879,0.5,0.4942123928397491,0.3,0.2918206355480761,1.5,1.5187385491829493,10067.678317231896,-6021.53600306129
14,0.1,0.08749617340458195,0.5,0.49462655992763854,0.3,0.29762709292359457,1.5,1.5229560416320964,10020.152604284658,-5973.444714272797
15,0.1,0.05769583665781176,0.5,0.49796607933114817,0.3,0.3008914495941093,1.5,1.5282982244337222,9902.1353236252,-6036.031051196802
16,0.1,0.11172998957922323,0.5,0.4841595931295978,0.3,0.3254279408763114,1.5,1.709790773935233,10106.179752210372,-6013.459385269019
17,0.1,0.06656928448335019,0.5,0.5211435829781028,0.3,0.30999342615524855,1.5,1.4565541410079914,9911.12673553798,-6021.840762008416
18,0.1,0.10716212872505207,0.5,0.49765087005347736,0.3,0.30782701002338375,1.5,1.493440126709821,9940.513550102012,-6020.0085604691685
19,0.1,0.07177596503051317,0.5,0.48990365181439455,0.3,0.30056255815739363,1.5,1.5010147526175082,9982.604186728098,-6007.636998694322
20,0.1,0.102610150568392,0.5,0.5085667331305374,0.3,0.2985900870111095,1.5,1.4971464142924773,9837.82546004343,-6024.275023200826
