Sim,F_true,F_est,Nu2_true,Nu2_est,T_true,T_est,M21_true,M21_est,Theta,Loglik
1,0.25,0.18109940391105148,0.1,0.09236183415206191,0.1,0.09648736940657328,0.5,0.6172937014669518,10111.098535407782,-5436.002361327145
2,0.25,0.13386442808651688,0.1,0.09447627409109847,0.1,0.09337118389246116,0.5,0.3845840447788193,10004.168863881852,-5450.064657735001
3,0.25,0.24353340583769745,0.1,0.10097536362226575,0.1,0.10135089853847473,0.5,0.4727483726931457,10000.298833255933,-5458.332324734901
4,0.25,0.22135985308373868,0.1,0.1012426784268814,0.1,0.10340868091285002,0.5,0.5564350078052785,9955.853565678543,-5454.518800672237
5,0.25,0.22318372010930376,0.1,0.09229685590057654,0.1,0.09204915307071239,0.5,0.51126755942864,10113.612454416674,-5452.923294846651
6,0.25,0.1828277792177814,0.1,0.09636649334360643,0.1,0.09862959135582815,0.5,0.4896685355488878,9942.91858139502,-5466.011483608067
7,0.25,0.2218716061981832,0.1,0.09831924769204135,0.1,0.09807018167147537,0.5,0.46349001369587295,9931.089574114529,-5422.1579143375275
8,0.25,0.30522091584726047,0.1,0.10221503527867125,0.1,0.10026681547473157,0.5,0.4964094295829057,10007.423342661112,-5473.956176934443
9,0.25,0.1273604450962649,0.1,0.09903443559395074,0.1,0.10080411001957329,0.5,0.5341314429733706,9982.348986820738,-5494.440276868073
10,0.25,0.2969477181699177,0.1,0.10202138493139873,0.1,0.10386692587512657,0.5,0.5409168404554584,10046.486102451205,-5451.74076342218
11,0.25,0.21833080450136724,0.1,0.09926657530496472,0.1,0.10055630279296814,0.5,0.4720541505908628,10050.690240556954,-5468.729452913751
12,0.25,0.2498259606600496,0.1,0.09698592319518723,0.1,0.09747822230357371,0.5,0.45377205637245144,10028.385490208128,-5469.104070653739
13,0.25,0.17424984980776695,0.1,0.09517094528457144,0.1,0.0962548824178854,0.5,0.46892400757690533,9907.524592944306,-5447.027322951538
14,0.25,0.14541430018038354,0.1,0.10407293167050898,0.1,0.10279161691110078,0.5,0.43645144014692017,9928.770831342446,-5469.718666316143
15,0.25,0.2398924932586977,0.1,0.09741188122952717,0.1,0.09752711556869838,0.5,0.5289458769239807,10009.364382370228,-5446.492099565147
16,0.25,0.22981419942402753,0.1,0.09781172407314516,0.1,0.1019807195827381,0.5,0.5723952163596021,9936.336569691848,-5448.345550258402
17,0.25,0.3480826755868361,0.1,0.09706845000180798,0.1,0.0994055116681543,0.5,0.5545818447922161,9995.696528658107,-5492.480723737612
18,0.25,0.2195577397188025,0.1,0.10089811961192241,0.1,0.0992389697066857,0.5,0.44242176851178233,9961.195259736138,-5474.109581749691
19,0.25,0.22060924968271187,0.1,0.09880078751581736,0.1,0.09364964792848618,0.5,0.38896468197163536,10100.702621225908,-5467.893270850938
20,0.25,0.20295959253661522,0.1,0.10223925945475748,0.1,0.10452638783092787,0.5,0.4813482177194537,9954.324973081686,-5429.636793647545
1,0.25,0.2712210294414761,0.1,0.09850064869616043,0.1,0.09731803768210257,1.0,0.9082860134485575,9999.251356129698,-5561.415971220306
2,0.25,0.2396148543564023,0.1,0.08578407353451772,0.1,0.0885866757479732,1.0,1.1664460231527018,10158.051783287276,-5544.225736977103
3,0.25,0.27172349315499367,0.1,0.09976370780331759,0.1,0.09998676602328342,1.0,1.223695879983942,9952.57552052269,-5565.476812614273
4,0.25,0.3157458662130378,0.1,0.09843184313842689,0.1,0.09511527856781161,1.0,1.0616594409559537,9919.367007041305,-5533.392179372644
5,0.25,0.1705407476082934,0.1,0.08921369046539361,0.1,0.0855294518712048,1.0,0.9326423146304428,10118.027487493715,-5562.503205147507
6,0.25,0.15810274834547794,0.1,0.09974918480571933,0.1,0.09759952509130368,1.0,0.9785294856585443,9993.97062687727,-5525.879745625454
7,0.25,0.2651948359865019,0.1,0.09731075996225685,0.1,0.09047657381631954,1.0,0.6925514724999682,9990.43598162187,-5573.786242861726
8,0.25,0.27741544378021993,0.1,0.09859834308223168,0.1,0.09776196284693288,1.0,0.9244594240823482,9953.967927699661,-5547.45113935434
9,0.25,0.2556956690026939,0.1,0.0949073538102353,0.1,0.09217399151001363,1.0,0.9431494626978933,10035.729345911535,-5561.658780032023
10,0.25,0.2733451816392297,0.1,0.09649823161654025,0.1,0.09492680505615207,1.0,1.0375912156167744,10043.58931700012,-5576.7989432855575
11,0.25,0.2546069229949898,0.1,0.09926362985457013,0.1,0.10059544849555298,1.0,1.0407900507014125,9917.125276123472,-5541.981318015668
12,0.25,0.2229443438186875,0.1,0.10138077426783701,0.1,0.10153544232882773,1.0,1.0730118125975465,9949.273547614797,-5553.414037995938
13,0.25,0.2526957138461831,0.1,0.09695783655673579,0.1,0.0978257939222702,1.0,1.013540649166573,10011.036506269447,-5560.503250979817
14,0.25,0.2623130422223848,0.1,0.10137922430140035,0.1,0.10126901749985134,1.0,0.9685878921764689,9982.842236387121,-5554.39956318871
15,0.25,0.23420859225423843,0.1,0.10142414653736963,0.1,0.09947251861305861,1.0,1.0322319450286352,9938.0364303612,-5554.806914424813
16,0.25,0.2919380032844438,0.1,0.0964852972719773,0.1,0.09702191497782882,1.0,1.1094105240730265,10023.086714327745,-5541.91255280875
17,0.25,0.2879858270648653,0.1,0.09925429811959252,0.1,0.10092789201702917,1.0,1.0653753145428115,9968.111686063874,-5526.247179348371
18,0.25,0.26435119450315964,0.1,0.09897417616857243,0.1,0.10055182787035757,1.0,0.9605342593596148,9946.09588153452,-5579.673481002486
19,0.25,0.24098423644473432,0.1,0.09870160294848909,0.1,0.09810797063906863,1.0,1.066421808605411,9971.19080330294,-5567.403989685433
20,0.25,0.23795505421984478,0.1,0.09431033269675577,0.1,0.09572753426987278,1.0,1.0827759245343884,9948.160692334946,-5540.516209731922
1,0.25,0.3082708389440682,0.1,0.09891945878411759,0.1,0.09978173112947267,1.5,1.6413692662917636,10064.322960662348,-5630.439013984184
2,0.25,0.2313845563286505,0.1,0.0990276933731599,0.1,0.10307681231776954,1.5,1.530601076275318,9997.189250238296,-5614.066406811149
3,0.25,0.19562885723537954,0.1,0.09719508063112366,0.1,0.09887051574344949,1.5,1.4658877134249735,10054.92629329368,-5631.8674077902215
4,0.25,0.15700144151376377,0.1,0.09852625669346209,0.1,0.09645421928682671,1.5,1.4811789154695238,9963.917520102686,-5622.022539793577
5,0.25,0.13165407417562014,0.1,0.10383058178652231,0.1,0.09847081023522095,1.5,1.2807473578572464,9914.495122206214,-5626.3044185485305
6,0.25,0.3217846841969518,0.1,0.0983488140943024,0.1,0.10152763973811048,1.5,1.7096554011099994,10017.112984988878,-5622.798837389424
7,0.25,0.3057715358149354,0.1,0.10335599229485762,0.1,0.10794515690824034,1.5,1.64545862392937,9972.565697160007,-5642.918400876153
8,0.25,0.20043304391375616,0.1,0.10048842029368202,0.1,0.1018095492380861,1.5,1.4165360110175036,9973.20326967685,-5591.694138527433
9,0.25,0.3338373326264209,0.1,0.10187761506565565,0.1,0.09927580590703271,1.5,1.4525288428018301,9987.020747150802,-5618.970243452165
10,0.25,0.26663348562819666,0.1,0.09770744844241726,0.1,0.10185578104061685,1.5,1.6741983724759808,10052.887669091857,-5598.514725234142
11,0.25,0.3043445177785739,0.1,0.09828137007756432,0.1,0.09923614372989721,1.5,1.56797682492361,10033.44749271893,-5626.525345667862
12,0.25,0.32224009640258716,0.1,0.09480115581563062,0.1,0.09194019228466664,1.5,1.4344089211875175,9922.304611878482,-5601.705852833873
13,0.25,0.26068399808259884,0.1,0.1023385864761465,0.1,0.1007985300869003,1.5,1.4765001148902477,9940.423139154573,-5650.6365994399
14,0.25,0.20523978260020254,0.1,0.10185768271015062,0.1,0.10095293523276763,1.5,1.429233191606938,9975.991527152437,-5622.7486823611325
15,0.25,0.18701378109314004,0.1,0.10237934427008077,0.1,0.10032469240318881,1.5,1.5530779892230389,9972.843574054896,-5638.962814576127
16,0.25,0.27746798953344787,0.1,0.0966951649315333,0.1,0.09777101580438216,1.5,1.6657739818879997,10034.25820504757,-5653.968425687488
17,0.25,0.351640212049399,0.1,0.09497597131227514,0.1,0.09668771978455346,1.5,1.6128368007235003,9971.456674026931,-5606.543682431982
18,0.25,0.31974794644669474,0.1,0.09871521592820778,0.1,0.0963519093144634,1.5,1.3637670833094353,10017.262597320796,-5613.430064728594
19,0.25,0.1460614237575835,0.1,0.08955647102980771,0.1,0.0926003927146977,1.5,1.7295574625394587,10077.351176726022,-5655.8249107105785
20,0.25,0.2599665098502821,0.1,0.09978348868802055,0.1,0.10105844605714727,1.5,1.5676880435901754,9939.187340803128,-5645.669926625835
1,0.25,0.2890045642210007,0.1,0.09888691375973048,0.2,0.19963870473792011,0.5,0.46447052271752853,9996.618936510711,-4637.603540423653
2,0.25,0.37699860547982245,0.1,0.10211915106316304,0.2,0.21158703131721673,0.5,0.5401475691757193,9860.527303550076,-4640.9089592480195
3,0.25,0.34468311959567516,0.1,0.09882953160960653,0.2,0.19206452483640576,0.5,0.44200626797723186,10002.363272907429,-4644.334212919717
4,0.25,0.18846686291969797,0.1,0.0961374022992179,0.2,0.19598042184722345,0.5,0.4917345085444651,10075.144792095978,-4641.3817972425895
5,0.25,0.1850763741041395,0.1,0.09902740887826224,0.2,0.19913592782591585,0.5,0.47450611666050346,10000.857510994068,-4623.873729518514
6,0.25,0.3415006986380676,0.1,0.1000976843294166,0.2,0.1955182834589184,0.5,0.46419520722074764,9975.652524649602,-4639.215022772848
7,0.25,0.30574590014760633,0.1,0.09653766744170494,0.2,0.19920883298247158,0.5,0.5178084253155273,10047.970249511529,-4640.307903386614
8,0.25,0.27258479275423825,0.1,0.10332970360363002,0.2,0.1946629665834055,0.5,0.39903632187338084,9933.124582207842,-4651.7663456118835
9,0.25,0.17235600512468988,0.1,0.0999996332572028,0.2,0.2002697489253118,0.5,0.507396104651303,9954.408542629948,-4650.066235363885
10,0.25,0.1736559483910304,0.1,0.09346679029479829,0.2,0.19553751832623492,0.5,0.5440131451920471,10059.654079920916,-4641.109582168006
11,0.25,0.22245182618964818,0.1,0.10031764353282856,0.2,0.19999628132075412,0.5,0.5265994561994842,9960.297132807054,-4626.528957311872
12,0.25,0.31673926689809995,0.1,0.10023697134795986,0.2,0.20099069773576037,0.5,0.5072138505984224,9981.784856045768,-4618.2349166539925
13,0.25,0.389644573466068,0.1,0.09983294861809514,0.2,0.21552430939274095,0.5,0.6642382211820964,9964.739808354767,-4643.465486007171
14,0.25,0.16939245309139495,0.1,0.09958233149967553,0.2,0.19813237489351612,0.5,0.5401973353674548,10004.279882488312,-4650.677895277952
15,0.25,0.383136506012825,0.1,0.1014408642534426,0.2,0.21316941958944904,0.5,0.6166711924255295,9916.337196326334,-4639.145157834751
16,0.25,0.38208840320583615,0.1,0.10316227649165415,0.2,0.21125196367699567,0.5,0.5619750966431346,10005.273976180577,-4642.13115071629
17,0.25,0.23065061868922074,0.1,0.09958206503631477,0.2,0.20796220619511716,0.5,0.5492622446110418,9940.545969966928,-4645.345861757347
18,0.25,0.20798157524529853,0.1,0.09812934456030255,0.2,0.19749476506777117,0.5,0.4435267189127094,9985.539239339509,-4649.330336602959
19,0.25,0.24503498601778964,0.1,0.10204197230344964,0.2,0.20740684077428564,0.5,0.5236648041096535,9970.43099616459,-4637.2359351106825
20,0.25,0.1509269421558709,0.1,0.10064959289378456,0.2,0.20241281989896234,0.5,0.46858046501953193,9941.515813715252,-4608.430714342983
1,0.25,0.376538232544532,0.1,0.09682902138479936,0.2,0.20974544551917776,1.0,1.1155085481376177,9992.659910867105,-4990.475554221195
2,0.25,0.18465487298592675,0.1,0.09793889669745712,0.2,0.197244859906958,1.0,0.9663809014096285,9941.759050482508,-4963.980221245149
3,0.25,0.15882872982597973,0.1,0.10160134833100398,0.2,0.20582600971934656,1.0,0.9893143533728332,9928.530858378492,-5002.933542798282
4,0.25,0.12637060163214078,0.1,0.09962347310674924,0.2,0.1961559118723989,1.0,0.9457271796969098,10040.683646593872,-4999.829518871176
5,0.25,0.15831749094261205,0.1,0.09681681884641975,0.2,0.20090473110680332,1.0,0.9800436193298098,9968.91207090446,-4985.456746777072
6,0.25,0.26424297835137917,0.1,0.09956427589680998,0.2,0.1943267799316743,1.0,0.9764203068400249,10098.251781741197,-5002.639632424357
7,0.25,0.27272119388171656,0.1,0.09793415435998482,0.2,0.19816770209923878,1.0,1.0010978342514547,10027.804026684407,-4984.644151549657
8,0.25,0.1989800354317629,0.1,0.0992361208454321,0.2,0.20100497875881335,1.0,1.0100734754656393,9940.896526090819,-4968.223926479815
9,0.25,0.20893072679267063,0.1,0.09722393096555441,0.2,0.19376121395499818,1.0,0.9838286713887813,10065.906675608365,-5013.062108621754
10,0.25,0.26957808903940883,0.1,0.10308876215826988,0.2,0.19976329149591693,1.0,0.993015353790672,9955.915765004323,-4999.57830587146
11,0.25,0.2321997367202181,0.1,0.10009809025939026,0.2,0.21955821981191073,1.0,1.139322824190163,9982.001215877413,-4965.641167169575
12,0.25,0.3652892781007475,0.1,0.10980898664914414,0.2,0.19975795469910854,1.0,0.7635120847500942,9880.936076400129,-5004.505672696345
13,0.25,0.22268477463643183,0.1,0.09565729518052717,0.2,0.19856763463046836,1.0,1.0028427064674807,10050.666629850843,-5000.845569307354
14,0.25,0.19214862776358624,0.1,0.09995564801853209,0.2,0.19936887679637996,1.0,1.0238213369225888,9983.657994447685,-5017.9288236160755
15,0.25,0.3404777797538758,0.1,0.09897937172908265,0.2,0.19716814205304256,1.0,0.9821546739678156,9987.463461509946,-4978.194172809155
16,0.25,0.24718996041338534,0.1,0.10218535483923542,0.2,0.21537588331942986,1.0,0.9405131904198918,9929.149152234424,-4969.14493412419
17,0.25,0.1586714391888252,0.1,0.09484915137099673,0.2,0.20072482749273507,1.0,1.1233266810630784,10020.798129515306,-4996.269684425479
18,0.25,0.3671399684714616,0.1,0.09878872458462387,0.2,0.2252287636464911,1.0,1.1999707071192547,9946.74734819546,-4959.010983075792
19,0.25,0.32414887401411463,0.1,0.09738064489719683,0.2,0.19071880697328703,1.0,1.0194354600668798,10029.567967955722,-4983.481977829788
20,0.25,0.16909692710184168,0.1,0.09851302059587862,0.2,0.1944253642976342,1.0,0.9541006858699898,10009.080232414766,-4963.511817371729
1,0.25,0.15690003694496563,0.1,0.10695836425674213,0.2,0.19898584957793936,1.5,1.337059635802568,9877.408559278198,-5211.293384942851
2,0.25,0.18984487932898048,0.1,0.09953660244252,0.2,0.1919324035810093,1.5,1.4813325627985976,10006.052159738138,-5247.072571648083
3,0.25,0.22493142553849982,0.1,0.09592742917735,0.2,0.20351034969329185,1.5,1.6037021517569026,9970.691343912646,-5205.937225404562
4,0.25,0.2759050325185406,0.1,0.09846600638184269,0.2,0.19292987184707855,1.5,1.473468308269893,10040.457219513268,-5244.371563639828
5,0.25,0.21837564716001853,0.1,0.09640210176998922,0.2,0.2051899826101842,1.5,1.5515851788057722,9967.455570653661,-5227.319091829171
6,0.25,0.12552718213244463,0.1,0.09807902586723843,0.2,0.19541412925979254,1.5,1.4309998780675772,9976.55152667387,-5248.0607747126305
7,0.25,0.3973664116147585,0.1,0.10367372653610785,0.2,0.21991762027372325,1.5,1.5172768903078349,9932.661457706403,-5225.19794376893
8,0.25,0.14268139026454005,0.1,0.09999240451660625,0.2,0.2045028004170752,1.5,1.492184589387743,9964.040543030374,-5221.367772463376
9,0.25,0.16228714849378303,0.1,0.0980077084848405,0.2,0.17676481189351173,1.5,1.3915881464539717,10004.10487547216,-5209.829790121137
10,0.25,0.30238522413895885,0.1,0.09868224159419668,0.2,0.21475781023852625,1.5,1.578720762805734,9897.205470065392,-5209.621658631433
11,0.25,0.24369931827198277,0.1,0.10481335754078956,0.2,0.21367426279805424,1.5,1.4144755515454654,9795.967250154057,-5216.322817935694
12,0.25,0.23901727546954243,0.1,0.09999012620225196,0.2,0.18713038618218925,1.5,1.5157923827157755,10016.93456805132,-5224.361240786213
13,0.25,0.15242808018467566,0.1,0.089233628463864,0.2,0.1920820665351749,1.5,1.7240181341346945,9976.361415858477,-5240.038630474578
14,0.25,0.19741283839552745,0.1,0.09021592138878014,0.2,0.19082431071001704,1.5,1.7164065057796734,10059.758586383681,-5233.503632917169
15,0.25,0.1602440440637936,0.1,0.10186421068124622,0.2,0.20348819479787758,1.5,1.407459976449796,9929.44572194862,-5227.924975857064
16,0.25,0.3024882018604846,0.1,0.09931749384576033,0.2,0.2078837578192177,1.5,1.6395954607663858,9992.742281025447,-5231.537643947339
17,0.25,0.15669672365470286,0.1,0.09821398759907803,0.2,0.21693091156730027,1.5,1.6524579205926557,9976.119692689213,-5265.1400006651165
18,0.25,0.2699872863319071,0.1,0.09521276004175708,0.2,0.20584289004568931,1.5,1.7256006775001482,9958.629486730377,-5218.395807521705
19,0.25,0.2619167446790529,0.1,0.10253455346600335,0.2,0.19831539277681987,1.5,1.4492222852181649,9978.271517363863,-5217.064120950131
20,0.25,0.19928384625541662,0.1,0.09911063755843234,0.2,0.19151769362727045,1.5,1.5050838988054365,9949.690887965091,-5254.319155099021
1,0.25,0.2621975740819877,0.1,0.09885443295716126,0.3,0.2946240644726316,0.5,0.4587877259408888,10047.858714914853,-4108.140784810352
2,0.25,0.25331899659396345,0.1,0.09545448535549392,0.3,0.3011762714997625,0.5,0.4975007993395059,10038.841675722286,-4091.6256191707494
3,0.25,0.3238365746956879,0.1,0.10364077492617818,0.3,0.30309362778737686,0.5,0.47582461594051506,9924.729568064762,-4105.8207942794215
4,0.25,0.18042500712691298,0.1,0.09300062983419645,0.3,0.3036140896252198,0.5,0.5421030558390684,10010.067752421663,-4121.674596599697
5,0.25,0.18765188460862367,0.1,0.0996849109792526,0.3,0.3235712159831176,0.5,0.46373658838161125,9887.542794823767,-4118.610930928683
6,0.25,0.28308956225262927,0.1,0.10281669770758044,0.3,0.3124958137856103,0.5,0.4831107746307191,9887.713653283523,-4108.752880726433
7,0.25,0.2380809294989787,0.1,0.09617635666732294,0.3,0.28530488749502947,0.5,0.4691608550908604,10093.644909155302,-4130.011951545965
8,0.25,0.2361315273524574,0.1,0.09860815967063943,0.3,0.3087878552977969,0.5,0.5032144049952347,10001.682105142763,-4133.967341659465
9,0.25,0.3090958129447303,0.1,0.09360082813782113,0.3,0.2912019153578618,0.5,0.5253303697020056,10067.133659030627,-4137.211300480234
10,0.25,0.1301431969818706,0.1,0.09968909860395957,0.3,0.2854599164984811,0.5,0.4987991465915258,10013.850092967856,-4120.358711980305
11,0.25,0.18774981138599206,0.1,0.09687836224208517,0.3,0.30102163257019066,0.5,0.52553084869093,9961.213023023358,-4091.051427433191
12,0.25,0.36580817816458505,0.1,0.10145150055106822,0.3,0.30578202476510485,0.5,0.4718703757475268,9953.456840814,-4108.741519192772
13,0.25,0.15520444417084586,0.1,0.09522097635127183,0.3,0.29307418341648334,0.5,0.5383983912327422,10068.684183641171,-4123.8878615586145
14,0.25,0.29989330427954897,0.1,0.11261155897282461,0.3,0.3474157972367001,0.5,0.4617541295537795,9750.356476475723,-4132.666492098337
15,0.25,0.23746810215268702,0.1,0.09977541863219776,0.3,0.3051597582207909,0.5,0.47162667076220005,9917.971778770716,-4119.051952292653
16,0.25,0.1407644218326362,0.1,0.10000438099510528,0.3,0.30189773107217555,0.5,0.4945450758042323,10016.803295821368,-4130.610508831915
17,0.25,0.20048072981712808,0.1,0.09560974345480597,0.3,0.2905843228810238,0.5,0.5005162155461494,10014.32071364377,-4111.918993716435
18,0.25,0.12716847130391243,0.1,0.09469769441122255,0.3,0.282383135510425,0.5,0.4974935685153492,9959.360923622251,-4110.148047122981
19,0.25,0.40474799533136485,0.1,0.10201159586458469,0.3,0.3301298542540844,0.5,0.5623102848818219,9922.532951545305,-4106.044215592849
20,0.25,0.17448831659697683,0.1,0.09936606554968397,0.3,0.3113724605015854,0.5,0.50465216496521,9953.54406148949,-4104.357268808559
1,0.25,0.2427438197436277,0.1,0.09596291320707347,0.3,0.2914445399227582,1.0,1.0332448823029599,9923.357450880565,-4705.726566214983
2,0.25,0.18767657832180348,0.1,0.1016911570146086,0.3,0.2911122342435144,1.0,0.9350956447377757,9953.98788384195,-4732.090568389403
3,0.25,0.3709501319772009,0.1,0.09884117097523035,0.3,0.31079128309393433,1.0,1.0503630654798553,9945.78003098291,-4688.632434352277
4,0.25,0.17580036495021895,0.1,0.0997813451668994,0.3,0.2979082802455019,1.0,0.9404871311924345,9990.571611595842,-4687.7521269554345
5,0.25,0.18560667688731583,0.1,0.093435121111001,0.3,0.2810076972720565,1.0,0.9581447515540922,10071.22284276557,-4710.736710439796
6,0.25,0.329877354684457,0.1,0.09851240599825165,0.3,0.29575530603393724,1.0,0.9942007263266993,10012.282025945322,-4702.240479777809
7,0.25,0.2409538524632502,0.1,0.09843911553166404,0.3,0.28897389628701636,1.0,1.0002733986381858,9995.898909266121,-4721.386848329047
8,0.25,0.2739327258636003,0.1,0.09598640119526279,0.3,0.30191239483126064,1.0,1.0591889436965962,9977.178289495103,-4734.573434444583
9,0.25,0.22727295458197153,0.1,0.10856485581384794,0.3,0.3029294459745954,1.0,0.9041038414097581,9962.898767343246,-4720.444706337146
10,0.25,0.31999386331480406,0.1,0.09917200361258306,0.3,0.3029296227232411,1.0,1.0316133586042302,9997.657880375931,-4734.911140347971
11,0.25,0.14805625068392625,0.1,0.09730481439775197,0.3,0.2998103057801227,1.0,1.123189736101829,9962.038708448932,-4731.550174809715
12,0.25,0.1883621454321647,0.1,0.09857217206707174,0.3,0.3051657485135789,1.0,0.9533567991414299,9975.467509008406,-4714.337386186948
13,0.25,0.338373886714724,0.1,0.09466776321383978,0.3,0.3070260919274753,1.0,1.1324177786492031,10009.526495458715,-4685.301119875621
14,0.25,0.3473974245825306,0.1,0.10064189414902203,0.3,0.31254257614935327,1.0,1.0557281726846033,10022.746378245125,-4714.4983936580675
15,0.25,0.24944855668761132,0.1,0.09900550209880253,0.3,0.29716989953460365,1.0,0.97428097797242,9927.200290855406,-4686.866824818007
16,0.25,0.15739523317557663,0.1,0.10027014962017015,0.3,0.2980061769033393,1.0,0.9451900141406726,10003.68130776671,-4722.802686217319
17,0.25,0.2740383510305429,0.1,0.09620643654806707,0.3,0.3123150786335129,1.0,1.0802466012817276,9950.712548934542,-4704.611114062445
18,0.25,0.13790531433566583,0.1,0.10725128698622548,0.3,0.3141894140981124,1.0,0.9165166186603384,9902.504195752805,-4728.941895638449
19,0.25,0.14425290388585338,0.1,0.09718543736742845,0.3,0.30595861508912214,1.0,1.0551023661550485,9974.375883807383,-4717.741667564441
20,0.25,0.3233262315261306,0.1,0.10009440492963656,0.3,0.28731654157870257,1.0,0.975130412595447,10080.80139149303,-4712.218989235851
1,0.25,0.33719005132200686,0.1,0.09825876425714493,0.3,0.3075092026788777,1.5,1.6156299192867885,10000.282307369807,-5074.941924436866
2,0.25,0.17937799142591368,0.1,0.097336520176888,0.3,0.29338073609358983,1.5,1.595704270879251,9953.632398152276,-5072.921055222176
3,0.25,0.2765952683779178,0.1,0.1008199634071256,0.3,0.3035948251113308,1.5,1.4901470580980287,9983.269740984864,-5063.762994050808
4,0.25,0.2239700372618224,0.1,0.09941251985125632,0.3,0.3000697681086338,1.5,1.5292209273249298,10087.996817196543,-5050.061705831769
5,0.25,0.25338312706535115,0.1,0.09953537653307137,0.3,0.29570125742892606,1.5,1.457007285034222,9998.836917093167,-5082.239960644607
6,0.25,0.1302529159212854,0.1,0.09484069363901852,0.3,0.2894261548785853,1.5,1.530806772515318,10057.565515259625,-5071.242192825821
7,0.25,0.3168867709177741,0.1,0.09780885716352333,0.3,0.32630628942018874,1.5,1.5922337431294253,9980.299219140996,-5085.724599820154
8,0.25,0.2227231734782895,0.1,0.09495683745148627,0.3,0.2845552644300261,1.5,1.5695149616313742,10039.387982234794,-5057.72056178002
9,0.25,0.3035746919000612,0.1,0.09958359253399525,0.3,0.28530983139255817,1.5,1.5048699138488955,10060.398306193216,-5072.143656172266
10,0.25,0.19601795073801562,0.1,0.10140650308872778,0.3,0.29860389549448696,1.5,1.4364551075752738,9954.01684191385,-5054.745041004846
11,0.25,0.2921270672316438,0.1,0.10188148274920154,0.3,0.30406265330987997,1.5,1.5007457043982253,9961.035906679024,-5069.416103307283
12,0.25,0.27702806056807294,0.1,0.09986971335413893,0.3,0.29278654776432284,1.5,1.4365937651371405,10010.167773600702,-5051.4678288634805
13,0.25,0.2888769726432793,0.1,0.10600276758779946,0.3,0.2846764860731932,1.5,1.3492605713076393,9944.992838948629,-5086.900422246124
14,0.25,0.20793933666365183,0.1,0.09993989439229804,0.3,0.2904180187784361,1.5,1.5072357856725513,9905.52644624806,-5083.876968073573
15,0.25,0.16716005101575293,0.1,0.09347589281508116,0.3,0.2920506062208706,1.5,1.6293605354725131,10047.491489472248,-5105.796235762595
16,0.25,0.1742021994795679,0.1,0.10353058972124846,0.3,0.2905160119464352,1.5,1.4151500700499353,9918.95465882382,-5046.640302385693
17,0.25,0.14989429011904998,0.1,0.0938642626726507,0.3,0.30060977182260773,1.5,1.5318847197046785,10085.238289714673,-5063.489652334686
18,0.25,0.2643629996655915,0.1,0.10100893347573842,0.3,0.27842969984387544,1.5,1.4427608741473252,10063.805804194046,-5081.741874290563
19,0.25,0.3552316115950973,0.1,0.09410247038773405,0.3,0.34559831939382196,1.5,1.6803298451307207,9956.0610585396,-5108.16798100006
20,0.25,0.1405678583383741,0.1,0.0930549541551051,0.3,0.2981215663292197,1.5,1.6710498986730322,10072.890189370984,-5090.77279046785
1,0.25,0.17778861497149567,0.25,0.23885255574657724,0.1,0.09582974272786708,0.5,0.4169118057074181,10061.52312450693,-5827.724636719553
2,0.25,0.19306923906045165,0.25,0.23928831472447795,0.1,0.09529844211029863,0.5,0.5091079449932837,9902.374345855294,-5809.92677254043
3,0.25,0.20951499394583434,0.25,0.24525478892057762,0.1,0.09873322322378396,0.5,0.4909809370280684,9980.570826373147,-5819.179091042619
4,0.25,0.21019390015962003,0.25,0.2328522931330216,0.1,0.098061949291676,0.5,0.6347112032416187,10015.568199598933,-5866.250237182956
5,0.25,0.2602320558521378,0.25,0.2540357002955931,0.1,0.09977737655714666,0.5,0.36513351137744726,9990.85964709959,-5847.553793373085
6,0.25,0.25654497365470924,0.25,0.24539421181302074,0.1,0.09760681270560136,0.5,0.4368103579023561,10022.70306240179,-5858.862698626052
7,0.25,0.23953446051164992,0.25,0.24540276055027055,0.1,0.09793347375453505,0.5,0.528538270719544,10031.946208129124,-5833.597521877065
8,0.25,0.2355989393913983,0.25,0.2506383194136713,0.1,0.09820011144501903,0.5,0.3855728696800295,9997.493480141198,-5817.200425437197
9,0.25,0.16228174460887795,0.25,0.23532182025560586,0.1,0.09377505321675203,0.5,0.6042506080551021,9989.0524809207,-5849.270553940817
10,0.25,0.204059017328288,0.25,0.2409625522483283,0.1,0.09834701819101388,0.5,0.4763462891170431,10050.577615275528,-5852.5748610591945
11,0.25,0.24871600464002294,0.25,0.23206934110203245,0.1,0.09023913505027044,0.5,0.4316400468058073,10120.462598008222,-5839.9151171360145
12,0.25,0.3136585275183454,0.25,0.26093664152030316,0.1,0.10431112957140118,0.5,0.5023714155574371,9893.29787670758,-5839.353858724609
13,0.25,0.17479301425151045,0.25,0.23389318065096218,0.1,0.09309406716157503,0.5,0.4985684142426976,10123.720842804447,-5846.348952583809
14,0.25,0.2403868346819799,0.25,0.24834797453117924,0.1,0.10127654358609764,0.5,0.5181512320495762,9956.530509365626,-5825.917769851792
15,0.25,0.2055131651993335,0.25,0.24720577739617872,0.1,0.09885094874058675,0.5,0.421029738800097,9949.925030857172,-5841.982720114209
16,0.25,0.17345295940144967,0.25,0.24203855400721938,0.1,0.09646016581500523,0.5,0.4165788860857894,9986.81152292433,-5847.669803576706
17,0.25,0.29625210766745463,0.25,0.24706954406261278,0.1,0.09574233586427437,0.5,0.34117382803633267,9978.16419273179,-5859.521513362975
18,0.25,0.27591707130442183,0.25,0.2537867710994411,0.1,0.1008843756921067,0.5,0.5831047087260547,9846.246236114635,-5859.34965437698
19,0.25,0.15114168413549067,0.25,0.24121845379324636,0.1,0.09743542348302815,0.5,0.6862383850223214,10073.662206489911,-5857.692755992703
20,0.25,0.16463286043063338,0.25,0.2717623799228662,0.1,0.10776312670240863,0.5,0.4323634697522207,9862.553687677408,-5849.70256492516
1,0.25,0.15853311736526088,0.25,0.2553241250546771,0.1,0.09678257864391458,1.0,0.9408549772123761,9946.777611506483,-5882.841562070085
2,0.25,0.2107628832972163,0.25,0.24885403197915207,0.1,0.10029014942682478,1.0,0.9945823153946038,10038.056311486342,-5864.72902931121
3,0.25,0.22299613262912044,0.25,0.2497315228058264,0.1,0.09794650212167673,1.0,0.8741895550845281,9968.193634212148,-5843.2701373088385
4,0.25,0.209261897862975,0.25,0.24940589966078736,0.1,0.09819676674044493,1.0,0.8619091005178137,10013.427197375293,-5831.707623315329
5,0.25,0.1650498162869355,0.25,0.2465911736550079,0.1,0.09622753941615274,1.0,0.9162676838123153,9969.973580449143,-5866.165621240156
6,0.25,0.23933445830932915,0.25,0.2627073902924437,0.1,0.10679544985230655,1.0,1.0215094814341419,9876.556065471574,-5844.845238316733
7,0.25,0.3146463200265025,0.25,0.2548377015321183,0.1,0.10626072049460028,1.0,1.2757310734995249,9939.820322024816,-5873.695231856867
8,0.25,0.3046949710252258,0.25,0.23537226577859272,0.1,0.09298070211554862,1.0,1.1432544954143125,10100.870603454943,-5850.7903081974955
9,0.25,0.24606899806243573,0.25,0.26217568886156273,0.1,0.10503035651104736,1.0,0.8502080982112941,9995.405618996992,-5878.464805965668
10,0.25,0.25125673851815955,0.25,0.25172828398108976,0.1,0.10476919635788647,1.0,1.3406445863623049,9905.172209912676,-5850.073049925966
11,0.25,0.20896497026192848,0.25,0.253851196142626,0.1,0.10094819750616665,1.0,1.018561713311627,9962.918314884808,-5864.8809680934555
12,0.25,0.2754414839918959,0.25,0.2414897481519734,0.1,0.09528166991445987,1.0,0.8442093648282202,10041.818482818373,-5874.898059621002
13,0.25,0.24176495364099063,0.25,0.24903796775973205,0.1,0.09802602543962617,1.0,0.919250157860576,10001.207272071772,-5869.637291766312
14,0.25,0.17883567716488494,0.25,0.252116449500003,0.1,0.10085993164260383,1.0,1.194081737954249,9970.592096713239,-5856.983847695459
15,0.25,0.1851630511051347,0.25,0.24368527874754925,0.1,0.09381012991871562,1.0,0.7613519501519181,10013.358972612432,-5844.119078032514
16,0.25,0.2993848037945379,0.25,0.2487926342872717,0.1,0.09993696023542138,1.0,1.147763819962414,10011.243701032728,-5868.071883206816
17,0.25,0.20273849867477994,0.25,0.24715551028465452,0.1,0.09916533832690223,1.0,1.0385245015122613,10039.843646378147,-5864.459187008812
18,0.25,0.20839541958999203,0.25,0.25439247511754776,0.1,0.09939326489725575,1.0,1.043605331480479,9919.199628722758,-5861.581691817535
19,0.25,0.23710571452291299,0.25,0.2483103319806958,0.1,0.09784971558175672,1.0,0.8854464642226241,9984.64716390136,-5873.272014610271
20,0.25,0.15246124777646317,0.25,0.247667758585097,0.1,0.09619043727330828,1.0,0.7845345045623497,9899.620147873009,-5845.05975933439
1,0.25,0.138053032540066,0.25,0.24033950592191258,0.1,0.09849568329372015,1.5,1.4788100398733168,9942.551846481669,-5832.359448472256
2,0.25,0.23572691717007307,0.25,0.2570012624224858,0.1,0.0994093140020673,1.5,1.3725710905721416,9973.238224486891,-5843.320041931988
3,0.25,0.26013247938686523,0.25,0.25019209675845633,0.1,0.10077321637831843,1.5,1.4246339850510048,9984.999854026622,-5816.121764470984
4,0.25,0.3028670236572751,0.25,0.249019168459302,0.1,0.09892412384066683,1.5,1.575245377599107,10001.354980584212,-5841.3044352194665
5,0.25,0.32130065177664646,0.25,0.25915881580484496,0.1,0.10199863594528162,1.5,1.651981600008773,9999.771116008053,-5833.164848090041
6,0.25,0.14689229783724503,0.25,0.24610169489152842,0.1,0.09957057353275713,1.5,1.5101749955705386,9986.116827584066,-5843.92281027577
7,0.25,0.25451420883067294,0.25,0.2514819189462015,0.1,0.09756258556508382,1.5,1.2006300335387792,10011.60077432265,-5856.7395676807
8,0.25,0.14248646485334607,0.25,0.24630287286567557,0.1,0.09925865638796665,1.5,1.4617744148374323,9922.38837241436,-5831.334893014595
9,0.25,0.22738535011199074,0.25,0.23620750738517918,0.1,0.09062596506361492,1.5,1.2444989756164007,10043.467600594795,-5847.9481103904545
10,0.25,0.2168206756343681,0.25,0.24560341159265658,0.1,0.09781701792309555,1.5,1.416028824183569,9963.618591884593,-5825.059668157591
11,0.25,0.26451140106615273,0.25,0.24943502838495163,0.1,0.10423527345411036,1.5,1.773289162919673,10014.437626826315,-5852.1167466887055
12,0.25,0.13361132360308267,0.25,0.23879865012940665,0.1,0.09549432535439767,1.5,1.417722742811769,10049.834571282556,-5868.439866936131
13,0.25,0.3254428844430482,0.25,0.25492424556357485,0.1,0.10596963580731031,1.5,1.5816436010562331,10034.280965864054,-5873.300456192525
14,0.25,0.16028129004131422,0.25,0.25630043794666296,0.1,0.10025854425634113,1.5,1.331367087528243,9892.742889069621,-5815.086598317966
15,0.25,0.2445684887635799,0.25,0.25030891027062363,0.1,0.10162990601421545,1.5,1.5971211738476914,10032.394857029722,-5831.327747112464
16,0.25,0.1980644965539698,0.25,0.2556626302913301,0.1,0.10022942144852025,1.5,1.537983721361244,9919.291198273291,-5868.01592289303
17,0.25,0.2795537512626973,0.25,0.24932878729788147,0.1,0.09107373187875772,1.5,1.2278282679921813,10030.911316524898,-5831.813658637677
18,0.25,0.27568491333875095,0.25,0.2550534136648347,0.1,0.09431231436963558,1.5,1.2352521704179797,10078.30308228629,-5865.020686430676
19,0.25,0.19061964403384646,0.25,0.24177153093119413,0.1,0.10155314256933287,1.5,1.6612781810321953,10002.126246760503,-5831.433187928904
20,0.25,0.3116891816008224,0.25,0.25347786464708,0.1,0.09486137244882681,1.5,1.1659450937185132,10007.636986090323,-5849.98730457589
1,0.25,0.13994063117876585,0.25,0.23872132360483336,0.2,0.1939099905400716,0.5,0.5220009595705956,10041.654886044436,-5755.27051935481
2,0.25,0.3223755885047317,0.25,0.2498306326492346,0.2,0.19613546231603343,0.5,0.46297605460095453,10051.045070777152,-5736.407203494743
3,0.25,0.3096075387613021,0.25,0.2655995928438907,0.2,0.2092324729499205,0.5,0.4453803858815801,9865.061063972138,-5738.473072586969
4,0.25,0.19031491455986646,0.25,0.24482528996064643,0.2,0.1987915486417624,0.5,0.5519365917244776,10072.678491758414,-5756.0515714333815
5,0.25,0.26336230949319284,0.25,0.24502523917818383,0.2,0.19783780846342774,0.5,0.5081976528758652,9978.616710321046,-5729.682571809793
6,0.25,0.15856801823723055,0.25,0.25067394147349553,0.2,0.20308885807844387,0.5,0.5029397444881605,9910.733130168217,-5740.471516311893
7,0.25,0.20127025019338693,0.25,0.2595677734661609,0.2,0.20006494416424475,0.5,0.4766803215563552,9866.003265169797,-5740.399332061728
8,0.25,0.25880251195565485,0.25,0.2515673299728,0.2,0.20014514899066352,0.5,0.4599407670821625,9964.543137371258,-5771.912161920875
9,0.25,0.31296403316743493,0.25,0.24550925685265834,0.2,0.1993390218999015,0.5,0.5066946682728997,10003.855899845474,-5746.575555744599
10,0.25,0.1966143803340036,0.25,0.23807717385749258,0.2,0.19395129137440387,0.5,0.5397735392334361,10079.663425316885,-5761.377877854219
11,0.25,0.15420480011268317,0.25,0.24674170072876492,0.2,0.1899447125870681,0.5,0.4132753145901184,10013.860783397668,-5759.217062023291
12,0.25,0.17941587148192728,0.25,0.24938036247378234,0.2,0.1985128543665467,0.5,0.4601201344515064,9978.278518982894,-5745.57890216136
13,0.25,0.2879815672333531,0.25,0.2577655710529344,0.2,0.2022343144672279,0.5,0.48501715974692144,9937.214532496188,-5757.225725784909
14,0.25,0.1935966053016766,0.25,0.2520254938113463,0.2,0.20044801131864678,0.5,0.49245266156911927,9972.378455145923,-5725.278650531939
15,0.25,0.14626195719512136,0.25,0.25032855358012157,0.2,0.1901958277137022,0.5,0.42976584068611745,9941.080536627276,-5743.479849635857
16,0.25,0.21376713376575598,0.25,0.2523607020068158,0.2,0.19753374582977357,0.5,0.47201908627559147,9999.489431432226,-5736.960693251676
17,0.25,0.19503463731896242,0.25,0.2548703964398821,0.2,0.20823888856654274,0.5,0.48536589613025105,9961.249834994307,-5740.120953288191
18,0.25,0.13643821911105525,0.25,0.24261150774832146,0.2,0.1927414553107124,0.5,0.49649165082745095,10027.080722108836,-5736.501909880358
19,0.25,0.35062506739108174,0.25,0.2589059230422323,0.2,0.20534521544923007,0.5,0.6003097060891567,9906.627295155986,-5757.725995856475
20,0.25,0.23511333820471156,0.25,0.24953035250682543,0.2,0.20389574790648196,0.5,0.47704297543857493,9978.829207386709,-5756.769564128824
1,0.25,0.3388470258384358,0.25,0.24491468573050848,0.2,0.19801210503058236,1.0,1.0757036184604798,10028.166802248834,-5846.871702475928
2,0.25,0.23207887774264818,0.25,0.2562746284373224,0.2,0.20471062641136,1.0,0.9539327728522027,9951.515359547682,-5846.49907656516
3,0.25,0.27233131387131226,0.25,0.25605543014311466,0.2,0.19868459363803706,1.0,1.0744609006891626,9975.42859923857,-5862.54904960814
4,0.25,0.17618710206348134,0.25,0.23948096658982512,0.2,0.19408491436156078,1.0,0.9674787496184118,10084.246159055754,-5862.318443562316
5,0.25,0.3137380463359931,0.25,0.2739174117646421,0.2,0.20405242705458565,1.0,0.8283028813056951,9865.278212994723,-5832.338942011334
6,0.25,0.28845012744180665,0.25,0.25008984031568177,0.2,0.19969304682118236,1.0,1.0038946046820343,10011.038038830779,-5878.5505633961
7,0.25,0.2813841512062044,0.25,0.2416141406263658,0.2,0.19219920449041475,1.0,1.0463057605307884,10160.250587863831,-5844.653030553081
8,0.25,0.34705827612316986,0.25,0.2539107754037186,0.2,0.2104245448750831,1.0,1.1145081040636864,9991.123889495826,-5833.961331273348
9,0.25,0.26577439310437434,0.25,0.248631484331578,0.2,0.20238001740326705,1.0,1.0039077066532451,10019.579606327385,-5843.961374226736
10,0.25,0.18340746701509655,0.25,0.2395342697241494,0.2,0.1918359539991564,1.0,0.9729358707285637,10055.29862730802,-5862.909450891153
11,0.25,0.19246457011384605,0.25,0.2492104226833245,0.2,0.19792099348654696,1.0,1.0060705783943114,9936.28566339479,-5856.741428084564
12,0.25,0.2573046524109967,0.25,0.24949251797617428,0.2,0.21107847415230438,1.0,1.075666263992396,9969.522223252898,-5857.488961169842
13,0.25,0.2565812823903707,0.25,0.2525043560513179,0.2,0.20963774229799217,1.0,1.0772423818741985,9967.09409356394,-5839.9703723981465
14,0.25,0.27965732940895843,0.25,0.24308022645262647,0.2,0.19858558763282,1.0,1.0457367476567767,9963.795474957295,-5845.728096071936
15,0.25,0.18034826659335804,0.25,0.25277312108286054,0.2,0.2084643809851798,1.0,1.0608873661417177,9888.787850602088,-5840.082960538353
16,0.25,0.2951392164991701,0.25,0.2530394530301205,0.2,0.19947994418425982,1.0,0.9536686901255673,10071.578997326777,-5863.872864997317
17,0.25,0.20475783903737466,0.25,0.24405727175577946,0.2,0.19605935932739893,1.0,1.0188555665016354,10018.91766378308,-5883.649610930654
18,0.25,0.3305488052681406,0.25,0.2558602255338095,0.2,0.20184449347982963,1.0,1.0253791358877324,9888.513660854791,-5864.692323582742
19,0.25,0.1578081185022439,0.25,0.24513047804784083,0.2,0.20358999130879477,1.0,1.109045326240503,9927.170117437743,-5858.312791589248
20,0.25,0.18505797965374035,0.25,0.24550025959053198,0.2,0.19945123432525677,1.0,0.9894957530955527,10050.350500903425,-5886.7858990747145
1,0.25,0.15567976664951289,0.25,0.24871176807876622,0.2,0.19769922766910922,1.5,1.430423192855276,9960.853750932758,-5921.704428036686
2,0.25,0.3134674062252361,0.25,0.24408332770284377,0.2,0.18445676028468305,1.5,1.3679634449151445,10099.20720971728,-5945.0019924623175
3,0.25,0.17751674039199414,0.25,0.25069722516713594,0.2,0.2000828522341126,1.5,1.451349547100408,10051.039491403955,-5943.43442634266
4,0.25,0.14732998060744842,0.25,0.25203559522087376,0.2,0.17666874467826924,1.5,1.3226105417399907,9945.473868864638,-5928.173976720748
5,0.25,0.2238711859044426,0.25,0.237906598287852,0.2,0.19473572284394827,1.5,1.7061079276469222,10067.888346140511,-5938.677668353018
6,0.25,0.30658129230306325,0.25,0.2523439245182624,0.2,0.2001185337340396,1.5,1.5011124478945543,10042.528860580915,-5945.724317875853
7,0.25,0.13764335745391784,0.25,0.24430019420778806,0.2,0.1879260525206769,1.5,1.3850075158038282,9988.467157014875,-5904.653056737643
8,0.25,0.2000918512115048,0.25,0.2572625730988456,0.2,0.20358050060972094,1.5,1.4579773470706903,9941.011296515157,-5895.452193379364
9,0.25,0.2712595426301374,0.25,0.2539057421849912,0.2,0.2130710762208883,1.5,1.6966039377997135,9951.699020623942,-5927.337574262142
10,0.25,0.27151007614207007,0.25,0.2474407734513051,0.2,0.2074512396371876,1.5,1.5953783741379686,9989.983381089309,-5904.267146050451
11,0.25,0.1785009977765917,0.25,0.24637333553639962,0.2,0.19958627006823257,1.5,1.4515691236349795,9935.166963856698,-5924.511271579166
12,0.25,0.24273925458822448,0.25,0.25935555565240076,0.2,0.1898558759880658,1.5,1.3534945091116077,10077.185691749959,-5906.972123074888
13,0.25,0.3438592306430586,0.25,0.25745244829025665,0.2,0.20040614101249057,1.5,1.3978711925442624,9987.244887670304,-5917.424804463253
14,0.25,0.2732340734236325,0.25,0.24742788432983592,0.2,0.2043188569890432,1.5,1.5244381974552685,9977.125194868486,-5909.310023380382
15,0.25,0.27584950353654386,0.25,0.2619916004545888,0.2,0.19188221604662595,1.5,1.3175570506258254,9913.976443794008,-5911.9916777133985
16,0.25,0.3268683108749438,0.25,0.24501426547470473,0.2,0.18592860119820404,1.5,1.4512433280557617,10086.25641321707,-5894.461462826097
17,0.25,0.3338305608710362,0.25,0.2537052857228158,0.2,0.20435640003255745,1.5,1.5886328137576184,9972.00319782261,-5918.0367481888225
18,0.25,0.18355454521242656,0.25,0.2490522205473234,0.2,0.184501633635275,1.5,1.4286646512697403,10085.141697912211,-5935.272278850111
19,0.25,0.13475205967974657,0.25,0.24440060738767766,0.2,0.1901227146453172,1.5,1.422428133499489,10026.050460392917,-5931.631854752898
20,0.25,0.1780383744524278,0.25,0.24403648003146516,0.2,0.19347386454499793,1.5,1.460045101041909,10004.656874444945,-5940.99761481167
1,0.25,0.2909961952775716,0.25,0.25664201054301355,0.3,0.30324272443708344,0.5,0.4928144044295314,9886.859569583243,-5491.32553232877
2,0.25,0.19598608374780918,0.25,0.2465528849060783,0.3,0.29305124283431583,0.5,0.4876392277964002,9910.70537415728,-5488.345092220072
3,0.25,0.15341492322822617,0.25,0.2478291737849212,0.3,0.2944026225081397,0.5,0.4763893708210576,10050.032755219625,-5474.25180525756
4,0.25,0.14922677988185593,0.25,0.24962934855178723,0.3,0.2988671975897048,0.5,0.4858427224156843,9915.036161718028,-5505.598321239655
5,0.25,0.29147323612884213,0.25,0.25791674436846695,0.3,0.3056453115343104,0.5,0.47713796407093617,9949.168168304814,-5476.220485520067
6,0.25,0.21812510007244798,0.25,0.25133554041674694,0.3,0.29974363507690277,0.5,0.5349968294388595,9994.100218714268,-5496.689397284099
7,0.25,0.16396298218529348,0.25,0.24156356869589465,0.3,0.3021359273074307,0.5,0.4828601979992534,9988.240968577535,-5489.269454248738
8,0.25,0.152596122031908,0.25,0.24591823755595915,0.3,0.296115633159136,0.5,0.4813698645650929,9978.42189738415,-5474.069152687132
9,0.25,0.2664771350994943,0.25,0.24703092773194638,0.3,0.29582194924546446,0.5,0.4911904040055558,9949.410331012556,-5469.261810669372
10,0.25,0.19445986759071104,0.25,0.24580648247457437,0.3,0.2916677904984399,0.5,0.47348108604293715,10077.376805378615,-5486.7584722731335
11,0.25,0.17393023969992474,0.25,0.248958410875779,0.3,0.30171577295402696,0.5,0.47467111809678614,10001.841532609717,-5455.603347597787
12,0.25,0.2198618437175883,0.25,0.24703990767185538,0.3,0.29445931375662693,0.5,0.5056010506652711,9981.379336150083,-5468.11751045677
13,0.25,0.16073358053256237,0.25,0.25307317653503064,0.3,0.3124390391993894,0.5,0.5325440151534583,9843.675237416357,-5492.393683936142
14,0.25,0.23110697879643108,0.25,0.24886756699399612,0.3,0.2981973188973777,0.5,0.49572659315895123,10038.752140731378,-5459.873793458406
15,0.25,0.18229811766548998,0.25,0.2494350451782072,0.3,0.2967028404036147,0.5,0.5055663562194466,9967.94530643625,-5471.219487460417
16,0.25,0.3161393844972003,0.25,0.24985002173789472,0.3,0.3024844282312517,0.5,0.5369766311322787,10017.034315068075,-5469.398956594498
17,0.25,0.24234212392517188,0.25,0.24703645804144275,0.3,0.3005917403286773,0.5,0.5040423283981562,10093.081163653744,-5491.772924328006
18,0.25,0.2669342391233346,0.25,0.2532090351872592,0.3,0.2982372919135424,0.5,0.4568951698906372,10031.492595221725,-5496.675586396335
19,0.25,0.28093437585630765,0.25,0.24994019694816422,0.3,0.30698247197343165,0.5,0.5206253566730866,9926.331885497995,-5466.95451709131
20,0.25,0.23775577563503422,0.25,0.2483804292312445,0.3,0.2997942227028534,0.5,0.5332632071585262,10051.890698852807,-5466.4621964562775
1,0.25,0.22703323943208714,0.25,0.24856818058659647,0.3,0.2997144189231456,1.0,0.975068382502009,10078.581056579613,-5704.3277087286415
2,0.25,0.3157596076590432,0.25,0.2522619613836436,0.3,0.3057385867070827,1.0,1.0096288597354441,9984.212566252603,-5703.121073329423
3,0.25,0.20047206087025327,0.25,0.24224781984493926,0.3,0.2829651737491227,1.0,1.0139707889655347,10032.456556342555,-5697.023818471473
4,0.25,0.30132813320865215,0.25,0.24507864968363932,0.3,0.2863789938307657,1.0,1.0126010710789177,10066.631163317687,-5712.740115437589
5,0.25,0.16368530413948157,0.25,0.24991763851796778,0.3,0.2845272735083633,1.0,0.9131860421435088,9995.597763153852,-5721.919725155498
6,0.25,0.16027700393858466,0.25,0.24903208063466403,0.3,0.2959628953660504,1.0,0.9978563358078048,10000.854063589102,-5729.617346221061
7,0.25,0.33853386093634347,0.25,0.2515815042064192,0.3,0.29540145755999736,1.0,1.0298747335072629,10007.983598855644,-5687.482201679204
8,0.25,0.2839935079103268,0.25,0.2454470496053757,0.3,0.29514550016007607,1.0,1.0279013915314026,10072.588949208031,-5724.548757327144
9,0.25,0.23743958661102857,0.25,0.24643652578183387,0.3,0.2948027647672639,1.0,0.9443028127037989,10022.137442706524,-5678.23432386198
10,0.25,0.32309262033976277,0.25,0.24744394082517224,0.3,0.2902518829666351,1.0,1.002388663990101,10024.829559174157,-5723.35241805891
11,0.25,0.18550729016444187,0.25,0.2535100758499579,0.3,0.30601424885827067,1.0,0.962458599378121,9953.331932428437,-5692.193672484775
12,0.25,0.25691404611897123,0.25,0.24541114272144204,0.3,0.2972870986858495,1.0,1.0528000238412782,10005.892742375412,-5717.389183877947
13,0.25,0.26118887928530676,0.25,0.25653729957362964,0.3,0.27780816990229334,1.0,0.8626648294385262,9924.839332840476,-5730.451684979172
14,0.25,0.25863555426325413,0.25,0.25303571800943453,0.3,0.30550601485223655,1.0,0.9580354478158135,9979.223014967978,-5731.621569939815
15,0.25,0.23581056722667218,0.25,0.25612334608618703,0.3,0.2933065335225675,1.0,0.8967581989941076,9995.2146087714,-5707.752468519193
16,0.25,0.18846879258586943,0.25,0.2566390535034847,0.3,0.2922152027354509,1.0,0.9223440885452616,9941.439080816379,-5719.865375329631
17,0.25,0.28919988713464995,0.25,0.23420403640680187,0.3,0.285335894037485,1.0,1.0723573863153715,10207.280542490873,-5704.681066312333
18,0.25,0.36772439467968976,0.25,0.24919180286509793,0.3,0.2964116898760939,1.0,0.9669933869531242,10060.091838846763,-5722.653093125821
19,0.25,0.16199093483499263,0.25,0.255744803043436,0.3,0.3052277504015496,1.0,0.928049800482272,9917.76980255923,-5698.983573992698
20,0.25,0.2033004936540181,0.25,0.2440348191690631,0.3,0.2975403327138449,1.0,1.0051404687408543,9933.368732134219,-5730.500034771663
1,0.25,0.3168992990462073,0.25,0.25051605720368675,0.3,0.3121614291862226,1.5,1.5659757075514413,9949.463432999393,-5867.141424352063
2,0.25,0.17727412481939742,0.25,0.23711368797143323,0.3,0.2807879297600819,1.5,1.476774397248096,10087.056819631676,-5865.973911399574
3,0.25,0.19132337350708642,0.25,0.23840727768871037,0.3,0.2915773367141071,1.5,1.5881161048698542,10032.0942444976,-5840.668593673076
4,0.25,0.2746329672748879,0.25,0.244934715088439,0.3,0.2968013173238586,1.5,1.5308915794573463,10041.455126157374,-5837.689477725422
5,0.25,0.2932579158466981,0.25,0.23442911034367303,0.3,0.31144236617434673,1.5,1.6767686963931072,10091.712902803836,-5839.026746490601
6,0.25,0.2060969008777262,0.25,0.2584720494236677,0.3,0.2922969482592103,1.5,1.3658255126914656,9970.099614044067,-5815.692284970138
7,0.25,0.138863344595464,0.25,0.25200120161136097,0.3,0.2912388249070808,1.5,1.4516097934281111,9939.436402430158,-5820.044511480083
8,0.25,0.21296032924254227,0.25,0.2511517801031272,0.3,0.3071334855704283,1.5,1.5284330385002411,9901.244334582374,-5875.85611495451
9,0.25,0.2211312655547128,0.25,0.25015688138067876,0.3,0.3022370745457869,1.5,1.5126153438093637,9915.03477391452,-5805.502211726266
10,0.25,0.18535508327041192,0.25,0.2502216191964157,0.3,0.3045873727263878,1.5,1.4966002053295173,9943.402445767711,-5844.671149924543
11,0.25,0.1998631323728832,0.25,0.24813797122300613,0.3,0.2826240060708623,1.5,1.4819539862354758,9927.30269467607,-5833.253690954447
12,0.25,0.17693557060330362,0.25,0.24188936515154488,0.3,0.29411465124067504,1.5,1.5326150219246721,10003.143371285005,-5839.076196354787
13,0.25,0.2709929009959279,0.25,0.26231337691609563,0.3,0.31602480112599296,1.5,1.3982381324354445,9897.414776132346,-5851.356485296427
14,0.25,0.23666789236208968,0.25,0.247052870965465,0.3,0.28979912340240965,1.5,1.4438056319954928,10051.366752178805,-5842.152812830631
15,0.25,0.2783069558369312,0.25,0.24566350928591027,0.3,0.2886086334055667,1.5,1.5340932606696887,10061.787871533581,-5869.847121968204
16,0.25,0.1280672546653169,0.25,0.24877537870849692,0.3,0.2982191142990265,1.5,1.5151263650854063,9994.944988213729,-5812.11405865387
17,0.25,0.22440690873375368,0.25,0.24606272496159592,0.3,0.3207335567619127,1.5,1.526319899702086,9979.480302922113,-5825.563398761539
18,0.25,0.22267950562267047,0.25,0.24661716120603983,0.3,0.29984709718533226,1.5,1.580433831430617,10015.282576689184,-5872.271777376713
19,0.25,0.23625369701147322,0.25,0.24615825392622606,0.3,0.29453304396536856,1.5,1.5296477019035397,10018.06628964013,-5865.598344439391
20,0.25,0.34255903495326817,0.25,0.2509733981648501,0.3,0.3011719044123415,1.5,1.5449675109434668,10020.155702043558,-5857.862272282258
1,0.25,0.28411435042268113,0.5,0.494667586504034,0.1,0.09615332775226763,0.5,0.3780183610493522,10034.899227184962,-5581.229660767702
2,0.25,0.2552891846610452,0.5,0.523217001011177,0.1,0.10261358372343025,0.5,0.317032609673445,9852.95203654986,-5624.354655378857
3,0.25,0.19626050446298457,0.5,0.4827374440440886,0.1,0.09552936986461297,0.5,0.32245476078631835,10103.078013800465,-5638.127002244268
4,0.25,0.2724643490447435,0.5,0.4898223310657895,0.1,0.09585907359461644,0.5,0.39752167070612415,10047.419325678049,-5636.19955753236
5,0.25,0.22210699007847876,0.5,0.4826611299760734,0.1,0.0980561312970655,0.5,0.3381436246137709,9942.243294399612,-5637.128870111612
6,0.25,0.24475539437711977,0.5,0.4880439730293488,0.1,0.09608063626364877,0.5,0.36117285344515077,9983.121870331857,-5649.528662036086
7,0.25,0.27704368867233403,0.5,0.4938699881167404,0.1,0.0965446591615485,0.5,0.3035802978774226,10004.88281258691,-5631.379093255167
8,0.25,0.14635380589598507,0.5,0.4929459715070504,0.1,0.09978886644276602,0.5,0.5359286119403588,9896.906745343695,-5618.974856599881
9,0.25,0.2501296049182268,0.5,0.47990618660885515,0.1,0.09809443973881427,0.5,0.5596855151823315,10033.952949930175,-5639.959022994397
10,0.25,0.17157594486694192,0.5,0.4977551736056665,0.1,0.10076261049682013,0.5,0.5630803498169048,9904.477406926007,-5642.05766885786
11,0.25,0.25801910733202843,0.5,0.509909975620917,0.1,0.09993361509697125,0.5,0.5456075414369668,9992.034112071062,-5623.806776377052
12,0.25,0.2750708067829938,0.5,0.49210286639596107,0.1,0.10094527279885153,0.5,0.5557663380891795,10023.54789154066,-5637.15979289715
13,0.25,0.20282762894133027,0.5,0.494496170204945,0.1,0.09735533364281966,0.5,0.3616994520313456,9964.86569729872,-5631.356846934211
14,0.25,0.20896252446378635,0.5,0.4907239891415257,0.1,0.09968303248457594,0.5,0.49759782398692654,10028.908405999873,-5628.881464562019
15,0.25,0.17261001458200148,0.5,0.47845706527002574,0.1,0.09739830908681076,0.5,0.48201056851062757,10082.46765940554,-5623.906880648312
16,0.25,0.26749742313801544,0.5,0.4888052288942218,0.1,0.10286602428711342,0.5,0.6774711050033312,10056.09671806625,-5595.551256967421
17,0.25,0.18787959253339692,0.5,0.4861571092703802,0.1,0.09573447895633065,0.5,0.36999197649720605,10039.942817495803,-5644.42652146133
18,0.25,0.268369826117189,0.5,0.48588538266252346,0.1,0.09636320086439028,0.5,0.6145347964081977,10070.254285241406,-5617.134323916978
19,0.25,0.23407676553350856,0.5,0.5048748804460862,0.1,0.09904489418194033,0.5,0.37875696049354657,9917.324580685092,-5638.995141315019
20,0.25,0.2229424972348771,0.5,0.4820886624590468,0.1,0.09544419738522032,0.5,0.3235057447155941,9991.805153425537,-5608.316333634901
1,0.25,0.2058371645097289,0.5,0.48991712629429096,0.1,0.09667768467153624,1.0,0.8496012908049078,9926.229457403266,-5566.337952738653
2,0.25,0.17755604525551882,0.5,0.5397057372453093,0.1,0.10607932686972113,1.0,1.0684847904466654,9797.017116333434,-5609.415933876535
3,0.25,0.27010362908053887,0.5,0.5183100514903872,0.1,0.10285803151436988,1.0,1.0619814639858214,9940.48963055635,-5566.861492779394
4,0.25,0.2275204722679518,0.5,0.4740135406596638,0.1,0.09472823164145443,1.0,0.8533700026194188,10111.646380143675,-5593.468332625738
5,0.25,0.22389336295298,0.5,0.5120067866306851,0.1,0.09936451331290438,1.0,0.9107741216839019,10015.49091475028,-5580.3756573697965
6,0.25,0.21713137634525728,0.5,0.5040488689362023,0.1,0.09722397736129669,1.0,0.7101482748380038,9965.25266796846,-5595.028422688678
7,0.25,0.27106897980776995,0.5,0.5103938314799618,0.1,0.10079778082099283,1.0,0.9075999780932777,9914.697072378343,-5600.1353678414
8,0.25,0.29537343287382445,0.5,0.49689148856835524,0.1,0.09722905467131533,1.0,0.9092276321013598,9992.826520568273,-5580.756445998153
9,0.25,0.27994883028268314,0.5,0.4849077192736935,0.1,0.09799993991875551,1.0,1.122816725596859,10073.621111362496,-5595.760699997969
10,0.25,0.28943938505201605,0.5,0.5075070186608432,0.1,0.09622235246892165,1.0,0.7821152982583455,10073.520159738637,-5594.4215177272135
11,0.25,0.16563232041356782,0.5,0.48208961708212794,0.1,0.09360676222464841,1.0,0.6840379134772976,10054.133347851757,-5634.168806787418
12,0.25,0.2452626945200884,0.5,0.48650898685948774,0.1,0.10104947576928303,1.0,1.162046629525842,10033.923884217496,-5590.475395815623
13,0.25,0.3159859396539722,0.5,0.5108376471153157,0.1,0.09556766430500184,1.0,0.6518522078340705,10012.75079976765,-5592.254916256579
14,0.25,0.23788911201839336,0.5,0.5065632345215164,0.1,0.10144994495992914,1.0,0.898408367786619,9946.141201887247,-5577.68293670067
15,0.25,0.2669489410314268,0.5,0.50307948143995,0.1,0.10194003522925534,1.0,0.9838349681574454,10033.065122917022,-5589.936559639675
16,0.25,0.16939049521136576,0.5,0.4909581485742762,0.1,0.09800244613749898,1.0,0.8901822478053137,10007.38747959087,-5584.713593251832
17,0.25,0.2019127090507263,0.5,0.4824559948512497,0.1,0.09744669720161096,1.0,0.7753099964154838,10047.381533434593,-5591.277084009371
18,0.25,0.26986840044277777,0.5,0.49108336366916117,0.1,0.09865109707200244,1.0,1.1148369795058177,10021.546256983645,-5594.180161172073
19,0.25,0.22432401108878808,0.5,0.49740134462656904,0.1,0.10024407279462877,1.0,1.089874593638249,10026.631636706008,-5578.624168141287
20,0.25,0.16366161767074355,0.5,0.48319425817444567,0.1,0.0986403875545922,1.0,1.2426405321527476,9956.728988919858,-5572.795353021007
1,0.25,0.3038326826211817,0.5,0.4710430330091413,0.1,0.10088742195977748,1.5,1.9195924540692246,10074.633712398372,-5549.790730101649
2,0.25,0.18313988252398516,0.5,0.5008949229676282,0.1,0.09649938550989462,1.5,1.136121978305669,10029.55489928443,-5563.073220765475
3,0.25,0.15666379987957066,0.5,0.4969331098472635,0.1,0.09387906640556216,1.5,1.0513192769202322,10024.669777560226,-5571.718925417164
4,0.25,0.149886016356948,0.5,0.4790675428007924,0.1,0.09282456970820899,1.5,1.3431003539276642,10091.875705014743,-5514.065087656603
5,0.25,0.2741476587928713,0.5,0.49791726428392086,0.1,0.0960659064721006,1.5,1.3647130307014166,10049.580605187719,-5557.907993159508
6,0.25,0.22143837018763327,0.5,0.4937466351170154,0.1,0.10317584963615775,1.5,1.7515181511035192,9959.158366624346,-5580.572072199528
7,0.25,0.21810412574466106,0.5,0.5057303255057453,0.1,0.10059877820911164,1.5,1.4298701476906601,9999.690897835795,-5541.70002459435
8,0.25,0.21019760133061174,0.5,0.46800928480426734,0.1,0.09074530301238777,1.5,1.420234913619724,10104.79095066814,-5564.125121099407
9,0.25,0.22710697648302472,0.5,0.4735893356540295,0.1,0.10084138519586926,1.5,2.033539231119521,10082.965892889546,-5561.825971210801
10,0.25,0.158557860439872,0.5,0.4831412552616577,0.1,0.09762399238550656,1.5,1.3514323824388705,10022.732316501133,-5533.133446298415
11,0.25,0.18753954212637425,0.5,0.5214849062963091,0.1,0.0910632934732298,1.5,0.7675882627577714,10068.62049308093,-5544.353352721443
12,0.25,0.2796877865854868,0.5,0.4845785538279145,0.1,0.09804920401567925,1.5,1.6962153215664708,10035.922119031726,-5582.540575768392
13,0.25,0.2720980271676747,0.5,0.47465087566400566,0.1,0.08949435969044331,1.5,1.095217214050865,10103.167648609658,-5569.287198526237
14,0.25,0.21965002734865677,0.5,0.4932972941029726,0.1,0.09858341116820146,1.5,1.6801151075882232,9961.86913878975,-5567.167806096226
15,0.25,0.14322317058781575,0.5,0.4861725723232479,0.1,0.09921236193229495,1.5,1.5735821134879773,9913.189847572263,-5539.676199043857
16,0.25,0.21557534378487034,0.5,0.49279159666740613,0.1,0.10028960895570548,1.5,1.5808633945608304,10008.502648247584,-5526.289211932358
17,0.25,0.19741823850716406,0.5,0.47965806322933713,0.1,0.09862932334154655,1.5,1.5248422598673101,10015.89954602422,-5553.444144011402
18,0.25,0.1921546370382774,0.5,0.5220955387010446,0.1,0.09505666884328484,1.5,1.0263740182113839,9920.27474776452,-5537.416113485149
19,0.25,0.24153620747184615,0.5,0.4976966358339931,0.1,0.0963382711148611,1.5,1.319052944856669,9960.9701713403,-5495.609929825104
20,0.25,0.21811476667614169,0.5,0.5080576276590242,0.1,0.10629601502343415,1.5,1.5464177766088747,9933.76422191314,-5584.726221364044
1,0.25,0.23844812906998225,0.5,0.4909112444291612,0.2,0.19448844111331504,0.5,0.4999778612238635,10068.75564722754,-5918.975897321704
2,0.25,0.18111648265274827,0.5,0.49391574901817664,0.2,0.1981037846281779,0.5,0.49975229137102206,9940.658079090954,-5970.798881907685
3,0.25,0.22510110500695646,0.5,0.5044757757897145,0.2,0.19664539384272922,0.5,0.4987139967615455,10089.90818866135,-5921.748425507163
4,0.25,0.21563803813109997,0.5,0.5045411640407543,0.2,0.19173329718271528,0.5,0.4280444276172602,9976.527991168887,-5960.494617407372
5,0.25,0.21175962876628457,0.5,0.4996311983483887,0.2,0.18987465947933604,0.5,0.4575590923958662,9991.274792478216,-5964.96541063173
6,0.25,0.2429803098019426,0.5,0.4930620511629402,0.2,0.20282573377248006,0.5,0.5612243202721129,10040.411565139735,-5968.741459209643
7,0.25,0.17622870513557376,0.5,0.4940055573617331,0.2,0.19828720344132353,0.5,0.49765395836572474,10005.04628559593,-5951.290385321611
8,0.25,0.24114575015918366,0.5,0.4902423224995684,0.2,0.19337017972028434,0.5,0.46941637111126255,10054.465480735626,-5956.46550809488
9,0.25,0.2184599249979984,0.5,0.4836274738960253,0.2,0.19058167302821305,0.5,0.5010065587138514,10078.255513219703,-5968.892771051124
10,0.25,0.23730371791005292,0.5,0.4943920180601733,0.2,0.20367435114831356,0.5,0.5005574543865355,9931.032399404123,-5960.030878404499
11,0.25,0.23837774793917804,0.5,0.5146935604849582,0.2,0.20057004730629105,0.5,0.48018645229723594,9907.160079189083,-5954.9427168392485
12,0.25,0.29720733447868153,0.5,0.49120333871036104,0.2,0.2007444348083319,0.5,0.5319765095514325,10108.757259416176,-5954.6373647286555
13,0.25,0.3267110808323776,0.5,0.4995196623376844,0.2,0.20546638713203697,0.5,0.6364030185322331,9927.269147405372,-5972.968010926943
14,0.25,0.19727095417131513,0.5,0.484902348829497,0.2,0.19777494252389144,0.5,0.46673393484671416,9996.934463594196,-5969.941929317847
15,0.25,0.24604091099664763,0.5,0.4942626393342435,0.2,0.20268692972091296,0.5,0.47065872858593205,9948.944156165919,-5929.246979773958
16,0.25,0.2898193194183594,0.5,0.4916897456812106,0.2,0.19345790425328568,0.5,0.47960076309629135,10051.383294218029,-5952.8545181239715
17,0.25,0.2671127480294782,0.5,0.5034825022278423,0.2,0.20575259440399987,0.5,0.5540216746027895,9907.90101438723,-5968.560424326407
18,0.25,0.2834995382483928,0.5,0.5165969421316988,0.2,0.21482144527343058,0.5,0.598935783006511,9945.070490365597,-5944.184920789032
19,0.25,0.30555531217613857,0.5,0.5015385501634567,0.2,0.19851919398698645,0.5,0.5131622593635059,10021.796593066007,-5928.243150950426
20,0.25,0.20459577771512988,0.5,0.49841229541949883,0.2,0.20351195681172343,0.5,0.5383546426373762,9858.732433976167,-5932.891852826974
1,0.25,0.19728620816684164,0.5,0.5047889324576698,0.2,0.1949771224008954,1.0,0.9584707911326336,9968.12465869116,-5960.659358763554
2,0.25,0.23658385642195393,0.5,0.5029116826871325,0.2,0.2015873103410907,1.0,0.9949498599563341,9973.154271151081,-5957.387771836792
3,0.25,0.1511775598038695,0.5,0.5073303742115643,0.2,0.2007888024434986,1.0,0.9074071913108637,9866.39596741562,-5964.612553267842
4,0.25,0.3036491834936144,0.5,0.505311950239881,0.2,0.19236674725167688,1.0,0.8712281389596255,10064.012682804081,-5935.33963303583
5,0.25,0.30976414319273154,0.5,0.5039395114621343,0.2,0.20078802522852157,1.0,1.008589273237683,10031.380634063611,-5969.899952429067
6,0.25,0.23881839711085237,0.5,0.5206691304451971,0.2,0.19649515988042465,1.0,0.8913022487085318,10006.291150788875,-5977.532220387038
7,0.25,0.21152155101986658,0.5,0.5131932863021003,0.2,0.19980930370045358,1.0,0.9184738990061941,9895.270004853037,-5969.246411876828
8,0.25,0.31125782488435666,0.5,0.5368155605867003,0.2,0.19956815285288304,1.0,0.8077063762109694,9853.82444277106,-5954.411094987985
9,0.25,0.26703067923317214,0.5,0.4962224466463722,0.2,0.19953620984527112,1.0,0.9982767197038973,9961.582642670244,-5974.666903439414
10,0.25,0.2302330606732035,0.5,0.49085599444826994,0.2,0.20221700261211695,1.0,1.1269546456654562,10027.585134957022,-5967.003828878003
11,0.25,0.31018424490004093,0.5,0.49652356146021226,0.2,0.2039277750096612,1.0,1.0657402495508546,9926.268583462886,-5928.534189332964
12,0.25,0.25527471443245653,0.5,0.5068406465908142,0.2,0.1975841875974689,1.0,0.9624242780999167,9960.718267488344,-5947.8418509456405
13,0.25,0.18994365205557012,0.5,0.49138879993528645,0.2,0.19887762673338685,1.0,0.9724783013713597,9975.655197776818,-5929.5968732803485
14,0.25,0.2575706548240202,0.5,0.4900687672910542,0.2,0.2065627554374808,1.0,1.0888450089858561,9999.889172104615,-5994.170065373002
15,0.25,0.15712520917279685,0.5,0.4940420833048994,0.2,0.19466677787833508,1.0,0.9287946743660084,9983.361611438982,-5952.019522719609
16,0.25,0.28332198094478905,0.5,0.515774091248783,0.2,0.19668281880590244,1.0,0.8751743219347677,9995.164849678422,-5971.792898230842
17,0.25,0.2529635744021318,0.5,0.49724628061562864,0.2,0.2052586526871535,1.0,1.084937264451638,9982.5268485655,-5958.4355897119
18,0.25,0.26428917129610213,0.5,0.4996987789581324,0.2,0.19948975606623548,1.0,0.9765124828802629,9972.835383482421,-5960.026510756409
19,0.25,0.28447062808150436,0.5,0.5019089199692733,0.2,0.2041172180114628,1.0,1.117850145204381,9974.837643195655,-5947.955386620515
20,0.25,0.2712777029689664,0.5,0.49051046996102593,0.2,0.19471201566141702,1.0,0.950104629285388,10024.12340885055,-5928.089975595209
1,0.25,0.15263103848805817,0.5,0.5074367658597825,0.2,0.1988354738911347,1.5,1.4128252122810503,9871.864809386283,-5915.981608603543
2,0.25,0.2505442195996049,0.5,0.5073525898630821,0.2,0.1970359250319498,1.5,1.41303750185831,9936.07948632392,-5919.930470780057
3,0.25,0.2845473894905498,0.5,0.5020486117075568,0.2,0.19972877348529092,1.5,1.5854425104925425,9926.005320843418,-5926.075416329134
4,0.25,0.2753503428051035,0.5,0.48989797485895537,0.2,0.20685232743685308,1.5,1.7226077006789022,10013.790953946329,-5958.689354254473
5,0.25,0.23025423941977385,0.5,0.49184009576908133,0.2,0.20007001330536328,1.5,1.5714418020273113,10014.875500972392,-5946.412405180838
6,0.25,0.29870900847649123,0.5,0.519055527164503,0.2,0.20504989256980088,1.5,1.5121099250460004,9996.566730579965,-5954.266527960494
7,0.25,0.3030503673430819,0.5,0.4831168159474055,0.2,0.1950598282795542,1.5,1.5590827042051432,10041.556149144593,-5942.529620817224
8,0.25,0.24562280216489987,0.5,0.5001358696389061,0.2,0.20042277267210756,1.5,1.5208464074633536,9981.21091397213,-5946.399876188614
9,0.25,0.20206506069085448,0.5,0.4919878619067266,0.2,0.1912387181955635,1.5,1.4784573796184788,10007.844960724944,-5909.060394396745
10,0.25,0.24547607852990555,0.5,0.5048539039010215,0.2,0.19680199027994122,1.5,1.4587255916473538,9992.45784079952,-5904.495680592747
11,0.25,0.16009673823600443,0.5,0.5086598240767007,0.2,0.18182794582458617,1.5,1.304768186324329,10081.120008004538,-5946.826080803563
12,0.25,0.2650353784848052,0.5,0.501316422353892,0.2,0.20522446987527404,1.5,1.526144322003477,9940.27106359101,-5936.261301039274
13,0.25,0.2668567592600157,0.5,0.49569967945261434,0.2,0.19756215720833425,1.5,1.5276902556065624,9992.795693573986,-5937.806888562698
14,0.25,0.3028676041999119,0.5,0.5214271247932741,0.2,0.19358183473093873,1.5,1.4465170704170094,10007.093178059147,-5929.926530686817
15,0.25,0.2700649629885814,0.5,0.4967741974761089,0.2,0.19761583386645354,1.5,1.4555287935376104,10036.359579346494,-5952.7348147949615
16,0.25,0.26229032810376124,0.5,0.49503328169230293,0.2,0.19790807906733088,1.5,1.5145673785708675,9992.758437933047,-5913.690175521171
17,0.25,0.27924309610536896,0.5,0.49048204769617343,0.2,0.19357833574130323,1.5,1.5225625938008902,10135.2973444777,-5938.942497938682
18,0.25,0.2404758350364005,0.5,0.5373468820204464,0.2,0.23419676296307898,1.5,1.558260222338804,9748.174073756034,-5961.092493881495
19,0.25,0.28014911822350896,0.5,0.5431141949484557,0.2,0.20591045287525528,1.5,1.443083210308955,9874.22296947265,-5930.768055171035
20,0.25,0.30480394013363393,0.5,0.4946717638550749,0.2,0.1982830689448627,1.5,1.6379784916954225,9990.724845025907,-5936.648681192601
1,0.25,0.31448363817725644,0.5,0.48609551229786774,0.3,0.31254410543984584,0.5,0.6192114727718127,10067.307182315146,-5949.925080236043
2,0.25,0.2363452851686332,0.5,0.4971682691036772,0.3,0.30664248137252964,0.5,0.5304494676428141,9922.215143467616,-5908.627710530039
3,0.25,0.26931659484901527,0.5,0.4919765983954724,0.3,0.293305829284858,0.5,0.5148318625456023,9987.051252884303,-5911.430476974106
4,0.25,0.23956336086276225,0.5,0.4891231085997834,0.3,0.2974966673428984,0.5,0.5016660566847013,9959.544528033859,-5932.1657498691575
5,0.25,0.2594974465686813,0.5,0.512880458217051,0.3,0.30855263211603007,0.5,0.5345841771240666,9921.642961685024,-5933.709044516131
6,0.25,0.2744025019119253,0.5,0.502584694497854,0.3,0.3047816922253735,0.5,0.5194165522689779,10033.728603290185,-5935.33293179089
7,0.25,0.15692051225398662,0.5,0.49015660601567107,0.3,0.3108272957451589,0.5,0.5328927988524069,9933.46298372609,-5924.662266205446
8,0.25,0.21703096815039644,0.5,0.5086358699239305,0.3,0.2961983082488401,0.5,0.42839085408693495,9959.597640395496,-5882.7254351779975
9,0.25,0.2583591976085682,0.5,0.4914871142178542,0.3,0.29681773072800766,0.5,0.5234386041594391,10065.79281019319,-5924.016407010167
10,0.25,0.1762433664100582,0.5,0.504795237763436,0.3,0.2984824127815465,0.5,0.4736604003958992,9970.028306907374,-5939.132452363234
11,0.25,0.2596118039792766,0.5,0.49452354006842836,0.3,0.29565060036375523,0.5,0.5047007403329062,9989.572104439007,-5919.02545231307
12,0.25,0.16247284808153295,0.5,0.48345952605967923,0.3,0.2983089752127276,0.5,0.5209279351928525,9955.003716387859,-5937.061890890265
13,0.25,0.2986826422632772,0.5,0.5100750295932166,0.3,0.31128279331660735,0.5,0.5067922504861567,9969.820741455509,-5916.498230107864
14,0.25,0.15869624892787468,0.5,0.4966452915145818,0.3,0.2985531293259098,0.5,0.49096068901491974,9940.023724544517,-5902.314165557467
15,0.25,0.3439557814817099,0.5,0.5181120726852099,0.3,0.3046587819681353,0.5,0.5419985231002202,9921.23437867914,-5933.20945430711
16,0.25,0.29486854744111396,0.5,0.49915560497112244,0.3,0.30704685708148755,0.5,0.5166848267249053,9956.86112135906,-5885.882010416134
17,0.25,0.1763775943862218,0.5,0.4979638716847314,0.3,0.28924085943626965,0.5,0.4463005691605107,9972.49577881867,-5913.8187322530675
18,0.25,0.29257499501914375,0.5,0.506413276032958,0.3,0.30533661582293875,0.5,0.5503906627078659,9919.318884665101,-5918.0671838552535
19,0.25,0.26030690909245613,0.5,0.5059599059006794,0.3,0.2915391357575367,0.5,0.4406291183486018,10053.70473162527,-5909.540762058211
20,0.25,0.20270366207102378,0.5,0.4611585528018021,0.3,0.28355454987633016,0.5,0.5229992912915998,10123.9587577262,-5927.241507608493
1,0.25,0.1701508380948629,0.5,0.49241493185443175,0.3,0.30007530785036146,1.0,1.084819103270166,10019.567086644643,-5999.491030863833
2,0.25,0.17390706833393269,0.5,0.4969238196938554,0.3,0.29871180610613224,1.0,1.018501156729312,9907.42417736912,-6021.140075118403
3,0.25,0.3163064320080783,0.5,0.5075362301757265,0.3,0.32451465661030826,1.0,1.0241450386040425,9892.128730300024,-5999.151988290714
4,0.25,0.24482245500895966,0.5,0.49858958873454007,0.3,0.29894460935261485,1.0,1.0294239987183587,10011.618431520958,-6006.003871037043
5,0.25,0.19164147755045371,0.5,0.5136511966545018,0.3,0.3011527074165908,1.0,1.0305862607035952,9907.38524655759,-5993.488712824379
6,0.25,0.2395191090749842,0.5,0.4877248991235547,0.3,0.3067846729535894,1.0,1.0545219197015019,9990.291228003582,-6000.192262746578
7,0.25,0.13388908481073425,0.5,0.4949618890438364,0.3,0.2977496534753053,1.0,0.9546157733582493,9927.240340305425,-6018.370417166967
8,0.25,0.30419533990770353,0.5,0.5082308449793216,0.3,0.29972176525269156,1.0,0.9788605883240343,9980.832887694243,-5971.450812853392
9,0.25,0.24191027999340495,0.5,0.5186494055521983,0.3,0.2981822503196896,1.0,0.9026043090424107,9929.193922904786,-5982.82968414906
10,0.25,0.2633229114913738,0.5,0.501159524306208,0.3,0.28873546367212705,1.0,1.0367989542457008,10005.583196410647,-5993.232723276838
11,0.25,0.14424611338607424,0.5,0.48026591814255554,0.3,0.2879068820838827,1.0,1.0769915663807457,10036.47368660763,-6007.9083604681655
12,0.25,0.26553426876077063,0.5,0.5035594567252071,0.3,0.3023314248738563,1.0,0.9959857250359091,9923.759641604978,-5993.727679922353
13,0.25,0.17679858621884603,0.5,0.508363577873087,0.3,0.2886798224129223,1.0,0.9205772023553155,9989.364324153861,-5998.340671760984
14,0.25,0.33129930162478277,0.5,0.5206796610227942,0.3,0.3193190734962018,1.0,1.0476985020697736,9885.772524375237,-6015.163189896166
15,0.25,0.2522177248943316,0.5,0.4913988127060466,0.3,0.29615546423125816,1.0,0.9896286136924217,10018.929633200225,-5989.856716528744
16,0.25,0.20583622895688988,0.5,0.49645152959458266,0.3,0.2935944548556879,1.0,0.9778545323808334,9984.087661065894,-5973.415483652341
17,0.25,0.20640702955960796,0.5,0.49737833397569525,0.3,0.3033694498133034,1.0,1.0178525950680959,9971.638379821603,-5996.247082395781
18,0.25,0.2602582266952018,0.5,0.5083587683359703,0.3,0.3092737390654655,1.0,1.0291749899380152,9909.806862140636,-5997.03613499261
19,0.25,0.26744956580792717,0.5,0.5080339972589055,0.3,0.3032531545481848,1.0,1.02006559911133,9952.456457200626,-5987.083598741154
20,0.25,0.252645423275354,0.5,0.5034535052624078,0.3,0.31313502176508845,1.0,0.9617001155702609,9954.717676769,-5995.983382485079
1,0.25,0.1895003676392379,0.5,0.4715817178340876,0.3,0.298769462961771,1.5,1.6200621378529734,10017.05397997135,-6034.96585148073
2,0.25,0.23385714198241309,0.5,0.4898080947902538,0.3,0.30234128959647333,1.5,1.5188344127027826,9987.191474487867,-6008.391795269322
3,0.25,0.16754253567247004,0.5,0.4978460124339385,0.3,0.2881894769577036,1.5,1.4306328467689726,9931.314115231648,-5997.215562028435
4,0.25,0.2895267673580605,0.5,0.4961315958100436,0.3,0.289404716912439,1.5,1.5037526844923106,10155.791277104432,-6022.506811986121
5,0.25,0.2194017469392814,0.5,0.49693010959389816,0.3,0.28526088248054154,1.5,1.4673628175243518,10017.281654724778,-6037.75298500578
6,0.25,0.2248891838383121,0.5,0.5055140099570103,0.3,0.3013823675484493,1.5,1.4900010069448468,9938.616870272474,-5946.061137051234
7,0.25,0.2886803099558109,0.5,0.4933994948090748,0.3,0.3060133848294128,1.5,1.5716475212528793,9955.042222069502,-6032.621375607367
8,0.25,0.2262807809248952,0.5,0.49274741785829723,0.3,0.2886731750200704,1.5,1.503869752924166,10056.089069551117,-6039.144351725924
9,0.25,0.2482814480668457,0.5,0.503633876273315,0.3,0.30169649795825904,1.5,1.5182723454723974,9954.387298583308,-6038.9741372238295
10,0.25,0.2014979493302381,0.5,0.49016227786053534,0.3,0.2983449967143061,1.5,1.5419103052494956,10002.574835625657,-6008.944940595559
11,0.25,0.3379158858967314,0.5,0.5033288728618028,0.3,0.313775273433971,1.5,1.627173073005581,10019.269011726461,-6028.222192851909
12,0.25,0.2659731226595253,0.5,0.5456987312225599,0.3,0.30879464498514053,1.5,1.293932515709109,9789.977040099724,-6003.127206507617
13,0.25,0.24013383332423455,0.5,0.4997353318722122,0.3,0.292197593820596,1.5,1.494593530018138,10040.31441604905,-6034.212866723122
14,0.25,0.3098468628290166,0.5,0.5093132790545941,0.3,0.2960532068245245,1.5,1.4653325602893936,9989.634012598952,-5994.489922342178
15,0.25,0.14602158000359572,0.5,0.48985091683651205,0.3,0.2839549775253996,1.5,1.4272984287322397,9992.04348599014,-6038.319833908955
16,0.25,0.20490214165646914,0.5,0.48097784007949757,0.3,0.2901256221513682,1.5,1.5316432186195965,10038.289916481586,-6018.28110316641
17,0.25,0.25534153321519026,0.5,0.5143771567143602,0.3,0.30638741991598645,1.5,1.466506945101008,9950.285423177946,-5978.957440988465
18,0.25,0.3136072119604842,0.5,0.5233218963929447,0.3,0.30748755121193827,1.5,1.4278772668052142,9911.304060350745,-6013.768567054556
19,0.25,0.3007101971979469,0.5,0.504054357197911,0.3,0.3074974608260557,1.5,1.5375637896628813,9919.374913601221,-5995.3269360705035
20,0.25,0.3017162919936139,0.5,0.503334883102174,0.3,0.2864676017217056,1.5,1.4457615200142924,10114.98582332214,-6018.468609824644
