Sim,F_true,F_est,Nu2_true,Nu2_est,T_true,T_est,M21_true,M21_est,Theta,Loglik
1,0.9,0.893284398858411,0.1,0.08208557052565546,0.1,0.08406502385211811,0.5,0.6433373050356094,10189.152349476828,-5386.025548586631
2,0.9,0.8953318035704698,0.1,0.09144705351512027,0.1,0.09573406958025557,0.5,0.7979880796929253,9974.75997000918,-5377.603936851491
3,0.9,0.8987477829913528,0.1,0.10464467271163606,0.1,0.09936810318091659,0.5,0.36868228125952923,9921.367167141314,-5397.900405795921
4,0.9,0.9011994497158525,0.1,0.1085805360335771,0.1,0.1036712012164136,0.5,0.3063647698122545,9843.885800196227,-5395.692719309098
5,0.9,0.9012355914004833,0.1,0.09939083355674531,0.1,0.09830756470624107,0.5,0.3765509912136074,10058.753628855931,-5427.9153917168505
6,0.9,0.901127596561519,0.1,0.09822794048706338,0.1,0.099570700158862,0.5,0.4443365614194745,10076.22594619058,-5403.699448532922
7,0.9,0.9017629499097966,0.1,0.10059951381491965,0.1,0.10016988793670686,0.5,0.5196875146498245,10034.86282200011,-5367.4053234045805
8,0.9,0.8934974450502211,0.1,0.09776982263036246,0.1,0.10160808460176288,0.5,0.6532314419218385,9937.298973886904,-5376.304324849532
9,0.9,0.9038791351392829,0.1,0.10248418347941063,0.1,0.10590910235677821,0.5,0.37045450401540797,9974.819413972662,-5399.90169023726
10,0.9,0.8780762708529353,0.1,0.1024058484378212,0.1,0.10026487623611512,0.5,0.37147135689009425,9979.437532806334,-5319.866001738819
11,0.9,0.8960311542090809,0.1,0.09792583593342143,0.1,0.09473421703208354,0.5,0.31048407066214395,9970.154481375534,-5342.360000670221
12,0.9,0.8979353054772482,0.1,0.09634998285592306,0.1,0.09302238160600333,0.5,0.4567539648025685,10048.698037727863,-5380.1845694129825
13,0.9,0.8957510690338548,0.1,0.0926360472561171,0.1,0.09920985159070514,0.5,0.6740772957440982,9993.686974054655,-5372.192127034866
14,0.9,0.8972179748834324,0.1,0.09562105958632783,0.1,0.09511538398141495,0.5,0.47191102347141645,10004.216814578374,-5328.29680399337
15,0.9,0.8902653311868943,0.1,0.10238324213220683,0.1,0.1004151171748007,0.5,0.3206044117981557,9968.959191222115,-5365.0542589764955
16,0.9,0.9083386318820106,0.1,0.0957617933582702,0.1,0.09894894041668705,0.5,0.6518850668291413,9994.496361229096,-5373.224288896543
17,0.9,0.8909675292858135,0.1,0.10029059443910014,0.1,0.0959326592137156,0.5,0.32663625190983675,9967.87139369269,-5406.427419814192
18,0.9,0.8985373336325528,0.1,0.10013646799735784,0.1,0.09797015981527647,0.5,0.40279118361997485,10003.750796003796,-5377.536781658368
19,0.9,0.8946531956334547,0.1,0.09911063671098924,0.1,0.09856604470315518,0.5,0.40294519094723547,10023.60678622825,-5390.229608608018
20,0.9,0.8973942577498687,0.1,0.10653389853912919,0.1,0.10448829074264009,0.5,0.3136020797431211,9961.160944644935,-5388.607303826453
1,0.9,0.9089738284889632,0.1,0.0935685501979748,0.1,0.09301696990310399,1.0,1.0156900282202983,10015.815044365881,-5470.950897054137
2,0.9,0.9047617138434902,0.1,0.09266478837147853,0.1,0.09440060169147607,1.0,1.3699331013464404,9974.354568443227,-5484.114334804681
3,0.9,0.8912319652699805,0.1,0.10059868203431915,0.1,0.104452404899608,1.0,1.1071986288555937,9993.676611006964,-5469.723178589939
4,0.9,0.8938754893971467,0.1,0.08770672072950152,0.1,0.09882435343491058,1.0,1.4594119052662045,10098.812415601767,-5524.072912668491
5,0.9,0.8941233169918027,0.1,0.09793713882589451,0.1,0.09461702879136483,1.0,0.6939521291847386,9993.40891008157,-5457.708904874782
6,0.9,0.9081284974187338,0.1,0.10185283541084594,0.1,0.09584328238856292,1.0,0.6933045343016784,9982.675367039148,-5494.375777124051
7,0.9,0.8965317312392229,0.1,0.10666833716565932,0.1,0.09764131183213942,1.0,0.5778115338385893,9997.22395665023,-5497.987907411007
8,0.9,0.891728501692774,0.1,0.10270750661684792,0.1,0.10272863189662243,1.0,1.1069592456737058,9959.200169783488,-5449.988434268804
9,0.9,0.8984121739102988,0.1,0.1015035878299486,0.1,0.10337391500329529,1.0,1.2035204929174579,9950.81431972021,-5468.657689514082
10,0.9,0.9006741539510578,0.1,0.10381187187646951,0.1,0.09904162723069167,1.0,0.6799860590181854,9997.266256804194,-5512.444421900862
11,0.9,0.9042617883540394,0.1,0.09299745018080617,0.1,0.08933779329098893,1.0,0.7765236362544317,10045.876924193417,-5484.736674294368
12,0.9,0.9075605755225189,0.1,0.10639260589800371,0.1,0.09871416266513315,1.0,0.554350276959518,9915.002290236547,-5465.119440158589
13,0.9,0.9030154544776169,0.1,0.09530182958298401,0.1,0.0954272696740292,1.0,0.9597276740510053,10035.309540858048,-5451.213782362493
14,0.9,0.903960301789289,0.1,0.09361676405664879,0.1,0.09281357314097796,1.0,1.1273389437675436,9996.061501447495,-5444.87056225173
15,0.9,0.8883416233287594,0.1,0.10097758782149743,0.1,0.11721011096574172,1.0,1.4347367507968842,9852.464660066638,-5497.108063077189
16,0.9,0.903074870423036,0.1,0.10062417558156371,0.1,0.09359169154546733,1.0,0.5873270667299277,10015.706286743576,-5503.139871912152
17,0.9,0.9010872065542394,0.1,0.09895944078804572,0.1,0.09194135365697041,1.0,0.6198146595287157,9983.009788924675,-5438.678775726889
18,0.9,0.8911876061638647,0.1,0.09089444241099552,0.1,0.0955281577284333,1.0,1.311325770656171,10084.94323540557,-5485.350706884728
19,0.9,0.9063166576460404,0.1,0.09985473010864135,0.1,0.09631424298141164,1.0,0.7619451969216327,9915.109524813633,-5476.7413542051745
20,0.9,0.8839839657444448,0.1,0.08279098928342733,0.1,0.0839880407259047,1.0,1.152986933427131,10107.918706609735,-5532.003085223055
1,0.9,0.9065907459463766,0.1,0.10232152212948821,0.1,0.09462176342613561,1.5,1.0157145520577402,10029.324726421393,-5582.87454924403
2,0.9,0.8971690911848393,0.1,0.10239685245496581,0.1,0.0983373212719008,1.5,1.2154755957110395,9927.886670931028,-5518.605627617231
3,0.9,0.8811440258105715,0.1,0.09492565379987002,0.1,0.09838054496904296,1.5,1.6287180700103783,10040.569355915855,-5567.102361791941
4,0.9,0.8957357839284564,0.1,0.10103174379613672,0.1,0.09695661312657579,1.5,1.4789666204646803,9988.557855900957,-5536.900904703505
5,0.9,0.9042785507662939,0.1,0.09142692691230694,0.1,0.0906861802562664,1.5,1.461218118558129,10076.061505796695,-5534.03210651946
6,0.9,0.8973179226444334,0.1,0.09288780697759784,0.1,0.0889865823934878,1.5,1.390559751978401,10094.561004344505,-5523.891070223843
7,0.9,0.9020902390857073,0.1,0.1127954151339764,0.1,0.11191220359216986,1.5,1.2418844356649819,9936.524352846136,-5580.453321935359
8,0.9,0.8955128486678203,0.1,0.09640115470040264,0.1,0.09680025694006911,1.5,1.621118025593332,10039.069595565694,-5542.670236497251
9,0.9,0.888311872379947,0.1,0.0964029871651245,0.1,0.09993612265879913,1.5,1.300412576061086,10054.152044257216,-5574.443703683416
10,0.9,0.9018438007722339,0.1,0.09854037830456856,0.1,0.09947595729057987,1.5,1.4271762599159477,10034.404712782165,-5547.429115657786
11,0.9,0.8884064306578541,0.1,0.10449421800727234,0.1,0.10397329998796814,1.5,1.6830652324280637,9889.32211793358,-5557.768647234614
12,0.9,0.8884384587994805,0.1,0.09500483333371655,0.1,0.09639176426000916,1.5,1.3967722565970981,10012.675974499158,-5545.181140139974
13,0.9,0.9049517575287586,0.1,0.10747375364943051,0.1,0.10037793507339757,1.5,1.1291731066704285,9964.314837139771,-5546.49242450308
14,0.9,0.8853649503167276,0.1,0.08883416911253389,0.1,0.0925833303031593,1.5,1.9540402533046684,10162.039792198007,-5555.3843261241855
15,0.9,0.9087910629953859,0.1,0.09222912238509931,0.1,0.10428860420047684,1.5,2.0160871554482065,9951.168420851216,-5537.279288441689
16,0.9,0.8964425510983399,0.1,0.10020656291963483,0.1,0.09970805848650492,1.5,1.3532629646843541,10150.678956552681,-5540.102761604157
17,0.9,0.8953197865283784,0.1,0.10256858173249993,0.1,0.11580084931416683,1.5,1.9631386040982803,9990.836378734459,-5554.3785104813105
18,0.9,0.9034694432010214,0.1,0.10500495591015645,0.1,0.11377273668239339,1.5,1.5853338437847662,9931.593967355719,-5547.439700519119
19,0.9,0.9004019736921333,0.1,0.10790668218358558,0.1,0.11230281388349068,1.5,1.3861233923593217,9918.316190070685,-5539.32709341051
20,0.9,0.8978786550741376,0.1,0.10281353514457238,0.1,0.09628955312007094,1.5,1.1568069606818865,10013.496608337377,-5512.321864808102
1,0.9,0.9038210832179566,0.1,0.09800634242968755,0.2,0.1875005618812833,0.5,0.3512601339039471,10012.394014209043,-4554.47835398876
2,0.9,0.9029076597936436,0.1,0.0984489935283236,0.2,0.19847208477726236,0.5,0.5390045387049255,9948.236350173709,-4558.036267879634
3,0.9,0.894237694456292,0.1,0.09655459409728558,0.2,0.19030759673562728,0.5,0.614097226096457,10037.371390153015,-4531.271892171042
4,0.9,0.9060282701297213,0.1,0.10553485095522433,0.2,0.21295814732805446,0.5,0.43642482238742175,10044.265335607974,-4559.782413629754
5,0.9,0.8952278097249602,0.1,0.1008366854155908,0.2,0.18995934520704577,0.5,0.35470873283941995,10059.189321097549,-4559.010089847558
6,0.9,0.8886111435586509,0.1,0.09448159005578216,0.2,0.1959458353480798,0.5,0.4414421582377942,9958.788376412207,-4568.483075010757
7,0.9,0.8924220856582161,0.1,0.09970502771433548,0.2,0.23259825787116223,0.5,0.6398400654340834,9936.931028021852,-4567.659634738978
8,0.9,0.8962415135972812,0.1,0.09947584288125101,0.2,0.19968265155980436,0.5,0.4879364713398245,9977.560422868597,-4562.0637797409345
9,0.9,0.9038728808124552,0.1,0.08754296111434622,0.2,0.19198138135518397,0.5,0.6223508757908962,10072.561118463762,-4539.982263433372
10,0.9,0.9092828641696461,0.1,0.08974172049849694,0.2,0.20480339996529337,0.5,0.622673640579884,10094.243917069649,-4531.891212453947
11,0.9,0.898462451653797,0.1,0.09888106535849299,0.2,0.2067786518335836,0.5,0.46693672453631896,9971.260639808092,-4571.954410391755
12,0.9,0.8970660749902293,0.1,0.10426939992898424,0.2,0.19374379869257632,0.5,0.32818544121029103,10027.482943475448,-4565.7729393320715
13,0.9,0.9049152309068771,0.1,0.10138500008152096,0.2,0.1970254779309925,0.5,0.41073545452481464,10008.555276843408,-4541.107675093754
14,0.9,0.8858089745136739,0.1,0.09178716123464632,0.2,0.17623252532324402,0.5,0.5798081292297693,9970.811743039603,-4560.455903708762
15,0.9,0.9073245689155485,0.1,0.09678911239526215,0.2,0.19979736636821543,0.5,0.5828841384775696,9989.225889208003,-4522.759556696807
16,0.9,0.9087454409310651,0.1,0.09994329873069646,0.2,0.19543010053677162,0.5,0.3685251978545876,10034.413246861915,-4546.227426739221
17,0.9,0.9131219379488572,0.1,0.1057140305515015,0.2,0.2072524149997374,0.5,0.47023717986089003,9880.18585738306,-4510.592010087335
18,0.9,0.8951688519725627,0.1,0.09520872860519819,0.2,0.19554698309988353,0.5,0.47471933721239357,10130.389962796526,-4578.433249664462
19,0.9,0.8997916401026277,0.1,0.10579933864001446,0.2,0.19087014500240918,0.5,0.28619278751121463,9951.538636782918,-4580.387248297143
20,0.9,0.8834073424745489,0.1,0.1039067663031166,0.2,0.2200691329237308,0.5,0.5362335722964194,9914.277951458093,-4546.945931479087
1,0.9,0.8916700256279431,0.1,0.11002113352464216,0.2,0.214268368887598,1.0,1.0705734761145231,9828.726326321657,-4945.830283327794
2,0.9,0.8999641525046795,0.1,0.114235234609331,0.2,0.22106529817391218,1.0,0.7686254200200097,9868.714558760645,-4924.706609587879
3,0.9,0.9072205413237001,0.1,0.09781687041280705,0.2,0.19092607478433743,1.0,0.976214199353213,10088.078067040418,-4882.48240586403
4,0.9,0.9055245254869216,0.1,0.09461703700495593,0.2,0.21386550419916944,1.0,1.1121320210501573,10026.214713070287,-4878.170550723013
5,0.9,0.9095164236341353,0.1,0.09440068871847035,0.2,0.18427646381228696,1.0,1.0671115162413318,10118.11246532329,-4910.969472668462
6,0.9,0.8710027346868817,0.1,0.0956589527410624,0.2,0.1954631076132552,1.0,1.1447417313324189,9996.377764373032,-4954.642085258373
7,0.9,0.9045243643809466,0.1,0.09745750341198631,0.2,0.19215145915332005,1.0,0.8823130166219274,10058.777679354838,-4911.238177029338
8,0.9,0.8980545122733802,0.1,0.0844200768920403,0.2,0.17608649308834817,1.0,1.2347393388576147,10157.730035423758,-4923.050919019756
9,0.9,0.8974558857398197,0.1,0.11875177352822605,0.2,0.22089676027749616,1.0,0.8140384226619076,9843.815966062224,-4961.841936247243
10,0.9,0.9018827848385502,0.1,0.10223505839645854,0.2,0.20379306931673352,1.0,0.918803773602179,9956.611674840451,-4925.900643143784
11,0.9,0.8951289887391564,0.1,0.09293886702552413,0.2,0.2013813489169675,1.0,1.05189800156926,9951.656134889607,-4934.866653737992
12,0.9,0.8886914445049048,0.1,0.08875832889828768,0.2,0.19378096307943038,1.0,1.2232444717804123,10085.858352475734,-4979.038822260774
13,0.9,0.8963562675016739,0.1,0.09609716490800217,0.2,0.22207794696095345,1.0,1.0660938106107227,9996.03943232437,-4926.200794670506
14,0.9,0.9059208698640315,0.1,0.09676113473366219,0.2,0.17992826546397422,1.0,0.9101365452201381,10114.33592649978,-4912.660476069487
15,0.9,0.905178814063402,0.1,0.08551661139494199,0.2,0.20812025374302845,1.0,1.3624611117239234,10054.799529908889,-4890.987332152388
16,0.9,0.8965742459186806,0.1,0.09709912857191322,0.2,0.18570432974511433,1.0,0.9855422436476903,10086.301884057006,-4906.386204016884
17,0.9,0.9123521359467914,0.1,0.10263284595733602,0.2,0.1948610910655214,1.0,0.8469301255165322,9986.060416141258,-4878.240447105663
18,0.9,0.8922852148429754,0.1,0.08940254719351641,0.2,0.19380404502809137,1.0,1.1868561148841912,10079.581599588177,-4922.661514407541
19,0.9,0.8962371362310121,0.1,0.10207938687830782,0.2,0.2008500958343063,1.0,1.0008894837749966,9974.35448623601,-4901.173219890647
20,0.9,0.8927123799075165,0.1,0.10125201524616266,0.2,0.1990812015555879,1.0,0.9828764613564234,9947.81027051205,-4913.016738754776
1,0.9,0.914940264670614,0.1,0.10193778736080904,0.2,0.19368851118469999,1.5,1.3017686806374669,10022.355273840765,-5186.966561170067
2,0.9,0.9054482736820669,0.1,0.1112948578919047,0.2,0.18661503649647462,1.5,1.1032722516175861,9948.69607775805,-5159.384489356513
3,0.9,0.9158980318539073,0.1,0.10387024635467314,0.2,0.20729580307872914,1.5,1.414595421647382,9892.773161320176,-5152.853617365885
4,0.9,0.8907030350995253,0.1,0.09996319800331177,0.2,0.18420453832752676,1.5,1.356662192161535,9966.648474272213,-5182.274978287964
5,0.9,0.8975265611115506,0.1,0.08235664151523221,0.2,0.18046992510480314,1.5,1.8595906581063202,10196.523167721,-5194.80011708002
6,0.9,0.9034471854335173,0.1,0.09489433435255816,0.2,0.1823872602387464,1.5,1.5223869999179864,10041.014531128227,-5163.470682453669
7,0.9,0.9043885994764337,0.1,0.10059422861009623,0.2,0.19986642033613725,1.5,1.3482566267906675,10052.115855235279,-5174.492829452403
8,0.9,0.9041832710591009,0.1,0.09793190793550148,0.2,0.2098464016632637,1.5,1.6336858180739586,9942.015087053966,-5103.255285200432
9,0.9,0.8847081388333531,0.1,0.09593172008727346,0.2,0.2059183994851288,1.5,1.7900790060603282,10060.356551256884,-5146.507172704729
10,0.9,0.9144082836237182,0.1,0.11133014720565787,0.2,0.21647297376973493,1.5,1.3048870099060703,9830.310371978907,-5235.240270703833
11,0.9,0.8937440442736021,0.1,0.08899419234932117,0.2,0.19323556392770433,1.5,1.9326691887562768,10090.411468877488,-5168.524976884602
12,0.9,0.8993818999034389,0.1,0.09963409652534319,0.2,0.18984932766100396,1.5,1.4255542314958858,10100.630916683409,-5152.81841746251
13,0.9,0.9072405267836582,0.1,0.09350041332483337,0.2,0.190827870493948,1.5,1.764016531664146,9978.469866081785,-5172.792751980191
14,0.9,0.9016926208692247,0.1,0.1042103833865683,0.2,0.17975111772426172,1.5,1.2519549400926315,10006.62054269698,-5143.024555468499
15,0.9,0.8877193739149742,0.1,0.08985010760810165,0.2,0.2084311570183101,1.5,1.857770507069934,10037.607969874964,-5112.216921340789
16,0.9,0.8934543016383152,0.1,0.1195226856335693,0.2,0.22491895908738677,1.5,1.2251636154550587,9828.491981455925,-5166.102133323702
17,0.9,0.8984328801258139,0.1,0.10163213782533212,0.2,0.19517085886263322,1.5,1.5129920130172554,9989.127781976193,-5160.385858105565
18,0.9,0.8941390955519374,0.1,0.10109682520865802,0.2,0.17979755989280505,1.5,1.3839958202792513,9997.34448365862,-5176.021424046596
19,0.9,0.892236772927442,0.1,0.08730438066071805,0.2,0.17472033010612503,1.5,1.625791957961244,10133.786750670033,-5147.029430340129
20,0.9,0.8949927815239449,0.1,0.094166502927476,0.2,0.20427752786844072,1.5,1.605261715430913,10029.221130582026,-5162.163017738048
1,0.9,0.907483834950722,0.1,0.09027646173626472,0.3,0.30308242577467515,0.5,0.5144476373178953,10011.33096273424,-4073.2078406484225
2,0.9,0.891351391604678,0.1,0.09992118499616374,0.3,0.28537950939256834,0.5,0.4458504759890821,10021.386876419534,-4031.413714931298
3,0.9,0.8970186384507051,0.1,0.10238497664639323,0.3,0.3205997091878674,0.5,0.5857216560636648,9963.524429977797,-4054.368311280816
4,0.9,0.8891223245920389,0.1,0.1005321847885202,0.3,0.29076078753822776,0.5,0.44911942966896745,10004.381897418503,-4063.913995367416
5,0.9,0.9101676014570028,0.1,0.0901629813740642,0.3,0.29108460883348053,0.5,0.529001324220825,9999.829962872705,-4060.0042151216476
6,0.9,0.8961230976542455,0.1,0.09594479791852555,0.3,0.28263072433216974,0.5,0.45045906787870565,10053.332520230886,-4061.325912037224
7,0.9,0.9046851339891728,0.1,0.09842496155158327,0.3,0.29358476433929365,0.5,0.3773599378314552,10008.51815084749,-4057.76382995282
8,0.9,0.8772068327311238,0.1,0.09943602362964267,0.3,0.29648785581621084,0.5,0.5454752788833105,9955.618486241996,-4052.3731941041688
9,0.9,0.9003592871362526,0.1,0.09154931717030866,0.3,0.3038610956074892,0.5,0.6076027218326386,10127.594101741577,-4022.6856904297656
10,0.9,0.8932062663271007,0.1,0.11331320287331102,0.3,0.3230405428302062,0.5,0.38389963148958817,9834.82306910464,-4040.6843688070403
11,0.9,0.9052214974223654,0.1,0.09809888048681113,0.3,0.2992919153303717,0.5,0.5258753549800629,10022.151856005803,-4014.5210148005426
12,0.9,0.8944831736809243,0.1,0.09802200647185477,0.3,0.28648294589605544,0.5,0.43743865709842256,10006.835634347139,-4052.121028127621
13,0.9,0.8859704453813952,0.1,0.09453707736220568,0.3,0.3139625265112056,0.5,0.5782704419268461,9954.493731591187,-3975.123712650972
14,0.9,0.8988997705983955,0.1,0.09708498107486119,0.3,0.28909762270775974,0.5,0.5312001251624263,10036.681280506424,-4061.1302402496303
15,0.9,0.8967503323041263,0.1,0.10090608506045498,0.3,0.29657825527944476,0.5,0.475113763568796,10016.440428902117,-4060.8897828541294
16,0.9,0.8886343619513205,0.1,0.09467459240008705,0.3,0.28059444360436503,0.5,0.4308645600213367,10021.937468867998,-4070.808798090017
17,0.9,0.9063570034209116,0.1,0.10299095102007971,0.3,0.3114342734737467,0.5,0.43331958913392604,9969.292358128627,-4014.558404330084
18,0.9,0.8857191418459529,0.1,0.10915970954105246,0.3,0.32813332977999243,0.5,0.41734858053024454,9871.448742133529,-4045.943290574558
19,0.9,0.899845041440616,0.1,0.09289058535022215,0.3,0.3008968605344507,0.5,0.5698727498476543,9998.309850416406,-4032.468892229794
20,0.9,0.8910693283118857,0.1,0.09554481682555373,0.3,0.31047962910357896,0.5,0.5399856858723829,9959.387119025037,-4068.973735965239
1,0.9,0.8827913719387573,0.1,0.09959627334749363,0.3,0.3254127235474895,1.0,1.0837923401303662,10020.934151910838,-4635.212558274652
2,0.9,0.905933275544218,0.1,0.09619625690969111,0.3,0.3266655689400172,1.0,1.1128849808313481,9983.95611201944,-4623.547004194649
3,0.9,0.9082451099092852,0.1,0.09555345349340491,0.3,0.32040932639966296,1.0,1.1204987313364592,9969.24667116583,-4660.313267254445
4,0.9,0.8980447628823196,0.1,0.09418142435567001,0.3,0.29474789264633355,1.0,1.0999338606817568,10044.646919189556,-4661.765178282883
5,0.9,0.9018022200658534,0.1,0.10044643465520055,0.3,0.2719289009421942,1.0,0.8370166700361515,10087.03499300907,-4656.084746871707
6,0.9,0.8989707938668035,0.1,0.08744170615394173,0.3,0.3182135509615794,1.0,1.2735415826508312,10044.482280779126,-4638.160451019183
7,0.9,0.9047370490696379,0.1,0.09386509725968577,0.3,0.3356484639940022,1.0,1.014277800911105,9945.139097339708,-4638.114041877816
8,0.9,0.8909719432880435,0.1,0.11026737010509989,0.3,0.28224377307735005,1.0,0.706384560901167,10002.454022068,-4690.3406634165685
9,0.9,0.892676644387119,0.1,0.0969633604781072,0.3,0.2688255058970987,1.0,0.8977990200038943,10066.654514235497,-4664.039075665719
10,0.9,0.8987289577822396,0.1,0.09928822106339098,0.3,0.2953585670356461,1.0,0.9226918166206353,10016.879698937339,-4695.271862099824
11,0.9,0.9012492162464371,0.1,0.09918234614256523,0.3,0.2857060755085151,1.0,0.9329186515991436,9982.605382925354,-4646.99256696223
12,0.9,0.9033465779088562,0.1,0.11703531789675499,0.3,0.28210107539030127,1.0,0.6568697575650814,9860.62929528314,-4672.009747687971
13,0.9,0.8996618897235685,0.1,0.10501171667128126,0.3,0.28857023447653585,1.0,0.8691446380180357,9971.075101289929,-4613.112116193068
14,0.9,0.8894612386536299,0.1,0.09322140050057949,0.3,0.30670460010780026,1.0,0.9817312481549304,10059.664606825285,-4671.184355665354
15,0.9,0.8981565827573696,0.1,0.09161559990756013,0.3,0.3217434643263136,1.0,1.0250138665523,10101.900116963783,-4664.666533211473
16,0.9,0.8986694006249748,0.1,0.08868798997962479,0.3,0.305195067074323,1.0,1.1276867673098172,10091.813091394824,-4656.560261769939
17,0.9,0.8853614242833886,0.1,0.10503443602923601,0.3,0.2951744668175215,1.0,0.9234215298011753,9899.19915372527,-4628.191056178416
18,0.9,0.900424773616276,0.1,0.103786914060721,0.3,0.28389516271229487,1.0,0.8497913963379572,10010.619083335994,-4634.113078269577
19,0.9,0.908821213437891,0.1,0.10475513027628898,0.3,0.30074028517056917,1.0,0.8704340680725828,9917.209433371376,-4630.135283725902
20,0.9,0.8996889986581444,0.1,0.0996259892783403,0.3,0.2879226673521567,1.0,0.9417782944362755,9950.25383836536,-4665.4632054845615
1,0.9,0.8992871753489268,0.1,0.08749405723800135,0.3,0.3143336889006726,1.5,1.7832750834899342,9947.93424522062,-5030.732719906367
2,0.9,0.8875762567784324,0.1,0.08920207585119067,0.3,0.2817922825039338,1.5,1.790823609189874,10141.498381579984,-5023.45086492228
3,0.9,0.899356160068833,0.1,0.10621367687776444,0.3,0.27860766718740987,1.5,1.3404289967199847,9980.996592413425,-4922.680401575679
4,0.9,0.8955727085910684,0.1,0.10402788618679769,0.3,0.31509985138158125,1.5,1.5715975567711693,9899.85071989397,-5034.93721703367
5,0.9,0.8971889621403699,0.1,0.10689182797218394,0.3,0.30473937052614414,1.5,1.4599300948498695,9992.641085806457,-5050.5164385415055
6,0.9,0.8858895265127853,0.1,0.0928207404124556,0.3,0.29948560038399985,1.5,1.5411370055510942,10066.80167176552,-5017.213937351642
7,0.9,0.8978431494918353,0.1,0.0998009165622496,0.3,0.2983221059229856,1.5,1.4898689595218857,10088.728993601771,-5030.998240758861
8,0.9,0.9053992728174969,0.1,0.096195982843862,0.3,0.30611812427198404,1.5,1.6874042205408042,10026.20686192056,-4993.312774597305
9,0.9,0.8985821982958249,0.1,0.09507908174364928,0.3,0.28493878179661114,1.5,1.6165406290956477,9989.270875498205,-4995.502405082685
10,0.9,0.9079809535588739,0.1,0.10186044242947288,0.3,0.2767039189864173,1.5,1.2982731517424273,10008.869335949821,-5036.212931328562
11,0.9,0.9032150733502529,0.1,0.0963116826014556,0.3,0.3203862342491091,1.5,1.5653652179980493,10043.146057076447,-4982.040664262379
12,0.9,0.9019812746843789,0.1,0.09403610228811625,0.3,0.3031414463333528,1.5,1.56008811740484,10093.282528007901,-5019.954461948061
13,0.9,0.8957247167002608,0.1,0.09973213635946761,0.3,0.3106840319471517,1.5,1.4429423993911048,9885.911957147246,-5019.353799403587
14,0.9,0.8958339261114382,0.1,0.11630466810445471,0.3,0.3242208655652132,1.5,1.3034228681228655,9910.331729760148,-5039.913491931347
15,0.9,0.8854695225568033,0.1,0.10001955273737599,0.3,0.3104749002062813,1.5,1.6312405985652783,9919.380654572584,-5008.0566682416575
16,0.9,0.9022589814723462,0.1,0.09601573721234707,0.3,0.3012480939266584,1.5,1.6983032893078835,9993.761671768552,-5016.684862760094
17,0.9,0.907158089663847,0.1,0.10245833342280707,0.3,0.3148744364339727,1.5,1.3873814491916474,9968.264616891604,-5007.167024680002
18,0.9,0.8935552761904438,0.1,0.10017166829566188,0.3,0.3010467866976281,1.5,1.4489712824452021,9931.161137419404,-4973.318396859502
19,0.9,0.9010243483339202,0.1,0.11025119320411002,0.3,0.299380388604387,1.5,1.2300764270634112,9899.662983259954,-4977.754784891844
20,0.9,0.8979858940925698,0.1,0.11188158036171074,0.3,0.2924397018190688,1.5,1.317978606544273,9963.073579299178,-4962.1189855325465
1,0.9,0.8923254287088811,0.25,0.2554862701069707,0.1,0.09867682162186073,0.5,0.29595395444542716,9949.500664310737,-5805.594378514639
2,0.9,0.8980201254459028,0.25,0.2800412582171949,0.1,0.10688090291033986,0.5,0.3595865353279397,9909.486188411422,-5851.792240873134
3,0.9,0.9015138601120517,0.25,0.23755356422600124,0.1,0.09670738268117915,0.5,0.7113674577754163,10026.024022131605,-5801.687949707664
4,0.9,0.9007803896563331,0.25,0.27345484178993934,0.1,0.10973720593045293,0.5,0.7818873800164509,9873.669302620812,-5810.906910567363
5,0.9,0.9033467685251932,0.25,0.2621436678552661,0.1,0.10404539575424816,0.5,0.49612551331685506,9915.249604073082,-5808.7343663467545
6,0.9,0.8975738479131988,0.25,0.24145466087807366,0.1,0.09827769717432636,0.5,0.4939832521244206,9966.007080390884,-5789.231938024521
7,0.9,0.8981623496098236,0.25,0.22694762671313842,0.1,0.09422844905423723,0.5,0.5783234770994615,10046.019420575381,-5781.252521940431
8,0.9,0.886133594638236,0.25,0.2535572007198574,0.1,0.09944219188135384,0.5,0.43662626006100896,9933.60782297224,-5808.105207956322
9,0.9,0.8999305397428006,0.25,0.24599039982247142,0.1,0.09735597160826219,0.5,0.2715855433842435,9985.83904816989,-5814.808687528695
10,0.9,0.907366382936391,0.25,0.24870732854401872,0.1,0.11221633248233778,0.5,0.9124309163483735,9941.289926713225,-5794.54681401355
11,0.9,0.9051348141173606,0.25,0.2355178460922015,0.1,0.0938094971827994,0.5,0.4911018868885976,10048.132161145042,-5794.663012277077
12,0.9,0.8990606606862513,0.25,0.22713827878463086,0.1,0.09520127716038346,0.5,0.49553333367182273,10130.979100424109,-5839.1280413211325
13,0.9,0.8983695265732542,0.25,0.25344372361264544,0.1,0.09892302706858085,0.5,0.6242836707558287,9968.0572094401,-5824.291532853962
14,0.9,0.9013278086259482,0.25,0.24561166343911234,0.1,0.09634828264352985,0.5,0.3976692638261282,10035.592132175854,-5789.7158615725
15,0.9,0.8971399723956703,0.25,0.22565149729771014,0.1,0.09091369060975767,0.5,0.34419443964834123,10017.114435403639,-5852.567854301957
16,0.9,0.9035351115091833,0.25,0.23964189854302842,0.1,0.09911120213966809,0.5,0.3560998769040475,10028.445109101847,-5895.860181797074
17,0.9,0.9020772324528826,0.25,0.2308647607631816,0.1,0.09297652428723645,0.5,0.6413249495534131,10057.322041852729,-5809.648768495905
18,0.9,0.89290527735091,0.25,0.24654070779477077,0.1,0.09673224963189715,0.5,0.5260653996331172,10032.643311054251,-5794.450912160824
19,0.9,0.8997864740051066,0.25,0.24015346576046473,0.1,0.09679850073800203,0.5,0.6056048973740376,10076.119335258743,-5820.201946265632
20,0.9,0.9040045625195059,0.25,0.2463926870091221,0.1,0.09974819057491441,0.5,0.5288901824808209,10031.574545460491,-5770.2042309421695
1,0.9,0.9011640813438053,0.25,0.22468704511569065,0.1,0.09008099558206722,1.0,0.7530459466826676,10224.233406640999,-5837.601872674308
2,0.9,0.8851952359429588,0.25,0.24045727399552788,0.1,0.10321694941655009,1.0,1.5223744878606358,9931.425837068688,-5869.405180580104
3,0.9,0.9072421056209957,0.25,0.2290824688056501,0.1,0.09373948489106713,1.0,1.406390147866432,10134.934080747522,-5811.48250972059
4,0.9,0.8815158182413333,0.25,0.25564937761126505,0.1,0.1050818639778906,1.0,1.5095464724852612,9932.281541167062,-5851.8194584130715
5,0.9,0.9034996147419531,0.25,0.24944340637155335,0.1,0.09527844562718614,1.0,0.7863915806712432,10016.748131394825,-5824.473678965589
6,0.9,0.8812913891212598,0.25,0.2504849948613615,0.1,0.09920476922301572,1.0,1.2185496675500065,9931.43330141878,-5819.8459283268685
7,0.9,0.8954390781483902,0.25,0.2677625928964789,0.1,0.10093607458925972,1.0,0.5791246960890875,9947.18145221115,-5816.850078631468
8,0.9,0.8968647212836314,0.25,0.24034391858471688,0.1,0.09140027712596678,1.0,0.7875444401607801,10081.759770755689,-5791.744849198776
9,0.9,0.8976734767611201,0.25,0.2280396357655619,0.1,0.10106551192411244,1.0,1.5898102738590951,10063.333533389408,-5817.563131244846
10,0.9,0.9002880511530491,0.25,0.24189941937051368,0.1,0.09240486663180787,1.0,0.6678474473960601,10121.321811009597,-5837.5233899257055
11,0.9,0.9030326853222422,0.25,0.24706453288944275,0.1,0.0902385305266729,1.0,0.6537019874572735,10057.554697292242,-5864.899233770703
12,0.9,0.8940950219335185,0.25,0.23723240577977098,0.1,0.10220167049901267,1.0,1.5324706980127578,9992.780123617722,-5791.8746916116725
13,0.9,0.8940463882779613,0.25,0.2564542966152322,0.1,0.10610931429298726,1.0,1.3392483941723015,9864.621103152194,-5850.202478511179
14,0.9,0.905139967839462,0.25,0.24116548735667082,0.1,0.10954597064889599,1.0,1.1569311155384308,10039.390194983038,-5862.941655217093
15,0.9,0.9041590267583888,0.25,0.2568136330819555,0.1,0.09733039310603436,1.0,0.7721107234731432,10047.246600777535,-5849.6460594446025
16,0.9,0.9047914420592069,0.25,0.2302848538358545,0.1,0.09540836443587083,1.0,1.110306767210143,10075.330149010235,-5802.313905595428
17,0.9,0.9031146675778592,0.25,0.2641575881662049,0.1,0.0984586485692054,1.0,0.8042683766950615,9966.415011003002,-5834.139146046213
18,0.9,0.9028069902382327,0.25,0.2472113495334195,0.1,0.09844546417105673,1.0,1.307528339829762,10002.132244482307,-5905.144065344019
19,0.9,0.902959698435837,0.25,0.23823191986709286,0.1,0.09770214351537465,1.0,0.694554782730754,10061.731107259084,-5816.281804740514
20,0.9,0.8944957827736439,0.25,0.25911199369065563,0.1,0.0937282742830121,1.0,0.7598273798783115,9995.639188566176,-5822.549402782453
1,0.9,0.9069902710479558,0.25,0.24032763740921506,0.1,0.09158044670992656,1.5,0.9693620287270411,10032.526315345263,-5857.8659104401495
2,0.9,0.8948452190366784,0.25,0.25727940381848996,0.1,0.09619499609575202,1.5,1.1165607698217244,10006.737307486626,-5774.6272129384915
3,0.9,0.8957721460513939,0.25,0.24730802876688263,0.1,0.11812185770086175,1.5,1.900400242540539,9932.23609689688,-5865.380895370568
4,0.9,0.9048162453827368,0.25,0.24011540053460173,0.1,0.10138156585121431,1.5,1.8382508180740702,10060.148655718396,-5801.990349616532
5,0.9,0.9049579265481325,0.25,0.22135156014964041,0.1,0.09156829825110532,1.5,1.655298752930872,10047.09372841418,-5851.627340200224
6,0.9,0.9053274812202943,0.25,0.22906592703248668,0.1,0.10215260723027413,1.5,2.15337751848035,10037.2644277038,-5878.247022787447
7,0.9,0.9139269671565967,0.25,0.23225322180900787,0.1,0.10088880720773864,1.5,1.9608667743358954,10062.643790435255,-5847.7881086724865
8,0.9,0.9097101231724601,0.25,0.2175823726633633,0.1,0.09776541015240553,1.5,2.5243832248261326,10160.563053260974,-5870.108599216869
9,0.9,0.902180434741879,0.25,0.24986851859134496,0.1,0.09733447737235262,1.5,1.8390971961151448,10078.994632246397,-5879.589395929699
10,0.9,0.9016741229557752,0.25,0.24270637372085752,0.1,0.10203969392404832,1.5,1.8594288485097905,10049.852291746758,-5775.478974721293
11,0.9,0.9040212079521648,0.25,0.25080895290502875,0.1,0.10180520375862065,1.5,1.423547377655454,9982.199413034457,-5819.03511429991
12,0.9,0.8997465910537866,0.25,0.23677131906898558,0.1,0.09330947477637094,1.5,1.1638576984580526,10035.92095746589,-5845.033782920329
13,0.9,0.9038116546997511,0.25,0.23026049988190067,0.1,0.10665070479450559,1.5,2.043958352888963,10025.073548192506,-5887.611407829375
14,0.9,0.9027076189070035,0.25,0.24763108413554513,0.1,0.10114844537824662,1.5,1.5994538809858074,10060.180581157234,-5804.340197932689
15,0.9,0.8827144917685146,0.25,0.24165362697437626,0.1,0.10378672381395229,1.5,1.818674279677624,10043.203647913928,-5844.10594462048
16,0.9,0.889245584421483,0.25,0.24616933280569997,0.1,0.0954554216219587,1.5,1.3392363474781797,9997.166824343756,-5869.735329591234
17,0.9,0.9020541992742167,0.25,0.267844204022552,0.1,0.10191721821742579,1.5,1.618836889906135,9941.887200816649,-5810.622581216205
18,0.9,0.8963824344396262,0.25,0.2416817779148123,0.1,0.09935956898105662,1.5,1.4170714749539794,10005.033660530897,-5850.590545514144
19,0.9,0.8995611317655976,0.25,0.2322922557287797,0.1,0.09770987159864446,1.5,1.6599206205852617,10046.040803547747,-5845.124803367234
20,0.9,0.8960301787011338,0.25,0.22849111434504962,0.1,0.09728759621268147,1.5,1.4838495770135258,10124.865675212919,-5810.6498804636
1,0.9,0.9012935371265013,0.25,0.2351561727281046,0.2,0.17904927769865547,0.5,0.4315523610337786,10125.922040159996,-5689.557610996691
2,0.9,0.8991127299109922,0.25,0.2360158896825274,0.2,0.2091712610420246,0.5,0.7529781371541379,10001.199929821345,-5748.690850642823
3,0.9,0.9060830789767352,0.25,0.2440883048863618,0.2,0.20692093925512722,0.5,0.5731890392202353,9970.997364645893,-5687.214919570009
4,0.9,0.9078758341091789,0.25,0.26468588607326726,0.2,0.19283118826158266,0.5,0.32160621492372843,9967.521907489709,-5677.379685820841
5,0.9,0.8971843844051381,0.25,0.26979166546829,0.2,0.21553259029304547,0.5,0.6225088337645086,9886.978038957492,-5674.283062207909
6,0.9,0.9043160508147788,0.25,0.24742539721128606,0.2,0.2017151636985596,0.5,0.5939111323528087,9952.141217284816,-5669.845779202954
7,0.9,0.8961000335234758,0.25,0.26442640824801844,0.2,0.19856233622743183,0.5,0.46047552394696434,9981.373369224442,-5761.347951833544
8,0.9,0.8987276779745508,0.25,0.2430877172047995,0.2,0.18282983815855477,0.5,0.39549996564449963,10023.135875052873,-5659.96966460846
9,0.9,0.8994954287695872,0.25,0.23162971941805774,0.2,0.1937082170632893,0.5,0.5444304289904109,10167.923513605972,-5687.106553437734
10,0.9,0.9034676006042668,0.25,0.25408422477658105,0.2,0.19351705669732275,0.5,0.3961566760825836,10049.018972511523,-5712.068793756187
11,0.9,0.8949154324176473,0.25,0.2624149228369993,0.2,0.18841902695255236,0.5,0.40762340179697315,9916.473358388881,-5732.167976902184
12,0.9,0.894708568418361,0.25,0.22641496148295806,0.2,0.19023749340837365,0.5,0.5664576911829126,10167.9026351244,-5679.637815458088
13,0.9,0.9014500349342582,0.25,0.24922002850578426,0.2,0.20039894789431614,0.5,0.48840606197860037,9955.420932361612,-5660.966985846678
14,0.9,0.9035266738348615,0.25,0.24604744168044912,0.2,0.18078904820893416,0.5,0.36707468143829003,10056.917204204245,-5666.998776028537
15,0.9,0.896257465462455,0.25,0.24031038790188194,0.2,0.20907250118120613,0.5,0.527764379731295,10001.034601919959,-5719.132241917547
16,0.9,0.8992082213897434,0.25,0.2384571539732654,0.2,0.1969323359615166,0.5,0.6536746834310991,9957.163108837414,-5669.798873572793
17,0.9,0.9021170580208127,0.25,0.24464458808319492,0.2,0.20513130759945786,0.5,0.5718998730029227,9991.102396448092,-5686.609239002608
18,0.9,0.9006008233046019,0.25,0.23376188786460153,0.2,0.17692026907655645,0.5,0.5038622436703891,10186.001386509986,-5687.750388672837
19,0.9,0.9059751216869584,0.25,0.23495631113095058,0.2,0.18554992276179827,0.5,0.33367632171143563,10067.342344135768,-5727.66922472371
20,0.9,0.8967980253256236,0.25,0.2399462864035862,0.2,0.21671625041140688,0.5,0.5843094687407103,9961.75948023264,-5666.275214686705
1,0.9,0.897842721889105,0.25,0.23352635569418645,0.2,0.1950357847806953,1.0,1.0665119164195147,10112.568915482929,-5794.655506162383
2,0.9,0.9064752195920882,0.25,0.23430414575493924,0.2,0.20027687126918817,1.0,1.2179705460172405,10090.350097771518,-5832.620186217431
3,0.9,0.9022453609826704,0.25,0.2509191824550925,0.2,0.1695724452548717,1.0,0.8130485725184966,10110.599952560598,-5852.478919525316
4,0.9,0.9009918238858252,0.25,0.2615863339505934,0.2,0.21744869178059198,1.0,0.9728710893485796,9901.277586814582,-5801.930412256161
5,0.9,0.8982164146910301,0.25,0.25033313388721234,0.2,0.19993103021986114,1.0,0.8976273294221097,10011.674172382622,-5813.054863626531
6,0.9,0.9024902027697014,0.25,0.2583167845654403,0.2,0.19698877776788226,1.0,0.8964442310598757,9891.90063039214,-5786.3628742365545
7,0.9,0.8935953772205043,0.25,0.22211630331332696,0.2,0.20016561292943355,1.0,1.379706111705704,10081.174009797192,-5852.001234247603
8,0.9,0.8899009349709809,0.25,0.23457256897404027,0.2,0.20604111923530236,1.0,1.24620597843364,10047.45844096272,-5815.425206658876
9,0.9,0.9030230960606519,0.25,0.23223595503954494,0.2,0.1789033446928096,1.0,1.1652121993182865,10054.056420377929,-5808.708022745407
10,0.9,0.9017602454480333,0.25,0.27510987272203635,0.2,0.19299384399891623,1.0,0.6946973107030023,9951.617985078334,-5836.335429485365
11,0.9,0.9068994938092058,0.25,0.22628246415018194,0.2,0.21428717062108163,1.0,1.2693392846344456,10093.20627367997,-5820.276610407869
12,0.9,0.8991860213576572,0.25,0.2666203792378109,0.2,0.19808365119265134,1.0,0.809715055024342,9947.32552188444,-5813.303263176619
13,0.9,0.8993497429710897,0.25,0.2279679907027354,0.2,0.18651095206789287,1.0,1.0585225531957887,10096.084260936155,-5878.224600615298
14,0.9,0.8868667266273592,0.25,0.2399081802975875,0.2,0.16948435609364124,1.0,0.6672787711887709,10036.306509379569,-5894.240916435247
15,0.9,0.890199664897235,0.25,0.24271212213027982,0.2,0.19924356198539847,1.0,1.201277313007916,9983.721396018773,-5791.2956556337995
16,0.9,0.8884859345992435,0.25,0.2360080803924567,0.2,0.19929419381066416,1.0,1.224360087994349,9974.143080256385,-5793.819764627431
17,0.9,0.8982430261546195,0.25,0.2389885488610826,0.2,0.18800565687981624,1.0,0.9022517200148669,10058.97093688611,-5762.588420518694
18,0.9,0.895004679941646,0.25,0.24721582192177574,0.2,0.20012057360765656,1.0,0.7946162886302972,9984.37082933647,-5862.656649872412
19,0.9,0.8912564726571616,0.25,0.24398977858932977,0.2,0.1881546841961919,1.0,0.8962488906159903,10027.930412319029,-5797.4572887969425
20,0.9,0.8938895815822362,0.25,0.2420382803022523,0.2,0.2013727489827744,1.0,1.0545440595360993,10066.354821022649,-5774.607107473525
1,0.9,0.8904593595943636,0.25,0.2314389935473836,0.2,0.19340715029213779,1.5,1.7741754441814122,10080.766499815605,-5913.33643691201
2,0.9,0.8980700412756654,0.25,0.27195444277648706,0.2,0.17333738595676618,1.5,1.0657603632359782,9936.179276808083,-5871.089344647279
3,0.9,0.9032389038515222,0.25,0.2503919054967102,0.2,0.19980539348736145,1.5,1.5968500781651709,10033.44633139949,-5827.613618444326
4,0.9,0.9021213872491685,0.25,0.2700812899826396,0.2,0.19338400407098905,1.5,1.0260996397631448,9969.497205162806,-5899.223240426403
5,0.9,0.90574076783984,0.25,0.23097651157356272,0.2,0.1895498412618528,1.5,1.5964175513576757,10189.953133021081,-5926.341034062849
6,0.9,0.8961860252813403,0.25,0.28468368838730085,0.2,0.19520866537780676,1.5,1.1075679300180785,9873.697232988827,-5922.17711597756
7,0.9,0.8996892467445142,0.25,0.2326851203670758,0.2,0.2217810680502387,1.5,1.8390636851777513,10048.655021266142,-5886.649473991722
8,0.9,0.8984927673884032,0.25,0.24134327793350077,0.2,0.2179503664853436,1.5,1.720029487551185,10058.708028313244,-5919.508194319793
9,0.9,0.901606627441771,0.25,0.2371814712891686,0.2,0.20323942758650854,1.5,1.727990680560808,10047.428929413225,-5861.13819054372
10,0.9,0.9115465386955248,0.25,0.2205842812117724,0.2,0.1984850513830275,1.5,1.6763225809671838,10049.424882317951,-5894.305297367511
11,0.9,0.9081312798444713,0.25,0.24423117181035847,0.2,0.21172736862759184,1.5,1.5318251065483637,9986.438777525647,-5857.879508165492
12,0.9,0.8973613082423207,0.25,0.25872713947415904,0.2,0.1818916194910619,1.5,1.164005455598149,9940.299518573553,-5857.416334245513
13,0.9,0.8871721673335428,0.25,0.2475955450906393,0.2,0.1982044720262162,1.5,1.4311173798900165,9964.68053874316,-5889.144746487889
14,0.9,0.8998817336098767,0.25,0.24230224293922006,0.2,0.18705615253593683,1.5,1.4396854071645335,10020.42258586829,-5928.59233601005
15,0.9,0.9008561220717245,0.25,0.23935624060401875,0.2,0.16695042385372377,1.5,1.0676012960943053,10099.993519773134,-5916.890735208033
16,0.9,0.896781545580438,0.25,0.24441599058417565,0.2,0.21960763820225745,1.5,1.798398859254253,9966.765044909474,-5888.415777048736
17,0.9,0.9038656474931009,0.25,0.254990020055964,0.2,0.2327027313864855,1.5,1.5692347048967845,9804.593939749006,-5851.765619489377
18,0.9,0.8998258355905,0.25,0.24828631363541567,0.2,0.17546671540063222,1.5,1.3920902339657535,10010.311518848632,-5954.59372205343
19,0.9,0.8971399268019163,0.25,0.25183046432345063,0.2,0.21470734492069132,1.5,1.520938722085907,9853.982219268015,-5877.694161451397
20,0.9,0.87740322792124,0.25,0.2567422716311883,0.2,0.19404198652868157,1.5,1.2818064223438264,9924.577462635965,-5885.25965750648
1,0.9,0.905932297735141,0.25,0.26419705934451443,0.3,0.2922210793411591,0.5,0.32889122902902784,9898.14115583456,-5396.849859848862
2,0.9,0.8952085324757201,0.25,0.2445495749417303,0.3,0.28809680636485524,0.5,0.42834790621956276,10054.47740624748,-5436.60464997278
3,0.9,0.8937466042879815,0.25,0.25153772712311223,0.3,0.29429255470013893,0.5,0.46189293524432606,9913.245310932956,-5394.506850764578
4,0.9,0.8966910144829981,0.25,0.249565711153309,0.3,0.3079055374869625,0.5,0.5296015180463534,10014.98897836636,-5384.943713833636
5,0.9,0.9027113435441217,0.25,0.24353375688585283,0.3,0.29676941052421324,0.5,0.46024621725677367,10024.596617192863,-5410.604703403074
6,0.9,0.8906135345812545,0.25,0.221221168072518,0.3,0.2809549640123806,0.5,0.6257288026722959,10169.557950889157,-5470.375985592408
7,0.9,0.9030751000575766,0.25,0.21042718600780566,0.3,0.2694738753832839,0.5,0.6777104934729437,10237.127863410278,-5443.036836165118
8,0.9,0.8978516699418769,0.25,0.23188116893678837,0.3,0.3100092966167462,0.5,0.6813153309745942,10069.40043872221,-5417.265000233254
9,0.9,0.895714893949119,0.25,0.2664877930595237,0.3,0.30560353099868626,0.5,0.40792233130928096,9953.11580465125,-5417.2333426549
10,0.9,0.9054333491724401,0.25,0.24908936410659824,0.3,0.28439608174629943,0.5,0.5656526195683896,10001.995458596542,-5434.9128380335915
11,0.9,0.8976627256453892,0.25,0.24331510760202937,0.3,0.300655172531962,0.5,0.5017313400949245,10012.757828856753,-5370.446143684014
12,0.9,0.9047779248225759,0.25,0.256469934098066,0.3,0.3102335172149632,0.5,0.5426007252312777,9981.660865861422,-5427.171061657666
13,0.9,0.9011297456754788,0.25,0.27152827254579315,0.3,0.3278563377300416,0.5,0.5083866140755924,9854.1202212037,-5414.837339413734
14,0.9,0.8941793745899846,0.25,0.26705722886068556,0.3,0.3020058978288637,0.5,0.3881788154959727,9938.203882163805,-5409.62571802475
15,0.9,0.8900789780581188,0.25,0.2464262957821563,0.3,0.2650388879963917,0.5,0.3426882057712553,10104.91156476676,-5411.410504411358
16,0.9,0.8995305867019602,0.25,0.25076112759848296,0.3,0.3017847887579476,0.5,0.5354092486614329,9914.042132240518,-5388.674831215482
17,0.9,0.903606901249974,0.25,0.27444683381885393,0.3,0.292711663034515,0.5,0.30664675907987854,9910.99974860063,-5444.777002105247
18,0.9,0.9050490234966678,0.25,0.24507139078865425,0.3,0.2998387336540542,0.5,0.43204514927002613,9986.099172584916,-5412.75189617206
19,0.9,0.9087528840629543,0.25,0.24333731478316684,0.3,0.3033533290920022,0.5,0.4674372689456998,10013.568722137117,-5399.8400510500305
20,0.9,0.901905728086596,0.25,0.2487932747004607,0.3,0.29293670476365924,0.5,0.48105333028227326,10067.491263408963,-5365.469828742813
1,0.9,0.8878190933044213,0.25,0.27878312165236663,0.3,0.2796828094732165,1.0,0.6963689079100995,9884.491923318927,-5664.134511379642
2,0.9,0.9043898633725508,0.25,0.2610989709883126,0.3,0.29447188862575036,1.0,0.8358863208099094,10029.159934794287,-5604.402748846229
3,0.9,0.9006847962714095,0.25,0.24814256484076602,0.3,0.2807220569502431,1.0,0.9059226918497273,10078.888668394957,-5645.542982745156
4,0.9,0.9118547231962649,0.25,0.23469100932410156,0.3,0.2822226471947628,1.0,1.0451293688257839,10045.478748744534,-5705.493556814595
5,0.9,0.9054506062257467,0.25,0.2587195250985876,0.3,0.2925849014656306,1.0,0.8890006541131278,9944.933608309444,-5640.212981455924
6,0.9,0.891249437009142,0.25,0.24530913405847565,0.3,0.2890033218264917,1.0,0.9812192125590286,10028.066540548234,-5660.471771837901
7,0.9,0.8930107700093436,0.25,0.2480913592630569,0.3,0.26509822519526277,1.0,0.8039320799655539,10080.252754187684,-5679.295992270472
8,0.9,0.8960430521701699,0.25,0.24297472715159263,0.3,0.3023749914300694,1.0,1.1055912725192727,10075.321614695087,-5639.539746738339
9,0.9,0.9052031846024037,0.25,0.24817730739290794,0.3,0.27439072799331726,1.0,0.9126339305500208,10075.325725564933,-5709.501595225187
10,0.9,0.9071234307696143,0.25,0.2440652359775068,0.3,0.2963627351255011,1.0,1.073553343962814,9993.075386165461,-5642.5352716819325
11,0.9,0.8959685092400155,0.25,0.24701348149740054,0.3,0.2934742236006423,1.0,1.0068576131479692,10097.428521208025,-5612.677205278627
12,0.9,0.9002350013783459,0.25,0.2414094768392826,0.3,0.30442192224847187,1.0,1.1351528560172304,9890.22887908865,-5651.4454731632795
13,0.9,0.8956191521210504,0.25,0.23474617044464482,0.3,0.31095087690521533,1.0,1.1167886295270317,10009.39945047902,-5662.594185038202
14,0.9,0.901217409385356,0.25,0.2418351250576018,0.3,0.302081116050016,1.0,1.0454667143132228,10001.224610037358,-5602.1816160207945
15,0.9,0.9020963663120765,0.25,0.24245879691086078,0.3,0.31256825730562926,1.0,1.2052244489546597,10022.333993887987,-5656.250420251601
16,0.9,0.9061478586952055,0.25,0.28141704324487343,0.3,0.31386146496993544,1.0,0.8069134494484804,9794.1674933131,-5685.276339017506
17,0.9,0.8912141653687113,0.25,0.258006471284666,0.3,0.29795706059100924,1.0,0.8867955099568436,9953.229103978549,-5639.036018146644
18,0.9,0.9016351155865483,0.25,0.2628008777649561,0.3,0.3021934723179969,1.0,1.0489925103630844,9876.129199773603,-5681.2180381931375
19,0.9,0.9070800824314137,0.25,0.23871550367689293,0.3,0.29055390373432854,1.0,0.9096291595429106,10112.738363865445,-5720.150180960152
20,0.9,0.9026484983674251,0.25,0.23658263350119552,0.3,0.32544676274315065,1.0,1.012696118845417,10019.869731426164,-5659.328679615275
1,0.9,0.8978767527511569,0.25,0.2282979931762701,0.3,0.2797017897325627,1.5,1.728445982094333,10217.633898885804,-5764.8914163365025
2,0.9,0.898603515629143,0.25,0.23775264937344526,0.3,0.32344478285415745,1.5,1.6884331987015935,9982.895721051844,-5765.514384504939
3,0.9,0.9015386770674184,0.25,0.26050889569675256,0.3,0.28535568814121304,1.5,1.3174853905165578,9958.017988391677,-5759.779305474945
4,0.9,0.9101106130298299,0.25,0.24851954927490166,0.3,0.30421807973315335,1.5,1.5906217738210595,10011.768046583387,-5798.957533835886
5,0.9,0.9017880064395742,0.25,0.23087547118922921,0.3,0.3201695061897008,1.5,1.7944502254126742,10087.671518509447,-5789.192480479687
6,0.9,0.9052322529247881,0.25,0.2409548001156435,0.3,0.290859471898088,1.5,1.4725584303065185,10075.53495237574,-5790.4278752926475
7,0.9,0.8940236169002758,0.25,0.2662400833075556,0.3,0.30629523159776756,1.5,1.3371723664178314,9915.157808505453,-5778.354096142724
8,0.9,0.903064986286529,0.25,0.22282114776962897,0.3,0.3442628798427057,1.5,1.83058101708258,10087.144256796615,-5852.12860788564
9,0.9,0.9029880848664156,0.25,0.23611750173541435,0.3,0.377468743958515,1.5,1.7563064634582388,9842.017556851271,-5814.140400630777
10,0.9,0.906103255988157,0.25,0.23248753311808537,0.3,0.345388308799726,1.5,1.9158388970006837,10051.428042821746,-5808.298217396132
11,0.9,0.9013439205091514,0.25,0.22680670869100453,0.3,0.3334844279902504,1.5,1.862274488480136,10066.950440970602,-5823.058258519785
12,0.9,0.9050406709555551,0.25,0.2623319568791962,0.3,0.284824988251537,1.5,1.3635170211853398,9990.900117439005,-5768.9069289547315
13,0.9,0.8945337123916769,0.25,0.2372756864989761,0.3,0.2944677266695408,1.5,1.705890722168929,10040.293320555835,-5846.6489296072705
14,0.9,0.900406880470308,0.25,0.24024362689312642,0.3,0.29881669134057653,1.5,1.625164578473498,10009.531715720048,-5763.849536261643
15,0.9,0.8999852429907461,0.25,0.23634839964302642,0.3,0.2980546418005311,1.5,1.6729092823702443,10108.584557850261,-5790.165677792338
16,0.9,0.8910802071253858,0.25,0.2295785257045166,0.3,0.3105043579644916,1.5,1.568116901386395,10102.769880881002,-5829.132259952963
17,0.9,0.8931230669256418,0.25,0.2488512300496375,0.3,0.3106309049621392,1.5,1.5401658046613902,9987.734609527346,-5766.91921017258
18,0.9,0.8845599486619484,0.25,0.2479554387715116,0.3,0.29649207594174576,1.5,1.4054765882557236,10013.31289021432,-5746.4500927764775
19,0.9,0.8989075811426266,0.25,0.26095834868379786,0.3,0.28418202154969885,1.5,1.2774266650016122,9969.960498678627,-5762.450716502815
20,0.9,0.8666849800694396,0.25,0.2600749495277952,0.3,0.28181954771071455,1.5,1.276518912226611,9944.052383831347,-5784.6563292072005
1,0.9,0.9017566516014427,0.5,0.5519615575955387,0.1,0.1025531015291859,0.5,0.2773961831644209,9820.18493594544,-5662.352804150371
2,0.9,0.9003854245802215,0.5,0.5142573655662055,0.1,0.10162619963581412,0.5,0.4658993465923367,9902.349002357802,-5685.551542568345
3,0.9,0.8890683443440653,0.5,0.49843384966583043,0.1,0.10000021424620534,0.5,0.4284422083364239,9934.895454535856,-5621.303903722188
4,0.9,0.8975978668993582,0.5,0.4987801557294043,0.1,0.1088580146186865,0.5,0.9020734899107578,9984.591983090564,-5655.072942289725
5,0.9,0.8837867456063103,0.5,0.45893902034938805,0.1,0.08909881171388238,0.5,0.25605521976440854,10101.119291048763,-5661.178499718097
6,0.9,0.8935993476569382,0.5,0.5030990790257512,0.1,0.09982350755594166,0.5,0.5063751989605899,9974.92320607076,-5618.402128109887
7,0.9,0.9056163588258613,0.5,0.505501217526954,0.1,0.0989169028775063,0.5,0.4798476315736419,9969.625541254321,-5686.491821898904
8,0.9,0.8892127673467949,0.5,0.5643647244057791,0.1,0.10606204344884011,0.5,0.49524451127634206,9815.489691426581,-5680.497865768048
9,0.9,0.9057080725992284,0.5,0.5067379604826414,0.1,0.09797032266133862,0.5,0.3960305434531264,9967.60280045093,-5647.094845037359
10,0.9,0.8974445802299169,0.5,0.5110303548880503,0.1,0.1012168373551516,0.5,0.7062151742942141,9945.078092435608,-5637.755833011199
11,0.9,0.9012338490145226,0.5,0.4535125818847242,0.1,0.0923851242980549,0.5,0.7567900903397982,10125.671315374166,-5651.808910012664
12,0.9,0.9070025139498827,0.5,0.4544256272496918,0.1,0.09117209722337437,0.5,0.32336374934777706,10150.890724381798,-5659.312338395135
13,0.9,0.8976961156434603,0.5,0.5921541436896156,0.1,0.10990528978947618,0.5,0.46595021564864547,9799.675232258127,-5683.122958867334
14,0.9,0.8942335095339649,0.5,0.475736624319076,0.1,0.10377308113574904,0.5,0.6685422890395111,10005.667736553452,-5681.189616205467
15,0.9,0.9105135275463129,0.5,0.5059809412760746,0.1,0.09761679416023547,0.5,0.29341886496617764,9940.263223681033,-5700.364907744721
16,0.9,0.9012379068964368,0.5,0.4978279820127589,0.1,0.10079660648477053,0.5,0.5840261378951008,9952.508708856,-5596.667945003389
17,0.9,0.895739883567228,0.5,0.5133216480760816,0.1,0.09851754805058888,0.5,0.4741860905166914,9901.311610023191,-5654.715693536108
18,0.9,0.9071836367954293,0.5,0.4857401809238507,0.1,0.09406287947007876,0.5,0.6464301097163018,10100.39803167257,-5646.471778911347
19,0.9,0.898473609270617,0.5,0.5073029556024596,0.1,0.10995663242182063,0.5,0.6448936481258996,9977.270928938053,-5650.837358788722
20,0.9,0.8997456409699265,0.5,0.4352478225876807,0.1,0.09515051393384645,0.5,0.5214857116190589,10056.521215685749,-5674.618031034879
1,0.9,0.8976245334467001,0.5,0.43466044052620517,0.1,0.09971497149196523,1.0,2.0576904516661774,10071.381023751277,-5625.323409752746
2,0.9,0.8984457606404705,0.5,0.5093938321627159,0.1,0.10054413634140605,1.0,0.8674437469809267,10005.678970871502,-5578.222612725922
3,0.9,0.9011028950037498,0.5,0.4628652569752356,0.1,0.0892854568223591,1.0,0.8300902866624549,10152.192510567014,-5656.34051055891
4,0.9,0.8887630190180981,0.5,0.499376616978326,0.1,0.10090330844127349,1.0,1.2765074430636156,10003.903655031068,-5670.903546850042
5,0.9,0.8991681057130824,0.5,0.48548068179824366,0.1,0.10328483856000036,1.0,1.3278565481907236,9897.378136041645,-5584.894352608331
6,0.9,0.8945152125056809,0.5,0.46730238091885923,0.1,0.10608850136109997,1.0,1.8812645554863179,9975.048236422155,-5638.384925221164
7,0.9,0.9013298115874531,0.5,0.49408915822047356,0.1,0.0912178370225154,1.0,0.597053658071731,10054.274776539145,-5550.093291437417
8,0.9,0.8969158753465822,0.5,0.5029159251971852,0.1,0.10767752255246185,1.0,1.6481626674043954,9899.44902054156,-5638.994779573341
9,0.9,0.897428317597968,0.5,0.5608887179629842,0.1,0.10333965126319734,1.0,0.8726104244067532,9889.889036197192,-5627.258244269196
10,0.9,0.894239955220066,0.5,0.5439594544591447,0.1,0.10474713774130467,1.0,1.29780510208622,9850.819728645529,-5627.711056212485
11,0.9,0.9060716251643578,0.5,0.5546488552784858,0.1,0.10598680820120612,1.0,0.9926553893490023,9924.02418830446,-5624.820144430854
12,0.9,0.9048914979240619,0.5,0.44854175808959895,0.1,0.08770011295605451,1.0,0.8157115945336164,10151.015290096766,-5676.000080551157
13,0.9,0.9047509216924793,0.5,0.504307249258786,0.1,0.09181098037274284,1.0,0.8519172236189354,10103.573849755574,-5612.658226514209
14,0.9,0.9010864015937047,0.5,0.5181750980031978,0.1,0.09112959418511858,1.0,0.5860322424280459,10003.014681695075,-5625.348225517826
15,0.9,0.9014361436218035,0.5,0.48180881720034024,0.1,0.09194697074184131,1.0,0.5587642580167914,10044.323382770206,-5639.731847079376
16,0.9,0.8921943673126322,0.5,0.5379063693676911,0.1,0.10797602769436626,1.0,1.2512384776326204,9892.4233577849,-5606.157728685017
17,0.9,0.9039514912180278,0.5,0.4896013202665387,0.1,0.10281436897840708,1.0,1.2404386977419148,9984.188576718108,-5611.155050863816
18,0.9,0.8898538712094107,0.5,0.5349671498561628,0.1,0.09692180962539158,1.0,0.8026319517135072,9919.394500646917,-5657.324443418673
19,0.9,0.8945332981646278,0.5,0.47401610273484107,0.1,0.09135092101753532,1.0,0.6846192713404502,10093.631097926025,-5598.625498871354
20,0.9,0.8980857804105007,0.5,0.492356235870526,0.1,0.10198285385868003,1.0,1.0969452700335063,10022.546132999341,-5631.812609879549
1,0.9,0.8877426544284935,0.5,0.49212445823936846,0.1,0.10461439923219186,1.5,1.7958695697753078,9988.673970450787,-5655.143594528412
2,0.9,0.8941128607713009,0.5,0.4852613590009639,0.1,0.09953035391633028,1.5,1.3941551787887776,9945.836205913614,-5575.725169643605
3,0.9,0.8823425082292742,0.5,0.5865924654686304,0.1,0.09386206633966808,1.5,0.8845462193234713,9914.28756574732,-5666.985544885334
4,0.9,0.9040203130482971,0.5,0.4563951861013064,0.1,0.08370338673646578,1.5,1.0199961711494543,10174.236579304981,-5627.634912744083
5,0.9,0.8976494116998397,0.5,0.5349153701074316,0.1,0.0956593899296053,1.5,1.3491431548768396,9981.884481675832,-5591.040570459003
6,0.9,0.8968988642241661,0.5,0.5194407804137787,0.1,0.09983014354351086,1.5,1.615605349363728,9922.462936479154,-5533.452751131849
7,0.9,0.9060806315243609,0.5,0.4819893286946487,0.1,0.08898433808219279,1.5,1.4137500400315721,10100.10388150862,-5561.518024089742
8,0.9,0.8911917191815681,0.5,0.49542599163952594,0.1,0.09842479691928739,1.5,1.5358517233315707,10016.06752162825,-5593.567172606077
9,0.9,0.8981893495178168,0.5,0.5412155202320925,0.1,0.10517181258333803,1.5,1.7127716062625522,9863.106808879138,-5626.392648113142
10,0.9,0.9021641118955765,0.5,0.5066608899837595,0.1,0.09487427459652686,1.5,1.0267714588582897,9955.111348553775,-5639.056552665099
11,0.9,0.8984907401096972,0.5,0.4802043361558188,0.1,0.10707666293224631,1.5,2.2239119931975915,9925.90053920141,-5617.74095730142
12,0.9,0.901057990729147,0.5,0.48903650688483824,0.1,0.10345921114821724,1.5,1.949029959933762,9994.343436032083,-5649.299868900471
13,0.9,0.8955763725957,0.5,0.48925958096038724,0.1,0.10688263086895587,1.5,1.8432116543598032,9929.074742645425,-5579.942142255879
14,0.9,0.8789256631696851,0.5,0.47642097894853896,0.1,0.10688223117638261,1.5,1.780802227847946,10030.406370479703,-5591.347805400985
15,0.9,0.9009051140559875,0.5,0.5129186522516528,0.1,0.09294652217534091,1.5,0.9562953840128344,9915.609894143416,-5645.352959189367
16,0.9,0.8996661600460433,0.5,0.5019441587162287,0.1,0.10298780485149983,1.5,1.699134421715873,9962.245296002735,-5608.668594245664
17,0.9,0.8993171111229878,0.5,0.5731917979649644,0.1,0.10889346605252685,1.5,1.2046920679622912,9758.865380880483,-5668.747309670738
18,0.9,0.896170943258936,0.5,0.5581753815901228,0.1,0.10998172725414374,1.5,1.3087356796029253,9753.766096501413,-5595.446752194939
19,0.9,0.8899828922691491,0.5,0.4757130743995233,0.1,0.10272704143841736,1.5,1.774737140034325,10022.144514563402,-5576.567318633046
20,0.9,0.9006654768333218,0.5,0.5528947808392815,0.1,0.10207219741264897,1.5,0.9727571947687716,9944.02564606369,-5604.298720744795
1,0.9,0.8899227308073341,0.5,0.4982049123454558,0.2,0.19096131602240377,0.5,0.36262500161904676,9977.84551366265,-5910.047865571516
2,0.9,0.8984417565923515,0.5,0.5229322727333867,0.2,0.1996898124597138,0.5,0.44778003256606985,9943.762962312681,-5928.342267851267
3,0.9,0.9045975724993803,0.5,0.48678697594126186,0.2,0.19741591508604125,0.5,0.5383514982625914,10010.706268081205,-5890.190591573553
4,0.9,0.9072854072938111,0.5,0.5035971511019223,0.2,0.18741681758989856,0.5,0.3048538441683708,10072.073844124181,-5948.293640295331
5,0.9,0.8995617892718661,0.5,0.5101551840508782,0.2,0.1991258897442159,0.5,0.3834514702406433,9952.162409423083,-5936.813418359919
6,0.9,0.8981542594101463,0.5,0.4792667062514265,0.2,0.19169618226733956,0.5,0.45496846373751426,10171.167829910126,-5893.442038205023
7,0.9,0.9044593629729427,0.5,0.5034627150507359,0.2,0.17727153140947002,0.5,0.29039179084408323,10147.355492958533,-5958.973525698168
8,0.9,0.8918681078378278,0.5,0.4999347988439324,0.2,0.19745809660428407,0.5,0.44558257229789866,10028.956194657654,-5889.167275143851
9,0.9,0.9026780141455294,0.5,0.49031749952461157,0.2,0.20644257644947747,0.5,0.6213311063025235,9988.410021309071,-5893.999950404916
10,0.9,0.9047719933171161,0.5,0.49010383663251267,0.2,0.19885120508398277,0.5,0.514088104947706,10052.104362061655,-5870.561581483209
11,0.9,0.9053285264241968,0.5,0.4442521439659058,0.2,0.20298323112563282,0.5,0.6361679956117766,10091.20659394116,-5964.266102118974
12,0.9,0.9049492093293103,0.5,0.4836000521572757,0.2,0.19041532072764916,0.5,0.39233225059628885,10034.304523315412,-5918.9746328373485
13,0.9,0.8883441382114736,0.5,0.44329152333159955,0.2,0.19990446845913418,0.5,0.7722486340512813,10177.236148761509,-5972.350066402312
14,0.9,0.9082600137413986,0.5,0.4886235070743489,0.2,0.20035866168884278,0.5,0.450471512402962,10013.885060244473,-5964.434269066179
15,0.9,0.8943104659830694,0.5,0.4526732250314126,0.2,0.1958648979355488,0.5,0.7102145675484005,10151.38120979001,-5979.930844251928
16,0.9,0.8971444841814481,0.5,0.5393589703366513,0.2,0.21557311687866143,0.5,0.6210375576041699,9890.29188918237,-5994.564457990562
17,0.9,0.8998097506326953,0.5,0.48865183360291636,0.2,0.21724029312776513,0.5,0.8100958151402188,9968.970758526806,-5973.126725290516
18,0.9,0.8966626119950443,0.5,0.46717679380156074,0.2,0.19078161014499667,0.5,0.4157914141572053,10104.353600844284,-5922.613505244383
19,0.9,0.9035419005704555,0.5,0.43984595750793964,0.2,0.20342585866574692,0.5,0.5780708160897928,10191.505322750767,-5996.847399913497
20,0.9,0.9003470608433964,0.5,0.47658989715731137,0.2,0.19969467277117012,0.5,0.33152610810350064,10012.261302207875,-5948.3135334725675
1,0.9,0.9042480532614967,0.5,0.4852932591908709,0.2,0.2077618465283431,1.0,1.2375227273226095,10008.8873670615,-5948.882959808936
2,0.9,0.8988755752456536,0.5,0.48717183387355223,0.2,0.19674110210896822,1.0,1.0145972951678768,10058.377056297797,-5981.198517657647
3,0.9,0.8955254593590454,0.5,0.45362365847747055,0.2,0.2108585962679499,1.0,1.5263070379893342,10065.3549940464,-5952.280325873643
4,0.9,0.8972559959662818,0.5,0.49880564417807266,0.2,0.20447859371437993,1.0,1.2169881672015548,10023.527610962332,-5927.435400567325
5,0.9,0.9004970219399469,0.5,0.4989695502706777,0.2,0.18559114674251992,1.0,0.7843631355748345,10106.868959631749,-5995.354347747605
6,0.9,0.8927463540783452,0.5,0.518159514531834,0.2,0.187330506294319,1.0,0.778980404933657,9933.879955537923,-5943.387769641284
7,0.9,0.8848176412860606,0.5,0.49158500027438856,0.2,0.20980372331873665,1.0,1.120767877763508,9962.56440236761,-6016.1939722748975
8,0.9,0.8992156375217546,0.5,0.4529577087549603,0.2,0.21398362526945805,1.0,1.4749273130976526,10034.14428459796,-5973.076469875285
9,0.9,0.9048916686719831,0.5,0.4896442692347248,0.2,0.19858141712476382,1.0,0.8952150725418889,10022.866341067987,-5908.34324853601
10,0.9,0.909999724119674,0.5,0.5579690119829418,0.2,0.2069815483019431,1.0,0.6835998392589208,9806.19632965927,-5896.347098885395
11,0.9,0.8869452979534291,0.5,0.4745442267650879,0.2,0.18210176915255738,1.0,0.9552088786561358,10162.14594982808,-5970.956070261616
12,0.9,0.9021902625517267,0.5,0.463514381903429,0.2,0.1988064698571153,1.0,1.081733167938345,10125.67720885341,-5928.204102832698
13,0.9,0.8949169054414993,0.5,0.512200404825418,0.2,0.20146105838703035,1.0,0.9420012171966076,9992.973984959399,-5949.2369077261465
14,0.9,0.9026160970846429,0.5,0.5433839855404753,0.2,0.22518142796098423,1.0,0.9856174454647009,9787.048818664014,-5979.769238980463
15,0.9,0.9173339408054162,0.5,0.5348534189935968,0.2,0.20397303276565756,1.0,1.1372645133709358,9900.298343513376,-6023.642475450632
16,0.9,0.8989763849006782,0.5,0.522035744423453,0.2,0.20649110665722917,1.0,1.0828367294207526,9912.989390426153,-5945.2979095877345
17,0.9,0.8922898698702381,0.5,0.46657083097278684,0.2,0.1750661488475792,1.0,0.6816996343725878,10101.951367580868,-5972.924797590551
18,0.9,0.9070381378042298,0.5,0.5204077532800573,0.2,0.19447430655890086,1.0,0.9560760939461744,9960.967246448954,-5908.21130567553
19,0.9,0.8986156917347148,0.5,0.554133027179858,0.2,0.2036473938928,1.0,0.7577507241691487,9821.181185804699,-5962.263170998529
20,0.9,0.8964591086517238,0.5,0.5051856025286767,0.2,0.2099282567852272,1.0,1.0399971781612163,9887.716401770818,-5939.732035224688
1,0.9,0.9122669547719668,0.5,0.506833777897145,0.2,0.18421428773287765,1.5,1.1361276783276288,10003.444399207843,-5863.5922653310045
2,0.9,0.9040153947389419,0.5,0.5704158524934245,0.2,0.1961475868861606,1.5,1.0837929709271719,9830.073204516897,-5969.606162667262
3,0.9,0.9037877701626913,0.5,0.5249522044589097,0.2,0.17708828037910995,1.5,1.319882469983038,10046.369149821468,-5967.051903016447
4,0.9,0.9125449534949931,0.5,0.46713755405392077,0.2,0.20667811162409752,1.5,1.8037539377660015,9986.945756422383,-5941.839227536146
5,0.9,0.8823014442763718,0.5,0.5293173364175854,0.2,0.1987695686335836,1.5,1.4319332880293791,9888.182356146513,-5974.2511796316485
6,0.9,0.9035922362007833,0.5,0.48780777767405625,0.2,0.19882118004934746,1.5,1.59017715722427,10062.838173973738,-5953.235917427681
7,0.9,0.8876194868741693,0.5,0.509132453473178,0.2,0.2046493251610043,1.5,1.4882292092047997,9951.707048359322,-5927.341941309195
8,0.9,0.8922829720497621,0.5,0.5257552910482574,0.2,0.18865904154934518,1.5,1.215678722910305,9968.600049799206,-5960.843660114553
9,0.9,0.8897112704232845,0.5,0.5034442711306331,0.2,0.20511007815772006,1.5,1.6113613605536123,9947.618014537149,-5913.690221551409
10,0.9,0.9016835452112872,0.5,0.5786226053235035,0.2,0.20963332358774753,1.5,1.195960612867332,9832.768550017756,-5997.141075276848
11,0.9,0.8870052037243449,0.5,0.5022769233069123,0.2,0.194841420948383,1.5,1.4747864119624299,10022.224177953225,-5910.976301627546
12,0.9,0.9006966860933321,0.5,0.4755052310661171,0.2,0.21384785569656584,1.5,1.6086147397560415,10007.141385991235,-5977.844735623097
13,0.9,0.9027984386548291,0.5,0.471886364330897,0.2,0.23521974892904685,1.5,2.1933357029381306,9910.701967516914,-6012.168193224268
14,0.9,0.9007614979910916,0.5,0.5000217754702307,0.2,0.20451335440340235,1.5,1.6423869045730266,9978.533387335665,-5934.237859052574
15,0.9,0.8945793293136012,0.5,0.4855244268011903,0.2,0.20634496332494875,1.5,1.7938942332183547,9929.246274258776,-5925.711809094481
16,0.9,0.9029683775745169,0.5,0.4776736526313578,0.2,0.19442741035427952,1.5,1.8135146634031039,10086.083529354284,-5960.624432368379
17,0.9,0.9101747178787437,0.5,0.4833941892059012,0.2,0.17386837703740932,1.5,1.2476348210566808,10221.873129406082,-5975.180000836574
18,0.9,0.8874501268381954,0.5,0.523351548088993,0.2,0.22732235151709848,1.5,1.7473399140162276,9859.820552929084,-5985.3684034654025
19,0.9,0.8941964561753881,0.5,0.5096859902158241,0.2,0.19945206881000135,1.5,1.3384771000398987,9971.307068725617,-5909.383579366397
20,0.9,0.9027563108280354,0.5,0.5037981425990218,0.2,0.21015205245865268,1.5,1.545929323603457,9959.613027423384,-5908.30734175846
1,0.9,0.9056513504048085,0.5,0.5055916602238288,0.3,0.2784687696666381,0.5,0.39050271060322655,10124.073604589032,-5852.497387654505
2,0.9,0.8880953321554856,0.5,0.48599043393748237,0.3,0.30211450755263924,0.5,0.6178501237349296,10003.550094179973,-5915.652578448087
3,0.9,0.9014198486810816,0.5,0.48709620444107404,0.3,0.32520717517268893,0.5,0.6258686060453069,9918.071288002384,-5886.457623723049
4,0.9,0.8977971928444436,0.5,0.49838067271291403,0.3,0.308534088100971,0.5,0.5651842258480678,9943.039745664033,-5887.322668618135
5,0.9,0.8941281062683476,0.5,0.5100270963031555,0.3,0.29226788149755584,0.5,0.6674624677683947,9959.36927536632,-5941.962999170329
6,0.9,0.8932247729911557,0.5,0.527388128962044,0.3,0.27555141742579436,0.5,0.4212651009458854,9952.112215040297,-5959.297333709367
7,0.9,0.8910199062901618,0.5,0.49811913945117203,0.3,0.31181724629741736,0.5,0.46850463778376317,9999.01238502108,-5882.4281575550485
8,0.9,0.8971992822111412,0.5,0.4911547255010631,0.3,0.30830746682761395,0.5,0.5517262972783284,10025.496537895093,-5917.990116423407
9,0.9,0.8959774950459385,0.5,0.4966839855367435,0.3,0.31767510136824517,0.5,0.6652829379020953,9971.04297700606,-5925.943372882002
10,0.9,0.8906995653798423,0.5,0.4749113745597563,0.3,0.30268820410470154,0.5,0.5468136927044674,10076.298988422737,-5891.193229423778
11,0.9,0.8998762035061448,0.5,0.4514358972499784,0.3,0.2901856772426688,0.5,0.6475508561036593,10190.923983222181,-5885.321134100694
12,0.9,0.8919524932341967,0.5,0.48487975768150504,0.3,0.2824703773948227,0.5,0.5154340819578871,10137.414024152766,-5944.334385094971
13,0.9,0.8952388917219678,0.5,0.48169815812892247,0.3,0.2756808959879394,0.5,0.5916395301761795,10066.468329270328,-5894.446462724813
14,0.9,0.8990306537947232,0.5,0.4990361129056198,0.3,0.3118218571595415,0.5,0.4575175327170842,9880.086404588987,-5904.010518807154
15,0.9,0.9069140712750329,0.5,0.48201186358844705,0.3,0.3051092540891468,0.5,0.4935335765940936,9983.385289432268,-5853.51114056246
16,0.9,0.8988547987271195,0.5,0.4653992458802709,0.3,0.30293793768089294,0.5,0.5872884469194202,10078.570685476452,-5895.529986500159
17,0.9,0.9051996769709533,0.5,0.4648350695426646,0.3,0.3005167254331257,0.5,0.649222871756538,10150.191947252073,-5919.020417200305
18,0.9,0.8974401526913894,0.5,0.4869208145135534,0.3,0.2959770510598276,0.5,0.5585746633572698,9997.514771268881,-5894.84725250868
19,0.9,0.8840189747490165,0.5,0.4653990587548515,0.3,0.3005256390101656,0.5,0.5659051819549823,10023.874355474076,-5855.742953712743
20,0.9,0.8933504671869907,0.5,0.4887197212362349,0.3,0.2972362047921773,0.5,0.5822500934936556,10088.925268191739,-5923.900690578239
1,0.9,0.8995841733500772,0.5,0.4801529173464758,0.3,0.28349770441247346,1.0,0.9001538566041579,10040.823047278463,-5913.37533670646
2,0.9,0.8929005119063677,0.5,0.5146502358396824,0.3,0.3188472762433387,1.0,1.0285911379597292,9891.977947675627,-5943.566945655024
3,0.9,0.8829279374097381,0.5,0.5343279774900149,0.3,0.2860693089204379,1.0,0.8459467527747018,9902.225196482786,-5967.254174993381
4,0.9,0.8964446805502677,0.5,0.49996202335322193,0.3,0.3099558231234309,1.0,1.069063384851997,9981.331528077048,-5955.434683777139
5,0.9,0.8880766513433054,0.5,0.48252060872000896,0.3,0.3080685010522379,1.0,1.0825909453746703,10007.981216165059,-5976.254538100806
6,0.9,0.9011575584847169,0.5,0.4861417369735654,0.3,0.30416127490100525,1.0,1.0983621931232772,10051.229463772155,-5921.349644247081
7,0.9,0.9015501308614746,0.5,0.49222543295015697,0.3,0.2891929963873206,1.0,1.1155038479060742,10042.910118325613,-5968.60229744865
8,0.9,0.901226974276117,0.5,0.47140582159256433,0.3,0.30142798739276533,1.0,1.0571156032703701,10106.16471058073,-6002.324497895255
9,0.9,0.9014828225467617,0.5,0.543748649329718,0.3,0.2717226153514415,1.0,0.7559097228981333,9966.03678996125,-5980.562250465262
10,0.9,0.9030409490062324,0.5,0.5132549711111136,0.3,0.3197675392750446,1.0,1.0474496167370748,9951.98084051953,-5995.646337412194
11,0.9,0.9078031888126648,0.5,0.45634110343947176,0.3,0.324898585809501,1.0,1.2370193132022251,10103.036923390058,-5932.073935377031
12,0.9,0.8943694242425334,0.5,0.4736554188283089,0.3,0.32548995402362824,1.0,1.30399069992797,10007.006169958868,-5955.196212343224
13,0.9,0.8895033271280315,0.5,0.4807031741550723,0.3,0.26320401779850244,1.0,0.971618695575016,10113.728374612889,-5996.105394758703
14,0.9,0.8920459651047038,0.5,0.4884690047102081,0.3,0.32972606283923356,1.0,1.1384433267430887,10038.264752251958,-5962.353728537993
15,0.9,0.895742646121972,0.5,0.46273896698269384,0.3,0.2598205847911077,1.0,0.9679378055969288,10216.37375925764,-5973.300401544762
16,0.9,0.9016281045207528,0.5,0.49594197044124494,0.3,0.3201668382814895,1.0,1.2010493227877503,9873.21461128802,-5988.440385918646
17,0.9,0.8966095787855478,0.5,0.47250889849471506,0.3,0.32175378188435994,1.0,1.2806371504572909,10049.010855903298,-5972.91474883073
18,0.9,0.8946829457563914,0.5,0.5146365676593775,0.3,0.29445726578969583,1.0,0.9010773181876239,9990.288440454799,-5934.595648505039
19,0.9,0.8942996889214611,0.5,0.5243480109646836,0.3,0.32137350230336414,1.0,1.0208532691353969,9857.089656879187,-5939.774519162342
20,0.9,0.9096483947831493,0.5,0.5014266434012717,0.3,0.293034142690763,1.0,0.915886459180118,9929.905786960797,-5938.561334662609
1,0.9,0.9031640595088647,0.5,0.4644656878165024,0.3,0.31514568843901525,1.5,1.840936906631985,10100.427365625721,-5997.815470919273
2,0.9,0.9075705203698902,0.5,0.538822347141685,0.3,0.2916999291076281,1.5,1.2396707602479917,9944.345257105077,-6005.64423460957
3,0.9,0.8980647375273497,0.5,0.5174682928532901,0.3,0.30477938531898746,1.5,1.3990774007095554,9990.882770848013,-6036.420957460725
4,0.9,0.8998707842073326,0.5,0.49093225472016583,0.3,0.3155187615523766,1.5,1.5740173968987614,9995.676810635985,-6023.36642559828
5,0.9,0.8867541690678009,0.5,0.5074873062882216,0.3,0.30436365379413133,1.5,1.40037120327431,9965.062450251136,-5986.890605281538
6,0.9,0.8935467938119128,0.5,0.5214181488391061,0.3,0.30686209694294836,1.5,1.6167010520183016,9874.43936541184,-6001.842779560435
7,0.9,0.908356427891016,0.5,0.46657991116982717,0.3,0.3488553397549242,1.5,1.9248264716179841,9979.870916229056,-6026.207173057515
8,0.9,0.8970854526981302,0.5,0.4327976993712258,0.3,0.2779527666745801,1.5,1.970486958109553,10266.80785944914,-6097.149868107967
9,0.9,0.8808070363988502,0.5,0.5054775544750938,0.3,0.30546710927034393,1.5,1.5949264402530525,9963.90708846064,-6056.154599370436
10,0.9,0.9001197726484598,0.5,0.4843772971657191,0.3,0.2912468947033239,1.5,1.5434393095594705,10051.460746149158,-5988.580659129316
11,0.9,0.8982834419102357,0.5,0.496686187847471,0.3,0.2801022282827972,1.5,1.3850966229365456,10055.308556615819,-6024.6047150951845
12,0.9,0.9045041616599202,0.5,0.46765169210878355,0.3,0.3037472068735812,1.5,1.5851838573315473,10141.687440044478,-5990.529256942418
13,0.9,0.8793813978893804,0.5,0.5470469502151722,0.3,0.3243695906589617,1.5,1.5177733914398226,9723.145692566583,-6058.1243260651645
14,0.9,0.8964960395084338,0.5,0.504262961202056,0.3,0.2981963121052206,1.5,1.5521692373574414,10020.242345861436,-5977.317000602868
15,0.9,0.8885082323325959,0.5,0.535899815044609,0.3,0.29737504686939265,1.5,1.3013503409286578,9833.179106713304,-6014.026794838017
16,0.9,0.900509051672304,0.5,0.49106007994756684,0.3,0.2720412126193391,1.5,1.447234396052337,10007.179114490842,-5951.299783579061
17,0.9,0.8990445535169431,0.5,0.5067216867567972,0.3,0.3022037744674598,1.5,1.5229438447415171,9980.789003329799,-5990.479135999898
18,0.9,0.896304840089728,0.5,0.49402568571641375,0.3,0.2999286857110267,1.5,1.5536107248201136,10042.35544591355,-5989.5821792582465
19,0.9,0.9020016398112491,0.5,0.4948574048253161,0.3,0.2835915383256809,1.5,1.3850356745989496,10077.902095614334,-6048.156819506012
20,0.9,0.9080449366228548,0.5,0.5012643687326788,0.3,0.27074609199423344,1.5,1.4924259659101056,10108.260712214465,-6013.845149626045
