Sim,F_true,F_est,Nu2_true,Nu2_est,T_true,T_est,M21_true,M21_est,Theta,Loglik
1,0.75,0.7195017897167917,0.1,0.0979971662880626,0.1,0.09382795975694846,0.5,0.41859076968337233,10071.415587888712,-5448.681100647331
2,0.75,0.7490510737032392,0.1,0.0980517549242577,0.1,0.09565661597073012,0.5,0.46207492345203555,10012.88407249977,-5435.613449067305
3,0.75,0.7601795392523965,0.1,0.08434303724849106,0.1,0.08375678104110192,0.5,0.5791809989755516,10144.599807536208,-5470.222570151658
4,0.75,0.7599342753525398,0.1,0.09691925355721222,0.1,0.09919226480503304,0.5,0.5359523661640256,10024.067569181781,-5421.990654602222
5,0.75,0.7430591765635204,0.1,0.10338038624878389,0.1,0.10073290590244778,0.5,0.3020404480683744,10020.047302368208,-5457.244955022734
6,0.75,0.7165573347754387,0.1,0.0914675966686522,0.1,0.09361872006726514,0.5,0.6642835477963314,10094.01701769159,-5444.009956789261
7,0.75,0.7109384193513579,0.1,0.09764230209619551,0.1,0.0960589187236598,0.5,0.35725479479161004,10033.457960435151,-5408.5172677142855
8,0.75,0.7448110178910977,0.1,0.09604046791508489,0.1,0.09493794227759453,0.5,0.4956322091858124,9949.226992456794,-5441.093939907443
9,0.75,0.7469383993882035,0.1,0.09923650939809639,0.1,0.0947859727868574,0.5,0.3965375522981995,10005.267203148771,-5459.925013769357
10,0.75,0.7469328894805367,0.1,0.0996223259879602,0.1,0.09812002393375498,0.5,0.42696605841177004,9988.85266801946,-5415.205616957165
11,0.75,0.7398452826830438,0.1,0.1028506892847279,0.1,0.1021564990355044,0.5,0.40441093298945235,10024.730616253963,-5449.722011278381
12,0.75,0.6974063298374583,0.1,0.09821821168245466,0.1,0.09624970008139824,0.5,0.39529177691925926,9969.01586894937,-5441.517557010224
13,0.75,0.7286026089300275,0.1,0.09871527306298997,0.1,0.09550022593109432,0.5,0.3699083078110741,10101.246644113933,-5440.931877413579
14,0.75,0.7512212409264127,0.1,0.10233715592607116,0.1,0.098616656001182,0.5,0.3372844147095467,10037.132731167767,-5385.566423282857
15,0.75,0.7347705223499341,0.1,0.09602297696808466,0.1,0.09268867697671741,0.5,0.42750338840602514,9990.417162153502,-5428.412194931275
16,0.75,0.7299949607340679,0.1,0.09703598420238158,0.1,0.0994085545445116,0.5,0.6329301584183212,10016.356004207537,-5382.67062840059
17,0.75,0.7382652170944133,0.1,0.09877151236496864,0.1,0.0930484504165491,0.5,0.26243534744497504,9985.806726362425,-5449.890063460676
18,0.75,0.7416771348814886,0.1,0.10409499302186452,0.1,0.09709845857096436,0.5,0.2833018587101943,9954.229907191526,-5460.26744212054
19,0.75,0.7069253383173416,0.1,0.10081365720840924,0.1,0.10157357378913816,0.5,0.6324289352840889,9889.273520384859,-5419.03174305756
20,0.75,0.7603221213524396,0.1,0.09068803036263323,0.1,0.09050916386664354,0.5,0.581813449220521,10069.261145322627,-5459.622530084231
1,0.75,0.7413600011951326,0.1,0.09742603832827937,0.1,0.09790191215706381,1.0,0.8811065690253772,9934.938713524518,-5566.337006002136
2,0.75,0.7224505885235705,0.1,0.10566145818791003,0.1,0.10000708066442608,1.0,0.6935850294111977,9886.356521375928,-5527.345683856183
3,0.75,0.7434284473628837,0.1,0.10672782871244094,0.1,0.09818982720890973,1.0,0.6428226367369758,9929.909857557433,-5499.389234084904
4,0.75,0.7399624563018454,0.1,0.10352949785005756,0.1,0.09443004859451187,1.0,0.5608049980701664,9958.2147031648,-5530.196912033445
5,0.75,0.7217605624381951,0.1,0.09958398930771406,0.1,0.10019747099188131,1.0,1.149111565694111,9968.430161724358,-5564.93129182667
6,0.75,0.7226343679159954,0.1,0.10171587653094767,0.1,0.09844595473785632,1.0,0.8623553045499418,10014.043650650672,-5537.8143080746795
7,0.75,0.7695653035545422,0.1,0.09116022629407486,0.1,0.08982871378131728,1.0,1.1280898651141917,10049.893900476858,-5529.885116256023
8,0.75,0.7591300802153467,0.1,0.09347616185631641,0.1,0.0997151333728183,1.0,1.3860316917109756,9973.416749172518,-5526.079412206262
9,0.75,0.7551873948789273,0.1,0.09525401533355317,0.1,0.09535669831271733,1.0,1.015554310737719,10010.512253867957,-5521.974846577483
10,0.75,0.7137445819226559,0.1,0.10718662724858813,0.1,0.10656058766549677,1.0,0.8165278458442459,9884.283694256941,-5537.941119525647
11,0.75,0.7608422133424125,0.1,0.10590012527969475,0.1,0.10181192409263777,1.0,0.7997379360548855,10000.825743584692,-5541.616951021822
12,0.75,0.7752429473196936,0.1,0.11299954129977226,0.1,0.10811138493837066,1.0,0.6353548341057054,9943.462288628245,-5545.574198827302
13,0.75,0.7441705850668796,0.1,0.09945349932825531,0.1,0.09434842001746525,1.0,0.735724265965667,10030.82478206854,-5567.222806742384
14,0.75,0.7095191550326235,0.1,0.09458193281427549,0.1,0.10341054288027925,1.0,1.4827613783853872,10040.930993997908,-5550.848734188557
15,0.75,0.7246293359677675,0.1,0.09274503015314738,0.1,0.09838028095671128,1.0,0.9489478984091603,10026.558246814297,-5582.913974371818
16,0.75,0.7448734863372619,0.1,0.10171709052803207,0.1,0.10858123394935937,1.0,1.2037142381078092,9928.36865799544,-5545.308217606205
17,0.75,0.7471697043035986,0.1,0.09814185662973247,0.1,0.10186981028301662,1.0,1.2241062563289289,9989.53250135927,-5507.0320759344495
18,0.75,0.764854941515579,0.1,0.10538502679242112,0.1,0.10671430264984846,1.0,0.808734803601289,9889.177498876272,-5541.963647418499
19,0.75,0.7485331244526828,0.1,0.107811682449806,0.1,0.1017706700744523,1.0,0.5876494894585566,9912.085462062194,-5544.3660375925265
20,0.75,0.7317844830661145,0.1,0.10429450576540134,0.1,0.09866690492209922,1.0,0.8154479562434751,9871.842783128362,-5542.426628010366
1,0.75,0.7468140931442508,0.1,0.10197588448347486,0.1,0.10029365009514205,1.5,1.5045967214949187,9954.170886567634,-5592.863833320262
2,0.75,0.7304363036506105,0.1,0.10500390300395351,0.1,0.10537113030929565,1.5,1.5243381692352114,9900.021998319757,-5620.17167601123
3,0.75,0.7064894051611794,0.1,0.1114990229663779,0.1,0.10385957435453451,1.5,1.0191144260726257,9876.453569591768,-5617.065971901591
4,0.75,0.7372950091960331,0.1,0.10334174700012658,0.1,0.10332326391518097,1.5,1.3325452322031115,9984.577404995141,-5642.533666788506
5,0.75,0.7389789634227756,0.1,0.11028192239431642,0.1,0.10589522999103607,1.5,1.1420322434190249,9930.791127976934,-5632.669000574395
6,0.75,0.7369729957050333,0.1,0.1037637367301027,0.1,0.09598521229380186,1.5,1.071717214820747,9999.332887019787,-5629.580839255801
7,0.75,0.7573623294085404,0.1,0.10177348482355078,0.1,0.09915997988139649,1.5,1.227625564287705,10037.827422699036,-5618.08515272088
8,0.75,0.7122317235307792,0.1,0.10466602965131581,0.1,0.10060705100024808,1.5,1.3354387748499161,9937.85545006164,-5581.102649266029
9,0.75,0.7113133770641666,0.1,0.11352452652411833,0.1,0.11113816707226849,1.5,1.3478012803708737,9878.806429916407,-5625.529270893869
10,0.75,0.6989141725314679,0.1,0.09600281895848302,0.1,0.09332644917234201,1.5,1.4702972515486967,9963.538123985694,-5590.864080387632
11,0.75,0.7304789315273857,0.1,0.1060040443890464,0.1,0.10652003423719643,1.5,1.2468800497820367,10003.04764868236,-5646.829715239953
12,0.75,0.7497695477999666,0.1,0.11057802435710769,0.1,0.10712702524854698,1.5,1.402343204480764,9830.954835771669,-5599.150664552108
13,0.75,0.7388600436731712,0.1,0.10599550922670965,0.1,0.10585317243474669,1.5,1.5297836952571844,9925.220371660045,-5638.392242043196
14,0.75,0.7394524156333716,0.1,0.10150351559097552,0.1,0.09264395201818584,1.5,1.0548470332358924,9946.247837022946,-5615.68501261945
15,0.75,0.7425061525619422,0.1,0.0923405664422661,0.1,0.09107569264964437,1.5,1.6070279911633738,10113.034409990838,-5602.899705737588
16,0.75,0.7098960880572102,0.1,0.09019276365776643,0.1,0.0908127120138187,1.5,1.6930051537592194,10095.231285752026,-5607.162033421935
17,0.75,0.7687445577136449,0.1,0.09823865247103394,0.1,0.09676007301477912,1.5,1.4691260819789236,10037.816874138814,-5649.16940207819
18,0.75,0.7866310306426111,0.1,0.09606017058072105,0.1,0.09728512758008338,1.5,1.5273357581215312,10002.709891321856,-5632.667988944033
19,0.75,0.72425983809269,0.1,0.10195910181706161,0.1,0.09872153687575679,1.5,1.2851473907787196,9928.597109094058,-5633.350425136254
20,0.75,0.7223526064279019,0.1,0.08770632890413281,0.1,0.0841891038298116,1.5,1.5330365172658307,10105.264768774034,-5638.901461327169
1,0.75,0.7632970379366466,0.1,0.10475577571287754,0.2,0.20689616448747888,0.5,0.4321323039605657,9966.957179039367,-4590.85055977553
2,0.75,0.7224494854820067,0.1,0.09019821737943573,0.2,0.20605514847924009,0.5,0.6433948312618011,10040.956437201366,-4647.323101181976
3,0.75,0.7326859294709809,0.1,0.0973642641602202,0.2,0.20021052521482696,0.5,0.5506069791959858,9988.501115105986,-4605.3672558285025
4,0.75,0.7598377513691726,0.1,0.09894849247107078,0.2,0.20084093810134637,0.5,0.5696124689836888,9923.965685682648,-4607.224632478508
5,0.75,0.7668836997995934,0.1,0.09151374727678575,0.2,0.18844551127650944,0.5,0.6147986820062197,10035.182826779372,-4619.829555372784
6,0.75,0.7160640146135057,0.1,0.0978605011201628,0.2,0.19944746858778134,0.5,0.4854114086450654,10001.849155505393,-4621.447112894548
7,0.75,0.7482788156854501,0.1,0.10146198768449283,0.2,0.20004011692967996,0.5,0.37084663936411383,10025.47343666899,-4595.613282009852
8,0.75,0.7417584859578926,0.1,0.10444998823414106,0.2,0.20123142557600737,0.5,0.4016376336310912,9898.984810821647,-4603.8566160277005
9,0.75,0.6833926876358024,0.1,0.09378600554192462,0.2,0.19297345239326896,0.5,0.5865513071184562,9914.91423390404,-4560.398830316253
10,0.75,0.7524474892324886,0.1,0.0945243586081699,0.2,0.18721525038613795,0.5,0.513124269803589,10049.697417709604,-4616.650828893594
11,0.75,0.7347361510692687,0.1,0.10347581050182354,0.2,0.19837050387229785,0.5,0.4197871068147079,9999.62619645991,-4628.44104636245
12,0.75,0.7442219293907286,0.1,0.10158477085900927,0.2,0.2063114867698159,0.5,0.5090421547254305,9990.93026844763,-4600.006130945756
13,0.75,0.7191213661588857,0.1,0.09256138644050779,0.2,0.18314205425936625,0.5,0.6168886408807224,10080.476351396695,-4614.431237390932
14,0.75,0.7158064692319832,0.1,0.0980116813131174,0.2,0.17877552451830137,0.5,0.3545014542672954,10070.90119962565,-4629.4584743904725
15,0.75,0.7591086847588473,0.1,0.10022671694059097,0.2,0.1946046415450426,0.5,0.4996830613850556,9994.319907516006,-4600.936059754362
16,0.75,0.7000676929233877,0.1,0.10098385302187625,0.2,0.19640624438573676,0.5,0.4735557652423765,9984.030985700205,-4625.899302319738
17,0.75,0.7645967503244652,0.1,0.08568088189476596,0.2,0.18994654349968293,0.5,0.687753010611003,10031.238798577271,-4636.199768661354
18,0.75,0.7070409308536382,0.1,0.09608191887542986,0.2,0.1972766925077815,0.5,0.44416244280489203,9960.236685940854,-4594.123520847215
19,0.75,0.7585170646559889,0.1,0.1043838716567704,0.2,0.22252375738310828,0.5,0.5839995693014771,9995.593796892083,-4657.399608276395
20,0.75,0.750613257195347,0.1,0.09489658865214083,0.2,0.18664266874595553,0.5,0.42130746958284915,10047.685352785,-4643.171620814333
1,0.75,0.747964221750509,0.1,0.09763164581933646,0.2,0.22779908520873413,1.0,1.16990295652853,9941.935348845709,-4952.095962295645
2,0.75,0.7523794114896539,0.1,0.10375149373503302,0.2,0.20084779342453932,1.0,0.8795168510779756,9950.462987974846,-4980.3094786643
3,0.75,0.7357058800578427,0.1,0.09657742220333003,0.2,0.21189080587983705,1.0,1.037584647999155,9977.770211697427,-4974.753140547805
4,0.75,0.7428306004584663,0.1,0.08973729082922396,0.2,0.22666122990712842,1.0,1.3619154629075212,10002.61166947003,-5004.552957665274
5,0.75,0.7071849158301562,0.1,0.10210654977893337,0.2,0.2086032271038011,1.0,0.881101130659928,9968.676831431316,-4982.208666967328
6,0.75,0.7633167334576427,0.1,0.09461906857657708,0.2,0.20879605226177672,1.0,1.169800642875778,9987.96199145332,-4975.284022559088
7,0.75,0.7340330360587812,0.1,0.09387703887120588,0.2,0.20089975781898695,1.0,1.0697118183945464,10019.67011968718,-5007.145070697857
8,0.75,0.772602202336938,0.1,0.10010610299373858,0.2,0.2077102408591748,1.0,1.1079089942204188,9986.58702783748,-4989.211398680102
9,0.75,0.7290445882146035,0.1,0.11128083939779161,0.2,0.19402579512412152,1.0,0.7251512975481114,9957.461523665208,-4967.169476732872
10,0.75,0.7464007535537612,0.1,0.10927773314077714,0.2,0.19949256707116886,1.0,0.7757771546041243,9899.445043378164,-4978.245458900212
11,0.75,0.7628329548485673,0.1,0.10274599430012823,0.2,0.1980638654521886,1.0,1.0677116138052383,9963.476552574832,-5003.203276302798
12,0.75,0.7418709475498525,0.1,0.0966914348231666,0.2,0.19590828719288708,1.0,1.0750160709955494,10051.540057745977,-4973.7456269480335
13,0.75,0.7698044285913249,0.1,0.09950341474917421,0.2,0.20825072999561697,1.0,1.0227615523463875,10040.020746744738,-4972.20971604208
14,0.75,0.7564783916088794,0.1,0.09536568950909935,0.2,0.17468098270716417,1.0,1.0545297518095733,10058.581323576676,-4995.505916479169
15,0.75,0.7532035804196863,0.1,0.09085514674301641,0.2,0.21753042536132888,1.0,1.3050339634274775,9999.584505637371,-4939.65048962396
16,0.75,0.7389896595245636,0.1,0.09525736068440961,0.2,0.17610131813107988,1.0,0.8503513917756004,10095.105256928653,-4968.981399413232
17,0.75,0.7529854561452266,0.1,0.09563627223149153,0.2,0.20831790166159214,1.0,1.0265702236520333,9963.112540075386,-4930.106560733945
18,0.75,0.7571942011185275,0.1,0.0994990337387349,0.2,0.19723493046755738,1.0,1.016752240563292,10045.906039353613,-4967.991834337305
19,0.75,0.713546256561614,0.1,0.10375903303125027,0.2,0.2025529042092577,1.0,0.8813008205247603,9953.917041759518,-4968.964689114136
20,0.75,0.730214518994027,0.1,0.10133760206289527,0.2,0.1953871174694573,1.0,0.8932048725575862,9945.635164329184,-4981.30579973119
1,0.75,0.7254518811575299,0.1,0.10126989456601554,0.2,0.1781288579347337,1.5,1.2084066065044072,9993.002697307411,-5219.629549478499
2,0.75,0.7728677663724252,0.1,0.09613544048997495,0.2,0.22499201536142932,1.5,1.673712048595346,9947.237455614397,-5239.783675297414
3,0.75,0.7256303293659324,0.1,0.09704700625578214,0.2,0.18724508061611328,1.5,1.5491090830174097,10022.377713418442,-5213.612270507611
4,0.75,0.7660380490583968,0.1,0.09895094284878558,0.2,0.18732043718924704,1.5,1.3891520018036854,10000.509852113639,-5223.9413783743385
5,0.75,0.7410590531108829,0.1,0.1007790827150353,0.2,0.20177650718797494,1.5,1.5148962289676358,9969.098301285241,-5225.228179906804
6,0.75,0.7625192117869958,0.1,0.0973293899309447,0.2,0.20365355524534054,1.5,1.5662699391509063,10006.278041396965,-5206.722443038883
7,0.75,0.7269725886739696,0.1,0.09662111836112203,0.2,0.20542875427290253,1.5,1.6024952305669269,9957.7834769005,-5226.54947183746
8,0.75,0.7521823091849581,0.1,0.09754630737488196,0.2,0.208098737722458,1.5,1.675447947151433,10009.716172975252,-5214.982342616792
9,0.75,0.7388966882587147,0.1,0.09691942899603068,0.2,0.20956026070509126,1.5,1.5850746924608272,9999.389503289302,-5223.396026521567
10,0.75,0.7533805333471366,0.1,0.09690023276353439,0.2,0.19500174277590043,1.5,1.4928816620180378,10069.544350804175,-5221.328720057414
11,0.75,0.7533729833934817,0.1,0.09465407802304329,0.2,0.20448650244022548,1.5,1.6782769308299952,10022.797818844474,-5232.192832854491
12,0.75,0.7290032167144732,0.1,0.0975225785949391,0.2,0.19906562503646097,1.5,1.526726286713454,9991.028556634037,-5227.935198221208
13,0.75,0.7059712670038035,0.1,0.104211793677903,0.2,0.20919248041265312,1.5,1.4140220685642804,9998.678084125931,-5190.03328568112
14,0.75,0.7592880711608587,0.1,0.11424852522022173,0.2,0.21727242883222936,1.5,1.2437486150914279,9924.744509659615,-5225.021109738302
15,0.75,0.7256355444782782,0.1,0.09631597370189407,0.2,0.19742738371324872,1.5,1.5471254240082792,10012.697859566118,-5247.376950954781
16,0.75,0.739019926868573,0.1,0.09358008658494867,0.2,0.2019362130312016,1.5,1.5690453445164434,9983.459660513141,-5185.307869676252
17,0.75,0.7159050833449991,0.1,0.10031769318619976,0.2,0.18593277885730788,1.5,1.4354310441826594,10000.310309669816,-5219.620059944457
18,0.75,0.7630251805439201,0.1,0.09813874737841884,0.2,0.2165275114421473,1.5,1.6361174573702144,10014.120023718495,-5213.28183403836
19,0.75,0.762751229081668,0.1,0.10483749248560084,0.2,0.19667011173184684,1.5,1.2902083182055155,10059.551844580199,-5177.348234539108
20,0.75,0.7176560842012885,0.1,0.09721677001812057,0.2,0.20163672484772754,1.5,1.5023063092644864,10018.096624003703,-5230.918412672542
1,0.75,0.7372098961381887,0.1,0.09919091678456925,0.3,0.32285948459321334,0.5,0.515374762726081,10003.527290591443,-4054.870961826723
2,0.75,0.7509979624925506,0.1,0.09873696122318494,0.3,0.28692253034759096,0.5,0.504725089652118,9978.154356552885,-4092.596666269658
3,0.75,0.7200089465103218,0.1,0.09952280897142758,0.3,0.2865027707939789,0.5,0.43966785612471476,10059.66996803234,-4089.2276655013357
4,0.75,0.7500575151138148,0.1,0.0980427326471323,0.3,0.2922684158155604,0.5,0.4539665408928841,10045.963415726674,-4142.476485673171
5,0.75,0.7302393458528291,0.1,0.09448858962976997,0.3,0.3013647381578045,0.5,0.5417216775603411,10027.300484402997,-4093.432046228737
6,0.75,0.7450195766634483,0.1,0.09937295169744444,0.3,0.30809511016981184,0.5,0.49519596633610435,9957.862518032638,-4094.8476979452325
7,0.75,0.7198430228843291,0.1,0.09800498522859077,0.3,0.2962621107140151,0.5,0.5198186128467749,9934.327044650367,-4089.291557033786
8,0.75,0.7396218186813569,0.1,0.10068166144879032,0.3,0.30499092378231185,0.5,0.5249832512299387,9990.82026858616,-4106.638506457416
9,0.75,0.7557142069862426,0.1,0.09370291165259008,0.3,0.3130293002465384,0.5,0.6192876776676235,10061.046769940736,-4096.83682112096
10,0.75,0.7481928232967981,0.1,0.10584980151165498,0.3,0.3070766925827696,0.5,0.43446544026166295,9926.817137700065,-4091.673950773431
11,0.75,0.7183159074001993,0.1,0.09122932805661442,0.3,0.282717513948712,0.5,0.49462806502707873,10040.962859625432,-4099.51881167118
12,0.75,0.7112989326087146,0.1,0.0904334462935467,0.3,0.29211503958534607,0.5,0.5988059828791995,10088.56960268479,-4122.363833504205
13,0.75,0.7131064946877796,0.1,0.0961120268297023,0.3,0.3177479876410422,0.5,0.5339680634698708,9990.359848400314,-4080.1440311300717
14,0.75,0.7554114042755085,0.1,0.09412555410734977,0.3,0.3066835525982857,0.5,0.5821613866291879,10013.431887243556,-4112.398820089094
15,0.75,0.7329145980102624,0.1,0.09701792125877327,0.3,0.3298098510927739,0.5,0.5785885428473467,9862.939627448448,-4113.982231494558
16,0.75,0.7472528686525437,0.1,0.09859014722692949,0.3,0.30229358949258733,0.5,0.47478504280840095,9977.61156972165,-4073.879867930874
17,0.75,0.7433966869815956,0.1,0.09549636556497214,0.3,0.28402571908648155,0.5,0.4955126306012099,10070.885274975746,-4106.0775583716495
18,0.75,0.7463290853533078,0.1,0.0945593626974838,0.3,0.31974819210382716,0.5,0.5740446764678218,9925.03204523045,-4119.904594560927
19,0.75,0.7740213123789105,0.1,0.09749473987492317,0.3,0.2859560258848206,0.5,0.49026294051875136,10049.362733615602,-4067.605965679317
20,0.75,0.7334328585130968,0.1,0.09487460651308514,0.3,0.3064036109069322,0.5,0.5929850378568581,10085.086239299242,-4098.749799980733
1,0.75,0.7207936052767323,0.1,0.09829521264437027,0.3,0.2929081824246108,1.0,1.0481320612513692,10001.976549352788,-4702.432971506179
2,0.75,0.7484294438520996,0.1,0.09712143478414005,0.3,0.257470437190059,1.0,0.9138305838182491,9995.054133314688,-4668.782871493449
3,0.75,0.735484585636327,0.1,0.0933935887781895,0.3,0.29783735922798005,1.0,1.087961980801064,10059.017184498256,-4712.62721268798
4,0.75,0.7528942525209738,0.1,0.08787101397825106,0.3,0.2746139873661821,1.0,1.1289086811878084,10142.414938504424,-4720.210155385821
5,0.75,0.745030060606566,0.1,0.09927254692638805,0.3,0.2938634198608234,1.0,0.9274585490246585,9937.412265873621,-4731.349479156197
6,0.75,0.7392924959537636,0.1,0.1072520193879636,0.3,0.3087490764690871,1.0,0.8595132591227312,9960.907921432277,-4715.789563191057
7,0.75,0.7487231355095805,0.1,0.09182430744416278,0.3,0.3100087958494613,1.0,1.1242177529138988,9974.977449435386,-4708.699779242534
8,0.75,0.6646471234327198,0.1,0.09790213565413859,0.3,0.272706245816903,1.0,0.9566875588674565,10118.526141295837,-4703.9274284616495
9,0.75,0.7447876203238551,0.1,0.10840493833106388,0.3,0.30528502288965015,1.0,0.9623764141948076,9947.920394552779,-4705.345209163745
10,0.75,0.7173514876530144,0.1,0.0955094648507302,0.3,0.29037038403017296,1.0,1.0935262925793487,10015.147871944888,-4706.6041356008645
11,0.75,0.7236839774698888,0.1,0.10079839439924759,0.3,0.3088433966047984,1.0,0.9873573596853416,9957.563147160876,-4687.981826296293
12,0.75,0.7323768050345137,0.1,0.09829348187041086,0.3,0.29196617567106575,1.0,0.9950393325667682,10020.904000400684,-4730.502768834652
13,0.75,0.7437831536226169,0.1,0.08761162964623764,0.3,0.32868943124106176,1.0,1.2191831831915962,9991.342698498049,-4703.427592868689
14,0.75,0.7397476374832028,0.1,0.0977843682789447,0.3,0.2792630986233473,1.0,1.0052782504521829,10023.732161998878,-4697.976181960451
15,0.75,0.7233166193845985,0.1,0.10015191063786871,0.3,0.2961167465302158,1.0,0.9450293621067213,10007.078046109365,-4726.986433094659
16,0.75,0.7247471119836568,0.1,0.09207573368906544,0.3,0.2901339663888919,1.0,1.0710479270965494,10070.48823588897,-4704.151806994585
17,0.75,0.7581647108070347,0.1,0.09381837373403794,0.3,0.2698168527181324,1.0,0.9484307336483285,10009.062961144138,-4661.885704785478
18,0.75,0.7227705503725247,0.1,0.09605464711553739,0.3,0.25756204860483806,1.0,0.9210668467611756,10086.774963119768,-4728.306036966827
19,0.75,0.7498965112742005,0.1,0.08508661816672844,0.3,0.291113385116585,1.0,1.278127171835624,10046.3133802425,-4684.816923745339
20,0.75,0.7439716766267417,0.1,0.10293209695100457,0.3,0.30017509180345225,1.0,0.9416446165362731,9943.719918558882,-4720.594738786494
1,0.75,0.7541296257830575,0.1,0.10223748227704355,0.3,0.31167567091447607,1.5,1.471257196549412,9971.674395086062,-5046.02380713586
2,0.75,0.7350369180905201,0.1,0.0880939864031481,0.3,0.3436253474221814,1.5,1.7553461045790482,9989.436675408568,-5089.028220905271
3,0.75,0.7565242658069349,0.1,0.09704830981623982,0.3,0.29418088490060484,1.5,1.5246541564061966,9981.558041501348,-5016.992268245897
4,0.75,0.7451620687456844,0.1,0.09808975193472085,0.3,0.2890181491200426,1.5,1.5009098523028306,10095.884161402722,-5032.19940587473
5,0.75,0.7515907776352606,0.1,0.09322322869005818,0.3,0.2929880926792432,1.5,1.5589640976298824,10114.386011473485,-5034.7274331626595
6,0.75,0.7195229107874896,0.1,0.1063770063159306,0.3,0.33283578133845043,1.5,1.4291245188366382,9851.342324678866,-5063.313599392963
7,0.75,0.7267310856651328,0.1,0.10455786243332986,0.3,0.2716444472964694,1.5,1.3733459733666307,10027.993845579147,-5094.281047705808
8,0.75,0.7225960948184555,0.1,0.0940583888151753,0.3,0.30723325835020504,1.5,1.6664526199934455,10011.718053113918,-5088.229229233153
9,0.75,0.7516012671266029,0.1,0.09979835488675066,0.3,0.2650249400483584,1.5,1.381066381457877,10094.301394045178,-5041.111537769513
10,0.75,0.7570509726111062,0.1,0.0960662374479836,0.3,0.2694102992145381,1.5,1.5180808046402159,10120.843047439403,-5017.814832003971
11,0.75,0.763743866194388,0.1,0.10039436398483981,0.3,0.3091545156165335,1.5,1.4674980492921668,9933.693734532073,-5069.568141073855
12,0.75,0.7656709616217251,0.1,0.09920502408184843,0.3,0.35997866208780205,1.5,1.6371368387180745,9939.408817155414,-5098.099439752454
13,0.75,0.7464031516141825,0.1,0.09681391134833503,0.3,0.3046276916414006,1.5,1.512080401147141,9950.728271672053,-5026.590265764213
14,0.75,0.6922066305075737,0.1,0.10212572155493378,0.3,0.2819845644222053,1.5,1.3515315180353862,9923.236301885408,-5020.318109921167
15,0.75,0.7501108996158103,0.1,0.09240137134720787,0.3,0.29796471036384853,1.5,1.5750469481698293,10030.976705926305,-5070.964562155654
16,0.75,0.7072721524784958,0.1,0.11247422483083151,0.3,0.26900468741989286,1.5,1.1264302263111894,9956.151507441475,-5090.247089366246
17,0.75,0.7178100135696521,0.1,0.094300206599085,0.3,0.3085998471012477,1.5,1.5540098471772477,9982.827202742897,-5060.674304792916
18,0.75,0.7397944905816164,0.1,0.10674862978537307,0.3,0.31076653114428426,1.5,1.3448582481258442,9908.453646381284,-5059.176219819259
19,0.75,0.7848931949760097,0.1,0.10353839004402246,0.3,0.32707250603181987,1.5,1.494755340620563,9929.558119272953,-5076.411084852233
20,0.75,0.7225293045187692,0.1,0.09317979416390991,0.3,0.3398386070659645,1.5,1.664694383036047,10030.031897294219,-5015.946439725967
1,0.75,0.7377528643580947,0.25,0.2479798068854366,0.1,0.10030912186569638,0.5,0.43553334109123687,9908.557230582293,-5855.803251950536
2,0.75,0.7541235848467267,0.25,0.22980084750711186,0.1,0.09676134025936592,0.5,0.8234465888358192,10077.311211896518,-5855.969145186291
3,0.75,0.681174269774863,0.25,0.25313081044330193,0.1,0.10297256212467351,0.5,0.3691626976128324,9950.877468919438,-5896.899901483157
4,0.75,0.7399404122918446,0.25,0.24340587550879653,0.1,0.09702121874202176,0.5,0.33899855223301384,10040.645991579713,-5863.5514800630535
5,0.75,0.7314804353423761,0.25,0.246126564528066,0.1,0.09842002698273161,0.5,0.4896168130485542,10037.754293275671,-5846.463912355742
6,0.75,0.7625316653807971,0.25,0.25862606048459585,0.1,0.10238028445506184,0.5,0.4051371645782985,9915.968857691301,-5819.206095479156
7,0.75,0.7720892503765349,0.25,0.26910484813672186,0.1,0.10282382399636426,0.5,0.3310055717817645,9894.00590385037,-5868.415256370761
8,0.75,0.7726386103829419,0.25,0.24312525611466573,0.1,0.09504547524133734,0.5,0.2708853404287961,9936.345620946657,-5823.019767950089
9,0.75,0.7229770217520752,0.25,0.23945585923029378,0.1,0.09731576838640005,0.5,0.6421346115308255,10047.4344889479,-5865.528077579058
10,0.75,0.7708909987488193,0.25,0.22979260294105178,0.1,0.09703471665362079,0.5,0.5872878592956345,10065.471809477296,-5848.786677018679
11,0.75,0.760645193836739,0.25,0.2490961516139303,0.1,0.10068601953278238,0.5,0.4973858067683883,9974.95819202305,-5842.32648421281
12,0.75,0.7298620099814853,0.25,0.23183444849327325,0.1,0.09507957940969392,0.5,0.46285929656570424,10044.552725947347,-5845.730074792575
13,0.75,0.7356833752615911,0.25,0.24479411018245215,0.1,0.1025836457304592,0.5,0.6344115962846975,9970.147413338742,-5831.916657168484
14,0.75,0.7224195172643916,0.25,0.25628586863617214,0.1,0.10667538232704321,0.5,0.6635187102934254,9959.969467632392,-5841.934150652607
15,0.75,0.7281926693315868,0.25,0.2376714691992464,0.1,0.09737731722940506,0.5,0.6022642351386432,9952.881752625457,-5815.1978057346805
16,0.75,0.738649436858896,0.25,0.23984943397342823,0.1,0.09372384451761476,0.5,0.31710219997553557,9999.525011980093,-5837.69487084781
17,0.75,0.7450573313291703,0.25,0.2599996859902518,0.1,0.10841865571790617,0.5,0.549061750763053,9929.331955023437,-5863.972687146337
18,0.75,0.7421826340871753,0.25,0.2516294689358118,0.1,0.10488511121605647,0.5,0.7135025049480217,9995.27119667765,-5834.80514044005
19,0.75,0.7443381296761644,0.25,0.24139403253019573,0.1,0.10041813204556625,0.5,0.68610372724327,9996.817293667733,-5888.646008635432
20,0.75,0.7510962924798984,0.25,0.2337063793839426,0.1,0.09515858925312425,0.5,0.3334966334023945,10046.84478730316,-5881.255652987897
1,0.75,0.7651733472936891,0.25,0.24165292396612492,0.1,0.09390539464203636,1.0,0.7531086681185625,10095.917092253669,-5850.783367610085
2,0.75,0.7453386020196169,0.25,0.24269286326625522,0.1,0.09472764612345191,1.0,0.9036819064977261,10063.242063557485,-5857.9739047162475
3,0.75,0.7616818894699772,0.25,0.2453422340600795,0.1,0.10237281269596174,1.0,1.0598464871849358,9954.750521131804,-5864.746382659698
4,0.75,0.7626907455205046,0.25,0.24465005175120352,0.1,0.09542279235638441,1.0,0.7879982719172903,10051.49209871043,-5867.664781279326
5,0.75,0.7645954198453097,0.25,0.24536815171186843,0.1,0.10274673357525846,1.0,1.2312605170820214,10017.932188115235,-5895.29169687003
6,0.75,0.7337965989961995,0.25,0.25513292534786625,0.1,0.10410275924874073,1.0,1.1448225288041463,9968.827351839187,-5878.9722588185705
7,0.75,0.7665358344478518,0.25,0.24832751424582358,0.1,0.1000649109259083,1.0,0.8345128773523757,10021.958491973668,-5878.336614360061
8,0.75,0.752908980317809,0.25,0.2311106904296874,0.1,0.10211401214216913,1.0,1.4502879196338576,10009.104107991065,-5879.277450999449
9,0.75,0.7484192507336258,0.25,0.243124196855054,0.1,0.10050895902701681,1.0,1.0226416597158585,9944.19503378623,-5869.50371919156
10,0.75,0.7505363234076706,0.25,0.2518095494164998,0.1,0.09611681777582287,1.0,0.6927581140593788,9931.306715620965,-5855.676054988977
11,0.75,0.7363695956350257,0.25,0.24757000711114568,0.1,0.09588740925941378,1.0,0.9848710997988898,9982.209564218902,-5852.150654792679
12,0.75,0.7547747351407248,0.25,0.25110145208795975,0.1,0.09385420156291088,1.0,0.5301279754136493,9977.090214094436,-5828.762385145221
13,0.75,0.7614978833214484,0.25,0.2361577454113907,0.1,0.09092646054339656,1.0,0.9119934926606453,10094.55493367783,-5848.252134164544
14,0.75,0.7490390516597699,0.25,0.2368324645948739,0.1,0.09761031188825844,1.0,1.0450875808221007,9992.58686777333,-5879.185323744374
15,0.75,0.725634597304462,0.25,0.25326304403659783,0.1,0.10204571506477723,1.0,0.9545399100616233,9982.825395973976,-5858.107703205904
16,0.75,0.7457267438899511,0.25,0.2544149498057592,0.1,0.10108452007466998,1.0,0.9376089146612063,9999.199907235099,-5861.774491271119
17,0.75,0.7596432841541405,0.25,0.24599175630425238,0.1,0.10388003078958374,1.0,1.0868659094283517,10057.194527914631,-5859.257863735956
18,0.75,0.7555460401614773,0.25,0.24473775204307724,0.1,0.09909041431981354,1.0,0.9556683392260563,10010.571340450979,-5828.94919157945
19,0.75,0.7523459647365579,0.25,0.23902035828587606,0.1,0.09627903628538753,1.0,0.7578844207501697,10046.243910830823,-5824.887490255485
20,0.75,0.747328259827991,0.25,0.27807824144761695,0.1,0.10434711890878746,1.0,0.6528115684946987,9913.84528746124,-5858.82554400176
1,0.75,0.7110526811580677,0.25,0.26378459274224136,0.1,0.1041227762469977,1.5,1.5078497006355869,9847.664667956531,-5871.785618797796
2,0.75,0.7363290267290016,0.25,0.24589921071645796,0.1,0.10104603835802027,1.5,1.53605720290647,9954.582462573348,-5840.417422468483
3,0.75,0.7205763098427707,0.25,0.26636920976253264,0.1,0.09682354440827841,1.5,0.8452594248722183,10050.181830937017,-5898.564300534313
4,0.75,0.7587932002639924,0.25,0.2347656228753244,0.1,0.10562932480665545,1.5,2.0276300488892973,9982.053119561788,-5879.045815457797
5,0.75,0.7434534713588503,0.25,0.2555105102123602,0.1,0.09903141958233315,1.5,1.3045039705406019,9961.830619392827,-5861.79758582191
6,0.75,0.7532134024631175,0.25,0.2465311263791156,0.1,0.10526010734141573,1.5,1.742188138394411,9967.569975102855,-5850.938249402148
7,0.75,0.7143382847116976,0.25,0.2671170623142556,0.1,0.10897262645994814,1.5,1.5243642877650683,9860.696511001806,-5884.931802530229
8,0.75,0.7393635056177201,0.25,0.2597125951420472,0.1,0.10426983511974099,1.5,1.5291853476525252,9923.276393328068,-5866.780740732646
9,0.75,0.746948308349587,0.25,0.24580006468508445,0.1,0.09649515278131764,1.5,1.396531390665109,9986.247519121853,-5837.646122080103
10,0.75,0.7493415515216449,0.25,0.254010081781927,0.1,0.10195117849911171,1.5,1.4811929186659414,10031.960064318115,-5887.630679865749
11,0.75,0.7565436325499365,0.25,0.2498926871256612,0.1,0.0982394556962993,1.5,1.4870432016690995,9967.328728817074,-5850.985167598798
12,0.75,0.7123904181873166,0.25,0.26507829058512317,0.1,0.09633770783663975,1.5,0.7751335232127506,9874.029273538477,-5891.325555827185
13,0.75,0.7538569533832837,0.25,0.2546450427396528,0.1,0.10327708931398714,1.5,1.6520205966151154,9933.29970807668,-5857.066067108212
14,0.75,0.7557826791708313,0.25,0.24136942780558612,0.1,0.10455759125322955,1.5,1.770537288913208,10031.279530233407,-5856.511236023371
15,0.75,0.7525384730748192,0.25,0.22774226352651816,0.1,0.09907782712991232,1.5,2.168996107887881,10053.49128791036,-5888.448399011702
16,0.75,0.7535673242846898,0.25,0.22413761874304045,0.1,0.1007857893948942,1.5,2.1175523323950602,10033.185632613931,-5805.6202354250845
17,0.75,0.7484372988343,0.25,0.2636757588688043,0.1,0.10253414603513045,1.5,1.273862152233979,9948.242519327821,-5807.891678377571
18,0.75,0.7154425014944186,0.25,0.26089398897428856,0.1,0.09731858524761985,1.5,1.0290202292510207,9854.106200612981,-5874.571313117165
19,0.75,0.7539463997323493,0.25,0.25166337220462215,0.1,0.09203473166482366,1.5,0.9202640577643597,10069.825150192399,-5857.013966404247
20,0.75,0.753990994057636,0.25,0.24015467886803357,0.1,0.09848339287988862,1.5,1.639859062888159,10053.38723768488,-5872.93835939065
1,0.75,0.7458898344678879,0.25,0.25590808280403515,0.2,0.21411719207388435,0.5,0.47013026402260943,9982.534930176864,-5751.730054205811
2,0.75,0.7518117042252895,0.25,0.23975778386437654,0.2,0.2013397667104279,0.5,0.698629325356252,10099.210127484557,-5750.661427158308
3,0.75,0.7377715074229054,0.25,0.24398671541687894,0.2,0.19740218373074433,0.5,0.47284398982275283,10094.266875596288,-5686.230587312378
4,0.75,0.745015991259381,0.25,0.24481944122437263,0.2,0.18798907025942166,0.5,0.3997885812766213,10045.982661807542,-5730.134150789437
5,0.75,0.7517896410255219,0.25,0.2490639310595896,0.2,0.21811781745329684,0.5,0.6664150207655009,9904.487581260963,-5731.7124687705855
6,0.75,0.7489596377901133,0.25,0.25316270081776265,0.2,0.21955910364107536,0.5,0.6604788761601743,9897.790647044601,-5748.199969000094
7,0.75,0.7435541161174946,0.25,0.24805893532227705,0.2,0.19813548238839274,0.5,0.46240597313858744,9939.809505598356,-5730.28269395377
8,0.75,0.7512393443283292,0.25,0.26247803848059,0.2,0.20742745338556337,0.5,0.3742479315575479,9925.17210532661,-5730.12796367696
9,0.75,0.7401650349762766,0.25,0.2515201276030731,0.2,0.20175743902814228,0.5,0.470272474298977,10005.063239714313,-5717.435128954283
10,0.75,0.758428115305953,0.25,0.24623619559658771,0.2,0.18358459538433294,0.5,0.3218856967780608,9962.768340883953,-5731.29939842288
11,0.75,0.7219965043796546,0.25,0.24222366842008752,0.2,0.20704995399250978,0.5,0.5897122915838109,9935.865233127153,-5700.091048009436
12,0.75,0.7743256802503623,0.25,0.24271843530326642,0.2,0.20315083403677814,0.5,0.6435638571808611,9911.432017453011,-5760.1451025610795
13,0.75,0.7445954617643188,0.25,0.2406114356893658,0.2,0.19716379232555276,0.5,0.5022836555840781,9984.490826643543,-5704.224672021347
14,0.75,0.7484142505003495,0.25,0.24616031090369073,0.2,0.19508753645558,0.5,0.46850250696398704,9961.545798338231,-5731.080908111558
15,0.75,0.7744073050729993,0.25,0.2564203666189021,0.2,0.20034519309569046,0.5,0.45156537589724416,10015.457313268407,-5740.351294751186
16,0.75,0.723667582785069,0.25,0.25330980798598696,0.2,0.20333083239008995,0.5,0.48351738002384126,9912.60888347721,-5702.4801470165785
17,0.75,0.737964675768451,0.25,0.23871444934610672,0.2,0.19658129336653482,0.5,0.578258234132581,9985.095163663713,-5717.743028902734
18,0.75,0.7526653352451379,0.25,0.2572698763333941,0.2,0.19605890786524008,0.5,0.4035303094751814,9919.140186726918,-5718.361202460279
19,0.75,0.7248081031799746,0.25,0.23366446296877413,0.2,0.19686058742123694,0.5,0.6738529400472048,10099.053279468868,-5773.4121711099015
20,0.75,0.7248508787968744,0.25,0.24087092752048242,0.2,0.19084866854098037,0.5,0.5239491762197611,10042.592654592818,-5752.604606005154
1,0.75,0.7297487945135513,0.25,0.24734711769141687,0.2,0.18878402066523958,1.0,0.9767681224489292,10013.01365111699,-5839.739895097704
2,0.75,0.726240366873952,0.25,0.236455667812378,0.2,0.204139380741473,1.0,1.3215031689572523,10009.785862869432,-5853.502671844687
3,0.75,0.7400521712182053,0.25,0.2340184756273588,0.2,0.17582020478418064,1.0,1.0392729363239226,10163.15382059425,-5856.713591925984
4,0.75,0.7421090106682238,0.25,0.2688372637693607,0.2,0.2018375148420384,1.0,0.7682659621308876,9919.064421279414,-5838.284269093523
5,0.75,0.7345502880986104,0.25,0.2385515339854152,0.2,0.1833811253402759,1.0,0.9654156351225772,10037.582503325099,-5876.541014326997
6,0.75,0.7372745839804514,0.25,0.25914679202217505,0.2,0.22196408613067486,1.0,1.0935611249687256,9871.391242721593,-5896.679019322082
7,0.75,0.7352779707851685,0.25,0.27308476598442444,0.2,0.190699499562366,1.0,0.7319117603758102,9938.099293299862,-5846.72304074999
8,0.75,0.7480357574689473,0.25,0.2354359360461534,0.2,0.19279729738631105,1.0,1.047039047226047,10038.40800458729,-5806.523606803614
9,0.75,0.7380362307793221,0.25,0.23888602006739185,0.2,0.21756367319495176,1.0,1.213739373149794,10045.924147107498,-5853.419857351611
10,0.75,0.7730273825275288,0.25,0.262409443887129,0.2,0.19622971001147224,1.0,0.8210105041807716,9975.27276146123,-5826.337326879359
11,0.75,0.7605685400839197,0.25,0.23653527900612062,0.2,0.18672049496495569,1.0,1.1148992698423195,10111.67417692103,-5888.191064761284
12,0.75,0.7218265062937825,0.25,0.25070459330382355,0.2,0.18817324879401248,1.0,0.8113730293629929,10042.627408154729,-5855.998211211052
13,0.75,0.72984592066571,0.25,0.2767667711936851,0.2,0.2251835989589793,1.0,0.8637786918485636,9771.641841786073,-5883.439113551058
14,0.75,0.7434645765579009,0.25,0.24899770040784416,0.2,0.2159314164623623,1.0,1.1127977849007213,9936.747743918775,-5844.92664839818
15,0.75,0.7592069262952055,0.25,0.23934335105538568,0.2,0.20581803625593018,1.0,1.2221853473326962,9955.81912092685,-5837.269769210588
16,0.75,0.751233751348242,0.25,0.2796739181376472,0.2,0.2081664440481166,1.0,0.6557914960848563,9868.797636203635,-5875.289908798713
17,0.75,0.6984296736007589,0.25,0.25041238665791266,0.2,0.19978662749248655,1.0,0.9197630237490161,10024.497281761165,-5876.774288934215
18,0.75,0.7531905720356968,0.25,0.2338746975334316,0.2,0.2036276720748946,1.0,1.251361259403877,9973.996007040298,-5854.560821617769
19,0.75,0.735271914270553,0.25,0.26833130985547954,0.2,0.21338613191803027,1.0,0.9752427917330514,9927.173524259553,-5849.005629231961
20,0.75,0.7571842300494727,0.25,0.2514749686739537,0.2,0.1999093021991103,1.0,0.916010446153984,10094.442307842972,-5851.505155332507
1,0.75,0.7515433012651859,0.25,0.2502116076325506,0.2,0.1976869277721316,1.5,1.498317673450377,10022.71880837404,-5923.56863742192
2,0.75,0.736889570190677,0.25,0.2364010247549881,0.2,0.215775064823078,1.5,1.8788626581592769,9956.918620101003,-5923.279862153746
3,0.75,0.7006392927016734,0.25,0.23791123836280753,0.2,0.19945024827017213,1.5,1.725765718149364,9988.13970696307,-5944.472173140555
4,0.75,0.760327250184157,0.25,0.2591104065856662,0.2,0.1841279502412577,1.5,1.1299296386440547,9980.871467607756,-5957.225151607556
5,0.75,0.7596770836751573,0.25,0.256105604866844,0.2,0.18295933998421973,1.5,1.3656911885140226,10060.426281629643,-5957.5058404844285
6,0.75,0.7660408950164054,0.25,0.2495524344691434,0.2,0.1909745331081699,1.5,1.5071313093480876,9949.270804765634,-5905.977734381408
7,0.75,0.7433444984858106,0.25,0.23955682783196866,0.2,0.19923403360099057,1.5,1.467739165505039,10003.353211306901,-5908.918335211694
8,0.75,0.7349234038035162,0.25,0.24488996046856792,0.2,0.20251521506023912,1.5,1.6062180684559186,9939.837149401916,-5921.010214231488
9,0.75,0.7478965697996263,0.25,0.24597045880677335,0.2,0.20843554090018898,1.5,1.5952503548000863,10001.428855268829,-5894.828189462969
10,0.75,0.7494901254180382,0.25,0.25644978873894503,0.2,0.19697378956590855,1.5,1.4070782933714314,10000.060341669923,-5876.554656984015
11,0.75,0.7461306420353726,0.25,0.25524294368978506,0.2,0.19969941529706597,1.5,1.4443703329636464,10014.127135835533,-5934.095479744431
12,0.75,0.7208791766484374,0.25,0.2493694363358077,0.2,0.20081167426640123,1.5,1.389150934150706,10014.175684572147,-5899.972705171819
13,0.75,0.7306029303402657,0.25,0.2557275908786173,0.2,0.19707699566915937,1.5,1.4419386698277163,9942.493921586089,-5896.97037644685
14,0.75,0.7650764834639296,0.25,0.26644937070260055,0.2,0.20823421271787665,1.5,1.2800478279432972,9865.355458607415,-5921.11295486218
15,0.75,0.7281440968015039,0.25,0.23501495210049597,0.2,0.20651256727525974,1.5,1.6965075982744529,9940.27773604034,-5912.436345927925
16,0.75,0.7313984552117784,0.25,0.2590422039266025,0.2,0.19454687690209893,1.5,1.3661375016385866,10013.258919376713,-5922.90134912473
17,0.75,0.7296244436501066,0.25,0.24566856885815347,0.2,0.20452023618539902,1.5,1.5716576870050178,10013.403172104545,-5887.346060368523
18,0.75,0.7228603028166636,0.25,0.23364620132814845,0.2,0.1746355664140462,1.5,1.3883994757798546,10164.185781391352,-5974.197546526464
19,0.75,0.7474479824043854,0.25,0.2606356974188874,0.2,0.22126643827371506,1.5,1.463457625118735,9857.54178262913,-5961.999217859162
20,0.75,0.7494961133712078,0.25,0.24336910233857958,0.2,0.2153910871790734,1.5,1.6999933834797187,9980.434662744177,-5910.862079325645
1,0.75,0.7388961371917544,0.25,0.24963188943072617,0.3,0.27841448676635805,0.5,0.4260293219216302,10055.987989981977,-5462.278282181817
2,0.75,0.7349486633127821,0.25,0.24357481350484905,0.3,0.3170202660584521,0.5,0.609352123240034,9885.723072073575,-5455.960560866824
3,0.75,0.7203287211301463,0.25,0.24952947074321247,0.3,0.30862478196243104,0.5,0.5460996683378668,9960.84861511212,-5457.37211816329
4,0.75,0.7487652735662661,0.25,0.26940059744846345,0.3,0.3422218682833859,0.5,0.5323993036370537,9787.055883091958,-5499.981479963044
5,0.75,0.7614590878485343,0.25,0.2483957686218241,0.3,0.3263418181138015,0.5,0.6263884762691664,9985.421400341556,-5460.494482001541
6,0.75,0.7529013017203954,0.25,0.2438531049474775,0.3,0.2784130892366271,0.5,0.4722813658327422,10130.260420530758,-5469.2836577112175
7,0.75,0.7513903951847388,0.25,0.23788484109225574,0.3,0.3039782470785355,0.5,0.5594782330510113,10087.219588006532,-5450.757623383222
8,0.75,0.7067605904614601,0.25,0.2458929223577292,0.3,0.3052718402640599,0.5,0.5111590224900121,9974.911340552822,-5480.465049960505
9,0.75,0.7254149900998536,0.25,0.25629364763855345,0.3,0.2970614278640768,0.5,0.47250093874890187,9997.751540084306,-5462.6288367202815
10,0.75,0.6905094416615906,0.25,0.2411866227059386,0.3,0.3074794351384451,0.5,0.6182913609215662,9997.59987129807,-5449.203323526119
11,0.75,0.7071848861189252,0.25,0.23245235438281053,0.3,0.29772660651684035,0.5,0.6336858083793508,10008.971459630455,-5488.474425383649
12,0.75,0.7679052410005642,0.25,0.2532582382613452,0.3,0.29912544565118687,0.5,0.48352409310575334,10013.825749497862,-5492.271583666061
13,0.75,0.7788940273884251,0.25,0.25645373812428385,0.3,0.30945121379955837,0.5,0.5444104804194355,10005.23356514234,-5469.9399184959275
14,0.75,0.7354459301498578,0.25,0.2351210617990928,0.3,0.3007250161019985,0.5,0.5828507426040183,10085.16400702067,-5488.089016894761
15,0.75,0.734846062403397,0.25,0.2452148676859785,0.3,0.30825106303850336,0.5,0.5268543531326814,10057.00703799023,-5472.494715290568
16,0.75,0.7722606669417853,0.25,0.2572333325578561,0.3,0.31462811686823045,0.5,0.4229705147008039,9967.000690201548,-5470.5133744909
17,0.75,0.7348443535242687,0.25,0.2632642585500499,0.3,0.28548933906780966,0.5,0.3821126061286829,10007.45494628976,-5475.297625159493
18,0.75,0.7262916140082837,0.25,0.2511810254596733,0.3,0.2977284007000822,0.5,0.49508263191453483,10003.742729693815,-5471.003456929804
19,0.75,0.7360155667583924,0.25,0.25883139674084993,0.3,0.2944782462008935,0.5,0.40355827088074975,9926.655271717817,-5481.90702255619
20,0.75,0.7406481789181645,0.25,0.24978127420933247,0.3,0.28624973130089315,0.5,0.4624103399901452,10024.39537301714,-5454.498243375447
1,0.75,0.7590816073185223,0.25,0.2526437336778198,0.3,0.3210979983384029,1.0,1.0588582863979554,9901.066006340954,-5681.211113512154
2,0.75,0.7406972088458523,0.25,0.25848041234091645,0.3,0.2769756566009744,1.0,0.9607452147544133,9961.49251427142,-5719.29723123813
3,0.75,0.7361676531846886,0.25,0.23898725203051607,0.3,0.2856106192530084,1.0,1.0021883262823081,10054.21655883199,-5664.774556301137
4,0.75,0.7530213872265509,0.25,0.24079111464941227,0.3,0.3204266744812917,1.0,1.1459780464427538,9999.96170871388,-5700.443597727476
5,0.75,0.7465139377857992,0.25,0.2502300955120928,0.3,0.2970649775558885,1.0,1.0073177479524287,9991.588700800392,-5699.726031921496
6,0.75,0.7230543342250287,0.25,0.24984355477847117,0.3,0.3165483081214926,1.0,1.0756519120533135,9991.263652635704,-5697.743153810492
7,0.75,0.7452900397063071,0.25,0.2340598311018939,0.3,0.2877413814575421,1.0,1.0883827719871513,10081.85026097744,-5696.643706659302
8,0.75,0.7422981465333851,0.25,0.24022381707814397,0.3,0.29102364144463844,1.0,1.0413805547003323,10125.557584732724,-5715.556650865432
9,0.75,0.7317079047148172,0.25,0.2389218662690197,0.3,0.29757860618828563,1.0,1.0860389138540119,10014.872049258254,-5687.695390820731
10,0.75,0.7244041002910849,0.25,0.2260911528397641,0.3,0.3172752119789201,1.0,1.3269818673148117,10038.022808602389,-5715.600461494605
11,0.75,0.7366733257150602,0.25,0.2571071755794265,0.3,0.2943554427765234,1.0,0.922711758612238,9927.165987263974,-5702.378916775933
12,0.75,0.75799876372786,0.25,0.2455474086688403,0.3,0.298694739674881,1.0,1.0125103646201556,10093.72981580365,-5711.876719323562
13,0.75,0.7225993855664894,0.25,0.24555855235084503,0.3,0.29697932198226706,1.0,1.0932704836083016,10009.016259089307,-5759.1082264775505
14,0.75,0.7537650928974605,0.25,0.2493766576542952,0.3,0.30797867079657004,1.0,1.0195640838215845,9959.115872008791,-5720.356256840045
15,0.75,0.7396880178258377,0.25,0.26455276270600675,0.3,0.30539959398698213,1.0,0.9151408047724285,9951.498294077837,-5695.990708375407
16,0.75,0.7098187085614034,0.25,0.2333116325585027,0.3,0.3109471946718044,1.0,1.1277067112818868,10052.597862290715,-5684.086990118049
17,0.75,0.7174987790819631,0.25,0.2542799451266689,0.3,0.319297855085584,1.0,1.014877938906338,9885.263920937414,-5666.695684292273
18,0.75,0.7346428404182908,0.25,0.2269786001783751,0.3,0.275733505931568,1.0,1.0793437205538399,10160.068651549505,-5699.323910067729
19,0.75,0.7710035038089311,0.25,0.2473957080143237,0.3,0.2773536014419147,1.0,0.9694038784996133,10040.109496530604,-5682.3860310396685
20,0.75,0.716669940435428,0.25,0.2450223566145484,0.3,0.3073066833397178,1.0,1.1000374202350787,9990.35573571407,-5682.637314002814
1,0.75,0.7496198907385789,0.25,0.23686825856687752,0.3,0.31229533489877326,1.5,1.6733177466862095,10041.091633353064,-5841.796312836945
2,0.75,0.7336852350440322,0.25,0.2503044536968964,0.3,0.2951193574607992,1.5,1.374027831428253,10053.264228022948,-5840.229252066067
3,0.75,0.7312380355135045,0.25,0.2585574656016536,0.3,0.2845843213862232,1.5,1.3501213137126271,10053.602934456923,-5820.243794630994
4,0.75,0.7260660117314824,0.25,0.23277177642016844,0.3,0.2911901719946027,1.5,1.6586957999948235,10010.050909867494,-5819.037111831305
5,0.75,0.7432563554504201,0.25,0.2578308086434504,0.3,0.2966372347560928,1.5,1.368906999667923,9905.907343387724,-5798.506926477536
6,0.75,0.7515958387431889,0.25,0.2435739500592073,0.3,0.3099067876436868,1.5,1.583162723449013,10015.320674758676,-5838.571870948284
7,0.75,0.7636396498973703,0.25,0.24377878800529404,0.3,0.28777675700356004,1.5,1.5231676339180529,9939.987208197374,-5791.612534028329
8,0.75,0.7323297793362482,0.25,0.24355087237790185,0.3,0.3125297060541647,1.5,1.5151919024137892,10044.537331531277,-5854.007406436242
9,0.75,0.7547490562847319,0.25,0.23772876533541693,0.3,0.2990227313010567,1.5,1.5332265852953177,9983.591749596797,-5814.18256351699
10,0.75,0.717486807929701,0.25,0.24753574062300662,0.3,0.29990322897718447,1.5,1.541788635045804,9964.43015222825,-5854.119064298114
11,0.75,0.7426286840316052,0.25,0.25057649778080504,0.3,0.2764561841429604,1.5,1.3947142849897471,10008.146089997155,-5844.608728253216
12,0.75,0.7392954934946172,0.25,0.24640128931952396,0.3,0.3161911137839567,1.5,1.5676919186765423,10008.757744129527,-5796.911430933725
13,0.75,0.7374086200332681,0.25,0.24222518987060118,0.3,0.31134078056060127,1.5,1.5975712798283805,9966.15755177672,-5828.725927068979
14,0.75,0.7315270912067029,0.25,0.24561974322216504,0.3,0.31086243876678155,1.5,1.570375626699013,10008.18241362067,-5826.423724020089
15,0.75,0.7487659760094187,0.25,0.23868952290462817,0.3,0.30713154940883464,1.5,1.6262706528679407,10049.028779627357,-5839.292584858925
16,0.75,0.7447327144034028,0.25,0.23965154815739945,0.3,0.33912845348360166,1.5,1.6430122939865253,10036.435477647316,-5828.362837474398
17,0.75,0.7381983135080487,0.25,0.27001484643763846,0.3,0.30024619189981694,1.5,1.3233470204233302,9889.045069583584,-5822.098517569725
18,0.75,0.7286502355460438,0.25,0.2562365681394249,0.3,0.2971775766343239,1.5,1.5571780037443803,10043.314405694427,-5880.307612706101
19,0.75,0.733512269156267,0.25,0.2584360055459687,0.3,0.31684073975270316,1.5,1.4102589256960847,9941.099162763112,-5859.595657810367
20,0.75,0.7617210792595378,0.25,0.2591024233581216,0.3,0.30879665288082614,1.5,1.424873316768864,9968.15597520839,-5792.109429048196
1,0.75,0.7395183564085747,0.5,0.504763288884948,0.1,0.09951468241764447,0.5,0.39164903882046537,9943.847339318123,-5642.099126129759
2,0.75,0.7420408674564427,0.5,0.48730797028440725,0.1,0.0988646526510437,0.5,0.4268402525735915,10072.132132312856,-5690.614956785386
3,0.75,0.7642480639557739,0.5,0.507018233603542,0.1,0.10488354445062992,0.5,0.7068803556175712,9913.183039242796,-5645.352118380095
4,0.75,0.7651063356760721,0.5,0.5081728555478563,0.1,0.10003892942476737,0.5,0.42315007510501496,10020.74365469708,-5693.802053930843
5,0.75,0.7401057756330498,0.5,0.4979179648530505,0.1,0.10117082466235001,0.5,0.553975433970071,9981.532737137053,-5661.800364000055
6,0.75,0.7430143561190973,0.5,0.5502824108506349,0.1,0.10968879907469965,0.5,0.4731181204550746,9824.6403590083,-5668.373424919347
7,0.75,0.7714939026977098,0.5,0.5342773519319529,0.1,0.10979609432231222,0.5,0.7659593367971279,9845.543725274201,-5696.323808236059
8,0.75,0.7550162161237817,0.5,0.4675864251184703,0.1,0.09934599075790158,0.5,0.6496695697132258,10072.147232595384,-5674.7846207820885
9,0.75,0.7370288972967829,0.5,0.545323523402136,0.1,0.10308471201861309,0.5,0.2625125807556057,9788.052274797765,-5651.3898951853425
10,0.75,0.7517174163980338,0.5,0.47741681792156776,0.1,0.10684096586852158,0.5,0.8842376934233768,10034.846400951616,-5687.273290315856
11,0.75,0.7535971076219639,0.5,0.4856647695442847,0.1,0.10099863975966421,0.5,0.6610789926637298,9982.393597969027,-5666.460767682404
12,0.75,0.7392817361469232,0.5,0.4936352403999048,0.1,0.09904404745474833,0.5,0.50675113965654,10016.608240407599,-5650.814629095148
13,0.75,0.7398239587127735,0.5,0.556708461914562,0.1,0.10468177179399794,0.5,0.3136543387898019,9802.382672890528,-5650.287231701291
14,0.75,0.7654669764129801,0.5,0.4847054577762712,0.1,0.10810920426885623,0.5,0.7352861314971323,10028.083955785558,-5679.734352347383
15,0.75,0.7480983580758864,0.5,0.5179593867066737,0.1,0.09811553989451903,0.5,0.2648487888629932,9983.983044989656,-5657.24761227763
16,0.75,0.7426689778309715,0.5,0.5102855265277468,0.1,0.0980219617149532,0.5,0.27529939493289746,9953.828795253392,-5621.529359933397
17,0.75,0.7388101156085266,0.5,0.5052320572120624,0.1,0.09907805151228175,0.5,0.4593881273284252,9978.505320516362,-5675.081763601526
18,0.75,0.7457230691990435,0.5,0.5105652658088198,0.1,0.10306211556822537,0.5,0.6257309816784209,9980.847274485985,-5702.08720624814
19,0.75,0.7439456521605456,0.5,0.5000720662255003,0.1,0.10188285751503057,0.5,0.38716132658866903,9943.511448669498,-5656.983871956882
20,0.75,0.7336938123822264,0.5,0.5054518605101318,0.1,0.09943919085564282,0.5,0.33259220171641063,9915.393195126866,-5605.344743218162
1,0.75,0.6913009261457933,0.5,0.46224859922249933,0.1,0.0931386832245599,1.0,0.8850189380456767,10054.679627724574,-5633.292585916797
2,0.75,0.7377049915278442,0.5,0.493680349113331,0.1,0.10121061637324077,1.0,0.9719917821229773,9992.09496388565,-5661.463168909692
3,0.75,0.7045216783221075,0.5,0.5135046738670017,0.1,0.10014819899391036,1.0,0.6777088760431768,9887.653056380797,-5676.0752080489365
4,0.75,0.7367797085501883,0.5,0.5195398600233552,0.1,0.10606468330195973,1.0,1.1978273315555432,9874.4567242588,-5596.925758794914
5,0.75,0.7311686889717619,0.5,0.5007995946046314,0.1,0.09806299872276973,1.0,0.7778945115493122,9978.723884437291,-5605.807737476825
6,0.75,0.7461726005058777,0.5,0.4686517961871146,0.1,0.1012163121387663,1.0,1.2535646693120255,9983.442408230021,-5666.642323832606
7,0.75,0.7667355123096492,0.5,0.48170166143804877,0.1,0.09316352335801664,1.0,0.5627340743664602,10071.536290017202,-5604.0505184730655
8,0.75,0.7428002499744851,0.5,0.47231118089074897,0.1,0.09589907502679804,1.0,1.1639774249406074,9989.016144788824,-5619.195982308556
9,0.75,0.7384128316186755,0.5,0.4880184945447461,0.1,0.09900649124218476,1.0,0.7665516651987057,10059.109398809596,-5624.000057054698
10,0.75,0.7502978751652312,0.5,0.47986590271772317,0.1,0.10602342250141342,1.0,1.3703414396015812,9950.048034419375,-5625.969962110466
11,0.75,0.7543848971445271,0.5,0.502279658563823,0.1,0.09959975814382413,1.0,0.9370167346075229,9970.39010029796,-5604.237902408911
12,0.75,0.7246220864694103,0.5,0.48527239096093405,0.1,0.10431055036624644,1.0,1.6274621060989447,9951.61367507494,-5653.154185096378
13,0.75,0.7579133252156552,0.5,0.4678819170323733,0.1,0.10636634693688632,1.0,1.7607911111913732,10022.07227321395,-5664.550649574711
14,0.75,0.7411057434985735,0.5,0.5024005178924366,0.1,0.09479634743703398,1.0,0.6626536425067224,10017.747010116354,-5607.356631595665
15,0.75,0.7258344124920403,0.5,0.471037639404379,0.1,0.09125491155311984,1.0,0.6012509956159342,10119.76293667236,-5622.260193654243
16,0.75,0.7508170857340626,0.5,0.5109593833351382,0.1,0.09510632184151514,1.0,0.5250567378026968,9913.733695647492,-5651.291465066749
17,0.75,0.7217628912966921,0.5,0.4613579873346729,0.1,0.09357137928414384,1.0,0.7873970618211981,10096.381173190886,-5655.911577878751
18,0.75,0.7396881874781893,0.5,0.4970950055738539,0.1,0.10489885380491142,1.0,1.273082458199594,9977.383262691757,-5634.232941293161
19,0.75,0.7468622038532144,0.5,0.493672514516706,0.1,0.10785787891628411,1.0,1.5117926188526905,9918.59414614508,-5633.30116175595
20,0.75,0.743275833605276,0.5,0.5154915690362039,0.1,0.10197187831675092,1.0,0.7670651778971956,9927.726559882904,-5664.388719776014
1,0.75,0.751054280758906,0.5,0.4725780291273193,0.1,0.10199583334654455,1.5,1.8904552227223133,9997.817057025337,-5588.686281054862
2,0.75,0.7362917175746111,0.5,0.48969004807367605,0.1,0.10105527477020067,1.5,1.4798289237235887,10025.385308331715,-5607.888257927651
3,0.75,0.7195163130351354,0.5,0.4838446092384026,0.1,0.09722917799663597,1.5,1.364867088222366,9986.39241631642,-5547.641608540574
4,0.75,0.7433053582324386,0.5,0.5097157025732661,0.1,0.10536542800943047,1.5,1.411366325156175,9944.094194184638,-5581.211855243867
5,0.75,0.7063677528887887,0.5,0.534327116880135,0.1,0.10111576708783973,1.5,1.3306944483743608,9891.251578865502,-5609.290814445221
6,0.75,0.7429708553903882,0.5,0.5008081569633264,0.1,0.09496290451084345,1.5,0.863839061859306,10056.092049979881,-5579.693187407469
7,0.75,0.7652195640320157,0.5,0.46983111191986243,0.1,0.10172784034264953,1.5,1.7210689795899106,10050.546816053573,-5632.614234051654
8,0.75,0.746849841451062,0.5,0.5391166390692853,0.1,0.09564203758579079,1.5,0.9818812398132549,9948.206503494637,-5520.906155313331
9,0.75,0.7533710793193704,0.5,0.5010977299935245,0.1,0.09438005510683992,1.5,1.3536402277961745,9972.905614524336,-5602.2305683702725
10,0.75,0.7562935916347193,0.5,0.5225614928762743,0.1,0.10625857475204875,1.5,1.3258361010582433,9978.904319878433,-5608.845749922748
11,0.75,0.743416125145394,0.5,0.5134083720017185,0.1,0.09592176098319792,1.5,0.9975605389741883,10011.514940540792,-5621.312568128584
12,0.75,0.760465297952913,0.5,0.4733103383348085,0.1,0.10655527849671538,1.5,2.3572120452686436,10013.618652769808,-5587.260671665833
13,0.75,0.7207236288937896,0.5,0.4754439185592401,0.1,0.0943494568689326,1.5,1.098763175526442,10040.062179170862,-5606.42368632294
14,0.75,0.752941986879494,0.5,0.5050466897670123,0.1,0.10165753970117965,1.5,1.403972103081565,9948.387674272195,-5601.119532866622
15,0.75,0.7236447449909592,0.5,0.4994082245267436,0.1,0.10526267132809682,1.5,1.5057802618523026,9992.383219605783,-5647.418703546471
16,0.75,0.7449328071209819,0.5,0.5164794440365916,0.1,0.0937321166205543,1.5,0.807784270044944,9970.55330999979,-5584.961130594782
17,0.75,0.7336664924373941,0.5,0.5050941201781581,0.1,0.10045353545257561,1.5,1.249431781830039,10014.35243660306,-5609.437556647477
18,0.75,0.7545737671855988,0.5,0.4725487454323434,0.1,0.10690425121458712,1.5,2.0241836243497366,9985.11526219975,-5592.355635352114
19,0.75,0.7511406759857071,0.5,0.5071394134549767,0.1,0.1028343081059916,1.5,1.2179947424836146,9929.74347622862,-5626.253826551456
20,0.75,0.7482962118786362,0.5,0.508859202692838,0.1,0.10260389030834029,1.5,1.4624658987498746,9961.945197571835,-5621.479997623973
1,0.75,0.73709416002608,0.5,0.5311527816837952,0.2,0.2004879415146473,0.5,0.39564146749253554,9852.081297878261,-5992.888131286982
2,0.75,0.7558294732186396,0.5,0.46241332902775883,0.2,0.19252556795505965,0.5,0.5968122673646694,10164.161033511386,-5958.395652437016
3,0.75,0.7346218603782246,0.5,0.5222863340911765,0.2,0.20057431331913486,0.5,0.3531085242425848,9947.647916495887,-6030.730419381927
4,0.75,0.7284013981047125,0.5,0.5011229398621423,0.2,0.1964972190730306,0.5,0.3868522722831141,10003.757460082095,-5974.37999020413
5,0.75,0.7763971815967509,0.5,0.5149440147255384,0.2,0.20407084922604538,0.5,0.5483609378424436,9927.185824769582,-5945.938043943256
6,0.75,0.731784511407351,0.5,0.47056913106910103,0.2,0.19767306624082875,0.5,0.5585073228193509,10049.676324317481,-5962.578986307778
7,0.75,0.7553408783318868,0.5,0.5173606575325445,0.2,0.20274077224834913,0.5,0.28704138452793837,9874.822122955067,-5938.833638025077
8,0.75,0.7334601273271573,0.5,0.5004016332539715,0.2,0.18948787646125068,0.5,0.3945811144632042,10055.920602805425,-5956.583076550375
9,0.75,0.7487117975641321,0.5,0.48051521165390637,0.2,0.19230671477397815,0.5,0.5485102196397144,10085.199139222892,-5967.589249054144
10,0.75,0.7375467891978273,0.5,0.5019330746281957,0.2,0.20837542799947764,0.5,0.5498202851879559,10001.056159937865,-5991.691096414526
11,0.75,0.7324068242581362,0.5,0.48654968375937,0.2,0.20410122335680844,0.5,0.5786498207065393,9993.016321292871,-5954.91668986399
12,0.75,0.7305390562633691,0.5,0.4842480420371837,0.2,0.1891822988437788,0.5,0.42330657616255735,10078.644783175616,-5974.6607943409
13,0.75,0.7639778136860303,0.5,0.5272161269394859,0.2,0.2093438200847083,0.5,0.437318657420629,9879.461078070703,-5962.046026315999
14,0.75,0.7585119551165703,0.5,0.4660491761497804,0.2,0.2141284234260044,0.5,0.7370324839118155,10008.540101121982,-5998.583653509457
15,0.75,0.7476505057100737,0.5,0.512845084176671,0.2,0.1879304255390571,0.5,0.2799016229530504,10089.0949766274,-5967.885641485433
16,0.75,0.7711575719602594,0.5,0.50881324777317,0.2,0.20189823580720034,0.5,0.4316282155580099,9940.756434019011,-5947.968152628535
17,0.75,0.743431731117453,0.5,0.4955875559273509,0.2,0.20063580395612265,0.5,0.5658189796346509,9992.862080263632,-5942.379260228257
18,0.75,0.7538011365563972,0.5,0.48788085633804307,0.2,0.19803462744687447,0.5,0.43981012482949944,10051.761203722397,-5962.081420262755
19,0.75,0.7612852664819671,0.5,0.5281802917457716,0.2,0.20840408319928316,0.5,0.44517501392329956,9892.536178012064,-5939.674094603317
20,0.75,0.7438554661032584,0.5,0.45558448570316196,0.2,0.19609798114077598,0.5,0.666455096741145,10110.63198287825,-5993.005119192655
1,0.75,0.7390276388773058,0.5,0.5110261281259608,0.2,0.1984363236037375,1.0,1.0092649196644399,10013.568265096044,-5980.969288925842
2,0.75,0.7342244221315263,0.5,0.4729829364795397,0.2,0.18788371264016862,1.0,0.9906515196461166,10010.858261971669,-5994.172591366963
3,0.75,0.7426534176800654,0.5,0.48371401378230977,0.2,0.20028070482206017,1.0,0.9936933184862458,10028.369120862772,-5993.282668816737
4,0.75,0.7498786199174179,0.5,0.48892096338526875,0.2,0.2129136942007968,1.0,1.1536386491674726,9990.819061530456,-5986.650314055659
5,0.75,0.753121521887542,0.5,0.46580878522901625,0.2,0.19039557992315298,1.0,1.060774938973524,10086.921969471903,-5940.628740991202
6,0.75,0.7598141784730448,0.5,0.5169487304144248,0.2,0.21978064216989182,1.0,0.9874936491096994,9840.70399517971,-5970.869155670921
7,0.75,0.7424589644208486,0.5,0.4789311815406093,0.2,0.19942813018978753,1.0,1.140439814077156,9968.793496164908,-5967.07528562818
8,0.75,0.7590277177578745,0.5,0.4714083620374262,0.2,0.22182551724985952,1.0,1.3149861702274661,10045.99443189212,-5973.378539995979
9,0.75,0.7451785935976275,0.5,0.5155248529654612,0.2,0.18398467575033595,1.0,0.7168209480899856,10022.300448453518,-5982.632027781691
10,0.75,0.7255257667889601,0.5,0.4999919837505893,0.2,0.21173767654008874,1.0,1.0107123524350825,9918.174814092676,-6001.054486124422
11,0.75,0.7413276156028576,0.5,0.4823235197375938,0.2,0.18818138190565692,1.0,0.9480854946219014,10125.964254222503,-5977.8449322755905
12,0.75,0.743233646032935,0.5,0.5417648912074221,0.2,0.1966510642647452,1.0,0.7060244714790761,9902.784216169555,-5959.621193851871
13,0.75,0.7565979677868258,0.5,0.47896884644063425,0.2,0.2060776390008051,1.0,1.021885463611216,10009.984031796763,-5956.280991547061
14,0.75,0.7298246552217639,0.5,0.5373376918272104,0.2,0.2112078473913067,1.0,0.9190751464617823,9878.716345798844,-5993.0050987312825
15,0.75,0.7493682574890479,0.5,0.4980956557848938,0.2,0.19560216587347667,1.0,0.8663813844231837,10089.919851282546,-5969.005519296653
16,0.75,0.7399444266922736,0.5,0.4680435039199733,0.2,0.19866084319874586,1.0,1.0253133957877665,10126.30225149757,-6008.869050407916
17,0.75,0.7445242233538617,0.5,0.4812781431562732,0.2,0.20673659447217677,1.0,1.0978712491999727,10063.13884602417,-5995.023946777698
18,0.75,0.727091858207539,0.5,0.5526771579824319,0.2,0.19962745595064313,1.0,0.6755900204333799,9811.450507404605,-6013.175619913583
19,0.75,0.7549113897518873,0.5,0.5014414646925991,0.2,0.21786459531507338,1.0,1.1903392784621576,9921.452415340987,-6005.748893592402
20,0.75,0.752093801591802,0.5,0.495375805854205,0.2,0.2065489108476541,1.0,1.1549527079876278,9992.636628131013,-5976.603936181028
1,0.75,0.739755351075975,0.5,0.5142791534972552,0.2,0.18227554251197656,1.5,1.1433356563311707,10005.881117595192,-6002.021353233884
2,0.75,0.7499725769876006,0.5,0.5068266206278356,0.2,0.20040071234216875,1.5,1.4086428292184452,9925.304965143518,-5973.844179465685
3,0.75,0.7286354916546127,0.5,0.5099724475918923,0.2,0.2083404876334834,1.5,1.592200026425324,9942.178928417186,-5969.906334440854
4,0.75,0.7545258589726221,0.5,0.5025263176075007,0.2,0.2017532949179744,1.5,1.4412523631675505,9938.380816289307,-5957.766392813757
5,0.75,0.7759717293586691,0.5,0.48081976895135237,0.2,0.20393233114178486,1.5,1.5562606575573568,10089.463313649532,-6002.969218995918
6,0.75,0.752229646052221,0.5,0.48110135841466894,0.2,0.20071303054357317,1.5,1.5819750244243018,10004.310909386779,-5960.334787757978
7,0.75,0.7542307559364968,0.5,0.5068859144799179,0.2,0.20585163272504442,1.5,1.5696723896010896,9952.294606511468,-5957.700344236387
8,0.75,0.7620332217037618,0.5,0.49093323237675374,0.2,0.20502817988559743,1.5,1.5137174103574809,10002.23900302236,-5943.397686426265
9,0.75,0.7443357349633882,0.5,0.4848283040553376,0.2,0.1838463463406433,1.5,1.2663689325153646,10063.1667458811,-5987.249955193797
10,0.75,0.7358575018823629,0.5,0.5151818382126032,0.2,0.19924867550275474,1.5,1.3933066573420427,9955.303047243684,-5932.401527831754
11,0.75,0.7474532054474445,0.5,0.5087971373933545,0.2,0.1986840453035434,1.5,1.360523705189893,9938.91940072885,-5970.808539936601
12,0.75,0.7480434020067637,0.5,0.5076895557474659,0.2,0.20978686587495685,1.5,1.2790452608144487,9944.686802524184,-6000.1485436067705
13,0.75,0.7370075030968409,0.5,0.47700398049658754,0.2,0.21581567670192942,1.5,1.7727913089306122,9982.895209700577,-5970.134678098459
14,0.75,0.7389269867830641,0.5,0.5105644091024785,0.2,0.19158103917041966,1.5,1.2606094924145637,9948.250019912643,-5965.026523698503
15,0.75,0.7289262975542666,0.5,0.4611048613883265,0.2,0.20819752737743302,1.5,1.8472896583540668,10075.869676997518,-5969.650888629746
16,0.75,0.7445786773452565,0.5,0.486876388298495,0.2,0.18524685542712613,1.5,1.4411107551616922,10068.858713045485,-5943.94719394901
17,0.75,0.7694281699666712,0.5,0.5022078792420188,0.2,0.19831455497724174,1.5,1.385889406230462,9994.926409680604,-5965.151478742061
18,0.75,0.751198964924006,0.5,0.4686897890903585,0.2,0.1993097178941319,1.5,1.824583044267164,10097.538881628432,-5910.975201144511
19,0.75,0.7476496889889079,0.5,0.4767642021417243,0.2,0.2009901373898395,1.5,1.5076610667546737,9961.625436256518,-5982.511830867194
20,0.75,0.7350388657153158,0.5,0.5374248633704112,0.2,0.20019349274518913,1.5,1.1878591875577422,9920.82354804036,-5975.580822701766
1,0.75,0.7355760844620772,0.5,0.4805071357425989,0.3,0.28248717273242174,0.5,0.47375128165619207,10076.188181273785,-5927.158013732536
2,0.75,0.7473008972781693,0.5,0.5005287306972611,0.3,0.3013814464950899,0.5,0.4479126259124978,10072.655475826781,-5875.860085282769
3,0.75,0.7582587461047261,0.5,0.522406814287577,0.3,0.2831048697778479,0.5,0.32748525594563166,9965.985509312732,-5952.3754235164415
4,0.75,0.765750230439985,0.5,0.5030161801647687,0.3,0.31846813055159967,0.5,0.5973238959149071,9920.489886466457,-5929.996776414504
5,0.75,0.754123442498827,0.5,0.4465777913876463,0.3,0.3041156741654278,0.5,0.6397769198725922,10171.122146667962,-5944.183981491505
6,0.75,0.7495927188924048,0.5,0.5194041140392487,0.3,0.31931346350516726,0.5,0.5306366259688083,9845.780350075373,-5933.964891374277
7,0.75,0.7428684250667138,0.5,0.5080490811279877,0.3,0.31364556513118397,0.5,0.527941267341652,9958.027629953827,-5898.469788664473
8,0.75,0.7422765859811854,0.5,0.4941054999090336,0.3,0.3125279033530103,0.5,0.5822951467382891,9971.55483833353,-5919.217933744046
9,0.75,0.7352062300426747,0.5,0.5276270475702431,0.3,0.3123727501585106,0.5,0.44651705804245195,9846.555169432988,-5891.388230566343
10,0.75,0.7612607859619521,0.5,0.49030195964287066,0.3,0.31816501609964193,0.5,0.569235398690818,10005.490132203546,-5949.667899801951
11,0.75,0.744086677072704,0.5,0.49315826729040557,0.3,0.2967662481304302,0.5,0.4280488972948166,10043.11240290212,-5925.543133311969
12,0.75,0.7454734189476918,0.5,0.49483424375721025,0.3,0.310237976649992,0.5,0.6023000170226182,9985.93047565861,-5907.09280683726
13,0.75,0.7554278493638689,0.5,0.5077163433408012,0.3,0.3097152114167837,0.5,0.5245227150219898,9926.509174218047,-5895.208791887493
14,0.75,0.7459373448004919,0.5,0.5021648312250753,0.3,0.310148763142674,0.5,0.46961951813141384,9973.60643380134,-5900.307463028466
15,0.75,0.768247565130128,0.5,0.5146047474035238,0.3,0.2928368330933224,0.5,0.4594389430217902,9955.764008064967,-5904.122392012461
16,0.75,0.7457263832447278,0.5,0.4705313576746787,0.3,0.30706929121825216,0.5,0.6385392769993374,10074.911397881458,-5941.5664483267465
17,0.75,0.7378106672958482,0.5,0.5230245516127652,0.3,0.2856012397366739,0.5,0.3494659636489189,9992.084744237962,-5922.196753920953
18,0.75,0.7267542400434376,0.5,0.4385331546339263,0.3,0.2938621628993697,0.5,0.6407468607365563,10213.324311538763,-5897.646966092745
19,0.75,0.7328067372652445,0.5,0.5124595020578707,0.3,0.3084921089758013,0.5,0.4709327065094216,9843.857667723056,-5930.0208752581075
20,0.75,0.7789961634927611,0.5,0.5078028552151612,0.3,0.2969140951888503,0.5,0.5330595253128212,10013.0448900779,-5930.243133638795
1,0.75,0.7288009255351604,0.5,0.5055839913339212,0.3,0.3296235228195288,1.0,1.0662108835081663,9847.410213690007,-6033.390871901644
2,0.75,0.7430993789992887,0.5,0.4916421021168392,0.3,0.30455889742761627,1.0,1.0334705898726826,9952.442563498422,-5986.241531523252
3,0.75,0.7610553565278083,0.5,0.4824025057868008,0.3,0.3090883688490078,1.0,1.246952696799083,10049.843956950517,-6019.820814361549
4,0.75,0.7536071333800094,0.5,0.5299778959423925,0.3,0.3125486883961698,1.0,0.9120886221372241,9894.536644149035,-5972.554392169637
5,0.75,0.7328019652167507,0.5,0.5213011615251981,0.3,0.3080317142898556,1.0,0.82325189346143,9838.817105034905,-6030.384828074317
6,0.75,0.7391433336631812,0.5,0.46317135654079433,0.3,0.2865180245276912,1.0,1.0480834000016317,10185.068961244897,-6032.933728714182
7,0.75,0.7547334006927119,0.5,0.4711178839270184,0.3,0.3204774901326433,1.0,1.1175923747911567,10070.965302915232,-6029.304851610689
8,0.75,0.7441279997933321,0.5,0.4718492405391359,0.3,0.3055679169812514,1.0,1.051638548665532,10016.910046542383,-5993.334932651317
9,0.75,0.7672163861836845,0.5,0.5203990303386784,0.3,0.29725499094476737,1.0,0.8643902734051093,9947.230815213807,-6015.668694048902
10,0.75,0.733299023791766,0.5,0.5286143831593108,0.3,0.2977452625679261,1.0,0.7669618896788294,9890.971919740781,-6022.805425519393
11,0.75,0.7443483390187999,0.5,0.5107385738789723,0.3,0.27905993291192804,1.0,0.8752017160614292,9970.454910530994,-5994.599882077248
12,0.75,0.7589497540604061,0.5,0.4910348090790883,0.3,0.3033579040946108,1.0,1.0694004072940047,9923.57041143135,-5974.502850032914
13,0.75,0.7447635080332937,0.5,0.4799679127103328,0.3,0.29538549991281876,1.0,1.042679639060052,10038.75451320272,-6007.358633516939
14,0.75,0.7689538832748133,0.5,0.48144376207793416,0.3,0.32116539978703507,1.0,1.1675099153209254,9919.758107189751,-5994.247696818916
15,0.75,0.7426866739838551,0.5,0.4943943489157578,0.3,0.29579027275278996,1.0,0.9361844117579543,10020.25552822705,-5983.440634368733
16,0.75,0.7494348274198352,0.5,0.5131925977399349,0.3,0.288838436706707,1.0,0.8962228861461071,10060.350654190855,-6032.815300655074
17,0.75,0.7510673145082409,0.5,0.5172386103274506,0.3,0.3076197856970533,1.0,1.0017517213081875,9945.01711134608,-6028.9303022675
18,0.75,0.7507781518237583,0.5,0.5081267164647931,0.3,0.28144516745227954,1.0,0.7523755646835322,9994.03928574233,-6025.924217338817
19,0.75,0.7444399866747023,0.5,0.45174026471582346,0.3,0.3351136995598787,1.0,1.2188344730343994,9991.01697637228,-6026.121519474524
20,0.75,0.745320080514758,0.5,0.501292961909735,0.3,0.29883818685707636,1.0,0.9826519691756146,10022.393967058162,-5989.145707877238
1,0.75,0.7390867702019243,0.5,0.5057213157503795,0.3,0.3034755007140947,1.5,1.469288535139472,9928.852421986361,-5984.921786890467
2,0.75,0.7590839037058119,0.5,0.5153381679196595,0.3,0.31282186021679714,1.5,1.5395424578638597,9883.40046374796,-6032.3819958620425
3,0.75,0.7476082981037832,0.5,0.5086506354887069,0.3,0.31935959993962454,1.5,1.622607811596882,9917.314917983056,-6018.2255620480555
4,0.75,0.7297537362337387,0.5,0.48318266539319227,0.3,0.26780712996553596,1.5,1.3599768334460094,10042.193825867687,-6041.904176793352
5,0.75,0.7493198079702587,0.5,0.5119617478732232,0.3,0.3153480525185613,1.5,1.4453092773046121,9920.32988752386,-6043.570600023877
6,0.75,0.7635446952226735,0.5,0.5339326920972439,0.3,0.2620180578185923,1.5,1.1615469168243886,10056.395793040518,-6039.710132176488
7,0.75,0.7453471819746981,0.5,0.4934980029034461,0.3,0.29796393913368047,1.5,1.5315711663819256,10000.099686082023,-6025.292427050156
8,0.75,0.7579658126084727,0.5,0.537759191821039,0.3,0.28608460809062647,1.5,1.3125991330388007,9938.881342253277,-6052.866458455117
9,0.75,0.7533738659017892,0.5,0.5370113750970601,0.3,0.3050803609421475,1.5,1.293718604089577,9813.6371396456,-6035.286304909372
10,0.75,0.7576650662656602,0.5,0.5041690179703195,0.3,0.3128052706982014,1.5,1.7007458932474155,9989.705062449671,-6029.213659959285
11,0.75,0.738710068317358,0.5,0.5177809849549964,0.3,0.2761145612024473,1.5,1.3545151257823778,10061.799805186012,-5998.159186661605
12,0.75,0.7566251559320031,0.5,0.4936052331984213,0.3,0.30026432410924647,1.5,1.4411169454037085,9978.19829564234,-6044.708738326704
13,0.75,0.749661088669529,0.5,0.5116310360340689,0.3,0.2871721452093263,1.5,1.377273904286686,10023.02821746535,-6034.398953466729
14,0.75,0.7582263388441034,0.5,0.49505404715638707,0.3,0.30003546113725194,1.5,1.4292501575579577,9998.593939230228,-6043.539836037694
15,0.75,0.746229742261838,0.5,0.5015207922340857,0.3,0.28493247905168106,1.5,1.4317192958723017,10063.16205380287,-6042.7793716799
16,0.75,0.733910804035783,0.5,0.5169143188049434,0.3,0.30647508644327315,1.5,1.4431237377331902,9919.745571352707,-6008.243077125622
17,0.75,0.7327983432904526,0.5,0.5053219268442665,0.3,0.28249373692598506,1.5,1.4141479661363396,10061.262633929231,-6050.112992889159
18,0.75,0.7255332129857842,0.5,0.5202380823209379,0.3,0.2768125208601371,1.5,1.1987298293393396,9974.15662898531,-6042.522171657549
19,0.75,0.7560718405603694,0.5,0.5291459518488807,0.3,0.3060176294354327,1.5,1.316430235864124,9849.654182467035,-6010.834021874693
20,0.75,0.7518593870303498,0.5,0.5195357175898252,0.3,0.3153118643079969,1.5,1.4445025497977781,9886.488014087849,-6029.201529815877
